[0.117s] Invoking command in '/home/sentry/Wolf-Moon/build/nav2_behavior_tree': CMAKE_PREFIX_PATH=/home/sentry/Wolf-Moon/install/nav2_util:/home/sentry/Wolf-Moon/install/nav2_msgs:/home/sentry/Wolf-Moon/install/nav2_common:/home/sentry/Wolf-Moon/install/sentry_decision_v2:/home/sentry/Wolf-Moon/install/octomap_dynamic_map:/home/sentry/Wolf-Moon/install/navigation_planning:/home/sentry/Wolf-Moon/install/grid_map:/home/sentry/Wolf-Moon/install/grid_map_costmap_2d:/home/sentry/Wolf-Moon/install/nav2_costmap_2d:/home/sentry/Wolf-Moon/install/nav2_voxel_grid:/home/sentry/Wolf-Moon/install/nav2_map_server:/home/sentry/Wolf-Moon/install/nav2_lifecycle_manager:/home/sentry/Wolf-Moon/install/nav2_behavior_tree:/home/sentry/Wolf-Moon/install/grid_map_demos:/home/sentry/Wolf-Moon/install/grid_map_visualization:/home/sentry/Wolf-Moon/install/grid_map_rviz_plugin:/home/sentry/Wolf-Moon/install/grid_map_pcl:/home/sentry/Wolf-Moon/install/grid_map_loader:/home/sentry/Wolf-Moon/install/grid_map_filters:/home/sentry/Wolf-Moon/install/grid_map_ros:/home/sentry/Wolf-Moon/install/livox_ros_driver2:/home/sentry/Wolf-Moon/install/ig_lio_c_msgs:/home/sentry/Wolf-Moon/install/ig_lio_c:/home/sentry/Wolf-Moon/install/grid_map_sdf:/home/sentry/Wolf-Moon/install/grid_map_octomap:/home/sentry/Wolf-Moon/install/grid_map_msgs:/home/sentry/Wolf-Moon/install/grid_map_cv:/home/sentry/Wolf-Moon/install/grid_map_core:/home/sentry/Wolf-Moon/install/grid_map_cmake_helpers:/home/sentry/Wolf-Moon/install/cv_bridge:/home/sentry/Wolf-Moon/install/auto_aim_interfaces:/home/sentry/Wolf-Moon/install/fake_msg_publisher:/opt/ros/galactic LD_LIBRARY_PATH=/home/sentry/Wolf-Moon/install/nav2_util/lib:/home/sentry/Wolf-Moon/install/nav2_msgs/lib:/home/sentry/Wolf-Moon/install/octomap_dynamic_map/lib:/home/sentry/Wolf-Moon/install/nav2_costmap_2d/lib:/home/sentry/Wolf-Moon/install/nav2_voxel_grid/lib:/home/sentry/Wolf-Moon/install/nav2_map_server/lib:/home/sentry/Wolf-Moon/install/nav2_lifecycle_manager/lib:/home/sentry/Wolf-Moon/install/nav2_behavior_tree/lib:/home/sentry/Wolf-Moon/install/grid_map_demos/lib:/home/sentry/Wolf-Moon/install/grid_map_visualization/lib:/home/sentry/Wolf-Moon/install/grid_map_rviz_plugin/lib:/home/sentry/Wolf-Moon/install/grid_map_pcl/lib:/home/sentry/Wolf-Moon/install/grid_map_loader/lib:/home/sentry/Wolf-Moon/install/grid_map_filters/lib:/home/sentry/Wolf-Moon/install/grid_map_ros/lib:/home/sentry/Wolf-Moon/install/livox_ros_driver2/lib:/home/sentry/Wolf-Moon/install/ig_lio_c_msgs/lib:/home/sentry/Wolf-Moon/install/grid_map_sdf/lib:/home/sentry/Wolf-Moon/install/grid_map_octomap/lib:/home/sentry/Wolf-Moon/install/grid_map_msgs/lib:/home/sentry/Wolf-Moon/install/grid_map_cv/lib:/home/sentry/Wolf-Moon/install/grid_map_core/lib:/home/sentry/Wolf-Moon/install/cv_bridge/lib:/home/sentry/Wolf-Moon/install/auto_aim_interfaces/lib:/opt/MVS/lib/64:/opt/MVS/lib/32:/home/sentry/TUP2024-Sentry-Framework/src/IG_LIO_SLAM/ThirdParty/octomap-Dynamic_point_cloud_removal/lib:/opt/intel/openvino_2022/tools/compile_tool:/opt/intel/openvino_2022/runtime/3rdparty/hddl/lib:/opt/intel/openvino_2022/runtime/lib/intel64:/opt/MVS/lib/64:/opt/MVS/lib/32:/usr/lib/x86_64-linux-gnu/gazebo-11/plugins:/opt/ros/galactic/opt/yaml_cpp_vendor/lib:/opt/ros/galactic/opt/rviz_ogre_vendor/lib:/opt/ros/galactic/lib/x86_64-linux-gnu:/opt/ros/galactic/lib:/home/sentry/TUP2024-Sentry-Framework/src/IG_LIO_SLAM/ThirdParty/octomap-Dynamic_point_cloud_removal/lib:/opt/intel/openvino_2022/tools/compile_tool:/opt/intel/openvino_2022/runtime/3rdparty/hddl/lib:/opt/intel/openvino_2022/runtime/lib/intel64:/opt/MVS/lib/64:/opt/MVS/lib/32:/opt/MVS/lib/64:/opt/MVS/lib/32:/usr/local/opencv4/lib:/usr/local/opencv4/lib PYTHONPATH=/home/sentry/Wolf-Moon/install/nav2_msgs/lib/python3.8/site-packages:/home/sentry/Wolf-Moon/install/nav2_common/lib/python3.8/site-packages:/home/sentry/Wolf-Moon/install/livox_ros_driver2/lib/python3.8/site-packages:/home/sentry/Wolf-Moon/install/ig_lio_c_msgs/lib/python3.8/site-packages:/home/sentry/Wolf-Moon/install/grid_map_msgs/lib/python3.8/site-packages:/home/sentry/Wolf-Moon/install/fake_msg_publisher/lib/python3.8/site-packages:/home/sentry/Wolf-Moon/install/cv_bridge/lib/python3.8/site-packages:/home/sentry/Wolf-Moon/install/auto_aim_interfaces/lib/python3.8/site-packages:/opt/intel/openvino_2022/python/python3.8:/opt/intel/openvino_2022/python/python3:/opt/ros/galactic/lib/python3.8/site-packages:/opt/intel/openvino_2022/python/python3.8:/opt/intel/openvino_2022/python/python3 /usr/bin/cmake --build /home/sentry/Wolf-Moon/build/nav2_behavior_tree -- -j12 -l12
[0.315s] [  1%] Built target nav2_goal_updated_controller_bt_node
[0.319s] [  3%] Built target nav2_goal_checker_selector_bt_node
[0.326s] [  4%] Built target nav2_controller_selector_bt_node
[0.353s] [  6%] Built target nav2_single_trigger_bt_node
[0.364s] [  7%] Built target nav2_pipeline_sequence_bt_node
[0.370s] [  8%] Built target nav2_wait_action_bt_node
[0.371s] [ 11%] Built target nav2_planner_selector_bt_node
[0.371s] [ 11%] Built target nav2_transform_available_condition_bt_node
[0.413s] [ 12%] Built target nav2_spin_action_bt_node
[0.606s] [ 13%] Built target nav2_is_stuck_condition_bt_node
[0.606s] [ 15%] Built target nav2_compute_path_to_pose_action_bt_node
[0.606s] [ 16%] Built target nav2_compute_path_through_poses_action_bt_node
[0.606s] [ 18%] Built target nav2_goal_updater_node_bt_node
[0.610s] [ 19%] Built target nav2_follow_path_action_bt_node
[0.613s] [ 20%] Built target nav2_round_robin_node_bt_node
[0.614s] [ 22%] Built target nav2_goal_updated_condition_bt_node
[0.614s] [ 23%] Built target nav2_navigate_through_poses_action_bt_node
[0.615s] [ 24%] Built target nav2_goal_reached_condition_bt_node
[0.625s] [ 25%] Built target nav2_behavior_tree
[0.635s] [ 27%] Built target nav2_remove_passed_goals_action_bt_node
[0.692s] [ 29%] Built target nav2_time_expired_condition_bt_node
[0.694s] [ 30%] Built target nav2_initial_pose_received_condition_bt_node
[0.698s] [ 32%] Built target nav2_clear_costmap_service_bt_node
[0.709s] [ 33%] Built target nav2_rate_controller_bt_node
[0.722s] [ 35%] Built target nav2_is_battery_low_condition_bt_node
[0.723s] [ 37%] Built target nav2_distance_controller_bt_node
[0.723s] [ 39%] Built target nav2_truncate_path_action_bt_node
[0.723s] [ 40%] Built target nav2_distance_traveled_condition_bt_node
[0.726s] [ 42%] Built target nav2_speed_controller_bt_node
[0.726s] [ 42%] Built target nav2_reinitialize_global_localization_service_bt_node
[0.729s] [ 44%] Built target nav2_back_up_action_bt_node
[0.730s] [ 46%] Built target nav2_navigate_to_pose_action_bt_node
[0.736s] [ 47%] Built target gtest_main
[0.738s] [ 48%] Built target gtest
[0.739s] [ 50%] Built target nav2_recovery_node_bt_node
[0.804s] [ 51%] Built target test_condition_transform_available
[0.806s] [ 53%] Built target test_bt_conversions
[0.807s] [ 55%] Built target test_condition_is_battery_low
[0.810s] [ 56%] Built target test_condition_is_stuck
[0.810s] [ 57%] Built target test_condition_goal_updated
[0.812s] [ 58%] Built target test_condition_distance_traveled
[0.817s] [ 60%] Built target test_condition_time_expired
[0.818s] [ 62%] Built target test_condition_goal_reached
[0.821s] [ 63%] Built target test_condition_initial_pose_received
[0.821s] [ 65%] Built target test_goal_updater_node
[0.823s] [ 66%] Built target test_single_trigger_node
[0.845s] [ 67%] Built target test_goal_updated_controller
[0.859s] [ 69%] Built target test_decorator_rate_controller
[0.875s] [ 70%] Built target test_decorator_speed_controller
[0.878s] [ 71%] Built target test_control_recovery_node
[0.881s] [ 72%] Built target test_decorator_distance_controller
[0.881s] [ 74%] Built target test_control_pipeline_sequence
[0.897s] [ 75%] Built target test_action_spin_action
[0.897s] [ 77%] Built target test_control_round_robin_node
[0.897s] [ 78%] Built target test_controller_selector_node
[0.902s] [ 80%] Built target test_goal_checker_selector_node
[0.908s] [ 81%] Built target test_bt_action_node
[0.924s] [ 82%] Built target test_planner_selector_node
[0.930s] [ 84%] Built target test_action_back_up_action
[0.943s] [ 86%] Built target test_action_wait_action
[1.008s] [ 87%] Built target test_action_clear_costmap_service
[1.012s] [ 88%] Built target test_action_follow_path_action
[1.015s] [ 90%] Built target test_action_compute_path_through_poses_action
[1.019s] [ 92%] Built target test_action_reinitialize_global_localization_service
[1.030s] [ 94%] Built target test_action_navigate_through_poses_action
[1.032s] [ 96%] Built target test_truncate_path_action
[1.034s] [ 97%] Built target test_action_compute_path_to_pose_action
[1.035s] [ 98%] Built target test_action_navigate_to_pose_action
[1.038s] [100%] Built target test_remove_passed_goals_action
[1.078s] Invoked command in '/home/sentry/Wolf-Moon/build/nav2_behavior_tree' returned '0': CMAKE_PREFIX_PATH=/home/sentry/Wolf-Moon/install/nav2_util:/home/sentry/Wolf-Moon/install/nav2_msgs:/home/sentry/Wolf-Moon/install/nav2_common:/home/sentry/Wolf-Moon/install/sentry_decision_v2:/home/sentry/Wolf-Moon/install/octomap_dynamic_map:/home/sentry/Wolf-Moon/install/navigation_planning:/home/sentry/Wolf-Moon/install/grid_map:/home/sentry/Wolf-Moon/install/grid_map_costmap_2d:/home/sentry/Wolf-Moon/install/nav2_costmap_2d:/home/sentry/Wolf-Moon/install/nav2_voxel_grid:/home/sentry/Wolf-Moon/install/nav2_map_server:/home/sentry/Wolf-Moon/install/nav2_lifecycle_manager:/home/sentry/Wolf-Moon/install/nav2_behavior_tree:/home/sentry/Wolf-Moon/install/grid_map_demos:/home/sentry/Wolf-Moon/install/grid_map_visualization:/home/sentry/Wolf-Moon/install/grid_map_rviz_plugin:/home/sentry/Wolf-Moon/install/grid_map_pcl:/home/sentry/Wolf-Moon/install/grid_map_loader:/home/sentry/Wolf-Moon/install/grid_map_filters:/home/sentry/Wolf-Moon/install/grid_map_ros:/home/sentry/Wolf-Moon/install/livox_ros_driver2:/home/sentry/Wolf-Moon/install/ig_lio_c_msgs:/home/sentry/Wolf-Moon/install/ig_lio_c:/home/sentry/Wolf-Moon/install/grid_map_sdf:/home/sentry/Wolf-Moon/install/grid_map_octomap:/home/sentry/Wolf-Moon/install/grid_map_msgs:/home/sentry/Wolf-Moon/install/grid_map_cv:/home/sentry/Wolf-Moon/install/grid_map_core:/home/sentry/Wolf-Moon/install/grid_map_cmake_helpers:/home/sentry/Wolf-Moon/install/cv_bridge:/home/sentry/Wolf-Moon/install/auto_aim_interfaces:/home/sentry/Wolf-Moon/install/fake_msg_publisher:/opt/ros/galactic LD_LIBRARY_PATH=/home/sentry/Wolf-Moon/install/nav2_util/lib:/home/sentry/Wolf-Moon/install/nav2_msgs/lib:/home/sentry/Wolf-Moon/install/octomap_dynamic_map/lib:/home/sentry/Wolf-Moon/install/nav2_costmap_2d/lib:/home/sentry/Wolf-Moon/install/nav2_voxel_grid/lib:/home/sentry/Wolf-Moon/install/nav2_map_server/lib:/home/sentry/Wolf-Moon/install/nav2_lifecycle_manager/lib:/home/sentry/Wolf-Moon/install/nav2_behavior_tree/lib:/home/sentry/Wolf-Moon/install/grid_map_demos/lib:/home/sentry/Wolf-Moon/install/grid_map_visualization/lib:/home/sentry/Wolf-Moon/install/grid_map_rviz_plugin/lib:/home/sentry/Wolf-Moon/install/grid_map_pcl/lib:/home/sentry/Wolf-Moon/install/grid_map_loader/lib:/home/sentry/Wolf-Moon/install/grid_map_filters/lib:/home/sentry/Wolf-Moon/install/grid_map_ros/lib:/home/sentry/Wolf-Moon/install/livox_ros_driver2/lib:/home/sentry/Wolf-Moon/install/ig_lio_c_msgs/lib:/home/sentry/Wolf-Moon/install/grid_map_sdf/lib:/home/sentry/Wolf-Moon/install/grid_map_octomap/lib:/home/sentry/Wolf-Moon/install/grid_map_msgs/lib:/home/sentry/Wolf-Moon/install/grid_map_cv/lib:/home/sentry/Wolf-Moon/install/grid_map_core/lib:/home/sentry/Wolf-Moon/install/cv_bridge/lib:/home/sentry/Wolf-Moon/install/auto_aim_interfaces/lib:/opt/MVS/lib/64:/opt/MVS/lib/32:/home/sentry/TUP2024-Sentry-Framework/src/IG_LIO_SLAM/ThirdParty/octomap-Dynamic_point_cloud_removal/lib:/opt/intel/openvino_2022/tools/compile_tool:/opt/intel/openvino_2022/runtime/3rdparty/hddl/lib:/opt/intel/openvino_2022/runtime/lib/intel64:/opt/MVS/lib/64:/opt/MVS/lib/32:/usr/lib/x86_64-linux-gnu/gazebo-11/plugins:/opt/ros/galactic/opt/yaml_cpp_vendor/lib:/opt/ros/galactic/opt/rviz_ogre_vendor/lib:/opt/ros/galactic/lib/x86_64-linux-gnu:/opt/ros/galactic/lib:/home/sentry/TUP2024-Sentry-Framework/src/IG_LIO_SLAM/ThirdParty/octomap-Dynamic_point_cloud_removal/lib:/opt/intel/openvino_2022/tools/compile_tool:/opt/intel/openvino_2022/runtime/3rdparty/hddl/lib:/opt/intel/openvino_2022/runtime/lib/intel64:/opt/MVS/lib/64:/opt/MVS/lib/32:/opt/MVS/lib/64:/opt/MVS/lib/32:/usr/local/opencv4/lib:/usr/local/opencv4/lib PYTHONPATH=/home/sentry/Wolf-Moon/install/nav2_msgs/lib/python3.8/site-packages:/home/sentry/Wolf-Moon/install/nav2_common/lib/python3.8/site-packages:/home/sentry/Wolf-Moon/install/livox_ros_driver2/lib/python3.8/site-packages:/home/sentry/Wolf-Moon/install/ig_lio_c_msgs/lib/python3.8/site-packages:/home/sentry/Wolf-Moon/install/grid_map_msgs/lib/python3.8/site-packages:/home/sentry/Wolf-Moon/install/fake_msg_publisher/lib/python3.8/site-packages:/home/sentry/Wolf-Moon/install/cv_bridge/lib/python3.8/site-packages:/home/sentry/Wolf-Moon/install/auto_aim_interfaces/lib/python3.8/site-packages:/opt/intel/openvino_2022/python/python3.8:/opt/intel/openvino_2022/python/python3:/opt/ros/galactic/lib/python3.8/site-packages:/opt/intel/openvino_2022/python/python3.8:/opt/intel/openvino_2022/python/python3 /usr/bin/cmake --build /home/sentry/Wolf-Moon/build/nav2_behavior_tree -- -j12 -l12
[1.079s] Invoking command in '/home/sentry/Wolf-Moon/build/nav2_behavior_tree': CMAKE_PREFIX_PATH=/home/sentry/Wolf-Moon/install/nav2_util:/home/sentry/Wolf-Moon/install/nav2_msgs:/home/sentry/Wolf-Moon/install/nav2_common:/home/sentry/Wolf-Moon/install/sentry_decision_v2:/home/sentry/Wolf-Moon/install/octomap_dynamic_map:/home/sentry/Wolf-Moon/install/navigation_planning:/home/sentry/Wolf-Moon/install/grid_map:/home/sentry/Wolf-Moon/install/grid_map_costmap_2d:/home/sentry/Wolf-Moon/install/nav2_costmap_2d:/home/sentry/Wolf-Moon/install/nav2_voxel_grid:/home/sentry/Wolf-Moon/install/nav2_map_server:/home/sentry/Wolf-Moon/install/nav2_lifecycle_manager:/home/sentry/Wolf-Moon/install/nav2_behavior_tree:/home/sentry/Wolf-Moon/install/grid_map_demos:/home/sentry/Wolf-Moon/install/grid_map_visualization:/home/sentry/Wolf-Moon/install/grid_map_rviz_plugin:/home/sentry/Wolf-Moon/install/grid_map_pcl:/home/sentry/Wolf-Moon/install/grid_map_loader:/home/sentry/Wolf-Moon/install/grid_map_filters:/home/sentry/Wolf-Moon/install/grid_map_ros:/home/sentry/Wolf-Moon/install/livox_ros_driver2:/home/sentry/Wolf-Moon/install/ig_lio_c_msgs:/home/sentry/Wolf-Moon/install/ig_lio_c:/home/sentry/Wolf-Moon/install/grid_map_sdf:/home/sentry/Wolf-Moon/install/grid_map_octomap:/home/sentry/Wolf-Moon/install/grid_map_msgs:/home/sentry/Wolf-Moon/install/grid_map_cv:/home/sentry/Wolf-Moon/install/grid_map_core:/home/sentry/Wolf-Moon/install/grid_map_cmake_helpers:/home/sentry/Wolf-Moon/install/cv_bridge:/home/sentry/Wolf-Moon/install/auto_aim_interfaces:/home/sentry/Wolf-Moon/install/fake_msg_publisher:/opt/ros/galactic LD_LIBRARY_PATH=/home/sentry/Wolf-Moon/install/nav2_util/lib:/home/sentry/Wolf-Moon/install/nav2_msgs/lib:/home/sentry/Wolf-Moon/install/octomap_dynamic_map/lib:/home/sentry/Wolf-Moon/install/nav2_costmap_2d/lib:/home/sentry/Wolf-Moon/install/nav2_voxel_grid/lib:/home/sentry/Wolf-Moon/install/nav2_map_server/lib:/home/sentry/Wolf-Moon/install/nav2_lifecycle_manager/lib:/home/sentry/Wolf-Moon/install/nav2_behavior_tree/lib:/home/sentry/Wolf-Moon/install/grid_map_demos/lib:/home/sentry/Wolf-Moon/install/grid_map_visualization/lib:/home/sentry/Wolf-Moon/install/grid_map_rviz_plugin/lib:/home/sentry/Wolf-Moon/install/grid_map_pcl/lib:/home/sentry/Wolf-Moon/install/grid_map_loader/lib:/home/sentry/Wolf-Moon/install/grid_map_filters/lib:/home/sentry/Wolf-Moon/install/grid_map_ros/lib:/home/sentry/Wolf-Moon/install/livox_ros_driver2/lib:/home/sentry/Wolf-Moon/install/ig_lio_c_msgs/lib:/home/sentry/Wolf-Moon/install/grid_map_sdf/lib:/home/sentry/Wolf-Moon/install/grid_map_octomap/lib:/home/sentry/Wolf-Moon/install/grid_map_msgs/lib:/home/sentry/Wolf-Moon/install/grid_map_cv/lib:/home/sentry/Wolf-Moon/install/grid_map_core/lib:/home/sentry/Wolf-Moon/install/cv_bridge/lib:/home/sentry/Wolf-Moon/install/auto_aim_interfaces/lib:/opt/MVS/lib/64:/opt/MVS/lib/32:/home/sentry/TUP2024-Sentry-Framework/src/IG_LIO_SLAM/ThirdParty/octomap-Dynamic_point_cloud_removal/lib:/opt/intel/openvino_2022/tools/compile_tool:/opt/intel/openvino_2022/runtime/3rdparty/hddl/lib:/opt/intel/openvino_2022/runtime/lib/intel64:/opt/MVS/lib/64:/opt/MVS/lib/32:/usr/lib/x86_64-linux-gnu/gazebo-11/plugins:/opt/ros/galactic/opt/yaml_cpp_vendor/lib:/opt/ros/galactic/opt/rviz_ogre_vendor/lib:/opt/ros/galactic/lib/x86_64-linux-gnu:/opt/ros/galactic/lib:/home/sentry/TUP2024-Sentry-Framework/src/IG_LIO_SLAM/ThirdParty/octomap-Dynamic_point_cloud_removal/lib:/opt/intel/openvino_2022/tools/compile_tool:/opt/intel/openvino_2022/runtime/3rdparty/hddl/lib:/opt/intel/openvino_2022/runtime/lib/intel64:/opt/MVS/lib/64:/opt/MVS/lib/32:/opt/MVS/lib/64:/opt/MVS/lib/32:/usr/local/opencv4/lib:/usr/local/opencv4/lib PYTHONPATH=/home/sentry/Wolf-Moon/install/nav2_msgs/lib/python3.8/site-packages:/home/sentry/Wolf-Moon/install/nav2_common/lib/python3.8/site-packages:/home/sentry/Wolf-Moon/install/livox_ros_driver2/lib/python3.8/site-packages:/home/sentry/Wolf-Moon/install/ig_lio_c_msgs/lib/python3.8/site-packages:/home/sentry/Wolf-Moon/install/grid_map_msgs/lib/python3.8/site-packages:/home/sentry/Wolf-Moon/install/fake_msg_publisher/lib/python3.8/site-packages:/home/sentry/Wolf-Moon/install/cv_bridge/lib/python3.8/site-packages:/home/sentry/Wolf-Moon/install/auto_aim_interfaces/lib/python3.8/site-packages:/opt/intel/openvino_2022/python/python3.8:/opt/intel/openvino_2022/python/python3:/opt/ros/galactic/lib/python3.8/site-packages:/opt/intel/openvino_2022/python/python3.8:/opt/intel/openvino_2022/python/python3 /usr/bin/cmake --install /home/sentry/Wolf-Moon/build/nav2_behavior_tree
[1.093s] -- Install configuration: "Release"
[1.094s] -- Up-to-date: /home/sentry/Wolf-Moon/install/nav2_behavior_tree/lib/libnav2_behavior_tree.so
[1.094s] -- Up-to-date: /home/sentry/Wolf-Moon/install/nav2_behavior_tree/lib/libnav2_compute_path_to_pose_action_bt_node.so
[1.095s] -- Up-to-date: /home/sentry/Wolf-Moon/install/nav2_behavior_tree/lib/libnav2_compute_path_through_poses_action_bt_node.so
[1.095s] -- Up-to-date: /home/sentry/Wolf-Moon/install/nav2_behavior_tree/lib/libnav2_follow_path_action_bt_node.so
[1.096s] -- Up-to-date: /home/sentry/Wolf-Moon/install/nav2_behavior_tree/lib/libnav2_back_up_action_bt_node.so
[1.096s] -- Up-to-date: /home/sentry/Wolf-Moon/install/nav2_behavior_tree/lib/libnav2_spin_action_bt_node.so
[1.097s] -- Up-to-date: /home/sentry/Wolf-Moon/install/nav2_behavior_tree/lib/libnav2_wait_action_bt_node.so
[1.097s] -- Up-to-date: /home/sentry/Wolf-Moon/install/nav2_behavior_tree/lib/libnav2_clear_costmap_service_bt_node.so
[1.097s] -- Up-to-date: /home/sentry/Wolf-Moon/install/nav2_behavior_tree/lib/libnav2_is_stuck_condition_bt_node.so
[1.100s] -- Up-to-date: /home/sentry/Wolf-Moon/install/nav2_behavior_tree/lib/libnav2_transform_available_condition_bt_node.so
[1.100s] -- Up-to-date: /home/sentry/Wolf-Moon/install/nav2_behavior_tree/lib/libnav2_goal_reached_condition_bt_node.so
[1.101s] -- Up-to-date: /home/sentry/Wolf-Moon/install/nav2_behavior_tree/lib/libnav2_goal_updated_condition_bt_node.so
[1.101s] -- Up-to-date: /home/sentry/Wolf-Moon/install/nav2_behavior_tree/lib/libnav2_time_expired_condition_bt_node.so
[1.105s] -- Up-to-date: /home/sentry/Wolf-Moon/install/nav2_behavior_tree/lib/libnav2_distance_traveled_condition_bt_node.so
[1.105s] -- Up-to-date: /home/sentry/Wolf-Moon/install/nav2_behavior_tree/lib/libnav2_initial_pose_received_condition_bt_node.so
[1.106s] -- Up-to-date: /home/sentry/Wolf-Moon/install/nav2_behavior_tree/lib/libnav2_is_battery_low_condition_bt_node.so
[1.108s] -- Up-to-date: /home/sentry/Wolf-Moon/install/nav2_behavior_tree/lib/libnav2_reinitialize_global_localization_service_bt_node.so
[1.108s] -- Up-to-date: /home/sentry/Wolf-Moon/install/nav2_behavior_tree/lib/libnav2_rate_controller_bt_node.so
[1.108s] -- Up-to-date: /home/sentry/Wolf-Moon/install/nav2_behavior_tree/lib/libnav2_distance_controller_bt_node.so
[1.109s] -- Up-to-date: /home/sentry/Wolf-Moon/install/nav2_behavior_tree/lib/libnav2_speed_controller_bt_node.so
[1.109s] -- Up-to-date: /home/sentry/Wolf-Moon/install/nav2_behavior_tree/lib/libnav2_truncate_path_action_bt_node.so
[1.109s] -- Up-to-date: /home/sentry/Wolf-Moon/install/nav2_behavior_tree/lib/libnav2_goal_updater_node_bt_node.so
[1.110s] -- Up-to-date: /home/sentry/Wolf-Moon/install/nav2_behavior_tree/lib/libnav2_recovery_node_bt_node.so
[1.111s] -- Up-to-date: /home/sentry/Wolf-Moon/install/nav2_behavior_tree/lib/libnav2_navigate_to_pose_action_bt_node.so
[1.112s] -- Up-to-date: /home/sentry/Wolf-Moon/install/nav2_behavior_tree/lib/libnav2_navigate_through_poses_action_bt_node.so
[1.112s] -- Up-to-date: /home/sentry/Wolf-Moon/install/nav2_behavior_tree/lib/libnav2_remove_passed_goals_action_bt_node.so
[1.113s] -- Up-to-date: /home/sentry/Wolf-Moon/install/nav2_behavior_tree/lib/libnav2_pipeline_sequence_bt_node.so
[1.113s] -- Up-to-date: /home/sentry/Wolf-Moon/install/nav2_behavior_tree/lib/libnav2_round_robin_node_bt_node.so
[1.114s] -- Up-to-date: /home/sentry/Wolf-Moon/install/nav2_behavior_tree/lib/libnav2_single_trigger_bt_node.so
[1.114s] -- Up-to-date: /home/sentry/Wolf-Moon/install/nav2_behavior_tree/lib/libnav2_planner_selector_bt_node.so
[1.115s] -- Up-to-date: /home/sentry/Wolf-Moon/install/nav2_behavior_tree/lib/libnav2_controller_selector_bt_node.so
[1.115s] -- Up-to-date: /home/sentry/Wolf-Moon/install/nav2_behavior_tree/lib/libnav2_goal_checker_selector_bt_node.so
[1.115s] -- Up-to-date: /home/sentry/Wolf-Moon/install/nav2_behavior_tree/lib/libnav2_goal_updated_controller_bt_node.so
[1.116s] -- Up-to-date: /home/sentry/Wolf-Moon/install/nav2_behavior_tree/include/
[1.116s] -- Up-to-date: /home/sentry/Wolf-Moon/install/nav2_behavior_tree/include//nav2_behavior_tree
[1.116s] -- Up-to-date: /home/sentry/Wolf-Moon/install/nav2_behavior_tree/include//nav2_behavior_tree/behavior_tree_engine.hpp
[1.116s] -- Up-to-date: /home/sentry/Wolf-Moon/install/nav2_behavior_tree/include//nav2_behavior_tree/bt_service_node.hpp
[1.116s] -- Up-to-date: /home/sentry/Wolf-Moon/install/nav2_behavior_tree/include//nav2_behavior_tree/bt_action_node.hpp
[1.116s] -- Up-to-date: /home/sentry/Wolf-Moon/install/nav2_behavior_tree/include//nav2_behavior_tree/plugins
[1.116s] -- Up-to-date: /home/sentry/Wolf-Moon/install/nav2_behavior_tree/include//nav2_behavior_tree/plugins/control
[1.116s] -- Up-to-date: /home/sentry/Wolf-Moon/install/nav2_behavior_tree/include//nav2_behavior_tree/plugins/control/recovery_node.hpp
[1.117s] -- Up-to-date: /home/sentry/Wolf-Moon/install/nav2_behavior_tree/include//nav2_behavior_tree/plugins/control/pipeline_sequence.hpp
[1.117s] -- Up-to-date: /home/sentry/Wolf-Moon/install/nav2_behavior_tree/include//nav2_behavior_tree/plugins/control/round_robin_node.hpp
[1.117s] -- Up-to-date: /home/sentry/Wolf-Moon/install/nav2_behavior_tree/include//nav2_behavior_tree/plugins/condition
[1.117s] -- Up-to-date: /home/sentry/Wolf-Moon/install/nav2_behavior_tree/include//nav2_behavior_tree/plugins/condition/distance_traveled_condition.hpp
[1.117s] -- Up-to-date: /home/sentry/Wolf-Moon/install/nav2_behavior_tree/include//nav2_behavior_tree/plugins/condition/initial_pose_received_condition.hpp
[1.117s] -- Up-to-date: /home/sentry/Wolf-Moon/install/nav2_behavior_tree/include//nav2_behavior_tree/plugins/condition/goal_updated_condition.hpp
[1.117s] -- Up-to-date: /home/sentry/Wolf-Moon/install/nav2_behavior_tree/include//nav2_behavior_tree/plugins/condition/is_stuck_condition.hpp
[1.117s] -- Up-to-date: /home/sentry/Wolf-Moon/install/nav2_behavior_tree/include//nav2_behavior_tree/plugins/condition/is_battery_low_condition.hpp
[1.117s] -- Up-to-date: /home/sentry/Wolf-Moon/install/nav2_behavior_tree/include//nav2_behavior_tree/plugins/condition/goal_reached_condition.hpp
[1.117s] -- Up-to-date: /home/sentry/Wolf-Moon/install/nav2_behavior_tree/include//nav2_behavior_tree/plugins/condition/time_expired_condition.hpp
[1.117s] -- Up-to-date: /home/sentry/Wolf-Moon/install/nav2_behavior_tree/include//nav2_behavior_tree/plugins/condition/transform_available_condition.hpp
[1.117s] -- Up-to-date: /home/sentry/Wolf-Moon/install/nav2_behavior_tree/include//nav2_behavior_tree/plugins/decorator
[1.117s] -- Up-to-date: /home/sentry/Wolf-Moon/install/nav2_behavior_tree/include//nav2_behavior_tree/plugins/decorator/speed_controller.hpp
[1.117s] -- Up-to-date: /home/sentry/Wolf-Moon/install/nav2_behavior_tree/include//nav2_behavior_tree/plugins/decorator/goal_updated_controller.hpp
[1.117s] -- Up-to-date: /home/sentry/Wolf-Moon/install/nav2_behavior_tree/include//nav2_behavior_tree/plugins/decorator/single_trigger_node.hpp
[1.118s] -- Up-to-date: /home/sentry/Wolf-Moon/install/nav2_behavior_tree/include//nav2_behavior_tree/plugins/decorator/distance_controller.hpp
[1.118s] -- Up-to-date: /home/sentry/Wolf-Moon/install/nav2_behavior_tree/include//nav2_behavior_tree/plugins/decorator/goal_updater_node.hpp
[1.118s] -- Up-to-date: /home/sentry/Wolf-Moon/install/nav2_behavior_tree/include//nav2_behavior_tree/plugins/decorator/rate_controller.hpp
[1.118s] -- Up-to-date: /home/sentry/Wolf-Moon/install/nav2_behavior_tree/include//nav2_behavior_tree/plugins/action
[1.118s] -- Up-to-date: /home/sentry/Wolf-Moon/install/nav2_behavior_tree/include//nav2_behavior_tree/plugins/action/wait_action.hpp
[1.118s] -- Up-to-date: /home/sentry/Wolf-Moon/install/nav2_behavior_tree/include//nav2_behavior_tree/plugins/action/spin_action.hpp
[1.118s] -- Up-to-date: /home/sentry/Wolf-Moon/install/nav2_behavior_tree/include//nav2_behavior_tree/plugins/action/clear_costmap_service.hpp
[1.118s] -- Up-to-date: /home/sentry/Wolf-Moon/install/nav2_behavior_tree/include//nav2_behavior_tree/plugins/action/reinitialize_global_localization_service.hpp
[1.118s] -- Up-to-date: /home/sentry/Wolf-Moon/install/nav2_behavior_tree/include//nav2_behavior_tree/plugins/action/truncate_path_action.hpp
[1.118s] -- Up-to-date: /home/sentry/Wolf-Moon/install/nav2_behavior_tree/include//nav2_behavior_tree/plugins/action/controller_selector_node.hpp
[1.118s] -- Up-to-date: /home/sentry/Wolf-Moon/install/nav2_behavior_tree/include//nav2_behavior_tree/plugins/action/goal_checker_selector_node.hpp
[1.118s] -- Up-to-date: /home/sentry/Wolf-Moon/install/nav2_behavior_tree/include//nav2_behavior_tree/plugins/action/navigate_through_poses_action.hpp
[1.118s] -- Up-to-date: /home/sentry/Wolf-Moon/install/nav2_behavior_tree/include//nav2_behavior_tree/plugins/action/remove_passed_goals_action.hpp
[1.118s] -- Up-to-date: /home/sentry/Wolf-Moon/install/nav2_behavior_tree/include//nav2_behavior_tree/plugins/action/compute_path_through_poses_action.hpp
[1.118s] -- Up-to-date: /home/sentry/Wolf-Moon/install/nav2_behavior_tree/include//nav2_behavior_tree/plugins/action/planner_selector_node.hpp
[1.118s] -- Up-to-date: /home/sentry/Wolf-Moon/install/nav2_behavior_tree/include//nav2_behavior_tree/plugins/action/back_up_action.hpp
[1.119s] -- Up-to-date: /home/sentry/Wolf-Moon/install/nav2_behavior_tree/include//nav2_behavior_tree/plugins/action/compute_path_to_pose_action.hpp
[1.119s] -- Up-to-date: /home/sentry/Wolf-Moon/install/nav2_behavior_tree/include//nav2_behavior_tree/plugins/action/navigate_to_pose_action.hpp
[1.119s] -- Up-to-date: /home/sentry/Wolf-Moon/install/nav2_behavior_tree/include//nav2_behavior_tree/plugins/action/follow_path_action.hpp
[1.119s] -- Up-to-date: /home/sentry/Wolf-Moon/install/nav2_behavior_tree/include//nav2_behavior_tree/bt_action_server_impl.hpp
[1.119s] -- Up-to-date: /home/sentry/Wolf-Moon/install/nav2_behavior_tree/include//nav2_behavior_tree/bt_action_server.hpp
[1.119s] -- Up-to-date: /home/sentry/Wolf-Moon/install/nav2_behavior_tree/include//nav2_behavior_tree/ros_topic_logger.hpp
[1.119s] -- Up-to-date: /home/sentry/Wolf-Moon/install/nav2_behavior_tree/include//nav2_behavior_tree/bt_conversions.hpp
[1.119s] -- Up-to-date: /home/sentry/Wolf-Moon/install/nav2_behavior_tree/share/nav2_behavior_tree/nav2_tree_nodes.xml
[1.119s] -- Up-to-date: /home/sentry/Wolf-Moon/install/nav2_behavior_tree/share/nav2_behavior_tree/environment/library_path.sh
[1.119s] -- Up-to-date: /home/sentry/Wolf-Moon/install/nav2_behavior_tree/share/nav2_behavior_tree/environment/library_path.dsv
[1.119s] -- Up-to-date: /home/sentry/Wolf-Moon/install/nav2_behavior_tree/share/ament_index/resource_index/package_run_dependencies/nav2_behavior_tree
[1.119s] -- Up-to-date: /home/sentry/Wolf-Moon/install/nav2_behavior_tree/share/ament_index/resource_index/parent_prefix_path/nav2_behavior_tree
[1.119s] -- Up-to-date: /home/sentry/Wolf-Moon/install/nav2_behavior_tree/share/nav2_behavior_tree/environment/ament_prefix_path.sh
[1.119s] -- Up-to-date: /home/sentry/Wolf-Moon/install/nav2_behavior_tree/share/nav2_behavior_tree/environment/ament_prefix_path.dsv
[1.119s] -- Up-to-date: /home/sentry/Wolf-Moon/install/nav2_behavior_tree/share/nav2_behavior_tree/environment/path.sh
[1.119s] -- Up-to-date: /home/sentry/Wolf-Moon/install/nav2_behavior_tree/share/nav2_behavior_tree/environment/path.dsv
[1.119s] -- Up-to-date: /home/sentry/Wolf-Moon/install/nav2_behavior_tree/share/nav2_behavior_tree/local_setup.bash
[1.119s] -- Up-to-date: /home/sentry/Wolf-Moon/install/nav2_behavior_tree/share/nav2_behavior_tree/local_setup.sh
[1.119s] -- Up-to-date: /home/sentry/Wolf-Moon/install/nav2_behavior_tree/share/nav2_behavior_tree/local_setup.zsh
[1.120s] -- Up-to-date: /home/sentry/Wolf-Moon/install/nav2_behavior_tree/share/nav2_behavior_tree/local_setup.dsv
[1.120s] -- Installing: /home/sentry/Wolf-Moon/install/nav2_behavior_tree/share/nav2_behavior_tree/package.dsv
[1.120s] -- Up-to-date: /home/sentry/Wolf-Moon/install/nav2_behavior_tree/share/ament_index/resource_index/packages/nav2_behavior_tree
[1.120s] -- Up-to-date: /home/sentry/Wolf-Moon/install/nav2_behavior_tree/share/nav2_behavior_tree/cmake/ament_cmake_export_include_directories-extras.cmake
[1.120s] -- Up-to-date: /home/sentry/Wolf-Moon/install/nav2_behavior_tree/share/nav2_behavior_tree/cmake/ament_cmake_export_libraries-extras.cmake
[1.120s] -- Up-to-date: /home/sentry/Wolf-Moon/install/nav2_behavior_tree/share/nav2_behavior_tree/cmake/ament_cmake_export_dependencies-extras.cmake
[1.120s] -- Up-to-date: /home/sentry/Wolf-Moon/install/nav2_behavior_tree/share/nav2_behavior_tree/cmake/nav2_behavior_treeConfig.cmake
[1.120s] -- Up-to-date: /home/sentry/Wolf-Moon/install/nav2_behavior_tree/share/nav2_behavior_tree/cmake/nav2_behavior_treeConfig-version.cmake
[1.120s] -- Up-to-date: /home/sentry/Wolf-Moon/install/nav2_behavior_tree/share/nav2_behavior_tree/package.xml
[1.127s] Invoked command in '/home/sentry/Wolf-Moon/build/nav2_behavior_tree' returned '0': CMAKE_PREFIX_PATH=/home/sentry/Wolf-Moon/install/nav2_util:/home/sentry/Wolf-Moon/install/nav2_msgs:/home/sentry/Wolf-Moon/install/nav2_common:/home/sentry/Wolf-Moon/install/sentry_decision_v2:/home/sentry/Wolf-Moon/install/octomap_dynamic_map:/home/sentry/Wolf-Moon/install/navigation_planning:/home/sentry/Wolf-Moon/install/grid_map:/home/sentry/Wolf-Moon/install/grid_map_costmap_2d:/home/sentry/Wolf-Moon/install/nav2_costmap_2d:/home/sentry/Wolf-Moon/install/nav2_voxel_grid:/home/sentry/Wolf-Moon/install/nav2_map_server:/home/sentry/Wolf-Moon/install/nav2_lifecycle_manager:/home/sentry/Wolf-Moon/install/nav2_behavior_tree:/home/sentry/Wolf-Moon/install/grid_map_demos:/home/sentry/Wolf-Moon/install/grid_map_visualization:/home/sentry/Wolf-Moon/install/grid_map_rviz_plugin:/home/sentry/Wolf-Moon/install/grid_map_pcl:/home/sentry/Wolf-Moon/install/grid_map_loader:/home/sentry/Wolf-Moon/install/grid_map_filters:/home/sentry/Wolf-Moon/install/grid_map_ros:/home/sentry/Wolf-Moon/install/livox_ros_driver2:/home/sentry/Wolf-Moon/install/ig_lio_c_msgs:/home/sentry/Wolf-Moon/install/ig_lio_c:/home/sentry/Wolf-Moon/install/grid_map_sdf:/home/sentry/Wolf-Moon/install/grid_map_octomap:/home/sentry/Wolf-Moon/install/grid_map_msgs:/home/sentry/Wolf-Moon/install/grid_map_cv:/home/sentry/Wolf-Moon/install/grid_map_core:/home/sentry/Wolf-Moon/install/grid_map_cmake_helpers:/home/sentry/Wolf-Moon/install/cv_bridge:/home/sentry/Wolf-Moon/install/auto_aim_interfaces:/home/sentry/Wolf-Moon/install/fake_msg_publisher:/opt/ros/galactic LD_LIBRARY_PATH=/home/sentry/Wolf-Moon/install/nav2_util/lib:/home/sentry/Wolf-Moon/install/nav2_msgs/lib:/home/sentry/Wolf-Moon/install/octomap_dynamic_map/lib:/home/sentry/Wolf-Moon/install/nav2_costmap_2d/lib:/home/sentry/Wolf-Moon/install/nav2_voxel_grid/lib:/home/sentry/Wolf-Moon/install/nav2_map_server/lib:/home/sentry/Wolf-Moon/install/nav2_lifecycle_manager/lib:/home/sentry/Wolf-Moon/install/nav2_behavior_tree/lib:/home/sentry/Wolf-Moon/install/grid_map_demos/lib:/home/sentry/Wolf-Moon/install/grid_map_visualization/lib:/home/sentry/Wolf-Moon/install/grid_map_rviz_plugin/lib:/home/sentry/Wolf-Moon/install/grid_map_pcl/lib:/home/sentry/Wolf-Moon/install/grid_map_loader/lib:/home/sentry/Wolf-Moon/install/grid_map_filters/lib:/home/sentry/Wolf-Moon/install/grid_map_ros/lib:/home/sentry/Wolf-Moon/install/livox_ros_driver2/lib:/home/sentry/Wolf-Moon/install/ig_lio_c_msgs/lib:/home/sentry/Wolf-Moon/install/grid_map_sdf/lib:/home/sentry/Wolf-Moon/install/grid_map_octomap/lib:/home/sentry/Wolf-Moon/install/grid_map_msgs/lib:/home/sentry/Wolf-Moon/install/grid_map_cv/lib:/home/sentry/Wolf-Moon/install/grid_map_core/lib:/home/sentry/Wolf-Moon/install/cv_bridge/lib:/home/sentry/Wolf-Moon/install/auto_aim_interfaces/lib:/opt/MVS/lib/64:/opt/MVS/lib/32:/home/sentry/TUP2024-Sentry-Framework/src/IG_LIO_SLAM/ThirdParty/octomap-Dynamic_point_cloud_removal/lib:/opt/intel/openvino_2022/tools/compile_tool:/opt/intel/openvino_2022/runtime/3rdparty/hddl/lib:/opt/intel/openvino_2022/runtime/lib/intel64:/opt/MVS/lib/64:/opt/MVS/lib/32:/usr/lib/x86_64-linux-gnu/gazebo-11/plugins:/opt/ros/galactic/opt/yaml_cpp_vendor/lib:/opt/ros/galactic/opt/rviz_ogre_vendor/lib:/opt/ros/galactic/lib/x86_64-linux-gnu:/opt/ros/galactic/lib:/home/sentry/TUP2024-Sentry-Framework/src/IG_LIO_SLAM/ThirdParty/octomap-Dynamic_point_cloud_removal/lib:/opt/intel/openvino_2022/tools/compile_tool:/opt/intel/openvino_2022/runtime/3rdparty/hddl/lib:/opt/intel/openvino_2022/runtime/lib/intel64:/opt/MVS/lib/64:/opt/MVS/lib/32:/opt/MVS/lib/64:/opt/MVS/lib/32:/usr/local/opencv4/lib:/usr/local/opencv4/lib PYTHONPATH=/home/sentry/Wolf-Moon/install/nav2_msgs/lib/python3.8/site-packages:/home/sentry/Wolf-Moon/install/nav2_common/lib/python3.8/site-packages:/home/sentry/Wolf-Moon/install/livox_ros_driver2/lib/python3.8/site-packages:/home/sentry/Wolf-Moon/install/ig_lio_c_msgs/lib/python3.8/site-packages:/home/sentry/Wolf-Moon/install/grid_map_msgs/lib/python3.8/site-packages:/home/sentry/Wolf-Moon/install/fake_msg_publisher/lib/python3.8/site-packages:/home/sentry/Wolf-Moon/install/cv_bridge/lib/python3.8/site-packages:/home/sentry/Wolf-Moon/install/auto_aim_interfaces/lib/python3.8/site-packages:/opt/intel/openvino_2022/python/python3.8:/opt/intel/openvino_2022/python/python3:/opt/ros/galactic/lib/python3.8/site-packages:/opt/intel/openvino_2022/python/python3.8:/opt/intel/openvino_2022/python/python3 /usr/bin/cmake --install /home/sentry/Wolf-Moon/build/nav2_behavior_tree
