[0.054s] Invoking command in '/home/sentry/Wolf-Moon/build/ig_lio_c': AMENT_PREFIX_PATH=/home/sentry/Wolf-Moon/install/grid_map_pcl:/home/sentry/Wolf-Moon/install/grid_map_filters:/home/sentry/Wolf-Moon/install/nav2_map_server:/home/sentry/Wolf-Moon/install/grid_map_ros:/home/sentry/Wolf-Moon/install/nav2_util:/home/sentry/Wolf-Moon/install/grid_map_cv:/home/sentry/Wolf-Moon/install/nav2_msgs:/home/sentry/Wolf-Moon/install/grid_map_msgs:/home/sentry/Wolf-Moon/install/grid_map_core:/home/sentry/Wolf-Moon/install/nav2_common:/home/sentry/Wolf-Moon/install/livox_ros_driver2:/home/sentry/Wolf-Moon/install/ig_lio_c_msgs:/home/sentry/Wolf-Moon/install/grid_map_cmake_helpers:/home/sentry/Wolf-Moon/install/cv_bridge:${AMENT_PREFIX_PATH} CMAKE_PREFIX_PATH=/home/sentry/Wolf-Moon/install/grid_map_pcl:/home/sentry/Wolf-Moon/install/grid_map_filters:/home/sentry/Wolf-Moon/install/nav2_map_server:/home/sentry/Wolf-Moon/install/grid_map_ros:/home/sentry/Wolf-Moon/install/nav2_util:/home/sentry/Wolf-Moon/install/grid_map_cv:/home/sentry/Wolf-Moon/install/nav2_msgs:/home/sentry/Wolf-Moon/install/grid_map_msgs:/home/sentry/Wolf-Moon/install/grid_map_core:/home/sentry/Wolf-Moon/install/nav2_common:/home/sentry/Wolf-Moon/install/livox_ros_driver2:/home/sentry/Wolf-Moon/install/ig_lio_c_msgs:/home/sentry/Wolf-Moon/install/grid_map_cmake_helpers:/home/sentry/Wolf-Moon/install/cv_bridge:/opt/ros/galactic LD_LIBRARY_PATH=/home/sentry/Wolf-Moon/install/grid_map_pcl/lib:/home/sentry/Wolf-Moon/install/grid_map_filters/lib:/home/sentry/Wolf-Moon/install/nav2_map_server/lib:/home/sentry/Wolf-Moon/install/grid_map_ros/lib:/home/sentry/Wolf-Moon/install/nav2_util/lib:/home/sentry/Wolf-Moon/install/grid_map_cv/lib:/home/sentry/Wolf-Moon/install/nav2_msgs/lib:/home/sentry/Wolf-Moon/install/grid_map_msgs/lib:/home/sentry/Wolf-Moon/install/grid_map_core/lib:/home/sentry/Wolf-Moon/install/livox_ros_driver2/lib:/home/sentry/Wolf-Moon/install/ig_lio_c_msgs/lib:/home/sentry/Wolf-Moon/install/cv_bridge/lib:/opt/MVS/lib/64:/opt/MVS/lib/32:/home/sentry/TUP2024-Sentry-Framework/src/IG_LIO_SLAM/ThirdParty/octomap-Dynamic_point_cloud_removal/lib:/opt/intel/openvino_2022/tools/compile_tool:/opt/intel/openvino_2022/runtime/3rdparty/hddl/lib:/opt/intel/openvino_2022/runtime/lib/intel64:/opt/MVS/lib/64:/opt/MVS/lib/32:/usr/lib/x86_64-linux-gnu/gazebo-11/plugins:/opt/ros/galactic/opt/yaml_cpp_vendor/lib:/opt/ros/galactic/opt/rviz_ogre_vendor/lib:/opt/ros/galactic/lib/x86_64-linux-gnu:/opt/ros/galactic/lib:/home/sentry/TUP2024-Sentry-Framework/src/IG_LIO_SLAM/ThirdParty/octomap-Dynamic_point_cloud_removal/lib:/opt/intel/openvino_2022/tools/compile_tool:/opt/intel/openvino_2022/runtime/3rdparty/hddl/lib:/opt/intel/openvino_2022/runtime/lib/intel64:/opt/MVS/lib/64:/opt/MVS/lib/32:/opt/MVS/lib/64:/opt/MVS/lib/32:/usr/local/opencv4/lib:/usr/local/opencv4/lib PYTHONPATH=/home/sentry/Wolf-Moon/install/nav2_msgs/lib/python3.8/site-packages:/home/sentry/Wolf-Moon/install/grid_map_msgs/lib/python3.8/site-packages:/home/sentry/Wolf-Moon/install/nav2_common/lib/python3.8/site-packages:/home/sentry/Wolf-Moon/install/livox_ros_driver2/lib/python3.8/site-packages:/home/sentry/Wolf-Moon/install/ig_lio_c_msgs/lib/python3.8/site-packages:/home/sentry/Wolf-Moon/install/cv_bridge/lib/python3.8/site-packages:/opt/intel/openvino_2022/python/python3.8:/opt/intel/openvino_2022/python/python3:/opt/ros/galactic/lib/python3.8/site-packages:/opt/intel/openvino_2022/python/python3.8:/opt/intel/openvino_2022/python/python3 /usr/bin/cmake --build /home/sentry/Wolf-Moon/build/ig_lio_c -- -j12 -l12
[0.100s] -- Found ament_cmake: 1.1.6 (/opt/ros/galactic/share/ament_cmake/cmake)
[0.140s] -- Using PYTHON_EXECUTABLE: /usr/bin/python3
[0.229s] -- Found rclcpp: 9.2.2 (/opt/ros/galactic/share/rclcpp/cmake)
[0.277s] -- Using all available rosidl_typesupport_c: rosidl_typesupport_fastrtps_c;rosidl_typesupport_introspection_c
[0.281s] -- Found rosidl_adapter: 2.2.3 (/opt/ros/galactic/share/rosidl_adapter/cmake)
[0.444s] -- Using all available rosidl_typesupport_cpp: rosidl_typesupport_fastrtps_cpp;rosidl_typesupport_introspection_cpp
[0.509s] -- Found rmw_implementation_cmake: 3.3.1 (/opt/ros/galactic/share/rmw_implementation_cmake/cmake)
[0.511s] -- Found rmw_cyclonedds_cpp: 0.22.6 (/opt/ros/galactic/share/rmw_cyclonedds_cpp/cmake)
[0.534s] -- Using RMW implementation 'rmw_cyclonedds_cpp' as default
[0.714s] -- Found rclcpp_components: 9.2.2 (/opt/ros/galactic/share/rclcpp_components/cmake)
[0.780s] -- Found tf2: 0.17.5 (/opt/ros/galactic/share/tf2/cmake)
[0.837s] -- Found tf2_ros: 0.17.5 (/opt/ros/galactic/share/tf2_ros/cmake)
[1.187s] -- Found pcl_ros: 2.3.2 (/opt/ros/galactic/share/pcl_ros/cmake)
[1.649s] -- Found eigen3_cmake_module: 0.1.1 (/opt/ros/galactic/share/eigen3_cmake_module/cmake)
[1.650s] -- Found Eigen3: TRUE (found version "3.3.7") 
[1.707s] -- Eigen found (include: /usr/include/eigen3, version: 3.3.7)
[1.818s] -- The imported target "vtkParseOGLExt" references the file
[1.818s]    "/usr/bin/vtkParseOGLExt-7.1"
[1.818s] but this file does not exist.  Possible reasons include:
[1.818s] * The file was deleted, renamed, or moved to another location.
[1.818s] * An install or uninstall procedure did not complete successfully.
[1.818s] * The installation package was faulty and contained
[1.818s]    "/usr/lib/cmake/vtk-7.1/VTKTargets.cmake"
[1.818s] but not all the files it references.
[1.818s] 
[1.819s] -- The imported target "vtkRenderingPythonTkWidgets" references the file
[1.819s]    "/usr/lib/x86_64-linux-gnu/libvtkRenderingPythonTkWidgets.so"
[1.819s] but this file does not exist.  Possible reasons include:
[1.819s] * The file was deleted, renamed, or moved to another location.
[1.819s] * An install or uninstall procedure did not complete successfully.
[1.819s] * The installation package was faulty and contained
[1.819s]    "/usr/lib/cmake/vtk-7.1/VTKTargets.cmake"
[1.819s] but not all the files it references.
[1.820s] 
[1.820s] -- The imported target "vtk" references the file
[1.820s]    "/usr/bin/vtk"
[1.820s] but this file does not exist.  Possible reasons include:
[1.820s] * The file was deleted, renamed, or moved to another location.
[1.820s] * An install or uninstall procedure did not complete successfully.
[1.820s] * The installation package was faulty and contained
[1.820s]    "/usr/lib/cmake/vtk-7.1/VTKTargets.cmake"
[1.820s] but not all the files it references.
[1.820s] 
[1.820s] -- The imported target "pvtk" references the file
[1.821s]    "/usr/bin/pvtk"
[1.821s] but this file does not exist.  Possible reasons include:
[1.821s] * The file was deleted, renamed, or moved to another location.
[1.821s] * An install or uninstall procedure did not complete successfully.
[1.821s] * The installation package was faulty and contained
[1.821s]    "/usr/lib/cmake/vtk-7.1/VTKTargets.cmake"
[1.821s] but not all the files it references.
[1.821s] 
[1.846s] -- OpenNI found (include: /usr/include/ni, lib: /usr/lib/libOpenNI.so)
[1.852s] -- OpenNI2 found (include: /usr/include/openni2, lib: /usr/lib/libOpenNI2.so)
[1.871s] -- OpenNI found (include: /usr/include/ni, lib: /usr/lib/libOpenNI.so)
[1.877s] -- OpenNI2 found (include: /usr/include/openni2, lib: /usr/lib/libOpenNI2.so)
[1.887s] -- QHULL found (include: /usr/include, lib: optimized;/usr/lib/x86_64-linux-gnu/libqhull.so;debug;/usr/lib/x86_64-linux-gnu/libqhull.so)
[1.893s] -- OpenNI found (include: /usr/include/ni, lib: /usr/lib/libOpenNI.so)
[2.198s] -- Found nav_msgs: 2.2.4 (/opt/ros/galactic/share/nav_msgs/cmake)
[2.290s] -- Found visualization_msgs: 2.2.4 (/opt/ros/galactic/share/visualization_msgs/cmake)
[2.382s] -- Found livox_ros_driver2: 1.0.0 (/home/sentry/Wolf-Moon/install/livox_ros_driver2/share/livox_ros_driver2/cmake)
[2.503s] -- GTSAM include directory:  /usr/local/lib/cmake/GTSAM/../../../include
[2.504s] -- Found Eigen3: TRUE (found suitable version "3.3.7", minimum required is "3.3.7") 
[2.510s] -- Found grid_map_msgs: 2.0.0 (/home/sentry/Wolf-Moon/install/grid_map_msgs/share/grid_map_msgs/cmake)
[2.559s] -- Found grid_map_core: 2.0.0 (/home/sentry/Wolf-Moon/install/grid_map_core/share/grid_map_core/cmake)
[2.560s] -- Found grid_map_ros: 2.0.0 (/home/sentry/Wolf-Moon/install/grid_map_ros/share/grid_map_ros/cmake)
[2.921s] -- Found grid_map_pcl: 2.0.0 (/home/sentry/Wolf-Moon/install/grid_map_pcl/share/grid_map_pcl/cmake)
[2.922s] -- Found grid_map_filters: 2.0.0 (/home/sentry/Wolf-Moon/install/grid_map_filters/share/grid_map_filters/cmake)
[3.114s] -- Found ig_lio_c_msgs: 2.0.0 (/home/sentry/Wolf-Moon/install/ig_lio_c_msgs/share/ig_lio_c_msgs/cmake)
[3.164s] -- Found nav2_util: 1.0.12 (/home/sentry/Wolf-Moon/install/nav2_util/share/nav2_util/cmake)
[3.298s] -- Found nav2_map_server: 1.0.12 (/home/sentry/Wolf-Moon/install/nav2_map_server/share/nav2_map_server/cmake)
[7.754s] -- Found ament_lint_auto: 0.10.7 (/opt/ros/galactic/share/ament_lint_auto/cmake)
[7.817s] -- Added test 'copyright' to check source files copyright and LICENSE
[7.819s] -- Added test 'cppcheck' to perform static code analysis on C / C++ code
[7.820s] -- Configured cppcheck include dirs: /home/sentry/Wolf-Moon/src/localization_mapping/include
[7.820s] -- Configured cppcheck exclude dirs and/or files: 
[7.822s] -- Added test 'cpplint' to check C / C++ code against the Google style
[7.822s] -- Configured cpplint exclude dirs and/or files: 
[7.822s] -- Added test 'flake8' to check Python code syntax and style conventions
[7.823s] -- Added test 'lint_cmake' to check CMake code style
[7.824s] -- Added test 'pep257' to check Python code against some of the style conventions in PEP 257
[7.825s] -- Added test 'uncrustify' to check C / C++ code style
[7.825s] -- Configured uncrustify additional arguments: 
[7.826s] -- Added test 'xmllint' to check XML markup files
[7.830s] -- Configuring done
[8.129s] -- Generating done
[8.286s] -- Build files have been written to: /home/sentry/Wolf-Moon/build/ig_lio_c
[8.345s] [35m[1mScanning dependencies of target map_builder_node[0m
[8.381s] [ 20%] Built target map_converter_node
[8.459s] make[2]: Warning: File '/home/sentry/Wolf-Moon/src/localization_mapping/src/map_builder_node.cpp' has modification time 75218 s in the future
[8.472s] [ 30%] [32mBuilding CXX object CMakeFiles/map_builder_node.dir/src/map_builder_node.cpp.o[0m
[15.389s] In file included from [01m[K/home/sentry/Wolf-Moon/src/localization_mapping/src/../include/map_builder_node.hpp:40[m[K,
[15.389s]                  from [01m[K/home/sentry/Wolf-Moon/src/localization_mapping/src/map_builder_node.cpp:1[m[K:
[15.389s] [01m[K/home/sentry/Wolf-Moon/src/localization_mapping/src/../include/./ig_lio_c/icp_localizer.hpp:[m[K In constructor ‘[01m[KIG_LIO::IcpLocalizer::IcpLocalizer()[m[K’:
[15.390s] [01m[K/home/sentry/Wolf-Moon/src/localization_mapping/src/../include/./ig_lio_c/icp_localizer.hpp:30:16:[m[K [01;35m[Kwarning: [m[K‘[01m[KIG_LIO::IcpLocalizer::refine_resolution_[m[K’ will be initialized after [[01;35m[K-Wreorder[m[K]
[15.390s]    30 |         double [01;35m[Krefine_resolution_[m[K;
[15.390s]       |                [01;35m[K^~~~~~~~~~~~~~~~~~[m[K
[15.390s] [01m[K/home/sentry/Wolf-Moon/src/localization_mapping/src/../include/./ig_lio_c/icp_localizer.hpp:29:16:[m[K [01;35m[Kwarning: [m[K  ‘[01m[Kdouble IG_LIO::IcpLocalizer::rough_resolution_[m[K’ [[01;35m[K-Wreorder[m[K]
[15.390s]    29 |         double [01;35m[Krough_resolution_[m[K;
[15.390s]       |                [01;35m[K^~~~~~~~~~~~~~~~~[m[K
[15.390s] [01m[K/home/sentry/Wolf-Moon/src/localization_mapping/src/../include/./ig_lio_c/icp_localizer.hpp:36:9:[m[K [01;35m[Kwarning: [m[K  when initialized here [[01;35m[K-Wreorder[m[K]
[15.390s]    36 |         [01;35m[KIcpLocalizer[m[K()
[15.391s]       |         [01;35m[K^~~~~~~~~~~~[m[K
[15.391s] [01m[K/home/sentry/Wolf-Moon/src/localization_mapping/src/../include/./ig_lio_c/icp_localizer.hpp:32:13:[m[K [01;35m[Kwarning: [m[K‘[01m[KIG_LIO::IcpLocalizer::refine_iter_[m[K’ will be initialized after [[01;35m[K-Wreorder[m[K]
[15.391s]    32 |         int [01;35m[Krefine_iter_[m[K;
[15.391s]       |             [01;35m[K^~~~~~~~~~~~[m[K
[15.391s] [01m[K/home/sentry/Wolf-Moon/src/localization_mapping/src/../include/./ig_lio_c/icp_localizer.hpp:31:13:[m[K [01;35m[Kwarning: [m[K  ‘[01m[Kint IG_LIO::IcpLocalizer::rough_iter_[m[K’ [[01;35m[K-Wreorder[m[K]
[15.391s]    31 |         int [01;35m[Krough_iter_[m[K;
[15.391s]       |             [01;35m[K^~~~~~~~~~~[m[K
[15.391s] [01m[K/home/sentry/Wolf-Moon/src/localization_mapping/src/../include/./ig_lio_c/icp_localizer.hpp:36:9:[m[K [01;35m[Kwarning: [m[K  when initialized here [[01;35m[K-Wreorder[m[K]
[15.391s]    36 |         [01;35m[KIcpLocalizer[m[K()
[15.392s]       |         [01;35m[K^~~~~~~~~~~~[m[K
[15.392s] [01m[K/home/sentry/Wolf-Moon/src/localization_mapping/src/../include/./ig_lio_c/icp_localizer.hpp:[m[K In constructor ‘[01m[KIG_LIO::IcpLocalizer::IcpLocalizer(double, double, int, int, double)[m[K’:
[15.392s] [01m[K/home/sentry/Wolf-Moon/src/localization_mapping/src/../include/./ig_lio_c/icp_localizer.hpp:30:16:[m[K [01;35m[Kwarning: [m[K‘[01m[KIG_LIO::IcpLocalizer::refine_resolution_[m[K’ will be initialized after [[01;35m[K-Wreorder[m[K]
[15.392s]    30 |         double [01;35m[Krefine_resolution_[m[K;
[15.392s]       |                [01;35m[K^~~~~~~~~~~~~~~~~~[m[K
[15.392s] [01m[K/home/sentry/Wolf-Moon/src/localization_mapping/src/../include/./ig_lio_c/icp_localizer.hpp:29:16:[m[K [01;35m[Kwarning: [m[K  ‘[01m[Kdouble IG_LIO::IcpLocalizer::rough_resolution_[m[K’ [[01;35m[K-Wreorder[m[K]
[15.392s]    29 |         double [01;35m[Krough_resolution_[m[K;
[15.392s]       |                [01;35m[K^~~~~~~~~~~~~~~~~[m[K
[15.392s] [01m[K/home/sentry/Wolf-Moon/src/localization_mapping/src/../include/./ig_lio_c/icp_localizer.hpp:46:9:[m[K [01;35m[Kwarning: [m[K  when initialized here [[01;35m[K-Wreorder[m[K]
[15.392s]    46 |         [01;35m[KIcpLocalizer[m[K(double refine_resolution, double rough_resolution, int refine_iter, int rough_iter, double thresh)
[15.392s]       |         [01;35m[K^~~~~~~~~~~~[m[K
[15.392s] [01m[K/home/sentry/Wolf-Moon/src/localization_mapping/src/../include/./ig_lio_c/icp_localizer.hpp:32:13:[m[K [01;35m[Kwarning: [m[K‘[01m[KIG_LIO::IcpLocalizer::refine_iter_[m[K’ will be initialized after [[01;35m[K-Wreorder[m[K]
[15.393s]    32 |         int [01;35m[Krefine_iter_[m[K;
[15.393s]       |             [01;35m[K^~~~~~~~~~~~[m[K
[15.393s] [01m[K/home/sentry/Wolf-Moon/src/localization_mapping/src/../include/./ig_lio_c/icp_localizer.hpp:31:13:[m[K [01;35m[Kwarning: [m[K  ‘[01m[Kint IG_LIO::IcpLocalizer::rough_iter_[m[K’ [[01;35m[K-Wreorder[m[K]
[15.393s]    31 |         int [01;35m[Krough_iter_[m[K;
[15.393s]       |             [01;35m[K^~~~~~~~~~~[m[K
[15.393s] [01m[K/home/sentry/Wolf-Moon/src/localization_mapping/src/../include/./ig_lio_c/icp_localizer.hpp:46:9:[m[K [01;35m[Kwarning: [m[K  when initialized here [[01;35m[K-Wreorder[m[K]
[15.393s]    46 |         [01;35m[KIcpLocalizer[m[K(double refine_resolution, double rough_resolution, int refine_iter, int rough_iter, double thresh)
[15.393s]       |         [01;35m[K^~~~~~~~~~~~[m[K
[66.342s] [ 40%] [32m[1mLinking CXX executable map_builder_node[0m
[67.694s] make[2]: warning:  Clock skew detected.  Your build may be incomplete.
[67.701s] [100%] Built target map_builder_node
[67.710s] Invoked command in '/home/sentry/Wolf-Moon/build/ig_lio_c' returned '0': AMENT_PREFIX_PATH=/home/sentry/Wolf-Moon/install/grid_map_pcl:/home/sentry/Wolf-Moon/install/grid_map_filters:/home/sentry/Wolf-Moon/install/nav2_map_server:/home/sentry/Wolf-Moon/install/grid_map_ros:/home/sentry/Wolf-Moon/install/nav2_util:/home/sentry/Wolf-Moon/install/grid_map_cv:/home/sentry/Wolf-Moon/install/nav2_msgs:/home/sentry/Wolf-Moon/install/grid_map_msgs:/home/sentry/Wolf-Moon/install/grid_map_core:/home/sentry/Wolf-Moon/install/nav2_common:/home/sentry/Wolf-Moon/install/livox_ros_driver2:/home/sentry/Wolf-Moon/install/ig_lio_c_msgs:/home/sentry/Wolf-Moon/install/grid_map_cmake_helpers:/home/sentry/Wolf-Moon/install/cv_bridge:${AMENT_PREFIX_PATH} CMAKE_PREFIX_PATH=/home/sentry/Wolf-Moon/install/grid_map_pcl:/home/sentry/Wolf-Moon/install/grid_map_filters:/home/sentry/Wolf-Moon/install/nav2_map_server:/home/sentry/Wolf-Moon/install/grid_map_ros:/home/sentry/Wolf-Moon/install/nav2_util:/home/sentry/Wolf-Moon/install/grid_map_cv:/home/sentry/Wolf-Moon/install/nav2_msgs:/home/sentry/Wolf-Moon/install/grid_map_msgs:/home/sentry/Wolf-Moon/install/grid_map_core:/home/sentry/Wolf-Moon/install/nav2_common:/home/sentry/Wolf-Moon/install/livox_ros_driver2:/home/sentry/Wolf-Moon/install/ig_lio_c_msgs:/home/sentry/Wolf-Moon/install/grid_map_cmake_helpers:/home/sentry/Wolf-Moon/install/cv_bridge:/opt/ros/galactic LD_LIBRARY_PATH=/home/sentry/Wolf-Moon/install/grid_map_pcl/lib:/home/sentry/Wolf-Moon/install/grid_map_filters/lib:/home/sentry/Wolf-Moon/install/nav2_map_server/lib:/home/sentry/Wolf-Moon/install/grid_map_ros/lib:/home/sentry/Wolf-Moon/install/nav2_util/lib:/home/sentry/Wolf-Moon/install/grid_map_cv/lib:/home/sentry/Wolf-Moon/install/nav2_msgs/lib:/home/sentry/Wolf-Moon/install/grid_map_msgs/lib:/home/sentry/Wolf-Moon/install/grid_map_core/lib:/home/sentry/Wolf-Moon/install/livox_ros_driver2/lib:/home/sentry/Wolf-Moon/install/ig_lio_c_msgs/lib:/home/sentry/Wolf-Moon/install/cv_bridge/lib:/opt/MVS/lib/64:/opt/MVS/lib/32:/home/sentry/TUP2024-Sentry-Framework/src/IG_LIO_SLAM/ThirdParty/octomap-Dynamic_point_cloud_removal/lib:/opt/intel/openvino_2022/tools/compile_tool:/opt/intel/openvino_2022/runtime/3rdparty/hddl/lib:/opt/intel/openvino_2022/runtime/lib/intel64:/opt/MVS/lib/64:/opt/MVS/lib/32:/usr/lib/x86_64-linux-gnu/gazebo-11/plugins:/opt/ros/galactic/opt/yaml_cpp_vendor/lib:/opt/ros/galactic/opt/rviz_ogre_vendor/lib:/opt/ros/galactic/lib/x86_64-linux-gnu:/opt/ros/galactic/lib:/home/sentry/TUP2024-Sentry-Framework/src/IG_LIO_SLAM/ThirdParty/octomap-Dynamic_point_cloud_removal/lib:/opt/intel/openvino_2022/tools/compile_tool:/opt/intel/openvino_2022/runtime/3rdparty/hddl/lib:/opt/intel/openvino_2022/runtime/lib/intel64:/opt/MVS/lib/64:/opt/MVS/lib/32:/opt/MVS/lib/64:/opt/MVS/lib/32:/usr/local/opencv4/lib:/usr/local/opencv4/lib PYTHONPATH=/home/sentry/Wolf-Moon/install/nav2_msgs/lib/python3.8/site-packages:/home/sentry/Wolf-Moon/install/grid_map_msgs/lib/python3.8/site-packages:/home/sentry/Wolf-Moon/install/nav2_common/lib/python3.8/site-packages:/home/sentry/Wolf-Moon/install/livox_ros_driver2/lib/python3.8/site-packages:/home/sentry/Wolf-Moon/install/ig_lio_c_msgs/lib/python3.8/site-packages:/home/sentry/Wolf-Moon/install/cv_bridge/lib/python3.8/site-packages:/opt/intel/openvino_2022/python/python3.8:/opt/intel/openvino_2022/python/python3:/opt/ros/galactic/lib/python3.8/site-packages:/opt/intel/openvino_2022/python/python3.8:/opt/intel/openvino_2022/python/python3 /usr/bin/cmake --build /home/sentry/Wolf-Moon/build/ig_lio_c -- -j12 -l12
[67.714s] Invoking command in '/home/sentry/Wolf-Moon/build/ig_lio_c': AMENT_PREFIX_PATH=/home/sentry/Wolf-Moon/install/grid_map_pcl:/home/sentry/Wolf-Moon/install/grid_map_filters:/home/sentry/Wolf-Moon/install/nav2_map_server:/home/sentry/Wolf-Moon/install/grid_map_ros:/home/sentry/Wolf-Moon/install/nav2_util:/home/sentry/Wolf-Moon/install/grid_map_cv:/home/sentry/Wolf-Moon/install/nav2_msgs:/home/sentry/Wolf-Moon/install/grid_map_msgs:/home/sentry/Wolf-Moon/install/grid_map_core:/home/sentry/Wolf-Moon/install/nav2_common:/home/sentry/Wolf-Moon/install/livox_ros_driver2:/home/sentry/Wolf-Moon/install/ig_lio_c_msgs:/home/sentry/Wolf-Moon/install/grid_map_cmake_helpers:/home/sentry/Wolf-Moon/install/cv_bridge:${AMENT_PREFIX_PATH} CMAKE_PREFIX_PATH=/home/sentry/Wolf-Moon/install/grid_map_pcl:/home/sentry/Wolf-Moon/install/grid_map_filters:/home/sentry/Wolf-Moon/install/nav2_map_server:/home/sentry/Wolf-Moon/install/grid_map_ros:/home/sentry/Wolf-Moon/install/nav2_util:/home/sentry/Wolf-Moon/install/grid_map_cv:/home/sentry/Wolf-Moon/install/nav2_msgs:/home/sentry/Wolf-Moon/install/grid_map_msgs:/home/sentry/Wolf-Moon/install/grid_map_core:/home/sentry/Wolf-Moon/install/nav2_common:/home/sentry/Wolf-Moon/install/livox_ros_driver2:/home/sentry/Wolf-Moon/install/ig_lio_c_msgs:/home/sentry/Wolf-Moon/install/grid_map_cmake_helpers:/home/sentry/Wolf-Moon/install/cv_bridge:/opt/ros/galactic LD_LIBRARY_PATH=/home/sentry/Wolf-Moon/install/grid_map_pcl/lib:/home/sentry/Wolf-Moon/install/grid_map_filters/lib:/home/sentry/Wolf-Moon/install/nav2_map_server/lib:/home/sentry/Wolf-Moon/install/grid_map_ros/lib:/home/sentry/Wolf-Moon/install/nav2_util/lib:/home/sentry/Wolf-Moon/install/grid_map_cv/lib:/home/sentry/Wolf-Moon/install/nav2_msgs/lib:/home/sentry/Wolf-Moon/install/grid_map_msgs/lib:/home/sentry/Wolf-Moon/install/grid_map_core/lib:/home/sentry/Wolf-Moon/install/livox_ros_driver2/lib:/home/sentry/Wolf-Moon/install/ig_lio_c_msgs/lib:/home/sentry/Wolf-Moon/install/cv_bridge/lib:/opt/MVS/lib/64:/opt/MVS/lib/32:/home/sentry/TUP2024-Sentry-Framework/src/IG_LIO_SLAM/ThirdParty/octomap-Dynamic_point_cloud_removal/lib:/opt/intel/openvino_2022/tools/compile_tool:/opt/intel/openvino_2022/runtime/3rdparty/hddl/lib:/opt/intel/openvino_2022/runtime/lib/intel64:/opt/MVS/lib/64:/opt/MVS/lib/32:/usr/lib/x86_64-linux-gnu/gazebo-11/plugins:/opt/ros/galactic/opt/yaml_cpp_vendor/lib:/opt/ros/galactic/opt/rviz_ogre_vendor/lib:/opt/ros/galactic/lib/x86_64-linux-gnu:/opt/ros/galactic/lib:/home/sentry/TUP2024-Sentry-Framework/src/IG_LIO_SLAM/ThirdParty/octomap-Dynamic_point_cloud_removal/lib:/opt/intel/openvino_2022/tools/compile_tool:/opt/intel/openvino_2022/runtime/3rdparty/hddl/lib:/opt/intel/openvino_2022/runtime/lib/intel64:/opt/MVS/lib/64:/opt/MVS/lib/32:/opt/MVS/lib/64:/opt/MVS/lib/32:/usr/local/opencv4/lib:/usr/local/opencv4/lib PYTHONPATH=/home/sentry/Wolf-Moon/install/nav2_msgs/lib/python3.8/site-packages:/home/sentry/Wolf-Moon/install/grid_map_msgs/lib/python3.8/site-packages:/home/sentry/Wolf-Moon/install/nav2_common/lib/python3.8/site-packages:/home/sentry/Wolf-Moon/install/livox_ros_driver2/lib/python3.8/site-packages:/home/sentry/Wolf-Moon/install/ig_lio_c_msgs/lib/python3.8/site-packages:/home/sentry/Wolf-Moon/install/cv_bridge/lib/python3.8/site-packages:/opt/intel/openvino_2022/python/python3.8:/opt/intel/openvino_2022/python/python3:/opt/ros/galactic/lib/python3.8/site-packages:/opt/intel/openvino_2022/python/python3.8:/opt/intel/openvino_2022/python/python3 /usr/bin/cmake --install /home/sentry/Wolf-Moon/build/ig_lio_c
[67.720s] -- Install configuration: "Release"
[67.720s] -- Installing: /home/sentry/Wolf-Moon/install/ig_lio_c/lib/ig_lio_c/map_builder_node
[67.721s] -- Set runtime path of "/home/sentry/Wolf-Moon/install/ig_lio_c/lib/ig_lio_c/map_builder_node" to ""
[67.722s] -- Up-to-date: /home/sentry/Wolf-Moon/install/ig_lio_c/lib/ig_lio_c/map_converter_node
[67.722s] -- Up-to-date: /home/sentry/Wolf-Moon/install/ig_lio_c/share/ig_lio_c/launch
[67.722s] -- Up-to-date: /home/sentry/Wolf-Moon/install/ig_lio_c/share/ig_lio_c/launch/map_mapping_launch.py
[67.722s] -- Up-to-date: /home/sentry/Wolf-Moon/install/ig_lio_c/share/ig_lio_c/config
[67.722s] -- Up-to-date: /home/sentry/Wolf-Moon/install/ig_lio_c/share/ig_lio_c/config/parameters.yaml
[67.722s] -- Up-to-date: /home/sentry/Wolf-Moon/install/ig_lio_c/share/ig_lio_c/config/config_fg.yaml
[67.722s] -- Up-to-date: /home/sentry/Wolf-Moon/install/ig_lio_c/share/ament_index/resource_index/package_run_dependencies/ig_lio_c
[67.722s] -- Up-to-date: /home/sentry/Wolf-Moon/install/ig_lio_c/share/ament_index/resource_index/parent_prefix_path/ig_lio_c
[67.722s] -- Up-to-date: /home/sentry/Wolf-Moon/install/ig_lio_c/share/ig_lio_c/environment/ament_prefix_path.sh
[67.722s] -- Installing: /home/sentry/Wolf-Moon/install/ig_lio_c/share/ig_lio_c/environment/ament_prefix_path.dsv
[67.723s] -- Up-to-date: /home/sentry/Wolf-Moon/install/ig_lio_c/share/ig_lio_c/environment/path.sh
[67.723s] -- Installing: /home/sentry/Wolf-Moon/install/ig_lio_c/share/ig_lio_c/environment/path.dsv
[67.723s] -- Up-to-date: /home/sentry/Wolf-Moon/install/ig_lio_c/share/ig_lio_c/local_setup.bash
[67.723s] -- Up-to-date: /home/sentry/Wolf-Moon/install/ig_lio_c/share/ig_lio_c/local_setup.sh
[67.723s] -- Up-to-date: /home/sentry/Wolf-Moon/install/ig_lio_c/share/ig_lio_c/local_setup.zsh
[67.725s] -- Installing: /home/sentry/Wolf-Moon/install/ig_lio_c/share/ig_lio_c/local_setup.dsv
[67.725s] -- Installing: /home/sentry/Wolf-Moon/install/ig_lio_c/share/ig_lio_c/package.dsv
[67.725s] -- Up-to-date: /home/sentry/Wolf-Moon/install/ig_lio_c/share/ament_index/resource_index/packages/ig_lio_c
[67.725s] -- Up-to-date: /home/sentry/Wolf-Moon/install/ig_lio_c/share/ig_lio_c/cmake/ig_lio_cConfig.cmake
[67.726s] -- Up-to-date: /home/sentry/Wolf-Moon/install/ig_lio_c/share/ig_lio_c/cmake/ig_lio_cConfig-version.cmake
[67.726s] -- Up-to-date: /home/sentry/Wolf-Moon/install/ig_lio_c/share/ig_lio_c/package.xml
[67.726s] Invoked command in '/home/sentry/Wolf-Moon/build/ig_lio_c' returned '0': AMENT_PREFIX_PATH=/home/sentry/Wolf-Moon/install/grid_map_pcl:/home/sentry/Wolf-Moon/install/grid_map_filters:/home/sentry/Wolf-Moon/install/nav2_map_server:/home/sentry/Wolf-Moon/install/grid_map_ros:/home/sentry/Wolf-Moon/install/nav2_util:/home/sentry/Wolf-Moon/install/grid_map_cv:/home/sentry/Wolf-Moon/install/nav2_msgs:/home/sentry/Wolf-Moon/install/grid_map_msgs:/home/sentry/Wolf-Moon/install/grid_map_core:/home/sentry/Wolf-Moon/install/nav2_common:/home/sentry/Wolf-Moon/install/livox_ros_driver2:/home/sentry/Wolf-Moon/install/ig_lio_c_msgs:/home/sentry/Wolf-Moon/install/grid_map_cmake_helpers:/home/sentry/Wolf-Moon/install/cv_bridge:${AMENT_PREFIX_PATH} CMAKE_PREFIX_PATH=/home/sentry/Wolf-Moon/install/grid_map_pcl:/home/sentry/Wolf-Moon/install/grid_map_filters:/home/sentry/Wolf-Moon/install/nav2_map_server:/home/sentry/Wolf-Moon/install/grid_map_ros:/home/sentry/Wolf-Moon/install/nav2_util:/home/sentry/Wolf-Moon/install/grid_map_cv:/home/sentry/Wolf-Moon/install/nav2_msgs:/home/sentry/Wolf-Moon/install/grid_map_msgs:/home/sentry/Wolf-Moon/install/grid_map_core:/home/sentry/Wolf-Moon/install/nav2_common:/home/sentry/Wolf-Moon/install/livox_ros_driver2:/home/sentry/Wolf-Moon/install/ig_lio_c_msgs:/home/sentry/Wolf-Moon/install/grid_map_cmake_helpers:/home/sentry/Wolf-Moon/install/cv_bridge:/opt/ros/galactic LD_LIBRARY_PATH=/home/sentry/Wolf-Moon/install/grid_map_pcl/lib:/home/sentry/Wolf-Moon/install/grid_map_filters/lib:/home/sentry/Wolf-Moon/install/nav2_map_server/lib:/home/sentry/Wolf-Moon/install/grid_map_ros/lib:/home/sentry/Wolf-Moon/install/nav2_util/lib:/home/sentry/Wolf-Moon/install/grid_map_cv/lib:/home/sentry/Wolf-Moon/install/nav2_msgs/lib:/home/sentry/Wolf-Moon/install/grid_map_msgs/lib:/home/sentry/Wolf-Moon/install/grid_map_core/lib:/home/sentry/Wolf-Moon/install/livox_ros_driver2/lib:/home/sentry/Wolf-Moon/install/ig_lio_c_msgs/lib:/home/sentry/Wolf-Moon/install/cv_bridge/lib:/opt/MVS/lib/64:/opt/MVS/lib/32:/home/sentry/TUP2024-Sentry-Framework/src/IG_LIO_SLAM/ThirdParty/octomap-Dynamic_point_cloud_removal/lib:/opt/intel/openvino_2022/tools/compile_tool:/opt/intel/openvino_2022/runtime/3rdparty/hddl/lib:/opt/intel/openvino_2022/runtime/lib/intel64:/opt/MVS/lib/64:/opt/MVS/lib/32:/usr/lib/x86_64-linux-gnu/gazebo-11/plugins:/opt/ros/galactic/opt/yaml_cpp_vendor/lib:/opt/ros/galactic/opt/rviz_ogre_vendor/lib:/opt/ros/galactic/lib/x86_64-linux-gnu:/opt/ros/galactic/lib:/home/sentry/TUP2024-Sentry-Framework/src/IG_LIO_SLAM/ThirdParty/octomap-Dynamic_point_cloud_removal/lib:/opt/intel/openvino_2022/tools/compile_tool:/opt/intel/openvino_2022/runtime/3rdparty/hddl/lib:/opt/intel/openvino_2022/runtime/lib/intel64:/opt/MVS/lib/64:/opt/MVS/lib/32:/opt/MVS/lib/64:/opt/MVS/lib/32:/usr/local/opencv4/lib:/usr/local/opencv4/lib PYTHONPATH=/home/sentry/Wolf-Moon/install/nav2_msgs/lib/python3.8/site-packages:/home/sentry/Wolf-Moon/install/grid_map_msgs/lib/python3.8/site-packages:/home/sentry/Wolf-Moon/install/nav2_common/lib/python3.8/site-packages:/home/sentry/Wolf-Moon/install/livox_ros_driver2/lib/python3.8/site-packages:/home/sentry/Wolf-Moon/install/ig_lio_c_msgs/lib/python3.8/site-packages:/home/sentry/Wolf-Moon/install/cv_bridge/lib/python3.8/site-packages:/opt/intel/openvino_2022/python/python3.8:/opt/intel/openvino_2022/python/python3:/opt/ros/galactic/lib/python3.8/site-packages:/opt/intel/openvino_2022/python/python3.8:/opt/intel/openvino_2022/python/python3 /usr/bin/cmake --install /home/sentry/Wolf-Moon/build/ig_lio_c
