[0.112s] Invoking command in '/home/sentry/Wolf-Moon/build/nav2_common': CMAKE_PREFIX_PATH=${CMAKE_PREFIX_PATH}:/home/sentry/Wolf-Moon/install/fake_msg_publisher:/opt/ros/galactic /usr/bin/cmake --build /home/sentry/Wolf-Moon/build/nav2_common -- -j12 -l12
[0.218s] Built target ament_cmake_python_copy_nav2_common
[0.786s] running egg_info
[0.786s] writing nav2_common.egg-info/PKG-INFO
[0.786s] writing dependency_links to nav2_common.egg-info/dependency_links.txt
[0.786s] writing top-level names to nav2_common.egg-info/top_level.txt
[0.862s] reading manifest file 'nav2_common.egg-info/SOURCES.txt'
[0.862s] writing manifest file 'nav2_common.egg-info/SOURCES.txt'
[0.895s] Built target ament_cmake_python_build_nav2_common_egg
[1.016s] Invoked command in '/home/sentry/Wolf-Moon/build/nav2_common' returned '0': CMAKE_PREFIX_PATH=${CMAKE_PREFIX_PATH}:/home/sentry/Wolf-Moon/install/fake_msg_publisher:/opt/ros/galactic /usr/bin/cmake --build /home/sentry/Wolf-Moon/build/nav2_common -- -j12 -l12
[1.021s] Invoking command in '/home/sentry/Wolf-Moon/build/nav2_common': CMAKE_PREFIX_PATH=${CMAKE_PREFIX_PATH}:/home/sentry/Wolf-Moon/install/fake_msg_publisher:/opt/ros/galactic /usr/bin/cmake --install /home/sentry/Wolf-Moon/build/nav2_common
[1.057s] -- Install configuration: ""
[1.057s] -- Up-to-date: /home/sentry/Wolf-Moon/install/nav2_common/share/nav2_common/environment/pythonpath.sh
[1.058s] -- Up-to-date: /home/sentry/Wolf-Moon/install/nav2_common/share/nav2_common/environment/pythonpath.dsv
[1.058s] -- Up-to-date: /home/sentry/Wolf-Moon/install/nav2_common/lib/python3.8/site-packages//nav2_common.egg-info
[1.061s] -- Installing: /home/sentry/Wolf-Moon/install/nav2_common/lib/python3.8/site-packages//nav2_common.egg-info/SOURCES.txt
[1.063s] -- Installing: /home/sentry/Wolf-Moon/install/nav2_common/lib/python3.8/site-packages//nav2_common.egg-info/top_level.txt
[1.065s] -- Installing: /home/sentry/Wolf-Moon/install/nav2_common/lib/python3.8/site-packages//nav2_common.egg-info/dependency_links.txt
[1.067s] -- Installing: /home/sentry/Wolf-Moon/install/nav2_common/lib/python3.8/site-packages//nav2_common.egg-info/PKG-INFO
[1.069s] -- Up-to-date: /home/sentry/Wolf-Moon/install/nav2_common/lib/python3.8/site-packages/nav2_common
[1.070s] -- Up-to-date: /home/sentry/Wolf-Moon/install/nav2_common/lib/python3.8/site-packages/nav2_common/__init__.py
[1.071s] -- Up-to-date: /home/sentry/Wolf-Moon/install/nav2_common/lib/python3.8/site-packages/nav2_common/launch
[1.072s] -- Up-to-date: /home/sentry/Wolf-Moon/install/nav2_common/lib/python3.8/site-packages/nav2_common/launch/has_node_params.py
[1.073s] -- Up-to-date: /home/sentry/Wolf-Moon/install/nav2_common/lib/python3.8/site-packages/nav2_common/launch/__init__.py
[1.074s] -- Up-to-date: /home/sentry/Wolf-Moon/install/nav2_common/lib/python3.8/site-packages/nav2_common/launch/rewritten_yaml.py
[1.075s] -- Up-to-date: /home/sentry/Wolf-Moon/install/nav2_common/lib/python3.8/site-packages/nav2_common/launch/replace_string.py
[1.172s] Listing '/home/sentry/Wolf-Moon/install/nav2_common/lib/python3.8/site-packages/nav2_common'...
[1.172s] Listing '/home/sentry/Wolf-Moon/install/nav2_common/lib/python3.8/site-packages/nav2_common/launch'...
[1.177s] -- Up-to-date: /home/sentry/Wolf-Moon/install/nav2_common/share/ament_index/resource_index/package_run_dependencies/nav2_common
[1.177s] -- Up-to-date: /home/sentry/Wolf-Moon/install/nav2_common/share/ament_index/resource_index/parent_prefix_path/nav2_common
[1.178s] -- Up-to-date: /home/sentry/Wolf-Moon/install/nav2_common/share/nav2_common/environment/ament_prefix_path.sh
[1.179s] -- Up-to-date: /home/sentry/Wolf-Moon/install/nav2_common/share/nav2_common/environment/ament_prefix_path.dsv
[1.179s] -- Up-to-date: /home/sentry/Wolf-Moon/install/nav2_common/share/nav2_common/environment/path.sh
[1.180s] -- Up-to-date: /home/sentry/Wolf-Moon/install/nav2_common/share/nav2_common/environment/path.dsv
[1.180s] -- Up-to-date: /home/sentry/Wolf-Moon/install/nav2_common/share/nav2_common/local_setup.bash
[1.181s] -- Up-to-date: /home/sentry/Wolf-Moon/install/nav2_common/share/nav2_common/local_setup.sh
[1.181s] -- Up-to-date: /home/sentry/Wolf-Moon/install/nav2_common/share/nav2_common/local_setup.zsh
[1.181s] -- Up-to-date: /home/sentry/Wolf-Moon/install/nav2_common/share/nav2_common/local_setup.dsv
[1.182s] -- Installing: /home/sentry/Wolf-Moon/install/nav2_common/share/nav2_common/package.dsv
[1.183s] -- Up-to-date: /home/sentry/Wolf-Moon/install/nav2_common/share/ament_index/resource_index/packages/nav2_common
[1.183s] -- Up-to-date: /home/sentry/Wolf-Moon/install/nav2_common/share/nav2_common/cmake/nav2_common-extras.cmake
[1.184s] -- Up-to-date: /home/sentry/Wolf-Moon/install/nav2_common/share/nav2_common/cmake/nav2_commonConfig.cmake
[1.184s] -- Up-to-date: /home/sentry/Wolf-Moon/install/nav2_common/share/nav2_common/cmake/nav2_commonConfig-version.cmake
[1.184s] -- Up-to-date: /home/sentry/Wolf-Moon/install/nav2_common/share/nav2_common/package.xml
[1.186s] -- Up-to-date: /home/sentry/Wolf-Moon/install/nav2_common/share/nav2_common/cmake
[1.187s] -- Up-to-date: /home/sentry/Wolf-Moon/install/nav2_common/share/nav2_common/cmake/nav2_package.cmake
[1.198s] Invoked command in '/home/sentry/Wolf-Moon/build/nav2_common' returned '0': CMAKE_PREFIX_PATH=${CMAKE_PREFIX_PATH}:/home/sentry/Wolf-Moon/install/fake_msg_publisher:/opt/ros/galactic /usr/bin/cmake --install /home/sentry/Wolf-Moon/build/nav2_common
