[0.037s] Invoking command in '/home/sentry/Wolf-Moon/build/livox_ros_driver2': CMAKE_PREFIX_PATH=/opt/ros/galactic /usr/bin/cmake --build /home/sentry/Wolf-Moon/build/livox_ros_driver2 -- -j12 -l12
[0.141s] [  1%] Built target livox_interfaces2__cpp
[0.152s] [  5%] Built target livox_ros_driver2_node
[0.194s] [ 12%] Built target livox_interfaces2__rosidl_typesupport_introspection_cpp
[0.197s] [ 19%] Built target livox_interfaces2__rosidl_generator_c
[0.216s] [ 26%] Built target livox_interfaces2__rosidl_typesupport_cpp
[0.229s] [ 33%] Built target livox_interfaces2__rosidl_typesupport_fastrtps_cpp
[0.248s] [ 40%] Built target livox_interfaces2__rosidl_typesupport_c
[0.255s] [ 47%] Built target livox_interfaces2__rosidl_typesupport_introspection_c
[0.276s] [ 54%] Built target livox_interfaces2__rosidl_typesupport_fastrtps_c
[0.337s] [ 54%] Built target livox_interfaces2
[0.434s] [ 56%] Built target livox_interfaces2__py
[0.488s] [ 84%] Built target livox_ros_driver2
[0.528s] [ 89%] Built target livox_interfaces2__python
[0.613s] [ 92%] Built target livox_ros_driver2__rosidl_typesupport_fastrtps_c__pyext
[0.613s] [ 96%] Built target livox_ros_driver2__rosidl_typesupport_introspection_c__pyext
[0.627s] [100%] Built target livox_ros_driver2__rosidl_typesupport_c__pyext
[0.655s] Invoked command in '/home/sentry/Wolf-Moon/build/livox_ros_driver2' returned '0': CMAKE_PREFIX_PATH=/opt/ros/galactic /usr/bin/cmake --build /home/sentry/Wolf-Moon/build/livox_ros_driver2 -- -j12 -l12
[0.656s] Invoking command in '/home/sentry/Wolf-Moon/build/livox_ros_driver2': CMAKE_PREFIX_PATH=/opt/ros/galactic /usr/bin/cmake --install /home/sentry/Wolf-Moon/build/livox_ros_driver2
[0.678s] -- Install configuration: ""
[0.678s] -- Up-to-date: /home/sentry/Wolf-Moon/install/livox_ros_driver2/share/ament_index/resource_index/rosidl_interfaces/livox_ros_driver2
[0.678s] -- Up-to-date: /home/sentry/Wolf-Moon/install/livox_ros_driver2/include/livox_ros_driver2
[0.678s] -- Up-to-date: /home/sentry/Wolf-Moon/install/livox_ros_driver2/include/livox_ros_driver2/msg
[0.678s] -- Up-to-date: /home/sentry/Wolf-Moon/install/livox_ros_driver2/include/livox_ros_driver2/msg/custom_msg.h
[0.678s] -- Up-to-date: /home/sentry/Wolf-Moon/install/livox_ros_driver2/include/livox_ros_driver2/msg/custom_point.h
[0.678s] -- Up-to-date: /home/sentry/Wolf-Moon/install/livox_ros_driver2/include/livox_ros_driver2/msg/detail
[0.679s] -- Up-to-date: /home/sentry/Wolf-Moon/install/livox_ros_driver2/include/livox_ros_driver2/msg/detail/custom_point__struct.h
[0.679s] -- Up-to-date: /home/sentry/Wolf-Moon/install/livox_ros_driver2/include/livox_ros_driver2/msg/detail/custom_msg__functions.c
[0.679s] -- Up-to-date: /home/sentry/Wolf-Moon/install/livox_ros_driver2/include/livox_ros_driver2/msg/detail/custom_msg__struct.h
[0.679s] -- Up-to-date: /home/sentry/Wolf-Moon/install/livox_ros_driver2/include/livox_ros_driver2/msg/detail/custom_point__functions.h
[0.679s] -- Up-to-date: /home/sentry/Wolf-Moon/install/livox_ros_driver2/include/livox_ros_driver2/msg/detail/custom_msg__functions.h
[0.679s] -- Up-to-date: /home/sentry/Wolf-Moon/install/livox_ros_driver2/include/livox_ros_driver2/msg/detail/custom_point__type_support.h
[0.679s] -- Up-to-date: /home/sentry/Wolf-Moon/install/livox_ros_driver2/include/livox_ros_driver2/msg/detail/custom_msg__type_support.h
[0.679s] -- Up-to-date: /home/sentry/Wolf-Moon/install/livox_ros_driver2/include/livox_ros_driver2/msg/detail/custom_point__functions.c
[0.679s] -- Up-to-date: /home/sentry/Wolf-Moon/install/livox_ros_driver2/include/livox_ros_driver2/msg/rosidl_generator_c__visibility_control.h
[0.680s] -- Up-to-date: /home/sentry/Wolf-Moon/install/livox_ros_driver2/share/livox_ros_driver2/environment/library_path.sh
[0.680s] -- Up-to-date: /home/sentry/Wolf-Moon/install/livox_ros_driver2/share/livox_ros_driver2/environment/library_path.dsv
[0.680s] -- Up-to-date: /home/sentry/Wolf-Moon/install/livox_ros_driver2/lib/liblivox_ros_driver2__rosidl_generator_c.so
[0.680s] -- Up-to-date: /home/sentry/Wolf-Moon/install/livox_ros_driver2/include/livox_ros_driver2
[0.680s] -- Up-to-date: /home/sentry/Wolf-Moon/install/livox_ros_driver2/include/livox_ros_driver2/msg
[0.680s] -- Up-to-date: /home/sentry/Wolf-Moon/install/livox_ros_driver2/include/livox_ros_driver2/msg/detail
[0.680s] -- Up-to-date: /home/sentry/Wolf-Moon/install/livox_ros_driver2/include/livox_ros_driver2/msg/detail/custom_msg__rosidl_typesupport_fastrtps_c.h
[0.680s] -- Up-to-date: /home/sentry/Wolf-Moon/install/livox_ros_driver2/include/livox_ros_driver2/msg/detail/custom_point__rosidl_typesupport_fastrtps_c.h
[0.680s] -- Up-to-date: /home/sentry/Wolf-Moon/install/livox_ros_driver2/include/livox_ros_driver2/msg/rosidl_typesupport_fastrtps_c__visibility_control.h
[0.681s] -- Up-to-date: /home/sentry/Wolf-Moon/install/livox_ros_driver2/lib/liblivox_ros_driver2__rosidl_typesupport_fastrtps_c.so
[0.681s] -- Up-to-date: /home/sentry/Wolf-Moon/install/livox_ros_driver2/include/livox_ros_driver2
[0.681s] -- Up-to-date: /home/sentry/Wolf-Moon/install/livox_ros_driver2/include/livox_ros_driver2/msg
[0.681s] -- Up-to-date: /home/sentry/Wolf-Moon/install/livox_ros_driver2/include/livox_ros_driver2/msg/detail
[0.681s] -- Up-to-date: /home/sentry/Wolf-Moon/install/livox_ros_driver2/include/livox_ros_driver2/msg/detail/custom_point__rosidl_typesupport_fastrtps_cpp.hpp
[0.681s] -- Up-to-date: /home/sentry/Wolf-Moon/install/livox_ros_driver2/include/livox_ros_driver2/msg/detail/custom_msg__rosidl_typesupport_fastrtps_cpp.hpp
[0.681s] -- Up-to-date: /home/sentry/Wolf-Moon/install/livox_ros_driver2/include/livox_ros_driver2/msg/detail/dds_fastrtps
[0.681s] -- Up-to-date: /home/sentry/Wolf-Moon/install/livox_ros_driver2/include/livox_ros_driver2/msg/rosidl_typesupport_fastrtps_cpp__visibility_control.h
[0.686s] -- Up-to-date: /home/sentry/Wolf-Moon/install/livox_ros_driver2/lib/liblivox_ros_driver2__rosidl_typesupport_fastrtps_cpp.so
[0.686s] -- Up-to-date: /home/sentry/Wolf-Moon/install/livox_ros_driver2/include/livox_ros_driver2
[0.686s] -- Up-to-date: /home/sentry/Wolf-Moon/install/livox_ros_driver2/include/livox_ros_driver2/msg
[0.686s] -- Up-to-date: /home/sentry/Wolf-Moon/install/livox_ros_driver2/include/livox_ros_driver2/msg/rosidl_typesupport_introspection_c__visibility_control.h
[0.686s] -- Up-to-date: /home/sentry/Wolf-Moon/install/livox_ros_driver2/include/livox_ros_driver2/msg/detail
[0.686s] -- Up-to-date: /home/sentry/Wolf-Moon/install/livox_ros_driver2/include/livox_ros_driver2/msg/detail/custom_msg__type_support.c
[0.687s] -- Up-to-date: /home/sentry/Wolf-Moon/install/livox_ros_driver2/include/livox_ros_driver2/msg/detail/custom_point__rosidl_typesupport_introspection_c.h
[0.687s] -- Up-to-date: /home/sentry/Wolf-Moon/install/livox_ros_driver2/include/livox_ros_driver2/msg/detail/custom_point__type_support.c
[0.687s] -- Up-to-date: /home/sentry/Wolf-Moon/install/livox_ros_driver2/include/livox_ros_driver2/msg/detail/custom_msg__rosidl_typesupport_introspection_c.h
[0.687s] -- Up-to-date: /home/sentry/Wolf-Moon/install/livox_ros_driver2/lib/liblivox_ros_driver2__rosidl_typesupport_introspection_c.so
[0.687s] -- Up-to-date: /home/sentry/Wolf-Moon/install/livox_ros_driver2/lib/liblivox_ros_driver2__rosidl_typesupport_c.so
[0.687s] -- Up-to-date: /home/sentry/Wolf-Moon/install/livox_ros_driver2/include/livox_ros_driver2
[0.688s] -- Up-to-date: /home/sentry/Wolf-Moon/install/livox_ros_driver2/include/livox_ros_driver2/msg
[0.688s] -- Up-to-date: /home/sentry/Wolf-Moon/install/livox_ros_driver2/include/livox_ros_driver2/msg/custom_msg.hpp
[0.688s] -- Up-to-date: /home/sentry/Wolf-Moon/install/livox_ros_driver2/include/livox_ros_driver2/msg/custom_point.hpp
[0.688s] -- Up-to-date: /home/sentry/Wolf-Moon/install/livox_ros_driver2/include/livox_ros_driver2/msg/detail
[0.688s] -- Up-to-date: /home/sentry/Wolf-Moon/install/livox_ros_driver2/include/livox_ros_driver2/msg/detail/custom_msg__builder.hpp
[0.688s] -- Up-to-date: /home/sentry/Wolf-Moon/install/livox_ros_driver2/include/livox_ros_driver2/msg/detail/custom_msg__traits.hpp
[0.688s] -- Up-to-date: /home/sentry/Wolf-Moon/install/livox_ros_driver2/include/livox_ros_driver2/msg/detail/custom_msg__struct.hpp
[0.688s] -- Up-to-date: /home/sentry/Wolf-Moon/install/livox_ros_driver2/include/livox_ros_driver2/msg/detail/custom_point__builder.hpp
[0.688s] -- Up-to-date: /home/sentry/Wolf-Moon/install/livox_ros_driver2/include/livox_ros_driver2/msg/detail/custom_point__traits.hpp
[0.688s] -- Up-to-date: /home/sentry/Wolf-Moon/install/livox_ros_driver2/include/livox_ros_driver2/msg/detail/custom_point__struct.hpp
[0.689s] -- Up-to-date: /home/sentry/Wolf-Moon/install/livox_ros_driver2/include/livox_ros_driver2
[0.689s] -- Up-to-date: /home/sentry/Wolf-Moon/install/livox_ros_driver2/include/livox_ros_driver2/msg
[0.689s] -- Up-to-date: /home/sentry/Wolf-Moon/install/livox_ros_driver2/include/livox_ros_driver2/msg/detail
[0.689s] -- Up-to-date: /home/sentry/Wolf-Moon/install/livox_ros_driver2/include/livox_ros_driver2/msg/detail/custom_point__type_support.cpp
[0.689s] -- Up-to-date: /home/sentry/Wolf-Moon/install/livox_ros_driver2/include/livox_ros_driver2/msg/detail/custom_point__rosidl_typesupport_introspection_cpp.hpp
[0.689s] -- Up-to-date: /home/sentry/Wolf-Moon/install/livox_ros_driver2/include/livox_ros_driver2/msg/detail/custom_msg__type_support.cpp
[0.689s] -- Up-to-date: /home/sentry/Wolf-Moon/install/livox_ros_driver2/include/livox_ros_driver2/msg/detail/custom_msg__rosidl_typesupport_introspection_cpp.hpp
[0.689s] -- Up-to-date: /home/sentry/Wolf-Moon/install/livox_ros_driver2/lib/liblivox_ros_driver2__rosidl_typesupport_introspection_cpp.so
[0.689s] -- Up-to-date: /home/sentry/Wolf-Moon/install/livox_ros_driver2/lib/liblivox_ros_driver2__rosidl_typesupport_cpp.so
[0.689s] -- Up-to-date: /home/sentry/Wolf-Moon/install/livox_ros_driver2/share/livox_ros_driver2/environment/pythonpath.sh
[0.689s] -- Up-to-date: /home/sentry/Wolf-Moon/install/livox_ros_driver2/share/livox_ros_driver2/environment/pythonpath.dsv
[0.690s] -- Up-to-date: /home/sentry/Wolf-Moon/install/livox_ros_driver2/lib/python3.8/site-packages/livox_ros_driver2/__init__.py
[0.726s] -- Up-to-date: /home/sentry/Wolf-Moon/install/livox_ros_driver2/lib/python3.8/site-packages/livox_ros_driver2/msg
[0.726s] -- Up-to-date: /home/sentry/Wolf-Moon/install/livox_ros_driver2/lib/python3.8/site-packages/livox_ros_driver2/msg/__init__.py
[0.726s] -- Up-to-date: /home/sentry/Wolf-Moon/install/livox_ros_driver2/lib/python3.8/site-packages/livox_ros_driver2/msg/_custom_point.py
[0.726s] -- Up-to-date: /home/sentry/Wolf-Moon/install/livox_ros_driver2/lib/python3.8/site-packages/livox_ros_driver2/msg/_custom_msg.py
[0.726s] -- Up-to-date: /home/sentry/Wolf-Moon/install/livox_ros_driver2/lib/python3.8/site-packages/livox_ros_driver2/msg/_custom_msg_s.c
[0.726s] -- Up-to-date: /home/sentry/Wolf-Moon/install/livox_ros_driver2/lib/python3.8/site-packages/livox_ros_driver2/msg/_custom_point_s.c
[0.734s] -- Up-to-date: /home/sentry/Wolf-Moon/install/livox_ros_driver2/lib/python3.8/site-packages/livox_ros_driver2/livox_ros_driver2_s__rosidl_typesupport_fastrtps_c.cpython-38-x86_64-linux-gnu.so
[0.734s] -- Up-to-date: /home/sentry/Wolf-Moon/install/livox_ros_driver2/lib/python3.8/site-packages/livox_ros_driver2/livox_ros_driver2_s__rosidl_typesupport_introspection_c.cpython-38-x86_64-linux-gnu.so
[0.734s] -- Up-to-date: /home/sentry/Wolf-Moon/install/livox_ros_driver2/lib/python3.8/site-packages/livox_ros_driver2/livox_ros_driver2_s__rosidl_typesupport_c.cpython-38-x86_64-linux-gnu.so
[0.734s] -- Up-to-date: /home/sentry/Wolf-Moon/install/livox_ros_driver2/lib/liblivox_interfaces2__python.so
[0.735s] -- Up-to-date: /home/sentry/Wolf-Moon/install/livox_ros_driver2/share/livox_ros_driver2/msg/CustomPoint.idl
[0.735s] -- Up-to-date: /home/sentry/Wolf-Moon/install/livox_ros_driver2/share/livox_ros_driver2/msg/CustomMsg.idl
[0.735s] -- Up-to-date: /home/sentry/Wolf-Moon/install/livox_ros_driver2/share/livox_ros_driver2/msg/CustomPoint.msg
[0.735s] -- Up-to-date: /home/sentry/Wolf-Moon/install/livox_ros_driver2/share/livox_ros_driver2/msg/CustomMsg.msg
[0.735s] -- Up-to-date: /home/sentry/Wolf-Moon/install/livox_ros_driver2/lib/livox_ros_driver2/livox_ros_driver2_node
[0.735s] -- Up-to-date: /home/sentry/Wolf-Moon/install/livox_ros_driver2/lib/liblivox_ros_driver2.so
[0.735s] -- Up-to-date: /home/sentry/Wolf-Moon/install/livox_ros_driver2/share/livox_ros_driver2/config
[0.735s] -- Up-to-date: /home/sentry/Wolf-Moon/install/livox_ros_driver2/share/livox_ros_driver2/config/HAP_config.json
[0.735s] -- Up-to-date: /home/sentry/Wolf-Moon/install/livox_ros_driver2/share/livox_ros_driver2/config/MID360_config.json
[0.736s] -- Up-to-date: /home/sentry/Wolf-Moon/install/livox_ros_driver2/share/livox_ros_driver2/config/display_point_cloud_ROS2.rviz
[0.736s] -- Up-to-date: /home/sentry/Wolf-Moon/install/livox_ros_driver2/share/livox_ros_driver2/config/mixed_HAP_MID360_config.json
[0.736s] -- Up-to-date: /home/sentry/Wolf-Moon/install/livox_ros_driver2/share/livox_ros_driver2/config/display_point_cloud_ROS1.rviz
[0.736s] -- Up-to-date: /home/sentry/Wolf-Moon/install/livox_ros_driver2/share/livox_ros_driver2/launch_ROS2
[0.736s] -- Up-to-date: /home/sentry/Wolf-Moon/install/livox_ros_driver2/share/livox_ros_driver2/launch_ROS2/msg_HAP_launch.py
[0.736s] -- Up-to-date: /home/sentry/Wolf-Moon/install/livox_ros_driver2/share/livox_ros_driver2/launch_ROS2/msg_MID360_launch.py
[0.736s] -- Up-to-date: /home/sentry/Wolf-Moon/install/livox_ros_driver2/share/livox_ros_driver2/launch_ROS2/rviz_MID360_launch.py
[0.736s] -- Up-to-date: /home/sentry/Wolf-Moon/install/livox_ros_driver2/share/livox_ros_driver2/launch_ROS2/rviz_HAP_launch.py
[0.736s] -- Up-to-date: /home/sentry/Wolf-Moon/install/livox_ros_driver2/share/livox_ros_driver2/launch_ROS2/rviz_mixed.py
[0.737s] -- Up-to-date: /home/sentry/Wolf-Moon/install/livox_ros_driver2/share/ament_index/resource_index/package_run_dependencies/livox_ros_driver2
[0.737s] -- Up-to-date: /home/sentry/Wolf-Moon/install/livox_ros_driver2/share/ament_index/resource_index/parent_prefix_path/livox_ros_driver2
[0.737s] -- Up-to-date: /home/sentry/Wolf-Moon/install/livox_ros_driver2/share/livox_ros_driver2/environment/ament_prefix_path.sh
[0.737s] -- Up-to-date: /home/sentry/Wolf-Moon/install/livox_ros_driver2/share/livox_ros_driver2/environment/ament_prefix_path.dsv
[0.737s] -- Up-to-date: /home/sentry/Wolf-Moon/install/livox_ros_driver2/share/livox_ros_driver2/environment/path.sh
[0.737s] -- Up-to-date: /home/sentry/Wolf-Moon/install/livox_ros_driver2/share/livox_ros_driver2/environment/path.dsv
[0.737s] -- Up-to-date: /home/sentry/Wolf-Moon/install/livox_ros_driver2/share/livox_ros_driver2/local_setup.bash
[0.737s] -- Up-to-date: /home/sentry/Wolf-Moon/install/livox_ros_driver2/share/livox_ros_driver2/local_setup.sh
[0.738s] -- Up-to-date: /home/sentry/Wolf-Moon/install/livox_ros_driver2/share/livox_ros_driver2/local_setup.zsh
[0.738s] -- Up-to-date: /home/sentry/Wolf-Moon/install/livox_ros_driver2/share/livox_ros_driver2/local_setup.dsv
[0.738s] -- Installing: /home/sentry/Wolf-Moon/install/livox_ros_driver2/share/livox_ros_driver2/package.dsv
[0.738s] -- Up-to-date: /home/sentry/Wolf-Moon/install/livox_ros_driver2/share/ament_index/resource_index/packages/livox_ros_driver2
[0.738s] -- Up-to-date: /home/sentry/Wolf-Moon/install/livox_ros_driver2/share/livox_ros_driver2/cmake/livox_interfaces2__rosidl_generator_cExport.cmake
[0.738s] -- Up-to-date: /home/sentry/Wolf-Moon/install/livox_ros_driver2/share/livox_ros_driver2/cmake/livox_interfaces2__rosidl_generator_cExport-noconfig.cmake
[0.738s] -- Up-to-date: /home/sentry/Wolf-Moon/install/livox_ros_driver2/share/livox_ros_driver2/cmake/livox_interfaces2__rosidl_typesupport_introspection_cExport.cmake
[0.738s] -- Up-to-date: /home/sentry/Wolf-Moon/install/livox_ros_driver2/share/livox_ros_driver2/cmake/livox_interfaces2__rosidl_typesupport_introspection_cExport-noconfig.cmake
[0.739s] -- Up-to-date: /home/sentry/Wolf-Moon/install/livox_ros_driver2/share/livox_ros_driver2/cmake/livox_interfaces2__rosidl_typesupport_cExport.cmake
[0.739s] -- Up-to-date: /home/sentry/Wolf-Moon/install/livox_ros_driver2/share/livox_ros_driver2/cmake/livox_interfaces2__rosidl_typesupport_cExport-noconfig.cmake
[0.739s] -- Up-to-date: /home/sentry/Wolf-Moon/install/livox_ros_driver2/share/livox_ros_driver2/cmake/livox_interfaces2__rosidl_generator_cppExport.cmake
[0.739s] -- Up-to-date: /home/sentry/Wolf-Moon/install/livox_ros_driver2/share/livox_ros_driver2/cmake/livox_interfaces2__rosidl_typesupport_introspection_cppExport.cmake
[0.739s] -- Up-to-date: /home/sentry/Wolf-Moon/install/livox_ros_driver2/share/livox_ros_driver2/cmake/livox_interfaces2__rosidl_typesupport_introspection_cppExport-noconfig.cmake
[0.739s] -- Up-to-date: /home/sentry/Wolf-Moon/install/livox_ros_driver2/share/livox_ros_driver2/cmake/livox_interfaces2__rosidl_typesupport_cppExport.cmake
[0.739s] -- Up-to-date: /home/sentry/Wolf-Moon/install/livox_ros_driver2/share/livox_ros_driver2/cmake/livox_interfaces2__rosidl_typesupport_cppExport-noconfig.cmake
[0.739s] -- Up-to-date: /home/sentry/Wolf-Moon/install/livox_ros_driver2/share/ament_index/resource_index/rclcpp_components/livox_ros_driver2
[0.740s] -- Up-to-date: /home/sentry/Wolf-Moon/install/livox_ros_driver2/share/livox_ros_driver2/cmake/rosidl_cmake-extras.cmake
[0.740s] -- Up-to-date: /home/sentry/Wolf-Moon/install/livox_ros_driver2/share/livox_ros_driver2/cmake/ament_cmake_export_dependencies-extras.cmake
[0.740s] -- Up-to-date: /home/sentry/Wolf-Moon/install/livox_ros_driver2/share/livox_ros_driver2/cmake/ament_cmake_export_libraries-extras.cmake
[0.740s] -- Up-to-date: /home/sentry/Wolf-Moon/install/livox_ros_driver2/share/livox_ros_driver2/cmake/ament_cmake_export_targets-extras.cmake
[0.740s] -- Up-to-date: /home/sentry/Wolf-Moon/install/livox_ros_driver2/share/livox_ros_driver2/cmake/ament_cmake_export_include_directories-extras.cmake
[0.740s] -- Up-to-date: /home/sentry/Wolf-Moon/install/livox_ros_driver2/share/livox_ros_driver2/cmake/rosidl_cmake_export_typesupport_libraries-extras.cmake
[0.740s] -- Up-to-date: /home/sentry/Wolf-Moon/install/livox_ros_driver2/share/livox_ros_driver2/cmake/rosidl_cmake_export_typesupport_targets-extras.cmake
[0.740s] -- Up-to-date: /home/sentry/Wolf-Moon/install/livox_ros_driver2/share/livox_ros_driver2/cmake/livox_ros_driver2Config.cmake
[0.740s] -- Up-to-date: /home/sentry/Wolf-Moon/install/livox_ros_driver2/share/livox_ros_driver2/cmake/livox_ros_driver2Config-version.cmake
[0.741s] -- Up-to-date: /home/sentry/Wolf-Moon/install/livox_ros_driver2/share/livox_ros_driver2/package.xml
[0.793s] Invoked command in '/home/sentry/Wolf-Moon/build/livox_ros_driver2' returned '0': CMAKE_PREFIX_PATH=/opt/ros/galactic /usr/bin/cmake --install /home/sentry/Wolf-Moon/build/livox_ros_driver2
