[0.037s] Invoking command in '/home/sentry/Wolf-Moon/build/livox_ros_driver2': CMAKE_PREFIX_PATH=/opt/ros/galactic /usr/bin/cmake /home/sentry/Wolf-Moon/src/livox_ros_driver2 -DCMAKE_INSTALL_PREFIX=/home/sentry/Wolf-Moon/install/livox_ros_driver2
[0.259s] -- The C compiler identification is GNU 9.4.0
[0.330s] -- The CXX compiler identification is GNU 9.4.0
[0.337s] -- Check for working C compiler: /usr/bin/cc
[0.410s] -- Check for working C compiler: /usr/bin/cc -- works
[0.415s] -- Detecting C compiler ABI info
[0.482s] -- Detecting C compiler ABI info - done
[0.496s] -- Detecting C compile features
[0.496s] -- Detecting C compile features - done
[0.500s] -- Check for working CXX compiler: /usr/bin/c++
[0.594s] -- Check for working CXX compiler: /usr/bin/c++ -- works
[0.596s] -- Detecting CXX compiler ABI info
[0.664s] -- Detecting CXX compiler ABI info - done
[0.679s] -- Detecting CXX compile features
[0.680s] -- Detecting CXX compile features - done
[0.681s] -- livox_ros_driver2 version: 1.0.0
[0.683s] -- Found ament_cmake_auto: 1.1.6 (/opt/ros/galactic/share/ament_cmake_auto/cmake)
[0.715s] -- Found PythonInterp: /usr/bin/python3 (found suitable version "3.8.10", minimum required is "3") 
[0.715s] -- Using PYTHON_EXECUTABLE: /usr/bin/python3
[0.872s] -- Using all available rosidl_typesupport_c: rosidl_typesupport_fastrtps_c;rosidl_typesupport_introspection_c
[0.880s] -- Found rosidl_adapter: 2.2.3 (/opt/ros/galactic/share/rosidl_adapter/cmake)
[0.970s] -- Found OpenSSL: /usr/lib/x86_64-linux-gnu/libcrypto.so (found version "1.1.1f")  
[1.008s] -- Found FastRTPS: /opt/ros/galactic/include  
[1.108s] -- Using all available rosidl_typesupport_cpp: rosidl_typesupport_fastrtps_cpp;rosidl_typesupport_introspection_cpp
[1.238s] -- Found rmw_implementation_cmake: 3.3.1 (/opt/ros/galactic/share/rmw_implementation_cmake/cmake)
[1.242s] -- Found rmw_cyclonedds_cpp: 0.22.6 (/opt/ros/galactic/share/rmw_cyclonedds_cpp/cmake)
[1.272s] -- Using RMW implementation 'rmw_cyclonedds_cpp' as default
[1.273s] -- Looking for pthread.h
[1.376s] -- Looking for pthread.h - found
[1.376s] -- Performing Test CMAKE_HAVE_LIBC_PTHREAD
[1.461s] -- Performing Test CMAKE_HAVE_LIBC_PTHREAD - Failed
[1.461s] -- Looking for pthread_create in pthreads
[1.620s] -- Looking for pthread_create in pthreads - not found
[1.620s] -- Looking for pthread_create in pthread
[1.858s] -- Looking for pthread_create in pthread - found
[1.859s] -- Found Threads: TRUE  
[3.472s] -- Checking for module 'eigen3'
[3.516s] --   Found eigen3, version 3.3.7
[3.657s] Invoked command in '/home/sentry/Wolf-Moon/build/livox_ros_driver2' returned '-2': CMAKE_PREFIX_PATH=/opt/ros/galactic /usr/bin/cmake /home/sentry/Wolf-Moon/src/livox_ros_driver2 -DCMAKE_INSTALL_PREFIX=/home/sentry/Wolf-Moon/install/livox_ros_driver2
