[  1%] [32mBuilding CXX object octomap/src/math/CMakeFiles/octomath-static.dir/Quaternion.cpp.o[0m
[  2%] [32mBuilding CXX object octomap/src/math/CMakeFiles/octomath.dir/Quaternion.cpp.o[0m
[  6%] Built target octomath-static
[35m[1mScanning dependencies of target octomap-static[0m
[  7%] [32mBuilding CXX object octomap/src/CMakeFiles/octomap-static.dir/AbstractOcTree.cpp.o[0m
[  8%] [32mBuilding CXX object octomap/src/CMakeFiles/octomap-static.dir/AbstractOccupancyOcTree.cpp.o[0m
[ 10%] [32mBuilding CXX object octomap/src/CMakeFiles/octomap-static.dir/Pointcloud.cpp.o[0m
[ 11%] [32mBuilding CXX object octomap/src/CMakeFiles/octomap-static.dir/ScanGraph.cpp.o[0m
[ 12%] [32mBuilding CXX object octomap/src/CMakeFiles/octomap-static.dir/CountingOcTree.cpp.o[0m
[ 14%] [32mBuilding CXX object octomap/src/CMakeFiles/octomap-static.dir/OcTreeStamped.cpp.o[0m
[ 15%] [32mBuilding CXX object octomap/src/CMakeFiles/octomap-static.dir/OcTree.cpp.o[0m
[ 16%] [32mBuilding CXX object octomap/src/CMakeFiles/octomap-static.dir/OcTreeNode.cpp.o[0m
[ 17%] [32mBuilding CXX object octomap/src/CMakeFiles/octomap-static.dir/ColorOcTree.cpp.o[0m
[ 21%] Built target octomath
[35m[1mScanning dependencies of target octomap[0m
[ 23%] [32mBuilding CXX object octomap/src/CMakeFiles/octomap.dir/AbstractOcTree.cpp.o[0m
[ 24%] [32mBuilding CXX object octomap/src/CMakeFiles/octomap.dir/Pointcloud.cpp.o[0m
[ 25%] [32mBuilding CXX object octomap/src/CMakeFiles/octomap.dir/AbstractOccupancyOcTree.cpp.o[0m
[ 26%] [32mBuilding CXX object octomap/src/CMakeFiles/octomap.dir/ScanGraph.cpp.o[0m
[ 28%] [32mBuilding CXX object octomap/src/CMakeFiles/octomap.dir/CountingOcTree.cpp.o[0m
[ 29%] [32mBuilding CXX object octomap/src/CMakeFiles/octomap.dir/OcTree.cpp.o[0m
[ 30%] [32mBuilding CXX object octomap/src/CMakeFiles/octomap.dir/OcTreeNode.cpp.o[0m
[ 32%] [32mBuilding CXX object octomap/src/CMakeFiles/octomap.dir/OcTreeStamped.cpp.o[0m
[ 33%] [32mBuilding CXX object octomap/src/CMakeFiles/octomap.dir/ColorOcTree.cpp.o[0m
[ 34%] Built target octomap-static
[ 35%] Built target octomap
[35m[1mScanning dependencies of target dm_lib[0m
[ 37%] [32mBuilding CXX object CMakeFiles/dm_lib.dir/octomap_mapping/src/octomapper.cpp.o[0m
[ 38%] Built target dm_lib
[35m[1mScanning dependencies of target compare_octrees[0m
[ 39%] [32mBuilding CXX object octomap/src/CMakeFiles/compare_octrees.dir/compare_octrees.cpp.o[0m
[ 41%] Built target compare_octrees
[35m[1mScanning dependencies of target normals_example[0m
[ 42%] [32mBuilding CXX object octomap/src/CMakeFiles/normals_example.dir/normals_example.cpp.o[0m
[ 43%] Built target normals_example
[35m[1mScanning dependencies of target test_raycasting[0m
[ 44%] [32mBuilding CXX object octomap/src/testing/CMakeFiles/test_raycasting.dir/test_raycasting.cpp.o[0m
[ 46%] Built target test_raycasting
[35m[1mScanning dependencies of target test_iterators[0m
[ 47%] [32mBuilding CXX object octomap/src/testing/CMakeFiles/test_iterators.dir/test_iterators.cpp.o[0m
[ 48%] Built target test_iterators
[35m[1mScanning dependencies of target test_scans[0m
[ 50%] [32mBuilding CXX object octomap/src/testing/CMakeFiles/test_scans.dir/test_scans.cpp.o[0m
[ 51%] Built target test_scans
[35m[1mScanning dependencies of target test_pruning[0m
[ 52%] [32mBuilding CXX object octomap/src/testing/CMakeFiles/test_pruning.dir/test_pruning.cpp.o[0m
[ 53%] Built target test_pruning
[35m[1mScanning dependencies of target test_io[0m
[ 55%] [32mBuilding CXX object octomap/src/testing/CMakeFiles/test_io.dir/test_io.cpp.o[0m
[ 56%] Built target test_io
[35m[1mScanning dependencies of target test_bbx[0m
[ 57%] [32mBuilding CXX object octomap/src/testing/CMakeFiles/test_bbx.dir/test_bbx.cpp.o[0m
[ 58%] Built target test_bbx
[35m[1mScanning dependencies of target test_changedkeys[0m
[ 60%] [32mBuilding CXX object octomap/src/testing/CMakeFiles/test_changedkeys.dir/test_changedkeys.cpp.o[0m
[ 61%] Built target test_changedkeys
[35m[1mScanning dependencies of target test_color_tree[0m
[ 62%] [32mBuilding CXX object octomap/src/testing/CMakeFiles/test_color_tree.dir/test_color_tree.cpp.o[0m
[ 64%] Built target test_color_tree
[35m[1mScanning dependencies of target color_tree_histogram[0m
[ 65%] [32mBuilding CXX object octomap/src/testing/CMakeFiles/color_tree_histogram.dir/color_tree_histogram.cpp.o[0m
[ 66%] Built target color_tree_histogram
[35m[1mScanning dependencies of target test_mapcollection[0m
[ 67%] [32mBuilding CXX object octomap/src/testing/CMakeFiles/test_mapcollection.dir/test_mapcollection.cpp.o[0m
[ 69%] Built target test_mapcollection
[35m[1mScanning dependencies of target unit_tests[0m
[ 70%] [32mBuilding CXX object octomap/src/testing/CMakeFiles/unit_tests.dir/unit_tests.cpp.o[0m
[ 71%] Built target unit_tests
[35m[1mScanning dependencies of target octomap_run[0m
[ 73%] [32mBuilding CXX object CMakeFiles/octomap_run.dir/octomap_PCD.cpp.o[0m
[ 74%] [32m[1mLinking CXX executable octomap_run[0m
