[0.035s] Invoking command in '/home/sentry/Wolf-Moon/build/octomap_dynamic_map': /usr/bin/cmake --build /home/sentry/Wolf-Moon/build/octomap_dynamic_map -- -j12 -l12
[0.086s] make[2]: Warning: File '/home/sentry/Wolf-Moon/src/ThirdParty/OCTOMAP/build/lib/liboctomath.a' has modification time 345342 s in the future
[0.088s] make[2]: Warning: File '/home/sentry/Wolf-Moon/src/ThirdParty/OCTOMAP/build/lib/liboctomath.so' has modification time 345342 s in the future
[0.096s] [  1%] [32mBuilding CXX object octomap/src/math/CMakeFiles/octomath-static.dir/Quaternion.cpp.o[0m
[0.099s] [  2%] [32mBuilding CXX object octomap/src/math/CMakeFiles/octomath.dir/Quaternion.cpp.o[0m
[0.795s] make[2]: warning:  Clock skew detected.  Your build may be incomplete.
[0.846s] [  6%] Built target octomath-static
[0.952s] [35m[1mScanning dependencies of target octomap-static[0m
[0.964s] make[2]: Warning: File '/home/sentry/Wolf-Moon/src/ThirdParty/OCTOMAP/build/lib/liboctomap.a' has modification time 345361 s in the future
[1.008s] [  7%] [32mBuilding CXX object octomap/src/CMakeFiles/octomap-static.dir/AbstractOcTree.cpp.o[0m
[1.041s] [  8%] [32mBuilding CXX object octomap/src/CMakeFiles/octomap-static.dir/AbstractOccupancyOcTree.cpp.o[0m
[1.053s] [ 10%] [32mBuilding CXX object octomap/src/CMakeFiles/octomap-static.dir/Pointcloud.cpp.o[0m
[1.073s] [ 11%] [32mBuilding CXX object octomap/src/CMakeFiles/octomap-static.dir/ScanGraph.cpp.o[0m
[1.121s] [ 12%] [32mBuilding CXX object octomap/src/CMakeFiles/octomap-static.dir/CountingOcTree.cpp.o[0m
[1.146s] [ 14%] [32mBuilding CXX object octomap/src/CMakeFiles/octomap-static.dir/OcTreeStamped.cpp.o[0m
[1.147s] [ 15%] [32mBuilding CXX object octomap/src/CMakeFiles/octomap-static.dir/OcTree.cpp.o[0m
[1.178s] [ 16%] [32mBuilding CXX object octomap/src/CMakeFiles/octomap-static.dir/OcTreeNode.cpp.o[0m
[1.232s] [ 17%] [32mBuilding CXX object octomap/src/CMakeFiles/octomap-static.dir/ColorOcTree.cpp.o[0m
[1.586s] make[2]: warning:  Clock skew detected.  Your build may be incomplete.
[1.651s] [ 21%] Built target octomath
[1.707s] [35m[1mScanning dependencies of target octomap[0m
[1.742s] make[2]: Warning: File '/home/sentry/Wolf-Moon/src/ThirdParty/OCTOMAP/build/lib/liboctomap.so' has modification time 345357 s in the future
[1.804s] [ 23%] [32mBuilding CXX object octomap/src/CMakeFiles/octomap.dir/AbstractOcTree.cpp.o[0m
[1.814s] [ 24%] [32mBuilding CXX object octomap/src/CMakeFiles/octomap.dir/Pointcloud.cpp.o[0m
[1.858s] [ 25%] [32mBuilding CXX object octomap/src/CMakeFiles/octomap.dir/AbstractOccupancyOcTree.cpp.o[0m
[3.623s] [ 26%] [32mBuilding CXX object octomap/src/CMakeFiles/octomap.dir/ScanGraph.cpp.o[0m
[3.920s] [ 28%] [32mBuilding CXX object octomap/src/CMakeFiles/octomap.dir/CountingOcTree.cpp.o[0m
[5.095s] [ 29%] [32mBuilding CXX object octomap/src/CMakeFiles/octomap.dir/OcTree.cpp.o[0m
[5.129s] [ 30%] [32mBuilding CXX object octomap/src/CMakeFiles/octomap.dir/OcTreeNode.cpp.o[0m
[5.217s] [ 32%] [32mBuilding CXX object octomap/src/CMakeFiles/octomap.dir/OcTreeStamped.cpp.o[0m
[5.993s] [ 33%] [32mBuilding CXX object octomap/src/CMakeFiles/octomap.dir/ColorOcTree.cpp.o[0m
[11.023s] make[2]: warning:  Clock skew detected.  Your build may be incomplete.
[11.036s] [ 34%] Built target octomap-static
[12.672s] make[2]: warning:  Clock skew detected.  Your build may be incomplete.
[12.684s] [ 35%] Built target octomap
[12.697s] [35m[1mScanning dependencies of target dm_lib[0m
[12.778s] make[2]: Warning: File '/home/sentry/Wolf-Moon/src/ThirdParty/OCTOMAP/lib/libdm_lib.so' has modification time 345410 s in the future
[12.793s] [ 37%] [32mBuilding CXX object CMakeFiles/dm_lib.dir/octomap_mapping/src/octomapper.cpp.o[0m
[28.921s] make[2]: warning:  Clock skew detected.  Your build may be incomplete.
[28.932s] [ 38%] Built target dm_lib
[28.945s] [35m[1mScanning dependencies of target compare_octrees[0m
[28.951s] make[2]: Warning: File '/home/sentry/Wolf-Moon/src/ThirdParty/OCTOMAP/build/bin/compare_octrees' has modification time 345337 s in the future
[28.962s] [ 39%] [32mBuilding CXX object octomap/src/CMakeFiles/compare_octrees.dir/compare_octrees.cpp.o[0m
[29.689s] make[2]: warning:  Clock skew detected.  Your build may be incomplete.
[29.695s] [ 41%] Built target compare_octrees
[29.703s] [35m[1mScanning dependencies of target normals_example[0m
[29.706s] make[2]: Warning: File '/home/sentry/Wolf-Moon/src/ThirdParty/OCTOMAP/build/bin/normals_example' has modification time 345343 s in the future
[29.712s] [ 42%] [32mBuilding CXX object octomap/src/CMakeFiles/normals_example.dir/normals_example.cpp.o[0m
[31.356s] make[2]: warning:  Clock skew detected.  Your build may be incomplete.
[31.363s] [ 43%] Built target normals_example
[31.370s] [35m[1mScanning dependencies of target test_raycasting[0m
[31.373s] make[2]: Warning: File '/home/sentry/Wolf-Moon/src/ThirdParty/OCTOMAP/build/bin/test_raycasting' has modification time 345348 s in the future
[31.380s] [ 44%] [32mBuilding CXX object octomap/src/testing/CMakeFiles/test_raycasting.dir/test_raycasting.cpp.o[0m
[33.159s] make[2]: warning:  Clock skew detected.  Your build may be incomplete.
[33.165s] [ 46%] Built target test_raycasting
[33.173s] [35m[1mScanning dependencies of target test_iterators[0m
[33.176s] make[2]: Warning: File '/home/sentry/Wolf-Moon/src/ThirdParty/OCTOMAP/build/bin/test_iterators' has modification time 345349 s in the future
[33.182s] [ 47%] [32mBuilding CXX object octomap/src/testing/CMakeFiles/test_iterators.dir/test_iterators.cpp.o[0m
[35.826s] make[2]: warning:  Clock skew detected.  Your build may be incomplete.
[35.833s] [ 48%] Built target test_iterators
[35.841s] [35m[1mScanning dependencies of target test_scans[0m
[35.844s] make[2]: Warning: File '/home/sentry/Wolf-Moon/src/ThirdParty/OCTOMAP/build/bin/test_scans' has modification time 345359 s in the future
[35.855s] [ 50%] [32mBuilding CXX object octomap/src/testing/CMakeFiles/test_scans.dir/test_scans.cpp.o[0m
[38.037s] make[2]: warning:  Clock skew detected.  Your build may be incomplete.
[38.047s] [ 51%] Built target test_scans
[38.060s] [35m[1mScanning dependencies of target test_pruning[0m
[38.066s] make[2]: Warning: File '/home/sentry/Wolf-Moon/src/ThirdParty/OCTOMAP/build/bin/test_pruning' has modification time 345365 s in the future
[38.077s] [ 52%] [32mBuilding CXX object octomap/src/testing/CMakeFiles/test_pruning.dir/test_pruning.cpp.o[0m
[40.273s] make[2]: warning:  Clock skew detected.  Your build may be incomplete.
[40.279s] [ 53%] Built target test_pruning
[40.287s] [35m[1mScanning dependencies of target test_io[0m
[40.290s] make[2]: Warning: File '/home/sentry/Wolf-Moon/src/ThirdParty/OCTOMAP/build/bin/test_io' has modification time 345348 s in the future
[40.295s] [ 55%] [32mBuilding CXX object octomap/src/testing/CMakeFiles/test_io.dir/test_io.cpp.o[0m
[43.834s] make[2]: warning:  Clock skew detected.  Your build may be incomplete.
[43.840s] [ 56%] Built target test_io
[43.853s] [35m[1mScanning dependencies of target test_bbx[0m
[43.858s] make[2]: Warning: File '/home/sentry/Wolf-Moon/src/ThirdParty/OCTOMAP/build/bin/test_bbx' has modification time 345362 s in the future
[43.869s] [ 57%] [32mBuilding CXX object octomap/src/testing/CMakeFiles/test_bbx.dir/test_bbx.cpp.o[0m
[45.908s] make[2]: warning:  Clock skew detected.  Your build may be incomplete.
[45.914s] [ 58%] Built target test_bbx
[45.922s] [35m[1mScanning dependencies of target test_changedkeys[0m
[45.925s] make[2]: Warning: File '/home/sentry/Wolf-Moon/src/ThirdParty/OCTOMAP/build/bin/test_changedkeys' has modification time 345345 s in the future
[45.931s] [ 60%] [32mBuilding CXX object octomap/src/testing/CMakeFiles/test_changedkeys.dir/test_changedkeys.cpp.o[0m
[47.504s] make[2]: warning:  Clock skew detected.  Your build may be incomplete.
[47.510s] [ 61%] Built target test_changedkeys
[47.517s] [35m[1mScanning dependencies of target test_color_tree[0m
[47.520s] make[2]: Warning: File '/home/sentry/Wolf-Moon/src/ThirdParty/OCTOMAP/build/bin/test_color_tree' has modification time 345350 s in the future
[47.525s] [ 62%] [32mBuilding CXX object octomap/src/testing/CMakeFiles/test_color_tree.dir/test_color_tree.cpp.o[0m
[49.370s] make[2]: warning:  Clock skew detected.  Your build may be incomplete.
[49.376s] [ 64%] Built target test_color_tree
[49.382s] [35m[1mScanning dependencies of target color_tree_histogram[0m
[49.385s] make[2]: Warning: File '/home/sentry/Wolf-Moon/src/ThirdParty/OCTOMAP/build/bin/color_tree_histogram' has modification time 345350 s in the future
[49.390s] [ 65%] [32mBuilding CXX object octomap/src/testing/CMakeFiles/color_tree_histogram.dir/color_tree_histogram.cpp.o[0m
[50.861s] make[2]: warning:  Clock skew detected.  Your build may be incomplete.
[50.867s] [ 66%] Built target color_tree_histogram
[50.874s] [35m[1mScanning dependencies of target test_mapcollection[0m
[50.877s] make[2]: Warning: File '/home/sentry/Wolf-Moon/src/ThirdParty/OCTOMAP/build/bin/test_mapcollection' has modification time 345351 s in the future
[50.883s] [ 67%] [32mBuilding CXX object octomap/src/testing/CMakeFiles/test_mapcollection.dir/test_mapcollection.cpp.o[0m
[52.669s] make[2]: warning:  Clock skew detected.  Your build may be incomplete.
[52.675s] [ 69%] Built target test_mapcollection
[52.682s] [35m[1mScanning dependencies of target unit_tests[0m
[52.685s] make[2]: Warning: File '/home/sentry/Wolf-Moon/src/ThirdParty/OCTOMAP/build/bin/unit_tests' has modification time 345355 s in the future
[52.690s] [ 70%] [32mBuilding CXX object octomap/src/testing/CMakeFiles/unit_tests.dir/unit_tests.cpp.o[0m
[54.905s] make[2]: warning:  Clock skew detected.  Your build may be incomplete.
[54.911s] [ 71%] Built target unit_tests
[54.918s] [35m[1mScanning dependencies of target octomap_run[0m
[54.938s] make[2]: Warning: File '/home/sentry/Wolf-Moon/src/ThirdParty/OCTOMAP/lib/libdm_lib.so' has modification time 345367 s in the future
[54.944s] [ 73%] [32mBuilding CXX object CMakeFiles/octomap_run.dir/octomap_PCD.cpp.o[0m
[62.481s] [ 74%] [32m[1mLinking CXX executable octomap_run[0m
[63.083s] /usr/bin/ld: warning: libglog.so.2, needed by /home/sentry/Wolf-Moon/src/ThirdParty/OCTOMAP/lib/libdm_lib.so, not found (try using -rpath or -rpath-link)
[63.083s] /usr/bin/ld: /home/sentry/Wolf-Moon/src/ThirdParty/OCTOMAP/lib/libdm_lib.so: undefined reference to `google::LogMessage::LogMessage(char const*, int, google::LogSeverity)'
[63.083s] collect2: error: ld returned 1 exit status
[63.084s] make[2]: *** [CMakeFiles/octomap_run.dir/build.make:179: octomap_run] Error 1
[63.084s] make[1]: *** [CMakeFiles/Makefile2:234: CMakeFiles/octomap_run.dir/all] Error 2
[63.085s] make: *** [Makefile:152: all] Error 2
[63.087s] Invoked command in '/home/sentry/Wolf-Moon/build/octomap_dynamic_map' returned '2': /usr/bin/cmake --build /home/sentry/Wolf-Moon/build/octomap_dynamic_map -- -j12 -l12
