Traceback (most recent call last):
  File "/opt/ros/galactic/share/rosidl_generator_c/cmake/../../../lib/rosidl_generator_c/rosidl_generator_c", line 8, in <module>
    from rosidl_generator_c import generate_c
  File "/opt/ros/galactic/lib/python3.8/site-packages/rosidl_generator_c/__init__.py", line 15, in <module>
Traceback (most recent call last):
  File "/opt/ros/galactic/share/rosidl_generator_cpp/cmake/../../../lib/rosidl_generator_cpp/rosidl_generator_cpp", line 8, in <module>
    from rosidl_generator_cpp import generate_cpp
  File "/opt/ros/galactic/lib/python3.8/site-packages/rosidl_generator_cpp/__init__.py", line 17, in <module>
    from rosidl_cmake import generate_files
    from rosidl_cmake import convert_camel_case_to_lower_case_underscore
  File "/opt/ros/galactic/lib/python3.8/site-packages/rosidl_cmake/__init__.py", line 24, in <module>
  File "/opt/ros/galactic/lib/python3.8/site-packages/rosidl_cmake/__init__.py", line 24, in <module>
    from rosidl_parser.parser import parse_idl_file
  File "/opt/ros/galactic/lib/python3.8/site-packages/rosidl_parser/parser.py", line 20, in <module>
    from rosidl_parser.parser import parse_idl_file
    from lark import Lark
  File "/usr/lib/python3/dist-packages/lark/__init__.py", line 6, in <module>
  File "/opt/ros/galactic/lib/python3.8/site-packages/rosidl_parser/parser.py", line 20, in <module>
    from lark import Lark
  File "/usr/lib/python3/dist-packages/lark/__init__.py", line 6, in <module>
    from .lark import Lark
  File "<frozen importlib._bootstrap>", line 991, in _find_and_load
  File "<frozen importlib._bootstrap>", line 975, in _find_and_load_unlocked
  File "<frozen importlib._bootstrap>", line 671, in _load_unlocked
  File "<frozen importlib._bootstrap_external>", line 844, in exec_module
  File "<frozen importlib._bootstrap_external>", line 976, in get_code
  File "<frozen importlib._bootstrap_external>", line 640, in _compile_bytecode
KeyboardInterrupt
    from .lark import Lark
  File "/usr/lib/python3/dist-packages/lark/lark.py", line 7, in <module>
    from .load_grammar import load_grammar
  File "/usr/lib/python3/dist-packages/lark/load_grammar.py", line 856, in <module>
    load_grammar = GrammarLoader().load_grammar
  File "/usr/lib/python3/dist-packages/lark/load_grammar.py", line 693, in __init__
    self.parser = LALR_TraditionalLexer(lexer_conf, parser_conf)
  File "/usr/lib/python3/dist-packages/lark/parser_frontends.py", line 96, in __init__
    self.parser = LALR_Parser(parser_conf, debug=debug)
  File "/usr/lib/python3/dist-packages/lark/parsers/lalr_parser.py", line 17, in __init__
    analysis.compute_lalr()
  File "/usr/lib/python3/dist-packages/lark/parsers/lalr_analysis.py", line 284, in compute_lalr
    self.compute_lr0_states()
  File "/usr/lib/python3/dist-packages/lark/parsers/lalr_analysis.py", line 172, in compute_lr0_states
    for _ in bfs(self.lr0_start_states.values(), step):
  File "/usr/lib/python3/dist-packages/lark/utils.py", line 30, in bfs
    for next_node in expand(node):
  File "/usr/lib/python3/dist-packages/lark/parsers/lalr_analysis.py", line 155, in step
    d = classify(unsat, lambda rp: rp.next)
  File "/usr/lib/python3/dist-packages/lark/utils.py", line 53, in classify
    def classify(seq, key=None, value=None):
KeyboardInterrupt
make[2]: *** [CMakeFiles/grid_map_msgs__cpp.dir/build.make:165: rosidl_generator_cpp/grid_map_msgs/msg/grid_map_info.hpp] Interrupt
make[1]: *** [CMakeFiles/Makefile2:469: CMakeFiles/grid_map_msgs__cpp.dir/all] Interrupt
make[2]: *** [CMakeFiles/grid_map_msgs__rosidl_generator_c.dir/build.make:141: rosidl_generator_c/grid_map_msgs/msg/grid_map_info.h] Interrupt
make[1]: *** [CMakeFiles/Makefile2:441: CMakeFiles/grid_map_msgs__rosidl_generator_c.dir/all] Interrupt
make: *** [Makefile:141: all] Interrupt
