[0.018s] Invoking command in '/home/sentry/Wolf-Moon/build/grid_map_msgs': AMENT_PREFIX_PATH=/home/sentry/Wolf-Moon/install/grid_map_cmake_helpers:${AMENT_PREFIX_PATH} CMAKE_PREFIX_PATH=/home/sentry/Wolf-Moon/install/grid_map_cmake_helpers:/opt/ros/galactic /usr/bin/cmake /home/sentry/Wolf-Moon/src/ThirdParty/grid_map/grid_map_msgs -DCMAKE_INSTALL_PREFIX=/home/sentry/Wolf-Moon/install/grid_map_msgs
[0.081s] -- The C compiler identification is GNU 9.4.0
[0.145s] -- The CXX compiler identification is GNU 9.4.0
[0.150s] -- Check for working C compiler: /usr/bin/cc
[0.215s] -- Check for working C compiler: /usr/bin/cc -- works
[0.216s] -- Detecting C compiler ABI info
[0.285s] -- Detecting C compiler ABI info - done
[0.292s] -- Detecting C compile features
[0.292s] -- Detecting C compile features - done
[0.294s] -- Check for working CXX compiler: /usr/bin/c++
[0.347s] -- Check for working CXX compiler: /usr/bin/c++ -- works
[0.348s] -- Detecting CXX compiler ABI info
[0.416s] -- Detecting CXX compiler ABI info - done
[0.431s] -- Detecting CXX compile features
[0.432s] -- Detecting CXX compile features - done
[0.434s] -- Found ament_cmake: 1.1.6 (/opt/ros/galactic/share/ament_cmake/cmake)
[0.454s] -- Found PythonInterp: /usr/bin/python3 (found suitable version "3.8.10", minimum required is "3") 
[0.454s] -- Using PYTHON_EXECUTABLE: /usr/bin/python3
[0.519s] -- Found grid_map_cmake_helpers: 2.0.0 (/home/sentry/Wolf-Moon/install/grid_map_cmake_helpers/share/grid_map_cmake_helpers/cmake)
[0.521s] -- Found std_msgs: 2.2.4 (/opt/ros/galactic/share/std_msgs/cmake)
[0.557s] -- Using all available rosidl_typesupport_c: rosidl_typesupport_fastrtps_c;rosidl_typesupport_introspection_c
[0.565s] -- Found rosidl_adapter: 2.2.3 (/opt/ros/galactic/share/rosidl_adapter/cmake)
[0.645s] -- Found OpenSSL: /usr/lib/x86_64-linux-gnu/libcrypto.so (found version "1.1.1f")  
[0.682s] -- Found FastRTPS: /opt/ros/galactic/include  
[0.752s] -- Using all available rosidl_typesupport_cpp: rosidl_typesupport_fastrtps_cpp;rosidl_typesupport_introspection_cpp
[0.788s] -- Found geometry_msgs: 2.2.4 (/opt/ros/galactic/share/geometry_msgs/cmake)
[0.813s] -- Found rosidl_default_generators: 1.1.1 (/opt/ros/galactic/share/rosidl_default_generators/cmake)
[0.819s] -- Setting build type to Release as none was specified.
[0.836s] -- Found PythonInterp: /usr/bin/python3 (found version "3.8.10") 
[1.078s] -- Found ament_cmake_ros: 0.9.2 (/opt/ros/galactic/share/ament_cmake_ros/cmake)
[1.793s] -- Using all available rosidl_typesupport_c: rosidl_typesupport_fastrtps_c;rosidl_typesupport_introspection_c
[2.246s] -- Using all available rosidl_typesupport_cpp: rosidl_typesupport_fastrtps_cpp;rosidl_typesupport_introspection_cpp
[2.314s] -- Found PythonInterp: /usr/bin/python3 (found suitable version "3.8.10", minimum required is "3.5") 
[2.316s] -- Found python_cmake_module: 0.8.1 (/opt/ros/galactic/share/python_cmake_module/cmake)
[2.367s] -- Found PythonLibs: /usr/lib/x86_64-linux-gnu/libpython3.8.so (found suitable version "3.8.10", minimum required is "3.5") 
[2.368s] -- Using PYTHON_EXECUTABLE: /usr/bin/python3
[2.368s] -- Using PYTHON_INCLUDE_DIRS: /usr/include/python3.8
[2.368s] -- Using PYTHON_LIBRARIES: /usr/lib/x86_64-linux-gnu/libpython3.8.so
[2.402s] -- Found PythonExtra: .so  
[2.616s] -- Configuring done
[2.854s] -- Generating done
[2.885s] -- Build files have been written to: /home/sentry/Wolf-Moon/build/grid_map_msgs
[2.911s] Invoked command in '/home/sentry/Wolf-Moon/build/grid_map_msgs' returned '0': AMENT_PREFIX_PATH=/home/sentry/Wolf-Moon/install/grid_map_cmake_helpers:${AMENT_PREFIX_PATH} CMAKE_PREFIX_PATH=/home/sentry/Wolf-Moon/install/grid_map_cmake_helpers:/opt/ros/galactic /usr/bin/cmake /home/sentry/Wolf-Moon/src/ThirdParty/grid_map/grid_map_msgs -DCMAKE_INSTALL_PREFIX=/home/sentry/Wolf-Moon/install/grid_map_msgs
[2.912s] Invoking command in '/home/sentry/Wolf-Moon/build/grid_map_msgs': AMENT_PREFIX_PATH=/home/sentry/Wolf-Moon/install/grid_map_cmake_helpers:${AMENT_PREFIX_PATH} CMAKE_PREFIX_PATH=/home/sentry/Wolf-Moon/install/grid_map_cmake_helpers:/opt/ros/galactic /usr/bin/cmake --build /home/sentry/Wolf-Moon/build/grid_map_msgs -- -j12 -l12
[3.251s] [  1%] [34m[1mGenerating C code for ROS interfaces[0m
[3.251s] [35m[1mScanning dependencies of target grid_map_msgs__cpp[0m
[3.254s] [  2%] [34m[1mGenerating C++ code for ROS interfaces[0m
[3.255s] Traceback (most recent call last):
[3.256s]   File "/opt/ros/galactic/share/rosidl_generator_c/cmake/../../../lib/rosidl_generator_c/rosidl_generator_c", line 8, in <module>
[3.257s]     from rosidl_generator_c import generate_c
[3.257s]   File "/opt/ros/galactic/lib/python3.8/site-packages/rosidl_generator_c/__init__.py", line 15, in <module>
[3.257s] Traceback (most recent call last):
[3.257s]   File "/opt/ros/galactic/share/rosidl_generator_cpp/cmake/../../../lib/rosidl_generator_cpp/rosidl_generator_cpp", line 8, in <module>
[3.257s]     from rosidl_generator_cpp import generate_cpp
[3.257s]   File "/opt/ros/galactic/lib/python3.8/site-packages/rosidl_generator_cpp/__init__.py", line 17, in <module>
[3.257s]     from rosidl_cmake import generate_files
[3.258s]     from rosidl_cmake import convert_camel_case_to_lower_case_underscore
[3.258s]   File "/opt/ros/galactic/lib/python3.8/site-packages/rosidl_cmake/__init__.py", line 24, in <module>
[3.258s]   File "/opt/ros/galactic/lib/python3.8/site-packages/rosidl_cmake/__init__.py", line 24, in <module>
[3.258s]     from rosidl_parser.parser import parse_idl_file
[3.258s]   File "/opt/ros/galactic/lib/python3.8/site-packages/rosidl_parser/parser.py", line 20, in <module>
[3.258s]     from rosidl_parser.parser import parse_idl_file
[3.258s]     from lark import Lark
[3.258s]   File "/usr/lib/python3/dist-packages/lark/__init__.py", line 6, in <module>
[3.258s]   File "/opt/ros/galactic/lib/python3.8/site-packages/rosidl_parser/parser.py", line 20, in <module>
[3.258s]     from lark import Lark
[3.258s]   File "/usr/lib/python3/dist-packages/lark/__init__.py", line 6, in <module>
[3.258s]     from .lark import Lark
[3.258s]   File "<frozen importlib._bootstrap>", line 991, in _find_and_load
[3.258s]   File "<frozen importlib._bootstrap>", line 975, in _find_and_load_unlocked
[3.258s]   File "<frozen importlib._bootstrap>", line 671, in _load_unlocked
[3.258s]   File "<frozen importlib._bootstrap_external>", line 844, in exec_module
[3.258s]   File "<frozen importlib._bootstrap_external>", line 976, in get_code
[3.258s]   File "<frozen importlib._bootstrap_external>", line 640, in _compile_bytecode
[3.258s] KeyboardInterrupt
[3.258s]     from .lark import Lark
[3.258s]   File "/usr/lib/python3/dist-packages/lark/lark.py", line 7, in <module>
[3.259s]     from .load_grammar import load_grammar
[3.259s]   File "/usr/lib/python3/dist-packages/lark/load_grammar.py", line 856, in <module>
[3.259s]     load_grammar = GrammarLoader().load_grammar
[3.259s]   File "/usr/lib/python3/dist-packages/lark/load_grammar.py", line 693, in __init__
[3.259s]     self.parser = LALR_TraditionalLexer(lexer_conf, parser_conf)
[3.259s]   File "/usr/lib/python3/dist-packages/lark/parser_frontends.py", line 96, in __init__
[3.259s]     self.parser = LALR_Parser(parser_conf, debug=debug)
[3.259s]   File "/usr/lib/python3/dist-packages/lark/parsers/lalr_parser.py", line 17, in __init__
[3.259s]     analysis.compute_lalr()
[3.259s]   File "/usr/lib/python3/dist-packages/lark/parsers/lalr_analysis.py", line 284, in compute_lalr
[3.261s]     self.compute_lr0_states()
[3.261s]   File "/usr/lib/python3/dist-packages/lark/parsers/lalr_analysis.py", line 172, in compute_lr0_states
[3.261s]     for _ in bfs(self.lr0_start_states.values(), step):
[3.261s]   File "/usr/lib/python3/dist-packages/lark/utils.py", line 30, in bfs
[3.261s]     for next_node in expand(node):
[3.261s]   File "/usr/lib/python3/dist-packages/lark/parsers/lalr_analysis.py", line 155, in step
[3.261s]     d = classify(unsat, lambda rp: rp.next)
[3.261s]   File "/usr/lib/python3/dist-packages/lark/utils.py", line 53, in classify
[3.261s]     def classify(seq, key=None, value=None):
[3.261s] KeyboardInterrupt
[3.261s] make[2]: *** [CMakeFiles/grid_map_msgs__cpp.dir/build.make:165: rosidl_generator_cpp/grid_map_msgs/msg/grid_map_info.hpp] Interrupt
[3.261s] make[1]: *** [CMakeFiles/Makefile2:469: CMakeFiles/grid_map_msgs__cpp.dir/all] Interrupt
[3.262s] make[2]: *** [CMakeFiles/grid_map_msgs__rosidl_generator_c.dir/build.make:141: rosidl_generator_c/grid_map_msgs/msg/grid_map_info.h] Interrupt
[3.262s] make[1]: *** [CMakeFiles/Makefile2:441: CMakeFiles/grid_map_msgs__rosidl_generator_c.dir/all] Interrupt
[3.262s] make: *** [Makefile:141: all] Interrupt
