[0.061s] Invoking command in '/home/sentry/Wolf-Moon/build/grid_map_pcl': AMENT_PREFIX_PATH=/home/sentry/Wolf-Moon/install/grid_map_ros:/home/sentry/Wolf-Moon/install/grid_map_cv:/home/sentry/Wolf-Moon/install/nav2_msgs:/home/sentry/Wolf-Moon/install/grid_map_msgs:/home/sentry/Wolf-Moon/install/grid_map_core:/home/sentry/Wolf-Moon/install/nav2_common:/home/sentry/Wolf-Moon/install/grid_map_cmake_helpers:/home/sentry/Wolf-Moon/install/cv_bridge:${AMENT_PREFIX_PATH} CMAKE_PREFIX_PATH=/home/sentry/Wolf-Moon/install/grid_map_ros:/home/sentry/Wolf-Moon/install/grid_map_cv:/home/sentry/Wolf-Moon/install/nav2_msgs:/home/sentry/Wolf-Moon/install/grid_map_msgs:/home/sentry/Wolf-Moon/install/grid_map_core:/home/sentry/Wolf-Moon/install/nav2_common:/home/sentry/Wolf-Moon/install/grid_map_cmake_helpers:/home/sentry/Wolf-Moon/install/cv_bridge:/opt/ros/galactic LD_LIBRARY_PATH=/home/sentry/Wolf-Moon/install/grid_map_ros/lib:/home/sentry/Wolf-Moon/install/grid_map_cv/lib:/home/sentry/Wolf-Moon/install/nav2_msgs/lib:/home/sentry/Wolf-Moon/install/grid_map_msgs/lib:/home/sentry/Wolf-Moon/install/grid_map_core/lib:/home/sentry/Wolf-Moon/install/cv_bridge/lib:/opt/MVS/lib/64:/opt/MVS/lib/32:/usr/lib/x86_64-linux-gnu/gazebo-11/plugins:/opt/ros/galactic/opt/yaml_cpp_vendor/lib:/opt/ros/galactic/opt/rviz_ogre_vendor/lib:/opt/ros/galactic/lib/x86_64-linux-gnu:/opt/ros/galactic/lib:/home/sentry/TUP2024-Sentry-Framework/src/IG_LIO_SLAM/ThirdParty/octomap-Dynamic_point_cloud_removal/lib:/opt/intel/openvino_2022/tools/compile_tool:/opt/intel/openvino_2022/runtime/3rdparty/hddl/lib:/opt/intel/openvino_2022/runtime/lib/intel64:/opt/MVS/lib/64:/opt/MVS/lib/32:/opt/MVS/lib/64:/opt/MVS/lib/32:/usr/local/opencv4/lib PYTHONPATH=/home/sentry/Wolf-Moon/install/nav2_msgs/lib/python3.8/site-packages:/home/sentry/Wolf-Moon/install/grid_map_msgs/lib/python3.8/site-packages:/home/sentry/Wolf-Moon/install/nav2_common/lib/python3.8/site-packages:/home/sentry/Wolf-Moon/install/cv_bridge/lib/python3.8/site-packages:/opt/ros/galactic/lib/python3.8/site-packages:/opt/intel/openvino_2022/python/python3.8:/opt/intel/openvino_2022/python/python3 /usr/bin/cmake /home/sentry/Wolf-Moon/src/ThirdParty/grid_map/grid_map_pcl -DCMAKE_INSTALL_PREFIX=/home/sentry/Wolf-Moon/install/grid_map_pcl
[0.140s] -- The C compiler identification is GNU 9.4.0
[0.219s] -- The CXX compiler identification is GNU 9.4.0
[0.226s] -- Check for working C compiler: /usr/bin/cc
[0.347s] -- Check for working C compiler: /usr/bin/cc -- works
[0.347s] -- Detecting C compiler ABI info
[0.431s] -- Detecting C compiler ABI info - done
[0.445s] -- Detecting C compile features
[0.446s] -- Detecting C compile features - done
[0.450s] -- Check for working CXX compiler: /usr/bin/c++
[0.578s] -- Check for working CXX compiler: /usr/bin/c++ -- works
[0.580s] -- Detecting CXX compiler ABI info
[0.743s] -- Detecting CXX compiler ABI info - done
[0.745s] -- Detecting CXX compile features
[0.746s] -- Detecting CXX compile features - done
[0.750s] -- Found ament_cmake: 1.1.6 (/opt/ros/galactic/share/ament_cmake/cmake)
[0.783s] -- Found PythonInterp: /usr/bin/python3 (found suitable version "3.8.10", minimum required is "3") 
[0.783s] -- Using PYTHON_EXECUTABLE: /usr/bin/python3
[0.905s] -- Found grid_map_cmake_helpers: 2.0.0 (/home/sentry/Wolf-Moon/install/grid_map_cmake_helpers/share/grid_map_cmake_helpers/cmake)
[0.907s] -- Found grid_map_core: 2.0.0 (/home/sentry/Wolf-Moon/install/grid_map_core/share/grid_map_core/cmake)
[0.910s] -- Found grid_map_msgs: 2.0.0 (/home/sentry/Wolf-Moon/install/grid_map_msgs/share/grid_map_msgs/cmake)
[0.962s] -- Using all available rosidl_typesupport_c: rosidl_typesupport_fastrtps_c;rosidl_typesupport_introspection_c
[0.973s] -- Found rosidl_adapter: 2.2.3 (/opt/ros/galactic/share/rosidl_adapter/cmake)
[1.080s] -- Found OpenSSL: /usr/lib/x86_64-linux-gnu/libcrypto.so (found version "1.1.1f")  
[1.112s] -- Found FastRTPS: /opt/ros/galactic/include  
[1.210s] -- Using all available rosidl_typesupport_cpp: rosidl_typesupport_fastrtps_cpp;rosidl_typesupport_introspection_cpp
[1.452s] -- Found grid_map_ros: 2.0.0 (/home/sentry/Wolf-Moon/install/grid_map_ros/share/grid_map_ros/cmake)
[1.834s] -- Found rmw_implementation_cmake: 3.3.1 (/opt/ros/galactic/share/rmw_implementation_cmake/cmake)
[1.839s] -- Found rmw_cyclonedds_cpp: 0.22.6 (/opt/ros/galactic/share/rmw_cyclonedds_cpp/cmake)
[1.871s] -- Using RMW implementation 'rmw_cyclonedds_cpp' as default
[1.873s] -- Looking for pthread.h
[1.964s] -- Looking for pthread.h - found
[1.964s] -- Performing Test CMAKE_HAVE_LIBC_PTHREAD
[2.055s] -- Performing Test CMAKE_HAVE_LIBC_PTHREAD - Failed
[2.055s] -- Looking for pthread_create in pthreads
[2.127s] -- Looking for pthread_create in pthreads - not found
[2.127s] -- Looking for pthread_create in pthread
[2.219s] -- Looking for pthread_create in pthread - found
[2.220s] -- Found Threads: TRUE  
[3.409s] -- Checking for module 'eigen3'
[3.429s] --   Found eigen3, version 3.3.7
[3.478s] -- Found Eigen: /usr/include/eigen3 (Required is at least version "3.1") 
[3.478s] -- Eigen found (include: /usr/include/eigen3, version: 3.3.7)
[3.554s] -- Found Boost: /usr/include (found suitable version "1.71.0", minimum required is "1.55.0") found components: system filesystem date_time iostreams regex 
[3.576s] -- Checking for module 'flann'
[3.593s] --   Found flann, version 1.9.1
[3.649s] -- Found FLANN: /usr/lib/x86_64-linux-gnu/libflann_cpp.so  
[3.726s] -- The imported target "vtkParseOGLExt" references the file
[3.726s]    "/usr/bin/vtkParseOGLExt-7.1"
[3.726s] but this file does not exist.  Possible reasons include:
[3.726s] * The file was deleted, renamed, or moved to another location.
[3.727s] * An install or uninstall procedure did not complete successfully.
[3.727s] * The installation package was faulty and contained
[3.727s]    "/usr/lib/cmake/vtk-7.1/VTKTargets.cmake"
[3.727s] but not all the files it references.
[3.727s] 
[3.727s] -- The imported target "vtkRenderingPythonTkWidgets" references the file
[3.727s]    "/usr/lib/x86_64-linux-gnu/libvtkRenderingPythonTkWidgets.so"
[3.727s] but this file does not exist.  Possible reasons include:
[3.728s] * The file was deleted, renamed, or moved to another location.
[3.728s] * An install or uninstall procedure did not complete successfully.
[3.728s] * The installation package was faulty and contained
[3.728s]    "/usr/lib/cmake/vtk-7.1/VTKTargets.cmake"
[3.728s] but not all the files it references.
[3.728s] 
[3.728s] -- The imported target "vtk" references the file
[3.728s]    "/usr/bin/vtk"
[3.729s] but this file does not exist.  Possible reasons include:
[3.729s] * The file was deleted, renamed, or moved to another location.
[3.729s] * An install or uninstall procedure did not complete successfully.
[3.729s] * The installation package was faulty and contained
[3.729s]    "/usr/lib/cmake/vtk-7.1/VTKTargets.cmake"
[3.729s] but not all the files it references.
[3.729s] 
[3.729s] -- The imported target "pvtk" references the file
[3.729s]    "/usr/bin/pvtk"
[3.729s] but this file does not exist.  Possible reasons include:
[3.730s] * The file was deleted, renamed, or moved to another location.
[3.730s] * An install or uninstall procedure did not complete successfully.
[3.730s] * The installation package was faulty and contained
[3.730s]    "/usr/lib/cmake/vtk-7.1/VTKTargets.cmake"
[3.730s] but not all the files it references.
[3.730s] 
[3.754s] -- Checking for module 'libusb-1.0'
[3.775s] --   Found libusb-1.0, version 1.0.23
[3.826s] -- Found USB_10: /usr/lib/x86_64-linux-gnu/libusb-1.0.so  
[3.896s] -- Found OpenNI: /usr/lib/libOpenNI.so  
[3.896s] -- OpenNI found (include: /usr/include/ni, lib: /usr/lib/libOpenNI.so)
[3.976s] -- Found OpenNI2: /usr/lib/libOpenNI2.so  
[3.976s] -- OpenNI2 found (include: /usr/include/openni2, lib: /usr/lib/libOpenNI2.so)
[3.977s] ** WARNING ** io features related to pcap will be disabled
[3.977s] ** WARNING ** io features related to png will be disabled
[3.995s] -- Found libusb-1.0: /usr/include  
[3.995s] ** WARNING ** io features related to libusb-1.0 will be disabled
[4.003s] -- OpenNI found (include: /usr/include/ni, lib: /usr/lib/libOpenNI.so)
[4.011s] -- OpenNI2 found (include: /usr/include/openni2, lib: /usr/lib/libOpenNI2.so)
[4.046s] -- Found Qhull: optimized;/usr/lib/x86_64-linux-gnu/libqhull.so;debug;/usr/lib/x86_64-linux-gnu/libqhull.so  
[4.046s] -- QHULL found (include: /usr/include, lib: optimized;/usr/lib/x86_64-linux-gnu/libqhull.so;debug;/usr/lib/x86_64-linux-gnu/libqhull.so)
[4.054s] -- OpenNI found (include: /usr/include/ni, lib: /usr/lib/libOpenNI.so)
[4.070s] -- looking for PCL_COMMON
[4.071s] -- Found PCL_COMMON: /usr/lib/x86_64-linux-gnu/libpcl_common.so  
[4.072s] -- looking for PCL_KDTREE
[4.073s] -- Found PCL_KDTREE: /usr/lib/x86_64-linux-gnu/libpcl_kdtree.so  
[4.073s] -- looking for PCL_OCTREE
[4.075s] -- Found PCL_OCTREE: /usr/lib/x86_64-linux-gnu/libpcl_octree.so  
[4.075s] -- looking for PCL_SEARCH
[4.076s] -- Found PCL_SEARCH: /usr/lib/x86_64-linux-gnu/libpcl_search.so  
[4.076s] -- looking for PCL_SAMPLE_CONSENSUS
[4.078s] -- Found PCL_SAMPLE_CONSENSUS: /usr/lib/x86_64-linux-gnu/libpcl_sample_consensus.so  
[4.078s] -- looking for PCL_FILTERS
[4.079s] -- Found PCL_FILTERS: /usr/lib/x86_64-linux-gnu/libpcl_filters.so  
[4.079s] -- looking for PCL_2D
[4.080s] -- Found PCL_2D: /usr/include/pcl-1.10  
[4.080s] -- looking for PCL_GEOMETRY
[4.080s] -- Found PCL_GEOMETRY: /usr/include/pcl-1.10  
[4.081s] -- looking for PCL_IO
[4.082s] -- Found PCL_IO: /usr/lib/x86_64-linux-gnu/libpcl_io.so  
[4.082s] -- looking for PCL_FEATURES
[4.083s] -- Found PCL_FEATURES: /usr/lib/x86_64-linux-gnu/libpcl_features.so  
[4.084s] -- looking for PCL_ML
[4.085s] -- Found PCL_ML: /usr/lib/x86_64-linux-gnu/libpcl_ml.so  
[4.085s] -- looking for PCL_SEGMENTATION
[4.086s] -- Found PCL_SEGMENTATION: /usr/lib/x86_64-linux-gnu/libpcl_segmentation.so  
[4.087s] -- looking for PCL_VISUALIZATION
[4.088s] -- Found PCL_VISUALIZATION: /usr/lib/x86_64-linux-gnu/libpcl_visualization.so  
[4.089s] -- looking for PCL_SURFACE
[4.090s] -- Found PCL_SURFACE: /usr/lib/x86_64-linux-gnu/libpcl_surface.so  
[4.090s] -- looking for PCL_REGISTRATION
[4.091s] -- Found PCL_REGISTRATION: /usr/lib/x86_64-linux-gnu/libpcl_registration.so  
[4.092s] -- looking for PCL_KEYPOINTS
[4.093s] -- Found PCL_KEYPOINTS: /usr/lib/x86_64-linux-gnu/libpcl_keypoints.so  
[4.094s] -- looking for PCL_TRACKING
[4.095s] -- Found PCL_TRACKING: /usr/lib/x86_64-linux-gnu/libpcl_tracking.so  
[4.095s] -- looking for PCL_RECOGNITION
[4.097s] -- Found PCL_RECOGNITION: /usr/lib/x86_64-linux-gnu/libpcl_recognition.so  
[4.097s] -- looking for PCL_STEREO
[4.099s] -- Found PCL_STEREO: /usr/lib/x86_64-linux-gnu/libpcl_stereo.so  
[4.099s] -- looking for PCL_APPS
[4.100s] -- Found PCL_APPS: /usr/lib/x86_64-linux-gnu/libpcl_apps.so  
[4.101s] -- looking for PCL_IN_HAND_SCANNER
[4.102s] -- Found PCL_IN_HAND_SCANNER: /usr/include/pcl-1.10  
[4.102s] -- looking for PCL_POINT_CLOUD_EDITOR
[4.102s] -- Found PCL_POINT_CLOUD_EDITOR: /usr/include/pcl-1.10  
[4.103s] -- looking for PCL_OUTOFCORE
[4.104s] -- Found PCL_OUTOFCORE: /usr/lib/x86_64-linux-gnu/libpcl_outofcore.so  
[4.104s] -- looking for PCL_PEOPLE
[4.106s] -- Found PCL_PEOPLE: /usr/lib/x86_64-linux-gnu/libpcl_people.so  
[4.107s] -- Found PCL: pcl_common;pcl_kdtree;pcl_octree;pcl_search;pcl_sample_consensus;pcl_filters;pcl_io;pcl_features;pcl_ml;pcl_segmentation;pcl_visualization;pcl_surface;pcl_registration;pcl_keypoints;pcl_tracking;pcl_recognition;pcl_stereo;pcl_apps;pcl_outofcore;pcl_people;/usr/lib/x86_64-linux-gnu/libboost_system.so;/usr/lib/x86_64-linux-gnu/libboost_filesystem.so;/usr/lib/x86_64-linux-gnu/libboost_date_time.so;/usr/lib/x86_64-linux-gnu/libboost_iostreams.so;/usr/lib/x86_64-linux-gnu/libboost_regex.so;optimized;/usr/lib/x86_64-linux-gnu/libqhull.so;debug;/usr/lib/x86_64-linux-gnu/libqhull.so;/usr/lib/libOpenNI.so;/usr/lib/libOpenNI2.so;vtkChartsCore;vtkCommonColor;vtkCommonCore;vtksys;vtkCommonDataModel;vtkCommonMath;vtkCommonMisc;vtkCommonSystem;vtkCommonTransforms;vtkCommonExecutionModel;vtkFiltersGeneral;vtkCommonComputationalGeometry;vtkFiltersCore;vtkInfovisCore;vtkFiltersExtraction;vtkFiltersStatistics;vtkImagingFourier;vtkImagingCore;vtkalglib;vtkRenderingContext2D;vtkRenderingCore;vtkFiltersGeometry;vtkFiltersSources;vtkRenderingFreeType;/usr/lib/x86_64-linux-gnu/libfreetype.so;/usr/lib/x86_64-linux-gnu/libz.so;vtkFiltersModeling;vtkImagingSources;vtkInteractionStyle;vtkInteractionWidgets;vtkFiltersHybrid;vtkImagingColor;vtkImagingGeneral;vtkImagingHybrid;vtkIOImage;vtkDICOMParser;vtkmetaio;/usr/lib/x86_64-linux-gnu/libjpeg.so;/usr/lib/x86_64-linux-gnu/libpng.so;/usr/lib/x86_64-linux-gnu/libtiff.so;vtkRenderingAnnotation;vtkRenderingVolume;vtkIOXML;vtkIOCore;vtkIOXMLParser;/usr/lib/x86_64-linux-gnu/libexpat.so;vtkIOGeometry;vtkIOLegacy;vtkIOPLY;vtkRenderingLOD;vtkViewsContext2D;vtkViewsCore;vtkRenderingContextOpenGL2;vtkRenderingOpenGL2;FLANN::FLANN  
[4.512s] -- Setting build type to Release as none was specified.
[5.208s] -- Found ament_lint_auto: 0.10.7 (/opt/ros/galactic/share/ament_lint_auto/cmake)
[5.308s] -- Found gtest sources under '/opt/ros/galactic/src/gtest_vendor': C++ tests using 'Google Test' will be built
[5.313s] -- Check if compiler accepts -pthread
[5.405s] -- Check if compiler accepts -pthread - yes
[5.415s] -- Added test 'cppcheck' to perform static code analysis on C / C++ code
[5.417s] -- Configured cppcheck include dirs: /home/sentry/Wolf-Moon/src/ThirdParty/grid_map/grid_map_pcl/include
[5.417s] -- Configured cppcheck exclude dirs and/or files: 
[5.418s] -- Added test 'flake8' to check Python code syntax and style conventions
[5.419s] -- Added test 'lint_cmake' to check CMake code style
[5.420s] -- Added test 'pep257' to check Python code against some of the style conventions in PEP 257
[5.422s] -- Added test 'uncrustify' to check C / C++ code style
[5.422s] -- Configured uncrustify additional arguments: 
[5.422s] -- Added test 'xmllint' to check XML markup files
[5.429s] -- Configuring done
[5.648s] -- Generating done
[5.726s] -- Build files have been written to: /home/sentry/Wolf-Moon/build/grid_map_pcl
