[0.042s] Invoking command in '/home/sentry/Wolf-Moon/build/octomap_dynamic_map': /usr/bin/cmake /home/sentry/Wolf-Moon/src/ThirdParty/OCTOMAP -DCMAKE_INSTALL_PREFIX=/home/sentry/Wolf-Moon/install/octomap_dynamic_map
[0.296s] -- The CXX compiler identification is GNU 9.4.0
[0.308s] -- Check for working CXX compiler: /usr/bin/c++
[0.398s] -- Check for working CXX compiler: /usr/bin/c++ -- works
[0.401s] -- Detecting CXX compiler ABI info
[0.496s] -- Detecting CXX compiler ABI info - done
[0.508s] -- Detecting CXX compile features
[0.509s] -- Detecting CXX compile features - done
[0.545s] -- The C compiler identification is GNU 9.4.0
[0.549s] -- Check for working C compiler: /usr/bin/cc
[0.595s] -- Check for working C compiler: /usr/bin/cc -- works
[0.597s] -- Detecting C compiler ABI info
[0.663s] -- Detecting C compiler ABI info - done
[0.681s] -- Detecting C compile features
[0.681s] -- Detecting C compile features - done
[0.693s] -- octomap building as Release
[0.693s] 
[0.693s] 
[0.705s] -- Could NOT find Doxygen (missing: DOXYGEN_EXECUTABLE) 
[0.721s] -- Compile octomap using: make
[0.721s] -- Install octomap using: make install
[0.721s] --     (be sure to set the correct CMAKE_INSTALL_PREFIX before)
[0.721s] -- Compile API-documentation using: make docs
[0.721s] 
[0.722s] 
[0.722s] 
[0.761s] -- Checking for module 'eigen3'
[0.804s] --   Found eigen3, version 3.3.7
[0.837s] -- Found Eigen: /usr/include/eigen3 (Required is at least version "3.1") 
[0.837s] -- Eigen found (include: /usr/include/eigen3, version: 3.3.7)
[0.927s] -- Found Boost: /usr/include (found suitable version "1.71.0", minimum required is "1.55.0") found components: system filesystem date_time iostreams regex 
[0.950s] -- Checking for module 'flann'
[0.965s] --   Found flann, version 1.9.1
[1.024s] -- Found FLANN: /usr/lib/x86_64-linux-gnu/libflann_cpp.so  
[1.108s] -- The imported target "vtkParseOGLExt" references the file
[1.108s]    "/usr/bin/vtkParseOGLExt-7.1"
[1.108s] but this file does not exist.  Possible reasons include:
[1.108s] * The file was deleted, renamed, or moved to another location.
[1.108s] * An install or uninstall procedure did not complete successfully.
[1.108s] * The installation package was faulty and contained
[1.108s]    "/usr/lib/cmake/vtk-7.1/VTKTargets.cmake"
[1.108s] but not all the files it references.
[1.108s] 
[1.110s] -- The imported target "vtkRenderingPythonTkWidgets" references the file
[1.110s]    "/usr/lib/x86_64-linux-gnu/libvtkRenderingPythonTkWidgets.so"
[1.110s] but this file does not exist.  Possible reasons include:
[1.110s] * The file was deleted, renamed, or moved to another location.
[1.110s] * An install or uninstall procedure did not complete successfully.
[1.110s] * The installation package was faulty and contained
[1.110s]    "/usr/lib/cmake/vtk-7.1/VTKTargets.cmake"
[1.110s] but not all the files it references.
[1.110s] 
[1.111s] -- The imported target "vtk" references the file
[1.111s]    "/usr/bin/vtk"
[1.111s] but this file does not exist.  Possible reasons include:
[1.111s] * The file was deleted, renamed, or moved to another location.
[1.111s] * An install or uninstall procedure did not complete successfully.
[1.111s] * The installation package was faulty and contained
[1.111s]    "/usr/lib/cmake/vtk-7.1/VTKTargets.cmake"
[1.111s] but not all the files it references.
[1.111s] 
[1.111s] -- The imported target "pvtk" references the file
[1.111s]    "/usr/bin/pvtk"
[1.111s] but this file does not exist.  Possible reasons include:
[1.111s] * The file was deleted, renamed, or moved to another location.
[1.111s] * An install or uninstall procedure did not complete successfully.
[1.111s] * The installation package was faulty and contained
[1.111s]    "/usr/lib/cmake/vtk-7.1/VTKTargets.cmake"
[1.112s] but not all the files it references.
[1.112s] 
[1.143s] -- Checking for module 'libusb-1.0'
[1.160s] --   Found libusb-1.0, version 1.0.23
[1.207s] -- Found USB_10: /usr/lib/x86_64-linux-gnu/libusb-1.0.so  
[1.271s] -- Found OpenNI: /usr/lib/libOpenNI.so  
[1.272s] -- OpenNI found (include: /usr/include/ni, lib: /usr/lib/libOpenNI.so)
[1.346s] -- Found OpenNI2: /usr/lib/libOpenNI2.so  
[1.346s] -- OpenNI2 found (include: /usr/include/openni2, lib: /usr/lib/libOpenNI2.so)
[1.346s] ** WARNING ** io features related to pcap will be disabled
[1.347s] ** WARNING ** io features related to png will be disabled
[1.366s] -- Found libusb-1.0: /usr/include  
[1.366s] ** WARNING ** io features related to libusb-1.0 will be disabled
[1.373s] -- OpenNI found (include: /usr/include/ni, lib: /usr/lib/libOpenNI.so)
[1.382s] -- OpenNI2 found (include: /usr/include/openni2, lib: /usr/lib/libOpenNI2.so)
[1.421s] -- Found Qhull: optimized;/usr/lib/x86_64-linux-gnu/libqhull.so;debug;/usr/lib/x86_64-linux-gnu/libqhull.so  
[1.422s] -- QHULL found (include: /usr/include, lib: optimized;/usr/lib/x86_64-linux-gnu/libqhull.so;debug;/usr/lib/x86_64-linux-gnu/libqhull.so)
[1.429s] -- OpenNI found (include: /usr/include/ni, lib: /usr/lib/libOpenNI.so)
[1.446s] -- looking for PCL_COMMON
[1.448s] -- Found PCL_COMMON: /usr/lib/x86_64-linux-gnu/libpcl_common.so  
[1.449s] -- looking for PCL_KDTREE
[1.460s] -- Found PCL_KDTREE: /usr/lib/x86_64-linux-gnu/libpcl_kdtree.so  
[1.460s] -- looking for PCL_OCTREE
[1.462s] -- Found PCL_OCTREE: /usr/lib/x86_64-linux-gnu/libpcl_octree.so  
[1.463s] -- looking for PCL_SEARCH
[1.466s] -- Found PCL_SEARCH: /usr/lib/x86_64-linux-gnu/libpcl_search.so  
[1.467s] -- looking for PCL_SAMPLE_CONSENSUS
[1.469s] -- Found PCL_SAMPLE_CONSENSUS: /usr/lib/x86_64-linux-gnu/libpcl_sample_consensus.so  
[1.470s] -- looking for PCL_FILTERS
[1.471s] -- Found PCL_FILTERS: /usr/lib/x86_64-linux-gnu/libpcl_filters.so  
[1.472s] -- looking for PCL_2D
[1.473s] -- Found PCL_2D: /usr/include/pcl-1.10  
[1.479s] -- looking for PCL_GEOMETRY
[1.479s] -- Found PCL_GEOMETRY: /usr/include/pcl-1.10  
[1.480s] -- looking for PCL_IO
[1.482s] -- Found PCL_IO: /usr/lib/x86_64-linux-gnu/libpcl_io.so  
[1.482s] -- looking for PCL_FEATURES
[1.484s] -- Found PCL_FEATURES: /usr/lib/x86_64-linux-gnu/libpcl_features.so  
[1.485s] -- looking for PCL_ML
[1.487s] -- Found PCL_ML: /usr/lib/x86_64-linux-gnu/libpcl_ml.so  
[1.488s] -- looking for PCL_SEGMENTATION
[1.490s] -- Found PCL_SEGMENTATION: /usr/lib/x86_64-linux-gnu/libpcl_segmentation.so  
[1.492s] -- looking for PCL_VISUALIZATION
[1.494s] -- Found PCL_VISUALIZATION: /usr/lib/x86_64-linux-gnu/libpcl_visualization.so  
[1.495s] -- looking for PCL_SURFACE
[1.499s] -- Found PCL_SURFACE: /usr/lib/x86_64-linux-gnu/libpcl_surface.so  
[1.499s] -- looking for PCL_REGISTRATION
[1.500s] -- Found PCL_REGISTRATION: /usr/lib/x86_64-linux-gnu/libpcl_registration.so  
[1.501s] -- looking for PCL_KEYPOINTS
[1.503s] -- Found PCL_KEYPOINTS: /usr/lib/x86_64-linux-gnu/libpcl_keypoints.so  
[1.504s] -- looking for PCL_TRACKING
[1.505s] -- Found PCL_TRACKING: /usr/lib/x86_64-linux-gnu/libpcl_tracking.so  
[1.506s] -- looking for PCL_RECOGNITION
[1.508s] -- Found PCL_RECOGNITION: /usr/lib/x86_64-linux-gnu/libpcl_recognition.so  
[1.509s] -- looking for PCL_STEREO
[1.511s] -- Found PCL_STEREO: /usr/lib/x86_64-linux-gnu/libpcl_stereo.so  
[1.511s] -- looking for PCL_APPS
[1.513s] -- Found PCL_APPS: /usr/lib/x86_64-linux-gnu/libpcl_apps.so  
[1.514s] -- looking for PCL_IN_HAND_SCANNER
[1.515s] -- Found PCL_IN_HAND_SCANNER: /usr/include/pcl-1.10  
[1.516s] -- looking for PCL_POINT_CLOUD_EDITOR
[1.522s] -- Found PCL_POINT_CLOUD_EDITOR: /usr/include/pcl-1.10  
[1.522s] -- looking for PCL_OUTOFCORE
[1.524s] -- Found PCL_OUTOFCORE: /usr/lib/x86_64-linux-gnu/libpcl_outofcore.so  
[1.525s] -- looking for PCL_PEOPLE
[1.527s] -- Found PCL_PEOPLE: /usr/lib/x86_64-linux-gnu/libpcl_people.so  
[1.529s] -- Found PCL: pcl_common;pcl_kdtree;pcl_octree;pcl_search;pcl_sample_consensus;pcl_filters;pcl_io;pcl_features;pcl_ml;pcl_segmentation;pcl_visualization;pcl_surface;pcl_registration;pcl_keypoints;pcl_tracking;pcl_recognition;pcl_stereo;pcl_apps;pcl_outofcore;pcl_people;/usr/lib/x86_64-linux-gnu/libboost_system.so;/usr/lib/x86_64-linux-gnu/libboost_filesystem.so;/usr/lib/x86_64-linux-gnu/libboost_date_time.so;/usr/lib/x86_64-linux-gnu/libboost_iostreams.so;/usr/lib/x86_64-linux-gnu/libboost_regex.so;optimized;/usr/lib/x86_64-linux-gnu/libqhull.so;debug;/usr/lib/x86_64-linux-gnu/libqhull.so;/usr/lib/libOpenNI.so;/usr/lib/libOpenNI2.so;vtkChartsCore;vtkCommonColor;vtkCommonCore;vtksys;vtkCommonDataModel;vtkCommonMath;vtkCommonMisc;vtkCommonSystem;vtkCommonTransforms;vtkCommonExecutionModel;vtkFiltersGeneral;vtkCommonComputationalGeometry;vtkFiltersCore;vtkInfovisCore;vtkFiltersExtraction;vtkFiltersStatistics;vtkImagingFourier;vtkImagingCore;vtkalglib;vtkRenderingContext2D;vtkRenderingCore;vtkFiltersGeometry;vtkFiltersSources;vtkRenderingFreeType;/usr/lib/x86_64-linux-gnu/libfreetype.so;/usr/lib/x86_64-linux-gnu/libz.so;vtkFiltersModeling;vtkImagingSources;vtkInteractionStyle;vtkInteractionWidgets;vtkFiltersHybrid;vtkImagingColor;vtkImagingGeneral;vtkImagingHybrid;vtkIOImage;vtkDICOMParser;vtkmetaio;/usr/lib/x86_64-linux-gnu/libjpeg.so;/usr/lib/x86_64-linux-gnu/libpng.so;/usr/lib/x86_64-linux-gnu/libtiff.so;vtkRenderingAnnotation;vtkRenderingVolume;vtkIOXML;vtkIOCore;vtkIOXMLParser;/usr/lib/x86_64-linux-gnu/libexpat.so;vtkIOGeometry;vtkIOLegacy;vtkIOPLY;vtkRenderingLOD;vtkViewsContext2D;vtkViewsCore;vtkRenderingContextOpenGL2;vtkRenderingOpenGL2;FLANN::FLANN  
[1.543s] -- Configuring done
[1.804s] -- Generating done
[1.886s] -- Build files have been written to: /home/sentry/Wolf-Moon/build/octomap_dynamic_map
[1.918s] Invoked command in '/home/sentry/Wolf-Moon/build/octomap_dynamic_map' returned '0': /usr/bin/cmake /home/sentry/Wolf-Moon/src/ThirdParty/OCTOMAP -DCMAKE_INSTALL_PREFIX=/home/sentry/Wolf-Moon/install/octomap_dynamic_map
[1.919s] Invoking command in '/home/sentry/Wolf-Moon/build/octomap_dynamic_map': /usr/bin/cmake --build /home/sentry/Wolf-Moon/build/octomap_dynamic_map -- -j12 -l12
[3.271s] [35m[1mScanning dependencies of target octomath[0m
[3.271s] [35m[1mScanning dependencies of target octomath-static[0m
[3.271s] [  1%] [32mBuilding CXX object octomap/src/math/CMakeFiles/octomath.dir/Vector3.cpp.o[0m
[3.274s] [  2%] [32mBuilding CXX object octomap/src/math/CMakeFiles/octomath.dir/Quaternion.cpp.o[0m
[3.274s] [  3%] [32mBuilding CXX object octomap/src/math/CMakeFiles/octomath-static.dir/Vector3.cpp.o[0m
[3.274s] [  5%] [32mBuilding CXX object octomap/src/math/CMakeFiles/octomath.dir/Pose6D.cpp.o[0m
[3.275s] [  6%] [32mBuilding CXX object octomap/src/math/CMakeFiles/octomath-static.dir/Quaternion.cpp.o[0m
[3.275s] [  7%] [32mBuilding CXX object octomap/src/math/CMakeFiles/octomath-static.dir/Pose6D.cpp.o[0m
[3.275s] make[2]: Warning: File '/home/sentry/Wolf-Moon/src/ThirdParty/OCTOMAP/build/lib/liboctomath.so' has modification time 345356 s in the future
[3.275s] make[2]: Warning: File '/home/sentry/Wolf-Moon/src/ThirdParty/OCTOMAP/build/lib/liboctomath.a' has modification time 345356 s in the future
[3.654s] make[2]: *** [octomap/src/math/CMakeFiles/octomath.dir/build.make:76: octomap/src/math/CMakeFiles/octomath.dir/Quaternion.cpp.o] Interrupt
[3.654s] make[1]: *** [CMakeFiles/Makefile2:1098: octomap/src/math/CMakeFiles/octomath.dir/all] Interrupt
[3.654s] make[2]: *** [octomap/src/math/CMakeFiles/octomath-static.dir/build.make:76: octomap/src/math/CMakeFiles/octomath-static.dir/Quaternion.cpp.o] Interrupt
[3.654s] make[1]: *** [CMakeFiles/Makefile2:1071: octomap/src/math/CMakeFiles/octomath-static.dir/all] Interrupt
[3.654s] make: *** [Makefile:152: all] Interrupt
