[0.035s] Invoking command in '/home/sentry/Wolf-Moon/build/livox_ros_driver2': CMAKE_PREFIX_PATH=/opt/ros/galactic /usr/bin/cmake /home/sentry/Wolf-Moon/src/livox_ros_driver2-master -DROS_EDITION=ROS2 -DHUMBLE_ROS= -DCMAKE_INSTALL_PREFIX=/home/sentry/Wolf-Moon/install/livox_ros_driver2
[0.311s] -- The C compiler identification is GNU 9.4.0
[0.427s] -- The CXX compiler identification is GNU 9.4.0
[0.439s] -- Check for working C compiler: /usr/bin/cc
[0.518s] -- Check for working C compiler: /usr/bin/cc -- works
[0.518s] -- Detecting C compiler ABI info
[0.572s] -- Detecting C compiler ABI info - done
[0.589s] -- Detecting C compile features
[0.589s] -- Detecting C compile features - done
[0.595s] -- Check for working CXX compiler: /usr/bin/c++
[0.673s] -- Check for working CXX compiler: /usr/bin/c++ -- works
[0.674s] -- Detecting CXX compiler ABI info
[0.749s] -- Detecting CXX compiler ABI info - done
[0.757s] -- Detecting CXX compile features
[0.758s] -- Detecting CXX compile features - done
[0.759s] -- livox_ros_driver2 version: 1.2.4
[0.760s] -- Found ament_cmake_auto: 1.1.6 (/opt/ros/galactic/share/ament_cmake_auto/cmake)
[0.779s] -- Found PythonInterp: /usr/bin/python3 (found suitable version "3.8.10", minimum required is "3") 
[0.780s] -- Using PYTHON_EXECUTABLE: /usr/bin/python3
[0.926s] -- Using all available rosidl_typesupport_c: rosidl_typesupport_fastrtps_c;rosidl_typesupport_introspection_c
[0.934s] -- Found rosidl_adapter: 2.2.3 (/opt/ros/galactic/share/rosidl_adapter/cmake)
[1.044s] -- Found OpenSSL: /usr/lib/x86_64-linux-gnu/libcrypto.so (found version "1.1.1f")  
[1.077s] -- Found FastRTPS: /opt/ros/galactic/include  
[1.171s] -- Using all available rosidl_typesupport_cpp: rosidl_typesupport_fastrtps_cpp;rosidl_typesupport_introspection_cpp
[1.264s] -- Found rmw_implementation_cmake: 3.3.1 (/opt/ros/galactic/share/rmw_implementation_cmake/cmake)
[1.266s] -- Found rmw_cyclonedds_cpp: 0.22.6 (/opt/ros/galactic/share/rmw_cyclonedds_cpp/cmake)
[1.294s] -- Using RMW implementation 'rmw_cyclonedds_cpp' as default
[1.299s] -- Looking for pthread.h
[1.353s] -- Looking for pthread.h - found
[1.353s] -- Performing Test CMAKE_HAVE_LIBC_PTHREAD
[1.417s] -- Performing Test CMAKE_HAVE_LIBC_PTHREAD - Failed
[1.417s] -- Looking for pthread_create in pthreads
[1.476s] -- Looking for pthread_create in pthreads - not found
[1.476s] -- Looking for pthread_create in pthread
[1.539s] -- Looking for pthread_create in pthread - found
[1.540s] -- Found Threads: TRUE  
[2.117s] -- Found Boost: /usr/lib/x86_64-linux-gnu/cmake/Boost-1.71.0/BoostConfig.cmake (found suitable version "1.71.0", minimum required is "1.65.0") found components: system filesystem iostreams serialization 
[2.137s] -- Checking for module 'flann'
[2.157s] --   Found flann, version 1.9.1
[2.216s] -- Found FLANN: /usr/lib/x86_64-linux-gnu/libflann_cpp.so  
[2.216s] -- FLANN found (include: /usr/include, lib: /usr/lib/x86_64-linux-gnu/libflann_cpp.so)
[2.532s] -- Found OpenMP_CXX: -fopenmp (found version "4.5") 
[2.532s] -- Found OpenMP: TRUE (found version "4.5") found components: CXX 
[2.615s] -- The imported target "vtkParseOGLExt" references the file
[2.615s]    "/usr/bin/vtkParseOGLExt-7.1"
[2.615s] but this file does not exist.  Possible reasons include:
[2.615s] * The file was deleted, renamed, or moved to another location.
[2.615s] * An install or uninstall procedure did not complete successfully.
[2.616s] * The installation package was faulty and contained
[2.616s]    "/usr/lib/cmake/vtk-7.1/VTKTargets.cmake"
[2.616s] but not all the files it references.
[2.616s] 
[2.616s] -- The imported target "vtkRenderingPythonTkWidgets" references the file
[2.617s]    "/usr/lib/x86_64-linux-gnu/libvtkRenderingPythonTkWidgets.so"
[2.617s] but this file does not exist.  Possible reasons include:
[2.617s] * The file was deleted, renamed, or moved to another location.
[2.617s] * An install or uninstall procedure did not complete successfully.
[2.617s] * The installation package was faulty and contained
[2.617s]    "/usr/lib/cmake/vtk-7.1/VTKTargets.cmake"
[2.617s] but not all the files it references.
[2.617s] 
[2.617s] -- The imported target "vtk" references the file
[2.617s]    "/usr/bin/vtk"
[2.617s] but this file does not exist.  Possible reasons include:
[2.618s] * The file was deleted, renamed, or moved to another location.
[2.618s] * An install or uninstall procedure did not complete successfully.
[2.618s] * The installation package was faulty and contained
[2.618s]    "/usr/lib/cmake/vtk-7.1/VTKTargets.cmake"
[2.618s] but not all the files it references.
[2.618s] 
[2.618s] -- The imported target "pvtk" references the file
[2.618s]    "/usr/bin/pvtk"
[2.618s] but this file does not exist.  Possible reasons include:
[2.618s] * The file was deleted, renamed, or moved to another location.
[2.618s] * An install or uninstall procedure did not complete successfully.
[2.619s] * The installation package was faulty and contained
[2.619s]    "/usr/lib/cmake/vtk-7.1/VTKTargets.cmake"
[2.619s] but not all the files it references.
[2.619s] 
[2.747s] -- Checking for module 'libusb-1.0'
[2.770s] --   Found libusb-1.0, version 1.0.23
[2.829s] -- Found libusb: /usr/lib/x86_64-linux-gnu/libusb-1.0.so  
[2.830s] -- Found OpenNI: /usr/lib/libOpenNI.so;libusb::libusb (found version "1.5.4.0") 
[2.830s] -- OpenNI found (version: 1.5.4.0, include: /usr/include/ni, lib: /usr/lib/libOpenNI.so;libusb::libusb)
[2.882s] -- Found OpenNI2: /usr/lib/libOpenNI2.so;libusb::libusb (found version "2.2.0.33") 
[2.882s] -- OpenNI2 found (version: 2.2.0.33, include: /usr/include/openni2, lib: /usr/lib/libOpenNI2.so;libusb::libusb)
[2.884s] -- Found Pcap: /usr/lib/x86_64-linux-gnu/libpcap.so  
[2.903s] -- Found ZLIB: /usr/lib/x86_64-linux-gnu/libz.so (found version "1.2.11") 
[2.923s] -- Found PNG: /usr/lib/x86_64-linux-gnu/libpng.so (found version "1.6.37") 
[2.952s] -- OpenNI found (version: 1.5.4.0, include: /usr/include/ni, lib: /usr/lib/libOpenNI.so;libusb::libusb)
[2.957s] -- OpenNI2 found (version: 2.2.0.33, include: /usr/include/openni2, lib: /usr/lib/libOpenNI2.so;libusb::libusb)
[2.992s] -- Found Qhull: /usr/lib/x86_64-linux-gnu/libqhull_r.so  
[2.992s] -- QHULL found (include: /usr/include, lib: /usr/lib/x86_64-linux-gnu/libqhull_r.so)
[3.020s] -- looking for PCL_COMMON
[3.020s] -- Found PCL_COMMON: /usr/local/lib/libpcl_common.so  
[3.021s] -- looking for PCL_KDTREE
[3.021s] -- Found PCL_KDTREE: /usr/local/lib/libpcl_kdtree.so  
[3.022s] -- looking for PCL_OCTREE
[3.022s] -- Found PCL_OCTREE: /usr/local/lib/libpcl_octree.so  
[3.022s] -- looking for PCL_SEARCH
[3.023s] -- Found PCL_SEARCH: /usr/local/lib/libpcl_search.so  
[3.023s] -- looking for PCL_SAMPLE_CONSENSUS
[3.024s] -- Found PCL_SAMPLE_CONSENSUS: /usr/local/lib/libpcl_sample_consensus.so  
[3.024s] -- looking for PCL_FILTERS
[3.024s] -- Found PCL_FILTERS: /usr/local/lib/libpcl_filters.so  
[3.025s] -- looking for PCL_2D
[3.025s] -- Found PCL_2D: /usr/local/include/pcl-1.14  
[3.025s] -- looking for PCL_GEOMETRY
[3.026s] -- Found PCL_GEOMETRY: /usr/local/include/pcl-1.14  
[3.026s] -- looking for PCL_IO
[3.027s] -- Found PCL_IO: /usr/local/lib/libpcl_io.so  
[3.027s] -- looking for PCL_FEATURES
[3.028s] -- Found PCL_FEATURES: /usr/local/lib/libpcl_features.so  
[3.028s] -- looking for PCL_ML
[3.030s] -- Found PCL_ML: /usr/local/lib/libpcl_ml.so  
[3.031s] -- looking for PCL_SEGMENTATION
[3.031s] -- Found PCL_SEGMENTATION: /usr/local/lib/libpcl_segmentation.so  
[3.032s] -- looking for PCL_VISUALIZATION
[3.032s] -- Found PCL_VISUALIZATION: /usr/local/lib/libpcl_visualization.so  
[3.033s] -- looking for PCL_SURFACE
[3.034s] -- Found PCL_SURFACE: /usr/local/lib/libpcl_surface.so  
[3.034s] -- looking for PCL_REGISTRATION
[3.035s] -- Found PCL_REGISTRATION: /usr/local/lib/libpcl_registration.so  
[3.035s] -- looking for PCL_KEYPOINTS
[3.036s] -- Found PCL_KEYPOINTS: /usr/local/lib/libpcl_keypoints.so  
[3.036s] -- looking for PCL_TRACKING
[3.037s] -- Found PCL_TRACKING: /usr/local/lib/libpcl_tracking.so  
[3.037s] -- looking for PCL_RECOGNITION
[3.038s] -- Found PCL_RECOGNITION: /usr/local/lib/libpcl_recognition.so  
[3.038s] -- looking for PCL_STEREO
[3.038s] -- Found PCL_STEREO: /usr/local/lib/libpcl_stereo.so  
[3.038s] -- looking for PCL_OUTOFCORE
[3.039s] -- Found PCL_OUTOFCORE: /usr/local/lib/libpcl_outofcore.so  
[3.039s] -- looking for PCL_PEOPLE
[3.040s] -- Found PCL_PEOPLE: /usr/local/lib/libpcl_people.so  
[3.040s] -- Found PCL: pcl_common;pcl_kdtree;pcl_octree;pcl_search;pcl_sample_consensus;pcl_filters;pcl_io;pcl_features;pcl_ml;pcl_segmentation;pcl_visualization;pcl_surface;pcl_registration;pcl_keypoints;pcl_tracking;pcl_recognition;pcl_stereo;pcl_outofcore;pcl_people;Boost::system;Boost::filesystem;Boost::iostreams;Boost::serialization;/usr/lib/libOpenNI.so;libusb::libusb;/usr/lib/libOpenNI2.so;libusb::libusb;vtkChartsCore;vtkCommonColor;vtkCommonCore;vtksys;vtkCommonDataModel;vtkCommonMath;vtkCommonMisc;vtkCommonSystem;vtkCommonTransforms;vtkCommonExecutionModel;vtkFiltersGeneral;vtkCommonComputationalGeometry;vtkFiltersCore;vtkInfovisCore;vtkFiltersExtraction;vtkFiltersStatistics;vtkImagingFourier;vtkImagingCore;vtkalglib;vtkRenderingContext2D;vtkRenderingCore;vtkFiltersGeometry;vtkFiltersSources;vtkRenderingFreeType;/usr/lib/x86_64-linux-gnu/libfreetype.so;/usr/lib/x86_64-linux-gnu/libz.so;vtkFiltersModeling;vtkImagingSources;vtkInteractionImage;vtkImagingColor;vtkInteractionStyle;vtkInteractionWidgets;vtkFiltersHybrid;vtkImagingGeneral;vtkImagingHybrid;vtkIOImage;vtkDICOMParser;vtkmetaio;/usr/lib/x86_64-linux-gnu/libjpeg.so;/usr/lib/x86_64-linux-gnu/libpng.so;/usr/lib/x86_64-linux-gnu/libtiff.so;vtkRenderingAnnotation;vtkRenderingVolume;vtkIOXML;vtkIOCore;vtkIOXMLParser;/usr/lib/x86_64-linux-gnu/libexpat.so;vtkIOGeometry;vtkIOLegacy;vtkIOPLY;vtkRenderingLOD;vtkViewsCore;vtkViewsContext2D;vtkRenderingOpenGL2;vtkRenderingContextOpenGL2;vtkGUISupportQt;FLANN::FLANN;QHULL::QHULL  
[3.044s] -- Found PkgConfig: /usr/bin/pkg-config (found version "0.29.1") 
[3.045s] -- Checking for module 'apr-1'
[3.048s] --   No package 'apr-1' found
[3.081s] -- Found PythonInterp: /usr/bin/python3 (found version "3.8.10") 
[3.249s] -- Found ament_cmake_ros: 0.9.2 (/opt/ros/galactic/share/ament_cmake_ros/cmake)
[3.571s] -- Using all available rosidl_typesupport_c: rosidl_typesupport_fastrtps_c;rosidl_typesupport_introspection_c
[3.658s] -- Using all available rosidl_typesupport_cpp: rosidl_typesupport_fastrtps_cpp;rosidl_typesupport_introspection_cpp
[3.711s] -- Found PythonInterp: /usr/bin/python3 (found suitable version "3.8.10", minimum required is "3.5") 
[3.711s] -- Found python_cmake_module: 0.8.1 (/opt/ros/galactic/share/python_cmake_module/cmake)
[3.783s] -- Found PythonLibs: /usr/lib/x86_64-linux-gnu/libpython3.8.so (found suitable version "3.8.10", minimum required is "3.5") 
[3.784s] -- Using PYTHON_EXECUTABLE: /usr/bin/python3
[3.784s] -- Using PYTHON_INCLUDE_DIRS: /usr/include/python3.8
[3.784s] -- Using PYTHON_LIBRARIES: /usr/lib/x86_64-linux-gnu/libpython3.8.so
[3.816s] -- Found PythonExtra: .so  
