[0.073s] Invoking command in '/home/sentry/Wolf-Moon/build/grid_map_sdf': CMAKE_PREFIX_PATH=/home/sentry/Wolf-Moon/install/grid_map_core:/home/sentry/Wolf-Moon/install/grid_map_cmake_helpers:/home/sentry/Wolf-Moon/install/sentry_decision_v2:/home/sentry/Wolf-Moon/install/octomap_dynamic_map:/home/sentry/Wolf-Moon/install/navigation_planning:/home/sentry/Wolf-Moon/install/grid_map:/home/sentry/Wolf-Moon/install/grid_map_costmap_2d:/home/sentry/Wolf-Moon/install/nav2_costmap_2d:/home/sentry/Wolf-Moon/install/nav2_voxel_grid:/home/sentry/Wolf-Moon/install/nav2_map_server:/home/sentry/Wolf-Moon/install/nav2_lifecycle_manager:/home/sentry/Wolf-Moon/install/nav2_behavior_tree:/home/sentry/Wolf-Moon/install/nav2_util:/home/sentry/Wolf-Moon/install/grid_map_demos:/home/sentry/Wolf-Moon/install/grid_map_visualization:/home/sentry/Wolf-Moon/install/grid_map_rviz_plugin:/home/sentry/Wolf-Moon/install/grid_map_pcl:/home/sentry/Wolf-Moon/install/grid_map_loader:/home/sentry/Wolf-Moon/install/grid_map_filters:/home/sentry/Wolf-Moon/install/grid_map_ros:/home/sentry/Wolf-Moon/install/nav2_msgs:/home/sentry/Wolf-Moon/install/nav2_common:/home/sentry/Wolf-Moon/install/livox_ros_driver2:/home/sentry/Wolf-Moon/install/ig_lio_c_msgs:/home/sentry/Wolf-Moon/install/ig_lio_c:/home/sentry/Wolf-Moon/install/grid_map_sdf:/home/sentry/Wolf-Moon/install/grid_map_octomap:/home/sentry/Wolf-Moon/install/grid_map_msgs:/home/sentry/Wolf-Moon/install/grid_map_cv:/home/sentry/Wolf-Moon/install/cv_bridge:/home/sentry/Wolf-Moon/install/auto_aim_interfaces:/home/sentry/Wolf-Moon/install/fake_msg_publisher:/opt/ros/galactic /usr/bin/cmake --build /home/sentry/Wolf-Moon/build/grid_map_sdf -- -j12 -l12
[0.275s] [ 22%] Built target grid_map_sdf
[0.371s] [ 44%] Built target gtest
[0.522s] [ 66%] Built target gtest_main
[0.609s] [100%] Built target grid_map_sdf-test
[0.701s] Invoked command in '/home/sentry/Wolf-Moon/build/grid_map_sdf' returned '0': CMAKE_PREFIX_PATH=/home/sentry/Wolf-Moon/install/grid_map_core:/home/sentry/Wolf-Moon/install/grid_map_cmake_helpers:/home/sentry/Wolf-Moon/install/sentry_decision_v2:/home/sentry/Wolf-Moon/install/octomap_dynamic_map:/home/sentry/Wolf-Moon/install/navigation_planning:/home/sentry/Wolf-Moon/install/grid_map:/home/sentry/Wolf-Moon/install/grid_map_costmap_2d:/home/sentry/Wolf-Moon/install/nav2_costmap_2d:/home/sentry/Wolf-Moon/install/nav2_voxel_grid:/home/sentry/Wolf-Moon/install/nav2_map_server:/home/sentry/Wolf-Moon/install/nav2_lifecycle_manager:/home/sentry/Wolf-Moon/install/nav2_behavior_tree:/home/sentry/Wolf-Moon/install/nav2_util:/home/sentry/Wolf-Moon/install/grid_map_demos:/home/sentry/Wolf-Moon/install/grid_map_visualization:/home/sentry/Wolf-Moon/install/grid_map_rviz_plugin:/home/sentry/Wolf-Moon/install/grid_map_pcl:/home/sentry/Wolf-Moon/install/grid_map_loader:/home/sentry/Wolf-Moon/install/grid_map_filters:/home/sentry/Wolf-Moon/install/grid_map_ros:/home/sentry/Wolf-Moon/install/nav2_msgs:/home/sentry/Wolf-Moon/install/nav2_common:/home/sentry/Wolf-Moon/install/livox_ros_driver2:/home/sentry/Wolf-Moon/install/ig_lio_c_msgs:/home/sentry/Wolf-Moon/install/ig_lio_c:/home/sentry/Wolf-Moon/install/grid_map_sdf:/home/sentry/Wolf-Moon/install/grid_map_octomap:/home/sentry/Wolf-Moon/install/grid_map_msgs:/home/sentry/Wolf-Moon/install/grid_map_cv:/home/sentry/Wolf-Moon/install/cv_bridge:/home/sentry/Wolf-Moon/install/auto_aim_interfaces:/home/sentry/Wolf-Moon/install/fake_msg_publisher:/opt/ros/galactic /usr/bin/cmake --build /home/sentry/Wolf-Moon/build/grid_map_sdf -- -j12 -l12
[0.703s] Invoking command in '/home/sentry/Wolf-Moon/build/grid_map_sdf': CMAKE_PREFIX_PATH=/home/sentry/Wolf-Moon/install/grid_map_core:/home/sentry/Wolf-Moon/install/grid_map_cmake_helpers:/home/sentry/Wolf-Moon/install/sentry_decision_v2:/home/sentry/Wolf-Moon/install/octomap_dynamic_map:/home/sentry/Wolf-Moon/install/navigation_planning:/home/sentry/Wolf-Moon/install/grid_map:/home/sentry/Wolf-Moon/install/grid_map_costmap_2d:/home/sentry/Wolf-Moon/install/nav2_costmap_2d:/home/sentry/Wolf-Moon/install/nav2_voxel_grid:/home/sentry/Wolf-Moon/install/nav2_map_server:/home/sentry/Wolf-Moon/install/nav2_lifecycle_manager:/home/sentry/Wolf-Moon/install/nav2_behavior_tree:/home/sentry/Wolf-Moon/install/nav2_util:/home/sentry/Wolf-Moon/install/grid_map_demos:/home/sentry/Wolf-Moon/install/grid_map_visualization:/home/sentry/Wolf-Moon/install/grid_map_rviz_plugin:/home/sentry/Wolf-Moon/install/grid_map_pcl:/home/sentry/Wolf-Moon/install/grid_map_loader:/home/sentry/Wolf-Moon/install/grid_map_filters:/home/sentry/Wolf-Moon/install/grid_map_ros:/home/sentry/Wolf-Moon/install/nav2_msgs:/home/sentry/Wolf-Moon/install/nav2_common:/home/sentry/Wolf-Moon/install/livox_ros_driver2:/home/sentry/Wolf-Moon/install/ig_lio_c_msgs:/home/sentry/Wolf-Moon/install/ig_lio_c:/home/sentry/Wolf-Moon/install/grid_map_sdf:/home/sentry/Wolf-Moon/install/grid_map_octomap:/home/sentry/Wolf-Moon/install/grid_map_msgs:/home/sentry/Wolf-Moon/install/grid_map_cv:/home/sentry/Wolf-Moon/install/cv_bridge:/home/sentry/Wolf-Moon/install/auto_aim_interfaces:/home/sentry/Wolf-Moon/install/fake_msg_publisher:/opt/ros/galactic /usr/bin/cmake --install /home/sentry/Wolf-Moon/build/grid_map_sdf
[0.729s] -- Install configuration: "Release"
[0.742s] -- Up-to-date: /home/sentry/Wolf-Moon/install/grid_map_sdf/lib/libgrid_map_sdf.a
[0.743s] -- Up-to-date: /home/sentry/Wolf-Moon/install/grid_map_sdf/include/grid_map_sdf
[0.743s] -- Up-to-date: /home/sentry/Wolf-Moon/install/grid_map_sdf/include/grid_map_sdf/SignedDistanceField.hpp
[0.743s] -- Up-to-date: /home/sentry/Wolf-Moon/install/grid_map_sdf/include/grid_map_sdf/distance_transform
[0.744s] -- Up-to-date: /home/sentry/Wolf-Moon/install/grid_map_sdf/include/grid_map_sdf/distance_transform/misc.hpp
[0.744s] -- Up-to-date: /home/sentry/Wolf-Moon/install/grid_map_sdf/include/grid_map_sdf/distance_transform/pnmfile.hpp
[0.744s] -- Up-to-date: /home/sentry/Wolf-Moon/install/grid_map_sdf/include/grid_map_sdf/distance_transform/dt.hpp
[0.744s] -- Up-to-date: /home/sentry/Wolf-Moon/install/grid_map_sdf/include/grid_map_sdf/distance_transform/imutil.hpp
[0.744s] -- Up-to-date: /home/sentry/Wolf-Moon/install/grid_map_sdf/include/grid_map_sdf/distance_transform/image.hpp
[0.747s] -- Up-to-date: /home/sentry/Wolf-Moon/install/grid_map_sdf/include/grid_map_sdf/distance_transform/imconv.hpp
[0.747s] -- Up-to-date: /home/sentry/Wolf-Moon/install/grid_map_sdf/share/grid_map_sdf/environment/library_path.sh
[0.747s] -- Up-to-date: /home/sentry/Wolf-Moon/install/grid_map_sdf/share/grid_map_sdf/environment/library_path.dsv
[0.747s] -- Up-to-date: /home/sentry/Wolf-Moon/install/grid_map_sdf/share/ament_index/resource_index/package_run_dependencies/grid_map_sdf
[0.747s] -- Up-to-date: /home/sentry/Wolf-Moon/install/grid_map_sdf/share/ament_index/resource_index/parent_prefix_path/grid_map_sdf
[0.747s] -- Up-to-date: /home/sentry/Wolf-Moon/install/grid_map_sdf/share/grid_map_sdf/environment/ament_prefix_path.sh
[0.748s] -- Up-to-date: /home/sentry/Wolf-Moon/install/grid_map_sdf/share/grid_map_sdf/environment/ament_prefix_path.dsv
[0.748s] -- Up-to-date: /home/sentry/Wolf-Moon/install/grid_map_sdf/share/grid_map_sdf/environment/path.sh
[0.748s] -- Up-to-date: /home/sentry/Wolf-Moon/install/grid_map_sdf/share/grid_map_sdf/environment/path.dsv
[0.748s] -- Up-to-date: /home/sentry/Wolf-Moon/install/grid_map_sdf/share/grid_map_sdf/local_setup.bash
[0.748s] -- Up-to-date: /home/sentry/Wolf-Moon/install/grid_map_sdf/share/grid_map_sdf/local_setup.sh
[0.748s] -- Up-to-date: /home/sentry/Wolf-Moon/install/grid_map_sdf/share/grid_map_sdf/local_setup.zsh
[0.750s] -- Up-to-date: /home/sentry/Wolf-Moon/install/grid_map_sdf/share/grid_map_sdf/local_setup.dsv
[0.750s] -- Installing: /home/sentry/Wolf-Moon/install/grid_map_sdf/share/grid_map_sdf/package.dsv
[0.751s] -- Up-to-date: /home/sentry/Wolf-Moon/install/grid_map_sdf/share/ament_index/resource_index/packages/grid_map_sdf
[0.752s] -- Up-to-date: /home/sentry/Wolf-Moon/install/grid_map_sdf/share/grid_map_sdf/cmake/ament_cmake_export_include_directories-extras.cmake
[0.752s] -- Up-to-date: /home/sentry/Wolf-Moon/install/grid_map_sdf/share/grid_map_sdf/cmake/ament_cmake_export_libraries-extras.cmake
[0.752s] -- Up-to-date: /home/sentry/Wolf-Moon/install/grid_map_sdf/share/grid_map_sdf/cmake/grid_map_sdfConfig.cmake
[0.753s] -- Up-to-date: /home/sentry/Wolf-Moon/install/grid_map_sdf/share/grid_map_sdf/cmake/grid_map_sdfConfig-version.cmake
[0.753s] -- Up-to-date: /home/sentry/Wolf-Moon/install/grid_map_sdf/share/grid_map_sdf/package.xml
[0.801s] Invoked command in '/home/sentry/Wolf-Moon/build/grid_map_sdf' returned '0': CMAKE_PREFIX_PATH=/home/sentry/Wolf-Moon/install/grid_map_core:/home/sentry/Wolf-Moon/install/grid_map_cmake_helpers:/home/sentry/Wolf-Moon/install/sentry_decision_v2:/home/sentry/Wolf-Moon/install/octomap_dynamic_map:/home/sentry/Wolf-Moon/install/navigation_planning:/home/sentry/Wolf-Moon/install/grid_map:/home/sentry/Wolf-Moon/install/grid_map_costmap_2d:/home/sentry/Wolf-Moon/install/nav2_costmap_2d:/home/sentry/Wolf-Moon/install/nav2_voxel_grid:/home/sentry/Wolf-Moon/install/nav2_map_server:/home/sentry/Wolf-Moon/install/nav2_lifecycle_manager:/home/sentry/Wolf-Moon/install/nav2_behavior_tree:/home/sentry/Wolf-Moon/install/nav2_util:/home/sentry/Wolf-Moon/install/grid_map_demos:/home/sentry/Wolf-Moon/install/grid_map_visualization:/home/sentry/Wolf-Moon/install/grid_map_rviz_plugin:/home/sentry/Wolf-Moon/install/grid_map_pcl:/home/sentry/Wolf-Moon/install/grid_map_loader:/home/sentry/Wolf-Moon/install/grid_map_filters:/home/sentry/Wolf-Moon/install/grid_map_ros:/home/sentry/Wolf-Moon/install/nav2_msgs:/home/sentry/Wolf-Moon/install/nav2_common:/home/sentry/Wolf-Moon/install/livox_ros_driver2:/home/sentry/Wolf-Moon/install/ig_lio_c_msgs:/home/sentry/Wolf-Moon/install/ig_lio_c:/home/sentry/Wolf-Moon/install/grid_map_sdf:/home/sentry/Wolf-Moon/install/grid_map_octomap:/home/sentry/Wolf-Moon/install/grid_map_msgs:/home/sentry/Wolf-Moon/install/grid_map_cv:/home/sentry/Wolf-Moon/install/cv_bridge:/home/sentry/Wolf-Moon/install/auto_aim_interfaces:/home/sentry/Wolf-Moon/install/fake_msg_publisher:/opt/ros/galactic /usr/bin/cmake --install /home/sentry/Wolf-Moon/build/grid_map_sdf
