[0.133s] Invoking command in '/home/sentry/Wolf-Moon/build/nav2_msgs': CMAKE_PREFIX_PATH=/home/sentry/Wolf-Moon/install/nav2_common:/home/sentry/Wolf-Moon/install/sentry_decision_v2:/home/sentry/Wolf-Moon/install/octomap_dynamic_map:/home/sentry/Wolf-Moon/install/navigation_planning:/home/sentry/Wolf-Moon/install/grid_map:/home/sentry/Wolf-Moon/install/grid_map_costmap_2d:/home/sentry/Wolf-Moon/install/nav2_costmap_2d:/home/sentry/Wolf-Moon/install/nav2_voxel_grid:/home/sentry/Wolf-Moon/install/nav2_map_server:/home/sentry/Wolf-Moon/install/nav2_lifecycle_manager:/home/sentry/Wolf-Moon/install/nav2_behavior_tree:/home/sentry/Wolf-Moon/install/nav2_util:/home/sentry/Wolf-Moon/install/grid_map_demos:/home/sentry/Wolf-Moon/install/grid_map_visualization:/home/sentry/Wolf-Moon/install/grid_map_rviz_plugin:/home/sentry/Wolf-Moon/install/grid_map_pcl:/home/sentry/Wolf-Moon/install/grid_map_loader:/home/sentry/Wolf-Moon/install/grid_map_filters:/home/sentry/Wolf-Moon/install/grid_map_ros:/home/sentry/Wolf-Moon/install/nav2_msgs:/home/sentry/Wolf-Moon/install/livox_ros_driver2:/home/sentry/Wolf-Moon/install/ig_lio_c_msgs:/home/sentry/Wolf-Moon/install/ig_lio_c:/home/sentry/Wolf-Moon/install/grid_map_sdf:/home/sentry/Wolf-Moon/install/grid_map_octomap:/home/sentry/Wolf-Moon/install/grid_map_msgs:/home/sentry/Wolf-Moon/install/grid_map_cv:/home/sentry/Wolf-Moon/install/grid_map_core:/home/sentry/Wolf-Moon/install/grid_map_cmake_helpers:/home/sentry/Wolf-Moon/install/cv_bridge:/home/sentry/Wolf-Moon/install/auto_aim_interfaces:/home/sentry/Wolf-Moon/install/fake_msg_publisher:/opt/ros/galactic PYTHONPATH=/home/sentry/Wolf-Moon/install/nav2_common/lib/python3.8/site-packages:/home/sentry/Wolf-Moon/install/nav2_msgs/lib/python3.8/site-packages:/home/sentry/Wolf-Moon/install/livox_ros_driver2/lib/python3.8/site-packages:/home/sentry/Wolf-Moon/install/ig_lio_c_msgs/lib/python3.8/site-packages:/home/sentry/Wolf-Moon/install/grid_map_msgs/lib/python3.8/site-packages:/home/sentry/Wolf-Moon/install/fake_msg_publisher/lib/python3.8/site-packages:/home/sentry/Wolf-Moon/install/cv_bridge/lib/python3.8/site-packages:/home/sentry/Wolf-Moon/install/auto_aim_interfaces/lib/python3.8/site-packages:/opt/intel/openvino_2022/python/python3.8:/opt/intel/openvino_2022/python/python3:/opt/ros/galactic/lib/python3.8/site-packages:/opt/intel/openvino_2022/python/python3.8:/opt/intel/openvino_2022/python/python3 /usr/bin/cmake --build /home/sentry/Wolf-Moon/build/nav2_msgs -- -j12 -l12
[0.225s] [ 12%] Built target nav2_msgs__rosidl_generator_c
[0.230s] [ 12%] Built target nav2_msgs__cpp
[0.282s] [ 24%] Built target nav2_msgs__rosidl_typesupport_cpp
[0.294s] [ 37%] Built target nav2_msgs__rosidl_typesupport_introspection_cpp
[0.296s] [ 55%] Built target nav2_msgs__rosidl_typesupport_c
[0.297s] [ 61%] Built target nav2_msgs__rosidl_typesupport_fastrtps_cpp
[0.298s] [ 74%] Built target nav2_msgs__rosidl_typesupport_introspection_c
[0.349s] [ 86%] Built target nav2_msgs__rosidl_typesupport_fastrtps_c
[0.365s] [ 86%] Built target nav2_msgs
[0.401s] [ 86%] Built target nav2_msgs__py
[0.434s] [ 98%] Built target nav2_msgs__python
[0.469s] [ 98%] Built target nav2_msgs__rosidl_typesupport_introspection_c__pyext
[0.473s] [ 99%] Built target nav2_msgs__rosidl_typesupport_fastrtps_c__pyext
[0.478s] [100%] Built target nav2_msgs__rosidl_typesupport_c__pyext
[0.496s] Invoked command in '/home/sentry/Wolf-Moon/build/nav2_msgs' returned '0': CMAKE_PREFIX_PATH=/home/sentry/Wolf-Moon/install/nav2_common:/home/sentry/Wolf-Moon/install/sentry_decision_v2:/home/sentry/Wolf-Moon/install/octomap_dynamic_map:/home/sentry/Wolf-Moon/install/navigation_planning:/home/sentry/Wolf-Moon/install/grid_map:/home/sentry/Wolf-Moon/install/grid_map_costmap_2d:/home/sentry/Wolf-Moon/install/nav2_costmap_2d:/home/sentry/Wolf-Moon/install/nav2_voxel_grid:/home/sentry/Wolf-Moon/install/nav2_map_server:/home/sentry/Wolf-Moon/install/nav2_lifecycle_manager:/home/sentry/Wolf-Moon/install/nav2_behavior_tree:/home/sentry/Wolf-Moon/install/nav2_util:/home/sentry/Wolf-Moon/install/grid_map_demos:/home/sentry/Wolf-Moon/install/grid_map_visualization:/home/sentry/Wolf-Moon/install/grid_map_rviz_plugin:/home/sentry/Wolf-Moon/install/grid_map_pcl:/home/sentry/Wolf-Moon/install/grid_map_loader:/home/sentry/Wolf-Moon/install/grid_map_filters:/home/sentry/Wolf-Moon/install/grid_map_ros:/home/sentry/Wolf-Moon/install/nav2_msgs:/home/sentry/Wolf-Moon/install/livox_ros_driver2:/home/sentry/Wolf-Moon/install/ig_lio_c_msgs:/home/sentry/Wolf-Moon/install/ig_lio_c:/home/sentry/Wolf-Moon/install/grid_map_sdf:/home/sentry/Wolf-Moon/install/grid_map_octomap:/home/sentry/Wolf-Moon/install/grid_map_msgs:/home/sentry/Wolf-Moon/install/grid_map_cv:/home/sentry/Wolf-Moon/install/grid_map_core:/home/sentry/Wolf-Moon/install/grid_map_cmake_helpers:/home/sentry/Wolf-Moon/install/cv_bridge:/home/sentry/Wolf-Moon/install/auto_aim_interfaces:/home/sentry/Wolf-Moon/install/fake_msg_publisher:/opt/ros/galactic PYTHONPATH=/home/sentry/Wolf-Moon/install/nav2_common/lib/python3.8/site-packages:/home/sentry/Wolf-Moon/install/nav2_msgs/lib/python3.8/site-packages:/home/sentry/Wolf-Moon/install/livox_ros_driver2/lib/python3.8/site-packages:/home/sentry/Wolf-Moon/install/ig_lio_c_msgs/lib/python3.8/site-packages:/home/sentry/Wolf-Moon/install/grid_map_msgs/lib/python3.8/site-packages:/home/sentry/Wolf-Moon/install/fake_msg_publisher/lib/python3.8/site-packages:/home/sentry/Wolf-Moon/install/cv_bridge/lib/python3.8/site-packages:/home/sentry/Wolf-Moon/install/auto_aim_interfaces/lib/python3.8/site-packages:/opt/intel/openvino_2022/python/python3.8:/opt/intel/openvino_2022/python/python3:/opt/ros/galactic/lib/python3.8/site-packages:/opt/intel/openvino_2022/python/python3.8:/opt/intel/openvino_2022/python/python3 /usr/bin/cmake --build /home/sentry/Wolf-Moon/build/nav2_msgs -- -j12 -l12
[0.499s] Invoking command in '/home/sentry/Wolf-Moon/build/nav2_msgs': CMAKE_PREFIX_PATH=/home/sentry/Wolf-Moon/install/nav2_common:/home/sentry/Wolf-Moon/install/sentry_decision_v2:/home/sentry/Wolf-Moon/install/octomap_dynamic_map:/home/sentry/Wolf-Moon/install/navigation_planning:/home/sentry/Wolf-Moon/install/grid_map:/home/sentry/Wolf-Moon/install/grid_map_costmap_2d:/home/sentry/Wolf-Moon/install/nav2_costmap_2d:/home/sentry/Wolf-Moon/install/nav2_voxel_grid:/home/sentry/Wolf-Moon/install/nav2_map_server:/home/sentry/Wolf-Moon/install/nav2_lifecycle_manager:/home/sentry/Wolf-Moon/install/nav2_behavior_tree:/home/sentry/Wolf-Moon/install/nav2_util:/home/sentry/Wolf-Moon/install/grid_map_demos:/home/sentry/Wolf-Moon/install/grid_map_visualization:/home/sentry/Wolf-Moon/install/grid_map_rviz_plugin:/home/sentry/Wolf-Moon/install/grid_map_pcl:/home/sentry/Wolf-Moon/install/grid_map_loader:/home/sentry/Wolf-Moon/install/grid_map_filters:/home/sentry/Wolf-Moon/install/grid_map_ros:/home/sentry/Wolf-Moon/install/nav2_msgs:/home/sentry/Wolf-Moon/install/livox_ros_driver2:/home/sentry/Wolf-Moon/install/ig_lio_c_msgs:/home/sentry/Wolf-Moon/install/ig_lio_c:/home/sentry/Wolf-Moon/install/grid_map_sdf:/home/sentry/Wolf-Moon/install/grid_map_octomap:/home/sentry/Wolf-Moon/install/grid_map_msgs:/home/sentry/Wolf-Moon/install/grid_map_cv:/home/sentry/Wolf-Moon/install/grid_map_core:/home/sentry/Wolf-Moon/install/grid_map_cmake_helpers:/home/sentry/Wolf-Moon/install/cv_bridge:/home/sentry/Wolf-Moon/install/auto_aim_interfaces:/home/sentry/Wolf-Moon/install/fake_msg_publisher:/opt/ros/galactic PYTHONPATH=/home/sentry/Wolf-Moon/install/nav2_common/lib/python3.8/site-packages:/home/sentry/Wolf-Moon/install/nav2_msgs/lib/python3.8/site-packages:/home/sentry/Wolf-Moon/install/livox_ros_driver2/lib/python3.8/site-packages:/home/sentry/Wolf-Moon/install/ig_lio_c_msgs/lib/python3.8/site-packages:/home/sentry/Wolf-Moon/install/grid_map_msgs/lib/python3.8/site-packages:/home/sentry/Wolf-Moon/install/fake_msg_publisher/lib/python3.8/site-packages:/home/sentry/Wolf-Moon/install/cv_bridge/lib/python3.8/site-packages:/home/sentry/Wolf-Moon/install/auto_aim_interfaces/lib/python3.8/site-packages:/opt/intel/openvino_2022/python/python3.8:/opt/intel/openvino_2022/python/python3:/opt/ros/galactic/lib/python3.8/site-packages:/opt/intel/openvino_2022/python/python3.8:/opt/intel/openvino_2022/python/python3 /usr/bin/cmake --install /home/sentry/Wolf-Moon/build/nav2_msgs
[0.513s] -- Install configuration: "Release"
[0.514s] -- Up-to-date: /home/sentry/Wolf-Moon/install/nav2_msgs/share/ament_index/resource_index/rosidl_interfaces/nav2_msgs
[0.514s] -- Up-to-date: /home/sentry/Wolf-Moon/install/nav2_msgs/include/nav2_msgs
[0.514s] -- Up-to-date: /home/sentry/Wolf-Moon/install/nav2_msgs/include/nav2_msgs/msg
[0.514s] -- Up-to-date: /home/sentry/Wolf-Moon/install/nav2_msgs/include/nav2_msgs/msg/particle_cloud.h
[0.514s] -- Up-to-date: /home/sentry/Wolf-Moon/install/nav2_msgs/include/nav2_msgs/msg/behavior_tree_log.h
[0.514s] -- Up-to-date: /home/sentry/Wolf-Moon/install/nav2_msgs/include/nav2_msgs/msg/particle.h
[0.514s] -- Up-to-date: /home/sentry/Wolf-Moon/install/nav2_msgs/include/nav2_msgs/msg/speed_limit.h
[0.515s] -- Up-to-date: /home/sentry/Wolf-Moon/install/nav2_msgs/include/nav2_msgs/msg/costmap_meta_data.h
[0.515s] -- Up-to-date: /home/sentry/Wolf-Moon/install/nav2_msgs/include/nav2_msgs/msg/behavior_tree_status_change.h
[0.515s] -- Up-to-date: /home/sentry/Wolf-Moon/install/nav2_msgs/include/nav2_msgs/msg/detail
[0.515s] -- Up-to-date: /home/sentry/Wolf-Moon/install/nav2_msgs/include/nav2_msgs/msg/detail/costmap__functions.c
[0.515s] -- Up-to-date: /home/sentry/Wolf-Moon/install/nav2_msgs/include/nav2_msgs/msg/detail/behavior_tree_log__functions.h
[0.515s] -- Up-to-date: /home/sentry/Wolf-Moon/install/nav2_msgs/include/nav2_msgs/msg/detail/voxel_grid__functions.h
[0.516s] -- Up-to-date: /home/sentry/Wolf-Moon/install/nav2_msgs/include/nav2_msgs/msg/detail/speed_limit__functions.h
[0.516s] -- Up-to-date: /home/sentry/Wolf-Moon/install/nav2_msgs/include/nav2_msgs/msg/detail/costmap_filter_info__functions.c
[0.516s] -- Up-to-date: /home/sentry/Wolf-Moon/install/nav2_msgs/include/nav2_msgs/msg/detail/behavior_tree_log__type_support.h
[0.516s] -- Up-to-date: /home/sentry/Wolf-Moon/install/nav2_msgs/include/nav2_msgs/msg/detail/costmap_filter_info__struct.h
[0.516s] -- Up-to-date: /home/sentry/Wolf-Moon/install/nav2_msgs/include/nav2_msgs/msg/detail/particle_cloud__functions.c
[0.516s] -- Up-to-date: /home/sentry/Wolf-Moon/install/nav2_msgs/include/nav2_msgs/msg/detail/behavior_tree_log__struct.h
[0.517s] -- Up-to-date: /home/sentry/Wolf-Moon/install/nav2_msgs/include/nav2_msgs/msg/detail/costmap_filter_info__type_support.h
[0.517s] -- Up-to-date: /home/sentry/Wolf-Moon/install/nav2_msgs/include/nav2_msgs/msg/detail/particle_cloud__functions.h
[0.517s] -- Up-to-date: /home/sentry/Wolf-Moon/install/nav2_msgs/include/nav2_msgs/msg/detail/voxel_grid__functions.c
[0.517s] -- Up-to-date: /home/sentry/Wolf-Moon/install/nav2_msgs/include/nav2_msgs/msg/detail/particle__functions.c
[0.517s] -- Up-to-date: /home/sentry/Wolf-Moon/install/nav2_msgs/include/nav2_msgs/msg/detail/voxel_grid__struct.h
[0.517s] -- Up-to-date: /home/sentry/Wolf-Moon/install/nav2_msgs/include/nav2_msgs/msg/detail/speed_limit__functions.c
[0.517s] -- Up-to-date: /home/sentry/Wolf-Moon/install/nav2_msgs/include/nav2_msgs/msg/detail/costmap__type_support.h
[0.517s] -- Up-to-date: /home/sentry/Wolf-Moon/install/nav2_msgs/include/nav2_msgs/msg/detail/behavior_tree_status_change__struct.h
[0.518s] -- Up-to-date: /home/sentry/Wolf-Moon/install/nav2_msgs/include/nav2_msgs/msg/detail/costmap_meta_data__functions.h
[0.518s] -- Up-to-date: /home/sentry/Wolf-Moon/install/nav2_msgs/include/nav2_msgs/msg/detail/costmap_meta_data__functions.c
[0.518s] -- Up-to-date: /home/sentry/Wolf-Moon/install/nav2_msgs/include/nav2_msgs/msg/detail/behavior_tree_status_change__type_support.h
[0.518s] -- Up-to-date: /home/sentry/Wolf-Moon/install/nav2_msgs/include/nav2_msgs/msg/detail/particle__struct.h
[0.518s] -- Up-to-date: /home/sentry/Wolf-Moon/install/nav2_msgs/include/nav2_msgs/msg/detail/costmap_filter_info__functions.h
[0.519s] -- Up-to-date: /home/sentry/Wolf-Moon/install/nav2_msgs/include/nav2_msgs/msg/detail/costmap_meta_data__type_support.h
[0.519s] -- Up-to-date: /home/sentry/Wolf-Moon/install/nav2_msgs/include/nav2_msgs/msg/detail/particle_cloud__type_support.h
[0.519s] -- Up-to-date: /home/sentry/Wolf-Moon/install/nav2_msgs/include/nav2_msgs/msg/detail/speed_limit__type_support.h
[0.519s] -- Up-to-date: /home/sentry/Wolf-Moon/install/nav2_msgs/include/nav2_msgs/msg/detail/costmap__functions.h
[0.520s] -- Up-to-date: /home/sentry/Wolf-Moon/install/nav2_msgs/include/nav2_msgs/msg/detail/costmap_meta_data__struct.h
[0.520s] -- Up-to-date: /home/sentry/Wolf-Moon/install/nav2_msgs/include/nav2_msgs/msg/detail/speed_limit__struct.h
[0.520s] -- Up-to-date: /home/sentry/Wolf-Moon/install/nav2_msgs/include/nav2_msgs/msg/detail/behavior_tree_status_change__functions.c
[0.520s] -- Up-to-date: /home/sentry/Wolf-Moon/install/nav2_msgs/include/nav2_msgs/msg/detail/behavior_tree_status_change__functions.h
[0.520s] -- Up-to-date: /home/sentry/Wolf-Moon/install/nav2_msgs/include/nav2_msgs/msg/detail/particle__functions.h
[0.520s] -- Up-to-date: /home/sentry/Wolf-Moon/install/nav2_msgs/include/nav2_msgs/msg/detail/costmap__struct.h
[0.520s] -- Up-to-date: /home/sentry/Wolf-Moon/install/nav2_msgs/include/nav2_msgs/msg/detail/particle__type_support.h
[0.520s] -- Up-to-date: /home/sentry/Wolf-Moon/install/nav2_msgs/include/nav2_msgs/msg/detail/particle_cloud__struct.h
[0.520s] -- Up-to-date: /home/sentry/Wolf-Moon/install/nav2_msgs/include/nav2_msgs/msg/detail/behavior_tree_log__functions.c
[0.520s] -- Up-to-date: /home/sentry/Wolf-Moon/install/nav2_msgs/include/nav2_msgs/msg/detail/voxel_grid__type_support.h
[0.521s] -- Up-to-date: /home/sentry/Wolf-Moon/install/nav2_msgs/include/nav2_msgs/msg/costmap_filter_info.h
[0.521s] -- Up-to-date: /home/sentry/Wolf-Moon/install/nav2_msgs/include/nav2_msgs/msg/costmap.h
[0.521s] -- Up-to-date: /home/sentry/Wolf-Moon/install/nav2_msgs/include/nav2_msgs/msg/rosidl_generator_c__visibility_control.h
[0.521s] -- Up-to-date: /home/sentry/Wolf-Moon/install/nav2_msgs/include/nav2_msgs/msg/voxel_grid.h
[0.521s] -- Up-to-date: /home/sentry/Wolf-Moon/install/nav2_msgs/include/nav2_msgs/action
[0.521s] -- Up-to-date: /home/sentry/Wolf-Moon/install/nav2_msgs/include/nav2_msgs/action/compute_path_through_poses.h
[0.521s] -- Up-to-date: /home/sentry/Wolf-Moon/install/nav2_msgs/include/nav2_msgs/action/wait.h
[0.521s] -- Up-to-date: /home/sentry/Wolf-Moon/install/nav2_msgs/include/nav2_msgs/action/back_up.h
[0.521s] -- Up-to-date: /home/sentry/Wolf-Moon/install/nav2_msgs/include/nav2_msgs/action/compute_path_to_pose.h
[0.521s] -- Up-to-date: /home/sentry/Wolf-Moon/install/nav2_msgs/include/nav2_msgs/action/dummy_recovery.h
[0.521s] -- Up-to-date: /home/sentry/Wolf-Moon/install/nav2_msgs/include/nav2_msgs/action/detail
[0.522s] -- Up-to-date: /home/sentry/Wolf-Moon/install/nav2_msgs/include/nav2_msgs/action/detail/follow_path__functions.h
[0.522s] -- Up-to-date: /home/sentry/Wolf-Moon/install/nav2_msgs/include/nav2_msgs/action/detail/navigate_through_poses__functions.h
[0.522s] -- Up-to-date: /home/sentry/Wolf-Moon/install/nav2_msgs/include/nav2_msgs/action/detail/back_up__functions.h
[0.522s] -- Up-to-date: /home/sentry/Wolf-Moon/install/nav2_msgs/include/nav2_msgs/action/detail/navigate_to_pose__functions.h
[0.522s] -- Up-to-date: /home/sentry/Wolf-Moon/install/nav2_msgs/include/nav2_msgs/action/detail/follow_waypoints__struct.h
[0.522s] -- Up-to-date: /home/sentry/Wolf-Moon/install/nav2_msgs/include/nav2_msgs/action/detail/compute_path_to_pose__type_support.h
[0.522s] -- Up-to-date: /home/sentry/Wolf-Moon/install/nav2_msgs/include/nav2_msgs/action/detail/dummy_recovery__functions.c
[0.522s] -- Up-to-date: /home/sentry/Wolf-Moon/install/nav2_msgs/include/nav2_msgs/action/detail/compute_path_to_pose__functions.c
[0.522s] -- Up-to-date: /home/sentry/Wolf-Moon/install/nav2_msgs/include/nav2_msgs/action/detail/compute_path_to_pose__struct.h
[0.522s] -- Up-to-date: /home/sentry/Wolf-Moon/install/nav2_msgs/include/nav2_msgs/action/detail/navigate_to_pose__struct.h
[0.523s] -- Up-to-date: /home/sentry/Wolf-Moon/install/nav2_msgs/include/nav2_msgs/action/detail/spin__type_support.h
[0.523s] -- Up-to-date: /home/sentry/Wolf-Moon/install/nav2_msgs/include/nav2_msgs/action/detail/spin__functions.h
[0.523s] -- Up-to-date: /home/sentry/Wolf-Moon/install/nav2_msgs/include/nav2_msgs/action/detail/wait__type_support.h
[0.523s] -- Up-to-date: /home/sentry/Wolf-Moon/install/nav2_msgs/include/nav2_msgs/action/detail/follow_waypoints__type_support.h
[0.523s] -- Up-to-date: /home/sentry/Wolf-Moon/install/nav2_msgs/include/nav2_msgs/action/detail/wait__functions.c
[0.523s] -- Up-to-date: /home/sentry/Wolf-Moon/install/nav2_msgs/include/nav2_msgs/action/detail/dummy_recovery__struct.h
[0.523s] -- Up-to-date: /home/sentry/Wolf-Moon/install/nav2_msgs/include/nav2_msgs/action/detail/spin__functions.c
[0.523s] -- Up-to-date: /home/sentry/Wolf-Moon/install/nav2_msgs/include/nav2_msgs/action/detail/follow_path__struct.h
[0.523s] -- Up-to-date: /home/sentry/Wolf-Moon/install/nav2_msgs/include/nav2_msgs/action/detail/navigate_to_pose__functions.c
[0.523s] -- Up-to-date: /home/sentry/Wolf-Moon/install/nav2_msgs/include/nav2_msgs/action/detail/back_up__functions.c
[0.524s] -- Up-to-date: /home/sentry/Wolf-Moon/install/nav2_msgs/include/nav2_msgs/action/detail/compute_path_through_poses__struct.h
[0.524s] -- Up-to-date: /home/sentry/Wolf-Moon/install/nav2_msgs/include/nav2_msgs/action/detail/navigate_through_poses__functions.c
[0.524s] -- Up-to-date: /home/sentry/Wolf-Moon/install/nav2_msgs/include/nav2_msgs/action/detail/compute_path_to_pose__functions.h
[0.524s] -- Up-to-date: /home/sentry/Wolf-Moon/install/nav2_msgs/include/nav2_msgs/action/detail/follow_path__functions.c
[0.524s] -- Up-to-date: /home/sentry/Wolf-Moon/install/nav2_msgs/include/nav2_msgs/action/detail/navigate_through_poses__type_support.h
[0.524s] -- Up-to-date: /home/sentry/Wolf-Moon/install/nav2_msgs/include/nav2_msgs/action/detail/follow_path__type_support.h
[0.524s] -- Up-to-date: /home/sentry/Wolf-Moon/install/nav2_msgs/include/nav2_msgs/action/detail/back_up__struct.h
[0.524s] -- Up-to-date: /home/sentry/Wolf-Moon/install/nav2_msgs/include/nav2_msgs/action/detail/wait__functions.h
[0.524s] -- Up-to-date: /home/sentry/Wolf-Moon/install/nav2_msgs/include/nav2_msgs/action/detail/follow_waypoints__functions.c
[0.525s] -- Up-to-date: /home/sentry/Wolf-Moon/install/nav2_msgs/include/nav2_msgs/action/detail/navigate_to_pose__type_support.h
[0.525s] -- Up-to-date: /home/sentry/Wolf-Moon/install/nav2_msgs/include/nav2_msgs/action/detail/wait__struct.h
[0.525s] -- Up-to-date: /home/sentry/Wolf-Moon/install/nav2_msgs/include/nav2_msgs/action/detail/navigate_through_poses__struct.h
[0.525s] -- Up-to-date: /home/sentry/Wolf-Moon/install/nav2_msgs/include/nav2_msgs/action/detail/compute_path_through_poses__functions.h
[0.525s] -- Up-to-date: /home/sentry/Wolf-Moon/install/nav2_msgs/include/nav2_msgs/action/detail/dummy_recovery__functions.h
[0.525s] -- Up-to-date: /home/sentry/Wolf-Moon/install/nav2_msgs/include/nav2_msgs/action/detail/spin__struct.h
[0.525s] -- Up-to-date: /home/sentry/Wolf-Moon/install/nav2_msgs/include/nav2_msgs/action/detail/dummy_recovery__type_support.h
[0.525s] -- Up-to-date: /home/sentry/Wolf-Moon/install/nav2_msgs/include/nav2_msgs/action/detail/back_up__type_support.h
[0.525s] -- Up-to-date: /home/sentry/Wolf-Moon/install/nav2_msgs/include/nav2_msgs/action/detail/compute_path_through_poses__type_support.h
[0.526s] -- Up-to-date: /home/sentry/Wolf-Moon/install/nav2_msgs/include/nav2_msgs/action/detail/compute_path_through_poses__functions.c
[0.526s] -- Up-to-date: /home/sentry/Wolf-Moon/install/nav2_msgs/include/nav2_msgs/action/detail/follow_waypoints__functions.h
[0.526s] -- Up-to-date: /home/sentry/Wolf-Moon/install/nav2_msgs/include/nav2_msgs/action/navigate_through_poses.h
[0.526s] -- Up-to-date: /home/sentry/Wolf-Moon/install/nav2_msgs/include/nav2_msgs/action/follow_path.h
[0.526s] -- Up-to-date: /home/sentry/Wolf-Moon/install/nav2_msgs/include/nav2_msgs/action/navigate_to_pose.h
[0.526s] -- Up-to-date: /home/sentry/Wolf-Moon/install/nav2_msgs/include/nav2_msgs/action/spin.h
[0.526s] -- Up-to-date: /home/sentry/Wolf-Moon/install/nav2_msgs/include/nav2_msgs/action/follow_waypoints.h
[0.526s] -- Up-to-date: /home/sentry/Wolf-Moon/install/nav2_msgs/include/nav2_msgs/srv
[0.526s] -- Up-to-date: /home/sentry/Wolf-Moon/install/nav2_msgs/include/nav2_msgs/srv/load_map.h
[0.527s] -- Up-to-date: /home/sentry/Wolf-Moon/install/nav2_msgs/include/nav2_msgs/srv/manage_lifecycle_nodes.h
[0.527s] -- Up-to-date: /home/sentry/Wolf-Moon/install/nav2_msgs/include/nav2_msgs/srv/save_map.h
[0.527s] -- Up-to-date: /home/sentry/Wolf-Moon/install/nav2_msgs/include/nav2_msgs/srv/get_costmap.h
[0.527s] -- Up-to-date: /home/sentry/Wolf-Moon/install/nav2_msgs/include/nav2_msgs/srv/detail
[0.527s] -- Up-to-date: /home/sentry/Wolf-Moon/install/nav2_msgs/include/nav2_msgs/srv/detail/clear_costmap_except_region__functions.c
[0.527s] -- Up-to-date: /home/sentry/Wolf-Moon/install/nav2_msgs/include/nav2_msgs/srv/detail/manage_lifecycle_nodes__functions.c
[0.527s] -- Up-to-date: /home/sentry/Wolf-Moon/install/nav2_msgs/include/nav2_msgs/srv/detail/load_map__functions.c
[0.527s] -- Up-to-date: /home/sentry/Wolf-Moon/install/nav2_msgs/include/nav2_msgs/srv/detail/clear_costmap_except_region__type_support.h
[0.527s] -- Up-to-date: /home/sentry/Wolf-Moon/install/nav2_msgs/include/nav2_msgs/srv/detail/get_costmap__functions.h
[0.527s] -- Up-to-date: /home/sentry/Wolf-Moon/install/nav2_msgs/include/nav2_msgs/srv/detail/clear_costmap_around_robot__functions.h
[0.527s] -- Up-to-date: /home/sentry/Wolf-Moon/install/nav2_msgs/include/nav2_msgs/srv/detail/clear_entire_costmap__type_support.h
[0.528s] -- Up-to-date: /home/sentry/Wolf-Moon/install/nav2_msgs/include/nav2_msgs/srv/detail/clear_costmap_except_region__struct.h
[0.528s] -- Up-to-date: /home/sentry/Wolf-Moon/install/nav2_msgs/include/nav2_msgs/srv/detail/clear_entire_costmap__struct.h
[0.528s] -- Up-to-date: /home/sentry/Wolf-Moon/install/nav2_msgs/include/nav2_msgs/srv/detail/load_map__type_support.h
[0.528s] -- Up-to-date: /home/sentry/Wolf-Moon/install/nav2_msgs/include/nav2_msgs/srv/detail/manage_lifecycle_nodes__struct.h
[0.528s] -- Up-to-date: /home/sentry/Wolf-Moon/install/nav2_msgs/include/nav2_msgs/srv/detail/clear_entire_costmap__functions.c
[0.528s] -- Up-to-date: /home/sentry/Wolf-Moon/install/nav2_msgs/include/nav2_msgs/srv/detail/save_map__struct.h
[0.528s] -- Up-to-date: /home/sentry/Wolf-Moon/install/nav2_msgs/include/nav2_msgs/srv/detail/clear_costmap_around_robot__functions.c
[0.528s] -- Up-to-date: /home/sentry/Wolf-Moon/install/nav2_msgs/include/nav2_msgs/srv/detail/save_map__functions.h
[0.528s] -- Up-to-date: /home/sentry/Wolf-Moon/install/nav2_msgs/include/nav2_msgs/srv/detail/save_map__functions.c
[0.528s] -- Up-to-date: /home/sentry/Wolf-Moon/install/nav2_msgs/include/nav2_msgs/srv/detail/save_map__type_support.h
[0.528s] -- Up-to-date: /home/sentry/Wolf-Moon/install/nav2_msgs/include/nav2_msgs/srv/detail/get_costmap__type_support.h
[0.528s] -- Up-to-date: /home/sentry/Wolf-Moon/install/nav2_msgs/include/nav2_msgs/srv/detail/manage_lifecycle_nodes__functions.h
[0.529s] -- Up-to-date: /home/sentry/Wolf-Moon/install/nav2_msgs/include/nav2_msgs/srv/detail/clear_costmap_around_robot__struct.h
[0.529s] -- Up-to-date: /home/sentry/Wolf-Moon/install/nav2_msgs/include/nav2_msgs/srv/detail/get_costmap__struct.h
[0.529s] -- Up-to-date: /home/sentry/Wolf-Moon/install/nav2_msgs/include/nav2_msgs/srv/detail/get_costmap__functions.c
[0.529s] -- Up-to-date: /home/sentry/Wolf-Moon/install/nav2_msgs/include/nav2_msgs/srv/detail/load_map__struct.h
[0.529s] -- Up-to-date: /home/sentry/Wolf-Moon/install/nav2_msgs/include/nav2_msgs/srv/detail/load_map__functions.h
[0.529s] -- Up-to-date: /home/sentry/Wolf-Moon/install/nav2_msgs/include/nav2_msgs/srv/detail/clear_costmap_except_region__functions.h
[0.529s] -- Up-to-date: /home/sentry/Wolf-Moon/install/nav2_msgs/include/nav2_msgs/srv/detail/clear_entire_costmap__functions.h
[0.529s] -- Up-to-date: /home/sentry/Wolf-Moon/install/nav2_msgs/include/nav2_msgs/srv/detail/clear_costmap_around_robot__type_support.h
[0.529s] -- Up-to-date: /home/sentry/Wolf-Moon/install/nav2_msgs/include/nav2_msgs/srv/detail/manage_lifecycle_nodes__type_support.h
[0.529s] -- Up-to-date: /home/sentry/Wolf-Moon/install/nav2_msgs/include/nav2_msgs/srv/clear_costmap_except_region.h
[0.529s] -- Up-to-date: /home/sentry/Wolf-Moon/install/nav2_msgs/include/nav2_msgs/srv/clear_entire_costmap.h
[0.530s] -- Up-to-date: /home/sentry/Wolf-Moon/install/nav2_msgs/include/nav2_msgs/srv/clear_costmap_around_robot.h
[0.530s] -- Up-to-date: /home/sentry/Wolf-Moon/install/nav2_msgs/share/nav2_msgs/environment/library_path.sh
[0.530s] -- Up-to-date: /home/sentry/Wolf-Moon/install/nav2_msgs/share/nav2_msgs/environment/library_path.dsv
[0.530s] -- Up-to-date: /home/sentry/Wolf-Moon/install/nav2_msgs/lib/libnav2_msgs__rosidl_generator_c.so
[0.530s] -- Up-to-date: /home/sentry/Wolf-Moon/install/nav2_msgs/include/nav2_msgs
[0.530s] -- Up-to-date: /home/sentry/Wolf-Moon/install/nav2_msgs/include/nav2_msgs/msg
[0.530s] -- Up-to-date: /home/sentry/Wolf-Moon/install/nav2_msgs/include/nav2_msgs/msg/detail
[0.530s] -- Up-to-date: /home/sentry/Wolf-Moon/install/nav2_msgs/include/nav2_msgs/msg/detail/speed_limit__rosidl_typesupport_fastrtps_c.h
[0.530s] -- Up-to-date: /home/sentry/Wolf-Moon/install/nav2_msgs/include/nav2_msgs/msg/detail/behavior_tree_log__rosidl_typesupport_fastrtps_c.h
[0.530s] -- Up-to-date: /home/sentry/Wolf-Moon/install/nav2_msgs/include/nav2_msgs/msg/detail/particle__rosidl_typesupport_fastrtps_c.h
[0.530s] -- Up-to-date: /home/sentry/Wolf-Moon/install/nav2_msgs/include/nav2_msgs/msg/detail/costmap__rosidl_typesupport_fastrtps_c.h
[0.531s] -- Up-to-date: /home/sentry/Wolf-Moon/install/nav2_msgs/include/nav2_msgs/msg/detail/voxel_grid__rosidl_typesupport_fastrtps_c.h
[0.531s] -- Up-to-date: /home/sentry/Wolf-Moon/install/nav2_msgs/include/nav2_msgs/msg/detail/particle_cloud__rosidl_typesupport_fastrtps_c.h
[0.531s] -- Up-to-date: /home/sentry/Wolf-Moon/install/nav2_msgs/include/nav2_msgs/msg/detail/costmap_meta_data__rosidl_typesupport_fastrtps_c.h
[0.531s] -- Up-to-date: /home/sentry/Wolf-Moon/install/nav2_msgs/include/nav2_msgs/msg/detail/behavior_tree_status_change__rosidl_typesupport_fastrtps_c.h
[0.531s] -- Up-to-date: /home/sentry/Wolf-Moon/install/nav2_msgs/include/nav2_msgs/msg/detail/costmap_filter_info__rosidl_typesupport_fastrtps_c.h
[0.531s] -- Up-to-date: /home/sentry/Wolf-Moon/install/nav2_msgs/include/nav2_msgs/msg/rosidl_typesupport_fastrtps_c__visibility_control.h
[0.531s] -- Up-to-date: /home/sentry/Wolf-Moon/install/nav2_msgs/include/nav2_msgs/action
[0.531s] -- Up-to-date: /home/sentry/Wolf-Moon/install/nav2_msgs/include/nav2_msgs/action/detail
[0.531s] -- Up-to-date: /home/sentry/Wolf-Moon/install/nav2_msgs/include/nav2_msgs/action/detail/compute_path_to_pose__rosidl_typesupport_fastrtps_c.h
[0.531s] -- Up-to-date: /home/sentry/Wolf-Moon/install/nav2_msgs/include/nav2_msgs/action/detail/follow_path__rosidl_typesupport_fastrtps_c.h
[0.531s] -- Up-to-date: /home/sentry/Wolf-Moon/install/nav2_msgs/include/nav2_msgs/action/detail/dummy_recovery__rosidl_typesupport_fastrtps_c.h
[0.532s] -- Up-to-date: /home/sentry/Wolf-Moon/install/nav2_msgs/include/nav2_msgs/action/detail/spin__rosidl_typesupport_fastrtps_c.h
[0.532s] -- Up-to-date: /home/sentry/Wolf-Moon/install/nav2_msgs/include/nav2_msgs/action/detail/navigate_through_poses__rosidl_typesupport_fastrtps_c.h
[0.532s] -- Up-to-date: /home/sentry/Wolf-Moon/install/nav2_msgs/include/nav2_msgs/action/detail/compute_path_through_poses__rosidl_typesupport_fastrtps_c.h
[0.532s] -- Up-to-date: /home/sentry/Wolf-Moon/install/nav2_msgs/include/nav2_msgs/action/detail/wait__rosidl_typesupport_fastrtps_c.h
[0.532s] -- Up-to-date: /home/sentry/Wolf-Moon/install/nav2_msgs/include/nav2_msgs/action/detail/back_up__rosidl_typesupport_fastrtps_c.h
[0.532s] -- Up-to-date: /home/sentry/Wolf-Moon/install/nav2_msgs/include/nav2_msgs/action/detail/follow_waypoints__rosidl_typesupport_fastrtps_c.h
[0.532s] -- Up-to-date: /home/sentry/Wolf-Moon/install/nav2_msgs/include/nav2_msgs/action/detail/navigate_to_pose__rosidl_typesupport_fastrtps_c.h
[0.532s] -- Up-to-date: /home/sentry/Wolf-Moon/install/nav2_msgs/include/nav2_msgs/srv
[0.532s] -- Up-to-date: /home/sentry/Wolf-Moon/install/nav2_msgs/include/nav2_msgs/srv/detail
[0.532s] -- Up-to-date: /home/sentry/Wolf-Moon/install/nav2_msgs/include/nav2_msgs/srv/detail/get_costmap__rosidl_typesupport_fastrtps_c.h
[0.532s] -- Up-to-date: /home/sentry/Wolf-Moon/install/nav2_msgs/include/nav2_msgs/srv/detail/clear_costmap_around_robot__rosidl_typesupport_fastrtps_c.h
[0.532s] -- Up-to-date: /home/sentry/Wolf-Moon/install/nav2_msgs/include/nav2_msgs/srv/detail/manage_lifecycle_nodes__rosidl_typesupport_fastrtps_c.h
[0.533s] -- Up-to-date: /home/sentry/Wolf-Moon/install/nav2_msgs/include/nav2_msgs/srv/detail/save_map__rosidl_typesupport_fastrtps_c.h
[0.533s] -- Up-to-date: /home/sentry/Wolf-Moon/install/nav2_msgs/include/nav2_msgs/srv/detail/load_map__rosidl_typesupport_fastrtps_c.h
[0.533s] -- Up-to-date: /home/sentry/Wolf-Moon/install/nav2_msgs/include/nav2_msgs/srv/detail/clear_costmap_except_region__rosidl_typesupport_fastrtps_c.h
[0.533s] -- Up-to-date: /home/sentry/Wolf-Moon/install/nav2_msgs/include/nav2_msgs/srv/detail/clear_entire_costmap__rosidl_typesupport_fastrtps_c.h
[0.533s] -- Up-to-date: /home/sentry/Wolf-Moon/install/nav2_msgs/lib/libnav2_msgs__rosidl_typesupport_fastrtps_c.so
[0.533s] -- Up-to-date: /home/sentry/Wolf-Moon/install/nav2_msgs/include/nav2_msgs
[0.533s] -- Up-to-date: /home/sentry/Wolf-Moon/install/nav2_msgs/include/nav2_msgs/msg
[0.533s] -- Up-to-date: /home/sentry/Wolf-Moon/install/nav2_msgs/include/nav2_msgs/msg/detail
[0.533s] -- Up-to-date: /home/sentry/Wolf-Moon/install/nav2_msgs/include/nav2_msgs/msg/detail/behavior_tree_log__rosidl_typesupport_fastrtps_cpp.hpp
[0.533s] -- Up-to-date: /home/sentry/Wolf-Moon/install/nav2_msgs/include/nav2_msgs/msg/detail/behavior_tree_status_change__rosidl_typesupport_fastrtps_cpp.hpp
[0.533s] -- Up-to-date: /home/sentry/Wolf-Moon/install/nav2_msgs/include/nav2_msgs/msg/detail/costmap_meta_data__rosidl_typesupport_fastrtps_cpp.hpp
[0.534s] -- Up-to-date: /home/sentry/Wolf-Moon/install/nav2_msgs/include/nav2_msgs/msg/detail/particle_cloud__rosidl_typesupport_fastrtps_cpp.hpp
[0.534s] -- Up-to-date: /home/sentry/Wolf-Moon/install/nav2_msgs/include/nav2_msgs/msg/detail/particle__rosidl_typesupport_fastrtps_cpp.hpp
[0.534s] -- Up-to-date: /home/sentry/Wolf-Moon/install/nav2_msgs/include/nav2_msgs/msg/detail/voxel_grid__rosidl_typesupport_fastrtps_cpp.hpp
[0.534s] -- Up-to-date: /home/sentry/Wolf-Moon/install/nav2_msgs/include/nav2_msgs/msg/detail/speed_limit__rosidl_typesupport_fastrtps_cpp.hpp
[0.534s] -- Up-to-date: /home/sentry/Wolf-Moon/install/nav2_msgs/include/nav2_msgs/msg/detail/costmap_filter_info__rosidl_typesupport_fastrtps_cpp.hpp
[0.534s] -- Up-to-date: /home/sentry/Wolf-Moon/install/nav2_msgs/include/nav2_msgs/msg/detail/dds_fastrtps
[0.534s] -- Up-to-date: /home/sentry/Wolf-Moon/install/nav2_msgs/include/nav2_msgs/msg/detail/costmap__rosidl_typesupport_fastrtps_cpp.hpp
[0.534s] -- Up-to-date: /home/sentry/Wolf-Moon/install/nav2_msgs/include/nav2_msgs/msg/rosidl_typesupport_fastrtps_cpp__visibility_control.h
[0.534s] -- Up-to-date: /home/sentry/Wolf-Moon/install/nav2_msgs/include/nav2_msgs/action
[0.534s] -- Up-to-date: /home/sentry/Wolf-Moon/install/nav2_msgs/include/nav2_msgs/action/detail
[0.534s] -- Up-to-date: /home/sentry/Wolf-Moon/install/nav2_msgs/include/nav2_msgs/action/detail/follow_waypoints__rosidl_typesupport_fastrtps_cpp.hpp
[0.534s] -- Up-to-date: /home/sentry/Wolf-Moon/install/nav2_msgs/include/nav2_msgs/action/detail/navigate_to_pose__rosidl_typesupport_fastrtps_cpp.hpp
[0.535s] -- Up-to-date: /home/sentry/Wolf-Moon/install/nav2_msgs/include/nav2_msgs/action/detail/back_up__rosidl_typesupport_fastrtps_cpp.hpp
[0.535s] -- Up-to-date: /home/sentry/Wolf-Moon/install/nav2_msgs/include/nav2_msgs/action/detail/follow_path__rosidl_typesupport_fastrtps_cpp.hpp
[0.535s] -- Up-to-date: /home/sentry/Wolf-Moon/install/nav2_msgs/include/nav2_msgs/action/detail/compute_path_to_pose__rosidl_typesupport_fastrtps_cpp.hpp
[0.535s] -- Up-to-date: /home/sentry/Wolf-Moon/install/nav2_msgs/include/nav2_msgs/action/detail/spin__rosidl_typesupport_fastrtps_cpp.hpp
[0.535s] -- Up-to-date: /home/sentry/Wolf-Moon/install/nav2_msgs/include/nav2_msgs/action/detail/compute_path_through_poses__rosidl_typesupport_fastrtps_cpp.hpp
[0.535s] -- Up-to-date: /home/sentry/Wolf-Moon/install/nav2_msgs/include/nav2_msgs/action/detail/dummy_recovery__rosidl_typesupport_fastrtps_cpp.hpp
[0.535s] -- Up-to-date: /home/sentry/Wolf-Moon/install/nav2_msgs/include/nav2_msgs/action/detail/navigate_through_poses__rosidl_typesupport_fastrtps_cpp.hpp
[0.535s] -- Up-to-date: /home/sentry/Wolf-Moon/install/nav2_msgs/include/nav2_msgs/action/detail/dds_fastrtps
[0.535s] -- Up-to-date: /home/sentry/Wolf-Moon/install/nav2_msgs/include/nav2_msgs/action/detail/wait__rosidl_typesupport_fastrtps_cpp.hpp
[0.535s] -- Up-to-date: /home/sentry/Wolf-Moon/install/nav2_msgs/include/nav2_msgs/srv
[0.535s] -- Up-to-date: /home/sentry/Wolf-Moon/install/nav2_msgs/include/nav2_msgs/srv/detail
[0.535s] -- Up-to-date: /home/sentry/Wolf-Moon/install/nav2_msgs/include/nav2_msgs/srv/detail/clear_entire_costmap__rosidl_typesupport_fastrtps_cpp.hpp
[0.536s] -- Up-to-date: /home/sentry/Wolf-Moon/install/nav2_msgs/include/nav2_msgs/srv/detail/save_map__rosidl_typesupport_fastrtps_cpp.hpp
[0.536s] -- Up-to-date: /home/sentry/Wolf-Moon/install/nav2_msgs/include/nav2_msgs/srv/detail/clear_costmap_around_robot__rosidl_typesupport_fastrtps_cpp.hpp
[0.536s] -- Up-to-date: /home/sentry/Wolf-Moon/install/nav2_msgs/include/nav2_msgs/srv/detail/get_costmap__rosidl_typesupport_fastrtps_cpp.hpp
[0.536s] -- Up-to-date: /home/sentry/Wolf-Moon/install/nav2_msgs/include/nav2_msgs/srv/detail/manage_lifecycle_nodes__rosidl_typesupport_fastrtps_cpp.hpp
[0.536s] -- Up-to-date: /home/sentry/Wolf-Moon/install/nav2_msgs/include/nav2_msgs/srv/detail/dds_fastrtps
[0.536s] -- Up-to-date: /home/sentry/Wolf-Moon/install/nav2_msgs/include/nav2_msgs/srv/detail/load_map__rosidl_typesupport_fastrtps_cpp.hpp
[0.536s] -- Up-to-date: /home/sentry/Wolf-Moon/install/nav2_msgs/include/nav2_msgs/srv/detail/clear_costmap_except_region__rosidl_typesupport_fastrtps_cpp.hpp
[0.536s] -- Up-to-date: /home/sentry/Wolf-Moon/install/nav2_msgs/lib/libnav2_msgs__rosidl_typesupport_fastrtps_cpp.so
[0.536s] -- Up-to-date: /home/sentry/Wolf-Moon/install/nav2_msgs/include/nav2_msgs
[0.536s] -- Up-to-date: /home/sentry/Wolf-Moon/install/nav2_msgs/include/nav2_msgs/msg
[0.536s] -- Up-to-date: /home/sentry/Wolf-Moon/install/nav2_msgs/include/nav2_msgs/msg/rosidl_typesupport_introspection_c__visibility_control.h
[0.537s] -- Up-to-date: /home/sentry/Wolf-Moon/install/nav2_msgs/include/nav2_msgs/msg/detail
[0.537s] -- Up-to-date: /home/sentry/Wolf-Moon/install/nav2_msgs/include/nav2_msgs/msg/detail/costmap__rosidl_typesupport_introspection_c.h
[0.537s] -- Up-to-date: /home/sentry/Wolf-Moon/install/nav2_msgs/include/nav2_msgs/msg/detail/voxel_grid__rosidl_typesupport_introspection_c.h
[0.537s] -- Up-to-date: /home/sentry/Wolf-Moon/install/nav2_msgs/include/nav2_msgs/msg/detail/costmap_filter_info__type_support.c
[0.537s] -- Up-to-date: /home/sentry/Wolf-Moon/install/nav2_msgs/include/nav2_msgs/msg/detail/voxel_grid__type_support.c
[0.537s] -- Up-to-date: /home/sentry/Wolf-Moon/install/nav2_msgs/include/nav2_msgs/msg/detail/behavior_tree_log__rosidl_typesupport_introspection_c.h
[0.537s] -- Up-to-date: /home/sentry/Wolf-Moon/install/nav2_msgs/include/nav2_msgs/msg/detail/particle_cloud__rosidl_typesupport_introspection_c.h
[0.537s] -- Up-to-date: /home/sentry/Wolf-Moon/install/nav2_msgs/include/nav2_msgs/msg/detail/costmap_meta_data__type_support.c
[0.537s] -- Up-to-date: /home/sentry/Wolf-Moon/install/nav2_msgs/include/nav2_msgs/msg/detail/behavior_tree_status_change__rosidl_typesupport_introspection_c.h
[0.537s] -- Up-to-date: /home/sentry/Wolf-Moon/install/nav2_msgs/include/nav2_msgs/msg/detail/costmap__type_support.c
[0.537s] -- Up-to-date: /home/sentry/Wolf-Moon/install/nav2_msgs/include/nav2_msgs/msg/detail/particle_cloud__type_support.c
[0.537s] -- Up-to-date: /home/sentry/Wolf-Moon/install/nav2_msgs/include/nav2_msgs/msg/detail/costmap_filter_info__rosidl_typesupport_introspection_c.h
[0.538s] -- Up-to-date: /home/sentry/Wolf-Moon/install/nav2_msgs/include/nav2_msgs/msg/detail/particle__rosidl_typesupport_introspection_c.h
[0.538s] -- Up-to-date: /home/sentry/Wolf-Moon/install/nav2_msgs/include/nav2_msgs/msg/detail/behavior_tree_status_change__type_support.c
[0.538s] -- Up-to-date: /home/sentry/Wolf-Moon/install/nav2_msgs/include/nav2_msgs/msg/detail/behavior_tree_log__type_support.c
[0.538s] -- Up-to-date: /home/sentry/Wolf-Moon/install/nav2_msgs/include/nav2_msgs/msg/detail/particle__type_support.c
[0.538s] -- Up-to-date: /home/sentry/Wolf-Moon/install/nav2_msgs/include/nav2_msgs/msg/detail/speed_limit__rosidl_typesupport_introspection_c.h
[0.538s] -- Up-to-date: /home/sentry/Wolf-Moon/install/nav2_msgs/include/nav2_msgs/msg/detail/speed_limit__type_support.c
[0.538s] -- Up-to-date: /home/sentry/Wolf-Moon/install/nav2_msgs/include/nav2_msgs/msg/detail/costmap_meta_data__rosidl_typesupport_introspection_c.h
[0.538s] -- Up-to-date: /home/sentry/Wolf-Moon/install/nav2_msgs/include/nav2_msgs/action
[0.538s] -- Up-to-date: /home/sentry/Wolf-Moon/install/nav2_msgs/include/nav2_msgs/action/detail
[0.538s] -- Up-to-date: /home/sentry/Wolf-Moon/install/nav2_msgs/include/nav2_msgs/action/detail/wait__rosidl_typesupport_introspection_c.h
[0.538s] -- Up-to-date: /home/sentry/Wolf-Moon/install/nav2_msgs/include/nav2_msgs/action/detail/navigate_through_poses__type_support.c
[0.539s] -- Up-to-date: /home/sentry/Wolf-Moon/install/nav2_msgs/include/nav2_msgs/action/detail/compute_path_to_pose__type_support.c
[0.539s] -- Up-to-date: /home/sentry/Wolf-Moon/install/nav2_msgs/include/nav2_msgs/action/detail/compute_path_through_poses__type_support.c
[0.539s] -- Up-to-date: /home/sentry/Wolf-Moon/install/nav2_msgs/include/nav2_msgs/action/detail/wait__type_support.c
[0.539s] -- Up-to-date: /home/sentry/Wolf-Moon/install/nav2_msgs/include/nav2_msgs/action/detail/spin__rosidl_typesupport_introspection_c.h
[0.539s] -- Up-to-date: /home/sentry/Wolf-Moon/install/nav2_msgs/include/nav2_msgs/action/detail/navigate_to_pose__rosidl_typesupport_introspection_c.h
[0.539s] -- Up-to-date: /home/sentry/Wolf-Moon/install/nav2_msgs/include/nav2_msgs/action/detail/navigate_to_pose__type_support.c
[0.539s] -- Up-to-date: /home/sentry/Wolf-Moon/install/nav2_msgs/include/nav2_msgs/action/detail/follow_waypoints__type_support.c
[0.539s] -- Up-to-date: /home/sentry/Wolf-Moon/install/nav2_msgs/include/nav2_msgs/action/detail/spin__type_support.c
[0.539s] -- Up-to-date: /home/sentry/Wolf-Moon/install/nav2_msgs/include/nav2_msgs/action/detail/navigate_through_poses__rosidl_typesupport_introspection_c.h
[0.539s] -- Up-to-date: /home/sentry/Wolf-Moon/install/nav2_msgs/include/nav2_msgs/action/detail/follow_path__rosidl_typesupport_introspection_c.h
[0.539s] -- Up-to-date: /home/sentry/Wolf-Moon/install/nav2_msgs/include/nav2_msgs/action/detail/follow_waypoints__rosidl_typesupport_introspection_c.h
[0.539s] -- Up-to-date: /home/sentry/Wolf-Moon/install/nav2_msgs/include/nav2_msgs/action/detail/dummy_recovery__rosidl_typesupport_introspection_c.h
[0.540s] -- Up-to-date: /home/sentry/Wolf-Moon/install/nav2_msgs/include/nav2_msgs/action/detail/compute_path_to_pose__rosidl_typesupport_introspection_c.h
[0.540s] -- Up-to-date: /home/sentry/Wolf-Moon/install/nav2_msgs/include/nav2_msgs/action/detail/dummy_recovery__type_support.c
[0.540s] -- Up-to-date: /home/sentry/Wolf-Moon/install/nav2_msgs/include/nav2_msgs/action/detail/back_up__rosidl_typesupport_introspection_c.h
[0.540s] -- Up-to-date: /home/sentry/Wolf-Moon/install/nav2_msgs/include/nav2_msgs/action/detail/back_up__type_support.c
[0.540s] -- Up-to-date: /home/sentry/Wolf-Moon/install/nav2_msgs/include/nav2_msgs/action/detail/compute_path_through_poses__rosidl_typesupport_introspection_c.h
[0.540s] -- Up-to-date: /home/sentry/Wolf-Moon/install/nav2_msgs/include/nav2_msgs/action/detail/follow_path__type_support.c
[0.540s] -- Up-to-date: /home/sentry/Wolf-Moon/install/nav2_msgs/include/nav2_msgs/srv
[0.540s] -- Up-to-date: /home/sentry/Wolf-Moon/install/nav2_msgs/include/nav2_msgs/srv/detail
[0.540s] -- Up-to-date: /home/sentry/Wolf-Moon/install/nav2_msgs/include/nav2_msgs/srv/detail/save_map__rosidl_typesupport_introspection_c.h
[0.540s] -- Up-to-date: /home/sentry/Wolf-Moon/install/nav2_msgs/include/nav2_msgs/srv/detail/clear_costmap_around_robot__rosidl_typesupport_introspection_c.h
[0.540s] -- Up-to-date: /home/sentry/Wolf-Moon/install/nav2_msgs/include/nav2_msgs/srv/detail/load_map__type_support.c
[0.540s] -- Up-to-date: /home/sentry/Wolf-Moon/install/nav2_msgs/include/nav2_msgs/srv/detail/manage_lifecycle_nodes__type_support.c
[0.541s] -- Up-to-date: /home/sentry/Wolf-Moon/install/nav2_msgs/include/nav2_msgs/srv/detail/clear_entire_costmap__type_support.c
[0.541s] -- Up-to-date: /home/sentry/Wolf-Moon/install/nav2_msgs/include/nav2_msgs/srv/detail/get_costmap__rosidl_typesupport_introspection_c.h
[0.541s] -- Up-to-date: /home/sentry/Wolf-Moon/install/nav2_msgs/include/nav2_msgs/srv/detail/manage_lifecycle_nodes__rosidl_typesupport_introspection_c.h
[0.541s] -- Up-to-date: /home/sentry/Wolf-Moon/install/nav2_msgs/include/nav2_msgs/srv/detail/clear_costmap_except_region__type_support.c
[0.541s] -- Up-to-date: /home/sentry/Wolf-Moon/install/nav2_msgs/include/nav2_msgs/srv/detail/clear_costmap_except_region__rosidl_typesupport_introspection_c.h
[0.541s] -- Up-to-date: /home/sentry/Wolf-Moon/install/nav2_msgs/include/nav2_msgs/srv/detail/load_map__rosidl_typesupport_introspection_c.h
[0.541s] -- Up-to-date: /home/sentry/Wolf-Moon/install/nav2_msgs/include/nav2_msgs/srv/detail/get_costmap__type_support.c
[0.541s] -- Up-to-date: /home/sentry/Wolf-Moon/install/nav2_msgs/include/nav2_msgs/srv/detail/clear_costmap_around_robot__type_support.c
[0.541s] -- Up-to-date: /home/sentry/Wolf-Moon/install/nav2_msgs/include/nav2_msgs/srv/detail/save_map__type_support.c
[0.541s] -- Up-to-date: /home/sentry/Wolf-Moon/install/nav2_msgs/include/nav2_msgs/srv/detail/clear_entire_costmap__rosidl_typesupport_introspection_c.h
[0.541s] -- Up-to-date: /home/sentry/Wolf-Moon/install/nav2_msgs/lib/libnav2_msgs__rosidl_typesupport_introspection_c.so
[0.541s] -- Up-to-date: /home/sentry/Wolf-Moon/install/nav2_msgs/lib/libnav2_msgs__rosidl_typesupport_c.so
[0.542s] -- Up-to-date: /home/sentry/Wolf-Moon/install/nav2_msgs/include/nav2_msgs
[0.542s] -- Up-to-date: /home/sentry/Wolf-Moon/install/nav2_msgs/include/nav2_msgs/msg
[0.542s] -- Up-to-date: /home/sentry/Wolf-Moon/install/nav2_msgs/include/nav2_msgs/msg/costmap_meta_data.hpp
[0.542s] -- Up-to-date: /home/sentry/Wolf-Moon/install/nav2_msgs/include/nav2_msgs/msg/particle_cloud.hpp
[0.542s] -- Up-to-date: /home/sentry/Wolf-Moon/install/nav2_msgs/include/nav2_msgs/msg/costmap.hpp
[0.542s] -- Up-to-date: /home/sentry/Wolf-Moon/install/nav2_msgs/include/nav2_msgs/msg/speed_limit.hpp
[0.542s] -- Up-to-date: /home/sentry/Wolf-Moon/install/nav2_msgs/include/nav2_msgs/msg/detail
[0.542s] -- Up-to-date: /home/sentry/Wolf-Moon/install/nav2_msgs/include/nav2_msgs/msg/detail/costmap_filter_info__traits.hpp
[0.542s] -- Up-to-date: /home/sentry/Wolf-Moon/install/nav2_msgs/include/nav2_msgs/msg/detail/costmap__traits.hpp
[0.542s] -- Up-to-date: /home/sentry/Wolf-Moon/install/nav2_msgs/include/nav2_msgs/msg/detail/behavior_tree_log__traits.hpp
[0.542s] -- Up-to-date: /home/sentry/Wolf-Moon/install/nav2_msgs/include/nav2_msgs/msg/detail/behavior_tree_log__builder.hpp
[0.542s] -- Up-to-date: /home/sentry/Wolf-Moon/install/nav2_msgs/include/nav2_msgs/msg/detail/costmap_meta_data__traits.hpp
[0.543s] -- Up-to-date: /home/sentry/Wolf-Moon/install/nav2_msgs/include/nav2_msgs/msg/detail/speed_limit__struct.hpp
[0.543s] -- Up-to-date: /home/sentry/Wolf-Moon/install/nav2_msgs/include/nav2_msgs/msg/detail/costmap__builder.hpp
[0.543s] -- Up-to-date: /home/sentry/Wolf-Moon/install/nav2_msgs/include/nav2_msgs/msg/detail/costmap__struct.hpp
[0.543s] -- Up-to-date: /home/sentry/Wolf-Moon/install/nav2_msgs/include/nav2_msgs/msg/detail/costmap_meta_data__builder.hpp
[0.543s] -- Up-to-date: /home/sentry/Wolf-Moon/install/nav2_msgs/include/nav2_msgs/msg/detail/costmap_filter_info__struct.hpp
[0.543s] -- Up-to-date: /home/sentry/Wolf-Moon/install/nav2_msgs/include/nav2_msgs/msg/detail/behavior_tree_log__struct.hpp
[0.543s] -- Up-to-date: /home/sentry/Wolf-Moon/install/nav2_msgs/include/nav2_msgs/msg/detail/behavior_tree_status_change__traits.hpp
[0.543s] -- Up-to-date: /home/sentry/Wolf-Moon/install/nav2_msgs/include/nav2_msgs/msg/detail/particle__builder.hpp
[0.543s] -- Up-to-date: /home/sentry/Wolf-Moon/install/nav2_msgs/include/nav2_msgs/msg/detail/behavior_tree_status_change__builder.hpp
[0.543s] -- Up-to-date: /home/sentry/Wolf-Moon/install/nav2_msgs/include/nav2_msgs/msg/detail/particle__struct.hpp
[0.543s] -- Up-to-date: /home/sentry/Wolf-Moon/install/nav2_msgs/include/nav2_msgs/msg/detail/costmap_filter_info__builder.hpp
[0.544s] -- Up-to-date: /home/sentry/Wolf-Moon/install/nav2_msgs/include/nav2_msgs/msg/detail/particle_cloud__traits.hpp
[0.544s] -- Up-to-date: /home/sentry/Wolf-Moon/install/nav2_msgs/include/nav2_msgs/msg/detail/voxel_grid__struct.hpp
[0.544s] -- Up-to-date: /home/sentry/Wolf-Moon/install/nav2_msgs/include/nav2_msgs/msg/detail/particle__traits.hpp
[0.544s] -- Up-to-date: /home/sentry/Wolf-Moon/install/nav2_msgs/include/nav2_msgs/msg/detail/voxel_grid__builder.hpp
[0.544s] -- Up-to-date: /home/sentry/Wolf-Moon/install/nav2_msgs/include/nav2_msgs/msg/detail/particle_cloud__builder.hpp
[0.544s] -- Up-to-date: /home/sentry/Wolf-Moon/install/nav2_msgs/include/nav2_msgs/msg/detail/particle_cloud__struct.hpp
[0.544s] -- Up-to-date: /home/sentry/Wolf-Moon/install/nav2_msgs/include/nav2_msgs/msg/detail/speed_limit__builder.hpp
[0.544s] -- Up-to-date: /home/sentry/Wolf-Moon/install/nav2_msgs/include/nav2_msgs/msg/detail/speed_limit__traits.hpp
[0.544s] -- Up-to-date: /home/sentry/Wolf-Moon/install/nav2_msgs/include/nav2_msgs/msg/detail/behavior_tree_status_change__struct.hpp
[0.544s] -- Up-to-date: /home/sentry/Wolf-Moon/install/nav2_msgs/include/nav2_msgs/msg/detail/voxel_grid__traits.hpp
[0.544s] -- Up-to-date: /home/sentry/Wolf-Moon/install/nav2_msgs/include/nav2_msgs/msg/detail/costmap_meta_data__struct.hpp
[0.545s] -- Up-to-date: /home/sentry/Wolf-Moon/install/nav2_msgs/include/nav2_msgs/msg/particle.hpp
[0.545s] -- Up-to-date: /home/sentry/Wolf-Moon/install/nav2_msgs/include/nav2_msgs/msg/behavior_tree_status_change.hpp
[0.545s] -- Up-to-date: /home/sentry/Wolf-Moon/install/nav2_msgs/include/nav2_msgs/msg/voxel_grid.hpp
[0.545s] -- Up-to-date: /home/sentry/Wolf-Moon/install/nav2_msgs/include/nav2_msgs/msg/costmap_filter_info.hpp
[0.545s] -- Up-to-date: /home/sentry/Wolf-Moon/install/nav2_msgs/include/nav2_msgs/msg/behavior_tree_log.hpp
[0.545s] -- Up-to-date: /home/sentry/Wolf-Moon/install/nav2_msgs/include/nav2_msgs/action
[0.545s] -- Up-to-date: /home/sentry/Wolf-Moon/install/nav2_msgs/include/nav2_msgs/action/follow_path.hpp
[0.545s] -- Up-to-date: /home/sentry/Wolf-Moon/install/nav2_msgs/include/nav2_msgs/action/navigate_to_pose.hpp
[0.545s] -- Up-to-date: /home/sentry/Wolf-Moon/install/nav2_msgs/include/nav2_msgs/action/follow_waypoints.hpp
[0.545s] -- Up-to-date: /home/sentry/Wolf-Moon/install/nav2_msgs/include/nav2_msgs/action/navigate_through_poses.hpp
[0.545s] -- Up-to-date: /home/sentry/Wolf-Moon/install/nav2_msgs/include/nav2_msgs/action/compute_path_to_pose.hpp
[0.546s] -- Up-to-date: /home/sentry/Wolf-Moon/install/nav2_msgs/include/nav2_msgs/action/dummy_recovery.hpp
[0.546s] -- Up-to-date: /home/sentry/Wolf-Moon/install/nav2_msgs/include/nav2_msgs/action/spin.hpp
[0.546s] -- Up-to-date: /home/sentry/Wolf-Moon/install/nav2_msgs/include/nav2_msgs/action/wait.hpp
[0.546s] -- Up-to-date: /home/sentry/Wolf-Moon/install/nav2_msgs/include/nav2_msgs/action/detail
[0.546s] -- Up-to-date: /home/sentry/Wolf-Moon/install/nav2_msgs/include/nav2_msgs/action/detail/navigate_to_pose__builder.hpp
[0.546s] -- Up-to-date: /home/sentry/Wolf-Moon/install/nav2_msgs/include/nav2_msgs/action/detail/follow_path__builder.hpp
[0.546s] -- Up-to-date: /home/sentry/Wolf-Moon/install/nav2_msgs/include/nav2_msgs/action/detail/spin__traits.hpp
[0.546s] -- Up-to-date: /home/sentry/Wolf-Moon/install/nav2_msgs/include/nav2_msgs/action/detail/compute_path_through_poses__struct.hpp
[0.546s] -- Up-to-date: /home/sentry/Wolf-Moon/install/nav2_msgs/include/nav2_msgs/action/detail/navigate_through_poses__traits.hpp
[0.546s] -- Up-to-date: /home/sentry/Wolf-Moon/install/nav2_msgs/include/nav2_msgs/action/detail/wait__builder.hpp
[0.546s] -- Up-to-date: /home/sentry/Wolf-Moon/install/nav2_msgs/include/nav2_msgs/action/detail/dummy_recovery__struct.hpp
[0.546s] -- Up-to-date: /home/sentry/Wolf-Moon/install/nav2_msgs/include/nav2_msgs/action/detail/compute_path_to_pose__builder.hpp
[0.547s] -- Up-to-date: /home/sentry/Wolf-Moon/install/nav2_msgs/include/nav2_msgs/action/detail/navigate_through_poses__struct.hpp
[0.547s] -- Up-to-date: /home/sentry/Wolf-Moon/install/nav2_msgs/include/nav2_msgs/action/detail/navigate_to_pose__traits.hpp
[0.547s] -- Up-to-date: /home/sentry/Wolf-Moon/install/nav2_msgs/include/nav2_msgs/action/detail/follow_path__traits.hpp
[0.547s] -- Up-to-date: /home/sentry/Wolf-Moon/install/nav2_msgs/include/nav2_msgs/action/detail/wait__struct.hpp
[0.547s] -- Up-to-date: /home/sentry/Wolf-Moon/install/nav2_msgs/include/nav2_msgs/action/detail/back_up__builder.hpp
[0.547s] -- Up-to-date: /home/sentry/Wolf-Moon/install/nav2_msgs/include/nav2_msgs/action/detail/wait__traits.hpp
[0.548s] -- Up-to-date: /home/sentry/Wolf-Moon/install/nav2_msgs/include/nav2_msgs/action/detail/spin__struct.hpp
[0.548s] -- Up-to-date: /home/sentry/Wolf-Moon/install/nav2_msgs/include/nav2_msgs/action/detail/spin__builder.hpp
[0.548s] -- Up-to-date: /home/sentry/Wolf-Moon/install/nav2_msgs/include/nav2_msgs/action/detail/navigate_through_poses__builder.hpp
[0.548s] -- Up-to-date: /home/sentry/Wolf-Moon/install/nav2_msgs/include/nav2_msgs/action/detail/follow_waypoints__struct.hpp
[0.548s] -- Up-to-date: /home/sentry/Wolf-Moon/install/nav2_msgs/include/nav2_msgs/action/detail/compute_path_through_poses__builder.hpp
[0.549s] -- Up-to-date: /home/sentry/Wolf-Moon/install/nav2_msgs/include/nav2_msgs/action/detail/compute_path_through_poses__traits.hpp
[0.549s] -- Up-to-date: /home/sentry/Wolf-Moon/install/nav2_msgs/include/nav2_msgs/action/detail/follow_path__struct.hpp
[0.549s] -- Up-to-date: /home/sentry/Wolf-Moon/install/nav2_msgs/include/nav2_msgs/action/detail/compute_path_to_pose__struct.hpp
[0.549s] -- Up-to-date: /home/sentry/Wolf-Moon/install/nav2_msgs/include/nav2_msgs/action/detail/dummy_recovery__traits.hpp
[0.549s] -- Up-to-date: /home/sentry/Wolf-Moon/install/nav2_msgs/include/nav2_msgs/action/detail/follow_waypoints__builder.hpp
[0.549s] -- Up-to-date: /home/sentry/Wolf-Moon/install/nav2_msgs/include/nav2_msgs/action/detail/follow_waypoints__traits.hpp
[0.549s] -- Up-to-date: /home/sentry/Wolf-Moon/install/nav2_msgs/include/nav2_msgs/action/detail/compute_path_to_pose__traits.hpp
[0.549s] -- Up-to-date: /home/sentry/Wolf-Moon/install/nav2_msgs/include/nav2_msgs/action/detail/back_up__struct.hpp
[0.549s] -- Up-to-date: /home/sentry/Wolf-Moon/install/nav2_msgs/include/nav2_msgs/action/detail/dummy_recovery__builder.hpp
[0.549s] -- Up-to-date: /home/sentry/Wolf-Moon/install/nav2_msgs/include/nav2_msgs/action/detail/back_up__traits.hpp
[0.550s] -- Up-to-date: /home/sentry/Wolf-Moon/install/nav2_msgs/include/nav2_msgs/action/detail/navigate_to_pose__struct.hpp
[0.550s] -- Up-to-date: /home/sentry/Wolf-Moon/install/nav2_msgs/include/nav2_msgs/action/compute_path_through_poses.hpp
[0.550s] -- Up-to-date: /home/sentry/Wolf-Moon/install/nav2_msgs/include/nav2_msgs/action/back_up.hpp
[0.550s] -- Up-to-date: /home/sentry/Wolf-Moon/install/nav2_msgs/include/nav2_msgs/srv
[0.550s] -- Up-to-date: /home/sentry/Wolf-Moon/install/nav2_msgs/include/nav2_msgs/srv/save_map.hpp
[0.550s] -- Up-to-date: /home/sentry/Wolf-Moon/install/nav2_msgs/include/nav2_msgs/srv/clear_entire_costmap.hpp
[0.550s] -- Up-to-date: /home/sentry/Wolf-Moon/install/nav2_msgs/include/nav2_msgs/srv/detail
[0.550s] -- Up-to-date: /home/sentry/Wolf-Moon/install/nav2_msgs/include/nav2_msgs/srv/detail/clear_entire_costmap__struct.hpp
[0.550s] -- Up-to-date: /home/sentry/Wolf-Moon/install/nav2_msgs/include/nav2_msgs/srv/detail/clear_costmap_except_region__struct.hpp
[0.550s] -- Up-to-date: /home/sentry/Wolf-Moon/install/nav2_msgs/include/nav2_msgs/srv/detail/load_map__builder.hpp
[0.551s] -- Up-to-date: /home/sentry/Wolf-Moon/install/nav2_msgs/include/nav2_msgs/srv/detail/clear_entire_costmap__traits.hpp
[0.551s] -- Up-to-date: /home/sentry/Wolf-Moon/install/nav2_msgs/include/nav2_msgs/srv/detail/save_map__traits.hpp
[0.551s] -- Up-to-date: /home/sentry/Wolf-Moon/install/nav2_msgs/include/nav2_msgs/srv/detail/clear_costmap_around_robot__traits.hpp
[0.551s] -- Up-to-date: /home/sentry/Wolf-Moon/install/nav2_msgs/include/nav2_msgs/srv/detail/clear_costmap_except_region__traits.hpp
[0.551s] -- Up-to-date: /home/sentry/Wolf-Moon/install/nav2_msgs/include/nav2_msgs/srv/detail/save_map__builder.hpp
[0.551s] -- Up-to-date: /home/sentry/Wolf-Moon/install/nav2_msgs/include/nav2_msgs/srv/detail/load_map__struct.hpp
[0.551s] -- Up-to-date: /home/sentry/Wolf-Moon/install/nav2_msgs/include/nav2_msgs/srv/detail/manage_lifecycle_nodes__builder.hpp
[0.551s] -- Up-to-date: /home/sentry/Wolf-Moon/install/nav2_msgs/include/nav2_msgs/srv/detail/clear_entire_costmap__builder.hpp
[0.552s] -- Up-to-date: /home/sentry/Wolf-Moon/install/nav2_msgs/include/nav2_msgs/srv/detail/load_map__traits.hpp
[0.552s] -- Up-to-date: /home/sentry/Wolf-Moon/install/nav2_msgs/include/nav2_msgs/srv/detail/manage_lifecycle_nodes__traits.hpp
[0.552s] -- Up-to-date: /home/sentry/Wolf-Moon/install/nav2_msgs/include/nav2_msgs/srv/detail/clear_costmap_around_robot__builder.hpp
[0.552s] -- Up-to-date: /home/sentry/Wolf-Moon/install/nav2_msgs/include/nav2_msgs/srv/detail/get_costmap__traits.hpp
[0.552s] -- Up-to-date: /home/sentry/Wolf-Moon/install/nav2_msgs/include/nav2_msgs/srv/detail/manage_lifecycle_nodes__struct.hpp
[0.552s] -- Up-to-date: /home/sentry/Wolf-Moon/install/nav2_msgs/include/nav2_msgs/srv/detail/get_costmap__struct.hpp
[0.552s] -- Up-to-date: /home/sentry/Wolf-Moon/install/nav2_msgs/include/nav2_msgs/srv/detail/clear_costmap_except_region__builder.hpp
[0.552s] -- Up-to-date: /home/sentry/Wolf-Moon/install/nav2_msgs/include/nav2_msgs/srv/detail/get_costmap__builder.hpp
[0.553s] -- Up-to-date: /home/sentry/Wolf-Moon/install/nav2_msgs/include/nav2_msgs/srv/detail/save_map__struct.hpp
[0.553s] -- Up-to-date: /home/sentry/Wolf-Moon/install/nav2_msgs/include/nav2_msgs/srv/detail/clear_costmap_around_robot__struct.hpp
[0.553s] -- Up-to-date: /home/sentry/Wolf-Moon/install/nav2_msgs/include/nav2_msgs/srv/clear_costmap_around_robot.hpp
[0.553s] -- Up-to-date: /home/sentry/Wolf-Moon/install/nav2_msgs/include/nav2_msgs/srv/manage_lifecycle_nodes.hpp
[0.553s] -- Up-to-date: /home/sentry/Wolf-Moon/install/nav2_msgs/include/nav2_msgs/srv/clear_costmap_except_region.hpp
[0.553s] -- Up-to-date: /home/sentry/Wolf-Moon/install/nav2_msgs/include/nav2_msgs/srv/get_costmap.hpp
[0.553s] -- Up-to-date: /home/sentry/Wolf-Moon/install/nav2_msgs/include/nav2_msgs/srv/load_map.hpp
[0.553s] -- Up-to-date: /home/sentry/Wolf-Moon/install/nav2_msgs/include/nav2_msgs
[0.554s] -- Up-to-date: /home/sentry/Wolf-Moon/install/nav2_msgs/include/nav2_msgs/msg
[0.554s] -- Up-to-date: /home/sentry/Wolf-Moon/install/nav2_msgs/include/nav2_msgs/msg/detail
[0.554s] -- Up-to-date: /home/sentry/Wolf-Moon/install/nav2_msgs/include/nav2_msgs/msg/detail/speed_limit__type_support.cpp
[0.554s] -- Up-to-date: /home/sentry/Wolf-Moon/install/nav2_msgs/include/nav2_msgs/msg/detail/behavior_tree_log__type_support.cpp
[0.554s] -- Up-to-date: /home/sentry/Wolf-Moon/install/nav2_msgs/include/nav2_msgs/msg/detail/costmap_filter_info__type_support.cpp
[0.554s] -- Up-to-date: /home/sentry/Wolf-Moon/install/nav2_msgs/include/nav2_msgs/msg/detail/speed_limit__rosidl_typesupport_introspection_cpp.hpp
[0.554s] -- Up-to-date: /home/sentry/Wolf-Moon/install/nav2_msgs/include/nav2_msgs/msg/detail/costmap_meta_data__type_support.cpp
[0.554s] -- Up-to-date: /home/sentry/Wolf-Moon/install/nav2_msgs/include/nav2_msgs/msg/detail/behavior_tree_status_change__type_support.cpp
[0.555s] -- Up-to-date: /home/sentry/Wolf-Moon/install/nav2_msgs/include/nav2_msgs/msg/detail/particle__rosidl_typesupport_introspection_cpp.hpp
[0.555s] -- Up-to-date: /home/sentry/Wolf-Moon/install/nav2_msgs/include/nav2_msgs/msg/detail/behavior_tree_log__rosidl_typesupport_introspection_cpp.hpp
[0.555s] -- Up-to-date: /home/sentry/Wolf-Moon/install/nav2_msgs/include/nav2_msgs/msg/detail/particle_cloud__rosidl_typesupport_introspection_cpp.hpp
[0.555s] -- Up-to-date: /home/sentry/Wolf-Moon/install/nav2_msgs/include/nav2_msgs/msg/detail/costmap_filter_info__rosidl_typesupport_introspection_cpp.hpp
[0.555s] -- Up-to-date: /home/sentry/Wolf-Moon/install/nav2_msgs/include/nav2_msgs/msg/detail/particle__type_support.cpp
[0.555s] -- Up-to-date: /home/sentry/Wolf-Moon/install/nav2_msgs/include/nav2_msgs/msg/detail/costmap__type_support.cpp
[0.555s] -- Up-to-date: /home/sentry/Wolf-Moon/install/nav2_msgs/include/nav2_msgs/msg/detail/particle_cloud__type_support.cpp
[0.556s] -- Up-to-date: /home/sentry/Wolf-Moon/install/nav2_msgs/include/nav2_msgs/msg/detail/voxel_grid__rosidl_typesupport_introspection_cpp.hpp
[0.556s] -- Up-to-date: /home/sentry/Wolf-Moon/install/nav2_msgs/include/nav2_msgs/msg/detail/costmap_meta_data__rosidl_typesupport_introspection_cpp.hpp
[0.556s] -- Up-to-date: /home/sentry/Wolf-Moon/install/nav2_msgs/include/nav2_msgs/msg/detail/behavior_tree_status_change__rosidl_typesupport_introspection_cpp.hpp
[0.556s] -- Up-to-date: /home/sentry/Wolf-Moon/install/nav2_msgs/include/nav2_msgs/msg/detail/costmap__rosidl_typesupport_introspection_cpp.hpp
[0.556s] -- Up-to-date: /home/sentry/Wolf-Moon/install/nav2_msgs/include/nav2_msgs/msg/detail/voxel_grid__type_support.cpp
[0.556s] -- Up-to-date: /home/sentry/Wolf-Moon/install/nav2_msgs/include/nav2_msgs/action
[0.556s] -- Up-to-date: /home/sentry/Wolf-Moon/install/nav2_msgs/include/nav2_msgs/action/detail
[0.556s] -- Up-to-date: /home/sentry/Wolf-Moon/install/nav2_msgs/include/nav2_msgs/action/detail/spin__type_support.cpp
[0.556s] -- Up-to-date: /home/sentry/Wolf-Moon/install/nav2_msgs/include/nav2_msgs/action/detail/dummy_recovery__type_support.cpp
[0.557s] -- Up-to-date: /home/sentry/Wolf-Moon/install/nav2_msgs/include/nav2_msgs/action/detail/compute_path_through_poses__type_support.cpp
[0.557s] -- Up-to-date: /home/sentry/Wolf-Moon/install/nav2_msgs/include/nav2_msgs/action/detail/navigate_through_poses__rosidl_typesupport_introspection_cpp.hpp
[0.557s] -- Up-to-date: /home/sentry/Wolf-Moon/install/nav2_msgs/include/nav2_msgs/action/detail/wait__type_support.cpp
[0.557s] -- Up-to-date: /home/sentry/Wolf-Moon/install/nav2_msgs/include/nav2_msgs/action/detail/back_up__type_support.cpp
[0.557s] -- Up-to-date: /home/sentry/Wolf-Moon/install/nav2_msgs/include/nav2_msgs/action/detail/navigate_to_pose__rosidl_typesupport_introspection_cpp.hpp
[0.557s] -- Up-to-date: /home/sentry/Wolf-Moon/install/nav2_msgs/include/nav2_msgs/action/detail/follow_path__type_support.cpp
[0.557s] -- Up-to-date: /home/sentry/Wolf-Moon/install/nav2_msgs/include/nav2_msgs/action/detail/navigate_to_pose__type_support.cpp
[0.557s] -- Up-to-date: /home/sentry/Wolf-Moon/install/nav2_msgs/include/nav2_msgs/action/detail/spin__rosidl_typesupport_introspection_cpp.hpp
[0.557s] -- Up-to-date: /home/sentry/Wolf-Moon/install/nav2_msgs/include/nav2_msgs/action/detail/compute_path_to_pose__type_support.cpp
[0.558s] -- Up-to-date: /home/sentry/Wolf-Moon/install/nav2_msgs/include/nav2_msgs/action/detail/wait__rosidl_typesupport_introspection_cpp.hpp
[0.558s] -- Up-to-date: /home/sentry/Wolf-Moon/install/nav2_msgs/include/nav2_msgs/action/detail/follow_path__rosidl_typesupport_introspection_cpp.hpp
[0.558s] -- Up-to-date: /home/sentry/Wolf-Moon/install/nav2_msgs/include/nav2_msgs/action/detail/compute_path_through_poses__rosidl_typesupport_introspection_cpp.hpp
[0.558s] -- Up-to-date: /home/sentry/Wolf-Moon/install/nav2_msgs/include/nav2_msgs/action/detail/navigate_through_poses__type_support.cpp
[0.558s] -- Up-to-date: /home/sentry/Wolf-Moon/install/nav2_msgs/include/nav2_msgs/action/detail/follow_waypoints__rosidl_typesupport_introspection_cpp.hpp
[0.558s] -- Up-to-date: /home/sentry/Wolf-Moon/install/nav2_msgs/include/nav2_msgs/action/detail/back_up__rosidl_typesupport_introspection_cpp.hpp
[0.558s] -- Up-to-date: /home/sentry/Wolf-Moon/install/nav2_msgs/include/nav2_msgs/action/detail/follow_waypoints__type_support.cpp
[0.558s] -- Up-to-date: /home/sentry/Wolf-Moon/install/nav2_msgs/include/nav2_msgs/action/detail/dummy_recovery__rosidl_typesupport_introspection_cpp.hpp
[0.558s] -- Up-to-date: /home/sentry/Wolf-Moon/install/nav2_msgs/include/nav2_msgs/action/detail/compute_path_to_pose__rosidl_typesupport_introspection_cpp.hpp
[0.558s] -- Up-to-date: /home/sentry/Wolf-Moon/install/nav2_msgs/include/nav2_msgs/srv
[0.559s] -- Up-to-date: /home/sentry/Wolf-Moon/install/nav2_msgs/include/nav2_msgs/srv/detail
[0.559s] -- Up-to-date: /home/sentry/Wolf-Moon/install/nav2_msgs/include/nav2_msgs/srv/detail/clear_costmap_around_robot__type_support.cpp
[0.559s] -- Up-to-date: /home/sentry/Wolf-Moon/install/nav2_msgs/include/nav2_msgs/srv/detail/get_costmap__type_support.cpp
[0.559s] -- Up-to-date: /home/sentry/Wolf-Moon/install/nav2_msgs/include/nav2_msgs/srv/detail/load_map__rosidl_typesupport_introspection_cpp.hpp
[0.559s] -- Up-to-date: /home/sentry/Wolf-Moon/install/nav2_msgs/include/nav2_msgs/srv/detail/manage_lifecycle_nodes__type_support.cpp
[0.559s] -- Up-to-date: /home/sentry/Wolf-Moon/install/nav2_msgs/include/nav2_msgs/srv/detail/manage_lifecycle_nodes__rosidl_typesupport_introspection_cpp.hpp
[0.559s] -- Up-to-date: /home/sentry/Wolf-Moon/install/nav2_msgs/include/nav2_msgs/srv/detail/save_map__type_support.cpp
[0.559s] -- Up-to-date: /home/sentry/Wolf-Moon/install/nav2_msgs/include/nav2_msgs/srv/detail/load_map__type_support.cpp
[0.559s] -- Up-to-date: /home/sentry/Wolf-Moon/install/nav2_msgs/include/nav2_msgs/srv/detail/clear_costmap_except_region__type_support.cpp
[0.560s] -- Up-to-date: /home/sentry/Wolf-Moon/install/nav2_msgs/include/nav2_msgs/srv/detail/clear_entire_costmap__type_support.cpp
[0.560s] -- Up-to-date: /home/sentry/Wolf-Moon/install/nav2_msgs/include/nav2_msgs/srv/detail/save_map__rosidl_typesupport_introspection_cpp.hpp
[0.560s] -- Up-to-date: /home/sentry/Wolf-Moon/install/nav2_msgs/include/nav2_msgs/srv/detail/get_costmap__rosidl_typesupport_introspection_cpp.hpp
[0.560s] -- Up-to-date: /home/sentry/Wolf-Moon/install/nav2_msgs/include/nav2_msgs/srv/detail/clear_costmap_around_robot__rosidl_typesupport_introspection_cpp.hpp
[0.560s] -- Up-to-date: /home/sentry/Wolf-Moon/install/nav2_msgs/include/nav2_msgs/srv/detail/clear_entire_costmap__rosidl_typesupport_introspection_cpp.hpp
[0.560s] -- Up-to-date: /home/sentry/Wolf-Moon/install/nav2_msgs/include/nav2_msgs/srv/detail/clear_costmap_except_region__rosidl_typesupport_introspection_cpp.hpp
[0.560s] -- Up-to-date: /home/sentry/Wolf-Moon/install/nav2_msgs/lib/libnav2_msgs__rosidl_typesupport_introspection_cpp.so
[0.560s] -- Up-to-date: /home/sentry/Wolf-Moon/install/nav2_msgs/lib/libnav2_msgs__rosidl_typesupport_cpp.so
[0.560s] -- Up-to-date: /home/sentry/Wolf-Moon/install/nav2_msgs/share/nav2_msgs/environment/pythonpath.sh
[0.561s] -- Up-to-date: /home/sentry/Wolf-Moon/install/nav2_msgs/share/nav2_msgs/environment/pythonpath.dsv
[0.561s] -- Up-to-date: /home/sentry/Wolf-Moon/install/nav2_msgs/lib/python3.8/site-packages/nav2_msgs/__init__.py
[0.561s] -- Up-to-date: /home/sentry/Wolf-Moon/install/nav2_msgs/lib/python3.8/site-packages/nav2_msgs/msg
[0.561s] -- Up-to-date: /home/sentry/Wolf-Moon/install/nav2_msgs/lib/python3.8/site-packages/nav2_msgs/msg/_costmap_filter_info_s.c
[0.561s] -- Up-to-date: /home/sentry/Wolf-Moon/install/nav2_msgs/lib/python3.8/site-packages/nav2_msgs/msg/_behavior_tree_log.py
[0.561s] -- Up-to-date: /home/sentry/Wolf-Moon/install/nav2_msgs/lib/python3.8/site-packages/nav2_msgs/msg/__init__.py
[0.561s] -- Up-to-date: /home/sentry/Wolf-Moon/install/nav2_msgs/lib/python3.8/site-packages/nav2_msgs/msg/_costmap_meta_data.py
[0.561s] -- Up-to-date: /home/sentry/Wolf-Moon/install/nav2_msgs/lib/python3.8/site-packages/nav2_msgs/msg/_costmap.py
[0.561s] -- Up-to-date: /home/sentry/Wolf-Moon/install/nav2_msgs/lib/python3.8/site-packages/nav2_msgs/msg/_particle_cloud_s.c
[0.561s] -- Up-to-date: /home/sentry/Wolf-Moon/install/nav2_msgs/lib/python3.8/site-packages/nav2_msgs/msg/_speed_limit_s.c
[0.562s] -- Up-to-date: /home/sentry/Wolf-Moon/install/nav2_msgs/lib/python3.8/site-packages/nav2_msgs/msg/_costmap_filter_info.py
[0.562s] -- Up-to-date: /home/sentry/Wolf-Moon/install/nav2_msgs/lib/python3.8/site-packages/nav2_msgs/msg/_speed_limit.py
[0.564s] -- Up-to-date: /home/sentry/Wolf-Moon/install/nav2_msgs/lib/python3.8/site-packages/nav2_msgs/msg/_behavior_tree_status_change_s.c
[0.565s] -- Up-to-date: /home/sentry/Wolf-Moon/install/nav2_msgs/lib/python3.8/site-packages/nav2_msgs/msg/_particle.py
[0.565s] -- Up-to-date: /home/sentry/Wolf-Moon/install/nav2_msgs/lib/python3.8/site-packages/nav2_msgs/msg/_particle_s.c
[0.566s] -- Up-to-date: /home/sentry/Wolf-Moon/install/nav2_msgs/lib/python3.8/site-packages/nav2_msgs/msg/_behavior_tree_status_change.py
[0.566s] -- Up-to-date: /home/sentry/Wolf-Moon/install/nav2_msgs/lib/python3.8/site-packages/nav2_msgs/msg/_particle_cloud.py
[0.566s] -- Up-to-date: /home/sentry/Wolf-Moon/install/nav2_msgs/lib/python3.8/site-packages/nav2_msgs/msg/_behavior_tree_log_s.c
[0.566s] -- Up-to-date: /home/sentry/Wolf-Moon/install/nav2_msgs/lib/python3.8/site-packages/nav2_msgs/msg/_voxel_grid_s.c
[0.566s] -- Up-to-date: /home/sentry/Wolf-Moon/install/nav2_msgs/lib/python3.8/site-packages/nav2_msgs/msg/_costmap_meta_data_s.c
[0.567s] -- Up-to-date: /home/sentry/Wolf-Moon/install/nav2_msgs/lib/python3.8/site-packages/nav2_msgs/msg/_costmap_s.c
[0.567s] -- Up-to-date: /home/sentry/Wolf-Moon/install/nav2_msgs/lib/python3.8/site-packages/nav2_msgs/msg/_voxel_grid.py
[0.567s] -- Up-to-date: /home/sentry/Wolf-Moon/install/nav2_msgs/lib/python3.8/site-packages/nav2_msgs/srv
[0.567s] -- Up-to-date: /home/sentry/Wolf-Moon/install/nav2_msgs/lib/python3.8/site-packages/nav2_msgs/srv/_clear_entire_costmap.py
[0.568s] -- Up-to-date: /home/sentry/Wolf-Moon/install/nav2_msgs/lib/python3.8/site-packages/nav2_msgs/srv/_clear_costmap_around_robot.py
[0.568s] -- Up-to-date: /home/sentry/Wolf-Moon/install/nav2_msgs/lib/python3.8/site-packages/nav2_msgs/srv/__init__.py
[0.568s] -- Up-to-date: /home/sentry/Wolf-Moon/install/nav2_msgs/lib/python3.8/site-packages/nav2_msgs/srv/_save_map_s.c
[0.568s] -- Up-to-date: /home/sentry/Wolf-Moon/install/nav2_msgs/lib/python3.8/site-packages/nav2_msgs/srv/_save_map.py
[0.569s] -- Up-to-date: /home/sentry/Wolf-Moon/install/nav2_msgs/lib/python3.8/site-packages/nav2_msgs/srv/_clear_costmap_except_region.py
[0.569s] -- Up-to-date: /home/sentry/Wolf-Moon/install/nav2_msgs/lib/python3.8/site-packages/nav2_msgs/srv/_clear_entire_costmap_s.c
[0.569s] -- Up-to-date: /home/sentry/Wolf-Moon/install/nav2_msgs/lib/python3.8/site-packages/nav2_msgs/srv/_manage_lifecycle_nodes.py
[0.569s] -- Up-to-date: /home/sentry/Wolf-Moon/install/nav2_msgs/lib/python3.8/site-packages/nav2_msgs/srv/_get_costmap_s.c
[0.570s] -- Up-to-date: /home/sentry/Wolf-Moon/install/nav2_msgs/lib/python3.8/site-packages/nav2_msgs/srv/_manage_lifecycle_nodes_s.c
[0.570s] -- Up-to-date: /home/sentry/Wolf-Moon/install/nav2_msgs/lib/python3.8/site-packages/nav2_msgs/srv/_load_map_s.c
[0.570s] -- Up-to-date: /home/sentry/Wolf-Moon/install/nav2_msgs/lib/python3.8/site-packages/nav2_msgs/srv/_clear_costmap_except_region_s.c
[0.570s] -- Up-to-date: /home/sentry/Wolf-Moon/install/nav2_msgs/lib/python3.8/site-packages/nav2_msgs/srv/_clear_costmap_around_robot_s.c
[0.570s] -- Up-to-date: /home/sentry/Wolf-Moon/install/nav2_msgs/lib/python3.8/site-packages/nav2_msgs/srv/_load_map.py
[0.571s] -- Up-to-date: /home/sentry/Wolf-Moon/install/nav2_msgs/lib/python3.8/site-packages/nav2_msgs/srv/_get_costmap.py
[0.571s] -- Up-to-date: /home/sentry/Wolf-Moon/install/nav2_msgs/lib/python3.8/site-packages/nav2_msgs/action
[0.572s] -- Up-to-date: /home/sentry/Wolf-Moon/install/nav2_msgs/lib/python3.8/site-packages/nav2_msgs/action/_navigate_to_pose_s.c
[0.572s] -- Up-to-date: /home/sentry/Wolf-Moon/install/nav2_msgs/lib/python3.8/site-packages/nav2_msgs/action/_navigate_through_poses_s.c
[0.572s] -- Up-to-date: /home/sentry/Wolf-Moon/install/nav2_msgs/lib/python3.8/site-packages/nav2_msgs/action/_follow_waypoints.py
[0.572s] -- Up-to-date: /home/sentry/Wolf-Moon/install/nav2_msgs/lib/python3.8/site-packages/nav2_msgs/action/_back_up.py
[0.573s] -- Up-to-date: /home/sentry/Wolf-Moon/install/nav2_msgs/lib/python3.8/site-packages/nav2_msgs/action/__init__.py
[0.573s] -- Up-to-date: /home/sentry/Wolf-Moon/install/nav2_msgs/lib/python3.8/site-packages/nav2_msgs/action/_compute_path_to_pose_s.c
[0.573s] -- Up-to-date: /home/sentry/Wolf-Moon/install/nav2_msgs/lib/python3.8/site-packages/nav2_msgs/action/_spin.py
[0.573s] -- Up-to-date: /home/sentry/Wolf-Moon/install/nav2_msgs/lib/python3.8/site-packages/nav2_msgs/action/_wait_s.c
[0.574s] -- Up-to-date: /home/sentry/Wolf-Moon/install/nav2_msgs/lib/python3.8/site-packages/nav2_msgs/action/_back_up_s.c
[0.574s] -- Up-to-date: /home/sentry/Wolf-Moon/install/nav2_msgs/lib/python3.8/site-packages/nav2_msgs/action/_navigate_through_poses.py
[0.575s] -- Up-to-date: /home/sentry/Wolf-Moon/install/nav2_msgs/lib/python3.8/site-packages/nav2_msgs/action/_compute_path_through_poses.py
[0.575s] -- Up-to-date: /home/sentry/Wolf-Moon/install/nav2_msgs/lib/python3.8/site-packages/nav2_msgs/action/_compute_path_through_poses_s.c
[0.575s] -- Up-to-date: /home/sentry/Wolf-Moon/install/nav2_msgs/lib/python3.8/site-packages/nav2_msgs/action/_compute_path_to_pose.py
[0.575s] -- Up-to-date: /home/sentry/Wolf-Moon/install/nav2_msgs/lib/python3.8/site-packages/nav2_msgs/action/_wait.py
[0.575s] -- Up-to-date: /home/sentry/Wolf-Moon/install/nav2_msgs/lib/python3.8/site-packages/nav2_msgs/action/_follow_waypoints_s.c
[0.576s] -- Up-to-date: /home/sentry/Wolf-Moon/install/nav2_msgs/lib/python3.8/site-packages/nav2_msgs/action/_navigate_to_pose.py
[0.576s] -- Up-to-date: /home/sentry/Wolf-Moon/install/nav2_msgs/lib/python3.8/site-packages/nav2_msgs/action/_spin_s.c
[0.576s] -- Up-to-date: /home/sentry/Wolf-Moon/install/nav2_msgs/lib/python3.8/site-packages/nav2_msgs/action/_dummy_recovery_s.c
[0.576s] -- Up-to-date: /home/sentry/Wolf-Moon/install/nav2_msgs/lib/python3.8/site-packages/nav2_msgs/action/_follow_path_s.c
[0.576s] -- Up-to-date: /home/sentry/Wolf-Moon/install/nav2_msgs/lib/python3.8/site-packages/nav2_msgs/action/_dummy_recovery.py
[0.577s] -- Up-to-date: /home/sentry/Wolf-Moon/install/nav2_msgs/lib/python3.8/site-packages/nav2_msgs/action/_follow_path.py
[0.577s] -- Up-to-date: /home/sentry/Wolf-Moon/install/nav2_msgs/lib/python3.8/site-packages/nav2_msgs/nav2_msgs_s__rosidl_typesupport_fastrtps_c.cpython-38-x86_64-linux-gnu.so
[0.577s] -- Up-to-date: /home/sentry/Wolf-Moon/install/nav2_msgs/lib/python3.8/site-packages/nav2_msgs/nav2_msgs_s__rosidl_typesupport_introspection_c.cpython-38-x86_64-linux-gnu.so
[0.577s] -- Up-to-date: /home/sentry/Wolf-Moon/install/nav2_msgs/lib/python3.8/site-packages/nav2_msgs/nav2_msgs_s__rosidl_typesupport_c.cpython-38-x86_64-linux-gnu.so
[0.577s] -- Up-to-date: /home/sentry/Wolf-Moon/install/nav2_msgs/lib/libnav2_msgs__python.so
[0.577s] -- Up-to-date: /home/sentry/Wolf-Moon/install/nav2_msgs/share/nav2_msgs/msg/Costmap.idl
[0.577s] -- Up-to-date: /home/sentry/Wolf-Moon/install/nav2_msgs/share/nav2_msgs/msg/CostmapMetaData.idl
[0.577s] -- Up-to-date: /home/sentry/Wolf-Moon/install/nav2_msgs/share/nav2_msgs/msg/CostmapFilterInfo.idl
[0.577s] -- Up-to-date: /home/sentry/Wolf-Moon/install/nav2_msgs/share/nav2_msgs/msg/SpeedLimit.idl
[0.577s] -- Up-to-date: /home/sentry/Wolf-Moon/install/nav2_msgs/share/nav2_msgs/msg/VoxelGrid.idl
[0.577s] -- Up-to-date: /home/sentry/Wolf-Moon/install/nav2_msgs/share/nav2_msgs/msg/BehaviorTreeStatusChange.idl
[0.577s] -- Up-to-date: /home/sentry/Wolf-Moon/install/nav2_msgs/share/nav2_msgs/msg/BehaviorTreeLog.idl
[0.578s] -- Up-to-date: /home/sentry/Wolf-Moon/install/nav2_msgs/share/nav2_msgs/msg/Particle.idl
[0.578s] -- Up-to-date: /home/sentry/Wolf-Moon/install/nav2_msgs/share/nav2_msgs/msg/ParticleCloud.idl
[0.578s] -- Up-to-date: /home/sentry/Wolf-Moon/install/nav2_msgs/share/nav2_msgs/srv/GetCostmap.idl
[0.578s] -- Up-to-date: /home/sentry/Wolf-Moon/install/nav2_msgs/share/nav2_msgs/srv/ClearCostmapExceptRegion.idl
[0.578s] -- Up-to-date: /home/sentry/Wolf-Moon/install/nav2_msgs/share/nav2_msgs/srv/ClearCostmapAroundRobot.idl
[0.578s] -- Up-to-date: /home/sentry/Wolf-Moon/install/nav2_msgs/share/nav2_msgs/srv/ClearEntireCostmap.idl
[0.578s] -- Up-to-date: /home/sentry/Wolf-Moon/install/nav2_msgs/share/nav2_msgs/srv/ManageLifecycleNodes.idl
[0.578s] -- Up-to-date: /home/sentry/Wolf-Moon/install/nav2_msgs/share/nav2_msgs/srv/LoadMap.idl
[0.578s] -- Up-to-date: /home/sentry/Wolf-Moon/install/nav2_msgs/share/nav2_msgs/srv/SaveMap.idl
[0.579s] -- Up-to-date: /home/sentry/Wolf-Moon/install/nav2_msgs/share/nav2_msgs/action/BackUp.idl
[0.579s] -- Up-to-date: /home/sentry/Wolf-Moon/install/nav2_msgs/share/nav2_msgs/action/ComputePathToPose.idl
[0.579s] -- Up-to-date: /home/sentry/Wolf-Moon/install/nav2_msgs/share/nav2_msgs/action/ComputePathThroughPoses.idl
[0.579s] -- Up-to-date: /home/sentry/Wolf-Moon/install/nav2_msgs/share/nav2_msgs/action/FollowPath.idl
[0.579s] -- Up-to-date: /home/sentry/Wolf-Moon/install/nav2_msgs/share/nav2_msgs/action/NavigateToPose.idl
[0.579s] -- Up-to-date: /home/sentry/Wolf-Moon/install/nav2_msgs/share/nav2_msgs/action/NavigateThroughPoses.idl
[0.579s] -- Up-to-date: /home/sentry/Wolf-Moon/install/nav2_msgs/share/nav2_msgs/action/Wait.idl
[0.580s] -- Up-to-date: /home/sentry/Wolf-Moon/install/nav2_msgs/share/nav2_msgs/action/Spin.idl
[0.580s] -- Up-to-date: /home/sentry/Wolf-Moon/install/nav2_msgs/share/nav2_msgs/action/DummyRecovery.idl
[0.580s] -- Up-to-date: /home/sentry/Wolf-Moon/install/nav2_msgs/share/nav2_msgs/action/FollowWaypoints.idl
[0.580s] -- Up-to-date: /home/sentry/Wolf-Moon/install/nav2_msgs/share/nav2_msgs/msg/Costmap.msg
[0.580s] -- Up-to-date: /home/sentry/Wolf-Moon/install/nav2_msgs/share/nav2_msgs/msg/CostmapMetaData.msg
[0.580s] -- Up-to-date: /home/sentry/Wolf-Moon/install/nav2_msgs/share/nav2_msgs/msg/CostmapFilterInfo.msg
[0.580s] -- Up-to-date: /home/sentry/Wolf-Moon/install/nav2_msgs/share/nav2_msgs/msg/SpeedLimit.msg
[0.580s] -- Up-to-date: /home/sentry/Wolf-Moon/install/nav2_msgs/share/nav2_msgs/msg/VoxelGrid.msg
[0.580s] -- Up-to-date: /home/sentry/Wolf-Moon/install/nav2_msgs/share/nav2_msgs/msg/BehaviorTreeStatusChange.msg
[0.580s] -- Up-to-date: /home/sentry/Wolf-Moon/install/nav2_msgs/share/nav2_msgs/msg/BehaviorTreeLog.msg
[0.580s] -- Up-to-date: /home/sentry/Wolf-Moon/install/nav2_msgs/share/nav2_msgs/msg/Particle.msg
[0.580s] -- Up-to-date: /home/sentry/Wolf-Moon/install/nav2_msgs/share/nav2_msgs/msg/ParticleCloud.msg
[0.580s] -- Up-to-date: /home/sentry/Wolf-Moon/install/nav2_msgs/share/nav2_msgs/srv/GetCostmap.srv
[0.580s] -- Up-to-date: /home/sentry/Wolf-Moon/install/nav2_msgs/share/nav2_msgs/srv/GetCostmap_Request.msg
[0.580s] -- Up-to-date: /home/sentry/Wolf-Moon/install/nav2_msgs/share/nav2_msgs/srv/GetCostmap_Response.msg
[0.580s] -- Up-to-date: /home/sentry/Wolf-Moon/install/nav2_msgs/share/nav2_msgs/srv/ClearCostmapExceptRegion.srv
[0.580s] -- Up-to-date: /home/sentry/Wolf-Moon/install/nav2_msgs/share/nav2_msgs/srv/ClearCostmapExceptRegion_Request.msg
[0.580s] -- Up-to-date: /home/sentry/Wolf-Moon/install/nav2_msgs/share/nav2_msgs/srv/ClearCostmapExceptRegion_Response.msg
[0.581s] -- Up-to-date: /home/sentry/Wolf-Moon/install/nav2_msgs/share/nav2_msgs/srv/ClearCostmapAroundRobot.srv
[0.581s] -- Up-to-date: /home/sentry/Wolf-Moon/install/nav2_msgs/share/nav2_msgs/srv/ClearCostmapAroundRobot_Request.msg
[0.581s] -- Up-to-date: /home/sentry/Wolf-Moon/install/nav2_msgs/share/nav2_msgs/srv/ClearCostmapAroundRobot_Response.msg
[0.581s] -- Up-to-date: /home/sentry/Wolf-Moon/install/nav2_msgs/share/nav2_msgs/srv/ClearEntireCostmap.srv
[0.581s] -- Up-to-date: /home/sentry/Wolf-Moon/install/nav2_msgs/share/nav2_msgs/srv/ClearEntireCostmap_Request.msg
[0.581s] -- Up-to-date: /home/sentry/Wolf-Moon/install/nav2_msgs/share/nav2_msgs/srv/ClearEntireCostmap_Response.msg
[0.581s] -- Up-to-date: /home/sentry/Wolf-Moon/install/nav2_msgs/share/nav2_msgs/srv/ManageLifecycleNodes.srv
[0.581s] -- Up-to-date: /home/sentry/Wolf-Moon/install/nav2_msgs/share/nav2_msgs/srv/ManageLifecycleNodes_Request.msg
[0.581s] -- Up-to-date: /home/sentry/Wolf-Moon/install/nav2_msgs/share/nav2_msgs/srv/ManageLifecycleNodes_Response.msg
[0.581s] -- Up-to-date: /home/sentry/Wolf-Moon/install/nav2_msgs/share/nav2_msgs/srv/LoadMap.srv
[0.581s] -- Up-to-date: /home/sentry/Wolf-Moon/install/nav2_msgs/share/nav2_msgs/srv/LoadMap_Request.msg
[0.581s] -- Up-to-date: /home/sentry/Wolf-Moon/install/nav2_msgs/share/nav2_msgs/srv/LoadMap_Response.msg
[0.581s] -- Up-to-date: /home/sentry/Wolf-Moon/install/nav2_msgs/share/nav2_msgs/srv/SaveMap.srv
[0.581s] -- Up-to-date: /home/sentry/Wolf-Moon/install/nav2_msgs/share/nav2_msgs/srv/SaveMap_Request.msg
[0.581s] -- Up-to-date: /home/sentry/Wolf-Moon/install/nav2_msgs/share/nav2_msgs/srv/SaveMap_Response.msg
[0.581s] -- Up-to-date: /home/sentry/Wolf-Moon/install/nav2_msgs/share/nav2_msgs/action/BackUp.action
[0.581s] -- Up-to-date: /home/sentry/Wolf-Moon/install/nav2_msgs/share/nav2_msgs/action/ComputePathToPose.action
[0.581s] -- Up-to-date: /home/sentry/Wolf-Moon/install/nav2_msgs/share/nav2_msgs/action/ComputePathThroughPoses.action
[0.581s] -- Up-to-date: /home/sentry/Wolf-Moon/install/nav2_msgs/share/nav2_msgs/action/FollowPath.action
[0.581s] -- Up-to-date: /home/sentry/Wolf-Moon/install/nav2_msgs/share/nav2_msgs/action/NavigateToPose.action
[0.581s] -- Up-to-date: /home/sentry/Wolf-Moon/install/nav2_msgs/share/nav2_msgs/action/NavigateThroughPoses.action
[0.582s] -- Up-to-date: /home/sentry/Wolf-Moon/install/nav2_msgs/share/nav2_msgs/action/Wait.action
[0.582s] -- Up-to-date: /home/sentry/Wolf-Moon/install/nav2_msgs/share/nav2_msgs/action/Spin.action
[0.582s] -- Up-to-date: /home/sentry/Wolf-Moon/install/nav2_msgs/share/nav2_msgs/action/DummyRecovery.action
[0.582s] -- Up-to-date: /home/sentry/Wolf-Moon/install/nav2_msgs/share/nav2_msgs/action/FollowWaypoints.action
[0.582s] -- Up-to-date: /home/sentry/Wolf-Moon/install/nav2_msgs/share/ament_index/resource_index/package_run_dependencies/nav2_msgs
[0.582s] -- Up-to-date: /home/sentry/Wolf-Moon/install/nav2_msgs/share/ament_index/resource_index/parent_prefix_path/nav2_msgs
[0.582s] -- Up-to-date: /home/sentry/Wolf-Moon/install/nav2_msgs/share/nav2_msgs/environment/ament_prefix_path.sh
[0.582s] -- Up-to-date: /home/sentry/Wolf-Moon/install/nav2_msgs/share/nav2_msgs/environment/ament_prefix_path.dsv
[0.582s] -- Up-to-date: /home/sentry/Wolf-Moon/install/nav2_msgs/share/nav2_msgs/environment/path.sh
[0.582s] -- Up-to-date: /home/sentry/Wolf-Moon/install/nav2_msgs/share/nav2_msgs/environment/path.dsv
[0.582s] -- Up-to-date: /home/sentry/Wolf-Moon/install/nav2_msgs/share/nav2_msgs/local_setup.bash
[0.582s] -- Up-to-date: /home/sentry/Wolf-Moon/install/nav2_msgs/share/nav2_msgs/local_setup.sh
[0.582s] -- Up-to-date: /home/sentry/Wolf-Moon/install/nav2_msgs/share/nav2_msgs/local_setup.zsh
[0.582s] -- Up-to-date: /home/sentry/Wolf-Moon/install/nav2_msgs/share/nav2_msgs/local_setup.dsv
[0.582s] -- Installing: /home/sentry/Wolf-Moon/install/nav2_msgs/share/nav2_msgs/package.dsv
[0.582s] -- Up-to-date: /home/sentry/Wolf-Moon/install/nav2_msgs/share/ament_index/resource_index/packages/nav2_msgs
[0.582s] -- Up-to-date: /home/sentry/Wolf-Moon/install/nav2_msgs/share/nav2_msgs/cmake/nav2_msgs__rosidl_generator_cExport.cmake
[0.583s] -- Up-to-date: /home/sentry/Wolf-Moon/install/nav2_msgs/share/nav2_msgs/cmake/nav2_msgs__rosidl_generator_cExport-release.cmake
[0.583s] -- Up-to-date: /home/sentry/Wolf-Moon/install/nav2_msgs/share/nav2_msgs/cmake/nav2_msgs__rosidl_typesupport_introspection_cExport.cmake
[0.583s] -- Up-to-date: /home/sentry/Wolf-Moon/install/nav2_msgs/share/nav2_msgs/cmake/nav2_msgs__rosidl_typesupport_introspection_cExport-release.cmake
[0.583s] -- Up-to-date: /home/sentry/Wolf-Moon/install/nav2_msgs/share/nav2_msgs/cmake/nav2_msgs__rosidl_typesupport_cExport.cmake
[0.583s] -- Up-to-date: /home/sentry/Wolf-Moon/install/nav2_msgs/share/nav2_msgs/cmake/nav2_msgs__rosidl_typesupport_cExport-release.cmake
[0.583s] -- Up-to-date: /home/sentry/Wolf-Moon/install/nav2_msgs/share/nav2_msgs/cmake/nav2_msgs__rosidl_generator_cppExport.cmake
[0.583s] -- Up-to-date: /home/sentry/Wolf-Moon/install/nav2_msgs/share/nav2_msgs/cmake/nav2_msgs__rosidl_typesupport_introspection_cppExport.cmake
[0.583s] -- Up-to-date: /home/sentry/Wolf-Moon/install/nav2_msgs/share/nav2_msgs/cmake/nav2_msgs__rosidl_typesupport_introspection_cppExport-release.cmake
[0.583s] -- Up-to-date: /home/sentry/Wolf-Moon/install/nav2_msgs/share/nav2_msgs/cmake/nav2_msgs__rosidl_typesupport_cppExport.cmake
[0.583s] -- Up-to-date: /home/sentry/Wolf-Moon/install/nav2_msgs/share/nav2_msgs/cmake/nav2_msgs__rosidl_typesupport_cppExport-release.cmake
[0.583s] -- Up-to-date: /home/sentry/Wolf-Moon/install/nav2_msgs/share/nav2_msgs/cmake/rosidl_cmake-extras.cmake
[0.583s] -- Up-to-date: /home/sentry/Wolf-Moon/install/nav2_msgs/share/nav2_msgs/cmake/ament_cmake_export_dependencies-extras.cmake
[0.583s] -- Up-to-date: /home/sentry/Wolf-Moon/install/nav2_msgs/share/nav2_msgs/cmake/ament_cmake_export_libraries-extras.cmake
[0.583s] -- Up-to-date: /home/sentry/Wolf-Moon/install/nav2_msgs/share/nav2_msgs/cmake/ament_cmake_export_targets-extras.cmake
[0.583s] -- Up-to-date: /home/sentry/Wolf-Moon/install/nav2_msgs/share/nav2_msgs/cmake/ament_cmake_export_include_directories-extras.cmake
[0.583s] -- Up-to-date: /home/sentry/Wolf-Moon/install/nav2_msgs/share/nav2_msgs/cmake/rosidl_cmake_export_typesupport_libraries-extras.cmake
[0.583s] -- Up-to-date: /home/sentry/Wolf-Moon/install/nav2_msgs/share/nav2_msgs/cmake/rosidl_cmake_export_typesupport_targets-extras.cmake
[0.583s] -- Up-to-date: /home/sentry/Wolf-Moon/install/nav2_msgs/share/nav2_msgs/cmake/nav2_msgsConfig.cmake
[0.583s] -- Up-to-date: /home/sentry/Wolf-Moon/install/nav2_msgs/share/nav2_msgs/cmake/nav2_msgsConfig-version.cmake
[0.584s] -- Up-to-date: /home/sentry/Wolf-Moon/install/nav2_msgs/share/nav2_msgs/package.xml
[0.584s] Invoked command in '/home/sentry/Wolf-Moon/build/nav2_msgs' returned '0': CMAKE_PREFIX_PATH=/home/sentry/Wolf-Moon/install/nav2_common:/home/sentry/Wolf-Moon/install/sentry_decision_v2:/home/sentry/Wolf-Moon/install/octomap_dynamic_map:/home/sentry/Wolf-Moon/install/navigation_planning:/home/sentry/Wolf-Moon/install/grid_map:/home/sentry/Wolf-Moon/install/grid_map_costmap_2d:/home/sentry/Wolf-Moon/install/nav2_costmap_2d:/home/sentry/Wolf-Moon/install/nav2_voxel_grid:/home/sentry/Wolf-Moon/install/nav2_map_server:/home/sentry/Wolf-Moon/install/nav2_lifecycle_manager:/home/sentry/Wolf-Moon/install/nav2_behavior_tree:/home/sentry/Wolf-Moon/install/nav2_util:/home/sentry/Wolf-Moon/install/grid_map_demos:/home/sentry/Wolf-Moon/install/grid_map_visualization:/home/sentry/Wolf-Moon/install/grid_map_rviz_plugin:/home/sentry/Wolf-Moon/install/grid_map_pcl:/home/sentry/Wolf-Moon/install/grid_map_loader:/home/sentry/Wolf-Moon/install/grid_map_filters:/home/sentry/Wolf-Moon/install/grid_map_ros:/home/sentry/Wolf-Moon/install/nav2_msgs:/home/sentry/Wolf-Moon/install/livox_ros_driver2:/home/sentry/Wolf-Moon/install/ig_lio_c_msgs:/home/sentry/Wolf-Moon/install/ig_lio_c:/home/sentry/Wolf-Moon/install/grid_map_sdf:/home/sentry/Wolf-Moon/install/grid_map_octomap:/home/sentry/Wolf-Moon/install/grid_map_msgs:/home/sentry/Wolf-Moon/install/grid_map_cv:/home/sentry/Wolf-Moon/install/grid_map_core:/home/sentry/Wolf-Moon/install/grid_map_cmake_helpers:/home/sentry/Wolf-Moon/install/cv_bridge:/home/sentry/Wolf-Moon/install/auto_aim_interfaces:/home/sentry/Wolf-Moon/install/fake_msg_publisher:/opt/ros/galactic PYTHONPATH=/home/sentry/Wolf-Moon/install/nav2_common/lib/python3.8/site-packages:/home/sentry/Wolf-Moon/install/nav2_msgs/lib/python3.8/site-packages:/home/sentry/Wolf-Moon/install/livox_ros_driver2/lib/python3.8/site-packages:/home/sentry/Wolf-Moon/install/ig_lio_c_msgs/lib/python3.8/site-packages:/home/sentry/Wolf-Moon/install/grid_map_msgs/lib/python3.8/site-packages:/home/sentry/Wolf-Moon/install/fake_msg_publisher/lib/python3.8/site-packages:/home/sentry/Wolf-Moon/install/cv_bridge/lib/python3.8/site-packages:/home/sentry/Wolf-Moon/install/auto_aim_interfaces/lib/python3.8/site-packages:/opt/intel/openvino_2022/python/python3.8:/opt/intel/openvino_2022/python/python3:/opt/ros/galactic/lib/python3.8/site-packages:/opt/intel/openvino_2022/python/python3.8:/opt/intel/openvino_2022/python/python3 /usr/bin/cmake --install /home/sentry/Wolf-Moon/build/nav2_msgs
