[0.022s] Invoking command in '/home/sentry/Wolf-Moon/build/grid_map_msgs': CMAKE_PREFIX_PATH=/home/sentry/Wolf-Moon/install/grid_map_cmake_helpers:/home/sentry/Wolf-Moon/install/sentry_decision_v2:/home/sentry/Wolf-Moon/install/octomap_dynamic_map:/home/sentry/Wolf-Moon/install/navigation_planning:/home/sentry/Wolf-Moon/install/grid_map:/home/sentry/Wolf-Moon/install/grid_map_costmap_2d:/home/sentry/Wolf-Moon/install/nav2_costmap_2d:/home/sentry/Wolf-Moon/install/nav2_voxel_grid:/home/sentry/Wolf-Moon/install/nav2_map_server:/home/sentry/Wolf-Moon/install/nav2_lifecycle_manager:/home/sentry/Wolf-Moon/install/nav2_behavior_tree:/home/sentry/Wolf-Moon/install/nav2_util:/home/sentry/Wolf-Moon/install/grid_map_demos:/home/sentry/Wolf-Moon/install/grid_map_visualization:/home/sentry/Wolf-Moon/install/grid_map_rviz_plugin:/home/sentry/Wolf-Moon/install/grid_map_pcl:/home/sentry/Wolf-Moon/install/grid_map_loader:/home/sentry/Wolf-Moon/install/grid_map_filters:/home/sentry/Wolf-Moon/install/grid_map_ros:/home/sentry/Wolf-Moon/install/nav2_msgs:/home/sentry/Wolf-Moon/install/nav2_common:/home/sentry/Wolf-Moon/install/livox_ros_driver2:/home/sentry/Wolf-Moon/install/ig_lio_c_msgs:/home/sentry/Wolf-Moon/install/ig_lio_c:/home/sentry/Wolf-Moon/install/grid_map_sdf:/home/sentry/Wolf-Moon/install/grid_map_octomap:/home/sentry/Wolf-Moon/install/grid_map_msgs:/home/sentry/Wolf-Moon/install/grid_map_cv:/home/sentry/Wolf-Moon/install/grid_map_core:/home/sentry/Wolf-Moon/install/cv_bridge:/home/sentry/Wolf-Moon/install/auto_aim_interfaces:/home/sentry/Wolf-Moon/install/fake_msg_publisher:/opt/ros/galactic /usr/bin/cmake --build /home/sentry/Wolf-Moon/build/grid_map_msgs -- -j12 -l12
[0.224s] [  1%] Built target grid_map_msgs__cpp
[0.306s] [ 12%] Built target grid_map_msgs__rosidl_generator_c
[0.378s] [ 23%] Built target grid_map_msgs__rosidl_typesupport_introspection_cpp
[0.482s] [ 35%] Built target grid_map_msgs__rosidl_typesupport_c
[0.610s] [ 46%] Built target grid_map_msgs__rosidl_typesupport_introspection_c
[0.752s] [ 57%] Built target grid_map_msgs__rosidl_typesupport_fastrtps_cpp
[0.866s] [ 69%] Built target grid_map_msgs__rosidl_typesupport_cpp
[1.020s] [ 80%] Built target grid_map_msgs__rosidl_typesupport_fastrtps_c
[1.106s] [ 80%] Built target grid_map_msgs
[1.191s] [ 81%] Built target grid_map_msgs__py
[1.325s] [ 91%] Built target grid_map_msgs__python
[1.449s] [ 94%] Built target grid_map_msgs__rosidl_typesupport_introspection_c__pyext
[1.600s] [ 97%] Built target grid_map_msgs__rosidl_typesupport_c__pyext
[1.726s] [100%] Built target grid_map_msgs__rosidl_typesupport_fastrtps_c__pyext
[1.826s] Invoked command in '/home/sentry/Wolf-Moon/build/grid_map_msgs' returned '0': CMAKE_PREFIX_PATH=/home/sentry/Wolf-Moon/install/grid_map_cmake_helpers:/home/sentry/Wolf-Moon/install/sentry_decision_v2:/home/sentry/Wolf-Moon/install/octomap_dynamic_map:/home/sentry/Wolf-Moon/install/navigation_planning:/home/sentry/Wolf-Moon/install/grid_map:/home/sentry/Wolf-Moon/install/grid_map_costmap_2d:/home/sentry/Wolf-Moon/install/nav2_costmap_2d:/home/sentry/Wolf-Moon/install/nav2_voxel_grid:/home/sentry/Wolf-Moon/install/nav2_map_server:/home/sentry/Wolf-Moon/install/nav2_lifecycle_manager:/home/sentry/Wolf-Moon/install/nav2_behavior_tree:/home/sentry/Wolf-Moon/install/nav2_util:/home/sentry/Wolf-Moon/install/grid_map_demos:/home/sentry/Wolf-Moon/install/grid_map_visualization:/home/sentry/Wolf-Moon/install/grid_map_rviz_plugin:/home/sentry/Wolf-Moon/install/grid_map_pcl:/home/sentry/Wolf-Moon/install/grid_map_loader:/home/sentry/Wolf-Moon/install/grid_map_filters:/home/sentry/Wolf-Moon/install/grid_map_ros:/home/sentry/Wolf-Moon/install/nav2_msgs:/home/sentry/Wolf-Moon/install/nav2_common:/home/sentry/Wolf-Moon/install/livox_ros_driver2:/home/sentry/Wolf-Moon/install/ig_lio_c_msgs:/home/sentry/Wolf-Moon/install/ig_lio_c:/home/sentry/Wolf-Moon/install/grid_map_sdf:/home/sentry/Wolf-Moon/install/grid_map_octomap:/home/sentry/Wolf-Moon/install/grid_map_msgs:/home/sentry/Wolf-Moon/install/grid_map_cv:/home/sentry/Wolf-Moon/install/grid_map_core:/home/sentry/Wolf-Moon/install/cv_bridge:/home/sentry/Wolf-Moon/install/auto_aim_interfaces:/home/sentry/Wolf-Moon/install/fake_msg_publisher:/opt/ros/galactic /usr/bin/cmake --build /home/sentry/Wolf-Moon/build/grid_map_msgs -- -j12 -l12
[1.832s] Invoking command in '/home/sentry/Wolf-Moon/build/grid_map_msgs': CMAKE_PREFIX_PATH=/home/sentry/Wolf-Moon/install/grid_map_cmake_helpers:/home/sentry/Wolf-Moon/install/sentry_decision_v2:/home/sentry/Wolf-Moon/install/octomap_dynamic_map:/home/sentry/Wolf-Moon/install/navigation_planning:/home/sentry/Wolf-Moon/install/grid_map:/home/sentry/Wolf-Moon/install/grid_map_costmap_2d:/home/sentry/Wolf-Moon/install/nav2_costmap_2d:/home/sentry/Wolf-Moon/install/nav2_voxel_grid:/home/sentry/Wolf-Moon/install/nav2_map_server:/home/sentry/Wolf-Moon/install/nav2_lifecycle_manager:/home/sentry/Wolf-Moon/install/nav2_behavior_tree:/home/sentry/Wolf-Moon/install/nav2_util:/home/sentry/Wolf-Moon/install/grid_map_demos:/home/sentry/Wolf-Moon/install/grid_map_visualization:/home/sentry/Wolf-Moon/install/grid_map_rviz_plugin:/home/sentry/Wolf-Moon/install/grid_map_pcl:/home/sentry/Wolf-Moon/install/grid_map_loader:/home/sentry/Wolf-Moon/install/grid_map_filters:/home/sentry/Wolf-Moon/install/grid_map_ros:/home/sentry/Wolf-Moon/install/nav2_msgs:/home/sentry/Wolf-Moon/install/nav2_common:/home/sentry/Wolf-Moon/install/livox_ros_driver2:/home/sentry/Wolf-Moon/install/ig_lio_c_msgs:/home/sentry/Wolf-Moon/install/ig_lio_c:/home/sentry/Wolf-Moon/install/grid_map_sdf:/home/sentry/Wolf-Moon/install/grid_map_octomap:/home/sentry/Wolf-Moon/install/grid_map_msgs:/home/sentry/Wolf-Moon/install/grid_map_cv:/home/sentry/Wolf-Moon/install/grid_map_core:/home/sentry/Wolf-Moon/install/cv_bridge:/home/sentry/Wolf-Moon/install/auto_aim_interfaces:/home/sentry/Wolf-Moon/install/fake_msg_publisher:/opt/ros/galactic /usr/bin/cmake --install /home/sentry/Wolf-Moon/build/grid_map_msgs
[1.886s] -- Install configuration: "Release"
[1.886s] -- Up-to-date: /home/sentry/Wolf-Moon/install/grid_map_msgs/share/ament_index/resource_index/rosidl_interfaces/grid_map_msgs
[1.886s] -- Up-to-date: /home/sentry/Wolf-Moon/install/grid_map_msgs/include/grid_map_msgs
[1.886s] -- Up-to-date: /home/sentry/Wolf-Moon/install/grid_map_msgs/include/grid_map_msgs/msg
[1.886s] -- Up-to-date: /home/sentry/Wolf-Moon/install/grid_map_msgs/include/grid_map_msgs/msg/grid_map_info.h
[1.886s] -- Up-to-date: /home/sentry/Wolf-Moon/install/grid_map_msgs/include/grid_map_msgs/msg/grid_map.h
[1.887s] -- Up-to-date: /home/sentry/Wolf-Moon/install/grid_map_msgs/include/grid_map_msgs/msg/detail
[1.887s] -- Up-to-date: /home/sentry/Wolf-Moon/install/grid_map_msgs/include/grid_map_msgs/msg/detail/grid_map_info__type_support.h
[1.887s] -- Up-to-date: /home/sentry/Wolf-Moon/install/grid_map_msgs/include/grid_map_msgs/msg/detail/grid_map__functions.c
[1.887s] -- Up-to-date: /home/sentry/Wolf-Moon/install/grid_map_msgs/include/grid_map_msgs/msg/detail/grid_map__functions.h
[1.887s] -- Up-to-date: /home/sentry/Wolf-Moon/install/grid_map_msgs/include/grid_map_msgs/msg/detail/grid_map_info__struct.h
[1.887s] -- Up-to-date: /home/sentry/Wolf-Moon/install/grid_map_msgs/include/grid_map_msgs/msg/detail/grid_map__type_support.h
[1.887s] -- Up-to-date: /home/sentry/Wolf-Moon/install/grid_map_msgs/include/grid_map_msgs/msg/detail/grid_map__struct.h
[1.887s] -- Up-to-date: /home/sentry/Wolf-Moon/install/grid_map_msgs/include/grid_map_msgs/msg/detail/grid_map_info__functions.h
[1.887s] -- Up-to-date: /home/sentry/Wolf-Moon/install/grid_map_msgs/include/grid_map_msgs/msg/detail/grid_map_info__functions.c
[1.887s] -- Up-to-date: /home/sentry/Wolf-Moon/install/grid_map_msgs/include/grid_map_msgs/msg/rosidl_generator_c__visibility_control.h
[1.888s] -- Up-to-date: /home/sentry/Wolf-Moon/install/grid_map_msgs/include/grid_map_msgs/srv
[1.888s] -- Up-to-date: /home/sentry/Wolf-Moon/install/grid_map_msgs/include/grid_map_msgs/srv/get_grid_map_info.h
[1.888s] -- Up-to-date: /home/sentry/Wolf-Moon/install/grid_map_msgs/include/grid_map_msgs/srv/detail
[1.888s] -- Up-to-date: /home/sentry/Wolf-Moon/install/grid_map_msgs/include/grid_map_msgs/srv/detail/get_grid_map_info__struct.h
[1.888s] -- Up-to-date: /home/sentry/Wolf-Moon/install/grid_map_msgs/include/grid_map_msgs/srv/detail/get_grid_map__functions.c
[1.888s] -- Up-to-date: /home/sentry/Wolf-Moon/install/grid_map_msgs/include/grid_map_msgs/srv/detail/process_file__functions.c
[1.888s] -- Up-to-date: /home/sentry/Wolf-Moon/install/grid_map_msgs/include/grid_map_msgs/srv/detail/set_grid_map__functions.c
[1.888s] -- Up-to-date: /home/sentry/Wolf-Moon/install/grid_map_msgs/include/grid_map_msgs/srv/detail/process_file__functions.h
[1.888s] -- Up-to-date: /home/sentry/Wolf-Moon/install/grid_map_msgs/include/grid_map_msgs/srv/detail/process_file__type_support.h
[1.889s] -- Up-to-date: /home/sentry/Wolf-Moon/install/grid_map_msgs/include/grid_map_msgs/srv/detail/set_grid_map__functions.h
[1.889s] -- Up-to-date: /home/sentry/Wolf-Moon/install/grid_map_msgs/include/grid_map_msgs/srv/detail/get_grid_map__functions.h
[1.889s] -- Up-to-date: /home/sentry/Wolf-Moon/install/grid_map_msgs/include/grid_map_msgs/srv/detail/get_grid_map_info__functions.h
[1.889s] -- Up-to-date: /home/sentry/Wolf-Moon/install/grid_map_msgs/include/grid_map_msgs/srv/detail/set_grid_map__struct.h
[1.889s] -- Up-to-date: /home/sentry/Wolf-Moon/install/grid_map_msgs/include/grid_map_msgs/srv/detail/set_grid_map__type_support.h
[1.889s] -- Up-to-date: /home/sentry/Wolf-Moon/install/grid_map_msgs/include/grid_map_msgs/srv/detail/process_file__struct.h
[1.889s] -- Up-to-date: /home/sentry/Wolf-Moon/install/grid_map_msgs/include/grid_map_msgs/srv/detail/get_grid_map__struct.h
[1.889s] -- Up-to-date: /home/sentry/Wolf-Moon/install/grid_map_msgs/include/grid_map_msgs/srv/detail/get_grid_map_info__functions.c
[1.889s] -- Up-to-date: /home/sentry/Wolf-Moon/install/grid_map_msgs/include/grid_map_msgs/srv/detail/get_grid_map_info__type_support.h
[1.889s] -- Up-to-date: /home/sentry/Wolf-Moon/install/grid_map_msgs/include/grid_map_msgs/srv/detail/get_grid_map__type_support.h
[1.889s] -- Up-to-date: /home/sentry/Wolf-Moon/install/grid_map_msgs/include/grid_map_msgs/srv/get_grid_map.h
[1.890s] -- Up-to-date: /home/sentry/Wolf-Moon/install/grid_map_msgs/include/grid_map_msgs/srv/set_grid_map.h
[1.890s] -- Up-to-date: /home/sentry/Wolf-Moon/install/grid_map_msgs/include/grid_map_msgs/srv/process_file.h
[1.890s] -- Up-to-date: /home/sentry/Wolf-Moon/install/grid_map_msgs/share/grid_map_msgs/environment/library_path.sh
[1.890s] -- Up-to-date: /home/sentry/Wolf-Moon/install/grid_map_msgs/share/grid_map_msgs/environment/library_path.dsv
[1.890s] -- Up-to-date: /home/sentry/Wolf-Moon/install/grid_map_msgs/lib/libgrid_map_msgs__rosidl_generator_c.so
[1.890s] -- Up-to-date: /home/sentry/Wolf-Moon/install/grid_map_msgs/include/grid_map_msgs
[1.890s] -- Up-to-date: /home/sentry/Wolf-Moon/install/grid_map_msgs/include/grid_map_msgs/msg
[1.890s] -- Up-to-date: /home/sentry/Wolf-Moon/install/grid_map_msgs/include/grid_map_msgs/msg/detail
[1.890s] -- Up-to-date: /home/sentry/Wolf-Moon/install/grid_map_msgs/include/grid_map_msgs/msg/detail/grid_map_info__rosidl_typesupport_fastrtps_c.h
[1.890s] -- Up-to-date: /home/sentry/Wolf-Moon/install/grid_map_msgs/include/grid_map_msgs/msg/detail/grid_map__rosidl_typesupport_fastrtps_c.h
[1.891s] -- Up-to-date: /home/sentry/Wolf-Moon/install/grid_map_msgs/include/grid_map_msgs/msg/rosidl_typesupport_fastrtps_c__visibility_control.h
[1.891s] -- Up-to-date: /home/sentry/Wolf-Moon/install/grid_map_msgs/include/grid_map_msgs/srv
[1.891s] -- Up-to-date: /home/sentry/Wolf-Moon/install/grid_map_msgs/include/grid_map_msgs/srv/detail
[1.891s] -- Up-to-date: /home/sentry/Wolf-Moon/install/grid_map_msgs/include/grid_map_msgs/srv/detail/set_grid_map__rosidl_typesupport_fastrtps_c.h
[1.891s] -- Up-to-date: /home/sentry/Wolf-Moon/install/grid_map_msgs/include/grid_map_msgs/srv/detail/get_grid_map_info__rosidl_typesupport_fastrtps_c.h
[1.891s] -- Up-to-date: /home/sentry/Wolf-Moon/install/grid_map_msgs/include/grid_map_msgs/srv/detail/get_grid_map__rosidl_typesupport_fastrtps_c.h
[1.891s] -- Up-to-date: /home/sentry/Wolf-Moon/install/grid_map_msgs/include/grid_map_msgs/srv/detail/process_file__rosidl_typesupport_fastrtps_c.h
[1.891s] -- Up-to-date: /home/sentry/Wolf-Moon/install/grid_map_msgs/lib/libgrid_map_msgs__rosidl_typesupport_fastrtps_c.so
[1.891s] -- Up-to-date: /home/sentry/Wolf-Moon/install/grid_map_msgs/include/grid_map_msgs
[1.893s] -- Up-to-date: /home/sentry/Wolf-Moon/install/grid_map_msgs/include/grid_map_msgs/msg
[1.893s] -- Up-to-date: /home/sentry/Wolf-Moon/install/grid_map_msgs/include/grid_map_msgs/msg/detail
[1.893s] -- Up-to-date: /home/sentry/Wolf-Moon/install/grid_map_msgs/include/grid_map_msgs/msg/detail/grid_map__rosidl_typesupport_fastrtps_cpp.hpp
[1.893s] -- Up-to-date: /home/sentry/Wolf-Moon/install/grid_map_msgs/include/grid_map_msgs/msg/detail/dds_fastrtps
[1.893s] -- Up-to-date: /home/sentry/Wolf-Moon/install/grid_map_msgs/include/grid_map_msgs/msg/detail/grid_map_info__rosidl_typesupport_fastrtps_cpp.hpp
[1.893s] -- Up-to-date: /home/sentry/Wolf-Moon/install/grid_map_msgs/include/grid_map_msgs/msg/rosidl_typesupport_fastrtps_cpp__visibility_control.h
[1.894s] -- Up-to-date: /home/sentry/Wolf-Moon/install/grid_map_msgs/include/grid_map_msgs/srv
[1.894s] -- Up-to-date: /home/sentry/Wolf-Moon/install/grid_map_msgs/include/grid_map_msgs/srv/detail
[1.894s] -- Up-to-date: /home/sentry/Wolf-Moon/install/grid_map_msgs/include/grid_map_msgs/srv/detail/get_grid_map_info__rosidl_typesupport_fastrtps_cpp.hpp
[1.894s] -- Up-to-date: /home/sentry/Wolf-Moon/install/grid_map_msgs/include/grid_map_msgs/srv/detail/process_file__rosidl_typesupport_fastrtps_cpp.hpp
[1.894s] -- Up-to-date: /home/sentry/Wolf-Moon/install/grid_map_msgs/include/grid_map_msgs/srv/detail/set_grid_map__rosidl_typesupport_fastrtps_cpp.hpp
[1.894s] -- Up-to-date: /home/sentry/Wolf-Moon/install/grid_map_msgs/include/grid_map_msgs/srv/detail/get_grid_map__rosidl_typesupport_fastrtps_cpp.hpp
[1.894s] -- Up-to-date: /home/sentry/Wolf-Moon/install/grid_map_msgs/include/grid_map_msgs/srv/detail/dds_fastrtps
[1.894s] -- Up-to-date: /home/sentry/Wolf-Moon/install/grid_map_msgs/lib/libgrid_map_msgs__rosidl_typesupport_fastrtps_cpp.so
[1.894s] -- Up-to-date: /home/sentry/Wolf-Moon/install/grid_map_msgs/include/grid_map_msgs
[1.903s] -- Up-to-date: /home/sentry/Wolf-Moon/install/grid_map_msgs/include/grid_map_msgs/msg
[1.903s] -- Up-to-date: /home/sentry/Wolf-Moon/install/grid_map_msgs/include/grid_map_msgs/msg/rosidl_typesupport_introspection_c__visibility_control.h
[1.904s] -- Up-to-date: /home/sentry/Wolf-Moon/install/grid_map_msgs/include/grid_map_msgs/msg/detail
[1.904s] -- Up-to-date: /home/sentry/Wolf-Moon/install/grid_map_msgs/include/grid_map_msgs/msg/detail/grid_map_info__type_support.c
[1.904s] -- Up-to-date: /home/sentry/Wolf-Moon/install/grid_map_msgs/include/grid_map_msgs/msg/detail/grid_map__type_support.c
[1.904s] -- Up-to-date: /home/sentry/Wolf-Moon/install/grid_map_msgs/include/grid_map_msgs/msg/detail/grid_map__rosidl_typesupport_introspection_c.h
[1.904s] -- Up-to-date: /home/sentry/Wolf-Moon/install/grid_map_msgs/include/grid_map_msgs/msg/detail/grid_map_info__rosidl_typesupport_introspection_c.h
[1.904s] -- Up-to-date: /home/sentry/Wolf-Moon/install/grid_map_msgs/include/grid_map_msgs/srv
[1.904s] -- Up-to-date: /home/sentry/Wolf-Moon/install/grid_map_msgs/include/grid_map_msgs/srv/detail
[1.904s] -- Up-to-date: /home/sentry/Wolf-Moon/install/grid_map_msgs/include/grid_map_msgs/srv/detail/get_grid_map__rosidl_typesupport_introspection_c.h
[1.905s] -- Up-to-date: /home/sentry/Wolf-Moon/install/grid_map_msgs/include/grid_map_msgs/srv/detail/get_grid_map_info__rosidl_typesupport_introspection_c.h
[1.905s] -- Up-to-date: /home/sentry/Wolf-Moon/install/grid_map_msgs/include/grid_map_msgs/srv/detail/set_grid_map__rosidl_typesupport_introspection_c.h
[1.905s] -- Up-to-date: /home/sentry/Wolf-Moon/install/grid_map_msgs/include/grid_map_msgs/srv/detail/process_file__rosidl_typesupport_introspection_c.h
[1.905s] -- Up-to-date: /home/sentry/Wolf-Moon/install/grid_map_msgs/include/grid_map_msgs/srv/detail/process_file__type_support.c
[1.905s] -- Up-to-date: /home/sentry/Wolf-Moon/install/grid_map_msgs/include/grid_map_msgs/srv/detail/get_grid_map_info__type_support.c
[1.905s] -- Up-to-date: /home/sentry/Wolf-Moon/install/grid_map_msgs/include/grid_map_msgs/srv/detail/set_grid_map__type_support.c
[1.905s] -- Up-to-date: /home/sentry/Wolf-Moon/install/grid_map_msgs/include/grid_map_msgs/srv/detail/get_grid_map__type_support.c
[1.905s] -- Up-to-date: /home/sentry/Wolf-Moon/install/grid_map_msgs/lib/libgrid_map_msgs__rosidl_typesupport_introspection_c.so
[1.905s] -- Up-to-date: /home/sentry/Wolf-Moon/install/grid_map_msgs/lib/libgrid_map_msgs__rosidl_typesupport_c.so
[1.906s] -- Up-to-date: /home/sentry/Wolf-Moon/install/grid_map_msgs/include/grid_map_msgs
[1.906s] -- Up-to-date: /home/sentry/Wolf-Moon/install/grid_map_msgs/include/grid_map_msgs/msg
[1.906s] -- Up-to-date: /home/sentry/Wolf-Moon/install/grid_map_msgs/include/grid_map_msgs/msg/grid_map_info.hpp
[1.906s] -- Up-to-date: /home/sentry/Wolf-Moon/install/grid_map_msgs/include/grid_map_msgs/msg/detail
[1.906s] -- Up-to-date: /home/sentry/Wolf-Moon/install/grid_map_msgs/include/grid_map_msgs/msg/detail/grid_map_info__struct.hpp
[1.906s] -- Up-to-date: /home/sentry/Wolf-Moon/install/grid_map_msgs/include/grid_map_msgs/msg/detail/grid_map__builder.hpp
[1.906s] -- Up-to-date: /home/sentry/Wolf-Moon/install/grid_map_msgs/include/grid_map_msgs/msg/detail/grid_map_info__traits.hpp
[1.906s] -- Up-to-date: /home/sentry/Wolf-Moon/install/grid_map_msgs/include/grid_map_msgs/msg/detail/grid_map_info__builder.hpp
[1.906s] -- Up-to-date: /home/sentry/Wolf-Moon/install/grid_map_msgs/include/grid_map_msgs/msg/detail/grid_map__struct.hpp
[1.906s] -- Up-to-date: /home/sentry/Wolf-Moon/install/grid_map_msgs/include/grid_map_msgs/msg/detail/grid_map__traits.hpp
[1.907s] -- Up-to-date: /home/sentry/Wolf-Moon/install/grid_map_msgs/include/grid_map_msgs/msg/grid_map.hpp
[1.907s] -- Up-to-date: /home/sentry/Wolf-Moon/install/grid_map_msgs/include/grid_map_msgs/srv
[1.907s] -- Up-to-date: /home/sentry/Wolf-Moon/install/grid_map_msgs/include/grid_map_msgs/srv/set_grid_map.hpp
[1.907s] -- Up-to-date: /home/sentry/Wolf-Moon/install/grid_map_msgs/include/grid_map_msgs/srv/get_grid_map_info.hpp
[1.907s] -- Up-to-date: /home/sentry/Wolf-Moon/install/grid_map_msgs/include/grid_map_msgs/srv/get_grid_map.hpp
[1.907s] -- Up-to-date: /home/sentry/Wolf-Moon/install/grid_map_msgs/include/grid_map_msgs/srv/detail
[1.907s] -- Up-to-date: /home/sentry/Wolf-Moon/install/grid_map_msgs/include/grid_map_msgs/srv/detail/get_grid_map__builder.hpp
[1.907s] -- Up-to-date: /home/sentry/Wolf-Moon/install/grid_map_msgs/include/grid_map_msgs/srv/detail/process_file__struct.hpp
[1.907s] -- Up-to-date: /home/sentry/Wolf-Moon/install/grid_map_msgs/include/grid_map_msgs/srv/detail/get_grid_map__traits.hpp
[1.907s] -- Up-to-date: /home/sentry/Wolf-Moon/install/grid_map_msgs/include/grid_map_msgs/srv/detail/get_grid_map_info__struct.hpp
[1.908s] -- Up-to-date: /home/sentry/Wolf-Moon/install/grid_map_msgs/include/grid_map_msgs/srv/detail/process_file__traits.hpp
[1.908s] -- Up-to-date: /home/sentry/Wolf-Moon/install/grid_map_msgs/include/grid_map_msgs/srv/detail/get_grid_map_info__builder.hpp
[1.908s] -- Up-to-date: /home/sentry/Wolf-Moon/install/grid_map_msgs/include/grid_map_msgs/srv/detail/set_grid_map__traits.hpp
[1.908s] -- Up-to-date: /home/sentry/Wolf-Moon/install/grid_map_msgs/include/grid_map_msgs/srv/detail/process_file__builder.hpp
[1.908s] -- Up-to-date: /home/sentry/Wolf-Moon/install/grid_map_msgs/include/grid_map_msgs/srv/detail/set_grid_map__struct.hpp
[1.908s] -- Up-to-date: /home/sentry/Wolf-Moon/install/grid_map_msgs/include/grid_map_msgs/srv/detail/get_grid_map_info__traits.hpp
[1.908s] -- Up-to-date: /home/sentry/Wolf-Moon/install/grid_map_msgs/include/grid_map_msgs/srv/detail/get_grid_map__struct.hpp
[1.908s] -- Up-to-date: /home/sentry/Wolf-Moon/install/grid_map_msgs/include/grid_map_msgs/srv/detail/set_grid_map__builder.hpp
[1.908s] -- Up-to-date: /home/sentry/Wolf-Moon/install/grid_map_msgs/include/grid_map_msgs/srv/process_file.hpp
[1.908s] -- Up-to-date: /home/sentry/Wolf-Moon/install/grid_map_msgs/include/grid_map_msgs
[1.909s] -- Up-to-date: /home/sentry/Wolf-Moon/install/grid_map_msgs/include/grid_map_msgs/msg
[1.909s] -- Up-to-date: /home/sentry/Wolf-Moon/install/grid_map_msgs/include/grid_map_msgs/msg/detail
[1.909s] -- Up-to-date: /home/sentry/Wolf-Moon/install/grid_map_msgs/include/grid_map_msgs/msg/detail/grid_map__type_support.cpp
[1.909s] -- Up-to-date: /home/sentry/Wolf-Moon/install/grid_map_msgs/include/grid_map_msgs/msg/detail/grid_map__rosidl_typesupport_introspection_cpp.hpp
[1.909s] -- Up-to-date: /home/sentry/Wolf-Moon/install/grid_map_msgs/include/grid_map_msgs/msg/detail/grid_map_info__type_support.cpp
[1.909s] -- Up-to-date: /home/sentry/Wolf-Moon/install/grid_map_msgs/include/grid_map_msgs/msg/detail/grid_map_info__rosidl_typesupport_introspection_cpp.hpp
[1.909s] -- Up-to-date: /home/sentry/Wolf-Moon/install/grid_map_msgs/include/grid_map_msgs/srv
[1.909s] -- Up-to-date: /home/sentry/Wolf-Moon/install/grid_map_msgs/include/grid_map_msgs/srv/detail
[1.909s] -- Up-to-date: /home/sentry/Wolf-Moon/install/grid_map_msgs/include/grid_map_msgs/srv/detail/get_grid_map_info__rosidl_typesupport_introspection_cpp.hpp
[1.909s] -- Up-to-date: /home/sentry/Wolf-Moon/install/grid_map_msgs/include/grid_map_msgs/srv/detail/set_grid_map__rosidl_typesupport_introspection_cpp.hpp
[1.910s] -- Up-to-date: /home/sentry/Wolf-Moon/install/grid_map_msgs/include/grid_map_msgs/srv/detail/process_file__rosidl_typesupport_introspection_cpp.hpp
[1.910s] -- Up-to-date: /home/sentry/Wolf-Moon/install/grid_map_msgs/include/grid_map_msgs/srv/detail/get_grid_map__type_support.cpp
[1.910s] -- Up-to-date: /home/sentry/Wolf-Moon/install/grid_map_msgs/include/grid_map_msgs/srv/detail/process_file__type_support.cpp
[1.910s] -- Up-to-date: /home/sentry/Wolf-Moon/install/grid_map_msgs/include/grid_map_msgs/srv/detail/set_grid_map__type_support.cpp
[1.910s] -- Up-to-date: /home/sentry/Wolf-Moon/install/grid_map_msgs/include/grid_map_msgs/srv/detail/get_grid_map__rosidl_typesupport_introspection_cpp.hpp
[1.910s] -- Up-to-date: /home/sentry/Wolf-Moon/install/grid_map_msgs/include/grid_map_msgs/srv/detail/get_grid_map_info__type_support.cpp
[1.910s] -- Up-to-date: /home/sentry/Wolf-Moon/install/grid_map_msgs/lib/libgrid_map_msgs__rosidl_typesupport_introspection_cpp.so
[1.910s] -- Up-to-date: /home/sentry/Wolf-Moon/install/grid_map_msgs/lib/libgrid_map_msgs__rosidl_typesupport_cpp.so
[1.910s] -- Up-to-date: /home/sentry/Wolf-Moon/install/grid_map_msgs/share/grid_map_msgs/environment/pythonpath.sh
[1.910s] -- Up-to-date: /home/sentry/Wolf-Moon/install/grid_map_msgs/share/grid_map_msgs/environment/pythonpath.dsv
[1.911s] -- Up-to-date: /home/sentry/Wolf-Moon/install/grid_map_msgs/lib/python3.8/site-packages/grid_map_msgs/__init__.py
[2.002s] -- Up-to-date: /home/sentry/Wolf-Moon/install/grid_map_msgs/lib/python3.8/site-packages/grid_map_msgs/msg
[2.002s] -- Up-to-date: /home/sentry/Wolf-Moon/install/grid_map_msgs/lib/python3.8/site-packages/grid_map_msgs/msg/_grid_map_info.py
[2.002s] -- Up-to-date: /home/sentry/Wolf-Moon/install/grid_map_msgs/lib/python3.8/site-packages/grid_map_msgs/msg/_grid_map.py
[2.002s] -- Up-to-date: /home/sentry/Wolf-Moon/install/grid_map_msgs/lib/python3.8/site-packages/grid_map_msgs/msg/__init__.py
[2.002s] -- Up-to-date: /home/sentry/Wolf-Moon/install/grid_map_msgs/lib/python3.8/site-packages/grid_map_msgs/msg/_grid_map_s.c
[2.003s] -- Up-to-date: /home/sentry/Wolf-Moon/install/grid_map_msgs/lib/python3.8/site-packages/grid_map_msgs/msg/_grid_map_info_s.c
[2.003s] -- Up-to-date: /home/sentry/Wolf-Moon/install/grid_map_msgs/lib/python3.8/site-packages/grid_map_msgs/srv
[2.003s] -- Up-to-date: /home/sentry/Wolf-Moon/install/grid_map_msgs/lib/python3.8/site-packages/grid_map_msgs/srv/_process_file.py
[2.003s] -- Up-to-date: /home/sentry/Wolf-Moon/install/grid_map_msgs/lib/python3.8/site-packages/grid_map_msgs/srv/__init__.py
[2.003s] -- Up-to-date: /home/sentry/Wolf-Moon/install/grid_map_msgs/lib/python3.8/site-packages/grid_map_msgs/srv/_get_grid_map_info_s.c
[2.003s] -- Up-to-date: /home/sentry/Wolf-Moon/install/grid_map_msgs/lib/python3.8/site-packages/grid_map_msgs/srv/_get_grid_map_info.py
[2.003s] -- Up-to-date: /home/sentry/Wolf-Moon/install/grid_map_msgs/lib/python3.8/site-packages/grid_map_msgs/srv/_process_file_s.c
[2.003s] -- Up-to-date: /home/sentry/Wolf-Moon/install/grid_map_msgs/lib/python3.8/site-packages/grid_map_msgs/srv/_set_grid_map_s.c
[2.004s] -- Up-to-date: /home/sentry/Wolf-Moon/install/grid_map_msgs/lib/python3.8/site-packages/grid_map_msgs/srv/_get_grid_map_s.c
[2.004s] -- Up-to-date: /home/sentry/Wolf-Moon/install/grid_map_msgs/lib/python3.8/site-packages/grid_map_msgs/srv/_get_grid_map.py
[2.004s] -- Up-to-date: /home/sentry/Wolf-Moon/install/grid_map_msgs/lib/python3.8/site-packages/grid_map_msgs/srv/_set_grid_map.py
[2.004s] -- Up-to-date: /home/sentry/Wolf-Moon/install/grid_map_msgs/lib/python3.8/site-packages/grid_map_msgs/grid_map_msgs_s__rosidl_typesupport_fastrtps_c.cpython-38-x86_64-linux-gnu.so
[2.015s] -- Up-to-date: /home/sentry/Wolf-Moon/install/grid_map_msgs/lib/python3.8/site-packages/grid_map_msgs/grid_map_msgs_s__rosidl_typesupport_introspection_c.cpython-38-x86_64-linux-gnu.so
[2.016s] -- Up-to-date: /home/sentry/Wolf-Moon/install/grid_map_msgs/lib/python3.8/site-packages/grid_map_msgs/grid_map_msgs_s__rosidl_typesupport_c.cpython-38-x86_64-linux-gnu.so
[2.016s] -- Up-to-date: /home/sentry/Wolf-Moon/install/grid_map_msgs/lib/libgrid_map_msgs__python.so
[2.016s] -- Up-to-date: /home/sentry/Wolf-Moon/install/grid_map_msgs/share/grid_map_msgs/msg/GridMapInfo.idl
[2.017s] -- Up-to-date: /home/sentry/Wolf-Moon/install/grid_map_msgs/share/grid_map_msgs/msg/GridMap.idl
[2.017s] -- Up-to-date: /home/sentry/Wolf-Moon/install/grid_map_msgs/share/grid_map_msgs/srv/SetGridMap.idl
[2.017s] -- Up-to-date: /home/sentry/Wolf-Moon/install/grid_map_msgs/share/grid_map_msgs/srv/GetGridMap.idl
[2.017s] -- Up-to-date: /home/sentry/Wolf-Moon/install/grid_map_msgs/share/grid_map_msgs/srv/GetGridMapInfo.idl
[2.017s] -- Up-to-date: /home/sentry/Wolf-Moon/install/grid_map_msgs/share/grid_map_msgs/srv/ProcessFile.idl
[2.017s] -- Up-to-date: /home/sentry/Wolf-Moon/install/grid_map_msgs/share/grid_map_msgs/msg/GridMapInfo.msg
[2.018s] -- Up-to-date: /home/sentry/Wolf-Moon/install/grid_map_msgs/share/grid_map_msgs/msg/GridMap.msg
[2.018s] -- Up-to-date: /home/sentry/Wolf-Moon/install/grid_map_msgs/share/grid_map_msgs/srv/SetGridMap.srv
[2.018s] -- Up-to-date: /home/sentry/Wolf-Moon/install/grid_map_msgs/share/grid_map_msgs/srv/SetGridMap_Request.msg
[2.018s] -- Up-to-date: /home/sentry/Wolf-Moon/install/grid_map_msgs/share/grid_map_msgs/srv/SetGridMap_Response.msg
[2.018s] -- Up-to-date: /home/sentry/Wolf-Moon/install/grid_map_msgs/share/grid_map_msgs/srv/GetGridMap.srv
[2.018s] -- Up-to-date: /home/sentry/Wolf-Moon/install/grid_map_msgs/share/grid_map_msgs/srv/GetGridMap_Request.msg
[2.019s] -- Up-to-date: /home/sentry/Wolf-Moon/install/grid_map_msgs/share/grid_map_msgs/srv/GetGridMap_Response.msg
[2.019s] -- Up-to-date: /home/sentry/Wolf-Moon/install/grid_map_msgs/share/grid_map_msgs/srv/GetGridMapInfo.srv
[2.019s] -- Up-to-date: /home/sentry/Wolf-Moon/install/grid_map_msgs/share/grid_map_msgs/srv/GetGridMapInfo_Request.msg
[2.019s] -- Up-to-date: /home/sentry/Wolf-Moon/install/grid_map_msgs/share/grid_map_msgs/srv/GetGridMapInfo_Response.msg
[2.019s] -- Up-to-date: /home/sentry/Wolf-Moon/install/grid_map_msgs/share/grid_map_msgs/srv/ProcessFile.srv
[2.020s] -- Up-to-date: /home/sentry/Wolf-Moon/install/grid_map_msgs/share/grid_map_msgs/srv/ProcessFile_Request.msg
[2.020s] -- Up-to-date: /home/sentry/Wolf-Moon/install/grid_map_msgs/share/grid_map_msgs/srv/ProcessFile_Response.msg
[2.020s] -- Up-to-date: /home/sentry/Wolf-Moon/install/grid_map_msgs/share/ament_index/resource_index/package_run_dependencies/grid_map_msgs
[2.020s] -- Up-to-date: /home/sentry/Wolf-Moon/install/grid_map_msgs/share/ament_index/resource_index/parent_prefix_path/grid_map_msgs
[2.020s] -- Up-to-date: /home/sentry/Wolf-Moon/install/grid_map_msgs/share/grid_map_msgs/environment/ament_prefix_path.sh
[2.021s] -- Up-to-date: /home/sentry/Wolf-Moon/install/grid_map_msgs/share/grid_map_msgs/environment/ament_prefix_path.dsv
[2.021s] -- Up-to-date: /home/sentry/Wolf-Moon/install/grid_map_msgs/share/grid_map_msgs/environment/path.sh
[2.021s] -- Up-to-date: /home/sentry/Wolf-Moon/install/grid_map_msgs/share/grid_map_msgs/environment/path.dsv
[2.021s] -- Up-to-date: /home/sentry/Wolf-Moon/install/grid_map_msgs/share/grid_map_msgs/local_setup.bash
[2.021s] -- Up-to-date: /home/sentry/Wolf-Moon/install/grid_map_msgs/share/grid_map_msgs/local_setup.sh
[2.021s] -- Up-to-date: /home/sentry/Wolf-Moon/install/grid_map_msgs/share/grid_map_msgs/local_setup.zsh
[2.023s] -- Up-to-date: /home/sentry/Wolf-Moon/install/grid_map_msgs/share/grid_map_msgs/local_setup.dsv
[2.024s] -- Installing: /home/sentry/Wolf-Moon/install/grid_map_msgs/share/grid_map_msgs/package.dsv
[2.024s] -- Up-to-date: /home/sentry/Wolf-Moon/install/grid_map_msgs/share/ament_index/resource_index/packages/grid_map_msgs
[2.024s] -- Up-to-date: /home/sentry/Wolf-Moon/install/grid_map_msgs/share/grid_map_msgs/cmake/grid_map_msgs__rosidl_generator_cExport.cmake
[2.025s] -- Up-to-date: /home/sentry/Wolf-Moon/install/grid_map_msgs/share/grid_map_msgs/cmake/grid_map_msgs__rosidl_generator_cExport-release.cmake
[2.025s] -- Up-to-date: /home/sentry/Wolf-Moon/install/grid_map_msgs/share/grid_map_msgs/cmake/grid_map_msgs__rosidl_typesupport_introspection_cExport.cmake
[2.025s] -- Up-to-date: /home/sentry/Wolf-Moon/install/grid_map_msgs/share/grid_map_msgs/cmake/grid_map_msgs__rosidl_typesupport_introspection_cExport-release.cmake
[2.025s] -- Up-to-date: /home/sentry/Wolf-Moon/install/grid_map_msgs/share/grid_map_msgs/cmake/grid_map_msgs__rosidl_typesupport_cExport.cmake
[2.025s] -- Up-to-date: /home/sentry/Wolf-Moon/install/grid_map_msgs/share/grid_map_msgs/cmake/grid_map_msgs__rosidl_typesupport_cExport-release.cmake
[2.026s] -- Up-to-date: /home/sentry/Wolf-Moon/install/grid_map_msgs/share/grid_map_msgs/cmake/grid_map_msgs__rosidl_generator_cppExport.cmake
[2.026s] -- Up-to-date: /home/sentry/Wolf-Moon/install/grid_map_msgs/share/grid_map_msgs/cmake/grid_map_msgs__rosidl_typesupport_introspection_cppExport.cmake
[2.026s] -- Up-to-date: /home/sentry/Wolf-Moon/install/grid_map_msgs/share/grid_map_msgs/cmake/grid_map_msgs__rosidl_typesupport_introspection_cppExport-release.cmake
[2.026s] -- Up-to-date: /home/sentry/Wolf-Moon/install/grid_map_msgs/share/grid_map_msgs/cmake/grid_map_msgs__rosidl_typesupport_cppExport.cmake
[2.031s] -- Up-to-date: /home/sentry/Wolf-Moon/install/grid_map_msgs/share/grid_map_msgs/cmake/grid_map_msgs__rosidl_typesupport_cppExport-release.cmake
[2.031s] -- Up-to-date: /home/sentry/Wolf-Moon/install/grid_map_msgs/share/grid_map_msgs/cmake/rosidl_cmake-extras.cmake
[2.031s] -- Up-to-date: /home/sentry/Wolf-Moon/install/grid_map_msgs/share/grid_map_msgs/cmake/ament_cmake_export_dependencies-extras.cmake
[2.031s] -- Up-to-date: /home/sentry/Wolf-Moon/install/grid_map_msgs/share/grid_map_msgs/cmake/ament_cmake_export_libraries-extras.cmake
[2.031s] -- Up-to-date: /home/sentry/Wolf-Moon/install/grid_map_msgs/share/grid_map_msgs/cmake/ament_cmake_export_targets-extras.cmake
[2.031s] -- Up-to-date: /home/sentry/Wolf-Moon/install/grid_map_msgs/share/grid_map_msgs/cmake/ament_cmake_export_include_directories-extras.cmake
[2.031s] -- Up-to-date: /home/sentry/Wolf-Moon/install/grid_map_msgs/share/grid_map_msgs/cmake/rosidl_cmake_export_typesupport_libraries-extras.cmake
[2.032s] -- Up-to-date: /home/sentry/Wolf-Moon/install/grid_map_msgs/share/grid_map_msgs/cmake/rosidl_cmake_export_typesupport_targets-extras.cmake
[2.032s] -- Up-to-date: /home/sentry/Wolf-Moon/install/grid_map_msgs/share/grid_map_msgs/cmake/grid_map_msgsConfig.cmake
[2.032s] -- Up-to-date: /home/sentry/Wolf-Moon/install/grid_map_msgs/share/grid_map_msgs/cmake/grid_map_msgsConfig-version.cmake
[2.032s] -- Up-to-date: /home/sentry/Wolf-Moon/install/grid_map_msgs/share/grid_map_msgs/package.xml
[2.059s] Invoked command in '/home/sentry/Wolf-Moon/build/grid_map_msgs' returned '0': CMAKE_PREFIX_PATH=/home/sentry/Wolf-Moon/install/grid_map_cmake_helpers:/home/sentry/Wolf-Moon/install/sentry_decision_v2:/home/sentry/Wolf-Moon/install/octomap_dynamic_map:/home/sentry/Wolf-Moon/install/navigation_planning:/home/sentry/Wolf-Moon/install/grid_map:/home/sentry/Wolf-Moon/install/grid_map_costmap_2d:/home/sentry/Wolf-Moon/install/nav2_costmap_2d:/home/sentry/Wolf-Moon/install/nav2_voxel_grid:/home/sentry/Wolf-Moon/install/nav2_map_server:/home/sentry/Wolf-Moon/install/nav2_lifecycle_manager:/home/sentry/Wolf-Moon/install/nav2_behavior_tree:/home/sentry/Wolf-Moon/install/nav2_util:/home/sentry/Wolf-Moon/install/grid_map_demos:/home/sentry/Wolf-Moon/install/grid_map_visualization:/home/sentry/Wolf-Moon/install/grid_map_rviz_plugin:/home/sentry/Wolf-Moon/install/grid_map_pcl:/home/sentry/Wolf-Moon/install/grid_map_loader:/home/sentry/Wolf-Moon/install/grid_map_filters:/home/sentry/Wolf-Moon/install/grid_map_ros:/home/sentry/Wolf-Moon/install/nav2_msgs:/home/sentry/Wolf-Moon/install/nav2_common:/home/sentry/Wolf-Moon/install/livox_ros_driver2:/home/sentry/Wolf-Moon/install/ig_lio_c_msgs:/home/sentry/Wolf-Moon/install/ig_lio_c:/home/sentry/Wolf-Moon/install/grid_map_sdf:/home/sentry/Wolf-Moon/install/grid_map_octomap:/home/sentry/Wolf-Moon/install/grid_map_msgs:/home/sentry/Wolf-Moon/install/grid_map_cv:/home/sentry/Wolf-Moon/install/grid_map_core:/home/sentry/Wolf-Moon/install/cv_bridge:/home/sentry/Wolf-Moon/install/auto_aim_interfaces:/home/sentry/Wolf-Moon/install/fake_msg_publisher:/opt/ros/galactic /usr/bin/cmake --install /home/sentry/Wolf-Moon/build/grid_map_msgs
