[0.080s] Invoking command in '/home/sentry/Wolf-Moon/build/ig_lio_c_msgs': CMAKE_PREFIX_PATH=${CMAKE_PREFIX_PATH}:/home/sentry/Wolf-Moon/install/fake_msg_publisher:/opt/ros/galactic /usr/bin/cmake --build /home/sentry/Wolf-Moon/build/ig_lio_c_msgs -- -j12 -l12
[0.216s] [  2%] Built target ig_lio_c_msgs__cpp
[0.287s] [ 12%] Built target ig_lio_c_msgs__rosidl_generator_c
[0.370s] [ 23%] Built target ig_lio_c_msgs__rosidl_typesupport_cpp
[0.426s] [ 34%] Built target ig_lio_c_msgs__rosidl_typesupport_c
[0.538s] [ 44%] Built target ig_lio_c_msgs__rosidl_typesupport_introspection_c
[0.601s] [ 55%] Built target ig_lio_c_msgs__rosidl_typesupport_fastrtps_cpp
[0.715s] [ 65%] Built target ig_lio_c_msgs__rosidl_typesupport_introspection_cpp
[0.802s] [ 76%] Built target ig_lio_c_msgs__rosidl_typesupport_fastrtps_c
[0.877s] [ 76%] Built target ig_lio_c_msgs
[1.012s] [ 78%] Built target ig_lio_c_msgs__py
[1.102s] [ 87%] Built target ig_lio_c_msgs__python
[1.221s] [ 91%] Built target ig_lio_c_msgs__rosidl_typesupport_c__pyext
[1.387s] [ 95%] Built target ig_lio_c_msgs__rosidl_typesupport_fastrtps_c__pyext
[1.449s] [100%] Built target ig_lio_c_msgs__rosidl_typesupport_introspection_c__pyext
[1.509s] Invoked command in '/home/sentry/Wolf-Moon/build/ig_lio_c_msgs' returned '0': CMAKE_PREFIX_PATH=${CMAKE_PREFIX_PATH}:/home/sentry/Wolf-Moon/install/fake_msg_publisher:/opt/ros/galactic /usr/bin/cmake --build /home/sentry/Wolf-Moon/build/ig_lio_c_msgs -- -j12 -l12
[1.510s] Invoking command in '/home/sentry/Wolf-Moon/build/ig_lio_c_msgs': CMAKE_PREFIX_PATH=${CMAKE_PREFIX_PATH}:/home/sentry/Wolf-Moon/install/fake_msg_publisher:/opt/ros/galactic /usr/bin/cmake --install /home/sentry/Wolf-Moon/build/ig_lio_c_msgs
[1.599s] -- Install configuration: "Release"
[1.600s] -- Up-to-date: /home/sentry/Wolf-Moon/install/ig_lio_c_msgs/share/ament_index/resource_index/rosidl_interfaces/ig_lio_c_msgs
[1.600s] -- Up-to-date: /home/sentry/Wolf-Moon/install/ig_lio_c_msgs/include/ig_lio_c_msgs
[1.607s] -- Up-to-date: /home/sentry/Wolf-Moon/install/ig_lio_c_msgs/include/ig_lio_c_msgs/msg
[1.607s] -- Up-to-date: /home/sentry/Wolf-Moon/install/ig_lio_c_msgs/include/ig_lio_c_msgs/msg/rosidl_generator_c__visibility_control.h
[1.607s] -- Up-to-date: /home/sentry/Wolf-Moon/install/ig_lio_c_msgs/include/ig_lio_c_msgs/srv
[1.607s] -- Up-to-date: /home/sentry/Wolf-Moon/install/ig_lio_c_msgs/include/ig_lio_c_msgs/srv/re_loc.h
[1.607s] -- Up-to-date: /home/sentry/Wolf-Moon/install/ig_lio_c_msgs/include/ig_lio_c_msgs/srv/save_map.h
[1.607s] -- Up-to-date: /home/sentry/Wolf-Moon/install/ig_lio_c_msgs/include/ig_lio_c_msgs/srv/detail
[1.608s] -- Up-to-date: /home/sentry/Wolf-Moon/install/ig_lio_c_msgs/include/ig_lio_c_msgs/srv/detail/re_loc__type_support.h
[1.611s] -- Up-to-date: /home/sentry/Wolf-Moon/install/ig_lio_c_msgs/include/ig_lio_c_msgs/srv/detail/covert_map__functions.h
[1.612s] -- Up-to-date: /home/sentry/Wolf-Moon/install/ig_lio_c_msgs/include/ig_lio_c_msgs/srv/detail/re_loc__functions.h
[1.618s] -- Up-to-date: /home/sentry/Wolf-Moon/install/ig_lio_c_msgs/include/ig_lio_c_msgs/srv/detail/re_loc__struct.h
[1.618s] -- Up-to-date: /home/sentry/Wolf-Moon/install/ig_lio_c_msgs/include/ig_lio_c_msgs/srv/detail/save_map__struct.h
[1.619s] -- Up-to-date: /home/sentry/Wolf-Moon/install/ig_lio_c_msgs/include/ig_lio_c_msgs/srv/detail/re_loc__functions.c
[1.620s] -- Up-to-date: /home/sentry/Wolf-Moon/install/ig_lio_c_msgs/include/ig_lio_c_msgs/srv/detail/save_map__functions.h
[1.620s] -- Up-to-date: /home/sentry/Wolf-Moon/install/ig_lio_c_msgs/include/ig_lio_c_msgs/srv/detail/save_map__functions.c
[1.620s] -- Up-to-date: /home/sentry/Wolf-Moon/install/ig_lio_c_msgs/include/ig_lio_c_msgs/srv/detail/save_map__type_support.h
[1.620s] -- Up-to-date: /home/sentry/Wolf-Moon/install/ig_lio_c_msgs/include/ig_lio_c_msgs/srv/detail/covert_map__functions.c
[1.620s] -- Up-to-date: /home/sentry/Wolf-Moon/install/ig_lio_c_msgs/include/ig_lio_c_msgs/srv/detail/covert_map__struct.h
[1.620s] -- Up-to-date: /home/sentry/Wolf-Moon/install/ig_lio_c_msgs/include/ig_lio_c_msgs/srv/detail/covert_map__type_support.h
[1.621s] -- Up-to-date: /home/sentry/Wolf-Moon/install/ig_lio_c_msgs/include/ig_lio_c_msgs/srv/covert_map.h
[1.621s] -- Up-to-date: /home/sentry/Wolf-Moon/install/ig_lio_c_msgs/share/ig_lio_c_msgs/environment/library_path.sh
[1.621s] -- Up-to-date: /home/sentry/Wolf-Moon/install/ig_lio_c_msgs/share/ig_lio_c_msgs/environment/library_path.dsv
[1.621s] -- Up-to-date: /home/sentry/Wolf-Moon/install/ig_lio_c_msgs/lib/libig_lio_c_msgs__rosidl_generator_c.so
[1.621s] -- Up-to-date: /home/sentry/Wolf-Moon/install/ig_lio_c_msgs/include/ig_lio_c_msgs
[1.621s] -- Up-to-date: /home/sentry/Wolf-Moon/install/ig_lio_c_msgs/include/ig_lio_c_msgs/msg
[1.621s] -- Up-to-date: /home/sentry/Wolf-Moon/install/ig_lio_c_msgs/include/ig_lio_c_msgs/msg/rosidl_typesupport_fastrtps_c__visibility_control.h
[1.621s] -- Up-to-date: /home/sentry/Wolf-Moon/install/ig_lio_c_msgs/include/ig_lio_c_msgs/srv
[1.622s] -- Up-to-date: /home/sentry/Wolf-Moon/install/ig_lio_c_msgs/include/ig_lio_c_msgs/srv/detail
[1.622s] -- Up-to-date: /home/sentry/Wolf-Moon/install/ig_lio_c_msgs/include/ig_lio_c_msgs/srv/detail/covert_map__rosidl_typesupport_fastrtps_c.h
[1.622s] -- Up-to-date: /home/sentry/Wolf-Moon/install/ig_lio_c_msgs/include/ig_lio_c_msgs/srv/detail/save_map__rosidl_typesupport_fastrtps_c.h
[1.656s] -- Up-to-date: /home/sentry/Wolf-Moon/install/ig_lio_c_msgs/include/ig_lio_c_msgs/srv/detail/re_loc__rosidl_typesupport_fastrtps_c.h
[1.657s] -- Up-to-date: /home/sentry/Wolf-Moon/install/ig_lio_c_msgs/lib/libig_lio_c_msgs__rosidl_typesupport_fastrtps_c.so
[1.657s] -- Up-to-date: /home/sentry/Wolf-Moon/install/ig_lio_c_msgs/include/ig_lio_c_msgs
[1.657s] -- Up-to-date: /home/sentry/Wolf-Moon/install/ig_lio_c_msgs/include/ig_lio_c_msgs/msg
[1.657s] -- Up-to-date: /home/sentry/Wolf-Moon/install/ig_lio_c_msgs/include/ig_lio_c_msgs/msg/rosidl_typesupport_fastrtps_cpp__visibility_control.h
[1.657s] -- Up-to-date: /home/sentry/Wolf-Moon/install/ig_lio_c_msgs/include/ig_lio_c_msgs/srv
[1.658s] -- Up-to-date: /home/sentry/Wolf-Moon/install/ig_lio_c_msgs/include/ig_lio_c_msgs/srv/detail
[1.658s] -- Up-to-date: /home/sentry/Wolf-Moon/install/ig_lio_c_msgs/include/ig_lio_c_msgs/srv/detail/save_map__rosidl_typesupport_fastrtps_cpp.hpp
[1.658s] -- Up-to-date: /home/sentry/Wolf-Moon/install/ig_lio_c_msgs/include/ig_lio_c_msgs/srv/detail/re_loc__rosidl_typesupport_fastrtps_cpp.hpp
[1.658s] -- Up-to-date: /home/sentry/Wolf-Moon/install/ig_lio_c_msgs/include/ig_lio_c_msgs/srv/detail/covert_map__rosidl_typesupport_fastrtps_cpp.hpp
[1.658s] -- Up-to-date: /home/sentry/Wolf-Moon/install/ig_lio_c_msgs/include/ig_lio_c_msgs/srv/detail/dds_fastrtps
[1.658s] -- Up-to-date: /home/sentry/Wolf-Moon/install/ig_lio_c_msgs/lib/libig_lio_c_msgs__rosidl_typesupport_fastrtps_cpp.so
[1.658s] -- Up-to-date: /home/sentry/Wolf-Moon/install/ig_lio_c_msgs/include/ig_lio_c_msgs
[1.659s] -- Up-to-date: /home/sentry/Wolf-Moon/install/ig_lio_c_msgs/include/ig_lio_c_msgs/msg
[1.659s] -- Up-to-date: /home/sentry/Wolf-Moon/install/ig_lio_c_msgs/include/ig_lio_c_msgs/msg/rosidl_typesupport_introspection_c__visibility_control.h
[1.659s] -- Up-to-date: /home/sentry/Wolf-Moon/install/ig_lio_c_msgs/include/ig_lio_c_msgs/srv
[1.659s] -- Up-to-date: /home/sentry/Wolf-Moon/install/ig_lio_c_msgs/include/ig_lio_c_msgs/srv/detail
[1.659s] -- Up-to-date: /home/sentry/Wolf-Moon/install/ig_lio_c_msgs/include/ig_lio_c_msgs/srv/detail/re_loc__rosidl_typesupport_introspection_c.h
[1.659s] -- Up-to-date: /home/sentry/Wolf-Moon/install/ig_lio_c_msgs/include/ig_lio_c_msgs/srv/detail/save_map__rosidl_typesupport_introspection_c.h
[1.659s] -- Up-to-date: /home/sentry/Wolf-Moon/install/ig_lio_c_msgs/include/ig_lio_c_msgs/srv/detail/covert_map__rosidl_typesupport_introspection_c.h
[1.659s] -- Up-to-date: /home/sentry/Wolf-Moon/install/ig_lio_c_msgs/include/ig_lio_c_msgs/srv/detail/re_loc__type_support.c
[1.659s] -- Up-to-date: /home/sentry/Wolf-Moon/install/ig_lio_c_msgs/include/ig_lio_c_msgs/srv/detail/save_map__type_support.c
[1.659s] -- Up-to-date: /home/sentry/Wolf-Moon/install/ig_lio_c_msgs/include/ig_lio_c_msgs/srv/detail/covert_map__type_support.c
[1.659s] -- Up-to-date: /home/sentry/Wolf-Moon/install/ig_lio_c_msgs/lib/libig_lio_c_msgs__rosidl_typesupport_introspection_c.so
[1.659s] -- Up-to-date: /home/sentry/Wolf-Moon/install/ig_lio_c_msgs/lib/libig_lio_c_msgs__rosidl_typesupport_c.so
[1.660s] -- Up-to-date: /home/sentry/Wolf-Moon/install/ig_lio_c_msgs/include/ig_lio_c_msgs
[1.660s] -- Up-to-date: /home/sentry/Wolf-Moon/install/ig_lio_c_msgs/include/ig_lio_c_msgs/srv
[1.660s] -- Up-to-date: /home/sentry/Wolf-Moon/install/ig_lio_c_msgs/include/ig_lio_c_msgs/srv/re_loc.hpp
[1.660s] -- Up-to-date: /home/sentry/Wolf-Moon/install/ig_lio_c_msgs/include/ig_lio_c_msgs/srv/covert_map.hpp
[1.660s] -- Up-to-date: /home/sentry/Wolf-Moon/install/ig_lio_c_msgs/include/ig_lio_c_msgs/srv/save_map.hpp
[1.660s] -- Up-to-date: /home/sentry/Wolf-Moon/install/ig_lio_c_msgs/include/ig_lio_c_msgs/srv/detail
[1.660s] -- Up-to-date: /home/sentry/Wolf-Moon/install/ig_lio_c_msgs/include/ig_lio_c_msgs/srv/detail/covert_map__builder.hpp
[1.660s] -- Up-to-date: /home/sentry/Wolf-Moon/install/ig_lio_c_msgs/include/ig_lio_c_msgs/srv/detail/save_map__traits.hpp
[1.660s] -- Up-to-date: /home/sentry/Wolf-Moon/install/ig_lio_c_msgs/include/ig_lio_c_msgs/srv/detail/save_map__builder.hpp
[1.660s] -- Up-to-date: /home/sentry/Wolf-Moon/install/ig_lio_c_msgs/include/ig_lio_c_msgs/srv/detail/re_loc__struct.hpp
[1.660s] -- Up-to-date: /home/sentry/Wolf-Moon/install/ig_lio_c_msgs/include/ig_lio_c_msgs/srv/detail/covert_map__struct.hpp
[1.660s] -- Up-to-date: /home/sentry/Wolf-Moon/install/ig_lio_c_msgs/include/ig_lio_c_msgs/srv/detail/re_loc__builder.hpp
[1.660s] -- Up-to-date: /home/sentry/Wolf-Moon/install/ig_lio_c_msgs/include/ig_lio_c_msgs/srv/detail/covert_map__traits.hpp
[1.660s] -- Up-to-date: /home/sentry/Wolf-Moon/install/ig_lio_c_msgs/include/ig_lio_c_msgs/srv/detail/re_loc__traits.hpp
[1.661s] -- Up-to-date: /home/sentry/Wolf-Moon/install/ig_lio_c_msgs/include/ig_lio_c_msgs/srv/detail/save_map__struct.hpp
[1.661s] -- Up-to-date: /home/sentry/Wolf-Moon/install/ig_lio_c_msgs/include/ig_lio_c_msgs
[1.661s] -- Up-to-date: /home/sentry/Wolf-Moon/install/ig_lio_c_msgs/include/ig_lio_c_msgs/srv
[1.661s] -- Up-to-date: /home/sentry/Wolf-Moon/install/ig_lio_c_msgs/include/ig_lio_c_msgs/srv/detail
[1.661s] -- Up-to-date: /home/sentry/Wolf-Moon/install/ig_lio_c_msgs/include/ig_lio_c_msgs/srv/detail/re_loc__type_support.cpp
[1.661s] -- Up-to-date: /home/sentry/Wolf-Moon/install/ig_lio_c_msgs/include/ig_lio_c_msgs/srv/detail/save_map__type_support.cpp
[1.661s] -- Up-to-date: /home/sentry/Wolf-Moon/install/ig_lio_c_msgs/include/ig_lio_c_msgs/srv/detail/covert_map__type_support.cpp
[1.661s] -- Up-to-date: /home/sentry/Wolf-Moon/install/ig_lio_c_msgs/include/ig_lio_c_msgs/srv/detail/save_map__rosidl_typesupport_introspection_cpp.hpp
[1.661s] -- Up-to-date: /home/sentry/Wolf-Moon/install/ig_lio_c_msgs/include/ig_lio_c_msgs/srv/detail/covert_map__rosidl_typesupport_introspection_cpp.hpp
[1.661s] -- Up-to-date: /home/sentry/Wolf-Moon/install/ig_lio_c_msgs/include/ig_lio_c_msgs/srv/detail/re_loc__rosidl_typesupport_introspection_cpp.hpp
[1.661s] -- Up-to-date: /home/sentry/Wolf-Moon/install/ig_lio_c_msgs/lib/libig_lio_c_msgs__rosidl_typesupport_introspection_cpp.so
[1.661s] -- Up-to-date: /home/sentry/Wolf-Moon/install/ig_lio_c_msgs/lib/libig_lio_c_msgs__rosidl_typesupport_cpp.so
[1.662s] -- Up-to-date: /home/sentry/Wolf-Moon/install/ig_lio_c_msgs/share/ig_lio_c_msgs/environment/pythonpath.sh
[1.662s] -- Up-to-date: /home/sentry/Wolf-Moon/install/ig_lio_c_msgs/share/ig_lio_c_msgs/environment/pythonpath.dsv
[1.662s] -- Up-to-date: /home/sentry/Wolf-Moon/install/ig_lio_c_msgs/lib/python3.8/site-packages/ig_lio_c_msgs/__init__.py
[1.668s] -- Up-to-date: /home/sentry/Wolf-Moon/install/ig_lio_c_msgs/lib/python3.8/site-packages/ig_lio_c_msgs/srv
[1.668s] -- Up-to-date: /home/sentry/Wolf-Moon/install/ig_lio_c_msgs/lib/python3.8/site-packages/ig_lio_c_msgs/srv/__init__.py
[1.668s] -- Up-to-date: /home/sentry/Wolf-Moon/install/ig_lio_c_msgs/lib/python3.8/site-packages/ig_lio_c_msgs/srv/_save_map_s.c
[1.669s] -- Up-to-date: /home/sentry/Wolf-Moon/install/ig_lio_c_msgs/lib/python3.8/site-packages/ig_lio_c_msgs/srv/_covert_map_s.c
[1.670s] -- Up-to-date: /home/sentry/Wolf-Moon/install/ig_lio_c_msgs/lib/python3.8/site-packages/ig_lio_c_msgs/srv/_save_map.py
[1.670s] -- Up-to-date: /home/sentry/Wolf-Moon/install/ig_lio_c_msgs/lib/python3.8/site-packages/ig_lio_c_msgs/srv/_re_loc.py
[1.670s] -- Up-to-date: /home/sentry/Wolf-Moon/install/ig_lio_c_msgs/lib/python3.8/site-packages/ig_lio_c_msgs/srv/_re_loc_s.c
[1.670s] -- Up-to-date: /home/sentry/Wolf-Moon/install/ig_lio_c_msgs/lib/python3.8/site-packages/ig_lio_c_msgs/srv/_covert_map.py
[1.677s] -- Up-to-date: /home/sentry/Wolf-Moon/install/ig_lio_c_msgs/lib/python3.8/site-packages/ig_lio_c_msgs/ig_lio_c_msgs_s__rosidl_typesupport_fastrtps_c.cpython-38-x86_64-linux-gnu.so
[1.677s] -- Up-to-date: /home/sentry/Wolf-Moon/install/ig_lio_c_msgs/lib/python3.8/site-packages/ig_lio_c_msgs/ig_lio_c_msgs_s__rosidl_typesupport_introspection_c.cpython-38-x86_64-linux-gnu.so
[1.677s] -- Up-to-date: /home/sentry/Wolf-Moon/install/ig_lio_c_msgs/lib/python3.8/site-packages/ig_lio_c_msgs/ig_lio_c_msgs_s__rosidl_typesupport_c.cpython-38-x86_64-linux-gnu.so
[1.677s] -- Up-to-date: /home/sentry/Wolf-Moon/install/ig_lio_c_msgs/lib/libig_lio_c_msgs__python.so
[1.677s] -- Up-to-date: /home/sentry/Wolf-Moon/install/ig_lio_c_msgs/share/ig_lio_c_msgs/srv/CovertMap.idl
[1.677s] -- Up-to-date: /home/sentry/Wolf-Moon/install/ig_lio_c_msgs/share/ig_lio_c_msgs/srv/SaveMap.idl
[1.678s] -- Up-to-date: /home/sentry/Wolf-Moon/install/ig_lio_c_msgs/share/ig_lio_c_msgs/srv/ReLoc.idl
[1.678s] -- Up-to-date: /home/sentry/Wolf-Moon/install/ig_lio_c_msgs/share/ig_lio_c_msgs/srv/CovertMap.srv
[1.678s] -- Up-to-date: /home/sentry/Wolf-Moon/install/ig_lio_c_msgs/share/ig_lio_c_msgs/srv/CovertMap_Request.msg
[1.678s] -- Up-to-date: /home/sentry/Wolf-Moon/install/ig_lio_c_msgs/share/ig_lio_c_msgs/srv/CovertMap_Response.msg
[1.678s] -- Up-to-date: /home/sentry/Wolf-Moon/install/ig_lio_c_msgs/share/ig_lio_c_msgs/srv/SaveMap.srv
[1.678s] -- Up-to-date: /home/sentry/Wolf-Moon/install/ig_lio_c_msgs/share/ig_lio_c_msgs/srv/SaveMap_Request.msg
[1.678s] -- Up-to-date: /home/sentry/Wolf-Moon/install/ig_lio_c_msgs/share/ig_lio_c_msgs/srv/SaveMap_Response.msg
[1.678s] -- Up-to-date: /home/sentry/Wolf-Moon/install/ig_lio_c_msgs/share/ig_lio_c_msgs/srv/ReLoc.srv
[1.679s] -- Up-to-date: /home/sentry/Wolf-Moon/install/ig_lio_c_msgs/share/ig_lio_c_msgs/srv/ReLoc_Request.msg
[1.679s] -- Up-to-date: /home/sentry/Wolf-Moon/install/ig_lio_c_msgs/share/ig_lio_c_msgs/srv/ReLoc_Response.msg
[1.679s] -- Up-to-date: /home/sentry/Wolf-Moon/install/ig_lio_c_msgs/share/ament_index/resource_index/package_run_dependencies/ig_lio_c_msgs
[1.679s] -- Up-to-date: /home/sentry/Wolf-Moon/install/ig_lio_c_msgs/share/ament_index/resource_index/parent_prefix_path/ig_lio_c_msgs
[1.679s] -- Up-to-date: /home/sentry/Wolf-Moon/install/ig_lio_c_msgs/share/ig_lio_c_msgs/environment/ament_prefix_path.sh
[1.679s] -- Up-to-date: /home/sentry/Wolf-Moon/install/ig_lio_c_msgs/share/ig_lio_c_msgs/environment/ament_prefix_path.dsv
[1.679s] -- Up-to-date: /home/sentry/Wolf-Moon/install/ig_lio_c_msgs/share/ig_lio_c_msgs/environment/path.sh
[1.679s] -- Up-to-date: /home/sentry/Wolf-Moon/install/ig_lio_c_msgs/share/ig_lio_c_msgs/environment/path.dsv
[1.680s] -- Up-to-date: /home/sentry/Wolf-Moon/install/ig_lio_c_msgs/share/ig_lio_c_msgs/local_setup.bash
[1.680s] -- Up-to-date: /home/sentry/Wolf-Moon/install/ig_lio_c_msgs/share/ig_lio_c_msgs/local_setup.sh
[1.680s] -- Up-to-date: /home/sentry/Wolf-Moon/install/ig_lio_c_msgs/share/ig_lio_c_msgs/local_setup.zsh
[1.680s] -- Up-to-date: /home/sentry/Wolf-Moon/install/ig_lio_c_msgs/share/ig_lio_c_msgs/local_setup.dsv
[1.680s] -- Installing: /home/sentry/Wolf-Moon/install/ig_lio_c_msgs/share/ig_lio_c_msgs/package.dsv
[1.680s] -- Up-to-date: /home/sentry/Wolf-Moon/install/ig_lio_c_msgs/share/ament_index/resource_index/packages/ig_lio_c_msgs
[1.680s] -- Up-to-date: /home/sentry/Wolf-Moon/install/ig_lio_c_msgs/share/ig_lio_c_msgs/cmake/ig_lio_c_msgs__rosidl_generator_cExport.cmake
[1.680s] -- Up-to-date: /home/sentry/Wolf-Moon/install/ig_lio_c_msgs/share/ig_lio_c_msgs/cmake/ig_lio_c_msgs__rosidl_generator_cExport-release.cmake
[1.681s] -- Up-to-date: /home/sentry/Wolf-Moon/install/ig_lio_c_msgs/share/ig_lio_c_msgs/cmake/ig_lio_c_msgs__rosidl_typesupport_introspection_cExport.cmake
[1.681s] -- Up-to-date: /home/sentry/Wolf-Moon/install/ig_lio_c_msgs/share/ig_lio_c_msgs/cmake/ig_lio_c_msgs__rosidl_typesupport_introspection_cExport-release.cmake
[1.689s] -- Up-to-date: /home/sentry/Wolf-Moon/install/ig_lio_c_msgs/share/ig_lio_c_msgs/cmake/ig_lio_c_msgs__rosidl_typesupport_cExport.cmake
[1.689s] -- Up-to-date: /home/sentry/Wolf-Moon/install/ig_lio_c_msgs/share/ig_lio_c_msgs/cmake/ig_lio_c_msgs__rosidl_typesupport_cExport-release.cmake
[1.689s] -- Up-to-date: /home/sentry/Wolf-Moon/install/ig_lio_c_msgs/share/ig_lio_c_msgs/cmake/ig_lio_c_msgs__rosidl_generator_cppExport.cmake
[1.689s] -- Up-to-date: /home/sentry/Wolf-Moon/install/ig_lio_c_msgs/share/ig_lio_c_msgs/cmake/ig_lio_c_msgs__rosidl_typesupport_introspection_cppExport.cmake
[1.689s] -- Up-to-date: /home/sentry/Wolf-Moon/install/ig_lio_c_msgs/share/ig_lio_c_msgs/cmake/ig_lio_c_msgs__rosidl_typesupport_introspection_cppExport-release.cmake
[1.689s] -- Up-to-date: /home/sentry/Wolf-Moon/install/ig_lio_c_msgs/share/ig_lio_c_msgs/cmake/ig_lio_c_msgs__rosidl_typesupport_cppExport.cmake
[1.690s] -- Up-to-date: /home/sentry/Wolf-Moon/install/ig_lio_c_msgs/share/ig_lio_c_msgs/cmake/ig_lio_c_msgs__rosidl_typesupport_cppExport-release.cmake
[1.690s] -- Up-to-date: /home/sentry/Wolf-Moon/install/ig_lio_c_msgs/share/ig_lio_c_msgs/cmake/rosidl_cmake-extras.cmake
[1.690s] -- Up-to-date: /home/sentry/Wolf-Moon/install/ig_lio_c_msgs/share/ig_lio_c_msgs/cmake/ament_cmake_export_dependencies-extras.cmake
[1.690s] -- Up-to-date: /home/sentry/Wolf-Moon/install/ig_lio_c_msgs/share/ig_lio_c_msgs/cmake/ament_cmake_export_libraries-extras.cmake
[1.690s] -- Up-to-date: /home/sentry/Wolf-Moon/install/ig_lio_c_msgs/share/ig_lio_c_msgs/cmake/ament_cmake_export_targets-extras.cmake
[1.690s] -- Up-to-date: /home/sentry/Wolf-Moon/install/ig_lio_c_msgs/share/ig_lio_c_msgs/cmake/ament_cmake_export_include_directories-extras.cmake
[1.690s] -- Up-to-date: /home/sentry/Wolf-Moon/install/ig_lio_c_msgs/share/ig_lio_c_msgs/cmake/rosidl_cmake_export_typesupport_libraries-extras.cmake
[1.691s] -- Up-to-date: /home/sentry/Wolf-Moon/install/ig_lio_c_msgs/share/ig_lio_c_msgs/cmake/rosidl_cmake_export_typesupport_targets-extras.cmake
[1.691s] -- Up-to-date: /home/sentry/Wolf-Moon/install/ig_lio_c_msgs/share/ig_lio_c_msgs/cmake/ig_lio_c_msgsConfig.cmake
[1.691s] -- Up-to-date: /home/sentry/Wolf-Moon/install/ig_lio_c_msgs/share/ig_lio_c_msgs/cmake/ig_lio_c_msgsConfig-version.cmake
[1.691s] -- Up-to-date: /home/sentry/Wolf-Moon/install/ig_lio_c_msgs/share/ig_lio_c_msgs/package.xml
[1.764s] Invoked command in '/home/sentry/Wolf-Moon/build/ig_lio_c_msgs' returned '0': CMAKE_PREFIX_PATH=${CMAKE_PREFIX_PATH}:/home/sentry/Wolf-Moon/install/fake_msg_publisher:/opt/ros/galactic /usr/bin/cmake --install /home/sentry/Wolf-Moon/build/ig_lio_c_msgs
