[0.065s] Invoking command in '/home/sentry/Wolf-Moon/build/nav2_lifecycle_manager': AMENT_PREFIX_PATH=/home/sentry/Wolf-Moon/install/nav2_util:/home/sentry/Wolf-Moon/install/nav2_msgs:/home/sentry/Wolf-Moon/install/nav2_common:${AMENT_PREFIX_PATH} CMAKE_PREFIX_PATH=/home/sentry/Wolf-Moon/install/nav2_util:/home/sentry/Wolf-Moon/install/nav2_msgs:/home/sentry/Wolf-Moon/install/nav2_common:/opt/ros/galactic LD_LIBRARY_PATH=/home/sentry/Wolf-Moon/install/nav2_util/lib:/home/sentry/Wolf-Moon/install/nav2_msgs/lib:/opt/MVS/lib/64:/opt/MVS/lib/32:/usr/lib/x86_64-linux-gnu/gazebo-11/plugins:/opt/ros/galactic/opt/yaml_cpp_vendor/lib:/opt/ros/galactic/opt/rviz_ogre_vendor/lib:/opt/ros/galactic/lib/x86_64-linux-gnu:/opt/ros/galactic/lib:/home/sentry/TUP2024-Sentry-Framework/src/IG_LIO_SLAM/ThirdParty/octomap-Dynamic_point_cloud_removal/lib:/opt/intel/openvino_2022/tools/compile_tool:/opt/intel/openvino_2022/runtime/3rdparty/hddl/lib:/opt/intel/openvino_2022/runtime/lib/intel64:/opt/MVS/lib/64:/opt/MVS/lib/32:/opt/MVS/lib/64:/opt/MVS/lib/32:/usr/local/opencv4/lib PYTHONPATH=/home/sentry/Wolf-Moon/install/nav2_msgs/lib/python3.8/site-packages:/home/sentry/Wolf-Moon/install/nav2_common/lib/python3.8/site-packages:/opt/ros/galactic/lib/python3.8/site-packages:/opt/intel/openvino_2022/python/python3.8:/opt/intel/openvino_2022/python/python3 /usr/bin/cmake --build /home/sentry/Wolf-Moon/build/nav2_lifecycle_manager -- -j12 -l12
[0.128s] -- Found ament_cmake: 1.1.6 (/opt/ros/galactic/share/ament_cmake/cmake)
[0.152s] -- Using PYTHON_EXECUTABLE: /usr/bin/python3
[0.232s] -- Found geometry_msgs: 2.2.4 (/opt/ros/galactic/share/geometry_msgs/cmake)
[0.258s] -- Using all available rosidl_typesupport_c: rosidl_typesupport_fastrtps_c;rosidl_typesupport_introspection_c
[0.263s] -- Found rosidl_adapter: 2.2.3 (/opt/ros/galactic/share/rosidl_adapter/cmake)
[0.427s] -- Using all available rosidl_typesupport_cpp: rosidl_typesupport_fastrtps_cpp;rosidl_typesupport_introspection_cpp
[0.537s] -- Found lifecycle_msgs: 1.0.3 (/opt/ros/galactic/share/lifecycle_msgs/cmake)
[0.548s] -- Found nav2_common: 1.0.12 (/home/sentry/Wolf-Moon/install/nav2_common/share/nav2_common/cmake)
[0.548s] -- Found nav2_msgs: 1.0.12 (/home/sentry/Wolf-Moon/install/nav2_msgs/share/nav2_msgs/cmake)
[1.006s] -- Found nav2_util: 1.0.12 (/home/sentry/Wolf-Moon/install/nav2_util/share/nav2_util/cmake)
[1.105s] -- Found rmw_implementation_cmake: 3.3.1 (/opt/ros/galactic/share/rmw_implementation_cmake/cmake)
[1.107s] -- Found rmw_cyclonedds_cpp: 0.22.6 (/opt/ros/galactic/share/rmw_cyclonedds_cpp/cmake)
[1.132s] -- Using RMW implementation 'rmw_cyclonedds_cpp' as default
[1.729s] -- Found eigen3_cmake_module: 0.1.1 (/opt/ros/galactic/share/eigen3_cmake_module/cmake)
[1.967s] -- Found std_srvs: 2.2.4 (/opt/ros/galactic/share/std_srvs/cmake)
[2.588s] -- Found ament_lint_auto: 0.10.7 (/opt/ros/galactic/share/ament_lint_auto/cmake)
[2.631s] -- Found gtest sources under '/opt/ros/galactic/src/gtest_vendor': C++ tests using 'Google Test' will be built
[3.025s] -- Added test 'copyright' to check source files copyright and LICENSE
[3.025s] -- Added test 'cppcheck' to perform static code analysis on C / C++ code
[3.026s] -- Configured cppcheck include dirs: /home/sentry/Wolf-Moon/src/ThirdParty/navigation2/nav2_lifecycle_manager/include
[3.026s] -- Configured cppcheck exclude dirs and/or files: 
[3.026s] -- Added test 'cpplint' to check C / C++ code against the Google style
[3.026s] -- Configured cpplint exclude dirs and/or files: 
[3.027s] -- Added test 'flake8' to check Python code syntax and style conventions
[3.027s] -- Added test 'lint_cmake' to check CMake code style
[3.027s] -- Added test 'pep257' to check Python code against some of the style conventions in PEP 257
[3.028s] -- Added test 'uncrustify' to check C / C++ code style
[3.028s] -- Configured uncrustify additional arguments: 
[3.028s] -- Added test 'xmllint' to check XML markup files
[3.031s] -- Configuring done
[3.097s] -- Generating done
[3.130s] -- Build files have been written to: /home/sentry/Wolf-Moon/build/nav2_lifecycle_manager
[3.149s] [35m[1mScanning dependencies of target nav2_lifecycle_manager_core[0m
[3.154s] [35m[1mScanning dependencies of target gtest[0m
[3.155s] [35m[1mScanning dependencies of target gtest_main[0m
[3.172s] [  7%] [32mBuilding CXX object gtest/CMakeFiles/gtest_main.dir/src/gtest_main.cc.o[0m
[3.175s] [ 15%] [32mBuilding CXX object gtest/CMakeFiles/gtest.dir/src/gtest-all.cc.o[0m
[3.176s] make[2]: Warning: File '/home/sentry/Wolf-Moon/src/ThirdParty/navigation2/nav2_lifecycle_manager/src/lifecycle_manager.cpp' has modification time 178303 s in the future
[3.185s] [ 23%] [32mBuilding CXX object CMakeFiles/nav2_lifecycle_manager_core.dir/src/lifecycle_manager.cpp.o[0m
[3.192s] [ 30%] [32mBuilding CXX object CMakeFiles/nav2_lifecycle_manager_core.dir/src/lifecycle_manager_client.cpp.o[0m
[4.656s] [ 38%] [32m[1mLinking CXX static library libgtest_main.a[0m
[4.693s] [ 38%] Built target gtest_main
[9.700s] [ 46%] [32m[1mLinking CXX shared library libnav2_lifecycle_manager_core.so[0m
[9.925s] make[2]: warning:  Clock skew detected.  Your build may be incomplete.
[9.937s] [ 46%] Built target nav2_lifecycle_manager_core
[9.952s] [35m[1mScanning dependencies of target lifecycle_manager[0m
[9.994s] make[2]: Warning: File '/home/sentry/Wolf-Moon/src/ThirdParty/navigation2/nav2_lifecycle_manager/src/main.cpp' has modification time 178296 s in the future
[10.010s] [ 53%] [32mBuilding CXX object CMakeFiles/lifecycle_manager.dir/src/main.cpp.o[0m
[12.801s] [ 61%] [32m[1mLinking CXX static library libgtest.a[0m
[12.846s] [ 61%] Built target gtest
[12.860s] [35m[1mScanning dependencies of target test_lifecycle_gtest[0m
[12.861s] [35m[1mScanning dependencies of target test_bond_gtest[0m
[12.910s] make[2]: Warning: File '/home/sentry/Wolf-Moon/src/ThirdParty/navigation2/nav2_lifecycle_manager/test/test_lifecycle_manager.cpp' has modification time 178293 s in the future
[12.911s] make[2]: Warning: File '/home/sentry/Wolf-Moon/src/ThirdParty/navigation2/nav2_lifecycle_manager/test/test_bond.cpp' has modification time 178293 s in the future
[12.927s] [ 69%] [32mBuilding CXX object test/CMakeFiles/test_lifecycle_gtest.dir/test_lifecycle_manager.cpp.o[0m
[12.929s] [ 76%] [32mBuilding CXX object test/CMakeFiles/test_bond_gtest.dir/test_bond.cpp.o[0m
[12.964s] [ 84%] [32m[1mLinking CXX executable lifecycle_manager[0m
[13.149s] make[2]: warning:  Clock skew detected.  Your build may be incomplete.
[13.160s] [ 84%] Built target lifecycle_manager
[16.648s] [ 92%] [32m[1mLinking CXX executable test_bond_gtest[0m
[16.784s] make[2]: warning:  Clock skew detected.  Your build may be incomplete.
[16.789s] [ 92%] Built target test_bond_gtest
[16.875s] [100%] [32m[1mLinking CXX executable test_lifecycle_gtest[0m
[17.077s] make[2]: warning:  Clock skew detected.  Your build may be incomplete.
[17.087s] [100%] Built target test_lifecycle_gtest
