[0.040s] Invoking command in '/home/sentry/Wolf-Moon/build/nav2_behavior_tree': CMAKE_PREFIX_PATH=/home/sentry/Wolf-Moon/install/nav2_util:/home/sentry/Wolf-Moon/install/nav2_msgs:/home/sentry/Wolf-Moon/install/nav2_common:/home/sentry/Wolf-Moon/install/sentry_decision_v2:/home/sentry/Wolf-Moon/install/octomap_dynamic_map:/home/sentry/Wolf-Moon/install/navigation_planning:/home/sentry/Wolf-Moon/install/grid_map:/home/sentry/Wolf-Moon/install/grid_map_costmap_2d:/home/sentry/Wolf-Moon/install/nav2_costmap_2d:/home/sentry/Wolf-Moon/install/nav2_voxel_grid:/home/sentry/Wolf-Moon/install/nav2_map_server:/home/sentry/Wolf-Moon/install/nav2_lifecycle_manager:/home/sentry/Wolf-Moon/install/nav2_behavior_tree:/home/sentry/Wolf-Moon/install/grid_map_demos:/home/sentry/Wolf-Moon/install/grid_map_visualization:/home/sentry/Wolf-Moon/install/grid_map_rviz_plugin:/home/sentry/Wolf-Moon/install/grid_map_pcl:/home/sentry/Wolf-Moon/install/grid_map_loader:/home/sentry/Wolf-Moon/install/grid_map_filters:/home/sentry/Wolf-Moon/install/grid_map_ros:/home/sentry/Wolf-Moon/install/livox_ros_driver2:/home/sentry/Wolf-Moon/install/ig_lio_c_msgs:/home/sentry/Wolf-Moon/install/ig_lio_c:/home/sentry/Wolf-Moon/install/grid_map_sdf:/home/sentry/Wolf-Moon/install/grid_map_octomap:/home/sentry/Wolf-Moon/install/grid_map_msgs:/home/sentry/Wolf-Moon/install/grid_map_cv:/home/sentry/Wolf-Moon/install/grid_map_core:/home/sentry/Wolf-Moon/install/grid_map_cmake_helpers:/home/sentry/Wolf-Moon/install/cv_bridge:/home/sentry/Wolf-Moon/install/auto_aim_interfaces:/home/sentry/Wolf-Moon/install/fake_msg_publisher:/opt/ros/galactic LD_LIBRARY_PATH=/home/sentry/Wolf-Moon/install/nav2_util/lib:/home/sentry/Wolf-Moon/install/nav2_msgs/lib:/home/sentry/Wolf-Moon/install/octomap_dynamic_map/lib:/home/sentry/Wolf-Moon/install/nav2_costmap_2d/lib:/home/sentry/Wolf-Moon/install/nav2_voxel_grid/lib:/home/sentry/Wolf-Moon/install/nav2_map_server/lib:/home/sentry/Wolf-Moon/install/nav2_lifecycle_manager/lib:/home/sentry/Wolf-Moon/install/nav2_behavior_tree/lib:/home/sentry/Wolf-Moon/install/grid_map_demos/lib:/home/sentry/Wolf-Moon/install/grid_map_visualization/lib:/home/sentry/Wolf-Moon/install/grid_map_rviz_plugin/lib:/home/sentry/Wolf-Moon/install/grid_map_pcl/lib:/home/sentry/Wolf-Moon/install/grid_map_loader/lib:/home/sentry/Wolf-Moon/install/grid_map_filters/lib:/home/sentry/Wolf-Moon/install/grid_map_ros/lib:/home/sentry/Wolf-Moon/install/livox_ros_driver2/lib:/home/sentry/Wolf-Moon/install/ig_lio_c_msgs/lib:/home/sentry/Wolf-Moon/install/grid_map_sdf/lib:/home/sentry/Wolf-Moon/install/grid_map_octomap/lib:/home/sentry/Wolf-Moon/install/grid_map_msgs/lib:/home/sentry/Wolf-Moon/install/grid_map_cv/lib:/home/sentry/Wolf-Moon/install/grid_map_core/lib:/home/sentry/Wolf-Moon/install/cv_bridge/lib:/home/sentry/Wolf-Moon/install/auto_aim_interfaces/lib:/opt/MVS/lib/64:/opt/MVS/lib/32:/home/sentry/Wolf-Moon/src/ThirdParty/OCTOMAP/lib:/home/sentry/TUP2024-Sentry-Framework/src/IG_LIO_SLAM/ThirdParty/octomap-Dynamic_point_cloud_removal/lib:/opt/intel/openvino_2022/tools/compile_tool:/opt/intel/openvino_2022/runtime/3rdparty/hddl/lib:/opt/intel/openvino_2022/runtime/lib/intel64:/opt/MVS/lib/64:/opt/MVS/lib/32:/usr/lib/x86_64-linux-gnu/gazebo-11/plugins:/opt/ros/galactic/opt/yaml_cpp_vendor/lib:/opt/ros/galactic/opt/rviz_ogre_vendor/lib:/opt/ros/galactic/lib/x86_64-linux-gnu:/opt/ros/galactic/lib:/home/sentry/Wolf-Moon/src/ThirdParty/OCTOMAP/lib:/home/sentry/TUP2024-Sentry-Framework/src/IG_LIO_SLAM/ThirdParty/octomap-Dynamic_point_cloud_removal/lib:/opt/intel/openvino_2022/tools/compile_tool:/opt/intel/openvino_2022/runtime/3rdparty/hddl/lib:/opt/intel/openvino_2022/runtime/lib/intel64:/opt/MVS/lib/64:/opt/MVS/lib/32:/opt/MVS/lib/64:/opt/MVS/lib/32:/usr/local/opencv4/lib:/usr/local/opencv4/lib PYTHONPATH=/home/sentry/Wolf-Moon/install/nav2_msgs/lib/python3.8/site-packages:/home/sentry/Wolf-Moon/install/nav2_common/lib/python3.8/site-packages:/home/sentry/Wolf-Moon/install/livox_ros_driver2/lib/python3.8/site-packages:/home/sentry/Wolf-Moon/install/ig_lio_c_msgs/lib/python3.8/site-packages:/home/sentry/Wolf-Moon/install/grid_map_msgs/lib/python3.8/site-packages:/home/sentry/Wolf-Moon/install/fake_msg_publisher/lib/python3.8/site-packages:/home/sentry/Wolf-Moon/install/cv_bridge/lib/python3.8/site-packages:/home/sentry/Wolf-Moon/install/auto_aim_interfaces/lib/python3.8/site-packages:/opt/intel/openvino_2022/python/python3.8:/opt/intel/openvino_2022/python/python3:/opt/ros/galactic/lib/python3.8/site-packages:/opt/intel/openvino_2022/python/python3.8:/opt/intel/openvino_2022/python/python3 /usr/bin/cmake --build /home/sentry/Wolf-Moon/build/nav2_behavior_tree -- -j12 -l12
[0.220s] [  1%] Built target nav2_goal_updated_controller_bt_node
[0.269s] [  3%] Built target nav2_goal_updated_condition_bt_node
[0.345s] [  4%] Built target nav2_is_stuck_condition_bt_node
[0.429s] [  5%] Built target nav2_behavior_tree
[0.505s] [  7%] Built target nav2_goal_updater_node_bt_node
[0.602s] [  8%] Built target nav2_follow_path_action_bt_node
[0.692s] [  9%] Built target nav2_goal_reached_condition_bt_node
[0.752s] [ 10%] Built target nav2_round_robin_node_bt_node
[0.827s] [ 11%] Built target nav2_navigate_through_poses_action_bt_node
[0.900s] [ 13%] Built target nav2_remove_passed_goals_action_bt_node
[0.950s] [ 14%] Built target nav2_initial_pose_received_condition_bt_node
[1.005s] [ 16%] Built target nav2_time_expired_condition_bt_node
[1.066s] [ 17%] Built target nav2_distance_traveled_condition_bt_node
[1.128s] [ 19%] Built target nav2_is_battery_low_condition_bt_node
[1.185s] [ 20%] Built target nav2_reinitialize_global_localization_service_bt_node
[1.226s] [ 21%] Built target nav2_rate_controller_bt_node
[1.297s] [ 23%] Built target nav2_distance_controller_bt_node
[1.440s] [ 25%] Built target nav2_clear_costmap_service_bt_node
[1.528s] [ 26%] Built target nav2_speed_controller_bt_node
[1.615s] [ 28%] Built target nav2_truncate_path_action_bt_node
[1.657s] [ 30%] Built target nav2_navigate_to_pose_action_bt_node
[1.737s] [ 32%] Built target nav2_back_up_action_bt_node
[1.801s] [ 34%] Built target nav2_recovery_node_bt_node
[1.819s] [ 35%] Built target gtest
[1.868s] [ 36%] Built target gtest_main
[1.935s] [ 38%] Built target nav2_compute_path_to_pose_action_bt_node
[1.991s] [ 39%] Built target test_condition_distance_traveled
[2.074s] [ 41%] Built target test_condition_time_expired
[2.127s] [ 42%] Built target test_condition_goal_updated
[2.171s] [ 43%] Built target test_condition_initial_pose_received
[2.230s] [ 45%] Built target test_condition_is_battery_low
[2.292s] [ 46%] Built target test_condition_is_stuck
[2.354s] [ 48%] Built target test_condition_goal_reached
[2.409s] [ 50%] Built target test_goal_updater_node
[2.448s] [ 51%] Built target test_goal_updated_controller
[2.505s] [ 53%] Built target test_decorator_rate_controller
[2.561s] [ 54%] Built target test_decorator_speed_controller
[2.632s] [ 55%] Built target test_decorator_distance_controller
[2.701s] [ 57%] Built target test_control_round_robin_node
[2.743s] [ 58%] Built target test_control_recovery_node
[2.820s] [ 59%] Built target test_bt_action_node
[2.852s] [ 61%] Built target test_action_back_up_action
[2.917s] [ 62%] Built target test_action_clear_costmap_service
[3.005s] [ 64%] Built target test_action_reinitialize_global_localization_service
[3.065s] [ 65%] Built target test_action_compute_path_to_pose_action
[3.129s] [ 66%] Built target test_action_follow_path_action
[3.195s] [ 68%] Built target test_action_navigate_through_poses_action
[3.253s] [ 70%] Built target test_truncate_path_action
[3.311s] [ 71%] Built target test_action_navigate_to_pose_action
[3.385s] [ 73%] Built target test_remove_passed_goals_action
[3.427s] [ 75%] Built target test_bt_conversions
[3.494s] [ 76%] Built target nav2_compute_path_through_poses_action_bt_node
[3.556s] [ 77%] Built target nav2_spin_action_bt_node
[3.617s] [ 79%] Built target test_action_compute_path_through_poses_action
[3.681s] [ 80%] Built target test_action_spin_action
[3.736s] [ 81%] Built target nav2_wait_action_bt_node
[3.785s] [ 82%] Built target nav2_pipeline_sequence_bt_node
[3.843s] [ 84%] Built target test_action_wait_action
[3.911s] [ 86%] Built target test_control_pipeline_sequence
[3.952s] [ 87%] Built target nav2_transform_available_condition_bt_node
[3.998s] [ 89%] Built target nav2_single_trigger_bt_node
[4.065s] [ 90%] Built target test_condition_transform_available
[4.123s] [ 91%] Built target test_single_trigger_node
[4.171s] [ 93%] Built target nav2_planner_selector_bt_node
[4.218s] [ 94%] Built target nav2_controller_selector_bt_node
[4.252s] [ 95%] Built target test_planner_selector_node
[4.301s] [ 96%] Built target test_controller_selector_node
[4.334s] [ 98%] Built target nav2_goal_checker_selector_bt_node
[4.397s] [100%] Built target test_goal_checker_selector_node
[4.421s] Invoked command in '/home/sentry/Wolf-Moon/build/nav2_behavior_tree' returned '0': CMAKE_PREFIX_PATH=/home/sentry/Wolf-Moon/install/nav2_util:/home/sentry/Wolf-Moon/install/nav2_msgs:/home/sentry/Wolf-Moon/install/nav2_common:/home/sentry/Wolf-Moon/install/sentry_decision_v2:/home/sentry/Wolf-Moon/install/octomap_dynamic_map:/home/sentry/Wolf-Moon/install/navigation_planning:/home/sentry/Wolf-Moon/install/grid_map:/home/sentry/Wolf-Moon/install/grid_map_costmap_2d:/home/sentry/Wolf-Moon/install/nav2_costmap_2d:/home/sentry/Wolf-Moon/install/nav2_voxel_grid:/home/sentry/Wolf-Moon/install/nav2_map_server:/home/sentry/Wolf-Moon/install/nav2_lifecycle_manager:/home/sentry/Wolf-Moon/install/nav2_behavior_tree:/home/sentry/Wolf-Moon/install/grid_map_demos:/home/sentry/Wolf-Moon/install/grid_map_visualization:/home/sentry/Wolf-Moon/install/grid_map_rviz_plugin:/home/sentry/Wolf-Moon/install/grid_map_pcl:/home/sentry/Wolf-Moon/install/grid_map_loader:/home/sentry/Wolf-Moon/install/grid_map_filters:/home/sentry/Wolf-Moon/install/grid_map_ros:/home/sentry/Wolf-Moon/install/livox_ros_driver2:/home/sentry/Wolf-Moon/install/ig_lio_c_msgs:/home/sentry/Wolf-Moon/install/ig_lio_c:/home/sentry/Wolf-Moon/install/grid_map_sdf:/home/sentry/Wolf-Moon/install/grid_map_octomap:/home/sentry/Wolf-Moon/install/grid_map_msgs:/home/sentry/Wolf-Moon/install/grid_map_cv:/home/sentry/Wolf-Moon/install/grid_map_core:/home/sentry/Wolf-Moon/install/grid_map_cmake_helpers:/home/sentry/Wolf-Moon/install/cv_bridge:/home/sentry/Wolf-Moon/install/auto_aim_interfaces:/home/sentry/Wolf-Moon/install/fake_msg_publisher:/opt/ros/galactic LD_LIBRARY_PATH=/home/sentry/Wolf-Moon/install/nav2_util/lib:/home/sentry/Wolf-Moon/install/nav2_msgs/lib:/home/sentry/Wolf-Moon/install/octomap_dynamic_map/lib:/home/sentry/Wolf-Moon/install/nav2_costmap_2d/lib:/home/sentry/Wolf-Moon/install/nav2_voxel_grid/lib:/home/sentry/Wolf-Moon/install/nav2_map_server/lib:/home/sentry/Wolf-Moon/install/nav2_lifecycle_manager/lib:/home/sentry/Wolf-Moon/install/nav2_behavior_tree/lib:/home/sentry/Wolf-Moon/install/grid_map_demos/lib:/home/sentry/Wolf-Moon/install/grid_map_visualization/lib:/home/sentry/Wolf-Moon/install/grid_map_rviz_plugin/lib:/home/sentry/Wolf-Moon/install/grid_map_pcl/lib:/home/sentry/Wolf-Moon/install/grid_map_loader/lib:/home/sentry/Wolf-Moon/install/grid_map_filters/lib:/home/sentry/Wolf-Moon/install/grid_map_ros/lib:/home/sentry/Wolf-Moon/install/livox_ros_driver2/lib:/home/sentry/Wolf-Moon/install/ig_lio_c_msgs/lib:/home/sentry/Wolf-Moon/install/grid_map_sdf/lib:/home/sentry/Wolf-Moon/install/grid_map_octomap/lib:/home/sentry/Wolf-Moon/install/grid_map_msgs/lib:/home/sentry/Wolf-Moon/install/grid_map_cv/lib:/home/sentry/Wolf-Moon/install/grid_map_core/lib:/home/sentry/Wolf-Moon/install/cv_bridge/lib:/home/sentry/Wolf-Moon/install/auto_aim_interfaces/lib:/opt/MVS/lib/64:/opt/MVS/lib/32:/home/sentry/Wolf-Moon/src/ThirdParty/OCTOMAP/lib:/home/sentry/TUP2024-Sentry-Framework/src/IG_LIO_SLAM/ThirdParty/octomap-Dynamic_point_cloud_removal/lib:/opt/intel/openvino_2022/tools/compile_tool:/opt/intel/openvino_2022/runtime/3rdparty/hddl/lib:/opt/intel/openvino_2022/runtime/lib/intel64:/opt/MVS/lib/64:/opt/MVS/lib/32:/usr/lib/x86_64-linux-gnu/gazebo-11/plugins:/opt/ros/galactic/opt/yaml_cpp_vendor/lib:/opt/ros/galactic/opt/rviz_ogre_vendor/lib:/opt/ros/galactic/lib/x86_64-linux-gnu:/opt/ros/galactic/lib:/home/sentry/Wolf-Moon/src/ThirdParty/OCTOMAP/lib:/home/sentry/TUP2024-Sentry-Framework/src/IG_LIO_SLAM/ThirdParty/octomap-Dynamic_point_cloud_removal/lib:/opt/intel/openvino_2022/tools/compile_tool:/opt/intel/openvino_2022/runtime/3rdparty/hddl/lib:/opt/intel/openvino_2022/runtime/lib/intel64:/opt/MVS/lib/64:/opt/MVS/lib/32:/opt/MVS/lib/64:/opt/MVS/lib/32:/usr/local/opencv4/lib:/usr/local/opencv4/lib PYTHONPATH=/home/sentry/Wolf-Moon/install/nav2_msgs/lib/python3.8/site-packages:/home/sentry/Wolf-Moon/install/nav2_common/lib/python3.8/site-packages:/home/sentry/Wolf-Moon/install/livox_ros_driver2/lib/python3.8/site-packages:/home/sentry/Wolf-Moon/install/ig_lio_c_msgs/lib/python3.8/site-packages:/home/sentry/Wolf-Moon/install/grid_map_msgs/lib/python3.8/site-packages:/home/sentry/Wolf-Moon/install/fake_msg_publisher/lib/python3.8/site-packages:/home/sentry/Wolf-Moon/install/cv_bridge/lib/python3.8/site-packages:/home/sentry/Wolf-Moon/install/auto_aim_interfaces/lib/python3.8/site-packages:/opt/intel/openvino_2022/python/python3.8:/opt/intel/openvino_2022/python/python3:/opt/ros/galactic/lib/python3.8/site-packages:/opt/intel/openvino_2022/python/python3.8:/opt/intel/openvino_2022/python/python3 /usr/bin/cmake --build /home/sentry/Wolf-Moon/build/nav2_behavior_tree -- -j12 -l12
[4.425s] Invoking command in '/home/sentry/Wolf-Moon/build/nav2_behavior_tree': CMAKE_PREFIX_PATH=/home/sentry/Wolf-Moon/install/nav2_util:/home/sentry/Wolf-Moon/install/nav2_msgs:/home/sentry/Wolf-Moon/install/nav2_common:/home/sentry/Wolf-Moon/install/sentry_decision_v2:/home/sentry/Wolf-Moon/install/octomap_dynamic_map:/home/sentry/Wolf-Moon/install/navigation_planning:/home/sentry/Wolf-Moon/install/grid_map:/home/sentry/Wolf-Moon/install/grid_map_costmap_2d:/home/sentry/Wolf-Moon/install/nav2_costmap_2d:/home/sentry/Wolf-Moon/install/nav2_voxel_grid:/home/sentry/Wolf-Moon/install/nav2_map_server:/home/sentry/Wolf-Moon/install/nav2_lifecycle_manager:/home/sentry/Wolf-Moon/install/nav2_behavior_tree:/home/sentry/Wolf-Moon/install/grid_map_demos:/home/sentry/Wolf-Moon/install/grid_map_visualization:/home/sentry/Wolf-Moon/install/grid_map_rviz_plugin:/home/sentry/Wolf-Moon/install/grid_map_pcl:/home/sentry/Wolf-Moon/install/grid_map_loader:/home/sentry/Wolf-Moon/install/grid_map_filters:/home/sentry/Wolf-Moon/install/grid_map_ros:/home/sentry/Wolf-Moon/install/livox_ros_driver2:/home/sentry/Wolf-Moon/install/ig_lio_c_msgs:/home/sentry/Wolf-Moon/install/ig_lio_c:/home/sentry/Wolf-Moon/install/grid_map_sdf:/home/sentry/Wolf-Moon/install/grid_map_octomap:/home/sentry/Wolf-Moon/install/grid_map_msgs:/home/sentry/Wolf-Moon/install/grid_map_cv:/home/sentry/Wolf-Moon/install/grid_map_core:/home/sentry/Wolf-Moon/install/grid_map_cmake_helpers:/home/sentry/Wolf-Moon/install/cv_bridge:/home/sentry/Wolf-Moon/install/auto_aim_interfaces:/home/sentry/Wolf-Moon/install/fake_msg_publisher:/opt/ros/galactic LD_LIBRARY_PATH=/home/sentry/Wolf-Moon/install/nav2_util/lib:/home/sentry/Wolf-Moon/install/nav2_msgs/lib:/home/sentry/Wolf-Moon/install/octomap_dynamic_map/lib:/home/sentry/Wolf-Moon/install/nav2_costmap_2d/lib:/home/sentry/Wolf-Moon/install/nav2_voxel_grid/lib:/home/sentry/Wolf-Moon/install/nav2_map_server/lib:/home/sentry/Wolf-Moon/install/nav2_lifecycle_manager/lib:/home/sentry/Wolf-Moon/install/nav2_behavior_tree/lib:/home/sentry/Wolf-Moon/install/grid_map_demos/lib:/home/sentry/Wolf-Moon/install/grid_map_visualization/lib:/home/sentry/Wolf-Moon/install/grid_map_rviz_plugin/lib:/home/sentry/Wolf-Moon/install/grid_map_pcl/lib:/home/sentry/Wolf-Moon/install/grid_map_loader/lib:/home/sentry/Wolf-Moon/install/grid_map_filters/lib:/home/sentry/Wolf-Moon/install/grid_map_ros/lib:/home/sentry/Wolf-Moon/install/livox_ros_driver2/lib:/home/sentry/Wolf-Moon/install/ig_lio_c_msgs/lib:/home/sentry/Wolf-Moon/install/grid_map_sdf/lib:/home/sentry/Wolf-Moon/install/grid_map_octomap/lib:/home/sentry/Wolf-Moon/install/grid_map_msgs/lib:/home/sentry/Wolf-Moon/install/grid_map_cv/lib:/home/sentry/Wolf-Moon/install/grid_map_core/lib:/home/sentry/Wolf-Moon/install/cv_bridge/lib:/home/sentry/Wolf-Moon/install/auto_aim_interfaces/lib:/opt/MVS/lib/64:/opt/MVS/lib/32:/home/sentry/Wolf-Moon/src/ThirdParty/OCTOMAP/lib:/home/sentry/TUP2024-Sentry-Framework/src/IG_LIO_SLAM/ThirdParty/octomap-Dynamic_point_cloud_removal/lib:/opt/intel/openvino_2022/tools/compile_tool:/opt/intel/openvino_2022/runtime/3rdparty/hddl/lib:/opt/intel/openvino_2022/runtime/lib/intel64:/opt/MVS/lib/64:/opt/MVS/lib/32:/usr/lib/x86_64-linux-gnu/gazebo-11/plugins:/opt/ros/galactic/opt/yaml_cpp_vendor/lib:/opt/ros/galactic/opt/rviz_ogre_vendor/lib:/opt/ros/galactic/lib/x86_64-linux-gnu:/opt/ros/galactic/lib:/home/sentry/Wolf-Moon/src/ThirdParty/OCTOMAP/lib:/home/sentry/TUP2024-Sentry-Framework/src/IG_LIO_SLAM/ThirdParty/octomap-Dynamic_point_cloud_removal/lib:/opt/intel/openvino_2022/tools/compile_tool:/opt/intel/openvino_2022/runtime/3rdparty/hddl/lib:/opt/intel/openvino_2022/runtime/lib/intel64:/opt/MVS/lib/64:/opt/MVS/lib/32:/opt/MVS/lib/64:/opt/MVS/lib/32:/usr/local/opencv4/lib:/usr/local/opencv4/lib PYTHONPATH=/home/sentry/Wolf-Moon/install/nav2_msgs/lib/python3.8/site-packages:/home/sentry/Wolf-Moon/install/nav2_common/lib/python3.8/site-packages:/home/sentry/Wolf-Moon/install/livox_ros_driver2/lib/python3.8/site-packages:/home/sentry/Wolf-Moon/install/ig_lio_c_msgs/lib/python3.8/site-packages:/home/sentry/Wolf-Moon/install/grid_map_msgs/lib/python3.8/site-packages:/home/sentry/Wolf-Moon/install/fake_msg_publisher/lib/python3.8/site-packages:/home/sentry/Wolf-Moon/install/cv_bridge/lib/python3.8/site-packages:/home/sentry/Wolf-Moon/install/auto_aim_interfaces/lib/python3.8/site-packages:/opt/intel/openvino_2022/python/python3.8:/opt/intel/openvino_2022/python/python3:/opt/ros/galactic/lib/python3.8/site-packages:/opt/intel/openvino_2022/python/python3.8:/opt/intel/openvino_2022/python/python3 /usr/bin/cmake --install /home/sentry/Wolf-Moon/build/nav2_behavior_tree
[4.440s] -- Install configuration: "Release"
[4.440s] -- Up-to-date: /home/sentry/Wolf-Moon/install/nav2_behavior_tree/lib/libnav2_behavior_tree.so
[4.440s] -- Up-to-date: /home/sentry/Wolf-Moon/install/nav2_behavior_tree/lib/libnav2_compute_path_to_pose_action_bt_node.so
[4.441s] -- Up-to-date: /home/sentry/Wolf-Moon/install/nav2_behavior_tree/lib/libnav2_compute_path_through_poses_action_bt_node.so
[4.441s] -- Up-to-date: /home/sentry/Wolf-Moon/install/nav2_behavior_tree/lib/libnav2_follow_path_action_bt_node.so
[4.442s] -- Up-to-date: /home/sentry/Wolf-Moon/install/nav2_behavior_tree/lib/libnav2_back_up_action_bt_node.so
[4.442s] -- Up-to-date: /home/sentry/Wolf-Moon/install/nav2_behavior_tree/lib/libnav2_spin_action_bt_node.so
[4.443s] -- Up-to-date: /home/sentry/Wolf-Moon/install/nav2_behavior_tree/lib/libnav2_wait_action_bt_node.so
[4.443s] -- Up-to-date: /home/sentry/Wolf-Moon/install/nav2_behavior_tree/lib/libnav2_clear_costmap_service_bt_node.so
[4.444s] -- Up-to-date: /home/sentry/Wolf-Moon/install/nav2_behavior_tree/lib/libnav2_is_stuck_condition_bt_node.so
[4.444s] -- Up-to-date: /home/sentry/Wolf-Moon/install/nav2_behavior_tree/lib/libnav2_transform_available_condition_bt_node.so
[4.445s] -- Up-to-date: /home/sentry/Wolf-Moon/install/nav2_behavior_tree/lib/libnav2_goal_reached_condition_bt_node.so
[4.445s] -- Up-to-date: /home/sentry/Wolf-Moon/install/nav2_behavior_tree/lib/libnav2_goal_updated_condition_bt_node.so
[4.446s] -- Up-to-date: /home/sentry/Wolf-Moon/install/nav2_behavior_tree/lib/libnav2_time_expired_condition_bt_node.so
[4.446s] -- Up-to-date: /home/sentry/Wolf-Moon/install/nav2_behavior_tree/lib/libnav2_distance_traveled_condition_bt_node.so
[4.446s] -- Up-to-date: /home/sentry/Wolf-Moon/install/nav2_behavior_tree/lib/libnav2_initial_pose_received_condition_bt_node.so
[4.447s] -- Up-to-date: /home/sentry/Wolf-Moon/install/nav2_behavior_tree/lib/libnav2_is_battery_low_condition_bt_node.so
[4.447s] -- Up-to-date: /home/sentry/Wolf-Moon/install/nav2_behavior_tree/lib/libnav2_reinitialize_global_localization_service_bt_node.so
[4.448s] -- Up-to-date: /home/sentry/Wolf-Moon/install/nav2_behavior_tree/lib/libnav2_rate_controller_bt_node.so
[4.448s] -- Up-to-date: /home/sentry/Wolf-Moon/install/nav2_behavior_tree/lib/libnav2_distance_controller_bt_node.so
[4.449s] -- Up-to-date: /home/sentry/Wolf-Moon/install/nav2_behavior_tree/lib/libnav2_speed_controller_bt_node.so
[4.449s] -- Up-to-date: /home/sentry/Wolf-Moon/install/nav2_behavior_tree/lib/libnav2_truncate_path_action_bt_node.so
[4.450s] -- Up-to-date: /home/sentry/Wolf-Moon/install/nav2_behavior_tree/lib/libnav2_goal_updater_node_bt_node.so
[4.450s] -- Up-to-date: /home/sentry/Wolf-Moon/install/nav2_behavior_tree/lib/libnav2_recovery_node_bt_node.so
[4.451s] -- Up-to-date: /home/sentry/Wolf-Moon/install/nav2_behavior_tree/lib/libnav2_navigate_to_pose_action_bt_node.so
[4.451s] -- Up-to-date: /home/sentry/Wolf-Moon/install/nav2_behavior_tree/lib/libnav2_navigate_through_poses_action_bt_node.so
[4.452s] -- Up-to-date: /home/sentry/Wolf-Moon/install/nav2_behavior_tree/lib/libnav2_remove_passed_goals_action_bt_node.so
[4.452s] -- Up-to-date: /home/sentry/Wolf-Moon/install/nav2_behavior_tree/lib/libnav2_pipeline_sequence_bt_node.so
[4.453s] -- Up-to-date: /home/sentry/Wolf-Moon/install/nav2_behavior_tree/lib/libnav2_round_robin_node_bt_node.so
[4.453s] -- Up-to-date: /home/sentry/Wolf-Moon/install/nav2_behavior_tree/lib/libnav2_single_trigger_bt_node.so
[4.454s] -- Up-to-date: /home/sentry/Wolf-Moon/install/nav2_behavior_tree/lib/libnav2_planner_selector_bt_node.so
[4.454s] -- Up-to-date: /home/sentry/Wolf-Moon/install/nav2_behavior_tree/lib/libnav2_controller_selector_bt_node.so
[4.454s] -- Up-to-date: /home/sentry/Wolf-Moon/install/nav2_behavior_tree/lib/libnav2_goal_checker_selector_bt_node.so
[4.455s] -- Up-to-date: /home/sentry/Wolf-Moon/install/nav2_behavior_tree/lib/libnav2_goal_updated_controller_bt_node.so
[4.455s] -- Up-to-date: /home/sentry/Wolf-Moon/install/nav2_behavior_tree/include/
[4.455s] -- Up-to-date: /home/sentry/Wolf-Moon/install/nav2_behavior_tree/include//nav2_behavior_tree
[4.455s] -- Up-to-date: /home/sentry/Wolf-Moon/install/nav2_behavior_tree/include//nav2_behavior_tree/behavior_tree_engine.hpp
[4.456s] -- Up-to-date: /home/sentry/Wolf-Moon/install/nav2_behavior_tree/include//nav2_behavior_tree/bt_service_node.hpp
[4.456s] -- Up-to-date: /home/sentry/Wolf-Moon/install/nav2_behavior_tree/include//nav2_behavior_tree/bt_action_node.hpp
[4.456s] -- Up-to-date: /home/sentry/Wolf-Moon/install/nav2_behavior_tree/include//nav2_behavior_tree/plugins
[4.456s] -- Up-to-date: /home/sentry/Wolf-Moon/install/nav2_behavior_tree/include//nav2_behavior_tree/plugins/control
[4.456s] -- Up-to-date: /home/sentry/Wolf-Moon/install/nav2_behavior_tree/include//nav2_behavior_tree/plugins/control/recovery_node.hpp
[4.456s] -- Up-to-date: /home/sentry/Wolf-Moon/install/nav2_behavior_tree/include//nav2_behavior_tree/plugins/control/pipeline_sequence.hpp
[4.456s] -- Up-to-date: /home/sentry/Wolf-Moon/install/nav2_behavior_tree/include//nav2_behavior_tree/plugins/control/round_robin_node.hpp
[4.456s] -- Up-to-date: /home/sentry/Wolf-Moon/install/nav2_behavior_tree/include//nav2_behavior_tree/plugins/condition
[4.457s] -- Up-to-date: /home/sentry/Wolf-Moon/install/nav2_behavior_tree/include//nav2_behavior_tree/plugins/condition/distance_traveled_condition.hpp
[4.457s] -- Up-to-date: /home/sentry/Wolf-Moon/install/nav2_behavior_tree/include//nav2_behavior_tree/plugins/condition/initial_pose_received_condition.hpp
[4.457s] -- Up-to-date: /home/sentry/Wolf-Moon/install/nav2_behavior_tree/include//nav2_behavior_tree/plugins/condition/goal_updated_condition.hpp
[4.457s] -- Up-to-date: /home/sentry/Wolf-Moon/install/nav2_behavior_tree/include//nav2_behavior_tree/plugins/condition/is_stuck_condition.hpp
[4.457s] -- Up-to-date: /home/sentry/Wolf-Moon/install/nav2_behavior_tree/include//nav2_behavior_tree/plugins/condition/is_battery_low_condition.hpp
[4.457s] -- Up-to-date: /home/sentry/Wolf-Moon/install/nav2_behavior_tree/include//nav2_behavior_tree/plugins/condition/goal_reached_condition.hpp
[4.457s] -- Up-to-date: /home/sentry/Wolf-Moon/install/nav2_behavior_tree/include//nav2_behavior_tree/plugins/condition/time_expired_condition.hpp
[4.457s] -- Up-to-date: /home/sentry/Wolf-Moon/install/nav2_behavior_tree/include//nav2_behavior_tree/plugins/condition/transform_available_condition.hpp
[4.458s] -- Up-to-date: /home/sentry/Wolf-Moon/install/nav2_behavior_tree/include//nav2_behavior_tree/plugins/decorator
[4.458s] -- Up-to-date: /home/sentry/Wolf-Moon/install/nav2_behavior_tree/include//nav2_behavior_tree/plugins/decorator/speed_controller.hpp
[4.458s] -- Up-to-date: /home/sentry/Wolf-Moon/install/nav2_behavior_tree/include//nav2_behavior_tree/plugins/decorator/goal_updated_controller.hpp
[4.458s] -- Up-to-date: /home/sentry/Wolf-Moon/install/nav2_behavior_tree/include//nav2_behavior_tree/plugins/decorator/single_trigger_node.hpp
[4.458s] -- Up-to-date: /home/sentry/Wolf-Moon/install/nav2_behavior_tree/include//nav2_behavior_tree/plugins/decorator/distance_controller.hpp
[4.458s] -- Up-to-date: /home/sentry/Wolf-Moon/install/nav2_behavior_tree/include//nav2_behavior_tree/plugins/decorator/goal_updater_node.hpp
[4.458s] -- Up-to-date: /home/sentry/Wolf-Moon/install/nav2_behavior_tree/include//nav2_behavior_tree/plugins/decorator/rate_controller.hpp
[4.458s] -- Up-to-date: /home/sentry/Wolf-Moon/install/nav2_behavior_tree/include//nav2_behavior_tree/plugins/action
[4.458s] -- Up-to-date: /home/sentry/Wolf-Moon/install/nav2_behavior_tree/include//nav2_behavior_tree/plugins/action/wait_action.hpp
[4.459s] -- Up-to-date: /home/sentry/Wolf-Moon/install/nav2_behavior_tree/include//nav2_behavior_tree/plugins/action/spin_action.hpp
[4.459s] -- Up-to-date: /home/sentry/Wolf-Moon/install/nav2_behavior_tree/include//nav2_behavior_tree/plugins/action/clear_costmap_service.hpp
[4.459s] -- Up-to-date: /home/sentry/Wolf-Moon/install/nav2_behavior_tree/include//nav2_behavior_tree/plugins/action/reinitialize_global_localization_service.hpp
[4.459s] -- Up-to-date: /home/sentry/Wolf-Moon/install/nav2_behavior_tree/include//nav2_behavior_tree/plugins/action/truncate_path_action.hpp
[4.459s] -- Up-to-date: /home/sentry/Wolf-Moon/install/nav2_behavior_tree/include//nav2_behavior_tree/plugins/action/controller_selector_node.hpp
[4.459s] -- Up-to-date: /home/sentry/Wolf-Moon/install/nav2_behavior_tree/include//nav2_behavior_tree/plugins/action/goal_checker_selector_node.hpp
[4.459s] -- Up-to-date: /home/sentry/Wolf-Moon/install/nav2_behavior_tree/include//nav2_behavior_tree/plugins/action/navigate_through_poses_action.hpp
[4.460s] -- Up-to-date: /home/sentry/Wolf-Moon/install/nav2_behavior_tree/include//nav2_behavior_tree/plugins/action/remove_passed_goals_action.hpp
[4.460s] -- Up-to-date: /home/sentry/Wolf-Moon/install/nav2_behavior_tree/include//nav2_behavior_tree/plugins/action/compute_path_through_poses_action.hpp
[4.460s] -- Up-to-date: /home/sentry/Wolf-Moon/install/nav2_behavior_tree/include//nav2_behavior_tree/plugins/action/planner_selector_node.hpp
[4.460s] -- Up-to-date: /home/sentry/Wolf-Moon/install/nav2_behavior_tree/include//nav2_behavior_tree/plugins/action/back_up_action.hpp
[4.460s] -- Up-to-date: /home/sentry/Wolf-Moon/install/nav2_behavior_tree/include//nav2_behavior_tree/plugins/action/compute_path_to_pose_action.hpp
[4.460s] -- Up-to-date: /home/sentry/Wolf-Moon/install/nav2_behavior_tree/include//nav2_behavior_tree/plugins/action/navigate_to_pose_action.hpp
[4.460s] -- Up-to-date: /home/sentry/Wolf-Moon/install/nav2_behavior_tree/include//nav2_behavior_tree/plugins/action/follow_path_action.hpp
[4.460s] -- Up-to-date: /home/sentry/Wolf-Moon/install/nav2_behavior_tree/include//nav2_behavior_tree/bt_action_server_impl.hpp
[4.460s] -- Up-to-date: /home/sentry/Wolf-Moon/install/nav2_behavior_tree/include//nav2_behavior_tree/bt_action_server.hpp
[4.460s] -- Up-to-date: /home/sentry/Wolf-Moon/install/nav2_behavior_tree/include//nav2_behavior_tree/ros_topic_logger.hpp
[4.460s] -- Up-to-date: /home/sentry/Wolf-Moon/install/nav2_behavior_tree/include//nav2_behavior_tree/bt_conversions.hpp
[4.460s] -- Up-to-date: /home/sentry/Wolf-Moon/install/nav2_behavior_tree/share/nav2_behavior_tree/nav2_tree_nodes.xml
[4.460s] -- Up-to-date: /home/sentry/Wolf-Moon/install/nav2_behavior_tree/share/nav2_behavior_tree/environment/library_path.sh
[4.460s] -- Up-to-date: /home/sentry/Wolf-Moon/install/nav2_behavior_tree/share/nav2_behavior_tree/environment/library_path.dsv
[4.460s] -- Up-to-date: /home/sentry/Wolf-Moon/install/nav2_behavior_tree/share/ament_index/resource_index/package_run_dependencies/nav2_behavior_tree
[4.461s] -- Up-to-date: /home/sentry/Wolf-Moon/install/nav2_behavior_tree/share/ament_index/resource_index/parent_prefix_path/nav2_behavior_tree
[4.461s] -- Up-to-date: /home/sentry/Wolf-Moon/install/nav2_behavior_tree/share/nav2_behavior_tree/environment/ament_prefix_path.sh
[4.461s] -- Up-to-date: /home/sentry/Wolf-Moon/install/nav2_behavior_tree/share/nav2_behavior_tree/environment/ament_prefix_path.dsv
[4.461s] -- Up-to-date: /home/sentry/Wolf-Moon/install/nav2_behavior_tree/share/nav2_behavior_tree/environment/path.sh
[4.461s] -- Up-to-date: /home/sentry/Wolf-Moon/install/nav2_behavior_tree/share/nav2_behavior_tree/environment/path.dsv
[4.461s] -- Up-to-date: /home/sentry/Wolf-Moon/install/nav2_behavior_tree/share/nav2_behavior_tree/local_setup.bash
[4.461s] -- Up-to-date: /home/sentry/Wolf-Moon/install/nav2_behavior_tree/share/nav2_behavior_tree/local_setup.sh
[4.461s] -- Up-to-date: /home/sentry/Wolf-Moon/install/nav2_behavior_tree/share/nav2_behavior_tree/local_setup.zsh
[4.461s] -- Up-to-date: /home/sentry/Wolf-Moon/install/nav2_behavior_tree/share/nav2_behavior_tree/local_setup.dsv
[4.461s] -- Installing: /home/sentry/Wolf-Moon/install/nav2_behavior_tree/share/nav2_behavior_tree/package.dsv
[4.461s] -- Up-to-date: /home/sentry/Wolf-Moon/install/nav2_behavior_tree/share/ament_index/resource_index/packages/nav2_behavior_tree
[4.461s] -- Up-to-date: /home/sentry/Wolf-Moon/install/nav2_behavior_tree/share/nav2_behavior_tree/cmake/ament_cmake_export_include_directories-extras.cmake
[4.461s] -- Up-to-date: /home/sentry/Wolf-Moon/install/nav2_behavior_tree/share/nav2_behavior_tree/cmake/ament_cmake_export_libraries-extras.cmake
[4.461s] -- Up-to-date: /home/sentry/Wolf-Moon/install/nav2_behavior_tree/share/nav2_behavior_tree/cmake/ament_cmake_export_dependencies-extras.cmake
[4.462s] -- Up-to-date: /home/sentry/Wolf-Moon/install/nav2_behavior_tree/share/nav2_behavior_tree/cmake/nav2_behavior_treeConfig.cmake
[4.462s] -- Up-to-date: /home/sentry/Wolf-Moon/install/nav2_behavior_tree/share/nav2_behavior_tree/cmake/nav2_behavior_treeConfig-version.cmake
[4.462s] -- Up-to-date: /home/sentry/Wolf-Moon/install/nav2_behavior_tree/share/nav2_behavior_tree/package.xml
[4.463s] Invoked command in '/home/sentry/Wolf-Moon/build/nav2_behavior_tree' returned '0': CMAKE_PREFIX_PATH=/home/sentry/Wolf-Moon/install/nav2_util:/home/sentry/Wolf-Moon/install/nav2_msgs:/home/sentry/Wolf-Moon/install/nav2_common:/home/sentry/Wolf-Moon/install/sentry_decision_v2:/home/sentry/Wolf-Moon/install/octomap_dynamic_map:/home/sentry/Wolf-Moon/install/navigation_planning:/home/sentry/Wolf-Moon/install/grid_map:/home/sentry/Wolf-Moon/install/grid_map_costmap_2d:/home/sentry/Wolf-Moon/install/nav2_costmap_2d:/home/sentry/Wolf-Moon/install/nav2_voxel_grid:/home/sentry/Wolf-Moon/install/nav2_map_server:/home/sentry/Wolf-Moon/install/nav2_lifecycle_manager:/home/sentry/Wolf-Moon/install/nav2_behavior_tree:/home/sentry/Wolf-Moon/install/grid_map_demos:/home/sentry/Wolf-Moon/install/grid_map_visualization:/home/sentry/Wolf-Moon/install/grid_map_rviz_plugin:/home/sentry/Wolf-Moon/install/grid_map_pcl:/home/sentry/Wolf-Moon/install/grid_map_loader:/home/sentry/Wolf-Moon/install/grid_map_filters:/home/sentry/Wolf-Moon/install/grid_map_ros:/home/sentry/Wolf-Moon/install/livox_ros_driver2:/home/sentry/Wolf-Moon/install/ig_lio_c_msgs:/home/sentry/Wolf-Moon/install/ig_lio_c:/home/sentry/Wolf-Moon/install/grid_map_sdf:/home/sentry/Wolf-Moon/install/grid_map_octomap:/home/sentry/Wolf-Moon/install/grid_map_msgs:/home/sentry/Wolf-Moon/install/grid_map_cv:/home/sentry/Wolf-Moon/install/grid_map_core:/home/sentry/Wolf-Moon/install/grid_map_cmake_helpers:/home/sentry/Wolf-Moon/install/cv_bridge:/home/sentry/Wolf-Moon/install/auto_aim_interfaces:/home/sentry/Wolf-Moon/install/fake_msg_publisher:/opt/ros/galactic LD_LIBRARY_PATH=/home/sentry/Wolf-Moon/install/nav2_util/lib:/home/sentry/Wolf-Moon/install/nav2_msgs/lib:/home/sentry/Wolf-Moon/install/octomap_dynamic_map/lib:/home/sentry/Wolf-Moon/install/nav2_costmap_2d/lib:/home/sentry/Wolf-Moon/install/nav2_voxel_grid/lib:/home/sentry/Wolf-Moon/install/nav2_map_server/lib:/home/sentry/Wolf-Moon/install/nav2_lifecycle_manager/lib:/home/sentry/Wolf-Moon/install/nav2_behavior_tree/lib:/home/sentry/Wolf-Moon/install/grid_map_demos/lib:/home/sentry/Wolf-Moon/install/grid_map_visualization/lib:/home/sentry/Wolf-Moon/install/grid_map_rviz_plugin/lib:/home/sentry/Wolf-Moon/install/grid_map_pcl/lib:/home/sentry/Wolf-Moon/install/grid_map_loader/lib:/home/sentry/Wolf-Moon/install/grid_map_filters/lib:/home/sentry/Wolf-Moon/install/grid_map_ros/lib:/home/sentry/Wolf-Moon/install/livox_ros_driver2/lib:/home/sentry/Wolf-Moon/install/ig_lio_c_msgs/lib:/home/sentry/Wolf-Moon/install/grid_map_sdf/lib:/home/sentry/Wolf-Moon/install/grid_map_octomap/lib:/home/sentry/Wolf-Moon/install/grid_map_msgs/lib:/home/sentry/Wolf-Moon/install/grid_map_cv/lib:/home/sentry/Wolf-Moon/install/grid_map_core/lib:/home/sentry/Wolf-Moon/install/cv_bridge/lib:/home/sentry/Wolf-Moon/install/auto_aim_interfaces/lib:/opt/MVS/lib/64:/opt/MVS/lib/32:/home/sentry/Wolf-Moon/src/ThirdParty/OCTOMAP/lib:/home/sentry/TUP2024-Sentry-Framework/src/IG_LIO_SLAM/ThirdParty/octomap-Dynamic_point_cloud_removal/lib:/opt/intel/openvino_2022/tools/compile_tool:/opt/intel/openvino_2022/runtime/3rdparty/hddl/lib:/opt/intel/openvino_2022/runtime/lib/intel64:/opt/MVS/lib/64:/opt/MVS/lib/32:/usr/lib/x86_64-linux-gnu/gazebo-11/plugins:/opt/ros/galactic/opt/yaml_cpp_vendor/lib:/opt/ros/galactic/opt/rviz_ogre_vendor/lib:/opt/ros/galactic/lib/x86_64-linux-gnu:/opt/ros/galactic/lib:/home/sentry/Wolf-Moon/src/ThirdParty/OCTOMAP/lib:/home/sentry/TUP2024-Sentry-Framework/src/IG_LIO_SLAM/ThirdParty/octomap-Dynamic_point_cloud_removal/lib:/opt/intel/openvino_2022/tools/compile_tool:/opt/intel/openvino_2022/runtime/3rdparty/hddl/lib:/opt/intel/openvino_2022/runtime/lib/intel64:/opt/MVS/lib/64:/opt/MVS/lib/32:/opt/MVS/lib/64:/opt/MVS/lib/32:/usr/local/opencv4/lib:/usr/local/opencv4/lib PYTHONPATH=/home/sentry/Wolf-Moon/install/nav2_msgs/lib/python3.8/site-packages:/home/sentry/Wolf-Moon/install/nav2_common/lib/python3.8/site-packages:/home/sentry/Wolf-Moon/install/livox_ros_driver2/lib/python3.8/site-packages:/home/sentry/Wolf-Moon/install/ig_lio_c_msgs/lib/python3.8/site-packages:/home/sentry/Wolf-Moon/install/grid_map_msgs/lib/python3.8/site-packages:/home/sentry/Wolf-Moon/install/fake_msg_publisher/lib/python3.8/site-packages:/home/sentry/Wolf-Moon/install/cv_bridge/lib/python3.8/site-packages:/home/sentry/Wolf-Moon/install/auto_aim_interfaces/lib/python3.8/site-packages:/opt/intel/openvino_2022/python/python3.8:/opt/intel/openvino_2022/python/python3:/opt/ros/galactic/lib/python3.8/site-packages:/opt/intel/openvino_2022/python/python3.8:/opt/intel/openvino_2022/python/python3 /usr/bin/cmake --install /home/sentry/Wolf-Moon/build/nav2_behavior_tree
