[0.107s] Invoking command in '/home/sentry/Wolf-Moon/build/cv_bridge': CMAKE_PREFIX_PATH=${CMAKE_PREFIX_PATH}:/home/sentry/Wolf-Moon/install/fake_msg_publisher:/opt/ros/galactic /usr/bin/cmake --build /home/sentry/Wolf-Moon/build/cv_bridge -- -j12 -l12
[0.342s] [  0%] Built target ament_cmake_python_copy_cv_bridge
[0.448s] [ 12%] Built target gtest_main
[1.372s] running egg_info
[1.386s] writing cv_bridge.egg-info/PKG-INFO
[1.386s] writing dependency_links to cv_bridge.egg-info/dependency_links.txt
[1.386s] writing top-level names to cv_bridge.egg-info/top_level.txt
[1.562s] reading manifest file 'cv_bridge.egg-info/SOURCES.txt'
[1.562s] writing manifest file 'cv_bridge.egg-info/SOURCES.txt'
[1.662s] [ 12%] Built target ament_cmake_python_build_cv_bridge_egg
[1.751s] [ 25%] Built target gtest
[1.840s] [ 43%] Built target cv_bridge
[1.968s] [ 62%] Built target cv_bridge_boost
[2.120s] [100%] Built target cv_bridge-utest
[2.197s] Invoked command in '/home/sentry/Wolf-Moon/build/cv_bridge' returned '0': CMAKE_PREFIX_PATH=${CMAKE_PREFIX_PATH}:/home/sentry/Wolf-Moon/install/fake_msg_publisher:/opt/ros/galactic /usr/bin/cmake --build /home/sentry/Wolf-Moon/build/cv_bridge -- -j12 -l12
[2.199s] Invoking command in '/home/sentry/Wolf-Moon/build/cv_bridge': CMAKE_PREFIX_PATH=${CMAKE_PREFIX_PATH}:/home/sentry/Wolf-Moon/install/fake_msg_publisher:/opt/ros/galactic /usr/bin/cmake --install /home/sentry/Wolf-Moon/build/cv_bridge
[2.231s] -- Install configuration: ""
[2.232s] -- Up-to-date: /home/sentry/Wolf-Moon/install/cv_bridge/share/cv_bridge/environment/pythonpath.sh
[2.232s] -- Up-to-date: /home/sentry/Wolf-Moon/install/cv_bridge/share/cv_bridge/environment/pythonpath.dsv
[2.232s] -- Up-to-date: /home/sentry/Wolf-Moon/install/cv_bridge/lib/python3.8/site-packages//cv_bridge.egg-info
[2.232s] -- Installing: /home/sentry/Wolf-Moon/install/cv_bridge/lib/python3.8/site-packages//cv_bridge.egg-info/SOURCES.txt
[2.246s] -- Installing: /home/sentry/Wolf-Moon/install/cv_bridge/lib/python3.8/site-packages//cv_bridge.egg-info/top_level.txt
[2.258s] -- Installing: /home/sentry/Wolf-Moon/install/cv_bridge/lib/python3.8/site-packages//cv_bridge.egg-info/dependency_links.txt
[2.258s] -- Installing: /home/sentry/Wolf-Moon/install/cv_bridge/lib/python3.8/site-packages//cv_bridge.egg-info/PKG-INFO
[2.259s] -- Up-to-date: /home/sentry/Wolf-Moon/install/cv_bridge/lib/python3.8/site-packages/cv_bridge
[2.259s] -- Up-to-date: /home/sentry/Wolf-Moon/install/cv_bridge/lib/python3.8/site-packages/cv_bridge/__init__.py
[2.259s] -- Up-to-date: /home/sentry/Wolf-Moon/install/cv_bridge/lib/python3.8/site-packages/cv_bridge/core.py
[2.338s] Listing '/home/sentry/Wolf-Moon/install/cv_bridge/lib/python3.8/site-packages/cv_bridge'...
[2.338s] Listing '/home/sentry/Wolf-Moon/install/cv_bridge/lib/python3.8/site-packages/cv_bridge/boost'...
[2.345s] -- Up-to-date: /home/sentry/Wolf-Moon/install/cv_bridge/share/cv_bridge/environment/library_path.sh
[2.345s] -- Up-to-date: /home/sentry/Wolf-Moon/install/cv_bridge/share/cv_bridge/environment/library_path.dsv
[2.345s] -- Up-to-date: /home/sentry/Wolf-Moon/install/cv_bridge/include/cv_bridge
[2.346s] -- Up-to-date: /home/sentry/Wolf-Moon/install/cv_bridge/include/cv_bridge/rgb_colors.h
[2.346s] -- Up-to-date: /home/sentry/Wolf-Moon/install/cv_bridge/include/cv_bridge/cv_bridge.h
[2.347s] -- Up-to-date: /home/sentry/Wolf-Moon/install/cv_bridge/lib/libcv_bridge.so
[2.347s] -- Up-to-date: /home/sentry/Wolf-Moon/install/cv_bridge/share/ament_index/resource_index/package_run_dependencies/cv_bridge
[2.347s] -- Up-to-date: /home/sentry/Wolf-Moon/install/cv_bridge/share/ament_index/resource_index/parent_prefix_path/cv_bridge
[2.352s] -- Up-to-date: /home/sentry/Wolf-Moon/install/cv_bridge/share/cv_bridge/environment/ament_prefix_path.sh
[2.353s] -- Up-to-date: /home/sentry/Wolf-Moon/install/cv_bridge/share/cv_bridge/environment/ament_prefix_path.dsv
[2.353s] -- Up-to-date: /home/sentry/Wolf-Moon/install/cv_bridge/share/cv_bridge/environment/path.sh
[2.353s] -- Up-to-date: /home/sentry/Wolf-Moon/install/cv_bridge/share/cv_bridge/environment/path.dsv
[2.353s] -- Up-to-date: /home/sentry/Wolf-Moon/install/cv_bridge/share/cv_bridge/local_setup.bash
[2.353s] -- Up-to-date: /home/sentry/Wolf-Moon/install/cv_bridge/share/cv_bridge/local_setup.sh
[2.353s] -- Up-to-date: /home/sentry/Wolf-Moon/install/cv_bridge/share/cv_bridge/local_setup.zsh
[2.353s] -- Up-to-date: /home/sentry/Wolf-Moon/install/cv_bridge/share/cv_bridge/local_setup.dsv
[2.353s] -- Installing: /home/sentry/Wolf-Moon/install/cv_bridge/share/cv_bridge/package.dsv
[2.355s] -- Up-to-date: /home/sentry/Wolf-Moon/install/cv_bridge/share/ament_index/resource_index/packages/cv_bridge
[2.355s] -- Up-to-date: /home/sentry/Wolf-Moon/install/cv_bridge/share/cv_bridge/cmake/cv_bridge-extras.cmake
[2.355s] -- Up-to-date: /home/sentry/Wolf-Moon/install/cv_bridge/share/cv_bridge/cmake/ament_cmake_export_dependencies-extras.cmake
[2.356s] -- Up-to-date: /home/sentry/Wolf-Moon/install/cv_bridge/share/cv_bridge/cmake/ament_cmake_export_include_directories-extras.cmake
[2.356s] -- Up-to-date: /home/sentry/Wolf-Moon/install/cv_bridge/share/cv_bridge/cmake/ament_cmake_export_libraries-extras.cmake
[2.356s] -- Up-to-date: /home/sentry/Wolf-Moon/install/cv_bridge/share/cv_bridge/cmake/cv_bridgeConfig.cmake
[2.356s] -- Up-to-date: /home/sentry/Wolf-Moon/install/cv_bridge/share/cv_bridge/cmake/cv_bridgeConfig-version.cmake
[2.356s] -- Up-to-date: /home/sentry/Wolf-Moon/install/cv_bridge/share/cv_bridge/package.xml
[2.356s] -- Up-to-date: /home/sentry/Wolf-Moon/install/cv_bridge/lib/libcv_bridge.so
[2.356s] -- Up-to-date: /home/sentry/Wolf-Moon/install/cv_bridge/include/cv_bridge/cv_bridge_export.h
[2.356s] -- Up-to-date: /home/sentry/Wolf-Moon/install/cv_bridge/lib/python3.8/site-packages/cv_bridge/boost/cv_bridge_boost.so
[2.458s] Invoked command in '/home/sentry/Wolf-Moon/build/cv_bridge' returned '0': CMAKE_PREFIX_PATH=${CMAKE_PREFIX_PATH}:/home/sentry/Wolf-Moon/install/fake_msg_publisher:/opt/ros/galactic /usr/bin/cmake --install /home/sentry/Wolf-Moon/build/cv_bridge
