[0.048s] Invoking command in '/home/sentry/Wolf-Moon/build/grid_map_cv': AMENT_PREFIX_PATH=/home/sentry/Wolf-Moon/install/grid_map_core:/home/sentry/Wolf-Moon/install/grid_map_cmake_helpers:/home/sentry/Wolf-Moon/install/cv_bridge:${AMENT_PREFIX_PATH} CMAKE_PREFIX_PATH=/home/sentry/Wolf-Moon/install/grid_map_core:/home/sentry/Wolf-Moon/install/grid_map_cmake_helpers:/home/sentry/Wolf-Moon/install/cv_bridge:/opt/ros/galactic LD_LIBRARY_PATH=/home/sentry/Wolf-Moon/install/grid_map_core/lib:/home/sentry/Wolf-Moon/install/cv_bridge/lib:/opt/MVS/lib/64:/opt/MVS/lib/32:/usr/lib/x86_64-linux-gnu/gazebo-11/plugins:/opt/ros/galactic/opt/yaml_cpp_vendor/lib:/opt/ros/galactic/opt/rviz_ogre_vendor/lib:/opt/ros/galactic/lib/x86_64-linux-gnu:/opt/ros/galactic/lib:/home/sentry/TUP2024-Sentry-Framework/src/IG_LIO_SLAM/ThirdParty/octomap-Dynamic_point_cloud_removal/lib:/opt/intel/openvino_2022/tools/compile_tool:/opt/intel/openvino_2022/runtime/3rdparty/hddl/lib:/opt/intel/openvino_2022/runtime/lib/intel64:/opt/MVS/lib/64:/opt/MVS/lib/32:/opt/MVS/lib/64:/opt/MVS/lib/32:/usr/local/opencv4/lib PYTHONPATH=/home/sentry/Wolf-Moon/install/cv_bridge/lib/python3.8/site-packages:/opt/ros/galactic/lib/python3.8/site-packages:/opt/intel/openvino_2022/python/python3.8:/opt/intel/openvino_2022/python/python3 /usr/bin/cmake --build /home/sentry/Wolf-Moon/build/grid_map_cv -- -j12 -l12
[0.102s] [ 18%] Built target gtest
[0.105s] [ 36%] Built target gtest_main
[0.124s] [ 63%] Built target grid_map_cv
[0.158s] [100%] Built target grid_map_cv-test
[0.172s] Invoked command in '/home/sentry/Wolf-Moon/build/grid_map_cv' returned '0': AMENT_PREFIX_PATH=/home/sentry/Wolf-Moon/install/grid_map_core:/home/sentry/Wolf-Moon/install/grid_map_cmake_helpers:/home/sentry/Wolf-Moon/install/cv_bridge:${AMENT_PREFIX_PATH} CMAKE_PREFIX_PATH=/home/sentry/Wolf-Moon/install/grid_map_core:/home/sentry/Wolf-Moon/install/grid_map_cmake_helpers:/home/sentry/Wolf-Moon/install/cv_bridge:/opt/ros/galactic LD_LIBRARY_PATH=/home/sentry/Wolf-Moon/install/grid_map_core/lib:/home/sentry/Wolf-Moon/install/cv_bridge/lib:/opt/MVS/lib/64:/opt/MVS/lib/32:/usr/lib/x86_64-linux-gnu/gazebo-11/plugins:/opt/ros/galactic/opt/yaml_cpp_vendor/lib:/opt/ros/galactic/opt/rviz_ogre_vendor/lib:/opt/ros/galactic/lib/x86_64-linux-gnu:/opt/ros/galactic/lib:/home/sentry/TUP2024-Sentry-Framework/src/IG_LIO_SLAM/ThirdParty/octomap-Dynamic_point_cloud_removal/lib:/opt/intel/openvino_2022/tools/compile_tool:/opt/intel/openvino_2022/runtime/3rdparty/hddl/lib:/opt/intel/openvino_2022/runtime/lib/intel64:/opt/MVS/lib/64:/opt/MVS/lib/32:/opt/MVS/lib/64:/opt/MVS/lib/32:/usr/local/opencv4/lib PYTHONPATH=/home/sentry/Wolf-Moon/install/cv_bridge/lib/python3.8/site-packages:/opt/ros/galactic/lib/python3.8/site-packages:/opt/intel/openvino_2022/python/python3.8:/opt/intel/openvino_2022/python/python3 /usr/bin/cmake --build /home/sentry/Wolf-Moon/build/grid_map_cv -- -j12 -l12
[0.181s] Invoking command in '/home/sentry/Wolf-Moon/build/grid_map_cv': AMENT_PREFIX_PATH=/home/sentry/Wolf-Moon/install/grid_map_core:/home/sentry/Wolf-Moon/install/grid_map_cmake_helpers:/home/sentry/Wolf-Moon/install/cv_bridge:${AMENT_PREFIX_PATH} CMAKE_PREFIX_PATH=/home/sentry/Wolf-Moon/install/grid_map_core:/home/sentry/Wolf-Moon/install/grid_map_cmake_helpers:/home/sentry/Wolf-Moon/install/cv_bridge:/opt/ros/galactic LD_LIBRARY_PATH=/home/sentry/Wolf-Moon/install/grid_map_core/lib:/home/sentry/Wolf-Moon/install/cv_bridge/lib:/opt/MVS/lib/64:/opt/MVS/lib/32:/usr/lib/x86_64-linux-gnu/gazebo-11/plugins:/opt/ros/galactic/opt/yaml_cpp_vendor/lib:/opt/ros/galactic/opt/rviz_ogre_vendor/lib:/opt/ros/galactic/lib/x86_64-linux-gnu:/opt/ros/galactic/lib:/home/sentry/TUP2024-Sentry-Framework/src/IG_LIO_SLAM/ThirdParty/octomap-Dynamic_point_cloud_removal/lib:/opt/intel/openvino_2022/tools/compile_tool:/opt/intel/openvino_2022/runtime/3rdparty/hddl/lib:/opt/intel/openvino_2022/runtime/lib/intel64:/opt/MVS/lib/64:/opt/MVS/lib/32:/opt/MVS/lib/64:/opt/MVS/lib/32:/usr/local/opencv4/lib PYTHONPATH=/home/sentry/Wolf-Moon/install/cv_bridge/lib/python3.8/site-packages:/opt/ros/galactic/lib/python3.8/site-packages:/opt/intel/openvino_2022/python/python3.8:/opt/intel/openvino_2022/python/python3 /usr/bin/cmake --install /home/sentry/Wolf-Moon/build/grid_map_cv
[0.184s] -- Install configuration: "Release"
[0.184s] -- Up-to-date: /home/sentry/Wolf-Moon/install/grid_map_cv/lib/libgrid_map_cv.so
[0.184s] -- Up-to-date: /home/sentry/Wolf-Moon/install/grid_map_cv/include/grid_map_cv
[0.184s] -- Up-to-date: /home/sentry/Wolf-Moon/install/grid_map_cv/include/grid_map_cv/InpaintFilter.hpp
[0.184s] -- Up-to-date: /home/sentry/Wolf-Moon/install/grid_map_cv/include/grid_map_cv/utilities.hpp
[0.185s] -- Up-to-date: /home/sentry/Wolf-Moon/install/grid_map_cv/include/grid_map_cv/GridMapCvConverter.hpp
[0.185s] -- Up-to-date: /home/sentry/Wolf-Moon/install/grid_map_cv/include/grid_map_cv/GridMapCvProcessing.hpp
[0.185s] -- Up-to-date: /home/sentry/Wolf-Moon/install/grid_map_cv/include/grid_map_cv/grid_map_cv.hpp
[0.185s] -- Up-to-date: /home/sentry/Wolf-Moon/install/grid_map_cv/share/grid_map_cv/filter_plugins.xml
[0.185s] -- Up-to-date: /home/sentry/Wolf-Moon/install/grid_map_cv/share/grid_map_cv/environment/library_path.sh
[0.186s] -- Up-to-date: /home/sentry/Wolf-Moon/install/grid_map_cv/share/grid_map_cv/environment/library_path.dsv
[0.186s] -- Up-to-date: /home/sentry/Wolf-Moon/install/grid_map_cv/share/grid_map_cv/filter_plugins.xml
[0.186s] -- Up-to-date: /home/sentry/Wolf-Moon/install/grid_map_cv/share/ament_index/resource_index/package_run_dependencies/grid_map_cv
[0.186s] -- Up-to-date: /home/sentry/Wolf-Moon/install/grid_map_cv/share/ament_index/resource_index/parent_prefix_path/grid_map_cv
[0.186s] -- Up-to-date: /home/sentry/Wolf-Moon/install/grid_map_cv/share/grid_map_cv/environment/ament_prefix_path.sh
[0.186s] -- Up-to-date: /home/sentry/Wolf-Moon/install/grid_map_cv/share/grid_map_cv/environment/ament_prefix_path.dsv
[0.186s] -- Up-to-date: /home/sentry/Wolf-Moon/install/grid_map_cv/share/grid_map_cv/environment/path.sh
[0.187s] -- Up-to-date: /home/sentry/Wolf-Moon/install/grid_map_cv/share/grid_map_cv/environment/path.dsv
[0.187s] -- Up-to-date: /home/sentry/Wolf-Moon/install/grid_map_cv/share/grid_map_cv/local_setup.bash
[0.187s] -- Up-to-date: /home/sentry/Wolf-Moon/install/grid_map_cv/share/grid_map_cv/local_setup.sh
[0.187s] -- Up-to-date: /home/sentry/Wolf-Moon/install/grid_map_cv/share/grid_map_cv/local_setup.zsh
[0.187s] -- Up-to-date: /home/sentry/Wolf-Moon/install/grid_map_cv/share/grid_map_cv/local_setup.dsv
[0.187s] -- Installing: /home/sentry/Wolf-Moon/install/grid_map_cv/share/grid_map_cv/package.dsv
[0.187s] -- Up-to-date: /home/sentry/Wolf-Moon/install/grid_map_cv/share/ament_index/resource_index/packages/grid_map_cv
[0.188s] -- Up-to-date: /home/sentry/Wolf-Moon/install/grid_map_cv/share/ament_index/resource_index/filters__pluginlib__plugin/grid_map_cv
[0.188s] -- Up-to-date: /home/sentry/Wolf-Moon/install/grid_map_cv/share/grid_map_cv/cmake/ament_cmake_export_include_directories-extras.cmake
[0.188s] -- Up-to-date: /home/sentry/Wolf-Moon/install/grid_map_cv/share/grid_map_cv/cmake/ament_cmake_export_libraries-extras.cmake
[0.189s] -- Up-to-date: /home/sentry/Wolf-Moon/install/grid_map_cv/share/grid_map_cv/cmake/ament_cmake_export_dependencies-extras.cmake
[0.189s] -- Up-to-date: /home/sentry/Wolf-Moon/install/grid_map_cv/share/grid_map_cv/cmake/grid_map_cvConfig.cmake
[0.190s] -- Up-to-date: /home/sentry/Wolf-Moon/install/grid_map_cv/share/grid_map_cv/cmake/grid_map_cvConfig-version.cmake
[0.190s] -- Up-to-date: /home/sentry/Wolf-Moon/install/grid_map_cv/share/grid_map_cv/package.xml
[0.223s] Invoked command in '/home/sentry/Wolf-Moon/build/grid_map_cv' returned '0': AMENT_PREFIX_PATH=/home/sentry/Wolf-Moon/install/grid_map_core:/home/sentry/Wolf-Moon/install/grid_map_cmake_helpers:/home/sentry/Wolf-Moon/install/cv_bridge:${AMENT_PREFIX_PATH} CMAKE_PREFIX_PATH=/home/sentry/Wolf-Moon/install/grid_map_core:/home/sentry/Wolf-Moon/install/grid_map_cmake_helpers:/home/sentry/Wolf-Moon/install/cv_bridge:/opt/ros/galactic LD_LIBRARY_PATH=/home/sentry/Wolf-Moon/install/grid_map_core/lib:/home/sentry/Wolf-Moon/install/cv_bridge/lib:/opt/MVS/lib/64:/opt/MVS/lib/32:/usr/lib/x86_64-linux-gnu/gazebo-11/plugins:/opt/ros/galactic/opt/yaml_cpp_vendor/lib:/opt/ros/galactic/opt/rviz_ogre_vendor/lib:/opt/ros/galactic/lib/x86_64-linux-gnu:/opt/ros/galactic/lib:/home/sentry/TUP2024-Sentry-Framework/src/IG_LIO_SLAM/ThirdParty/octomap-Dynamic_point_cloud_removal/lib:/opt/intel/openvino_2022/tools/compile_tool:/opt/intel/openvino_2022/runtime/3rdparty/hddl/lib:/opt/intel/openvino_2022/runtime/lib/intel64:/opt/MVS/lib/64:/opt/MVS/lib/32:/opt/MVS/lib/64:/opt/MVS/lib/32:/usr/local/opencv4/lib PYTHONPATH=/home/sentry/Wolf-Moon/install/cv_bridge/lib/python3.8/site-packages:/opt/ros/galactic/lib/python3.8/site-packages:/opt/intel/openvino_2022/python/python3.8:/opt/intel/openvino_2022/python/python3 /usr/bin/cmake --install /home/sentry/Wolf-Moon/build/grid_map_cv
