make[2]: Warning: File '/home/sentry/Wolf-Moon/src/ThirdParty/navigation2/nav2_behavior_tree/plugins/decorator/goal_updated_controller.cpp' has modification time 178096 s in the future
make[2]: warning:  Clock skew detected.  Your build may be incomplete.
make[2]: Warning: File '/home/sentry/Wolf-Moon/src/ThirdParty/navigation2/nav2_behavior_tree/plugins/condition/goal_updated_condition.cpp' has modification time 178087 s in the future
make[2]: warning:  Clock skew detected.  Your build may be incomplete.
make[2]: Warning: File '/home/sentry/Wolf-Moon/src/ThirdParty/navigation2/nav2_behavior_tree/plugins/condition/is_stuck_condition.cpp' has modification time 178082 s in the future
make[2]: warning:  Clock skew detected.  Your build may be incomplete.
make[2]: Warning: File '/home/sentry/Wolf-Moon/src/ThirdParty/navigation2/nav2_behavior_tree/src/behavior_tree_engine.cpp' has modification time 178067 s in the future
make[2]: warning:  Clock skew detected.  Your build may be incomplete.
make[2]: Warning: File '/home/sentry/Wolf-Moon/src/ThirdParty/navigation2/nav2_behavior_tree/plugins/decorator/goal_updater_node.cpp' has modification time 178063 s in the future
make[2]: warning:  Clock skew detected.  Your build may be incomplete.
make[2]: Warning: File '/home/sentry/Wolf-Moon/src/ThirdParty/navigation2/nav2_behavior_tree/plugins/action/follow_path_action.cpp' has modification time 178050 s in the future
make[2]: warning:  Clock skew detected.  Your build may be incomplete.
make[2]: Warning: File '/home/sentry/Wolf-Moon/src/ThirdParty/navigation2/nav2_behavior_tree/plugins/condition/goal_reached_condition.cpp' has modification time 178042 s in the future
make[2]: warning:  Clock skew detected.  Your build may be incomplete.
make[2]: Warning: File '/home/sentry/Wolf-Moon/src/ThirdParty/navigation2/nav2_behavior_tree/plugins/control/round_robin_node.cpp' has modification time 178036 s in the future
make[2]: warning:  Clock skew detected.  Your build may be incomplete.
make[2]: Warning: File '/home/sentry/Wolf-Moon/src/ThirdParty/navigation2/nav2_behavior_tree/plugins/action/navigate_through_poses_action.cpp' has modification time 178035 s in the future
make[2]: warning:  Clock skew detected.  Your build may be incomplete.
make[2]: Warning: File '/home/sentry/Wolf-Moon/src/ThirdParty/navigation2/nav2_behavior_tree/plugins/action/remove_passed_goals_action.cpp' has modification time 178029 s in the future
make[2]: warning:  Clock skew detected.  Your build may be incomplete.
make[2]: Warning: File '/home/sentry/Wolf-Moon/src/ThirdParty/navigation2/nav2_behavior_tree/plugins/condition/initial_pose_received_condition.cpp' has modification time 178025 s in the future
make[2]: warning:  Clock skew detected.  Your build may be incomplete.
make[2]: Warning: File '/home/sentry/Wolf-Moon/src/ThirdParty/navigation2/nav2_behavior_tree/plugins/condition/time_expired_condition.cpp' has modification time 178023 s in the future
make[2]: warning:  Clock skew detected.  Your build may be incomplete.
make[2]: Warning: File '/home/sentry/Wolf-Moon/src/ThirdParty/navigation2/nav2_behavior_tree/plugins/condition/distance_traveled_condition.cpp' has modification time 178020 s in the future
make[2]: warning:  Clock skew detected.  Your build may be incomplete.
make[2]: Warning: File '/home/sentry/Wolf-Moon/src/ThirdParty/navigation2/nav2_behavior_tree/plugins/condition/is_battery_low_condition.cpp' has modification time 178014 s in the future
make[2]: warning:  Clock skew detected.  Your build may be incomplete.
make[2]: Warning: File '/home/sentry/Wolf-Moon/src/ThirdParty/navigation2/nav2_behavior_tree/plugins/action/reinitialize_global_localization_service.cpp' has modification time 178003 s in the future
make[2]: warning:  Clock skew detected.  Your build may be incomplete.
make[2]: Warning: File '/home/sentry/Wolf-Moon/src/ThirdParty/navigation2/nav2_behavior_tree/plugins/decorator/rate_controller.cpp' has modification time 177998 s in the future
make[2]: warning:  Clock skew detected.  Your build may be incomplete.
make[2]: Warning: File '/home/sentry/Wolf-Moon/src/ThirdParty/navigation2/nav2_behavior_tree/plugins/decorator/distance_controller.cpp' has modification time 177996 s in the future
make[2]: warning:  Clock skew detected.  Your build may be incomplete.
make[2]: Warning: File '/home/sentry/Wolf-Moon/src/ThirdParty/navigation2/nav2_behavior_tree/plugins/action/clear_costmap_service.cpp' has modification time 177991 s in the future
make[2]: warning:  Clock skew detected.  Your build may be incomplete.
make[2]: Warning: File '/home/sentry/Wolf-Moon/src/ThirdParty/navigation2/nav2_behavior_tree/plugins/decorator/speed_controller.cpp' has modification time 177985 s in the future
make[2]: warning:  Clock skew detected.  Your build may be incomplete.
make[2]: Warning: File '/home/sentry/Wolf-Moon/src/ThirdParty/navigation2/nav2_behavior_tree/plugins/action/truncate_path_action.cpp' has modification time 177981 s in the future
make[2]: warning:  Clock skew detected.  Your build may be incomplete.
make[2]: Warning: File '/home/sentry/Wolf-Moon/src/ThirdParty/navigation2/nav2_behavior_tree/plugins/action/navigate_to_pose_action.cpp' has modification time 177978 s in the future
make[2]: warning:  Clock skew detected.  Your build may be incomplete.
make[2]: Warning: File '/home/sentry/Wolf-Moon/src/ThirdParty/navigation2/nav2_behavior_tree/plugins/action/back_up_action.cpp' has modification time 177974 s in the future
make[2]: warning:  Clock skew detected.  Your build may be incomplete.
make[2]: Warning: File '/home/sentry/Wolf-Moon/src/ThirdParty/navigation2/nav2_behavior_tree/plugins/control/recovery_node.cpp' has modification time 177969 s in the future
make[2]: warning:  Clock skew detected.  Your build may be incomplete.
make[2]: Warning: File '/home/sentry/Wolf-Moon/src/ThirdParty/navigation2/nav2_behavior_tree/plugins/action/compute_path_to_pose_action.cpp' has modification time 177967 s in the future
make[2]: warning:  Clock skew detected.  Your build may be incomplete.
make[2]: Warning: File '/home/sentry/Wolf-Moon/src/ThirdParty/navigation2/nav2_behavior_tree/test/plugins/condition/test_distance_traveled.cpp' has modification time 177962 s in the future
make[2]: warning:  Clock skew detected.  Your build may be incomplete.
make[2]: Warning: File '/home/sentry/Wolf-Moon/src/ThirdParty/navigation2/nav2_behavior_tree/test/plugins/condition/test_time_expired.cpp' has modification time 177956 s in the future
make[2]: warning:  Clock skew detected.  Your build may be incomplete.
make[2]: Warning: File '/home/sentry/Wolf-Moon/src/ThirdParty/navigation2/nav2_behavior_tree/test/plugins/condition/test_goal_updated.cpp' has modification time 177950 s in the future
make[2]: warning:  Clock skew detected.  Your build may be incomplete.
make[2]: Warning: File '/home/sentry/Wolf-Moon/src/ThirdParty/navigation2/nav2_behavior_tree/test/plugins/condition/test_initial_pose_received.cpp' has modification time 177944 s in the future
make[2]: Warning: File '/home/sentry/Wolf-Moon/src/ThirdParty/navigation2/nav2_behavior_tree/test/plugins/condition/test_is_battery_low.cpp' has modification time 177939 s in the future
make[2]: Warning: File '/home/sentry/Wolf-Moon/src/ThirdParty/navigation2/nav2_behavior_tree/test/test_bt_conversions.cpp' has modification time 177938 s in the future
make[2]: warning:  Clock skew detected.  Your build may be incomplete.
make[2]: Warning: File '/home/sentry/Wolf-Moon/src/ThirdParty/navigation2/nav2_behavior_tree/plugins/action/compute_path_through_poses_action.cpp' has modification time 177937 s in the future
make[2]: Warning: File '/home/sentry/Wolf-Moon/src/ThirdParty/navigation2/nav2_behavior_tree/plugins/action/spin_action.cpp' has modification time 177937 s in the future
make[2]: Warning: File '/home/sentry/Wolf-Moon/src/ThirdParty/navigation2/nav2_behavior_tree/test/plugins/condition/test_is_stuck.cpp' has modification time 177936 s in the future
make[2]: Warning: File '/home/sentry/Wolf-Moon/src/ThirdParty/navigation2/nav2_behavior_tree/plugins/action/wait_action.cpp' has modification time 177935 s in the future
make[2]: warning:  Clock skew detected.  Your build may be incomplete.
make[2]: warning:  Clock skew detected.  Your build may be incomplete.
make[2]: warning:  Clock skew detected.  Your build may be incomplete.
make[2]: warning:  Clock skew detected.  Your build may be incomplete.
make[2]: warning:  Clock skew detected.  Your build may be incomplete.
make[2]: warning:  Clock skew detected.  Your build may be incomplete.
make[2]: Warning: File '/home/sentry/Wolf-Moon/src/ThirdParty/navigation2/nav2_behavior_tree/test/plugins/decorator/test_speed_controller.cpp' has modification time 177928 s in the future
make[2]: Warning: File '/home/sentry/Wolf-Moon/src/ThirdParty/navigation2/nav2_behavior_tree/test/plugins/decorator/test_distance_controller.cpp' has modification time 177926 s in the future
make[2]: Warning: File '/home/sentry/Wolf-Moon/src/ThirdParty/navigation2/nav2_behavior_tree/test/plugins/decorator/test_rate_controller.cpp' has modification time 177925 s in the future
make[2]: Warning: File '/home/sentry/Wolf-Moon/src/ThirdParty/navigation2/nav2_behavior_tree/test/plugins/decorator/test_goal_updated_controller.cpp' has modification time 177924 s in the future
make[2]: Warning: File '/home/sentry/Wolf-Moon/src/ThirdParty/navigation2/nav2_behavior_tree/test/plugins/decorator/test_goal_updater_node.cpp' has modification time 177923 s in the future
make[2]: Warning: File '/home/sentry/Wolf-Moon/src/ThirdParty/navigation2/nav2_behavior_tree/test/plugins/condition/test_goal_reached.cpp' has modification time 177922 s in the future
make[2]: Warning: File '/home/sentry/Wolf-Moon/src/ThirdParty/navigation2/nav2_behavior_tree/plugins/control/pipeline_sequence.cpp' has modification time 177921 s in the future
make[2]: warning:  Clock skew detected.  Your build may be incomplete.
make[2]: warning:  Clock skew detected.  Your build may be incomplete.
make[2]: warning:  Clock skew detected.  Your build may be incomplete.
make[2]: warning:  Clock skew detected.  Your build may be incomplete.
make[2]: warning:  Clock skew detected.  Your build may be incomplete.
make[2]: warning:  Clock skew detected.  Your build may be incomplete.
make[2]: warning:  Clock skew detected.  Your build may be incomplete.
make[2]: Warning: File '/home/sentry/Wolf-Moon/src/ThirdParty/navigation2/nav2_behavior_tree/test/plugins/action/test_wait_action.cpp' has modification time 177912 s in the future
make[2]: warning:  Clock skew detected.  Your build may be incomplete.
make[2]: Warning: File '/home/sentry/Wolf-Moon/src/ThirdParty/navigation2/nav2_behavior_tree/test/plugins/action/test_clear_costmap_service.cpp' has modification time 177906 s in the future
make[2]: warning:  Clock skew detected.  Your build may be incomplete.
make[2]: Warning: File '/home/sentry/Wolf-Moon/src/ThirdParty/navigation2/nav2_behavior_tree/test/plugins/action/test_reinitialize_global_localization_service.cpp' has modification time 177901 s in the future
make[2]: warning:  Clock skew detected.  Your build may be incomplete.
make[2]: Warning: File '/home/sentry/Wolf-Moon/src/ThirdParty/navigation2/nav2_behavior_tree/test/plugins/action/test_compute_path_to_pose_action.cpp' has modification time 177897 s in the future
make[2]: warning:  Clock skew detected.  Your build may be incomplete.
make[2]: Warning: File '/home/sentry/Wolf-Moon/src/ThirdParty/navigation2/nav2_behavior_tree/test/plugins/action/test_compute_path_through_poses_action.cpp' has modification time 177891 s in the future
make[2]: Warning: File '/home/sentry/Wolf-Moon/src/ThirdParty/navigation2/nav2_behavior_tree/test/plugins/action/test_back_up_action.cpp' has modification time 177889 s in the future
make[2]: Warning: File '/home/sentry/Wolf-Moon/src/ThirdParty/navigation2/nav2_behavior_tree/test/plugins/action/test_follow_path_action.cpp' has modification time 177889 s in the future
make[2]: Warning: File '/home/sentry/Wolf-Moon/src/ThirdParty/navigation2/nav2_behavior_tree/test/plugins/action/test_bt_action_node.cpp' has modification time 177888 s in the future
make[2]: Warning: File '/home/sentry/Wolf-Moon/src/ThirdParty/navigation2/nav2_behavior_tree/test/plugins/action/test_spin_action.cpp' has modification time 177887 s in the future
make[2]: Warning: File '/home/sentry/Wolf-Moon/src/ThirdParty/navigation2/nav2_behavior_tree/test/plugins/control/test_recovery_node.cpp' has modification time 177887 s in the future
make[2]: Warning: File '/home/sentry/Wolf-Moon/src/ThirdParty/navigation2/nav2_behavior_tree/test/plugins/control/test_round_robin_node.cpp' has modification time 177886 s in the future
make[2]: Warning: File '/home/sentry/Wolf-Moon/src/ThirdParty/navigation2/nav2_behavior_tree/plugins/decorator/single_trigger_node.cpp' has modification time 177885 s in the future
make[2]: Warning: File '/home/sentry/Wolf-Moon/src/ThirdParty/navigation2/nav2_behavior_tree/plugins/condition/transform_available_condition.cpp' has modification time 177885 s in the future
make[2]: warning:  Clock skew detected.  Your build may be incomplete.
make[2]: warning:  Clock skew detected.  Your build may be incomplete.
make[2]: warning:  Clock skew detected.  Your build may be incomplete.
make[2]: warning:  Clock skew detected.  Your build may be incomplete.
make[2]: warning:  Clock skew detected.  Your build may be incomplete.
make[2]: warning:  Clock skew detected.  Your build may be incomplete.
make[2]: warning:  Clock skew detected.  Your build may be incomplete.
make[2]: warning:  Clock skew detected.  Your build may be incomplete.
make[2]: warning:  Clock skew detected.  Your build may be incomplete.
make[2]: Warning: File '/home/sentry/Wolf-Moon/src/ThirdParty/navigation2/nav2_behavior_tree/test/plugins/control/test_pipeline_sequence.cpp' has modification time 177875 s in the future
make[2]: warning:  Clock skew detected.  Your build may be incomplete.
make[2]: Warning: File '/home/sentry/Wolf-Moon/src/ThirdParty/navigation2/nav2_behavior_tree/test/plugins/decorator/test_single_trigger_node.cpp' has modification time 177869 s in the future
make[2]: Warning: File '/home/sentry/Wolf-Moon/src/ThirdParty/navigation2/nav2_behavior_tree/test/plugins/condition/test_transform_available.cpp' has modification time 177869 s in the future
make[2]: Warning: File '/home/sentry/Wolf-Moon/src/ThirdParty/navigation2/nav2_behavior_tree/test/plugins/action/test_remove_passed_goals_action.cpp' has modification time 177869 s in the future
make[2]: warning:  Clock skew detected.  Your build may be incomplete.
make[2]: Warning: File '/home/sentry/Wolf-Moon/src/ThirdParty/navigation2/nav2_behavior_tree/test/plugins/action/test_navigate_to_pose_action.cpp' has modification time 177861 s in the future
make[2]: Warning: File '/home/sentry/Wolf-Moon/src/ThirdParty/navigation2/nav2_behavior_tree/test/plugins/action/test_truncate_path_action.cpp' has modification time 177861 s in the future
make[2]: warning:  Clock skew detected.  Your build may be incomplete.
make[2]: warning:  Clock skew detected.  Your build may be incomplete.
make[2]: warning:  Clock skew detected.  Your build may be incomplete.
make[2]: warning:  Clock skew detected.  Your build may be incomplete.
make[2]: Warning: File '/home/sentry/Wolf-Moon/src/ThirdParty/navigation2/nav2_behavior_tree/test/plugins/action/test_navigate_through_poses_action.cpp' has modification time 177853 s in the future
make[2]: warning:  Clock skew detected.  Your build may be incomplete.
make[2]: Warning: File '/home/sentry/Wolf-Moon/src/ThirdParty/navigation2/nav2_behavior_tree/plugins/action/planner_selector_node.cpp' has modification time 177848 s in the future
make[2]: warning:  Clock skew detected.  Your build may be incomplete.
make[2]: Warning: File '/home/sentry/Wolf-Moon/src/ThirdParty/navigation2/nav2_behavior_tree/plugins/action/controller_selector_node.cpp' has modification time 177840 s in the future
make[2]: Warning: File '/home/sentry/Wolf-Moon/src/ThirdParty/navigation2/nav2_behavior_tree/plugins/action/goal_checker_selector_node.cpp' has modification time 177840 s in the future
make[2]: warning:  Clock skew detected.  Your build may be incomplete.
make[2]: Warning: File '/home/sentry/Wolf-Moon/src/ThirdParty/navigation2/nav2_behavior_tree/test/plugins/action/test_planner_selector_node.cpp' has modification time 177832 s in the future
make[2]: Warning: File '/home/sentry/Wolf-Moon/src/ThirdParty/navigation2/nav2_behavior_tree/test/plugins/action/test_controller_selector_node.cpp' has modification time 177832 s in the future
make[2]: warning:  Clock skew detected.  Your build may be incomplete.
make[2]: Warning: File '/home/sentry/Wolf-Moon/src/ThirdParty/navigation2/nav2_behavior_tree/test/plugins/action/test_goal_checker_selector_node.cpp' has modification time 177829 s in the future
make[2]: warning:  Clock skew detected.  Your build may be incomplete.
make[2]: warning:  Clock skew detected.  Your build may be incomplete.
make[2]: warning:  Clock skew detected.  Your build may be incomplete.
