[0.033s] Invoking command in '/home/sentry/Wolf-Moon/build/nav2_behavior_tree': AMENT_PREFIX_PATH=/home/sentry/Wolf-Moon/install/nav2_util:/home/sentry/Wolf-Moon/install/nav2_msgs:/home/sentry/Wolf-Moon/install/nav2_common:${AMENT_PREFIX_PATH} CMAKE_PREFIX_PATH=/home/sentry/Wolf-Moon/install/nav2_util:/home/sentry/Wolf-Moon/install/nav2_msgs:/home/sentry/Wolf-Moon/install/nav2_common:/opt/ros/galactic LD_LIBRARY_PATH=/home/sentry/Wolf-Moon/install/nav2_util/lib:/home/sentry/Wolf-Moon/install/nav2_msgs/lib:/opt/MVS/lib/64:/opt/MVS/lib/32:/home/sentry/TUP2024-Sentry-Framework/src/IG_LIO_SLAM/ThirdParty/octomap-Dynamic_point_cloud_removal/lib:/opt/intel/openvino_2022/tools/compile_tool:/opt/intel/openvino_2022/runtime/3rdparty/hddl/lib:/opt/intel/openvino_2022/runtime/lib/intel64:/opt/MVS/lib/64:/opt/MVS/lib/32:/usr/lib/x86_64-linux-gnu/gazebo-11/plugins:/opt/ros/galactic/opt/yaml_cpp_vendor/lib:/opt/ros/galactic/opt/rviz_ogre_vendor/lib:/opt/ros/galactic/lib/x86_64-linux-gnu:/opt/ros/galactic/lib:/home/sentry/TUP2024-Sentry-Framework/src/IG_LIO_SLAM/ThirdParty/octomap-Dynamic_point_cloud_removal/lib:/opt/intel/openvino_2022/tools/compile_tool:/opt/intel/openvino_2022/runtime/3rdparty/hddl/lib:/opt/intel/openvino_2022/runtime/lib/intel64:/opt/MVS/lib/64:/opt/MVS/lib/32:/opt/MVS/lib/64:/opt/MVS/lib/32:/usr/local/opencv4/lib:/usr/local/opencv4/lib PYTHONPATH=/home/sentry/Wolf-Moon/install/nav2_msgs/lib/python3.8/site-packages:/home/sentry/Wolf-Moon/install/nav2_common/lib/python3.8/site-packages:/opt/intel/openvino_2022/python/python3.8:/opt/intel/openvino_2022/python/python3:/opt/ros/galactic/lib/python3.8/site-packages:/opt/intel/openvino_2022/python/python3.8:/opt/intel/openvino_2022/python/python3 /usr/bin/cmake --build /home/sentry/Wolf-Moon/build/nav2_behavior_tree -- -j12 -l12
[0.068s] -- Found ament_cmake: 1.1.6 (/opt/ros/galactic/share/ament_cmake/cmake)
[0.099s] -- Using PYTHON_EXECUTABLE: /usr/bin/python3
[0.205s] -- Found nav2_common: 1.0.12 (/home/sentry/Wolf-Moon/install/nav2_common/share/nav2_common/cmake)
[0.205s] -- Found rclcpp: 9.2.2 (/opt/ros/galactic/share/rclcpp/cmake)
[0.263s] -- Using all available rosidl_typesupport_c: rosidl_typesupport_fastrtps_c;rosidl_typesupport_introspection_c
[0.282s] -- Found rosidl_adapter: 2.2.3 (/opt/ros/galactic/share/rosidl_adapter/cmake)
[0.451s] -- Using all available rosidl_typesupport_cpp: rosidl_typesupport_fastrtps_cpp;rosidl_typesupport_introspection_cpp
[0.514s] -- Found rmw_implementation_cmake: 3.3.1 (/opt/ros/galactic/share/rmw_implementation_cmake/cmake)
[0.521s] -- Found rmw_cyclonedds_cpp: 0.22.6 (/opt/ros/galactic/share/rmw_cyclonedds_cpp/cmake)
[0.537s] -- Using RMW implementation 'rmw_cyclonedds_cpp' as default
[0.670s] -- Found rclcpp_action: 9.2.2 (/opt/ros/galactic/share/rclcpp_action/cmake)
[0.789s] -- Found rclcpp_lifecycle: 9.2.2 (/opt/ros/galactic/share/rclcpp_lifecycle/cmake)
[0.834s] -- Found geometry_msgs: 2.2.4 (/opt/ros/galactic/share/geometry_msgs/cmake)
[0.883s] -- Found sensor_msgs: 2.2.4 (/opt/ros/galactic/share/sensor_msgs/cmake)
[1.024s] -- Found nav2_msgs: 1.0.12 (/home/sentry/Wolf-Moon/install/nav2_msgs/share/nav2_msgs/cmake)
[1.596s] -- Found tf2_ros: 0.17.5 (/opt/ros/galactic/share/tf2_ros/cmake)
[2.062s] -- Found tf2_geometry_msgs: 0.17.5 (/opt/ros/galactic/share/tf2_geometry_msgs/cmake)
[2.075s] -- Found eigen3_cmake_module: 0.1.1 (/opt/ros/galactic/share/eigen3_cmake_module/cmake)
[2.146s] -- Found std_srvs: 2.2.4 (/opt/ros/galactic/share/std_srvs/cmake)
[2.175s] -- Found nav2_util: 1.0.12 (/home/sentry/Wolf-Moon/install/nav2_util/share/nav2_util/cmake)
[20.316s] -- Found ament_lint_auto: 0.10.7 (/opt/ros/galactic/share/ament_lint_auto/cmake)
[20.573s] -- Found gtest sources under '/opt/ros/galactic/src/gtest_vendor': C++ tests using 'Google Test' will be built
[39.205s] -- Added test 'copyright' to check source files copyright and LICENSE
[39.214s] -- Added test 'cppcheck' to perform static code analysis on C / C++ code
[39.220s] -- Configured cppcheck include dirs: /home/sentry/Wolf-Moon/src/ThirdParty/navigation2/nav2_behavior_tree/include
[39.221s] -- Configured cppcheck exclude dirs and/or files: 
[39.229s] -- Added test 'cpplint' to check C / C++ code against the Google style
[39.230s] -- Configured cpplint exclude dirs and/or files: 
[39.234s] -- Added test 'lint_cmake' to check CMake code style
[39.254s] -- Added test 'uncrustify' to check C / C++ code style
[39.255s] -- Configured uncrustify additional arguments: 
[39.257s] -- Added test 'xmllint' to check XML markup files
[39.269s] -- Configuring done
[42.773s] -- Generating done
[45.233s] -- Build files have been written to: /home/sentry/Wolf-Moon/build/nav2_behavior_tree
[45.414s] [35m[1mScanning dependencies of target nav2_goal_updated_controller_bt_node[0m
[45.552s] make[2]: Warning: File '/home/sentry/Wolf-Moon/src/ThirdParty/navigation2/nav2_behavior_tree/plugins/decorator/goal_updated_controller.cpp' has modification time 178096 s in the future
[45.614s] [  1%] [32mBuilding CXX object CMakeFiles/nav2_goal_updated_controller_bt_node.dir/plugins/decorator/goal_updated_controller.cpp.o[0m
[53.297s] [  1%] [32m[1mLinking CXX shared library libnav2_goal_updated_controller_bt_node.so[0m
[53.754s] make[2]: warning:  Clock skew detected.  Your build may be incomplete.
[53.783s] [  1%] Built target nav2_goal_updated_controller_bt_node
[53.814s] [35m[1mScanning dependencies of target nav2_goal_updated_condition_bt_node[0m
[53.843s] make[2]: Warning: File '/home/sentry/Wolf-Moon/src/ThirdParty/navigation2/nav2_behavior_tree/plugins/condition/goal_updated_condition.cpp' has modification time 178087 s in the future
[53.873s] [  2%] [32mBuilding CXX object CMakeFiles/nav2_goal_updated_condition_bt_node.dir/plugins/condition/goal_updated_condition.cpp.o[0m
[58.380s] [  3%] [32m[1mLinking CXX shared library libnav2_goal_updated_condition_bt_node.so[0m
[58.611s] make[2]: warning:  Clock skew detected.  Your build may be incomplete.
[58.646s] [  3%] Built target nav2_goal_updated_condition_bt_node
[58.693s] [35m[1mScanning dependencies of target nav2_is_stuck_condition_bt_node[0m
[58.781s] make[2]: Warning: File '/home/sentry/Wolf-Moon/src/ThirdParty/navigation2/nav2_behavior_tree/plugins/condition/is_stuck_condition.cpp' has modification time 178082 s in the future
[58.841s] [  3%] [32mBuilding CXX object CMakeFiles/nav2_is_stuck_condition_bt_node.dir/plugins/condition/is_stuck_condition.cpp.o[0m
[74.150s] [  4%] [32m[1mLinking CXX shared library libnav2_is_stuck_condition_bt_node.so[0m
[74.354s] make[2]: warning:  Clock skew detected.  Your build may be incomplete.
[74.362s] [  4%] Built target nav2_is_stuck_condition_bt_node
[74.380s] [35m[1mScanning dependencies of target nav2_behavior_tree[0m
[74.430s] make[2]: Warning: File '/home/sentry/Wolf-Moon/src/ThirdParty/navigation2/nav2_behavior_tree/src/behavior_tree_engine.cpp' has modification time 178067 s in the future
[74.466s] [  5%] [32mBuilding CXX object CMakeFiles/nav2_behavior_tree.dir/src/behavior_tree_engine.cpp.o[0m
[77.722s] [  5%] [32m[1mLinking CXX shared library libnav2_behavior_tree.so[0m
[77.906s] make[2]: warning:  Clock skew detected.  Your build may be incomplete.
[77.914s] [  5%] Built target nav2_behavior_tree
[77.928s] [35m[1mScanning dependencies of target nav2_goal_updater_node_bt_node[0m
[77.963s] make[2]: Warning: File '/home/sentry/Wolf-Moon/src/ThirdParty/navigation2/nav2_behavior_tree/plugins/decorator/goal_updater_node.cpp' has modification time 178063 s in the future
[77.984s] [  6%] [32mBuilding CXX object CMakeFiles/nav2_goal_updater_node_bt_node.dir/plugins/decorator/goal_updater_node.cpp.o[0m
[90.653s] [  7%] [32m[1mLinking CXX shared library libnav2_goal_updater_node_bt_node.so[0m
[90.841s] make[2]: warning:  Clock skew detected.  Your build may be incomplete.
[90.853s] [  7%] Built target nav2_goal_updater_node_bt_node
[90.872s] [35m[1mScanning dependencies of target nav2_follow_path_action_bt_node[0m
[90.945s] make[2]: Warning: File '/home/sentry/Wolf-Moon/src/ThirdParty/navigation2/nav2_behavior_tree/plugins/action/follow_path_action.cpp' has modification time 178050 s in the future
[90.964s] [  8%] [32mBuilding CXX object CMakeFiles/nav2_follow_path_action_bt_node.dir/plugins/action/follow_path_action.cpp.o[0m
[99.277s] [  8%] [32m[1mLinking CXX shared library libnav2_follow_path_action_bt_node.so[0m
[99.550s] make[2]: warning:  Clock skew detected.  Your build may be incomplete.
[99.565s] [  8%] Built target nav2_follow_path_action_bt_node
[99.582s] [35m[1mScanning dependencies of target nav2_goal_reached_condition_bt_node[0m
[99.601s] make[2]: Warning: File '/home/sentry/Wolf-Moon/src/ThirdParty/navigation2/nav2_behavior_tree/plugins/condition/goal_reached_condition.cpp' has modification time 178042 s in the future
[99.615s] [  9%] [32mBuilding CXX object CMakeFiles/nav2_goal_reached_condition_bt_node.dir/plugins/condition/goal_reached_condition.cpp.o[0m
[104.881s] [  9%] [32m[1mLinking CXX shared library libnav2_goal_reached_condition_bt_node.so[0m
[105.013s] make[2]: warning:  Clock skew detected.  Your build may be incomplete.
[105.019s] [  9%] Built target nav2_goal_reached_condition_bt_node
[105.027s] [35m[1mScanning dependencies of target nav2_round_robin_node_bt_node[0m
[105.031s] make[2]: Warning: File '/home/sentry/Wolf-Moon/src/ThirdParty/navigation2/nav2_behavior_tree/plugins/control/round_robin_node.cpp' has modification time 178036 s in the future
[105.042s] [  9%] [32mBuilding CXX object CMakeFiles/nav2_round_robin_node_bt_node.dir/plugins/control/round_robin_node.cpp.o[0m
[106.273s] [ 10%] [32m[1mLinking CXX shared library libnav2_round_robin_node_bt_node.so[0m
[106.371s] make[2]: warning:  Clock skew detected.  Your build may be incomplete.
[106.379s] [ 10%] Built target nav2_round_robin_node_bt_node
[106.390s] [35m[1mScanning dependencies of target nav2_navigate_through_poses_action_bt_node[0m
[106.407s] make[2]: Warning: File '/home/sentry/Wolf-Moon/src/ThirdParty/navigation2/nav2_behavior_tree/plugins/action/navigate_through_poses_action.cpp' has modification time 178035 s in the future
[106.422s] [ 11%] [32mBuilding CXX object CMakeFiles/nav2_navigate_through_poses_action_bt_node.dir/plugins/action/navigate_through_poses_action.cpp.o[0m
[112.077s] [ 11%] [32m[1mLinking CXX shared library libnav2_navigate_through_poses_action_bt_node.so[0m
[112.289s] make[2]: warning:  Clock skew detected.  Your build may be incomplete.
[112.295s] [ 11%] Built target nav2_navigate_through_poses_action_bt_node
[112.305s] [35m[1mScanning dependencies of target nav2_remove_passed_goals_action_bt_node[0m
[112.323s] make[2]: Warning: File '/home/sentry/Wolf-Moon/src/ThirdParty/navigation2/nav2_behavior_tree/plugins/action/remove_passed_goals_action.cpp' has modification time 178029 s in the future
[112.335s] [ 12%] [32mBuilding CXX object CMakeFiles/nav2_remove_passed_goals_action_bt_node.dir/plugins/action/remove_passed_goals_action.cpp.o[0m
[116.182s] [ 13%] [32m[1mLinking CXX shared library libnav2_remove_passed_goals_action_bt_node.so[0m
[116.327s] make[2]: warning:  Clock skew detected.  Your build may be incomplete.
[116.333s] [ 13%] Built target nav2_remove_passed_goals_action_bt_node
[116.343s] [35m[1mScanning dependencies of target nav2_initial_pose_received_condition_bt_node[0m
[116.347s] make[2]: Warning: File '/home/sentry/Wolf-Moon/src/ThirdParty/navigation2/nav2_behavior_tree/plugins/condition/initial_pose_received_condition.cpp' has modification time 178025 s in the future
[116.356s] [ 13%] [32mBuilding CXX object CMakeFiles/nav2_initial_pose_received_condition_bt_node.dir/plugins/condition/initial_pose_received_condition.cpp.o[0m
[118.033s] [ 14%] [32m[1mLinking CXX shared library libnav2_initial_pose_received_condition_bt_node.so[0m
[118.169s] make[2]: warning:  Clock skew detected.  Your build may be incomplete.
[118.180s] [ 14%] Built target nav2_initial_pose_received_condition_bt_node
[118.197s] [35m[1mScanning dependencies of target nav2_time_expired_condition_bt_node[0m
[118.220s] make[2]: Warning: File '/home/sentry/Wolf-Moon/src/ThirdParty/navigation2/nav2_behavior_tree/plugins/condition/time_expired_condition.cpp' has modification time 178023 s in the future
[118.232s] [ 15%] [32mBuilding CXX object CMakeFiles/nav2_time_expired_condition_bt_node.dir/plugins/condition/time_expired_condition.cpp.o[0m
[121.088s] [ 16%] [32m[1mLinking CXX shared library libnav2_time_expired_condition_bt_node.so[0m
[121.298s] make[2]: warning:  Clock skew detected.  Your build may be incomplete.
[121.309s] [ 16%] Built target nav2_time_expired_condition_bt_node
[121.336s] [35m[1mScanning dependencies of target nav2_distance_traveled_condition_bt_node[0m
[121.366s] make[2]: Warning: File '/home/sentry/Wolf-Moon/src/ThirdParty/navigation2/nav2_behavior_tree/plugins/condition/distance_traveled_condition.cpp' has modification time 178020 s in the future
[121.383s] [ 16%] [32mBuilding CXX object CMakeFiles/nav2_distance_traveled_condition_bt_node.dir/plugins/condition/distance_traveled_condition.cpp.o[0m
[126.933s] [ 17%] [32m[1mLinking CXX shared library libnav2_distance_traveled_condition_bt_node.so[0m
[127.100s] make[2]: warning:  Clock skew detected.  Your build may be incomplete.
[127.106s] [ 17%] Built target nav2_distance_traveled_condition_bt_node
[127.115s] [35m[1mScanning dependencies of target nav2_is_battery_low_condition_bt_node[0m
[127.128s] make[2]: Warning: File '/home/sentry/Wolf-Moon/src/ThirdParty/navigation2/nav2_behavior_tree/plugins/condition/is_battery_low_condition.cpp' has modification time 178014 s in the future
[127.142s] [ 18%] [32mBuilding CXX object CMakeFiles/nav2_is_battery_low_condition_bt_node.dir/plugins/condition/is_battery_low_condition.cpp.o[0m
[137.679s] [ 19%] [32m[1mLinking CXX shared library libnav2_is_battery_low_condition_bt_node.so[0m
[137.916s] make[2]: warning:  Clock skew detected.  Your build may be incomplete.
[137.927s] [ 19%] Built target nav2_is_battery_low_condition_bt_node
[137.944s] [35m[1mScanning dependencies of target nav2_reinitialize_global_localization_service_bt_node[0m
[137.971s] make[2]: Warning: File '/home/sentry/Wolf-Moon/src/ThirdParty/navigation2/nav2_behavior_tree/plugins/action/reinitialize_global_localization_service.cpp' has modification time 178003 s in the future
[137.985s] [ 19%] [32mBuilding CXX object CMakeFiles/nav2_reinitialize_global_localization_service_bt_node.dir/plugins/action/reinitialize_global_localization_service.cpp.o[0m
[143.485s] [ 20%] [32m[1mLinking CXX shared library libnav2_reinitialize_global_localization_service_bt_node.so[0m
[143.691s] make[2]: warning:  Clock skew detected.  Your build may be incomplete.
[143.702s] [ 20%] Built target nav2_reinitialize_global_localization_service_bt_node
[143.717s] [35m[1mScanning dependencies of target nav2_rate_controller_bt_node[0m
[143.723s] make[2]: Warning: File '/home/sentry/Wolf-Moon/src/ThirdParty/navigation2/nav2_behavior_tree/plugins/decorator/rate_controller.cpp' has modification time 177998 s in the future
[143.734s] [ 21%] [32mBuilding CXX object CMakeFiles/nav2_rate_controller_bt_node.dir/plugins/decorator/rate_controller.cpp.o[0m
[145.521s] [ 21%] [32m[1mLinking CXX shared library libnav2_rate_controller_bt_node.so[0m
[145.664s] make[2]: warning:  Clock skew detected.  Your build may be incomplete.
[145.675s] [ 21%] Built target nav2_rate_controller_bt_node
[145.692s] [35m[1mScanning dependencies of target nav2_distance_controller_bt_node[0m
[145.724s] make[2]: Warning: File '/home/sentry/Wolf-Moon/src/ThirdParty/navigation2/nav2_behavior_tree/plugins/decorator/distance_controller.cpp' has modification time 177996 s in the future
[145.741s] [ 22%] [32mBuilding CXX object CMakeFiles/nav2_distance_controller_bt_node.dir/plugins/decorator/distance_controller.cpp.o[0m
[149.804s] [ 23%] [32m[1mLinking CXX shared library libnav2_distance_controller_bt_node.so[0m
[149.939s] make[2]: warning:  Clock skew detected.  Your build may be incomplete.
[149.945s] [ 23%] Built target nav2_distance_controller_bt_node
[149.954s] [35m[1mScanning dependencies of target nav2_clear_costmap_service_bt_node[0m
[149.968s] make[2]: Warning: File '/home/sentry/Wolf-Moon/src/ThirdParty/navigation2/nav2_behavior_tree/plugins/action/clear_costmap_service.cpp' has modification time 177991 s in the future
[149.980s] [ 24%] [32mBuilding CXX object CMakeFiles/nav2_clear_costmap_service_bt_node.dir/plugins/action/clear_costmap_service.cpp.o[0m
[156.178s] [ 25%] [32m[1mLinking CXX shared library libnav2_clear_costmap_service_bt_node.so[0m
[156.364s] make[2]: warning:  Clock skew detected.  Your build may be incomplete.
[156.370s] [ 25%] Built target nav2_clear_costmap_service_bt_node
[156.379s] [35m[1mScanning dependencies of target nav2_speed_controller_bt_node[0m
[156.394s] make[2]: Warning: File '/home/sentry/Wolf-Moon/src/ThirdParty/navigation2/nav2_behavior_tree/plugins/decorator/speed_controller.cpp' has modification time 177985 s in the future
[156.407s] [ 25%] [32mBuilding CXX object CMakeFiles/nav2_speed_controller_bt_node.dir/plugins/decorator/speed_controller.cpp.o[0m
[159.738s] [ 26%] [32m[1mLinking CXX shared library libnav2_speed_controller_bt_node.so[0m
[159.869s] make[2]: warning:  Clock skew detected.  Your build may be incomplete.
[159.875s] [ 26%] Built target nav2_speed_controller_bt_node
[159.884s] [35m[1mScanning dependencies of target nav2_truncate_path_action_bt_node[0m
[159.901s] make[2]: Warning: File '/home/sentry/Wolf-Moon/src/ThirdParty/navigation2/nav2_behavior_tree/plugins/action/truncate_path_action.cpp' has modification time 177981 s in the future
[159.918s] [ 27%] [32mBuilding CXX object CMakeFiles/nav2_truncate_path_action_bt_node.dir/plugins/action/truncate_path_action.cpp.o[0m
[163.160s] [ 28%] [32m[1mLinking CXX shared library libnav2_truncate_path_action_bt_node.so[0m
[163.281s] make[2]: warning:  Clock skew detected.  Your build may be incomplete.
[163.287s] [ 28%] Built target nav2_truncate_path_action_bt_node
[163.295s] [35m[1mScanning dependencies of target nav2_navigate_to_pose_action_bt_node[0m
[163.310s] make[2]: Warning: File '/home/sentry/Wolf-Moon/src/ThirdParty/navigation2/nav2_behavior_tree/plugins/action/navigate_to_pose_action.cpp' has modification time 177978 s in the future
[163.323s] [ 29%] [32mBuilding CXX object CMakeFiles/nav2_navigate_to_pose_action_bt_node.dir/plugins/action/navigate_to_pose_action.cpp.o[0m
[167.591s] [ 30%] [32m[1mLinking CXX shared library libnav2_navigate_to_pose_action_bt_node.so[0m
[167.718s] make[2]: warning:  Clock skew detected.  Your build may be incomplete.
[167.724s] [ 30%] Built target nav2_navigate_to_pose_action_bt_node
[167.732s] [35m[1mScanning dependencies of target nav2_back_up_action_bt_node[0m
[167.747s] make[2]: Warning: File '/home/sentry/Wolf-Moon/src/ThirdParty/navigation2/nav2_behavior_tree/plugins/action/back_up_action.cpp' has modification time 177974 s in the future
[167.759s] [ 31%] [32mBuilding CXX object CMakeFiles/nav2_back_up_action_bt_node.dir/plugins/action/back_up_action.cpp.o[0m
[172.495s] [ 32%] [32m[1mLinking CXX shared library libnav2_back_up_action_bt_node.so[0m
[172.629s] make[2]: warning:  Clock skew detected.  Your build may be incomplete.
[172.640s] [ 32%] Built target nav2_back_up_action_bt_node
[172.654s] [35m[1mScanning dependencies of target nav2_recovery_node_bt_node[0m
[172.661s] make[2]: Warning: File '/home/sentry/Wolf-Moon/src/ThirdParty/navigation2/nav2_behavior_tree/plugins/control/recovery_node.cpp' has modification time 177969 s in the future
[172.672s] [ 33%] [32mBuilding CXX object CMakeFiles/nav2_recovery_node_bt_node.dir/plugins/control/recovery_node.cpp.o[0m
[174.342s] [ 34%] [32m[1mLinking CXX shared library libnav2_recovery_node_bt_node.so[0m
[174.425s] make[2]: warning:  Clock skew detected.  Your build may be incomplete.
[174.430s] [ 34%] Built target nav2_recovery_node_bt_node
[174.445s] [ 35%] Built target gtest
[174.459s] [ 36%] Built target gtest_main
[174.469s] [35m[1mScanning dependencies of target nav2_compute_path_to_pose_action_bt_node[0m
[174.484s] make[2]: Warning: File '/home/sentry/Wolf-Moon/src/ThirdParty/navigation2/nav2_behavior_tree/plugins/action/compute_path_to_pose_action.cpp' has modification time 177967 s in the future
[174.496s] [ 37%] [32mBuilding CXX object CMakeFiles/nav2_compute_path_to_pose_action_bt_node.dir/plugins/action/compute_path_to_pose_action.cpp.o[0m
[179.551s] [ 38%] [32m[1mLinking CXX shared library libnav2_compute_path_to_pose_action_bt_node.so[0m
[179.677s] make[2]: warning:  Clock skew detected.  Your build may be incomplete.
[179.683s] [ 38%] Built target nav2_compute_path_to_pose_action_bt_node
[179.693s] [35m[1mScanning dependencies of target test_condition_distance_traveled[0m
[179.710s] make[2]: Warning: File '/home/sentry/Wolf-Moon/src/ThirdParty/navigation2/nav2_behavior_tree/test/plugins/condition/test_distance_traveled.cpp' has modification time 177962 s in the future
[179.724s] [ 38%] [32mBuilding CXX object test/plugins/condition/CMakeFiles/test_condition_distance_traveled.dir/test_distance_traveled.cpp.o[0m
[185.059s] [ 39%] [32m[1mLinking CXX executable test_condition_distance_traveled[0m
[185.230s] make[2]: warning:  Clock skew detected.  Your build may be incomplete.
[185.240s] [ 39%] Built target test_condition_distance_traveled
[185.254s] [35m[1mScanning dependencies of target test_condition_time_expired[0m
[185.272s] make[2]: Warning: File '/home/sentry/Wolf-Moon/src/ThirdParty/navigation2/nav2_behavior_tree/test/plugins/condition/test_time_expired.cpp' has modification time 177956 s in the future
[185.282s] [ 40%] [32mBuilding CXX object test/plugins/condition/CMakeFiles/test_condition_time_expired.dir/test_time_expired.cpp.o[0m
[190.570s] [ 41%] [32m[1mLinking CXX executable test_condition_time_expired[0m
[190.856s] make[2]: warning:  Clock skew detected.  Your build may be incomplete.
[190.868s] [ 41%] Built target test_condition_time_expired
[190.885s] [35m[1mScanning dependencies of target test_condition_goal_updated[0m
[190.920s] make[2]: Warning: File '/home/sentry/Wolf-Moon/src/ThirdParty/navigation2/nav2_behavior_tree/test/plugins/condition/test_goal_updated.cpp' has modification time 177950 s in the future
[190.937s] [ 41%] [32mBuilding CXX object test/plugins/condition/CMakeFiles/test_condition_goal_updated.dir/test_goal_updated.cpp.o[0m
[196.560s] [ 42%] [32m[1mLinking CXX executable test_condition_goal_updated[0m
[196.847s] make[2]: warning:  Clock skew detected.  Your build may be incomplete.
[196.858s] [ 42%] Built target test_condition_goal_updated
[196.875s] [35m[1mScanning dependencies of target test_condition_initial_pose_received[0m
[196.911s] make[2]: Warning: File '/home/sentry/Wolf-Moon/src/ThirdParty/navigation2/nav2_behavior_tree/test/plugins/condition/test_initial_pose_received.cpp' has modification time 177944 s in the future
[196.928s] [ 43%] [32mBuilding CXX object test/plugins/condition/CMakeFiles/test_condition_initial_pose_received.dir/test_initial_pose_received.cpp.o[0m
[201.927s] [35m[1mScanning dependencies of target test_condition_is_battery_low[0m
[201.960s] make[2]: Warning: File '/home/sentry/Wolf-Moon/src/ThirdParty/navigation2/nav2_behavior_tree/test/plugins/condition/test_is_battery_low.cpp' has modification time 177939 s in the future
[201.978s] [ 44%] [32mBuilding CXX object test/plugins/condition/CMakeFiles/test_condition_is_battery_low.dir/test_is_battery_low.cpp.o[0m
[202.972s] [35m[1mScanning dependencies of target test_bt_conversions[0m
[202.984s] make[2]: Warning: File '/home/sentry/Wolf-Moon/src/ThirdParty/navigation2/nav2_behavior_tree/test/test_bt_conversions.cpp' has modification time 177938 s in the future
[202.998s] [ 45%] [32mBuilding CXX object test/CMakeFiles/test_bt_conversions.dir/test_bt_conversions.cpp.o[0m
[203.604s] [ 45%] [32m[1mLinking CXX executable test_condition_initial_pose_received[0m
[203.910s] make[2]: warning:  Clock skew detected.  Your build may be incomplete.
[203.922s] [ 45%] Built target test_condition_initial_pose_received
[203.928s] [35m[1mScanning dependencies of target nav2_compute_path_through_poses_action_bt_node[0m
[203.938s] [35m[1mScanning dependencies of target nav2_spin_action_bt_node[0m
[203.961s] make[2]: Warning: File '/home/sentry/Wolf-Moon/src/ThirdParty/navigation2/nav2_behavior_tree/plugins/action/compute_path_through_poses_action.cpp' has modification time 177937 s in the future
[203.968s] make[2]: Warning: File '/home/sentry/Wolf-Moon/src/ThirdParty/navigation2/nav2_behavior_tree/plugins/action/spin_action.cpp' has modification time 177937 s in the future
[203.979s] [ 45%] [32mBuilding CXX object CMakeFiles/nav2_compute_path_through_poses_action_bt_node.dir/plugins/action/compute_path_through_poses_action.cpp.o[0m
[203.986s] [ 46%] [32mBuilding CXX object CMakeFiles/nav2_spin_action_bt_node.dir/plugins/action/spin_action.cpp.o[0m
[204.983s] [35m[1mScanning dependencies of target test_condition_is_stuck[0m
[205.030s] make[2]: Warning: File '/home/sentry/Wolf-Moon/src/ThirdParty/navigation2/nav2_behavior_tree/test/plugins/condition/test_is_stuck.cpp' has modification time 177936 s in the future
[205.048s] [ 47%] [32mBuilding CXX object test/plugins/condition/CMakeFiles/test_condition_is_stuck.dir/test_is_stuck.cpp.o[0m
[206.046s] [35m[1mScanning dependencies of target nav2_wait_action_bt_node[0m
[206.078s] make[2]: Warning: File '/home/sentry/Wolf-Moon/src/ThirdParty/navigation2/nav2_behavior_tree/plugins/action/wait_action.cpp' has modification time 177935 s in the future
[206.095s] [ 48%] [32mBuilding CXX object CMakeFiles/nav2_wait_action_bt_node.dir/plugins/action/wait_action.cpp.o[0m
[208.415s] [ 49%] [32m[1mLinking CXX executable test_bt_conversions[0m
[208.729s] make[2]: warning:  Clock skew detected.  Your build may be incomplete.
[208.743s] [ 49%] Built target test_bt_conversions
[210.880s] [ 49%] [32m[1mLinking CXX shared library libnav2_spin_action_bt_node.so[0m
[211.119s] make[2]: warning:  Clock skew detected.  Your build may be incomplete.
[211.132s] [ 49%] Built target nav2_spin_action_bt_node
[211.667s] [ 49%] [32m[1mLinking CXX shared library libnav2_wait_action_bt_node.so[0m
[211.894s] make[2]: warning:  Clock skew detected.  Your build may be incomplete.
[211.904s] [ 49%] Built target nav2_wait_action_bt_node
[212.458s] [ 50%] [32m[1mLinking CXX executable test_condition_is_battery_low[0m
[212.698s] make[2]: warning:  Clock skew detected.  Your build may be incomplete.
[212.705s] [ 50%] Built target test_condition_is_battery_low
[212.724s] [ 50%] [32m[1mLinking CXX executable test_condition_is_stuck[0m
[212.915s] make[2]: warning:  Clock skew detected.  Your build may be incomplete.
[212.921s] [ 50%] Built target test_condition_is_stuck
[213.127s] [ 51%] [32m[1mLinking CXX shared library libnav2_compute_path_through_poses_action_bt_node.so[0m
[213.265s] make[2]: warning:  Clock skew detected.  Your build may be incomplete.
[213.270s] [ 51%] Built target nav2_compute_path_through_poses_action_bt_node
[213.280s] [35m[1mScanning dependencies of target test_decorator_speed_controller[0m
[213.300s] make[2]: Warning: File '/home/sentry/Wolf-Moon/src/ThirdParty/navigation2/nav2_behavior_tree/test/plugins/decorator/test_speed_controller.cpp' has modification time 177928 s in the future
[213.314s] [ 52%] [32mBuilding CXX object test/plugins/decorator/CMakeFiles/test_decorator_speed_controller.dir/test_speed_controller.cpp.o[0m
[215.317s] [35m[1mScanning dependencies of target test_decorator_distance_controller[0m
[215.356s] make[2]: Warning: File '/home/sentry/Wolf-Moon/src/ThirdParty/navigation2/nav2_behavior_tree/test/plugins/decorator/test_distance_controller.cpp' has modification time 177926 s in the future
[215.374s] [ 53%] [32mBuilding CXX object test/plugins/decorator/CMakeFiles/test_decorator_distance_controller.dir/test_distance_controller.cpp.o[0m
[216.368s] [35m[1mScanning dependencies of target test_decorator_rate_controller[0m
[216.404s] make[2]: Warning: File '/home/sentry/Wolf-Moon/src/ThirdParty/navigation2/nav2_behavior_tree/test/plugins/decorator/test_rate_controller.cpp' has modification time 177925 s in the future
[216.421s] [ 54%] [32mBuilding CXX object test/plugins/decorator/CMakeFiles/test_decorator_rate_controller.dir/test_rate_controller.cpp.o[0m
[217.418s] [35m[1mScanning dependencies of target test_goal_updated_controller[0m
[217.461s] make[2]: Warning: File '/home/sentry/Wolf-Moon/src/ThirdParty/navigation2/nav2_behavior_tree/test/plugins/decorator/test_goal_updated_controller.cpp' has modification time 177924 s in the future
[217.482s] [ 55%] [32mBuilding CXX object test/plugins/decorator/CMakeFiles/test_goal_updated_controller.dir/test_goal_updated_controller.cpp.o[0m
[218.479s] [35m[1mScanning dependencies of target test_goal_updater_node[0m
[218.513s] make[2]: Warning: File '/home/sentry/Wolf-Moon/src/ThirdParty/navigation2/nav2_behavior_tree/test/plugins/decorator/test_goal_updater_node.cpp' has modification time 177923 s in the future
[218.532s] [ 56%] [32mBuilding CXX object test/plugins/decorator/CMakeFiles/test_goal_updater_node.dir/test_goal_updater_node.cpp.o[0m
[219.527s] [35m[1mScanning dependencies of target test_condition_goal_reached[0m
[219.577s] make[2]: Warning: File '/home/sentry/Wolf-Moon/src/ThirdParty/navigation2/nav2_behavior_tree/test/plugins/condition/test_goal_reached.cpp' has modification time 177922 s in the future
[219.607s] [ 57%] [32mBuilding CXX object test/plugins/condition/CMakeFiles/test_condition_goal_reached.dir/test_goal_reached.cpp.o[0m
[220.587s] [35m[1mScanning dependencies of target nav2_pipeline_sequence_bt_node[0m
[220.599s] make[2]: Warning: File '/home/sentry/Wolf-Moon/src/ThirdParty/navigation2/nav2_behavior_tree/plugins/control/pipeline_sequence.cpp' has modification time 177921 s in the future
[220.611s] [ 58%] [32mBuilding CXX object CMakeFiles/nav2_pipeline_sequence_bt_node.dir/plugins/control/pipeline_sequence.cpp.o[0m
[221.500s] [ 58%] [32m[1mLinking CXX executable test_decorator_speed_controller[0m
[221.893s] make[2]: warning:  Clock skew detected.  Your build may be incomplete.
[221.906s] [ 58%] Built target test_decorator_speed_controller
[222.404s] [ 58%] [32m[1mLinking CXX shared library libnav2_pipeline_sequence_bt_node.so[0m
[222.572s] make[2]: warning:  Clock skew detected.  Your build may be incomplete.
[222.585s] [ 58%] Built target nav2_pipeline_sequence_bt_node
[224.855s] [ 59%] [32m[1mLinking CXX executable test_decorator_rate_controller[0m
[225.064s] make[2]: warning:  Clock skew detected.  Your build may be incomplete.
[225.073s] [ 59%] Built target test_decorator_rate_controller
[225.895s] [ 59%] [32m[1mLinking CXX executable test_decorator_distance_controller[0m
[226.212s] make[2]: warning:  Clock skew detected.  Your build may be incomplete.
[226.222s] [ 59%] Built target test_decorator_distance_controller
[227.137s] [ 59%] [32m[1mLinking CXX executable test_goal_updated_controller[0m
[227.460s] make[2]: warning:  Clock skew detected.  Your build may be incomplete.
[227.472s] [ 59%] Built target test_goal_updated_controller
[228.275s] [ 60%] [32m[1mLinking CXX executable test_goal_updater_node[0m
[228.546s] make[2]: warning:  Clock skew detected.  Your build may be incomplete.
[228.556s] [ 60%] Built target test_goal_updater_node
[229.362s] [ 61%] [32m[1mLinking CXX executable test_condition_goal_reached[0m
[229.540s] make[2]: warning:  Clock skew detected.  Your build may be incomplete.
[229.546s] [ 61%] Built target test_condition_goal_reached
[229.555s] [35m[1mScanning dependencies of target test_action_wait_action[0m
[229.570s] make[2]: Warning: File '/home/sentry/Wolf-Moon/src/ThirdParty/navigation2/nav2_behavior_tree/test/plugins/action/test_wait_action.cpp' has modification time 177912 s in the future
[229.580s] [ 62%] [32mBuilding CXX object test/plugins/action/CMakeFiles/test_action_wait_action.dir/test_wait_action.cpp.o[0m
[234.881s] [ 63%] [32m[1mLinking CXX executable test_action_wait_action[0m
[235.038s] make[2]: warning:  Clock skew detected.  Your build may be incomplete.
[235.044s] [ 63%] Built target test_action_wait_action
[235.053s] [35m[1mScanning dependencies of target test_action_clear_costmap_service[0m
[235.068s] make[2]: Warning: File '/home/sentry/Wolf-Moon/src/ThirdParty/navigation2/nav2_behavior_tree/test/plugins/action/test_clear_costmap_service.cpp' has modification time 177906 s in the future
[235.080s] [ 63%] [32mBuilding CXX object test/plugins/action/CMakeFiles/test_action_clear_costmap_service.dir/test_clear_costmap_service.cpp.o[0m
[239.988s] [ 64%] [32m[1mLinking CXX executable test_action_clear_costmap_service[0m
[240.145s] make[2]: warning:  Clock skew detected.  Your build may be incomplete.
[240.151s] [ 64%] Built target test_action_clear_costmap_service
[240.159s] [35m[1mScanning dependencies of target test_action_reinitialize_global_localization_service[0m
[240.173s] make[2]: Warning: File '/home/sentry/Wolf-Moon/src/ThirdParty/navigation2/nav2_behavior_tree/test/plugins/action/test_reinitialize_global_localization_service.cpp' has modification time 177901 s in the future
[240.186s] [ 65%] [32mBuilding CXX object test/plugins/action/CMakeFiles/test_action_reinitialize_global_localization_service.dir/test_reinitialize_global_localization_service.cpp.o[0m
[244.025s] [ 66%] [32m[1mLinking CXX executable test_action_reinitialize_global_localization_service[0m
[244.197s] make[2]: warning:  Clock skew detected.  Your build may be incomplete.
[244.203s] [ 66%] Built target test_action_reinitialize_global_localization_service
[244.212s] [35m[1mScanning dependencies of target test_action_compute_path_to_pose_action[0m
[244.227s] make[2]: Warning: File '/home/sentry/Wolf-Moon/src/ThirdParty/navigation2/nav2_behavior_tree/test/plugins/action/test_compute_path_to_pose_action.cpp' has modification time 177897 s in the future
[244.241s] [ 66%] [32mBuilding CXX object test/plugins/action/CMakeFiles/test_action_compute_path_to_pose_action.dir/test_compute_path_to_pose_action.cpp.o[0m
[249.628s] [ 67%] [32m[1mLinking CXX executable test_action_compute_path_to_pose_action[0m
[249.783s] make[2]: warning:  Clock skew detected.  Your build may be incomplete.
[249.789s] [ 67%] Built target test_action_compute_path_to_pose_action
[249.798s] [35m[1mScanning dependencies of target test_action_compute_path_through_poses_action[0m
[249.814s] make[2]: Warning: File '/home/sentry/Wolf-Moon/src/ThirdParty/navigation2/nav2_behavior_tree/test/plugins/action/test_compute_path_through_poses_action.cpp' has modification time 177891 s in the future
[249.828s] [ 68%] [32mBuilding CXX object test/plugins/action/CMakeFiles/test_action_compute_path_through_poses_action.dir/test_compute_path_through_poses_action.cpp.o[0m
[251.830s] [35m[1mScanning dependencies of target test_action_back_up_action[0m
[251.830s] [35m[1mScanning dependencies of target test_action_follow_path_action[0m
[251.864s] make[2]: Warning: File '/home/sentry/Wolf-Moon/src/ThirdParty/navigation2/nav2_behavior_tree/test/plugins/action/test_back_up_action.cpp' has modification time 177889 s in the future
[251.864s] make[2]: Warning: File '/home/sentry/Wolf-Moon/src/ThirdParty/navigation2/nav2_behavior_tree/test/plugins/action/test_follow_path_action.cpp' has modification time 177889 s in the future
[251.887s] [ 70%] [32mBuilding CXX object test/plugins/action/CMakeFiles/test_action_back_up_action.dir/test_back_up_action.cpp.o[0m
[251.887s] [ 70%] [32mBuilding CXX object test/plugins/action/CMakeFiles/test_action_follow_path_action.dir/test_follow_path_action.cpp.o[0m
[252.880s] [35m[1mScanning dependencies of target test_bt_action_node[0m
[252.923s] make[2]: Warning: File '/home/sentry/Wolf-Moon/src/ThirdParty/navigation2/nav2_behavior_tree/test/plugins/action/test_bt_action_node.cpp' has modification time 177888 s in the future
[252.942s] [ 70%] [32mBuilding CXX object test/plugins/action/CMakeFiles/test_bt_action_node.dir/test_bt_action_node.cpp.o[0m
[253.936s] [35m[1mScanning dependencies of target test_action_spin_action[0m
[253.936s] [35m[1mScanning dependencies of target test_control_recovery_node[0m
[253.977s] make[2]: Warning: File '/home/sentry/Wolf-Moon/src/ThirdParty/navigation2/nav2_behavior_tree/test/plugins/action/test_spin_action.cpp' has modification time 177887 s in the future
[253.985s] make[2]: Warning: File '/home/sentry/Wolf-Moon/src/ThirdParty/navigation2/nav2_behavior_tree/test/plugins/control/test_recovery_node.cpp' has modification time 177887 s in the future
[254.002s] [ 71%] [32mBuilding CXX object test/plugins/action/CMakeFiles/test_action_spin_action.dir/test_spin_action.cpp.o[0m
[254.003s] [ 71%] [32mBuilding CXX object test/plugins/control/CMakeFiles/test_control_recovery_node.dir/test_recovery_node.cpp.o[0m
[255.007s] [35m[1mScanning dependencies of target test_control_round_robin_node[0m
[255.051s] make[2]: Warning: File '/home/sentry/Wolf-Moon/src/ThirdParty/navigation2/nav2_behavior_tree/test/plugins/control/test_round_robin_node.cpp' has modification time 177886 s in the future
[255.070s] [ 72%] [32mBuilding CXX object test/plugins/control/CMakeFiles/test_control_round_robin_node.dir/test_round_robin_node.cpp.o[0m
[256.108s] [35m[1mScanning dependencies of target nav2_transform_available_condition_bt_node[0m
[256.121s] [35m[1mScanning dependencies of target nav2_single_trigger_bt_node[0m
[256.139s] make[2]: Warning: File '/home/sentry/Wolf-Moon/src/ThirdParty/navigation2/nav2_behavior_tree/plugins/decorator/single_trigger_node.cpp' has modification time 177885 s in the future
[256.161s] [ 73%] [32mBuilding CXX object CMakeFiles/nav2_single_trigger_bt_node.dir/plugins/decorator/single_trigger_node.cpp.o[0m
[256.170s] make[2]: Warning: File '/home/sentry/Wolf-Moon/src/ThirdParty/navigation2/nav2_behavior_tree/plugins/condition/transform_available_condition.cpp' has modification time 177885 s in the future
[256.237s] [ 74%] [32mBuilding CXX object CMakeFiles/nav2_transform_available_condition_bt_node.dir/plugins/condition/transform_available_condition.cpp.o[0m
[256.582s] [ 75%] [32m[1mLinking CXX executable test_action_compute_path_through_poses_action[0m
[257.014s] make[2]: warning:  Clock skew detected.  Your build may be incomplete.
[257.069s] [ 75%] Built target test_action_compute_path_through_poses_action
[258.554s] [ 76%] [32m[1mLinking CXX shared library libnav2_single_trigger_bt_node.so[0m
[258.734s] make[2]: warning:  Clock skew detected.  Your build may be incomplete.
[258.773s] [ 76%] Built target nav2_single_trigger_bt_node
[262.924s] [ 76%] [32m[1mLinking CXX shared library libnav2_transform_available_condition_bt_node.so[0m
[263.176s] make[2]: warning:  Clock skew detected.  Your build may be incomplete.
[263.190s] [ 76%] Built target nav2_transform_available_condition_bt_node
[263.520s] [ 77%] [32m[1mLinking CXX executable test_action_back_up_action[0m
[263.567s] [ 77%] [32m[1mLinking CXX executable test_action_follow_path_action[0m
[263.587s] [ 78%] [32m[1mLinking CXX executable test_control_recovery_node[0m
[263.763s] make[2]: warning:  Clock skew detected.  Your build may be incomplete.
[263.774s] [ 78%] Built target test_action_back_up_action
[263.952s] make[2]: warning:  Clock skew detected.  Your build may be incomplete.
[263.968s] [ 78%] Built target test_action_follow_path_action
[264.004s] make[2]: warning:  Clock skew detected.  Your build may be incomplete.
[264.015s] [ 78%] Built target test_control_recovery_node
[265.169s] [ 78%] [32m[1mLinking CXX executable test_action_spin_action[0m
[265.450s] make[2]: warning:  Clock skew detected.  Your build may be incomplete.
[265.461s] [ 78%] Built target test_action_spin_action
[265.769s] [ 79%] [32m[1mLinking CXX executable test_control_round_robin_node[0m
[266.062s] make[2]: warning:  Clock skew detected.  Your build may be incomplete.
[266.073s] [ 79%] Built target test_control_round_robin_node
[266.130s] [ 80%] [32m[1mLinking CXX executable test_bt_action_node[0m
[266.297s] make[2]: warning:  Clock skew detected.  Your build may be incomplete.
[266.303s] [ 80%] Built target test_bt_action_node
[266.319s] [35m[1mScanning dependencies of target test_control_pipeline_sequence[0m
[266.352s] make[2]: Warning: File '/home/sentry/Wolf-Moon/src/ThirdParty/navigation2/nav2_behavior_tree/test/plugins/control/test_pipeline_sequence.cpp' has modification time 177875 s in the future
[266.367s] [ 81%] [32mBuilding CXX object test/plugins/control/CMakeFiles/test_control_pipeline_sequence.dir/test_pipeline_sequence.cpp.o[0m
[271.905s] [ 82%] [32m[1mLinking CXX executable test_control_pipeline_sequence[0m
[272.083s] make[2]: warning:  Clock skew detected.  Your build may be incomplete.
[272.091s] [ 82%] Built target test_control_pipeline_sequence
[272.106s] [35m[1mScanning dependencies of target test_single_trigger_node[0m
[272.113s] [35m[1mScanning dependencies of target test_condition_transform_available[0m
[272.118s] [35m[1mScanning dependencies of target test_remove_passed_goals_action[0m
[272.141s] make[2]: Warning: File '/home/sentry/Wolf-Moon/src/ThirdParty/navigation2/nav2_behavior_tree/test/plugins/decorator/test_single_trigger_node.cpp' has modification time 177869 s in the future
[272.153s] make[2]: Warning: File '/home/sentry/Wolf-Moon/src/ThirdParty/navigation2/nav2_behavior_tree/test/plugins/condition/test_transform_available.cpp' has modification time 177869 s in the future
[272.162s] [ 82%] [32mBuilding CXX object test/plugins/decorator/CMakeFiles/test_single_trigger_node.dir/test_single_trigger_node.cpp.o[0m
[272.163s] make[2]: Warning: File '/home/sentry/Wolf-Moon/src/ThirdParty/navigation2/nav2_behavior_tree/test/plugins/action/test_remove_passed_goals_action.cpp' has modification time 177869 s in the future
[272.180s] [ 82%] [32mBuilding CXX object test/plugins/condition/CMakeFiles/test_condition_transform_available.dir/test_transform_available.cpp.o[0m
[272.181s] [ 83%] [32mBuilding CXX object test/plugins/action/CMakeFiles/test_remove_passed_goals_action.dir/test_remove_passed_goals_action.cpp.o[0m
[279.583s] [ 84%] [32m[1mLinking CXX executable test_single_trigger_node[0m
[279.897s] make[2]: warning:  Clock skew detected.  Your build may be incomplete.
[279.909s] [ 84%] Built target test_single_trigger_node
[279.929s] [35m[1mScanning dependencies of target test_action_navigate_to_pose_action[0m
[279.933s] [35m[1mScanning dependencies of target test_truncate_path_action[0m
[279.965s] make[2]: Warning: File '/home/sentry/Wolf-Moon/src/ThirdParty/navigation2/nav2_behavior_tree/test/plugins/action/test_navigate_to_pose_action.cpp' has modification time 177861 s in the future
[279.971s] make[2]: Warning: File '/home/sentry/Wolf-Moon/src/ThirdParty/navigation2/nav2_behavior_tree/test/plugins/action/test_truncate_path_action.cpp' has modification time 177861 s in the future
[279.982s] [ 85%] [32mBuilding CXX object test/plugins/action/CMakeFiles/test_action_navigate_to_pose_action.dir/test_navigate_to_pose_action.cpp.o[0m
[279.989s] [ 86%] [32mBuilding CXX object test/plugins/action/CMakeFiles/test_truncate_path_action.dir/test_truncate_path_action.cpp.o[0m
[281.445s] [ 87%] [32m[1mLinking CXX executable test_condition_transform_available[0m
[281.654s] make[2]: warning:  Clock skew detected.  Your build may be incomplete.
[281.661s] [ 87%] Built target test_condition_transform_available
[282.861s] [ 88%] [32m[1mLinking CXX executable test_remove_passed_goals_action[0m
[283.054s] make[2]: warning:  Clock skew detected.  Your build may be incomplete.
[283.060s] [ 88%] Built target test_remove_passed_goals_action
[285.488s] [ 89%] [32m[1mLinking CXX executable test_truncate_path_action[0m
[285.641s] make[2]: warning:  Clock skew detected.  Your build may be incomplete.
[285.647s] [ 89%] Built target test_truncate_path_action
[287.675s] [ 89%] [32m[1mLinking CXX executable test_action_navigate_to_pose_action[0m
[287.837s] make[2]: warning:  Clock skew detected.  Your build may be incomplete.
[287.846s] [ 89%] Built target test_action_navigate_to_pose_action
[287.858s] [35m[1mScanning dependencies of target test_action_navigate_through_poses_action[0m
[287.875s] make[2]: Warning: File '/home/sentry/Wolf-Moon/src/ThirdParty/navigation2/nav2_behavior_tree/test/plugins/action/test_navigate_through_poses_action.cpp' has modification time 177853 s in the future
[287.886s] [ 90%] [32mBuilding CXX object test/plugins/action/CMakeFiles/test_action_navigate_through_poses_action.dir/test_navigate_through_poses_action.cpp.o[0m
[292.922s] [ 91%] [32m[1mLinking CXX executable test_action_navigate_through_poses_action[0m
[293.079s] make[2]: warning:  Clock skew detected.  Your build may be incomplete.
[293.085s] [ 91%] Built target test_action_navigate_through_poses_action
[293.093s] [35m[1mScanning dependencies of target nav2_planner_selector_bt_node[0m
[293.105s] make[2]: Warning: File '/home/sentry/Wolf-Moon/src/ThirdParty/navigation2/nav2_behavior_tree/plugins/action/planner_selector_node.cpp' has modification time 177848 s in the future
[293.118s] [ 92%] [32mBuilding CXX object CMakeFiles/nav2_planner_selector_bt_node.dir/plugins/action/planner_selector_node.cpp.o[0m
[300.728s] [ 93%] [32m[1mLinking CXX shared library libnav2_planner_selector_bt_node.so[0m
[300.863s] make[2]: warning:  Clock skew detected.  Your build may be incomplete.
[300.870s] [ 93%] Built target nav2_planner_selector_bt_node
[300.884s] [35m[1mScanning dependencies of target nav2_controller_selector_bt_node[0m
[300.886s] [35m[1mScanning dependencies of target nav2_goal_checker_selector_bt_node[0m
[300.901s] make[2]: Warning: File '/home/sentry/Wolf-Moon/src/ThirdParty/navigation2/nav2_behavior_tree/plugins/action/controller_selector_node.cpp' has modification time 177840 s in the future
[300.912s] make[2]: Warning: File '/home/sentry/Wolf-Moon/src/ThirdParty/navigation2/nav2_behavior_tree/plugins/action/goal_checker_selector_node.cpp' has modification time 177840 s in the future
[300.915s] [ 93%] [32mBuilding CXX object CMakeFiles/nav2_controller_selector_bt_node.dir/plugins/action/controller_selector_node.cpp.o[0m
[300.925s] [ 94%] [32mBuilding CXX object CMakeFiles/nav2_goal_checker_selector_bt_node.dir/plugins/action/goal_checker_selector_node.cpp.o[0m
[308.785s] [ 95%] [32m[1mLinking CXX shared library libnav2_controller_selector_bt_node.so[0m
[308.916s] make[2]: warning:  Clock skew detected.  Your build may be incomplete.
[308.922s] [ 95%] Built target nav2_controller_selector_bt_node
[308.931s] [35m[1mScanning dependencies of target test_planner_selector_node[0m
[308.938s] [35m[1mScanning dependencies of target test_controller_selector_node[0m
[308.948s] make[2]: Warning: File '/home/sentry/Wolf-Moon/src/ThirdParty/navigation2/nav2_behavior_tree/test/plugins/action/test_planner_selector_node.cpp' has modification time 177832 s in the future
[308.961s] [ 95%] [32mBuilding CXX object test/plugins/action/CMakeFiles/test_planner_selector_node.dir/test_planner_selector_node.cpp.o[0m
[308.969s] make[2]: Warning: File '/home/sentry/Wolf-Moon/src/ThirdParty/navigation2/nav2_behavior_tree/test/plugins/action/test_controller_selector_node.cpp' has modification time 177832 s in the future
[308.985s] [ 95%] [32mBuilding CXX object test/plugins/action/CMakeFiles/test_controller_selector_node.dir/test_controller_selector_node.cpp.o[0m
[311.678s] [ 96%] [32m[1mLinking CXX shared library libnav2_goal_checker_selector_bt_node.so[0m
[311.905s] make[2]: warning:  Clock skew detected.  Your build may be incomplete.
[311.915s] [ 96%] Built target nav2_goal_checker_selector_bt_node
[311.932s] [35m[1mScanning dependencies of target test_goal_checker_selector_node[0m
[311.964s] make[2]: Warning: File '/home/sentry/Wolf-Moon/src/ThirdParty/navigation2/nav2_behavior_tree/test/plugins/action/test_goal_checker_selector_node.cpp' has modification time 177829 s in the future
[311.980s] [ 97%] [32mBuilding CXX object test/plugins/action/CMakeFiles/test_goal_checker_selector_node.dir/test_goal_checker_selector_node.cpp.o[0m
[314.152s] [ 98%] [32m[1mLinking CXX executable test_planner_selector_node[0m
[314.327s] make[2]: warning:  Clock skew detected.  Your build may be incomplete.
[314.339s] [ 98%] Built target test_planner_selector_node
[314.789s] [ 99%] [32m[1mLinking CXX executable test_controller_selector_node[0m
[315.058s] make[2]: warning:  Clock skew detected.  Your build may be incomplete.
[315.069s] [ 99%] Built target test_controller_selector_node
[317.892s] [100%] [32m[1mLinking CXX executable test_goal_checker_selector_node[0m
[318.044s] make[2]: warning:  Clock skew detected.  Your build may be incomplete.
[318.050s] [100%] Built target test_goal_checker_selector_node
[318.059s] Invoked command in '/home/sentry/Wolf-Moon/build/nav2_behavior_tree' returned '0': AMENT_PREFIX_PATH=/home/sentry/Wolf-Moon/install/nav2_util:/home/sentry/Wolf-Moon/install/nav2_msgs:/home/sentry/Wolf-Moon/install/nav2_common:${AMENT_PREFIX_PATH} CMAKE_PREFIX_PATH=/home/sentry/Wolf-Moon/install/nav2_util:/home/sentry/Wolf-Moon/install/nav2_msgs:/home/sentry/Wolf-Moon/install/nav2_common:/opt/ros/galactic LD_LIBRARY_PATH=/home/sentry/Wolf-Moon/install/nav2_util/lib:/home/sentry/Wolf-Moon/install/nav2_msgs/lib:/opt/MVS/lib/64:/opt/MVS/lib/32:/home/sentry/TUP2024-Sentry-Framework/src/IG_LIO_SLAM/ThirdParty/octomap-Dynamic_point_cloud_removal/lib:/opt/intel/openvino_2022/tools/compile_tool:/opt/intel/openvino_2022/runtime/3rdparty/hddl/lib:/opt/intel/openvino_2022/runtime/lib/intel64:/opt/MVS/lib/64:/opt/MVS/lib/32:/usr/lib/x86_64-linux-gnu/gazebo-11/plugins:/opt/ros/galactic/opt/yaml_cpp_vendor/lib:/opt/ros/galactic/opt/rviz_ogre_vendor/lib:/opt/ros/galactic/lib/x86_64-linux-gnu:/opt/ros/galactic/lib:/home/sentry/TUP2024-Sentry-Framework/src/IG_LIO_SLAM/ThirdParty/octomap-Dynamic_point_cloud_removal/lib:/opt/intel/openvino_2022/tools/compile_tool:/opt/intel/openvino_2022/runtime/3rdparty/hddl/lib:/opt/intel/openvino_2022/runtime/lib/intel64:/opt/MVS/lib/64:/opt/MVS/lib/32:/opt/MVS/lib/64:/opt/MVS/lib/32:/usr/local/opencv4/lib:/usr/local/opencv4/lib PYTHONPATH=/home/sentry/Wolf-Moon/install/nav2_msgs/lib/python3.8/site-packages:/home/sentry/Wolf-Moon/install/nav2_common/lib/python3.8/site-packages:/opt/intel/openvino_2022/python/python3.8:/opt/intel/openvino_2022/python/python3:/opt/ros/galactic/lib/python3.8/site-packages:/opt/intel/openvino_2022/python/python3.8:/opt/intel/openvino_2022/python/python3 /usr/bin/cmake --build /home/sentry/Wolf-Moon/build/nav2_behavior_tree -- -j12 -l12
[318.063s] Invoking command in '/home/sentry/Wolf-Moon/build/nav2_behavior_tree': AMENT_PREFIX_PATH=/home/sentry/Wolf-Moon/install/nav2_util:/home/sentry/Wolf-Moon/install/nav2_msgs:/home/sentry/Wolf-Moon/install/nav2_common:${AMENT_PREFIX_PATH} CMAKE_PREFIX_PATH=/home/sentry/Wolf-Moon/install/nav2_util:/home/sentry/Wolf-Moon/install/nav2_msgs:/home/sentry/Wolf-Moon/install/nav2_common:/opt/ros/galactic LD_LIBRARY_PATH=/home/sentry/Wolf-Moon/install/nav2_util/lib:/home/sentry/Wolf-Moon/install/nav2_msgs/lib:/opt/MVS/lib/64:/opt/MVS/lib/32:/home/sentry/TUP2024-Sentry-Framework/src/IG_LIO_SLAM/ThirdParty/octomap-Dynamic_point_cloud_removal/lib:/opt/intel/openvino_2022/tools/compile_tool:/opt/intel/openvino_2022/runtime/3rdparty/hddl/lib:/opt/intel/openvino_2022/runtime/lib/intel64:/opt/MVS/lib/64:/opt/MVS/lib/32:/usr/lib/x86_64-linux-gnu/gazebo-11/plugins:/opt/ros/galactic/opt/yaml_cpp_vendor/lib:/opt/ros/galactic/opt/rviz_ogre_vendor/lib:/opt/ros/galactic/lib/x86_64-linux-gnu:/opt/ros/galactic/lib:/home/sentry/TUP2024-Sentry-Framework/src/IG_LIO_SLAM/ThirdParty/octomap-Dynamic_point_cloud_removal/lib:/opt/intel/openvino_2022/tools/compile_tool:/opt/intel/openvino_2022/runtime/3rdparty/hddl/lib:/opt/intel/openvino_2022/runtime/lib/intel64:/opt/MVS/lib/64:/opt/MVS/lib/32:/opt/MVS/lib/64:/opt/MVS/lib/32:/usr/local/opencv4/lib:/usr/local/opencv4/lib PYTHONPATH=/home/sentry/Wolf-Moon/install/nav2_msgs/lib/python3.8/site-packages:/home/sentry/Wolf-Moon/install/nav2_common/lib/python3.8/site-packages:/opt/intel/openvino_2022/python/python3.8:/opt/intel/openvino_2022/python/python3:/opt/ros/galactic/lib/python3.8/site-packages:/opt/intel/openvino_2022/python/python3.8:/opt/intel/openvino_2022/python/python3 /usr/bin/cmake --install /home/sentry/Wolf-Moon/build/nav2_behavior_tree
[318.070s] -- Install configuration: "Release"
[318.070s] -- Installing: /home/sentry/Wolf-Moon/install/nav2_behavior_tree/lib/libnav2_behavior_tree.so
[318.070s] -- Set runtime path of "/home/sentry/Wolf-Moon/install/nav2_behavior_tree/lib/libnav2_behavior_tree.so" to ""
[318.070s] -- Installing: /home/sentry/Wolf-Moon/install/nav2_behavior_tree/lib/libnav2_compute_path_to_pose_action_bt_node.so
[318.070s] -- Set runtime path of "/home/sentry/Wolf-Moon/install/nav2_behavior_tree/lib/libnav2_compute_path_to_pose_action_bt_node.so" to ""
[318.071s] -- Installing: /home/sentry/Wolf-Moon/install/nav2_behavior_tree/lib/libnav2_compute_path_through_poses_action_bt_node.so
[318.071s] -- Set runtime path of "/home/sentry/Wolf-Moon/install/nav2_behavior_tree/lib/libnav2_compute_path_through_poses_action_bt_node.so" to ""
[318.071s] -- Installing: /home/sentry/Wolf-Moon/install/nav2_behavior_tree/lib/libnav2_follow_path_action_bt_node.so
[318.071s] -- Set runtime path of "/home/sentry/Wolf-Moon/install/nav2_behavior_tree/lib/libnav2_follow_path_action_bt_node.so" to ""
[318.071s] -- Installing: /home/sentry/Wolf-Moon/install/nav2_behavior_tree/lib/libnav2_back_up_action_bt_node.so
[318.072s] -- Set runtime path of "/home/sentry/Wolf-Moon/install/nav2_behavior_tree/lib/libnav2_back_up_action_bt_node.so" to ""
[318.072s] -- Installing: /home/sentry/Wolf-Moon/install/nav2_behavior_tree/lib/libnav2_spin_action_bt_node.so
[318.072s] -- Set runtime path of "/home/sentry/Wolf-Moon/install/nav2_behavior_tree/lib/libnav2_spin_action_bt_node.so" to ""
[318.072s] -- Installing: /home/sentry/Wolf-Moon/install/nav2_behavior_tree/lib/libnav2_wait_action_bt_node.so
[318.072s] -- Set runtime path of "/home/sentry/Wolf-Moon/install/nav2_behavior_tree/lib/libnav2_wait_action_bt_node.so" to ""
[318.073s] -- Installing: /home/sentry/Wolf-Moon/install/nav2_behavior_tree/lib/libnav2_clear_costmap_service_bt_node.so
[318.073s] -- Set runtime path of "/home/sentry/Wolf-Moon/install/nav2_behavior_tree/lib/libnav2_clear_costmap_service_bt_node.so" to ""
[318.073s] -- Installing: /home/sentry/Wolf-Moon/install/nav2_behavior_tree/lib/libnav2_is_stuck_condition_bt_node.so
[318.073s] -- Set runtime path of "/home/sentry/Wolf-Moon/install/nav2_behavior_tree/lib/libnav2_is_stuck_condition_bt_node.so" to ""
[318.074s] -- Installing: /home/sentry/Wolf-Moon/install/nav2_behavior_tree/lib/libnav2_transform_available_condition_bt_node.so
[318.074s] -- Set runtime path of "/home/sentry/Wolf-Moon/install/nav2_behavior_tree/lib/libnav2_transform_available_condition_bt_node.so" to ""
[318.074s] -- Installing: /home/sentry/Wolf-Moon/install/nav2_behavior_tree/lib/libnav2_goal_reached_condition_bt_node.so
[318.074s] -- Set runtime path of "/home/sentry/Wolf-Moon/install/nav2_behavior_tree/lib/libnav2_goal_reached_condition_bt_node.so" to ""
[318.074s] -- Installing: /home/sentry/Wolf-Moon/install/nav2_behavior_tree/lib/libnav2_goal_updated_condition_bt_node.so
[318.074s] -- Set runtime path of "/home/sentry/Wolf-Moon/install/nav2_behavior_tree/lib/libnav2_goal_updated_condition_bt_node.so" to ""
[318.074s] -- Installing: /home/sentry/Wolf-Moon/install/nav2_behavior_tree/lib/libnav2_time_expired_condition_bt_node.so
[318.074s] -- Set runtime path of "/home/sentry/Wolf-Moon/install/nav2_behavior_tree/lib/libnav2_time_expired_condition_bt_node.so" to ""
[318.075s] -- Installing: /home/sentry/Wolf-Moon/install/nav2_behavior_tree/lib/libnav2_distance_traveled_condition_bt_node.so
[318.075s] -- Set runtime path of "/home/sentry/Wolf-Moon/install/nav2_behavior_tree/lib/libnav2_distance_traveled_condition_bt_node.so" to ""
[318.075s] -- Installing: /home/sentry/Wolf-Moon/install/nav2_behavior_tree/lib/libnav2_initial_pose_received_condition_bt_node.so
[318.075s] -- Set runtime path of "/home/sentry/Wolf-Moon/install/nav2_behavior_tree/lib/libnav2_initial_pose_received_condition_bt_node.so" to ""
[318.075s] -- Installing: /home/sentry/Wolf-Moon/install/nav2_behavior_tree/lib/libnav2_is_battery_low_condition_bt_node.so
[318.075s] -- Set runtime path of "/home/sentry/Wolf-Moon/install/nav2_behavior_tree/lib/libnav2_is_battery_low_condition_bt_node.so" to ""
[318.076s] -- Installing: /home/sentry/Wolf-Moon/install/nav2_behavior_tree/lib/libnav2_reinitialize_global_localization_service_bt_node.so
[318.076s] -- Set runtime path of "/home/sentry/Wolf-Moon/install/nav2_behavior_tree/lib/libnav2_reinitialize_global_localization_service_bt_node.so" to ""
[318.076s] -- Installing: /home/sentry/Wolf-Moon/install/nav2_behavior_tree/lib/libnav2_rate_controller_bt_node.so
[318.076s] -- Set runtime path of "/home/sentry/Wolf-Moon/install/nav2_behavior_tree/lib/libnav2_rate_controller_bt_node.so" to ""
[318.076s] -- Installing: /home/sentry/Wolf-Moon/install/nav2_behavior_tree/lib/libnav2_distance_controller_bt_node.so
[318.076s] -- Set runtime path of "/home/sentry/Wolf-Moon/install/nav2_behavior_tree/lib/libnav2_distance_controller_bt_node.so" to ""
[318.076s] -- Installing: /home/sentry/Wolf-Moon/install/nav2_behavior_tree/lib/libnav2_speed_controller_bt_node.so
[318.077s] -- Set runtime path of "/home/sentry/Wolf-Moon/install/nav2_behavior_tree/lib/libnav2_speed_controller_bt_node.so" to ""
[318.077s] -- Installing: /home/sentry/Wolf-Moon/install/nav2_behavior_tree/lib/libnav2_truncate_path_action_bt_node.so
[318.077s] -- Set runtime path of "/home/sentry/Wolf-Moon/install/nav2_behavior_tree/lib/libnav2_truncate_path_action_bt_node.so" to ""
[318.077s] -- Installing: /home/sentry/Wolf-Moon/install/nav2_behavior_tree/lib/libnav2_goal_updater_node_bt_node.so
[318.077s] -- Set runtime path of "/home/sentry/Wolf-Moon/install/nav2_behavior_tree/lib/libnav2_goal_updater_node_bt_node.so" to ""
[318.077s] -- Installing: /home/sentry/Wolf-Moon/install/nav2_behavior_tree/lib/libnav2_recovery_node_bt_node.so
[318.078s] -- Set runtime path of "/home/sentry/Wolf-Moon/install/nav2_behavior_tree/lib/libnav2_recovery_node_bt_node.so" to ""
[318.078s] -- Installing: /home/sentry/Wolf-Moon/install/nav2_behavior_tree/lib/libnav2_navigate_to_pose_action_bt_node.so
[318.078s] -- Set runtime path of "/home/sentry/Wolf-Moon/install/nav2_behavior_tree/lib/libnav2_navigate_to_pose_action_bt_node.so" to ""
[318.078s] -- Installing: /home/sentry/Wolf-Moon/install/nav2_behavior_tree/lib/libnav2_navigate_through_poses_action_bt_node.so
[318.078s] -- Set runtime path of "/home/sentry/Wolf-Moon/install/nav2_behavior_tree/lib/libnav2_navigate_through_poses_action_bt_node.so" to ""
[318.078s] -- Installing: /home/sentry/Wolf-Moon/install/nav2_behavior_tree/lib/libnav2_remove_passed_goals_action_bt_node.so
[318.079s] -- Set runtime path of "/home/sentry/Wolf-Moon/install/nav2_behavior_tree/lib/libnav2_remove_passed_goals_action_bt_node.so" to ""
[318.079s] -- Installing: /home/sentry/Wolf-Moon/install/nav2_behavior_tree/lib/libnav2_pipeline_sequence_bt_node.so
[318.079s] -- Set runtime path of "/home/sentry/Wolf-Moon/install/nav2_behavior_tree/lib/libnav2_pipeline_sequence_bt_node.so" to ""
[318.079s] -- Installing: /home/sentry/Wolf-Moon/install/nav2_behavior_tree/lib/libnav2_round_robin_node_bt_node.so
[318.079s] -- Set runtime path of "/home/sentry/Wolf-Moon/install/nav2_behavior_tree/lib/libnav2_round_robin_node_bt_node.so" to ""
[318.079s] -- Installing: /home/sentry/Wolf-Moon/install/nav2_behavior_tree/lib/libnav2_single_trigger_bt_node.so
[318.079s] -- Set runtime path of "/home/sentry/Wolf-Moon/install/nav2_behavior_tree/lib/libnav2_single_trigger_bt_node.so" to ""
[318.079s] -- Installing: /home/sentry/Wolf-Moon/install/nav2_behavior_tree/lib/libnav2_planner_selector_bt_node.so
[318.080s] -- Set runtime path of "/home/sentry/Wolf-Moon/install/nav2_behavior_tree/lib/libnav2_planner_selector_bt_node.so" to ""
[318.080s] -- Installing: /home/sentry/Wolf-Moon/install/nav2_behavior_tree/lib/libnav2_controller_selector_bt_node.so
[318.080s] -- Set runtime path of "/home/sentry/Wolf-Moon/install/nav2_behavior_tree/lib/libnav2_controller_selector_bt_node.so" to ""
[318.081s] -- Installing: /home/sentry/Wolf-Moon/install/nav2_behavior_tree/lib/libnav2_goal_checker_selector_bt_node.so
[318.081s] -- Set runtime path of "/home/sentry/Wolf-Moon/install/nav2_behavior_tree/lib/libnav2_goal_checker_selector_bt_node.so" to ""
[318.081s] -- Installing: /home/sentry/Wolf-Moon/install/nav2_behavior_tree/lib/libnav2_goal_updated_controller_bt_node.so
[318.081s] -- Set runtime path of "/home/sentry/Wolf-Moon/install/nav2_behavior_tree/lib/libnav2_goal_updated_controller_bt_node.so" to ""
[318.081s] -- Installing: /home/sentry/Wolf-Moon/install/nav2_behavior_tree/include/
[318.081s] -- Installing: /home/sentry/Wolf-Moon/install/nav2_behavior_tree/include//nav2_behavior_tree
[318.082s] -- Installing: /home/sentry/Wolf-Moon/install/nav2_behavior_tree/include//nav2_behavior_tree/behavior_tree_engine.hpp
[318.082s] -- Installing: /home/sentry/Wolf-Moon/install/nav2_behavior_tree/include//nav2_behavior_tree/bt_service_node.hpp
[318.082s] -- Installing: /home/sentry/Wolf-Moon/install/nav2_behavior_tree/include//nav2_behavior_tree/bt_action_node.hpp
[318.082s] -- Installing: /home/sentry/Wolf-Moon/install/nav2_behavior_tree/include//nav2_behavior_tree/plugins
[318.082s] -- Installing: /home/sentry/Wolf-Moon/install/nav2_behavior_tree/include//nav2_behavior_tree/plugins/control
[318.082s] -- Installing: /home/sentry/Wolf-Moon/install/nav2_behavior_tree/include//nav2_behavior_tree/plugins/control/recovery_node.hpp
[318.082s] -- Installing: /home/sentry/Wolf-Moon/install/nav2_behavior_tree/include//nav2_behavior_tree/plugins/control/pipeline_sequence.hpp
[318.082s] -- Installing: /home/sentry/Wolf-Moon/install/nav2_behavior_tree/include//nav2_behavior_tree/plugins/control/round_robin_node.hpp
[318.082s] -- Installing: /home/sentry/Wolf-Moon/install/nav2_behavior_tree/include//nav2_behavior_tree/plugins/condition
[318.083s] -- Installing: /home/sentry/Wolf-Moon/install/nav2_behavior_tree/include//nav2_behavior_tree/plugins/condition/distance_traveled_condition.hpp
[318.083s] -- Installing: /home/sentry/Wolf-Moon/install/nav2_behavior_tree/include//nav2_behavior_tree/plugins/condition/initial_pose_received_condition.hpp
[318.083s] -- Installing: /home/sentry/Wolf-Moon/install/nav2_behavior_tree/include//nav2_behavior_tree/plugins/condition/goal_updated_condition.hpp
[318.083s] -- Installing: /home/sentry/Wolf-Moon/install/nav2_behavior_tree/include//nav2_behavior_tree/plugins/condition/is_stuck_condition.hpp
[318.083s] -- Installing: /home/sentry/Wolf-Moon/install/nav2_behavior_tree/include//nav2_behavior_tree/plugins/condition/is_battery_low_condition.hpp
[318.083s] -- Installing: /home/sentry/Wolf-Moon/install/nav2_behavior_tree/include//nav2_behavior_tree/plugins/condition/goal_reached_condition.hpp
[318.083s] -- Installing: /home/sentry/Wolf-Moon/install/nav2_behavior_tree/include//nav2_behavior_tree/plugins/condition/time_expired_condition.hpp
[318.083s] -- Installing: /home/sentry/Wolf-Moon/install/nav2_behavior_tree/include//nav2_behavior_tree/plugins/condition/transform_available_condition.hpp
[318.083s] -- Installing: /home/sentry/Wolf-Moon/install/nav2_behavior_tree/include//nav2_behavior_tree/plugins/decorator
[318.084s] -- Installing: /home/sentry/Wolf-Moon/install/nav2_behavior_tree/include//nav2_behavior_tree/plugins/decorator/speed_controller.hpp
[318.084s] -- Installing: /home/sentry/Wolf-Moon/install/nav2_behavior_tree/include//nav2_behavior_tree/plugins/decorator/goal_updated_controller.hpp
[318.084s] -- Installing: /home/sentry/Wolf-Moon/install/nav2_behavior_tree/include//nav2_behavior_tree/plugins/decorator/single_trigger_node.hpp
[318.084s] -- Installing: /home/sentry/Wolf-Moon/install/nav2_behavior_tree/include//nav2_behavior_tree/plugins/decorator/distance_controller.hpp
[318.084s] -- Installing: /home/sentry/Wolf-Moon/install/nav2_behavior_tree/include//nav2_behavior_tree/plugins/decorator/goal_updater_node.hpp
[318.084s] -- Installing: /home/sentry/Wolf-Moon/install/nav2_behavior_tree/include//nav2_behavior_tree/plugins/decorator/rate_controller.hpp
[318.084s] -- Installing: /home/sentry/Wolf-Moon/install/nav2_behavior_tree/include//nav2_behavior_tree/plugins/action
[318.084s] -- Installing: /home/sentry/Wolf-Moon/install/nav2_behavior_tree/include//nav2_behavior_tree/plugins/action/wait_action.hpp
[318.084s] -- Installing: /home/sentry/Wolf-Moon/install/nav2_behavior_tree/include//nav2_behavior_tree/plugins/action/spin_action.hpp
[318.084s] -- Installing: /home/sentry/Wolf-Moon/install/nav2_behavior_tree/include//nav2_behavior_tree/plugins/action/clear_costmap_service.hpp
[318.085s] -- Installing: /home/sentry/Wolf-Moon/install/nav2_behavior_tree/include//nav2_behavior_tree/plugins/action/reinitialize_global_localization_service.hpp
[318.085s] -- Installing: /home/sentry/Wolf-Moon/install/nav2_behavior_tree/include//nav2_behavior_tree/plugins/action/truncate_path_action.hpp
[318.085s] -- Installing: /home/sentry/Wolf-Moon/install/nav2_behavior_tree/include//nav2_behavior_tree/plugins/action/controller_selector_node.hpp
[318.085s] -- Installing: /home/sentry/Wolf-Moon/install/nav2_behavior_tree/include//nav2_behavior_tree/plugins/action/goal_checker_selector_node.hpp
[318.085s] -- Installing: /home/sentry/Wolf-Moon/install/nav2_behavior_tree/include//nav2_behavior_tree/plugins/action/navigate_through_poses_action.hpp
[318.085s] -- Installing: /home/sentry/Wolf-Moon/install/nav2_behavior_tree/include//nav2_behavior_tree/plugins/action/remove_passed_goals_action.hpp
[318.085s] -- Installing: /home/sentry/Wolf-Moon/install/nav2_behavior_tree/include//nav2_behavior_tree/plugins/action/compute_path_through_poses_action.hpp
[318.085s] -- Installing: /home/sentry/Wolf-Moon/install/nav2_behavior_tree/include//nav2_behavior_tree/plugins/action/planner_selector_node.hpp
[318.085s] -- Installing: /home/sentry/Wolf-Moon/install/nav2_behavior_tree/include//nav2_behavior_tree/plugins/action/back_up_action.hpp
[318.085s] -- Installing: /home/sentry/Wolf-Moon/install/nav2_behavior_tree/include//nav2_behavior_tree/plugins/action/compute_path_to_pose_action.hpp
[318.085s] -- Installing: /home/sentry/Wolf-Moon/install/nav2_behavior_tree/include//nav2_behavior_tree/plugins/action/navigate_to_pose_action.hpp
[318.085s] -- Installing: /home/sentry/Wolf-Moon/install/nav2_behavior_tree/include//nav2_behavior_tree/plugins/action/follow_path_action.hpp
[318.085s] -- Installing: /home/sentry/Wolf-Moon/install/nav2_behavior_tree/include//nav2_behavior_tree/bt_action_server_impl.hpp
[318.086s] -- Installing: /home/sentry/Wolf-Moon/install/nav2_behavior_tree/include//nav2_behavior_tree/bt_action_server.hpp
[318.086s] -- Installing: /home/sentry/Wolf-Moon/install/nav2_behavior_tree/include//nav2_behavior_tree/ros_topic_logger.hpp
[318.086s] -- Installing: /home/sentry/Wolf-Moon/install/nav2_behavior_tree/include//nav2_behavior_tree/bt_conversions.hpp
[318.086s] -- Installing: /home/sentry/Wolf-Moon/install/nav2_behavior_tree/share/nav2_behavior_tree/nav2_tree_nodes.xml
[318.088s] -- Installing: /home/sentry/Wolf-Moon/install/nav2_behavior_tree/share/nav2_behavior_tree/environment/library_path.sh
[318.088s] -- Installing: /home/sentry/Wolf-Moon/install/nav2_behavior_tree/share/nav2_behavior_tree/environment/library_path.dsv
[318.088s] -- Installing: /home/sentry/Wolf-Moon/install/nav2_behavior_tree/share/ament_index/resource_index/package_run_dependencies/nav2_behavior_tree
[318.088s] -- Installing: /home/sentry/Wolf-Moon/install/nav2_behavior_tree/share/ament_index/resource_index/parent_prefix_path/nav2_behavior_tree
[318.088s] -- Installing: /home/sentry/Wolf-Moon/install/nav2_behavior_tree/share/nav2_behavior_tree/environment/ament_prefix_path.sh
[318.089s] -- Installing: /home/sentry/Wolf-Moon/install/nav2_behavior_tree/share/nav2_behavior_tree/environment/ament_prefix_path.dsv
[318.089s] -- Installing: /home/sentry/Wolf-Moon/install/nav2_behavior_tree/share/nav2_behavior_tree/environment/path.sh
[318.089s] -- Installing: /home/sentry/Wolf-Moon/install/nav2_behavior_tree/share/nav2_behavior_tree/environment/path.dsv
[318.089s] -- Installing: /home/sentry/Wolf-Moon/install/nav2_behavior_tree/share/nav2_behavior_tree/local_setup.bash
[318.089s] -- Installing: /home/sentry/Wolf-Moon/install/nav2_behavior_tree/share/nav2_behavior_tree/local_setup.sh
[318.089s] -- Installing: /home/sentry/Wolf-Moon/install/nav2_behavior_tree/share/nav2_behavior_tree/local_setup.zsh
[318.089s] -- Installing: /home/sentry/Wolf-Moon/install/nav2_behavior_tree/share/nav2_behavior_tree/local_setup.dsv
[318.089s] -- Installing: /home/sentry/Wolf-Moon/install/nav2_behavior_tree/share/nav2_behavior_tree/package.dsv
[318.090s] -- Installing: /home/sentry/Wolf-Moon/install/nav2_behavior_tree/share/ament_index/resource_index/packages/nav2_behavior_tree
[318.090s] -- Installing: /home/sentry/Wolf-Moon/install/nav2_behavior_tree/share/nav2_behavior_tree/cmake/ament_cmake_export_include_directories-extras.cmake
[318.091s] -- Installing: /home/sentry/Wolf-Moon/install/nav2_behavior_tree/share/nav2_behavior_tree/cmake/ament_cmake_export_libraries-extras.cmake
[318.091s] -- Installing: /home/sentry/Wolf-Moon/install/nav2_behavior_tree/share/nav2_behavior_tree/cmake/ament_cmake_export_dependencies-extras.cmake
[318.091s] -- Installing: /home/sentry/Wolf-Moon/install/nav2_behavior_tree/share/nav2_behavior_tree/cmake/nav2_behavior_treeConfig.cmake
[318.091s] -- Installing: /home/sentry/Wolf-Moon/install/nav2_behavior_tree/share/nav2_behavior_tree/cmake/nav2_behavior_treeConfig-version.cmake
[318.091s] -- Installing: /home/sentry/Wolf-Moon/install/nav2_behavior_tree/share/nav2_behavior_tree/package.xml
[318.092s] Invoked command in '/home/sentry/Wolf-Moon/build/nav2_behavior_tree' returned '0': AMENT_PREFIX_PATH=/home/sentry/Wolf-Moon/install/nav2_util:/home/sentry/Wolf-Moon/install/nav2_msgs:/home/sentry/Wolf-Moon/install/nav2_common:${AMENT_PREFIX_PATH} CMAKE_PREFIX_PATH=/home/sentry/Wolf-Moon/install/nav2_util:/home/sentry/Wolf-Moon/install/nav2_msgs:/home/sentry/Wolf-Moon/install/nav2_common:/opt/ros/galactic LD_LIBRARY_PATH=/home/sentry/Wolf-Moon/install/nav2_util/lib:/home/sentry/Wolf-Moon/install/nav2_msgs/lib:/opt/MVS/lib/64:/opt/MVS/lib/32:/home/sentry/TUP2024-Sentry-Framework/src/IG_LIO_SLAM/ThirdParty/octomap-Dynamic_point_cloud_removal/lib:/opt/intel/openvino_2022/tools/compile_tool:/opt/intel/openvino_2022/runtime/3rdparty/hddl/lib:/opt/intel/openvino_2022/runtime/lib/intel64:/opt/MVS/lib/64:/opt/MVS/lib/32:/usr/lib/x86_64-linux-gnu/gazebo-11/plugins:/opt/ros/galactic/opt/yaml_cpp_vendor/lib:/opt/ros/galactic/opt/rviz_ogre_vendor/lib:/opt/ros/galactic/lib/x86_64-linux-gnu:/opt/ros/galactic/lib:/home/sentry/TUP2024-Sentry-Framework/src/IG_LIO_SLAM/ThirdParty/octomap-Dynamic_point_cloud_removal/lib:/opt/intel/openvino_2022/tools/compile_tool:/opt/intel/openvino_2022/runtime/3rdparty/hddl/lib:/opt/intel/openvino_2022/runtime/lib/intel64:/opt/MVS/lib/64:/opt/MVS/lib/32:/opt/MVS/lib/64:/opt/MVS/lib/32:/usr/local/opencv4/lib:/usr/local/opencv4/lib PYTHONPATH=/home/sentry/Wolf-Moon/install/nav2_msgs/lib/python3.8/site-packages:/home/sentry/Wolf-Moon/install/nav2_common/lib/python3.8/site-packages:/opt/intel/openvino_2022/python/python3.8:/opt/intel/openvino_2022/python/python3:/opt/ros/galactic/lib/python3.8/site-packages:/opt/intel/openvino_2022/python/python3.8:/opt/intel/openvino_2022/python/python3 /usr/bin/cmake --install /home/sentry/Wolf-Moon/build/nav2_behavior_tree
