-- Found ament_cmake: 1.1.6 (/opt/ros/galactic/share/ament_cmake/cmake)
-- Using PYTHON_EXECUTABLE: /usr/bin/python3
-- Found rclcpp: 9.2.2 (/opt/ros/galactic/share/rclcpp/cmake)
-- Using all available rosidl_typesupport_c: rosidl_typesupport_fastrtps_c;rosidl_typesupport_introspection_c
-- Found rosidl_adapter: 2.2.3 (/opt/ros/galactic/share/rosidl_adapter/cmake)
-- Using all available rosidl_typesupport_cpp: rosidl_typesupport_fastrtps_cpp;rosidl_typesupport_introspection_cpp
-- Found rmw_implementation_cmake: 3.3.1 (/opt/ros/galactic/share/rmw_implementation_cmake/cmake)
-- Found rmw_cyclonedds_cpp: 0.22.6 (/opt/ros/galactic/share/rmw_cyclonedds_cpp/cmake)
-- Using RMW implementation 'rmw_cyclonedds_cpp' as default
-- Found rclcpp_components: 9.2.2 (/opt/ros/galactic/share/rclcpp_components/cmake)
-- Found tf2: 0.17.5 (/opt/ros/galactic/share/tf2/cmake)
-- Found tf2_ros: 0.17.5 (/opt/ros/galactic/share/tf2_ros/cmake)
-- Found nav2_msgs: 1.0.12 (/home/sentry/Wolf-Moon/install/nav2_msgs/share/nav2_msgs/cmake)
-- Found nav2_costmap_2d: 1.0.12 (/home/sentry/Wolf-Moon/install/nav2_costmap_2d/share/nav2_costmap_2d/cmake)
-- Found yaml_cpp_vendor: 7.1.1 (/opt/ros/galactic/share/yaml_cpp_vendor/cmake)
-- Found grid_map_msgs: 2.0.0 (/home/sentry/Wolf-Moon/install/grid_map_msgs/share/grid_map_msgs/cmake)
-- Found grid_map_core: 2.0.0 (/home/sentry/Wolf-Moon/install/grid_map_core/share/grid_map_core/cmake)
-- Found grid_map_ros: 2.0.0 (/home/sentry/Wolf-Moon/install/grid_map_ros/share/grid_map_ros/cmake)
-- Configuring done
-- Generating done
-- Build files have been written to: /home/sentry/Wolf-Moon/build/navigation_planning
[35m[1mScanning dependencies of target way_planner_node[0m
[ 50%] [32mBuilding CXX object CMakeFiles/way_planner_node.dir/src/way_planner_node.cpp.o[0m
[100%] [32m[1mLinking CXX executable way_planner_node[0m
[100%] Built target way_planner_node
-- Install configuration: "Release"
-- Installing: /home/sentry/Wolf-Moon/install/navigation_planning/lib/navigation_planning/way_planner_node
-- Set runtime path of "/home/sentry/Wolf-Moon/install/navigation_planning/lib/navigation_planning/way_planner_node" to ""
-- Up-to-date: /home/sentry/Wolf-Moon/install/navigation_planning/share/navigation_planning/launch
-- Up-to-date: /home/sentry/Wolf-Moon/install/navigation_planning/share/navigation_planning/map
-- Up-to-date: /home/sentry/Wolf-Moon/install/navigation_planning/share/navigation_planning/map/129_map.yaml
-- Up-to-date: /home/sentry/Wolf-Moon/install/navigation_planning/share/navigation_planning/map/rmuc_map.yaml
-- Up-to-date: /home/sentry/Wolf-Moon/install/navigation_planning/share/navigation_planning/map/129_map.pgm
-- Up-to-date: /home/sentry/Wolf-Moon/install/navigation_planning/share/navigation_planning/map/rmuc_map.pgm
-- Up-to-date: /home/sentry/Wolf-Moon/install/navigation_planning/share/navigation_planning/config
-- Up-to-date: /home/sentry/Wolf-Moon/install/navigation_planning/share/navigation_planning/config/parameters.yaml
-- Up-to-date: /home/sentry/Wolf-Moon/install/navigation_planning/share/ament_index/resource_index/package_run_dependencies/navigation_planning
-- Installing: /home/sentry/Wolf-Moon/install/navigation_planning/share/ament_index/resource_index/parent_prefix_path/navigation_planning
-- Up-to-date: /home/sentry/Wolf-Moon/install/navigation_planning/share/navigation_planning/environment/ament_prefix_path.sh
-- Installing: /home/sentry/Wolf-Moon/install/navigation_planning/share/navigation_planning/environment/ament_prefix_path.dsv
-- Up-to-date: /home/sentry/Wolf-Moon/install/navigation_planning/share/navigation_planning/environment/path.sh
-- Installing: /home/sentry/Wolf-Moon/install/navigation_planning/share/navigation_planning/environment/path.dsv
-- Up-to-date: /home/sentry/Wolf-Moon/install/navigation_planning/share/navigation_planning/local_setup.bash
-- Up-to-date: /home/sentry/Wolf-Moon/install/navigation_planning/share/navigation_planning/local_setup.sh
-- Up-to-date: /home/sentry/Wolf-Moon/install/navigation_planning/share/navigation_planning/local_setup.zsh
-- Installing: /home/sentry/Wolf-Moon/install/navigation_planning/share/navigation_planning/local_setup.dsv
-- Installing: /home/sentry/Wolf-Moon/install/navigation_planning/share/navigation_planning/package.dsv
-- Up-to-date: /home/sentry/Wolf-Moon/install/navigation_planning/share/ament_index/resource_index/packages/navigation_planning
-- Up-to-date: /home/sentry/Wolf-Moon/install/navigation_planning/share/navigation_planning/cmake/navigation_planningConfig.cmake
-- Up-to-date: /home/sentry/Wolf-Moon/install/navigation_planning/share/navigation_planning/cmake/navigation_planningConfig-version.cmake
-- Installing: /home/sentry/Wolf-Moon/install/navigation_planning/share/navigation_planning/package.xml
