[0.028s] Invoking command in '/home/sentry/Wolf-Moon/build/cv_bridge': CMAKE_PREFIX_PATH=/opt/ros/galactic /usr/bin/cmake --build /home/sentry/Wolf-Moon/build/cv_bridge -- -j12 -l12
[0.090s] [ 12%] Built target gtest
[0.097s] [ 31%] Built target cv_bridge
[0.101s] [ 43%] Built target gtest_main
[0.101s] [ 43%] Built target ament_cmake_python_copy_cv_bridge
[0.141s] [ 81%] Built target cv_bridge-utest
[0.147s] [100%] Built target cv_bridge_boost
[0.362s] running egg_info
[0.362s] writing cv_bridge.egg-info/PKG-INFO
[0.363s] writing dependency_links to cv_bridge.egg-info/dependency_links.txt
[0.363s] writing top-level names to cv_bridge.egg-info/top_level.txt
[0.396s] reading manifest file 'cv_bridge.egg-info/SOURCES.txt'
[0.396s] writing manifest file 'cv_bridge.egg-info/SOURCES.txt'
[0.424s] [100%] Built target ament_cmake_python_build_cv_bridge_egg
[0.476s] Invoked command in '/home/sentry/Wolf-Moon/build/cv_bridge' returned '0': CMAKE_PREFIX_PATH=/opt/ros/galactic /usr/bin/cmake --build /home/sentry/Wolf-Moon/build/cv_bridge -- -j12 -l12
[0.482s] Invoking command in '/home/sentry/Wolf-Moon/build/cv_bridge': CMAKE_PREFIX_PATH=/opt/ros/galactic /usr/bin/cmake --install /home/sentry/Wolf-Moon/build/cv_bridge
[0.494s] -- Install configuration: ""
[0.495s] -- Up-to-date: /home/sentry/Wolf-Moon/install/cv_bridge/share/cv_bridge/environment/pythonpath.sh
[0.495s] -- Up-to-date: /home/sentry/Wolf-Moon/install/cv_bridge/share/cv_bridge/environment/pythonpath.dsv
[0.495s] -- Up-to-date: /home/sentry/Wolf-Moon/install/cv_bridge/lib/python3.8/site-packages//cv_bridge.egg-info
[0.496s] -- Installing: /home/sentry/Wolf-Moon/install/cv_bridge/lib/python3.8/site-packages//cv_bridge.egg-info/SOURCES.txt
[0.496s] -- Installing: /home/sentry/Wolf-Moon/install/cv_bridge/lib/python3.8/site-packages//cv_bridge.egg-info/top_level.txt
[0.496s] -- Installing: /home/sentry/Wolf-Moon/install/cv_bridge/lib/python3.8/site-packages//cv_bridge.egg-info/dependency_links.txt
[0.496s] -- Installing: /home/sentry/Wolf-Moon/install/cv_bridge/lib/python3.8/site-packages//cv_bridge.egg-info/PKG-INFO
[0.497s] -- Up-to-date: /home/sentry/Wolf-Moon/install/cv_bridge/lib/python3.8/site-packages/cv_bridge
[0.497s] -- Up-to-date: /home/sentry/Wolf-Moon/install/cv_bridge/lib/python3.8/site-packages/cv_bridge/__init__.py
[0.497s] -- Up-to-date: /home/sentry/Wolf-Moon/install/cv_bridge/lib/python3.8/site-packages/cv_bridge/core.py
[0.514s] Listing '/home/sentry/Wolf-Moon/install/cv_bridge/lib/python3.8/site-packages/cv_bridge'...
[0.515s] Listing '/home/sentry/Wolf-Moon/install/cv_bridge/lib/python3.8/site-packages/cv_bridge/boost'...
[0.517s] -- Up-to-date: /home/sentry/Wolf-Moon/install/cv_bridge/share/cv_bridge/environment/library_path.sh
[0.517s] -- Up-to-date: /home/sentry/Wolf-Moon/install/cv_bridge/share/cv_bridge/environment/library_path.dsv
[0.517s] -- Up-to-date: /home/sentry/Wolf-Moon/install/cv_bridge/include/cv_bridge
[0.517s] -- Up-to-date: /home/sentry/Wolf-Moon/install/cv_bridge/include/cv_bridge/rgb_colors.h
[0.518s] -- Up-to-date: /home/sentry/Wolf-Moon/install/cv_bridge/include/cv_bridge/cv_bridge.h
[0.518s] -- Up-to-date: /home/sentry/Wolf-Moon/install/cv_bridge/lib/libcv_bridge.so
[0.518s] -- Up-to-date: /home/sentry/Wolf-Moon/install/cv_bridge/share/ament_index/resource_index/package_run_dependencies/cv_bridge
[0.519s] -- Up-to-date: /home/sentry/Wolf-Moon/install/cv_bridge/share/ament_index/resource_index/parent_prefix_path/cv_bridge
[0.519s] -- Up-to-date: /home/sentry/Wolf-Moon/install/cv_bridge/share/cv_bridge/environment/ament_prefix_path.sh
[0.519s] -- Up-to-date: /home/sentry/Wolf-Moon/install/cv_bridge/share/cv_bridge/environment/ament_prefix_path.dsv
[0.520s] -- Up-to-date: /home/sentry/Wolf-Moon/install/cv_bridge/share/cv_bridge/environment/path.sh
[0.521s] -- Up-to-date: /home/sentry/Wolf-Moon/install/cv_bridge/share/cv_bridge/environment/path.dsv
[0.521s] -- Up-to-date: /home/sentry/Wolf-Moon/install/cv_bridge/share/cv_bridge/local_setup.bash
[0.521s] -- Up-to-date: /home/sentry/Wolf-Moon/install/cv_bridge/share/cv_bridge/local_setup.sh
[0.521s] -- Up-to-date: /home/sentry/Wolf-Moon/install/cv_bridge/share/cv_bridge/local_setup.zsh
[0.522s] -- Up-to-date: /home/sentry/Wolf-Moon/install/cv_bridge/share/cv_bridge/local_setup.dsv
[0.522s] -- Installing: /home/sentry/Wolf-Moon/install/cv_bridge/share/cv_bridge/package.dsv
[0.522s] -- Up-to-date: /home/sentry/Wolf-Moon/install/cv_bridge/share/ament_index/resource_index/packages/cv_bridge
[0.522s] -- Up-to-date: /home/sentry/Wolf-Moon/install/cv_bridge/share/cv_bridge/cmake/cv_bridge-extras.cmake
[0.522s] -- Up-to-date: /home/sentry/Wolf-Moon/install/cv_bridge/share/cv_bridge/cmake/ament_cmake_export_dependencies-extras.cmake
[0.522s] -- Up-to-date: /home/sentry/Wolf-Moon/install/cv_bridge/share/cv_bridge/cmake/ament_cmake_export_include_directories-extras.cmake
[0.523s] -- Up-to-date: /home/sentry/Wolf-Moon/install/cv_bridge/share/cv_bridge/cmake/ament_cmake_export_libraries-extras.cmake
[0.523s] -- Up-to-date: /home/sentry/Wolf-Moon/install/cv_bridge/share/cv_bridge/cmake/cv_bridgeConfig.cmake
[0.523s] -- Up-to-date: /home/sentry/Wolf-Moon/install/cv_bridge/share/cv_bridge/cmake/cv_bridgeConfig-version.cmake
[0.523s] -- Up-to-date: /home/sentry/Wolf-Moon/install/cv_bridge/share/cv_bridge/package.xml
[0.524s] -- Up-to-date: /home/sentry/Wolf-Moon/install/cv_bridge/lib/libcv_bridge.so
[0.524s] -- Up-to-date: /home/sentry/Wolf-Moon/install/cv_bridge/include/cv_bridge/cv_bridge_export.h
[0.524s] -- Up-to-date: /home/sentry/Wolf-Moon/install/cv_bridge/lib/python3.8/site-packages/cv_bridge/boost/cv_bridge_boost.so
[0.550s] Invoked command in '/home/sentry/Wolf-Moon/build/cv_bridge' returned '0': CMAKE_PREFIX_PATH=/opt/ros/galactic /usr/bin/cmake --install /home/sentry/Wolf-Moon/build/cv_bridge
