[0.067s] Invoking command in '/home/sentry/Wolf-Moon/build/cv_bridge': CMAKE_PREFIX_PATH=${CMAKE_PREFIX_PATH}:/home/sentry/Wolf-Moon/install/fake_msg_publisher:/opt/ros/galactic /usr/bin/cmake --build /home/sentry/Wolf-Moon/build/cv_bridge -- -j12 -l12
[0.253s] [  0%] Built target ament_cmake_python_copy_cv_bridge
[0.314s] [ 12%] Built target gtest_main
[0.852s] running egg_info
[0.853s] writing cv_bridge.egg-info/PKG-INFO
[0.853s] writing dependency_links to cv_bridge.egg-info/dependency_links.txt
[0.853s] writing top-level names to cv_bridge.egg-info/top_level.txt
[0.934s] reading manifest file 'cv_bridge.egg-info/SOURCES.txt'
[0.934s] writing manifest file 'cv_bridge.egg-info/SOURCES.txt'
[0.983s] [ 12%] Built target ament_cmake_python_build_cv_bridge_egg
[1.052s] [ 25%] Built target gtest
[1.169s] [ 43%] Built target cv_bridge
[1.261s] [ 62%] Built target cv_bridge_boost
[1.344s] [100%] Built target cv_bridge-utest
[1.516s] Invoked command in '/home/sentry/Wolf-Moon/build/cv_bridge' returned '0': CMAKE_PREFIX_PATH=${CMAKE_PREFIX_PATH}:/home/sentry/Wolf-Moon/install/fake_msg_publisher:/opt/ros/galactic /usr/bin/cmake --build /home/sentry/Wolf-Moon/build/cv_bridge -- -j12 -l12
[1.523s] Invoking command in '/home/sentry/Wolf-Moon/build/cv_bridge': CMAKE_PREFIX_PATH=${CMAKE_PREFIX_PATH}:/home/sentry/Wolf-Moon/install/fake_msg_publisher:/opt/ros/galactic /usr/bin/cmake --install /home/sentry/Wolf-Moon/build/cv_bridge
[1.565s] -- Install configuration: ""
[1.565s] -- Up-to-date: /home/sentry/Wolf-Moon/install/cv_bridge/share/cv_bridge/environment/pythonpath.sh
[1.566s] -- Up-to-date: /home/sentry/Wolf-Moon/install/cv_bridge/share/cv_bridge/environment/pythonpath.dsv
[1.566s] -- Up-to-date: /home/sentry/Wolf-Moon/install/cv_bridge/lib/python3.8/site-packages//cv_bridge.egg-info
[1.566s] -- Installing: /home/sentry/Wolf-Moon/install/cv_bridge/lib/python3.8/site-packages//cv_bridge.egg-info/SOURCES.txt
[1.566s] -- Installing: /home/sentry/Wolf-Moon/install/cv_bridge/lib/python3.8/site-packages//cv_bridge.egg-info/top_level.txt
[1.566s] -- Installing: /home/sentry/Wolf-Moon/install/cv_bridge/lib/python3.8/site-packages//cv_bridge.egg-info/dependency_links.txt
[1.567s] -- Installing: /home/sentry/Wolf-Moon/install/cv_bridge/lib/python3.8/site-packages//cv_bridge.egg-info/PKG-INFO
[1.567s] -- Up-to-date: /home/sentry/Wolf-Moon/install/cv_bridge/lib/python3.8/site-packages/cv_bridge
[1.567s] -- Up-to-date: /home/sentry/Wolf-Moon/install/cv_bridge/lib/python3.8/site-packages/cv_bridge/__init__.py
[1.567s] -- Up-to-date: /home/sentry/Wolf-Moon/install/cv_bridge/lib/python3.8/site-packages/cv_bridge/core.py
[1.663s] Listing '/home/sentry/Wolf-Moon/install/cv_bridge/lib/python3.8/site-packages/cv_bridge'...
[1.664s] Listing '/home/sentry/Wolf-Moon/install/cv_bridge/lib/python3.8/site-packages/cv_bridge/boost'...
[1.671s] -- Up-to-date: /home/sentry/Wolf-Moon/install/cv_bridge/share/cv_bridge/environment/library_path.sh
[1.671s] -- Up-to-date: /home/sentry/Wolf-Moon/install/cv_bridge/share/cv_bridge/environment/library_path.dsv
[1.671s] -- Up-to-date: /home/sentry/Wolf-Moon/install/cv_bridge/include/cv_bridge
[1.671s] -- Up-to-date: /home/sentry/Wolf-Moon/install/cv_bridge/include/cv_bridge/rgb_colors.h
[1.671s] -- Up-to-date: /home/sentry/Wolf-Moon/install/cv_bridge/include/cv_bridge/cv_bridge.h
[1.672s] -- Up-to-date: /home/sentry/Wolf-Moon/install/cv_bridge/lib/libcv_bridge.so
[1.672s] -- Up-to-date: /home/sentry/Wolf-Moon/install/cv_bridge/share/ament_index/resource_index/package_run_dependencies/cv_bridge
[1.672s] -- Up-to-date: /home/sentry/Wolf-Moon/install/cv_bridge/share/ament_index/resource_index/parent_prefix_path/cv_bridge
[1.672s] -- Up-to-date: /home/sentry/Wolf-Moon/install/cv_bridge/share/cv_bridge/environment/ament_prefix_path.sh
[1.672s] -- Up-to-date: /home/sentry/Wolf-Moon/install/cv_bridge/share/cv_bridge/environment/ament_prefix_path.dsv
[1.672s] -- Up-to-date: /home/sentry/Wolf-Moon/install/cv_bridge/share/cv_bridge/environment/path.sh
[1.672s] -- Up-to-date: /home/sentry/Wolf-Moon/install/cv_bridge/share/cv_bridge/environment/path.dsv
[1.673s] -- Up-to-date: /home/sentry/Wolf-Moon/install/cv_bridge/share/cv_bridge/local_setup.bash
[1.673s] -- Up-to-date: /home/sentry/Wolf-Moon/install/cv_bridge/share/cv_bridge/local_setup.sh
[1.673s] -- Up-to-date: /home/sentry/Wolf-Moon/install/cv_bridge/share/cv_bridge/local_setup.zsh
[1.673s] -- Up-to-date: /home/sentry/Wolf-Moon/install/cv_bridge/share/cv_bridge/local_setup.dsv
[1.673s] -- Installing: /home/sentry/Wolf-Moon/install/cv_bridge/share/cv_bridge/package.dsv
[1.673s] -- Up-to-date: /home/sentry/Wolf-Moon/install/cv_bridge/share/ament_index/resource_index/packages/cv_bridge
[1.673s] -- Up-to-date: /home/sentry/Wolf-Moon/install/cv_bridge/share/cv_bridge/cmake/cv_bridge-extras.cmake
[1.674s] -- Up-to-date: /home/sentry/Wolf-Moon/install/cv_bridge/share/cv_bridge/cmake/ament_cmake_export_dependencies-extras.cmake
[1.674s] -- Up-to-date: /home/sentry/Wolf-Moon/install/cv_bridge/share/cv_bridge/cmake/ament_cmake_export_include_directories-extras.cmake
[1.674s] -- Up-to-date: /home/sentry/Wolf-Moon/install/cv_bridge/share/cv_bridge/cmake/ament_cmake_export_libraries-extras.cmake
[1.674s] -- Up-to-date: /home/sentry/Wolf-Moon/install/cv_bridge/share/cv_bridge/cmake/cv_bridgeConfig.cmake
[1.674s] -- Up-to-date: /home/sentry/Wolf-Moon/install/cv_bridge/share/cv_bridge/cmake/cv_bridgeConfig-version.cmake
[1.674s] -- Up-to-date: /home/sentry/Wolf-Moon/install/cv_bridge/share/cv_bridge/package.xml
[1.674s] -- Up-to-date: /home/sentry/Wolf-Moon/install/cv_bridge/lib/libcv_bridge.so
[1.674s] -- Up-to-date: /home/sentry/Wolf-Moon/install/cv_bridge/include/cv_bridge/cv_bridge_export.h
[1.675s] -- Up-to-date: /home/sentry/Wolf-Moon/install/cv_bridge/lib/python3.8/site-packages/cv_bridge/boost/cv_bridge_boost.so
[1.708s] Invoked command in '/home/sentry/Wolf-Moon/build/cv_bridge' returned '0': CMAKE_PREFIX_PATH=${CMAKE_PREFIX_PATH}:/home/sentry/Wolf-Moon/install/fake_msg_publisher:/opt/ros/galactic /usr/bin/cmake --install /home/sentry/Wolf-Moon/build/cv_bridge
