[0.052s] Invoking command in '/home/sentry/Wolf-Moon/build/livox_ros_driver2': CMAKE_PREFIX_PATH=/opt/ros/galactic /usr/bin/cmake --build /home/sentry/Wolf-Moon/build/livox_ros_driver2 -- -j12 -l12
[0.144s] [  1%] Built target livox_interfaces2__cpp
[0.157s] [  8%] Built target livox_interfaces2__rosidl_generator_c
[0.164s] [ 12%] Built target livox_ros_driver2_node
[0.231s] [ 19%] Built target livox_interfaces2__rosidl_typesupport_cpp
[0.236s] [ 26%] Built target livox_interfaces2__rosidl_typesupport_fastrtps_cpp
[0.236s] [ 33%] Built target livox_interfaces2__rosidl_typesupport_c
[0.244s] [ 40%] Built target livox_interfaces2__rosidl_typesupport_introspection_c
[0.244s] [ 47%] Built target livox_interfaces2__rosidl_typesupport_introspection_cpp
[0.287s] [ 54%] Built target livox_interfaces2__rosidl_typesupport_fastrtps_c
[0.355s] [ 54%] Built target livox_interfaces2
[0.402s] [ 56%] Built target livox_interfaces2__py
[0.454s] [ 61%] Built target livox_interfaces2__python
[0.456s] [ 89%] Built target livox_ros_driver2
[0.516s] [ 92%] Built target livox_ros_driver2__rosidl_typesupport_introspection_c__pyext
[0.534s] [ 96%] Built target livox_ros_driver2__rosidl_typesupport_c__pyext
[0.542s] [100%] Built target livox_ros_driver2__rosidl_typesupport_fastrtps_c__pyext
[0.578s] Invoked command in '/home/sentry/Wolf-Moon/build/livox_ros_driver2' returned '0': CMAKE_PREFIX_PATH=/opt/ros/galactic /usr/bin/cmake --build /home/sentry/Wolf-Moon/build/livox_ros_driver2 -- -j12 -l12
[0.580s] Invoking command in '/home/sentry/Wolf-Moon/build/livox_ros_driver2': CMAKE_PREFIX_PATH=/opt/ros/galactic /usr/bin/cmake --install /home/sentry/Wolf-Moon/build/livox_ros_driver2
[0.622s] -- Install configuration: ""
[0.622s] -- Up-to-date: /home/sentry/Wolf-Moon/install/livox_ros_driver2/share/ament_index/resource_index/rosidl_interfaces/livox_ros_driver2
[0.622s] -- Up-to-date: /home/sentry/Wolf-Moon/install/livox_ros_driver2/include/livox_ros_driver2
[0.622s] -- Up-to-date: /home/sentry/Wolf-Moon/install/livox_ros_driver2/include/livox_ros_driver2/msg
[0.622s] -- Up-to-date: /home/sentry/Wolf-Moon/install/livox_ros_driver2/include/livox_ros_driver2/msg/custom_msg.h
[0.622s] -- Up-to-date: /home/sentry/Wolf-Moon/install/livox_ros_driver2/include/livox_ros_driver2/msg/custom_point.h
[0.622s] -- Up-to-date: /home/sentry/Wolf-Moon/install/livox_ros_driver2/include/livox_ros_driver2/msg/detail
[0.623s] -- Up-to-date: /home/sentry/Wolf-Moon/install/livox_ros_driver2/include/livox_ros_driver2/msg/detail/custom_point__struct.h
[0.623s] -- Up-to-date: /home/sentry/Wolf-Moon/install/livox_ros_driver2/include/livox_ros_driver2/msg/detail/custom_msg__functions.c
[0.623s] -- Up-to-date: /home/sentry/Wolf-Moon/install/livox_ros_driver2/include/livox_ros_driver2/msg/detail/custom_msg__struct.h
[0.623s] -- Up-to-date: /home/sentry/Wolf-Moon/install/livox_ros_driver2/include/livox_ros_driver2/msg/detail/custom_point__functions.h
[0.623s] -- Up-to-date: /home/sentry/Wolf-Moon/install/livox_ros_driver2/include/livox_ros_driver2/msg/detail/custom_msg__functions.h
[0.623s] -- Up-to-date: /home/sentry/Wolf-Moon/install/livox_ros_driver2/include/livox_ros_driver2/msg/detail/custom_point__type_support.h
[0.623s] -- Up-to-date: /home/sentry/Wolf-Moon/install/livox_ros_driver2/include/livox_ros_driver2/msg/detail/custom_msg__type_support.h
[0.623s] -- Up-to-date: /home/sentry/Wolf-Moon/install/livox_ros_driver2/include/livox_ros_driver2/msg/detail/custom_point__functions.c
[0.623s] -- Up-to-date: /home/sentry/Wolf-Moon/install/livox_ros_driver2/include/livox_ros_driver2/msg/rosidl_generator_c__visibility_control.h
[0.623s] -- Up-to-date: /home/sentry/Wolf-Moon/install/livox_ros_driver2/share/livox_ros_driver2/environment/library_path.sh
[0.623s] -- Up-to-date: /home/sentry/Wolf-Moon/install/livox_ros_driver2/share/livox_ros_driver2/environment/library_path.dsv
[0.624s] -- Up-to-date: /home/sentry/Wolf-Moon/install/livox_ros_driver2/lib/liblivox_ros_driver2__rosidl_generator_c.so
[0.624s] -- Up-to-date: /home/sentry/Wolf-Moon/install/livox_ros_driver2/include/livox_ros_driver2
[0.624s] -- Up-to-date: /home/sentry/Wolf-Moon/install/livox_ros_driver2/include/livox_ros_driver2/msg
[0.624s] -- Up-to-date: /home/sentry/Wolf-Moon/install/livox_ros_driver2/include/livox_ros_driver2/msg/detail
[0.624s] -- Up-to-date: /home/sentry/Wolf-Moon/install/livox_ros_driver2/include/livox_ros_driver2/msg/detail/custom_msg__rosidl_typesupport_fastrtps_c.h
[0.624s] -- Up-to-date: /home/sentry/Wolf-Moon/install/livox_ros_driver2/include/livox_ros_driver2/msg/detail/custom_point__rosidl_typesupport_fastrtps_c.h
[0.624s] -- Up-to-date: /home/sentry/Wolf-Moon/install/livox_ros_driver2/include/livox_ros_driver2/msg/rosidl_typesupport_fastrtps_c__visibility_control.h
[0.624s] -- Up-to-date: /home/sentry/Wolf-Moon/install/livox_ros_driver2/lib/liblivox_ros_driver2__rosidl_typesupport_fastrtps_c.so
[0.624s] -- Up-to-date: /home/sentry/Wolf-Moon/install/livox_ros_driver2/include/livox_ros_driver2
[0.624s] -- Up-to-date: /home/sentry/Wolf-Moon/install/livox_ros_driver2/include/livox_ros_driver2/msg
[0.625s] -- Up-to-date: /home/sentry/Wolf-Moon/install/livox_ros_driver2/include/livox_ros_driver2/msg/detail
[0.625s] -- Up-to-date: /home/sentry/Wolf-Moon/install/livox_ros_driver2/include/livox_ros_driver2/msg/detail/custom_point__rosidl_typesupport_fastrtps_cpp.hpp
[0.625s] -- Up-to-date: /home/sentry/Wolf-Moon/install/livox_ros_driver2/include/livox_ros_driver2/msg/detail/custom_msg__rosidl_typesupport_fastrtps_cpp.hpp
[0.625s] -- Up-to-date: /home/sentry/Wolf-Moon/install/livox_ros_driver2/include/livox_ros_driver2/msg/detail/dds_fastrtps
[0.625s] -- Up-to-date: /home/sentry/Wolf-Moon/install/livox_ros_driver2/include/livox_ros_driver2/msg/rosidl_typesupport_fastrtps_cpp__visibility_control.h
[0.625s] -- Up-to-date: /home/sentry/Wolf-Moon/install/livox_ros_driver2/lib/liblivox_ros_driver2__rosidl_typesupport_fastrtps_cpp.so
[0.625s] -- Up-to-date: /home/sentry/Wolf-Moon/install/livox_ros_driver2/include/livox_ros_driver2
[0.625s] -- Up-to-date: /home/sentry/Wolf-Moon/install/livox_ros_driver2/include/livox_ros_driver2/msg
[0.625s] -- Up-to-date: /home/sentry/Wolf-Moon/install/livox_ros_driver2/include/livox_ros_driver2/msg/rosidl_typesupport_introspection_c__visibility_control.h
[0.625s] -- Up-to-date: /home/sentry/Wolf-Moon/install/livox_ros_driver2/include/livox_ros_driver2/msg/detail
[0.625s] -- Up-to-date: /home/sentry/Wolf-Moon/install/livox_ros_driver2/include/livox_ros_driver2/msg/detail/custom_msg__type_support.c
[0.628s] -- Up-to-date: /home/sentry/Wolf-Moon/install/livox_ros_driver2/include/livox_ros_driver2/msg/detail/custom_point__rosidl_typesupport_introspection_c.h
[0.628s] -- Up-to-date: /home/sentry/Wolf-Moon/install/livox_ros_driver2/include/livox_ros_driver2/msg/detail/custom_point__type_support.c
[0.628s] -- Up-to-date: /home/sentry/Wolf-Moon/install/livox_ros_driver2/include/livox_ros_driver2/msg/detail/custom_msg__rosidl_typesupport_introspection_c.h
[0.628s] -- Up-to-date: /home/sentry/Wolf-Moon/install/livox_ros_driver2/lib/liblivox_ros_driver2__rosidl_typesupport_introspection_c.so
[0.628s] -- Up-to-date: /home/sentry/Wolf-Moon/install/livox_ros_driver2/lib/liblivox_ros_driver2__rosidl_typesupport_c.so
[0.628s] -- Up-to-date: /home/sentry/Wolf-Moon/install/livox_ros_driver2/include/livox_ros_driver2
[0.628s] -- Up-to-date: /home/sentry/Wolf-Moon/install/livox_ros_driver2/include/livox_ros_driver2/msg
[0.628s] -- Up-to-date: /home/sentry/Wolf-Moon/install/livox_ros_driver2/include/livox_ros_driver2/msg/custom_msg.hpp
[0.629s] -- Up-to-date: /home/sentry/Wolf-Moon/install/livox_ros_driver2/include/livox_ros_driver2/msg/custom_point.hpp
[0.629s] -- Up-to-date: /home/sentry/Wolf-Moon/install/livox_ros_driver2/include/livox_ros_driver2/msg/detail
[0.629s] -- Up-to-date: /home/sentry/Wolf-Moon/install/livox_ros_driver2/include/livox_ros_driver2/msg/detail/custom_msg__builder.hpp
[0.629s] -- Up-to-date: /home/sentry/Wolf-Moon/install/livox_ros_driver2/include/livox_ros_driver2/msg/detail/custom_msg__traits.hpp
[0.629s] -- Up-to-date: /home/sentry/Wolf-Moon/install/livox_ros_driver2/include/livox_ros_driver2/msg/detail/custom_msg__struct.hpp
[0.629s] -- Up-to-date: /home/sentry/Wolf-Moon/install/livox_ros_driver2/include/livox_ros_driver2/msg/detail/custom_point__builder.hpp
[0.629s] -- Up-to-date: /home/sentry/Wolf-Moon/install/livox_ros_driver2/include/livox_ros_driver2/msg/detail/custom_point__traits.hpp
[0.629s] -- Up-to-date: /home/sentry/Wolf-Moon/install/livox_ros_driver2/include/livox_ros_driver2/msg/detail/custom_point__struct.hpp
[0.629s] -- Up-to-date: /home/sentry/Wolf-Moon/install/livox_ros_driver2/include/livox_ros_driver2
[0.629s] -- Up-to-date: /home/sentry/Wolf-Moon/install/livox_ros_driver2/include/livox_ros_driver2/msg
[0.629s] -- Up-to-date: /home/sentry/Wolf-Moon/install/livox_ros_driver2/include/livox_ros_driver2/msg/detail
[0.630s] -- Up-to-date: /home/sentry/Wolf-Moon/install/livox_ros_driver2/include/livox_ros_driver2/msg/detail/custom_point__type_support.cpp
[0.630s] -- Up-to-date: /home/sentry/Wolf-Moon/install/livox_ros_driver2/include/livox_ros_driver2/msg/detail/custom_point__rosidl_typesupport_introspection_cpp.hpp
[0.630s] -- Up-to-date: /home/sentry/Wolf-Moon/install/livox_ros_driver2/include/livox_ros_driver2/msg/detail/custom_msg__type_support.cpp
[0.630s] -- Up-to-date: /home/sentry/Wolf-Moon/install/livox_ros_driver2/include/livox_ros_driver2/msg/detail/custom_msg__rosidl_typesupport_introspection_cpp.hpp
[0.630s] -- Up-to-date: /home/sentry/Wolf-Moon/install/livox_ros_driver2/lib/liblivox_ros_driver2__rosidl_typesupport_introspection_cpp.so
[0.630s] -- Up-to-date: /home/sentry/Wolf-Moon/install/livox_ros_driver2/lib/liblivox_ros_driver2__rosidl_typesupport_cpp.so
[0.630s] -- Up-to-date: /home/sentry/Wolf-Moon/install/livox_ros_driver2/share/livox_ros_driver2/environment/pythonpath.sh
[0.630s] -- Up-to-date: /home/sentry/Wolf-Moon/install/livox_ros_driver2/share/livox_ros_driver2/environment/pythonpath.dsv
[0.630s] -- Up-to-date: /home/sentry/Wolf-Moon/install/livox_ros_driver2/lib/python3.8/site-packages/livox_ros_driver2/__init__.py
[0.653s] -- Up-to-date: /home/sentry/Wolf-Moon/install/livox_ros_driver2/lib/python3.8/site-packages/livox_ros_driver2/msg
[0.653s] -- Up-to-date: /home/sentry/Wolf-Moon/install/livox_ros_driver2/lib/python3.8/site-packages/livox_ros_driver2/msg/__init__.py
[0.653s] -- Up-to-date: /home/sentry/Wolf-Moon/install/livox_ros_driver2/lib/python3.8/site-packages/livox_ros_driver2/msg/_custom_point.py
[0.654s] -- Up-to-date: /home/sentry/Wolf-Moon/install/livox_ros_driver2/lib/python3.8/site-packages/livox_ros_driver2/msg/_custom_msg.py
[0.654s] -- Up-to-date: /home/sentry/Wolf-Moon/install/livox_ros_driver2/lib/python3.8/site-packages/livox_ros_driver2/msg/_custom_msg_s.c
[0.654s] -- Up-to-date: /home/sentry/Wolf-Moon/install/livox_ros_driver2/lib/python3.8/site-packages/livox_ros_driver2/msg/_custom_point_s.c
[0.654s] -- Up-to-date: /home/sentry/Wolf-Moon/install/livox_ros_driver2/lib/python3.8/site-packages/livox_ros_driver2/livox_ros_driver2_s__rosidl_typesupport_fastrtps_c.cpython-38-x86_64-linux-gnu.so
[0.654s] -- Up-to-date: /home/sentry/Wolf-Moon/install/livox_ros_driver2/lib/python3.8/site-packages/livox_ros_driver2/livox_ros_driver2_s__rosidl_typesupport_introspection_c.cpython-38-x86_64-linux-gnu.so
[0.656s] -- Up-to-date: /home/sentry/Wolf-Moon/install/livox_ros_driver2/lib/python3.8/site-packages/livox_ros_driver2/livox_ros_driver2_s__rosidl_typesupport_c.cpython-38-x86_64-linux-gnu.so
[0.656s] -- Up-to-date: /home/sentry/Wolf-Moon/install/livox_ros_driver2/lib/liblivox_interfaces2__python.so
[0.657s] -- Up-to-date: /home/sentry/Wolf-Moon/install/livox_ros_driver2/share/livox_ros_driver2/msg/CustomPoint.idl
[0.657s] -- Up-to-date: /home/sentry/Wolf-Moon/install/livox_ros_driver2/share/livox_ros_driver2/msg/CustomMsg.idl
[0.659s] -- Up-to-date: /home/sentry/Wolf-Moon/install/livox_ros_driver2/share/livox_ros_driver2/msg/CustomPoint.msg
[0.659s] -- Up-to-date: /home/sentry/Wolf-Moon/install/livox_ros_driver2/share/livox_ros_driver2/msg/CustomMsg.msg
[0.659s] -- Up-to-date: /home/sentry/Wolf-Moon/install/livox_ros_driver2/lib/livox_ros_driver2/livox_ros_driver2_node
[0.661s] -- Up-to-date: /home/sentry/Wolf-Moon/install/livox_ros_driver2/lib/liblivox_ros_driver2.so
[0.662s] -- Up-to-date: /home/sentry/Wolf-Moon/install/livox_ros_driver2/share/livox_ros_driver2/config
[0.664s] -- Up-to-date: /home/sentry/Wolf-Moon/install/livox_ros_driver2/share/livox_ros_driver2/config/HAP_config.json
[0.664s] -- Up-to-date: /home/sentry/Wolf-Moon/install/livox_ros_driver2/share/livox_ros_driver2/config/MID360_config.json
[0.664s] -- Up-to-date: /home/sentry/Wolf-Moon/install/livox_ros_driver2/share/livox_ros_driver2/config/display_point_cloud_ROS2.rviz
[0.664s] -- Up-to-date: /home/sentry/Wolf-Moon/install/livox_ros_driver2/share/livox_ros_driver2/config/mixed_HAP_MID360_config.json
[0.664s] -- Up-to-date: /home/sentry/Wolf-Moon/install/livox_ros_driver2/share/livox_ros_driver2/config/display_point_cloud_ROS1.rviz
[0.665s] -- Up-to-date: /home/sentry/Wolf-Moon/install/livox_ros_driver2/share/livox_ros_driver2/launch_ROS2
[0.665s] -- Up-to-date: /home/sentry/Wolf-Moon/install/livox_ros_driver2/share/livox_ros_driver2/launch_ROS2/msg_HAP_launch.py
[0.665s] -- Up-to-date: /home/sentry/Wolf-Moon/install/livox_ros_driver2/share/livox_ros_driver2/launch_ROS2/msg_MID360_launch.py
[0.665s] -- Up-to-date: /home/sentry/Wolf-Moon/install/livox_ros_driver2/share/livox_ros_driver2/launch_ROS2/rviz_MID360_launch.py
[0.665s] -- Up-to-date: /home/sentry/Wolf-Moon/install/livox_ros_driver2/share/livox_ros_driver2/launch_ROS2/rviz_HAP_launch.py
[0.666s] -- Up-to-date: /home/sentry/Wolf-Moon/install/livox_ros_driver2/share/livox_ros_driver2/launch_ROS2/rviz_mixed.py
[0.673s] -- Up-to-date: /home/sentry/Wolf-Moon/install/livox_ros_driver2/share/ament_index/resource_index/package_run_dependencies/livox_ros_driver2
[0.673s] -- Up-to-date: /home/sentry/Wolf-Moon/install/livox_ros_driver2/share/ament_index/resource_index/parent_prefix_path/livox_ros_driver2
[0.673s] -- Up-to-date: /home/sentry/Wolf-Moon/install/livox_ros_driver2/share/livox_ros_driver2/environment/ament_prefix_path.sh
[0.673s] -- Up-to-date: /home/sentry/Wolf-Moon/install/livox_ros_driver2/share/livox_ros_driver2/environment/ament_prefix_path.dsv
[0.673s] -- Up-to-date: /home/sentry/Wolf-Moon/install/livox_ros_driver2/share/livox_ros_driver2/environment/path.sh
[0.677s] -- Up-to-date: /home/sentry/Wolf-Moon/install/livox_ros_driver2/share/livox_ros_driver2/environment/path.dsv
[0.678s] -- Up-to-date: /home/sentry/Wolf-Moon/install/livox_ros_driver2/share/livox_ros_driver2/local_setup.bash
[0.678s] -- Up-to-date: /home/sentry/Wolf-Moon/install/livox_ros_driver2/share/livox_ros_driver2/local_setup.sh
[0.678s] -- Up-to-date: /home/sentry/Wolf-Moon/install/livox_ros_driver2/share/livox_ros_driver2/local_setup.zsh
[0.679s] -- Up-to-date: /home/sentry/Wolf-Moon/install/livox_ros_driver2/share/livox_ros_driver2/local_setup.dsv
[0.679s] -- Installing: /home/sentry/Wolf-Moon/install/livox_ros_driver2/share/livox_ros_driver2/package.dsv
[0.679s] -- Up-to-date: /home/sentry/Wolf-Moon/install/livox_ros_driver2/share/ament_index/resource_index/packages/livox_ros_driver2
[0.679s] -- Up-to-date: /home/sentry/Wolf-Moon/install/livox_ros_driver2/share/livox_ros_driver2/cmake/livox_interfaces2__rosidl_generator_cExport.cmake
[0.680s] -- Up-to-date: /home/sentry/Wolf-Moon/install/livox_ros_driver2/share/livox_ros_driver2/cmake/livox_interfaces2__rosidl_generator_cExport-noconfig.cmake
[0.680s] -- Up-to-date: /home/sentry/Wolf-Moon/install/livox_ros_driver2/share/livox_ros_driver2/cmake/livox_interfaces2__rosidl_typesupport_introspection_cExport.cmake
[0.680s] -- Up-to-date: /home/sentry/Wolf-Moon/install/livox_ros_driver2/share/livox_ros_driver2/cmake/livox_interfaces2__rosidl_typesupport_introspection_cExport-noconfig.cmake
[0.680s] -- Up-to-date: /home/sentry/Wolf-Moon/install/livox_ros_driver2/share/livox_ros_driver2/cmake/livox_interfaces2__rosidl_typesupport_cExport.cmake
[0.681s] -- Up-to-date: /home/sentry/Wolf-Moon/install/livox_ros_driver2/share/livox_ros_driver2/cmake/livox_interfaces2__rosidl_typesupport_cExport-noconfig.cmake
[0.681s] -- Up-to-date: /home/sentry/Wolf-Moon/install/livox_ros_driver2/share/livox_ros_driver2/cmake/livox_interfaces2__rosidl_generator_cppExport.cmake
[0.681s] -- Up-to-date: /home/sentry/Wolf-Moon/install/livox_ros_driver2/share/livox_ros_driver2/cmake/livox_interfaces2__rosidl_typesupport_introspection_cppExport.cmake
[0.681s] -- Up-to-date: /home/sentry/Wolf-Moon/install/livox_ros_driver2/share/livox_ros_driver2/cmake/livox_interfaces2__rosidl_typesupport_introspection_cppExport-noconfig.cmake
[0.681s] -- Up-to-date: /home/sentry/Wolf-Moon/install/livox_ros_driver2/share/livox_ros_driver2/cmake/livox_interfaces2__rosidl_typesupport_cppExport.cmake
[0.681s] -- Up-to-date: /home/sentry/Wolf-Moon/install/livox_ros_driver2/share/livox_ros_driver2/cmake/livox_interfaces2__rosidl_typesupport_cppExport-noconfig.cmake
[0.681s] -- Up-to-date: /home/sentry/Wolf-Moon/install/livox_ros_driver2/share/ament_index/resource_index/rclcpp_components/livox_ros_driver2
[0.681s] -- Up-to-date: /home/sentry/Wolf-Moon/install/livox_ros_driver2/share/livox_ros_driver2/cmake/rosidl_cmake-extras.cmake
[0.681s] -- Up-to-date: /home/sentry/Wolf-Moon/install/livox_ros_driver2/share/livox_ros_driver2/cmake/ament_cmake_export_dependencies-extras.cmake
[0.681s] -- Up-to-date: /home/sentry/Wolf-Moon/install/livox_ros_driver2/share/livox_ros_driver2/cmake/ament_cmake_export_libraries-extras.cmake
[0.684s] -- Up-to-date: /home/sentry/Wolf-Moon/install/livox_ros_driver2/share/livox_ros_driver2/cmake/ament_cmake_export_targets-extras.cmake
[0.684s] -- Up-to-date: /home/sentry/Wolf-Moon/install/livox_ros_driver2/share/livox_ros_driver2/cmake/ament_cmake_export_include_directories-extras.cmake
[0.685s] -- Up-to-date: /home/sentry/Wolf-Moon/install/livox_ros_driver2/share/livox_ros_driver2/cmake/rosidl_cmake_export_typesupport_libraries-extras.cmake
[0.685s] -- Up-to-date: /home/sentry/Wolf-Moon/install/livox_ros_driver2/share/livox_ros_driver2/cmake/rosidl_cmake_export_typesupport_targets-extras.cmake
[0.685s] -- Up-to-date: /home/sentry/Wolf-Moon/install/livox_ros_driver2/share/livox_ros_driver2/cmake/livox_ros_driver2Config.cmake
[0.685s] -- Up-to-date: /home/sentry/Wolf-Moon/install/livox_ros_driver2/share/livox_ros_driver2/cmake/livox_ros_driver2Config-version.cmake
[0.685s] -- Up-to-date: /home/sentry/Wolf-Moon/install/livox_ros_driver2/share/livox_ros_driver2/package.xml
[0.740s] Invoked command in '/home/sentry/Wolf-Moon/build/livox_ros_driver2' returned '0': CMAKE_PREFIX_PATH=/opt/ros/galactic /usr/bin/cmake --install /home/sentry/Wolf-Moon/build/livox_ros_driver2
