[0.080s] Invoking command in '/home/sentry/Wolf-Moon/build/grid_map_demos': AMENT_PREFIX_PATH=/home/sentry/Wolf-Moon/install/grid_map_visualization:/home/sentry/Wolf-Moon/install/grid_map_rviz_plugin:/home/sentry/Wolf-Moon/install/grid_map_loader:/home/sentry/Wolf-Moon/install/grid_map_filters:/home/sentry/Wolf-Moon/install/grid_map_ros:/home/sentry/Wolf-Moon/install/grid_map_octomap:/home/sentry/Wolf-Moon/install/grid_map_cv:/home/sentry/Wolf-Moon/install/nav2_msgs:/home/sentry/Wolf-Moon/install/grid_map_msgs:/home/sentry/Wolf-Moon/install/grid_map_core:/home/sentry/Wolf-Moon/install/nav2_common:/home/sentry/Wolf-Moon/install/grid_map_cmake_helpers:/home/sentry/Wolf-Moon/install/cv_bridge:${AMENT_PREFIX_PATH} CMAKE_PREFIX_PATH=/home/sentry/Wolf-Moon/install/grid_map_visualization:/home/sentry/Wolf-Moon/install/grid_map_rviz_plugin:/home/sentry/Wolf-Moon/install/grid_map_loader:/home/sentry/Wolf-Moon/install/grid_map_filters:/home/sentry/Wolf-Moon/install/grid_map_ros:/home/sentry/Wolf-Moon/install/grid_map_octomap:/home/sentry/Wolf-Moon/install/grid_map_cv:/home/sentry/Wolf-Moon/install/nav2_msgs:/home/sentry/Wolf-Moon/install/grid_map_msgs:/home/sentry/Wolf-Moon/install/grid_map_core:/home/sentry/Wolf-Moon/install/nav2_common:/home/sentry/Wolf-Moon/install/grid_map_cmake_helpers:/home/sentry/Wolf-Moon/install/cv_bridge:/opt/ros/galactic LD_LIBRARY_PATH=/home/sentry/Wolf-Moon/install/grid_map_visualization/lib:/home/sentry/Wolf-Moon/install/grid_map_rviz_plugin/lib:/home/sentry/Wolf-Moon/install/grid_map_loader/lib:/home/sentry/Wolf-Moon/install/grid_map_filters/lib:/home/sentry/Wolf-Moon/install/grid_map_ros/lib:/home/sentry/Wolf-Moon/install/grid_map_octomap/lib:/home/sentry/Wolf-Moon/install/grid_map_cv/lib:/home/sentry/Wolf-Moon/install/nav2_msgs/lib:/home/sentry/Wolf-Moon/install/grid_map_msgs/lib:/home/sentry/Wolf-Moon/install/grid_map_core/lib:/home/sentry/Wolf-Moon/install/cv_bridge/lib:/opt/MVS/lib/64:/opt/MVS/lib/32:/home/sentry/TUP2024-Sentry-Framework/src/IG_LIO_SLAM/ThirdParty/octomap-Dynamic_point_cloud_removal/lib:/opt/intel/openvino_2022/tools/compile_tool:/opt/intel/openvino_2022/runtime/3rdparty/hddl/lib:/opt/intel/openvino_2022/runtime/lib/intel64:/opt/MVS/lib/64:/opt/MVS/lib/32:/usr/lib/x86_64-linux-gnu/gazebo-11/plugins:/opt/ros/galactic/opt/yaml_cpp_vendor/lib:/opt/ros/galactic/opt/rviz_ogre_vendor/lib:/opt/ros/galactic/lib/x86_64-linux-gnu:/opt/ros/galactic/lib:/home/sentry/TUP2024-Sentry-Framework/src/IG_LIO_SLAM/ThirdParty/octomap-Dynamic_point_cloud_removal/lib:/opt/intel/openvino_2022/tools/compile_tool:/opt/intel/openvino_2022/runtime/3rdparty/hddl/lib:/opt/intel/openvino_2022/runtime/lib/intel64:/opt/MVS/lib/64:/opt/MVS/lib/32:/opt/MVS/lib/64:/opt/MVS/lib/32:/usr/local/opencv4/lib:/usr/local/opencv4/lib PYTHONPATH=/home/sentry/Wolf-Moon/install/nav2_msgs/lib/python3.8/site-packages:/home/sentry/Wolf-Moon/install/grid_map_msgs/lib/python3.8/site-packages:/home/sentry/Wolf-Moon/install/nav2_common/lib/python3.8/site-packages:/home/sentry/Wolf-Moon/install/cv_bridge/lib/python3.8/site-packages:/opt/intel/openvino_2022/python/python3.8:/opt/intel/openvino_2022/python/python3:/opt/ros/galactic/lib/python3.8/site-packages:/opt/intel/openvino_2022/python/python3.8:/opt/intel/openvino_2022/python/python3 /usr/bin/cmake --build /home/sentry/Wolf-Moon/build/grid_map_demos -- -j12 -l12
[0.227s] [ 10%] Built target interpolation_demo
[0.227s] [ 30%] Built target normal_filter_comparison_demo
[0.228s] [ 23%] Built target simple_demo
[0.228s] [ 23%] Built target iterator_benchmark
[0.235s] [ 36%] Built target move_demo
[0.258s] [ 43%] Built target tutorial_demo
[0.294s] [ 56%] Built target opencv_demo
[0.294s] [ 56%] Built target filters_demo_lib
[0.314s] [ 66%] Built target image_to_gridmap_demo
[0.315s] [ 73%] Built target resolution_change_demo
[0.316s] [ 83%] Built target iterators_demo
[0.345s] [ 93%] Built target octomap_to_gridmap_demo
[0.365s] [100%] Built target filters_demo
[0.382s] Invoked command in '/home/sentry/Wolf-Moon/build/grid_map_demos' returned '0': AMENT_PREFIX_PATH=/home/sentry/Wolf-Moon/install/grid_map_visualization:/home/sentry/Wolf-Moon/install/grid_map_rviz_plugin:/home/sentry/Wolf-Moon/install/grid_map_loader:/home/sentry/Wolf-Moon/install/grid_map_filters:/home/sentry/Wolf-Moon/install/grid_map_ros:/home/sentry/Wolf-Moon/install/grid_map_octomap:/home/sentry/Wolf-Moon/install/grid_map_cv:/home/sentry/Wolf-Moon/install/nav2_msgs:/home/sentry/Wolf-Moon/install/grid_map_msgs:/home/sentry/Wolf-Moon/install/grid_map_core:/home/sentry/Wolf-Moon/install/nav2_common:/home/sentry/Wolf-Moon/install/grid_map_cmake_helpers:/home/sentry/Wolf-Moon/install/cv_bridge:${AMENT_PREFIX_PATH} CMAKE_PREFIX_PATH=/home/sentry/Wolf-Moon/install/grid_map_visualization:/home/sentry/Wolf-Moon/install/grid_map_rviz_plugin:/home/sentry/Wolf-Moon/install/grid_map_loader:/home/sentry/Wolf-Moon/install/grid_map_filters:/home/sentry/Wolf-Moon/install/grid_map_ros:/home/sentry/Wolf-Moon/install/grid_map_octomap:/home/sentry/Wolf-Moon/install/grid_map_cv:/home/sentry/Wolf-Moon/install/nav2_msgs:/home/sentry/Wolf-Moon/install/grid_map_msgs:/home/sentry/Wolf-Moon/install/grid_map_core:/home/sentry/Wolf-Moon/install/nav2_common:/home/sentry/Wolf-Moon/install/grid_map_cmake_helpers:/home/sentry/Wolf-Moon/install/cv_bridge:/opt/ros/galactic LD_LIBRARY_PATH=/home/sentry/Wolf-Moon/install/grid_map_visualization/lib:/home/sentry/Wolf-Moon/install/grid_map_rviz_plugin/lib:/home/sentry/Wolf-Moon/install/grid_map_loader/lib:/home/sentry/Wolf-Moon/install/grid_map_filters/lib:/home/sentry/Wolf-Moon/install/grid_map_ros/lib:/home/sentry/Wolf-Moon/install/grid_map_octomap/lib:/home/sentry/Wolf-Moon/install/grid_map_cv/lib:/home/sentry/Wolf-Moon/install/nav2_msgs/lib:/home/sentry/Wolf-Moon/install/grid_map_msgs/lib:/home/sentry/Wolf-Moon/install/grid_map_core/lib:/home/sentry/Wolf-Moon/install/cv_bridge/lib:/opt/MVS/lib/64:/opt/MVS/lib/32:/home/sentry/TUP2024-Sentry-Framework/src/IG_LIO_SLAM/ThirdParty/octomap-Dynamic_point_cloud_removal/lib:/opt/intel/openvino_2022/tools/compile_tool:/opt/intel/openvino_2022/runtime/3rdparty/hddl/lib:/opt/intel/openvino_2022/runtime/lib/intel64:/opt/MVS/lib/64:/opt/MVS/lib/32:/usr/lib/x86_64-linux-gnu/gazebo-11/plugins:/opt/ros/galactic/opt/yaml_cpp_vendor/lib:/opt/ros/galactic/opt/rviz_ogre_vendor/lib:/opt/ros/galactic/lib/x86_64-linux-gnu:/opt/ros/galactic/lib:/home/sentry/TUP2024-Sentry-Framework/src/IG_LIO_SLAM/ThirdParty/octomap-Dynamic_point_cloud_removal/lib:/opt/intel/openvino_2022/tools/compile_tool:/opt/intel/openvino_2022/runtime/3rdparty/hddl/lib:/opt/intel/openvino_2022/runtime/lib/intel64:/opt/MVS/lib/64:/opt/MVS/lib/32:/opt/MVS/lib/64:/opt/MVS/lib/32:/usr/local/opencv4/lib:/usr/local/opencv4/lib PYTHONPATH=/home/sentry/Wolf-Moon/install/nav2_msgs/lib/python3.8/site-packages:/home/sentry/Wolf-Moon/install/grid_map_msgs/lib/python3.8/site-packages:/home/sentry/Wolf-Moon/install/nav2_common/lib/python3.8/site-packages:/home/sentry/Wolf-Moon/install/cv_bridge/lib/python3.8/site-packages:/opt/intel/openvino_2022/python/python3.8:/opt/intel/openvino_2022/python/python3:/opt/ros/galactic/lib/python3.8/site-packages:/opt/intel/openvino_2022/python/python3.8:/opt/intel/openvino_2022/python/python3 /usr/bin/cmake --build /home/sentry/Wolf-Moon/build/grid_map_demos -- -j12 -l12
[0.383s] Invoking command in '/home/sentry/Wolf-Moon/build/grid_map_demos': AMENT_PREFIX_PATH=/home/sentry/Wolf-Moon/install/grid_map_visualization:/home/sentry/Wolf-Moon/install/grid_map_rviz_plugin:/home/sentry/Wolf-Moon/install/grid_map_loader:/home/sentry/Wolf-Moon/install/grid_map_filters:/home/sentry/Wolf-Moon/install/grid_map_ros:/home/sentry/Wolf-Moon/install/grid_map_octomap:/home/sentry/Wolf-Moon/install/grid_map_cv:/home/sentry/Wolf-Moon/install/nav2_msgs:/home/sentry/Wolf-Moon/install/grid_map_msgs:/home/sentry/Wolf-Moon/install/grid_map_core:/home/sentry/Wolf-Moon/install/nav2_common:/home/sentry/Wolf-Moon/install/grid_map_cmake_helpers:/home/sentry/Wolf-Moon/install/cv_bridge:${AMENT_PREFIX_PATH} CMAKE_PREFIX_PATH=/home/sentry/Wolf-Moon/install/grid_map_visualization:/home/sentry/Wolf-Moon/install/grid_map_rviz_plugin:/home/sentry/Wolf-Moon/install/grid_map_loader:/home/sentry/Wolf-Moon/install/grid_map_filters:/home/sentry/Wolf-Moon/install/grid_map_ros:/home/sentry/Wolf-Moon/install/grid_map_octomap:/home/sentry/Wolf-Moon/install/grid_map_cv:/home/sentry/Wolf-Moon/install/nav2_msgs:/home/sentry/Wolf-Moon/install/grid_map_msgs:/home/sentry/Wolf-Moon/install/grid_map_core:/home/sentry/Wolf-Moon/install/nav2_common:/home/sentry/Wolf-Moon/install/grid_map_cmake_helpers:/home/sentry/Wolf-Moon/install/cv_bridge:/opt/ros/galactic LD_LIBRARY_PATH=/home/sentry/Wolf-Moon/install/grid_map_visualization/lib:/home/sentry/Wolf-Moon/install/grid_map_rviz_plugin/lib:/home/sentry/Wolf-Moon/install/grid_map_loader/lib:/home/sentry/Wolf-Moon/install/grid_map_filters/lib:/home/sentry/Wolf-Moon/install/grid_map_ros/lib:/home/sentry/Wolf-Moon/install/grid_map_octomap/lib:/home/sentry/Wolf-Moon/install/grid_map_cv/lib:/home/sentry/Wolf-Moon/install/nav2_msgs/lib:/home/sentry/Wolf-Moon/install/grid_map_msgs/lib:/home/sentry/Wolf-Moon/install/grid_map_core/lib:/home/sentry/Wolf-Moon/install/cv_bridge/lib:/opt/MVS/lib/64:/opt/MVS/lib/32:/home/sentry/TUP2024-Sentry-Framework/src/IG_LIO_SLAM/ThirdParty/octomap-Dynamic_point_cloud_removal/lib:/opt/intel/openvino_2022/tools/compile_tool:/opt/intel/openvino_2022/runtime/3rdparty/hddl/lib:/opt/intel/openvino_2022/runtime/lib/intel64:/opt/MVS/lib/64:/opt/MVS/lib/32:/usr/lib/x86_64-linux-gnu/gazebo-11/plugins:/opt/ros/galactic/opt/yaml_cpp_vendor/lib:/opt/ros/galactic/opt/rviz_ogre_vendor/lib:/opt/ros/galactic/lib/x86_64-linux-gnu:/opt/ros/galactic/lib:/home/sentry/TUP2024-Sentry-Framework/src/IG_LIO_SLAM/ThirdParty/octomap-Dynamic_point_cloud_removal/lib:/opt/intel/openvino_2022/tools/compile_tool:/opt/intel/openvino_2022/runtime/3rdparty/hddl/lib:/opt/intel/openvino_2022/runtime/lib/intel64:/opt/MVS/lib/64:/opt/MVS/lib/32:/opt/MVS/lib/64:/opt/MVS/lib/32:/usr/local/opencv4/lib:/usr/local/opencv4/lib PYTHONPATH=/home/sentry/Wolf-Moon/install/nav2_msgs/lib/python3.8/site-packages:/home/sentry/Wolf-Moon/install/grid_map_msgs/lib/python3.8/site-packages:/home/sentry/Wolf-Moon/install/nav2_common/lib/python3.8/site-packages:/home/sentry/Wolf-Moon/install/cv_bridge/lib/python3.8/site-packages:/opt/intel/openvino_2022/python/python3.8:/opt/intel/openvino_2022/python/python3:/opt/ros/galactic/lib/python3.8/site-packages:/opt/intel/openvino_2022/python/python3.8:/opt/intel/openvino_2022/python/python3 /usr/bin/cmake --install /home/sentry/Wolf-Moon/build/grid_map_demos
[0.396s] -- Install configuration: "Release"
[0.396s] -- Up-to-date: /home/sentry/Wolf-Moon/install/grid_map_demos/lib/grid_map_demos/filters_demo
[0.396s] -- Up-to-date: /home/sentry/Wolf-Moon/install/grid_map_demos/lib/libfilters_demo_lib.so
[0.396s] -- Up-to-date: /home/sentry/Wolf-Moon/install/grid_map_demos/lib/grid_map_demos/image_to_gridmap_demo
[0.396s] -- Up-to-date: /home/sentry/Wolf-Moon/install/grid_map_demos/lib/grid_map_demos/interpolation_demo
[0.396s] -- Up-to-date: /home/sentry/Wolf-Moon/install/grid_map_demos/lib/grid_map_demos/iterator_benchmark
[0.396s] -- Up-to-date: /home/sentry/Wolf-Moon/install/grid_map_demos/lib/grid_map_demos/iterators_demo
[0.396s] -- Up-to-date: /home/sentry/Wolf-Moon/install/grid_map_demos/lib/grid_map_demos/move_demo
[0.397s] -- Up-to-date: /home/sentry/Wolf-Moon/install/grid_map_demos/lib/grid_map_demos/normal_filter_comparison_demo
[0.398s] -- Up-to-date: /home/sentry/Wolf-Moon/install/grid_map_demos/lib/grid_map_demos/octomap_to_gridmap_demo
[0.399s] -- Up-to-date: /home/sentry/Wolf-Moon/install/grid_map_demos/lib/grid_map_demos/opencv_demo
[0.399s] -- Up-to-date: /home/sentry/Wolf-Moon/install/grid_map_demos/lib/grid_map_demos/resolution_change_demo
[0.400s] -- Up-to-date: /home/sentry/Wolf-Moon/install/grid_map_demos/lib/grid_map_demos/simple_demo
[0.400s] -- Up-to-date: /home/sentry/Wolf-Moon/install/grid_map_demos/lib/grid_map_demos/tutorial_demo
[0.400s] -- Up-to-date: /home/sentry/Wolf-Moon/install/grid_map_demos/share/grid_map_demos/config
[0.400s] -- Up-to-date: /home/sentry/Wolf-Moon/install/grid_map_demos/share/grid_map_demos/config/normal_filter_comparison_visualization.yaml
[0.400s] -- Up-to-date: /home/sentry/Wolf-Moon/install/grid_map_demos/share/grid_map_demos/config/filters_demo.yaml
[0.401s] -- Up-to-date: /home/sentry/Wolf-Moon/install/grid_map_demos/share/grid_map_demos/config/simple_demo.yaml
[0.401s] -- Up-to-date: /home/sentry/Wolf-Moon/install/grid_map_demos/share/grid_map_demos/config/opencv_demo.yaml
[0.401s] -- Up-to-date: /home/sentry/Wolf-Moon/install/grid_map_demos/share/grid_map_demos/config/iterators_demo.yaml
[0.401s] -- Up-to-date: /home/sentry/Wolf-Moon/install/grid_map_demos/share/grid_map_demos/config/grid_map_loader_demo.yaml
[0.401s] -- Up-to-date: /home/sentry/Wolf-Moon/install/grid_map_demos/share/grid_map_demos/config/move_demo.yaml
[0.401s] -- Up-to-date: /home/sentry/Wolf-Moon/install/grid_map_demos/share/grid_map_demos/config/interpolation_demo.yaml
[0.401s] -- Up-to-date: /home/sentry/Wolf-Moon/install/grid_map_demos/share/grid_map_demos/config/filters_demo_filter_chain.yaml
[0.401s] -- Up-to-date: /home/sentry/Wolf-Moon/install/grid_map_demos/share/grid_map_demos/config/image_to_gridmap_demo.yaml
[0.401s] -- Up-to-date: /home/sentry/Wolf-Moon/install/grid_map_demos/share/grid_map_demos/config/resolution_change_demo.yaml
[0.401s] -- Up-to-date: /home/sentry/Wolf-Moon/install/grid_map_demos/share/grid_map_demos/config/octomap_to_gridmap_demo.yaml
[0.401s] -- Up-to-date: /home/sentry/Wolf-Moon/install/grid_map_demos/share/grid_map_demos/config/normal_filter_comparison.yaml
[0.402s] -- Up-to-date: /home/sentry/Wolf-Moon/install/grid_map_demos/share/grid_map_demos/config/tutorial_demo.yaml
[0.402s] -- Up-to-date: /home/sentry/Wolf-Moon/install/grid_map_demos/share/grid_map_demos/data
[0.402s] -- Up-to-date: /home/sentry/Wolf-Moon/install/grid_map_demos/share/grid_map_demos/data/linearGradient_horizontal.png
[0.402s] -- Up-to-date: /home/sentry/Wolf-Moon/install/grid_map_demos/share/grid_map_demos/data/freiburg1_360.bt
[0.402s] -- Up-to-date: /home/sentry/Wolf-Moon/install/grid_map_demos/share/grid_map_demos/data/linearGradient_oblique_only.png
[0.402s] -- Up-to-date: /home/sentry/Wolf-Moon/install/grid_map_demos/share/grid_map_demos/data/linearGradient_vertical.png
[0.402s] -- Up-to-date: /home/sentry/Wolf-Moon/install/grid_map_demos/share/grid_map_demos/data/radialGradient_ellipse.png
[0.402s] -- Up-to-date: /home/sentry/Wolf-Moon/install/grid_map_demos/share/grid_map_demos/data/grid_map_bag
[0.402s] -- Up-to-date: /home/sentry/Wolf-Moon/install/grid_map_demos/share/grid_map_demos/data/grid_map_bag/grid_map_bag.db3
[0.403s] -- Up-to-date: /home/sentry/Wolf-Moon/install/grid_map_demos/share/grid_map_demos/data/grid_map_bag/metadata.yaml
[0.403s] -- Up-to-date: /home/sentry/Wolf-Moon/install/grid_map_demos/share/grid_map_demos/data/radialGradient_horizontal.png
[0.403s] -- Up-to-date: /home/sentry/Wolf-Moon/install/grid_map_demos/share/grid_map_demos/data/terrain.png
[0.403s] -- Up-to-date: /home/sentry/Wolf-Moon/install/grid_map_demos/share/grid_map_demos/data/radialGradient_circle.png
[0.403s] -- Up-to-date: /home/sentry/Wolf-Moon/install/grid_map_demos/share/grid_map_demos/data/linearGradient_oblique_and_flat.png
[0.403s] -- Up-to-date: /home/sentry/Wolf-Moon/install/grid_map_demos/share/grid_map_demos/data/eth_logo.png
[0.403s] -- Up-to-date: /home/sentry/Wolf-Moon/install/grid_map_demos/share/grid_map_demos/doc
[0.403s] -- Up-to-date: /home/sentry/Wolf-Moon/install/grid_map_demos/share/grid_map_demos/doc/filters_demo_preview.gif
[0.403s] -- Up-to-date: /home/sentry/Wolf-Moon/install/grid_map_demos/share/grid_map_demos/doc/image_to_grid_map_demo_result.png
[0.403s] -- Up-to-date: /home/sentry/Wolf-Moon/install/grid_map_demos/share/grid_map_demos/doc/filters_demo.gif
[0.404s] -- Up-to-date: /home/sentry/Wolf-Moon/install/grid_map_demos/share/grid_map_demos/doc/opencv_demo_result.gif
[0.404s] -- Up-to-date: /home/sentry/Wolf-Moon/install/grid_map_demos/share/grid_map_demos/launch
[0.404s] -- Up-to-date: /home/sentry/Wolf-Moon/install/grid_map_demos/share/grid_map_demos/launch/move_demo_launch.py
[0.404s] -- Up-to-date: /home/sentry/Wolf-Moon/install/grid_map_demos/share/grid_map_demos/launch/octomap_to_gridmap_demo_launch.py
[0.404s] -- Up-to-date: /home/sentry/Wolf-Moon/install/grid_map_demos/share/grid_map_demos/launch/tutorial_demo_launch.py
[0.404s] -- Up-to-date: /home/sentry/Wolf-Moon/install/grid_map_demos/share/grid_map_demos/launch/simple_demo_launch.py
[0.404s] -- Up-to-date: /home/sentry/Wolf-Moon/install/grid_map_demos/share/grid_map_demos/launch/image_to_gridmap_demo_launch.py
[0.415s] -- Up-to-date: /home/sentry/Wolf-Moon/install/grid_map_demos/share/grid_map_demos/launch/filters_demo_launch.py
[0.415s] -- Up-to-date: /home/sentry/Wolf-Moon/install/grid_map_demos/share/grid_map_demos/launch/iterators_demo_launch.py
[0.415s] -- Up-to-date: /home/sentry/Wolf-Moon/install/grid_map_demos/share/grid_map_demos/launch/grid_map_loader_demo_launch.py
[0.415s] -- Up-to-date: /home/sentry/Wolf-Moon/install/grid_map_demos/share/grid_map_demos/launch/resolution_change_demo_launch.py
[0.415s] -- Up-to-date: /home/sentry/Wolf-Moon/install/grid_map_demos/share/grid_map_demos/launch/interpolation_demo_launch.py
[0.415s] -- Up-to-date: /home/sentry/Wolf-Moon/install/grid_map_demos/share/grid_map_demos/launch/normal_filter_comparison_launch.py
[0.415s] -- Up-to-date: /home/sentry/Wolf-Moon/install/grid_map_demos/share/grid_map_demos/launch/opencv_demo_launch.py
[0.415s] -- Up-to-date: /home/sentry/Wolf-Moon/install/grid_map_demos/share/grid_map_demos/rviz
[0.415s] -- Up-to-date: /home/sentry/Wolf-Moon/install/grid_map_demos/share/grid_map_demos/rviz/grid_map_iterators_demo.rviz
[0.415s] -- Up-to-date: /home/sentry/Wolf-Moon/install/grid_map_demos/share/grid_map_demos/rviz/octomap_to_gridmap_demo.rviz
[0.415s] -- Up-to-date: /home/sentry/Wolf-Moon/install/grid_map_demos/share/grid_map_demos/rviz/interpolation_demo.rviz
[0.415s] -- Up-to-date: /home/sentry/Wolf-Moon/install/grid_map_demos/share/grid_map_demos/rviz/filters_demo.rviz
[0.415s] -- Up-to-date: /home/sentry/Wolf-Moon/install/grid_map_demos/share/grid_map_demos/rviz/grid_map_demo.rviz
[0.416s] -- Up-to-date: /home/sentry/Wolf-Moon/install/grid_map_demos/share/grid_map_demos/rviz/normal_filter_comparison_demo.rviz
[0.416s] -- Up-to-date: /home/sentry/Wolf-Moon/install/grid_map_demos/lib/grid_map_demos/image_publisher.py
[0.416s] -- Up-to-date: /home/sentry/Wolf-Moon/install/grid_map_demos/share/ament_index/resource_index/package_run_dependencies/grid_map_demos
[0.416s] -- Up-to-date: /home/sentry/Wolf-Moon/install/grid_map_demos/share/ament_index/resource_index/parent_prefix_path/grid_map_demos
[0.416s] -- Up-to-date: /home/sentry/Wolf-Moon/install/grid_map_demos/share/grid_map_demos/environment/ament_prefix_path.sh
[0.416s] -- Up-to-date: /home/sentry/Wolf-Moon/install/grid_map_demos/share/grid_map_demos/environment/ament_prefix_path.dsv
[0.416s] -- Up-to-date: /home/sentry/Wolf-Moon/install/grid_map_demos/share/grid_map_demos/environment/path.sh
[0.416s] -- Up-to-date: /home/sentry/Wolf-Moon/install/grid_map_demos/share/grid_map_demos/environment/path.dsv
[0.416s] -- Up-to-date: /home/sentry/Wolf-Moon/install/grid_map_demos/share/grid_map_demos/local_setup.bash
[0.416s] -- Up-to-date: /home/sentry/Wolf-Moon/install/grid_map_demos/share/grid_map_demos/local_setup.sh
[0.416s] -- Up-to-date: /home/sentry/Wolf-Moon/install/grid_map_demos/share/grid_map_demos/local_setup.zsh
[0.416s] -- Up-to-date: /home/sentry/Wolf-Moon/install/grid_map_demos/share/grid_map_demos/local_setup.dsv
[0.416s] -- Installing: /home/sentry/Wolf-Moon/install/grid_map_demos/share/grid_map_demos/package.dsv
[0.416s] -- Up-to-date: /home/sentry/Wolf-Moon/install/grid_map_demos/share/ament_index/resource_index/packages/grid_map_demos
[0.416s] -- Up-to-date: /home/sentry/Wolf-Moon/install/grid_map_demos/share/grid_map_demos/cmake/ament_cmake_export_include_directories-extras.cmake
[0.416s] -- Up-to-date: /home/sentry/Wolf-Moon/install/grid_map_demos/share/grid_map_demos/cmake/grid_map_demosConfig.cmake
[0.416s] -- Up-to-date: /home/sentry/Wolf-Moon/install/grid_map_demos/share/grid_map_demos/cmake/grid_map_demosConfig-version.cmake
[0.417s] -- Up-to-date: /home/sentry/Wolf-Moon/install/grid_map_demos/share/grid_map_demos/package.xml
[0.417s] Invoked command in '/home/sentry/Wolf-Moon/build/grid_map_demos' returned '0': AMENT_PREFIX_PATH=/home/sentry/Wolf-Moon/install/grid_map_visualization:/home/sentry/Wolf-Moon/install/grid_map_rviz_plugin:/home/sentry/Wolf-Moon/install/grid_map_loader:/home/sentry/Wolf-Moon/install/grid_map_filters:/home/sentry/Wolf-Moon/install/grid_map_ros:/home/sentry/Wolf-Moon/install/grid_map_octomap:/home/sentry/Wolf-Moon/install/grid_map_cv:/home/sentry/Wolf-Moon/install/nav2_msgs:/home/sentry/Wolf-Moon/install/grid_map_msgs:/home/sentry/Wolf-Moon/install/grid_map_core:/home/sentry/Wolf-Moon/install/nav2_common:/home/sentry/Wolf-Moon/install/grid_map_cmake_helpers:/home/sentry/Wolf-Moon/install/cv_bridge:${AMENT_PREFIX_PATH} CMAKE_PREFIX_PATH=/home/sentry/Wolf-Moon/install/grid_map_visualization:/home/sentry/Wolf-Moon/install/grid_map_rviz_plugin:/home/sentry/Wolf-Moon/install/grid_map_loader:/home/sentry/Wolf-Moon/install/grid_map_filters:/home/sentry/Wolf-Moon/install/grid_map_ros:/home/sentry/Wolf-Moon/install/grid_map_octomap:/home/sentry/Wolf-Moon/install/grid_map_cv:/home/sentry/Wolf-Moon/install/nav2_msgs:/home/sentry/Wolf-Moon/install/grid_map_msgs:/home/sentry/Wolf-Moon/install/grid_map_core:/home/sentry/Wolf-Moon/install/nav2_common:/home/sentry/Wolf-Moon/install/grid_map_cmake_helpers:/home/sentry/Wolf-Moon/install/cv_bridge:/opt/ros/galactic LD_LIBRARY_PATH=/home/sentry/Wolf-Moon/install/grid_map_visualization/lib:/home/sentry/Wolf-Moon/install/grid_map_rviz_plugin/lib:/home/sentry/Wolf-Moon/install/grid_map_loader/lib:/home/sentry/Wolf-Moon/install/grid_map_filters/lib:/home/sentry/Wolf-Moon/install/grid_map_ros/lib:/home/sentry/Wolf-Moon/install/grid_map_octomap/lib:/home/sentry/Wolf-Moon/install/grid_map_cv/lib:/home/sentry/Wolf-Moon/install/nav2_msgs/lib:/home/sentry/Wolf-Moon/install/grid_map_msgs/lib:/home/sentry/Wolf-Moon/install/grid_map_core/lib:/home/sentry/Wolf-Moon/install/cv_bridge/lib:/opt/MVS/lib/64:/opt/MVS/lib/32:/home/sentry/TUP2024-Sentry-Framework/src/IG_LIO_SLAM/ThirdParty/octomap-Dynamic_point_cloud_removal/lib:/opt/intel/openvino_2022/tools/compile_tool:/opt/intel/openvino_2022/runtime/3rdparty/hddl/lib:/opt/intel/openvino_2022/runtime/lib/intel64:/opt/MVS/lib/64:/opt/MVS/lib/32:/usr/lib/x86_64-linux-gnu/gazebo-11/plugins:/opt/ros/galactic/opt/yaml_cpp_vendor/lib:/opt/ros/galactic/opt/rviz_ogre_vendor/lib:/opt/ros/galactic/lib/x86_64-linux-gnu:/opt/ros/galactic/lib:/home/sentry/TUP2024-Sentry-Framework/src/IG_LIO_SLAM/ThirdParty/octomap-Dynamic_point_cloud_removal/lib:/opt/intel/openvino_2022/tools/compile_tool:/opt/intel/openvino_2022/runtime/3rdparty/hddl/lib:/opt/intel/openvino_2022/runtime/lib/intel64:/opt/MVS/lib/64:/opt/MVS/lib/32:/opt/MVS/lib/64:/opt/MVS/lib/32:/usr/local/opencv4/lib:/usr/local/opencv4/lib PYTHONPATH=/home/sentry/Wolf-Moon/install/nav2_msgs/lib/python3.8/site-packages:/home/sentry/Wolf-Moon/install/grid_map_msgs/lib/python3.8/site-packages:/home/sentry/Wolf-Moon/install/nav2_common/lib/python3.8/site-packages:/home/sentry/Wolf-Moon/install/cv_bridge/lib/python3.8/site-packages:/opt/intel/openvino_2022/python/python3.8:/opt/intel/openvino_2022/python/python3:/opt/ros/galactic/lib/python3.8/site-packages:/opt/intel/openvino_2022/python/python3.8:/opt/intel/openvino_2022/python/python3 /usr/bin/cmake --install /home/sentry/Wolf-Moon/build/grid_map_demos
