make[2]: Warning: File '/home/sentry/Wolf-Moon/src/localization_mapping/src/map_builder_node.cpp' has modification time 75822 s in the future
In file included from [01m[K/home/sentry/Wolf-Moon/src/localization_mapping/src/../include/map_builder_node.hpp:40[m[K,
                 from [01m[K/home/sentry/Wolf-Moon/src/localization_mapping/src/map_builder_node.cpp:1[m[K:
[01m[K/home/sentry/Wolf-Moon/src/localization_mapping/src/../include/./ig_lio_c/icp_localizer.hpp:[m[K In constructor ‘[01m[KIG_LIO::IcpLocalizer::IcpLocalizer()[m[K’:
[01m[K/home/sentry/Wolf-Moon/src/localization_mapping/src/../include/./ig_lio_c/icp_localizer.hpp:30:16:[m[K [01;35m[Kwarning: [m[K‘[01m[KIG_LIO::IcpLocalizer::refine_resolution_[m[K’ will be initialized after [[01;35m[K-Wreorder[m[K]
   30 |         double [01;35m[Krefine_resolution_[m[K;
      |                [01;35m[K^~~~~~~~~~~~~~~~~~[m[K
[01m[K/home/sentry/Wolf-Moon/src/localization_mapping/src/../include/./ig_lio_c/icp_localizer.hpp:29:16:[m[K [01;35m[Kwarning: [m[K  ‘[01m[Kdouble IG_LIO::IcpLocalizer::rough_resolution_[m[K’ [[01;35m[K-Wreorder[m[K]
   29 |         double [01;35m[Krough_resolution_[m[K;
      |                [01;35m[K^~~~~~~~~~~~~~~~~[m[K
[01m[K/home/sentry/Wolf-Moon/src/localization_mapping/src/../include/./ig_lio_c/icp_localizer.hpp:36:9:[m[K [01;35m[Kwarning: [m[K  when initialized here [[01;35m[K-Wreorder[m[K]
   36 |         [01;35m[KIcpLocalizer[m[K()
      |         [01;35m[K^~~~~~~~~~~~[m[K
[01m[K/home/sentry/Wolf-Moon/src/localization_mapping/src/../include/./ig_lio_c/icp_localizer.hpp:32:13:[m[K [01;35m[Kwarning: [m[K‘[01m[KIG_LIO::IcpLocalizer::refine_iter_[m[K’ will be initialized after [[01;35m[K-Wreorder[m[K]
   32 |         int [01;35m[Krefine_iter_[m[K;
      |             [01;35m[K^~~~~~~~~~~~[m[K
[01m[K/home/sentry/Wolf-Moon/src/localization_mapping/src/../include/./ig_lio_c/icp_localizer.hpp:31:13:[m[K [01;35m[Kwarning: [m[K  ‘[01m[Kint IG_LIO::IcpLocalizer::rough_iter_[m[K’ [[01;35m[K-Wreorder[m[K]
   31 |         int [01;35m[Krough_iter_[m[K;
      |             [01;35m[K^~~~~~~~~~~[m[K
[01m[K/home/sentry/Wolf-Moon/src/localization_mapping/src/../include/./ig_lio_c/icp_localizer.hpp:36:9:[m[K [01;35m[Kwarning: [m[K  when initialized here [[01;35m[K-Wreorder[m[K]
   36 |         [01;35m[KIcpLocalizer[m[K()
      |         [01;35m[K^~~~~~~~~~~~[m[K
[01m[K/home/sentry/Wolf-Moon/src/localization_mapping/src/../include/./ig_lio_c/icp_localizer.hpp:[m[K In constructor ‘[01m[KIG_LIO::IcpLocalizer::IcpLocalizer(double, double, int, int, double)[m[K’:
[01m[K/home/sentry/Wolf-Moon/src/localization_mapping/src/../include/./ig_lio_c/icp_localizer.hpp:30:16:[m[K [01;35m[Kwarning: [m[K‘[01m[KIG_LIO::IcpLocalizer::refine_resolution_[m[K’ will be initialized after [[01;35m[K-Wreorder[m[K]
   30 |         double [01;35m[Krefine_resolution_[m[K;
      |                [01;35m[K^~~~~~~~~~~~~~~~~~[m[K
[01m[K/home/sentry/Wolf-Moon/src/localization_mapping/src/../include/./ig_lio_c/icp_localizer.hpp:29:16:[m[K [01;35m[Kwarning: [m[K  ‘[01m[Kdouble IG_LIO::IcpLocalizer::rough_resolution_[m[K’ [[01;35m[K-Wreorder[m[K]
   29 |         double [01;35m[Krough_resolution_[m[K;
      |                [01;35m[K^~~~~~~~~~~~~~~~~[m[K
[01m[K/home/sentry/Wolf-Moon/src/localization_mapping/src/../include/./ig_lio_c/icp_localizer.hpp:46:9:[m[K [01;35m[Kwarning: [m[K  when initialized here [[01;35m[K-Wreorder[m[K]
   46 |         [01;35m[KIcpLocalizer[m[K(double refine_resolution, double rough_resolution, int refine_iter, int rough_iter, double thresh)
      |         [01;35m[K^~~~~~~~~~~~[m[K
[01m[K/home/sentry/Wolf-Moon/src/localization_mapping/src/../include/./ig_lio_c/icp_localizer.hpp:32:13:[m[K [01;35m[Kwarning: [m[K‘[01m[KIG_LIO::IcpLocalizer::refine_iter_[m[K’ will be initialized after [[01;35m[K-Wreorder[m[K]
   32 |         int [01;35m[Krefine_iter_[m[K;
      |             [01;35m[K^~~~~~~~~~~~[m[K
[01m[K/home/sentry/Wolf-Moon/src/localization_mapping/src/../include/./ig_lio_c/icp_localizer.hpp:31:13:[m[K [01;35m[Kwarning: [m[K  ‘[01m[Kint IG_LIO::IcpLocalizer::rough_iter_[m[K’ [[01;35m[K-Wreorder[m[K]
   31 |         int [01;35m[Krough_iter_[m[K;
      |             [01;35m[K^~~~~~~~~~~[m[K
[01m[K/home/sentry/Wolf-Moon/src/localization_mapping/src/../include/./ig_lio_c/icp_localizer.hpp:46:9:[m[K [01;35m[Kwarning: [m[K  when initialized here [[01;35m[K-Wreorder[m[K]
   46 |         [01;35m[KIcpLocalizer[m[K(double refine_resolution, double rough_resolution, int refine_iter, int rough_iter, double thresh)
      |         [01;35m[K^~~~~~~~~~~~[m[K
[01m[K/home/sentry/Wolf-Moon/src/localization_mapping/src/ig_lio_c/commons.cpp:[m[K In member function ‘[01m[Kvoid IG_LIO::LivoxData::livox2pcl(livox_ros_driver2::msg::CustomMsg_<std::allocator<void> >::SharedPtr, pcl::PointCloud<pcl::PointXYZINormal>::Ptr)[m[K’:
[01m[K/home/sentry/Wolf-Moon/src/localization_mapping/src/ig_lio_c/commons.cpp:51:28:[m[K [01;35m[Kwarning: [m[Kcomparison of integer expressions of different signedness: ‘[01m[Kuint[m[K’ {aka ‘[01m[Kunsigned int[m[K’} and ‘[01m[Kint[m[K’ [[01;35m[K-Wsign-compare[m[K]
   51 |         for (uint i = 0; [01;35m[Ki < point_num[m[K; i++)
      |                          [01;35m[K~~^~~~~~~~~~~[m[K
[01m[K/home/sentry/Wolf-Moon/src/localization_mapping/src/ig_lio_c/commons.cpp:[m[K In function ‘[01m[Kbool IG_LIO::esti_plane(Eigen::Vector4d&, const std::vector<Eigen::Matrix<double, 3, 1> >&, const double&, bool)[m[K’:
[01m[K/home/sentry/Wolf-Moon/src/localization_mapping/src/ig_lio_c/commons.cpp:152:27:[m[K [01;35m[Kwarning: [m[Kcomparison of integer expressions of different signedness: ‘[01m[Kint[m[K’ and ‘[01m[Kstd::vector<Eigen::Matrix<double, 3, 1> >::size_type[m[K’ {aka ‘[01m[Klong unsigned int[m[K’} [[01;35m[K-Wsign-compare[m[K]
  152 |         for (int i = 0; [01;35m[Ki < points.size()[m[K; i++)
      |                         [01;35m[K~~^~~~~~~~~~~~~~~[m[K
[01m[K/home/sentry/Wolf-Moon/src/localization_mapping/src/ig_lio_c/commons.cpp:166:27:[m[K [01;35m[Kwarning: [m[Kcomparison of integer expressions of different signedness: ‘[01m[Kint[m[K’ and ‘[01m[Kstd::vector<Eigen::Matrix<double, 3, 1> >::size_type[m[K’ {aka ‘[01m[Klong unsigned int[m[K’} [[01;35m[K-Wsign-compare[m[K]
  166 |         for (int j = 0; [01;35m[Kj < points.size()[m[K; j++)
      |                         [01;35m[K~~^~~~~~~~~~~~~~~[m[K
[01m[K/home/sentry/Wolf-Moon/src/localization_mapping/src/ig_lio_c/commons.cpp:141:114:[m[K [01;35m[Kwarning: [m[Kunused parameter ‘[01m[Knone[m[K’ [[01;35m[K-Wunused-parameter[m[K]
  141 |     bool esti_plane(Eigen::Vector4d &out, const std::vector<Eigen::Vector3d> &points, const double &thresh, [01;35m[Kbool none[m[K)
      |                                                                                                             [01;35m[K~~~~~^~~~[m[K
In file included from [01m[K/home/sentry/Wolf-Moon/src/localization_mapping/src/ig_lio_c/voxel_map.cpp:1[m[K:
[01m[K/home/sentry/Wolf-Moon/src/localization_mapping/src/ig_lio_c/../../include/ig_lio_c/voxel_map.hpp:[m[K In constructor ‘[01m[KIG_LIO::VoxelMap::VoxelMap(double, size_t, size_t, IG_LIO::VoxelMap::MODE)[m[K’:
[01m[K/home/sentry/Wolf-Moon/src/localization_mapping/src/ig_lio_c/../../include/ig_lio_c/voxel_map.hpp:103:16:[m[K [01;35m[Kwarning: [m[K‘[01m[KIG_LIO::VoxelMap::grid_capacity_[m[K’ will be initialized after [[01;35m[K-Wreorder[m[K]
  103 |         size_t [01;35m[Kgrid_capacity_[m[K = 20;
      |                [01;35m[K^~~~~~~~~~~~~~[m[K
[01m[K/home/sentry/Wolf-Moon/src/localization_mapping/src/ig_lio_c/../../include/ig_lio_c/voxel_map.hpp:99:14:[m[K [01;35m[Kwarning: [m[K  ‘[01m[KIG_LIO::VoxelMap::MODE IG_LIO::VoxelMap::mode_[m[K’ [[01;35m[K-Wreorder[m[K]
   99 |         MODE [01;35m[Kmode_[m[K = MODE::NEARBY_7;
      |              [01;35m[K^~~~~[m[K
[01m[K/home/sentry/Wolf-Moon/src/localization_mapping/src/ig_lio_c/voxel_map.cpp:133:5:[m[K [01;35m[Kwarning: [m[K  when initialized here [[01;35m[K-Wreorder[m[K]
  133 |     [01;35m[KVoxelMap[m[K::VoxelMap(double resolution, size_t capacity, size_t grid_capacity, MODE mode)
      |     [01;35m[K^~~~~~~~[m[K
In file included from [01m[K/home/sentry/Wolf-Moon/src/localization_mapping/src/ig_lio_c/voxel_map.cpp:1[m[K:
[01m[K/home/sentry/Wolf-Moon/src/localization_mapping/src/ig_lio_c/../../include/ig_lio_c/voxel_map.hpp:[m[K In constructor ‘[01m[KIG_LIO::FastVoxelMap::FastVoxelMap(double)[m[K’:
[01m[K/home/sentry/Wolf-Moon/src/localization_mapping/src/ig_lio_c/../../include/ig_lio_c/voxel_map.hpp:129:16:[m[K [01;35m[Kwarning: [m[K‘[01m[KIG_LIO::FastVoxelMap::resolution_[m[K’ will be initialized after [[01;35m[K-Wreorder[m[K]
  129 |         double [01;35m[Kresolution_[m[K;
      |                [01;35m[K^~~~~~~~~~~[m[K
[01m[K/home/sentry/Wolf-Moon/src/localization_mapping/src/ig_lio_c/../../include/ig_lio_c/voxel_map.hpp:128:18:[m[K [01;35m[Kwarning: [m[K  ‘[01m[KIG_LIO::HashUtil IG_LIO::FastVoxelMap::hash_util_[m[K’ [[01;35m[K-Wreorder[m[K]
  128 |         HashUtil [01;35m[Khash_util_[m[K;
      |                  [01;35m[K^~~~~~~~~~[m[K
[01m[K/home/sentry/Wolf-Moon/src/localization_mapping/src/ig_lio_c/voxel_map.cpp:285:5:[m[K [01;35m[Kwarning: [m[K  when initialized here [[01;35m[K-Wreorder[m[K]
  285 |     [01;35m[KFastVoxelMap[m[K::FastVoxelMap(double resolution) : resolution_(resolution), hash_util_(resolution)
      |     [01;35m[K^~~~~~~~~~~~[m[K
In file included from [01m[K/home/sentry/Wolf-Moon/src/localization_mapping/src/ig_lio_c/imu_processor.cpp:1[m[K:
[01m[K/home/sentry/Wolf-Moon/src/localization_mapping/src/ig_lio_c/../../include/ig_lio_c/imu_processor.hpp:[m[K In constructor ‘[01m[KIG_LIO::IMUProcessor::IMUProcessor(std::shared_ptr<IG_LIO::IESKF>, std::shared_ptr<IG_LIO::PiontIMU>)[m[K’:
[01m[K/home/sentry/Wolf-Moon/src/localization_mapping/src/ig_lio_c/../../include/ig_lio_c/imu_processor.hpp:170:43:[m[K [01;35m[Kwarning: [m[K‘[01m[KIG_LIO::IMUProcessor::pointIMU_[m[K’ will be initialized after [[01;35m[K-Wreorder[m[K]
  170 |         std::shared_ptr<IG_LIO::PiontIMU> [01;35m[KpointIMU_[m[K;
      |                                           [01;35m[K^~~~~~~~~[m[K
[01m[K/home/sentry/Wolf-Moon/src/localization_mapping/src/ig_lio_c/../../include/ig_lio_c/imu_processor.hpp:164:13:[m[K [01;35m[Kwarning: [m[K  ‘[01m[Kint IG_LIO::IMUProcessor::init_count_[m[K’ [[01;35m[K-Wreorder[m[K]
  164 |         int [01;35m[Kinit_count_[m[K = 0;
      |             [01;35m[K^~~~~~~~~~~[m[K
[01m[K/home/sentry/Wolf-Moon/src/localization_mapping/src/ig_lio_c/imu_processor.cpp:28:5:[m[K [01;35m[Kwarning: [m[K  when initialized here [[01;35m[K-Wreorder[m[K]
   28 |     [01;35m[KIMUProcessor[m[K::IMUProcessor(std::shared_ptr<IG_LIO::IESKF> kf, std::shared_ptr<IG_LIO::PiontIMU> pointIMU)
      |     [01;35m[K^~~~~~~~~~~~[m[K
In file included from [01m[K/home/sentry/Wolf-Moon/src/localization_mapping/src/ig_lio_c/imu_processor.cpp:1[m[K:
[01m[K/home/sentry/Wolf-Moon/src/localization_mapping/src/ig_lio_c/../../include/ig_lio_c/imu_processor.hpp:185:16:[m[K [01;35m[Kwarning: [m[K‘[01m[KIG_LIO::IMUProcessor::last_lidar_time_end_[m[K’ will be initialized after [[01;35m[K-Wreorder[m[K]
  185 |         double [01;35m[Klast_lidar_time_end_[m[K;
      |                [01;35m[K^~~~~~~~~~~~~~~~~~~~[m[K
[01m[K/home/sentry/Wolf-Moon/src/localization_mapping/src/ig_lio_c/../../include/ig_lio_c/imu_processor.hpp:177:25:[m[K [01;35m[Kwarning: [m[K  ‘[01m[KEigen::Vector3d IG_LIO::IMUProcessor::mean_acc_[m[K’ [[01;35m[K-Wreorder[m[K]
  177 |         Eigen::Vector3d [01;35m[Kmean_acc_[m[K;
      |                         [01;35m[K^~~~~~~~~[m[K
[01m[K/home/sentry/Wolf-Moon/src/localization_mapping/src/ig_lio_c/imu_processor.cpp:28:5:[m[K [01;35m[Kwarning: [m[K  when initialized here [[01;35m[K-Wreorder[m[K]
   28 |     [01;35m[KIMUProcessor[m[K::IMUProcessor(std::shared_ptr<IG_LIO::IESKF> kf, std::shared_ptr<IG_LIO::PiontIMU> pointIMU)
      |     [01;35m[K^~~~~~~~~~~~[m[K
In file included from [01m[K/home/sentry/Wolf-Moon/src/localization_mapping/src/ig_lio_c/imu_processor.cpp:1[m[K:
[01m[K/home/sentry/Wolf-Moon/src/localization_mapping/src/ig_lio_c/../../include/ig_lio_c/imu_processor.hpp:181:25:[m[K [01;35m[Kwarning: [m[K‘[01m[KIG_LIO::IMUProcessor::last_gyro_[m[K’ will be initialized after [[01;35m[K-Wreorder[m[K]
  181 |         Eigen::Vector3d [01;35m[Klast_gyro_[m[K;
      |                         [01;35m[K^~~~~~~~~~[m[K
[01m[K/home/sentry/Wolf-Moon/src/localization_mapping/src/ig_lio_c/../../include/ig_lio_c/imu_processor.hpp:166:25:[m[K [01;35m[Kwarning: [m[K  ‘[01m[KEigen::Matrix3d IG_LIO::IMUProcessor::rot_ext_[m[K’ [[01;35m[K-Wreorder[m[K]
  166 |         Eigen::Matrix3d [01;35m[Krot_ext_[m[K;
      |                         [01;35m[K^~~~~~~~[m[K
[01m[K/home/sentry/Wolf-Moon/src/localization_mapping/src/ig_lio_c/imu_processor.cpp:28:5:[m[K [01;35m[Kwarning: [m[K  when initialized here [[01;35m[K-Wreorder[m[K]
   28 |     [01;35m[KIMUProcessor[m[K::IMUProcessor(std::shared_ptr<IG_LIO::IESKF> kf, std::shared_ptr<IG_LIO::PiontIMU> pointIMU)
      |     [01;35m[K^~~~~~~~~~~~[m[K
In file included from [01m[K/home/sentry/Wolf-Moon/src/localization_mapping/src/ig_lio_c/icp_localizer.cpp:1[m[K:
[01m[K/home/sentry/Wolf-Moon/src/localization_mapping/src/ig_lio_c/../../include/ig_lio_c/icp_localizer.hpp:[m[K In constructor ‘[01m[KIG_LIO::IcpLocalizer::IcpLocalizer()[m[K’:
[01m[K/home/sentry/Wolf-Moon/src/localization_mapping/src/ig_lio_c/../../include/ig_lio_c/icp_localizer.hpp:30:16:[m[K [01;35m[Kwarning: [m[K‘[01m[KIG_LIO::IcpLocalizer::refine_resolution_[m[K’ will be initialized after [[01;35m[K-Wreorder[m[K]
   30 |         double [01;35m[Krefine_resolution_[m[K;
      |                [01;35m[K^~~~~~~~~~~~~~~~~~[m[K
[01m[K/home/sentry/Wolf-Moon/src/localization_mapping/src/ig_lio_c/../../include/ig_lio_c/icp_localizer.hpp:29:16:[m[K [01;35m[Kwarning: [m[K  ‘[01m[Kdouble IG_LIO::IcpLocalizer::rough_resolution_[m[K’ [[01;35m[K-Wreorder[m[K]
   29 |         double [01;35m[Krough_resolution_[m[K;
      |                [01;35m[K^~~~~~~~~~~~~~~~~[m[K
[01m[K/home/sentry/Wolf-Moon/src/localization_mapping/src/ig_lio_c/../../include/ig_lio_c/icp_localizer.hpp:36:9:[m[K [01;35m[Kwarning: [m[K  when initialized here [[01;35m[K-Wreorder[m[K]
   36 |         [01;35m[KIcpLocalizer[m[K()
      |         [01;35m[K^~~~~~~~~~~~[m[K
[01m[K/home/sentry/Wolf-Moon/src/localization_mapping/src/ig_lio_c/../../include/ig_lio_c/icp_localizer.hpp:32:13:[m[K [01;35m[Kwarning: [m[K‘[01m[KIG_LIO::IcpLocalizer::refine_iter_[m[K’ will be initialized after [[01;35m[K-Wreorder[m[K]
   32 |         int [01;35m[Krefine_iter_[m[K;
      |             [01;35m[K^~~~~~~~~~~~[m[K
[01m[K/home/sentry/Wolf-Moon/src/localization_mapping/src/ig_lio_c/../../include/ig_lio_c/icp_localizer.hpp:31:13:[m[K [01;35m[Kwarning: [m[K  ‘[01m[Kint IG_LIO::IcpLocalizer::rough_iter_[m[K’ [[01;35m[K-Wreorder[m[K]
   31 |         int [01;35m[Krough_iter_[m[K;
      |             [01;35m[K^~~~~~~~~~~[m[K
[01m[K/home/sentry/Wolf-Moon/src/localization_mapping/src/ig_lio_c/../../include/ig_lio_c/icp_localizer.hpp:36:9:[m[K [01;35m[Kwarning: [m[K  when initialized here [[01;35m[K-Wreorder[m[K]
   36 |         [01;35m[KIcpLocalizer[m[K()
      |         [01;35m[K^~~~~~~~~~~~[m[K
[01m[K/home/sentry/Wolf-Moon/src/localization_mapping/src/ig_lio_c/../../include/ig_lio_c/icp_localizer.hpp:[m[K In constructor ‘[01m[KIG_LIO::IcpLocalizer::IcpLocalizer(double, double, int, int, double)[m[K’:
[01m[K/home/sentry/Wolf-Moon/src/localization_mapping/src/ig_lio_c/../../include/ig_lio_c/icp_localizer.hpp:30:16:[m[K [01;35m[Kwarning: [m[K‘[01m[KIG_LIO::IcpLocalizer::refine_resolution_[m[K’ will be initialized after [[01;35m[K-Wreorder[m[K]
   30 |         double [01;35m[Krefine_resolution_[m[K;
      |                [01;35m[K^~~~~~~~~~~~~~~~~~[m[K
[01m[K/home/sentry/Wolf-Moon/src/localization_mapping/src/ig_lio_c/../../include/ig_lio_c/icp_localizer.hpp:29:16:[m[K [01;35m[Kwarning: [m[K  ‘[01m[Kdouble IG_LIO::IcpLocalizer::rough_resolution_[m[K’ [[01;35m[K-Wreorder[m[K]
   29 |         double [01;35m[Krough_resolution_[m[K;
      |                [01;35m[K^~~~~~~~~~~~~~~~~[m[K
[01m[K/home/sentry/Wolf-Moon/src/localization_mapping/src/ig_lio_c/../../include/ig_lio_c/icp_localizer.hpp:46:9:[m[K [01;35m[Kwarning: [m[K  when initialized here [[01;35m[K-Wreorder[m[K]
   46 |         [01;35m[KIcpLocalizer[m[K(double refine_resolution, double rough_resolution, int refine_iter, int rough_iter, double thresh)
      |         [01;35m[K^~~~~~~~~~~~[m[K
[01m[K/home/sentry/Wolf-Moon/src/localization_mapping/src/ig_lio_c/../../include/ig_lio_c/icp_localizer.hpp:32:13:[m[K [01;35m[Kwarning: [m[K‘[01m[KIG_LIO::IcpLocalizer::refine_iter_[m[K’ will be initialized after [[01;35m[K-Wreorder[m[K]
   32 |         int [01;35m[Krefine_iter_[m[K;
      |             [01;35m[K^~~~~~~~~~~~[m[K
[01m[K/home/sentry/Wolf-Moon/src/localization_mapping/src/ig_lio_c/../../include/ig_lio_c/icp_localizer.hpp:31:13:[m[K [01;35m[Kwarning: [m[K  ‘[01m[Kint IG_LIO::IcpLocalizer::rough_iter_[m[K’ [[01;35m[K-Wreorder[m[K]
   31 |         int [01;35m[Krough_iter_[m[K;
      |             [01;35m[K^~~~~~~~~~~[m[K
[01m[K/home/sentry/Wolf-Moon/src/localization_mapping/src/ig_lio_c/../../include/ig_lio_c/icp_localizer.hpp:46:9:[m[K [01;35m[Kwarning: [m[K  when initialized here [[01;35m[K-Wreorder[m[K]
   46 |         [01;35m[KIcpLocalizer[m[K(double refine_resolution, double rough_resolution, int refine_iter, int rough_iter, double thresh)
      |         [01;35m[K^~~~~~~~~~~~[m[K
make[2]: warning:  Clock skew detected.  Your build may be incomplete.
