-- The C compiler identification is GNU 9.4.0
-- The CXX compiler identification is GNU 9.4.0
-- Check for working C compiler: /usr/bin/cc
-- Check for working C compiler: /usr/bin/cc -- works
-- Detecting C compiler ABI info
-- Detecting C compiler ABI info - done
-- Detecting C compile features
-- Detecting C compile features - done
-- Check for working CXX compiler: /usr/bin/c++
-- Check for working CXX compiler: /usr/bin/c++ -- works
-- Detecting CXX compiler ABI info
-- Detecting CXX compiler ABI info - done
-- Detecting CXX compile features
-- Detecting CXX compile features - done
-- Found ament_cmake: 1.1.6 (/opt/ros/galactic/share/ament_cmake/cmake)
-- Found PythonInterp: /usr/bin/python3 (found suitable version "3.8.10", minimum required is "3") 
-- Using PYTHON_EXECUTABLE: /usr/bin/python3
-- Found rclcpp: 9.2.2 (/opt/ros/galactic/share/rclcpp/cmake)
-- Using all available rosidl_typesupport_c: rosidl_typesupport_fastrtps_c;rosidl_typesupport_introspection_c
-- Found rosidl_adapter: 2.2.3 (/opt/ros/galactic/share/rosidl_adapter/cmake)
-- Found OpenSSL: /usr/lib/x86_64-linux-gnu/libcrypto.so (found version "1.1.1f")  
-- Found FastRTPS: /opt/ros/galactic/include  
-- Using all available rosidl_typesupport_cpp: rosidl_typesupport_fastrtps_cpp;rosidl_typesupport_introspection_cpp
-- Found rmw_implementation_cmake: 3.3.1 (/opt/ros/galactic/share/rmw_implementation_cmake/cmake)
-- Found rmw_cyclonedds_cpp: 0.22.6 (/opt/ros/galactic/share/rmw_cyclonedds_cpp/cmake)
-- Using RMW implementation 'rmw_cyclonedds_cpp' as default
-- Looking for pthread.h
-- Looking for pthread.h - found
-- Performing Test CMAKE_HAVE_LIBC_PTHREAD
-- Performing Test CMAKE_HAVE_LIBC_PTHREAD - Failed
-- Looking for pthread_create in pthreads
-- Looking for pthread_create in pthreads - not found
-- Looking for pthread_create in pthread
-- Looking for pthread_create in pthread - found
-- Found Threads: TRUE  
-- Found rclcpp_components: 9.2.2 (/opt/ros/galactic/share/rclcpp_components/cmake)
-- Found tf2: 0.17.5 (/opt/ros/galactic/share/tf2/cmake)
-- Found tf2_ros: 0.17.5 (/opt/ros/galactic/share/tf2_ros/cmake)
-- Found pcl_ros: 2.3.2 (/opt/ros/galactic/share/pcl_ros/cmake)
-- Found eigen3_cmake_module: 0.1.1 (/opt/ros/galactic/share/eigen3_cmake_module/cmake)
-- Found Eigen3: TRUE (found version "3.3.7") 
-- Checking for module 'eigen3'
--   Found eigen3, version 3.3.7
-- Found Eigen: /usr/include/eigen3 (Required is at least version "3.1") 
-- Eigen found (include: /usr/include/eigen3, version: 3.3.7)
-- Checking for module 'flann'
--   Found flann, version 1.9.1
-- Found FLANN: /usr/lib/x86_64-linux-gnu/libflann_cpp.so  
-- The imported target "vtkParseOGLExt" references the file
   "/usr/bin/vtkParseOGLExt-7.1"
but this file does not exist.  Possible reasons include:
* The file was deleted, renamed, or moved to another location.
* An install or uninstall procedure did not complete successfully.
* The installation package was faulty and contained
   "/usr/lib/cmake/vtk-7.1/VTKTargets.cmake"
but not all the files it references.

-- The imported target "vtkRenderingPythonTkWidgets" references the file
   "/usr/lib/x86_64-linux-gnu/libvtkRenderingPythonTkWidgets.so"
but this file does not exist.  Possible reasons include:
* The file was deleted, renamed, or moved to another location.
* An install or uninstall procedure did not complete successfully.
* The installation package was faulty and contained
   "/usr/lib/cmake/vtk-7.1/VTKTargets.cmake"
but not all the files it references.

-- The imported target "vtk" references the file
   "/usr/bin/vtk"
but this file does not exist.  Possible reasons include:
* The file was deleted, renamed, or moved to another location.
* An install or uninstall procedure did not complete successfully.
* The installation package was faulty and contained
   "/usr/lib/cmake/vtk-7.1/VTKTargets.cmake"
but not all the files it references.

-- The imported target "pvtk" references the file
   "/usr/bin/pvtk"
but this file does not exist.  Possible reasons include:
* The file was deleted, renamed, or moved to another location.
* An install or uninstall procedure did not complete successfully.
* The installation package was faulty and contained
   "/usr/lib/cmake/vtk-7.1/VTKTargets.cmake"
but not all the files it references.

-- Checking for module 'libusb-1.0'
--   Found libusb-1.0, version 1.0.23
-- Found USB_10: /usr/lib/x86_64-linux-gnu/libusb-1.0.so  
-- OpenNI found (include: /usr/include/ni, lib: /usr/lib/libOpenNI.so)
-- OpenNI2 found (include: /usr/include/openni2, lib: /usr/lib/libOpenNI2.so)
-- Found libusb-1.0: /usr/include  
-- OpenNI found (include: /usr/include/ni, lib: /usr/lib/libOpenNI.so)
-- OpenNI2 found (include: /usr/include/openni2, lib: /usr/lib/libOpenNI2.so)
-- Found Qhull: optimized;/usr/lib/x86_64-linux-gnu/libqhull.so;debug;/usr/lib/x86_64-linux-gnu/libqhull.so  
-- QHULL found (include: /usr/include, lib: optimized;/usr/lib/x86_64-linux-gnu/libqhull.so;debug;/usr/lib/x86_64-linux-gnu/libqhull.so)
-- OpenNI found (include: /usr/include/ni, lib: /usr/lib/libOpenNI.so)
-- Found PCL_COMMON: /usr/lib/x86_64-linux-gnu/libpcl_common.so  
-- Found PCL_KDTREE: /usr/lib/x86_64-linux-gnu/libpcl_kdtree.so  
-- Found PCL_OCTREE: /usr/lib/x86_64-linux-gnu/libpcl_octree.so  
-- Found PCL_SEARCH: /usr/lib/x86_64-linux-gnu/libpcl_search.so  
-- Found PCL_SAMPLE_CONSENSUS: /usr/lib/x86_64-linux-gnu/libpcl_sample_consensus.so  
-- Found PCL_FILTERS: /usr/lib/x86_64-linux-gnu/libpcl_filters.so  
-- Found PCL_2D: /usr/include/pcl-1.10  
-- Found PCL_GEOMETRY: /usr/include/pcl-1.10  
-- Found PCL_IO: /usr/lib/x86_64-linux-gnu/libpcl_io.so  
-- Found PCL_FEATURES: /usr/lib/x86_64-linux-gnu/libpcl_features.so  
-- Found PCL_ML: /usr/lib/x86_64-linux-gnu/libpcl_ml.so  
-- Found PCL_SEGMENTATION: /usr/lib/x86_64-linux-gnu/libpcl_segmentation.so  
-- Found PCL_VISUALIZATION: /usr/lib/x86_64-linux-gnu/libpcl_visualization.so  
-- Found PCL_SURFACE: /usr/lib/x86_64-linux-gnu/libpcl_surface.so  
-- Found PCL_REGISTRATION: /usr/lib/x86_64-linux-gnu/libpcl_registration.so  
-- Found PCL_KEYPOINTS: /usr/lib/x86_64-linux-gnu/libpcl_keypoints.so  
-- Found PCL_TRACKING: /usr/lib/x86_64-linux-gnu/libpcl_tracking.so  
-- Found PCL_RECOGNITION: /usr/lib/x86_64-linux-gnu/libpcl_recognition.so  
-- Found PCL_STEREO: /usr/lib/x86_64-linux-gnu/libpcl_stereo.so  
-- Found PCL_APPS: /usr/lib/x86_64-linux-gnu/libpcl_apps.so  
-- Found PCL_IN_HAND_SCANNER: /usr/include/pcl-1.10  
-- Found PCL_POINT_CLOUD_EDITOR: /usr/include/pcl-1.10  
-- Found PCL_OUTOFCORE: /usr/lib/x86_64-linux-gnu/libpcl_outofcore.so  
-- Found PCL_PEOPLE: /usr/lib/x86_64-linux-gnu/libpcl_people.so  
-- Found nav_msgs: 2.2.4 (/opt/ros/galactic/share/nav_msgs/cmake)
-- Found visualization_msgs: 2.2.4 (/opt/ros/galactic/share/visualization_msgs/cmake)
-- Found livox_ros_driver2: 1.0.0 (/home/sentry/Wolf-Moon/install/livox_ros_driver2/share/livox_ros_driver2/cmake)
-- Found Boost: /usr/include (found suitable version "1.71.0", minimum required is "1.65") found components: serialization system filesystem thread program_options date_time timer chrono regex atomic 
-- GTSAM include directory:  /usr/local/lib/cmake/GTSAM/../../../include
-- Found Eigen3: TRUE (found suitable version "3.3.7", minimum required is "3.3.7") 
-- Found grid_map_msgs: 2.0.0 (/home/sentry/Wolf-Moon/install/grid_map_msgs/share/grid_map_msgs/cmake)
-- Found grid_map_core: 2.0.0 (/home/sentry/Wolf-Moon/install/grid_map_core/share/grid_map_core/cmake)
-- Found grid_map_ros: 2.0.0 (/home/sentry/Wolf-Moon/install/grid_map_ros/share/grid_map_ros/cmake)
-- Found grid_map_pcl: 2.0.0 (/home/sentry/Wolf-Moon/install/grid_map_pcl/share/grid_map_pcl/cmake)
-- Found grid_map_filters: 2.0.0 (/home/sentry/Wolf-Moon/install/grid_map_filters/share/grid_map_filters/cmake)
-- Found ig_lio_c_msgs: 2.0.0 (/home/sentry/Wolf-Moon/install/ig_lio_c_msgs/share/ig_lio_c_msgs/cmake)
-- Found nav2_util: 1.0.12 (/home/sentry/Wolf-Moon/install/nav2_util/share/nav2_util/cmake)
-- Found nav2_map_server: 1.0.12 (/home/sentry/Wolf-Moon/install/nav2_map_server/share/nav2_map_server/cmake)
-- Found GRAPHICSMAGICKCPP: /usr/include/GraphicsMagick  
-- Found ament_lint_auto: 0.10.7 (/opt/ros/galactic/share/ament_lint_auto/cmake)
-- Added test 'copyright' to check source files copyright and LICENSE
-- Added test 'cppcheck' to perform static code analysis on C / C++ code
-- Configured cppcheck include dirs: /home/sentry/Wolf-Moon/src/localization_mapping/include
-- Configured cppcheck exclude dirs and/or files: 
-- Added test 'cpplint' to check C / C++ code against the Google style
-- Configured cpplint exclude dirs and/or files: 
-- Added test 'flake8' to check Python code syntax and style conventions
-- Added test 'lint_cmake' to check CMake code style
-- Added test 'pep257' to check Python code against some of the style conventions in PEP 257
-- Added test 'uncrustify' to check C / C++ code style
-- Configured uncrustify additional arguments: 
-- Added test 'xmllint' to check XML markup files
-- Configuring done
-- Generating done
-- Build files have been written to: /home/sentry/Wolf-Moon/build/ig_lio_c
-- Found ament_cmake: 1.1.6 (/opt/ros/galactic/share/ament_cmake/cmake)
-- Using PYTHON_EXECUTABLE: /usr/bin/python3
-- Found rclcpp: 9.2.2 (/opt/ros/galactic/share/rclcpp/cmake)
-- Using all available rosidl_typesupport_c: rosidl_typesupport_fastrtps_c;rosidl_typesupport_introspection_c
-- Found rosidl_adapter: 2.2.3 (/opt/ros/galactic/share/rosidl_adapter/cmake)
-- Using all available rosidl_typesupport_cpp: rosidl_typesupport_fastrtps_cpp;rosidl_typesupport_introspection_cpp
-- Found rmw_implementation_cmake: 3.3.1 (/opt/ros/galactic/share/rmw_implementation_cmake/cmake)
-- Found rmw_cyclonedds_cpp: 0.22.6 (/opt/ros/galactic/share/rmw_cyclonedds_cpp/cmake)
-- Using RMW implementation 'rmw_cyclonedds_cpp' as default
-- Found rclcpp_components: 9.2.2 (/opt/ros/galactic/share/rclcpp_components/cmake)
-- Found tf2: 0.17.5 (/opt/ros/galactic/share/tf2/cmake)
-- Found tf2_ros: 0.17.5 (/opt/ros/galactic/share/tf2_ros/cmake)
-- Found pcl_ros: 2.3.2 (/opt/ros/galactic/share/pcl_ros/cmake)
-- Found eigen3_cmake_module: 0.1.1 (/opt/ros/galactic/share/eigen3_cmake_module/cmake)
-- Found Eigen3: TRUE (found version "3.3.7") 
-- Eigen found (include: /usr/include/eigen3, version: 3.3.7)
-- The imported target "vtkParseOGLExt" references the file
   "/usr/bin/vtkParseOGLExt-7.1"
but this file does not exist.  Possible reasons include:
* The file was deleted, renamed, or moved to another location.
* An install or uninstall procedure did not complete successfully.
* The installation package was faulty and contained
   "/usr/lib/cmake/vtk-7.1/VTKTargets.cmake"
but not all the files it references.

-- The imported target "vtkRenderingPythonTkWidgets" references the file
   "/usr/lib/x86_64-linux-gnu/libvtkRenderingPythonTkWidgets.so"
but this file does not exist.  Possible reasons include:
* The file was deleted, renamed, or moved to another location.
* An install or uninstall procedure did not complete successfully.
* The installation package was faulty and contained
   "/usr/lib/cmake/vtk-7.1/VTKTargets.cmake"
but not all the files it references.

-- The imported target "vtk" references the file
   "/usr/bin/vtk"
but this file does not exist.  Possible reasons include:
* The file was deleted, renamed, or moved to another location.
* An install or uninstall procedure did not complete successfully.
* The installation package was faulty and contained
   "/usr/lib/cmake/vtk-7.1/VTKTargets.cmake"
but not all the files it references.

-- The imported target "pvtk" references the file
   "/usr/bin/pvtk"
but this file does not exist.  Possible reasons include:
* The file was deleted, renamed, or moved to another location.
* An install or uninstall procedure did not complete successfully.
* The installation package was faulty and contained
   "/usr/lib/cmake/vtk-7.1/VTKTargets.cmake"
but not all the files it references.

-- OpenNI found (include: /usr/include/ni, lib: /usr/lib/libOpenNI.so)
-- OpenNI2 found (include: /usr/include/openni2, lib: /usr/lib/libOpenNI2.so)
-- OpenNI found (include: /usr/include/ni, lib: /usr/lib/libOpenNI.so)
-- OpenNI2 found (include: /usr/include/openni2, lib: /usr/lib/libOpenNI2.so)
-- QHULL found (include: /usr/include, lib: optimized;/usr/lib/x86_64-linux-gnu/libqhull.so;debug;/usr/lib/x86_64-linux-gnu/libqhull.so)
-- OpenNI found (include: /usr/include/ni, lib: /usr/lib/libOpenNI.so)
-- Found nav_msgs: 2.2.4 (/opt/ros/galactic/share/nav_msgs/cmake)
-- Found visualization_msgs: 2.2.4 (/opt/ros/galactic/share/visualization_msgs/cmake)
-- Found livox_ros_driver2: 1.0.0 (/home/sentry/Wolf-Moon/install/livox_ros_driver2/share/livox_ros_driver2/cmake)
-- GTSAM include directory:  /usr/local/lib/cmake/GTSAM/../../../include
-- Found Eigen3: TRUE (found suitable version "3.3.7", minimum required is "3.3.7") 
-- Found grid_map_msgs: 2.0.0 (/home/sentry/Wolf-Moon/install/grid_map_msgs/share/grid_map_msgs/cmake)
-- Found grid_map_core: 2.0.0 (/home/sentry/Wolf-Moon/install/grid_map_core/share/grid_map_core/cmake)
-- Found grid_map_ros: 2.0.0 (/home/sentry/Wolf-Moon/install/grid_map_ros/share/grid_map_ros/cmake)
-- Found grid_map_pcl: 2.0.0 (/home/sentry/Wolf-Moon/install/grid_map_pcl/share/grid_map_pcl/cmake)
-- Found grid_map_filters: 2.0.0 (/home/sentry/Wolf-Moon/install/grid_map_filters/share/grid_map_filters/cmake)
-- Found ig_lio_c_msgs: 2.0.0 (/home/sentry/Wolf-Moon/install/ig_lio_c_msgs/share/ig_lio_c_msgs/cmake)
-- Found nav2_util: 1.0.12 (/home/sentry/Wolf-Moon/install/nav2_util/share/nav2_util/cmake)
-- Found nav2_map_server: 1.0.12 (/home/sentry/Wolf-Moon/install/nav2_map_server/share/nav2_map_server/cmake)
-- Found ament_lint_auto: 0.10.7 (/opt/ros/galactic/share/ament_lint_auto/cmake)
-- Added test 'copyright' to check source files copyright and LICENSE
-- Added test 'cppcheck' to perform static code analysis on C / C++ code
-- Configured cppcheck include dirs: /home/sentry/Wolf-Moon/src/localization_mapping/include
-- Configured cppcheck exclude dirs and/or files: 
-- Added test 'cpplint' to check C / C++ code against the Google style
-- Configured cpplint exclude dirs and/or files: 
-- Added test 'flake8' to check Python code syntax and style conventions
-- Added test 'lint_cmake' to check CMake code style
-- Added test 'pep257' to check Python code against some of the style conventions in PEP 257
-- Added test 'uncrustify' to check C / C++ code style
-- Configured uncrustify additional arguments: 
-- Added test 'xmllint' to check XML markup files
-- Configuring done
-- Generating done
-- Build files have been written to: /home/sentry/Wolf-Moon/build/ig_lio_c
[35m[1mScanning dependencies of target map_converter_node[0m
[ 10%] [32mBuilding CXX object CMakeFiles/map_converter_node.dir/src/map_converter_node.cpp.o[0m
[ 20%] [32m[1mLinking CXX executable map_converter_node[0m
[ 20%] Built target map_converter_node
[35m[1mScanning dependencies of target map_builder_node[0m
[ 30%] [32mBuilding CXX object CMakeFiles/map_builder_node.dir/src/ig_lio_c/ieskf.cpp.o[0m
make[2]: Warning: File '/home/sentry/Wolf-Moon/src/localization_mapping/src/map_builder_node.cpp' has modification time 75822 s in the future
[ 40%] [32mBuilding CXX object CMakeFiles/map_builder_node.dir/src/map_builder_node.cpp.o[0m
In file included from [01m[K/home/sentry/Wolf-Moon/src/localization_mapping/src/../include/map_builder_node.hpp:40[m[K,
                 from [01m[K/home/sentry/Wolf-Moon/src/localization_mapping/src/map_builder_node.cpp:1[m[K:
[01m[K/home/sentry/Wolf-Moon/src/localization_mapping/src/../include/./ig_lio_c/icp_localizer.hpp:[m[K In constructor ‘[01m[KIG_LIO::IcpLocalizer::IcpLocalizer()[m[K’:
[01m[K/home/sentry/Wolf-Moon/src/localization_mapping/src/../include/./ig_lio_c/icp_localizer.hpp:30:16:[m[K [01;35m[Kwarning: [m[K‘[01m[KIG_LIO::IcpLocalizer::refine_resolution_[m[K’ will be initialized after [[01;35m[K-Wreorder[m[K]
   30 |         double [01;35m[Krefine_resolution_[m[K;
      |                [01;35m[K^~~~~~~~~~~~~~~~~~[m[K
[01m[K/home/sentry/Wolf-Moon/src/localization_mapping/src/../include/./ig_lio_c/icp_localizer.hpp:29:16:[m[K [01;35m[Kwarning: [m[K  ‘[01m[Kdouble IG_LIO::IcpLocalizer::rough_resolution_[m[K’ [[01;35m[K-Wreorder[m[K]
   29 |         double [01;35m[Krough_resolution_[m[K;
      |                [01;35m[K^~~~~~~~~~~~~~~~~[m[K
[01m[K/home/sentry/Wolf-Moon/src/localization_mapping/src/../include/./ig_lio_c/icp_localizer.hpp:36:9:[m[K [01;35m[Kwarning: [m[K  when initialized here [[01;35m[K-Wreorder[m[K]
   36 |         [01;35m[KIcpLocalizer[m[K()
      |         [01;35m[K^~~~~~~~~~~~[m[K
[01m[K/home/sentry/Wolf-Moon/src/localization_mapping/src/../include/./ig_lio_c/icp_localizer.hpp:32:13:[m[K [01;35m[Kwarning: [m[K‘[01m[KIG_LIO::IcpLocalizer::refine_iter_[m[K’ will be initialized after [[01;35m[K-Wreorder[m[K]
   32 |         int [01;35m[Krefine_iter_[m[K;
      |             [01;35m[K^~~~~~~~~~~~[m[K
[01m[K/home/sentry/Wolf-Moon/src/localization_mapping/src/../include/./ig_lio_c/icp_localizer.hpp:31:13:[m[K [01;35m[Kwarning: [m[K  ‘[01m[Kint IG_LIO::IcpLocalizer::rough_iter_[m[K’ [[01;35m[K-Wreorder[m[K]
   31 |         int [01;35m[Krough_iter_[m[K;
      |             [01;35m[K^~~~~~~~~~~[m[K
[01m[K/home/sentry/Wolf-Moon/src/localization_mapping/src/../include/./ig_lio_c/icp_localizer.hpp:36:9:[m[K [01;35m[Kwarning: [m[K  when initialized here [[01;35m[K-Wreorder[m[K]
   36 |         [01;35m[KIcpLocalizer[m[K()
      |         [01;35m[K^~~~~~~~~~~~[m[K
[01m[K/home/sentry/Wolf-Moon/src/localization_mapping/src/../include/./ig_lio_c/icp_localizer.hpp:[m[K In constructor ‘[01m[KIG_LIO::IcpLocalizer::IcpLocalizer(double, double, int, int, double)[m[K’:
[01m[K/home/sentry/Wolf-Moon/src/localization_mapping/src/../include/./ig_lio_c/icp_localizer.hpp:30:16:[m[K [01;35m[Kwarning: [m[K‘[01m[KIG_LIO::IcpLocalizer::refine_resolution_[m[K’ will be initialized after [[01;35m[K-Wreorder[m[K]
   30 |         double [01;35m[Krefine_resolution_[m[K;
      |                [01;35m[K^~~~~~~~~~~~~~~~~~[m[K
[01m[K/home/sentry/Wolf-Moon/src/localization_mapping/src/../include/./ig_lio_c/icp_localizer.hpp:29:16:[m[K [01;35m[Kwarning: [m[K  ‘[01m[Kdouble IG_LIO::IcpLocalizer::rough_resolution_[m[K’ [[01;35m[K-Wreorder[m[K]
   29 |         double [01;35m[Krough_resolution_[m[K;
      |                [01;35m[K^~~~~~~~~~~~~~~~~[m[K
[01m[K/home/sentry/Wolf-Moon/src/localization_mapping/src/../include/./ig_lio_c/icp_localizer.hpp:46:9:[m[K [01;35m[Kwarning: [m[K  when initialized here [[01;35m[K-Wreorder[m[K]
   46 |         [01;35m[KIcpLocalizer[m[K(double refine_resolution, double rough_resolution, int refine_iter, int rough_iter, double thresh)
      |         [01;35m[K^~~~~~~~~~~~[m[K
[01m[K/home/sentry/Wolf-Moon/src/localization_mapping/src/../include/./ig_lio_c/icp_localizer.hpp:32:13:[m[K [01;35m[Kwarning: [m[K‘[01m[KIG_LIO::IcpLocalizer::refine_iter_[m[K’ will be initialized after [[01;35m[K-Wreorder[m[K]
   32 |         int [01;35m[Krefine_iter_[m[K;
      |             [01;35m[K^~~~~~~~~~~~[m[K
[01m[K/home/sentry/Wolf-Moon/src/localization_mapping/src/../include/./ig_lio_c/icp_localizer.hpp:31:13:[m[K [01;35m[Kwarning: [m[K  ‘[01m[Kint IG_LIO::IcpLocalizer::rough_iter_[m[K’ [[01;35m[K-Wreorder[m[K]
   31 |         int [01;35m[Krough_iter_[m[K;
      |             [01;35m[K^~~~~~~~~~~[m[K
[01m[K/home/sentry/Wolf-Moon/src/localization_mapping/src/../include/./ig_lio_c/icp_localizer.hpp:46:9:[m[K [01;35m[Kwarning: [m[K  when initialized here [[01;35m[K-Wreorder[m[K]
   46 |         [01;35m[KIcpLocalizer[m[K(double refine_resolution, double rough_resolution, int refine_iter, int rough_iter, double thresh)
      |         [01;35m[K^~~~~~~~~~~~[m[K
[ 50%] [32mBuilding CXX object CMakeFiles/map_builder_node.dir/src/ig_lio_c/commons.cpp.o[0m
[01m[K/home/sentry/Wolf-Moon/src/localization_mapping/src/ig_lio_c/commons.cpp:[m[K In member function ‘[01m[Kvoid IG_LIO::LivoxData::livox2pcl(livox_ros_driver2::msg::CustomMsg_<std::allocator<void> >::SharedPtr, pcl::PointCloud<pcl::PointXYZINormal>::Ptr)[m[K’:
[01m[K/home/sentry/Wolf-Moon/src/localization_mapping/src/ig_lio_c/commons.cpp:51:28:[m[K [01;35m[Kwarning: [m[Kcomparison of integer expressions of different signedness: ‘[01m[Kuint[m[K’ {aka ‘[01m[Kunsigned int[m[K’} and ‘[01m[Kint[m[K’ [[01;35m[K-Wsign-compare[m[K]
   51 |         for (uint i = 0; [01;35m[Ki < point_num[m[K; i++)
      |                          [01;35m[K~~^~~~~~~~~~~[m[K
[01m[K/home/sentry/Wolf-Moon/src/localization_mapping/src/ig_lio_c/commons.cpp:[m[K In function ‘[01m[Kbool IG_LIO::esti_plane(Eigen::Vector4d&, const std::vector<Eigen::Matrix<double, 3, 1> >&, const double&, bool)[m[K’:
[01m[K/home/sentry/Wolf-Moon/src/localization_mapping/src/ig_lio_c/commons.cpp:152:27:[m[K [01;35m[Kwarning: [m[Kcomparison of integer expressions of different signedness: ‘[01m[Kint[m[K’ and ‘[01m[Kstd::vector<Eigen::Matrix<double, 3, 1> >::size_type[m[K’ {aka ‘[01m[Klong unsigned int[m[K’} [[01;35m[K-Wsign-compare[m[K]
  152 |         for (int i = 0; [01;35m[Ki < points.size()[m[K; i++)
      |                         [01;35m[K~~^~~~~~~~~~~~~~~[m[K
[01m[K/home/sentry/Wolf-Moon/src/localization_mapping/src/ig_lio_c/commons.cpp:166:27:[m[K [01;35m[Kwarning: [m[Kcomparison of integer expressions of different signedness: ‘[01m[Kint[m[K’ and ‘[01m[Kstd::vector<Eigen::Matrix<double, 3, 1> >::size_type[m[K’ {aka ‘[01m[Klong unsigned int[m[K’} [[01;35m[K-Wsign-compare[m[K]
  166 |         for (int j = 0; [01;35m[Kj < points.size()[m[K; j++)
      |                         [01;35m[K~~^~~~~~~~~~~~~~~[m[K
[01m[K/home/sentry/Wolf-Moon/src/localization_mapping/src/ig_lio_c/commons.cpp:141:114:[m[K [01;35m[Kwarning: [m[Kunused parameter ‘[01m[Knone[m[K’ [[01;35m[K-Wunused-parameter[m[K]
  141 |     bool esti_plane(Eigen::Vector4d &out, const std::vector<Eigen::Vector3d> &points, const double &thresh, [01;35m[Kbool none[m[K)
      |                                                                                                             [01;35m[K~~~~~^~~~[m[K
[ 60%] [32mBuilding CXX object CMakeFiles/map_builder_node.dir/src/ig_lio_c/voxel_map.cpp.o[0m
In file included from [01m[K/home/sentry/Wolf-Moon/src/localization_mapping/src/ig_lio_c/voxel_map.cpp:1[m[K:
[01m[K/home/sentry/Wolf-Moon/src/localization_mapping/src/ig_lio_c/../../include/ig_lio_c/voxel_map.hpp:[m[K In constructor ‘[01m[KIG_LIO::VoxelMap::VoxelMap(double, size_t, size_t, IG_LIO::VoxelMap::MODE)[m[K’:
[01m[K/home/sentry/Wolf-Moon/src/localization_mapping/src/ig_lio_c/../../include/ig_lio_c/voxel_map.hpp:103:16:[m[K [01;35m[Kwarning: [m[K‘[01m[KIG_LIO::VoxelMap::grid_capacity_[m[K’ will be initialized after [[01;35m[K-Wreorder[m[K]
  103 |         size_t [01;35m[Kgrid_capacity_[m[K = 20;
      |                [01;35m[K^~~~~~~~~~~~~~[m[K
[01m[K/home/sentry/Wolf-Moon/src/localization_mapping/src/ig_lio_c/../../include/ig_lio_c/voxel_map.hpp:99:14:[m[K [01;35m[Kwarning: [m[K  ‘[01m[KIG_LIO::VoxelMap::MODE IG_LIO::VoxelMap::mode_[m[K’ [[01;35m[K-Wreorder[m[K]
   99 |         MODE [01;35m[Kmode_[m[K = MODE::NEARBY_7;
      |              [01;35m[K^~~~~[m[K
[01m[K/home/sentry/Wolf-Moon/src/localization_mapping/src/ig_lio_c/voxel_map.cpp:133:5:[m[K [01;35m[Kwarning: [m[K  when initialized here [[01;35m[K-Wreorder[m[K]
  133 |     [01;35m[KVoxelMap[m[K::VoxelMap(double resolution, size_t capacity, size_t grid_capacity, MODE mode)
      |     [01;35m[K^~~~~~~~[m[K
In file included from [01m[K/home/sentry/Wolf-Moon/src/localization_mapping/src/ig_lio_c/voxel_map.cpp:1[m[K:
[01m[K/home/sentry/Wolf-Moon/src/localization_mapping/src/ig_lio_c/../../include/ig_lio_c/voxel_map.hpp:[m[K In constructor ‘[01m[KIG_LIO::FastVoxelMap::FastVoxelMap(double)[m[K’:
[01m[K/home/sentry/Wolf-Moon/src/localization_mapping/src/ig_lio_c/../../include/ig_lio_c/voxel_map.hpp:129:16:[m[K [01;35m[Kwarning: [m[K‘[01m[KIG_LIO::FastVoxelMap::resolution_[m[K’ will be initialized after [[01;35m[K-Wreorder[m[K]
  129 |         double [01;35m[Kresolution_[m[K;
      |                [01;35m[K^~~~~~~~~~~[m[K
[01m[K/home/sentry/Wolf-Moon/src/localization_mapping/src/ig_lio_c/../../include/ig_lio_c/voxel_map.hpp:128:18:[m[K [01;35m[Kwarning: [m[K  ‘[01m[KIG_LIO::HashUtil IG_LIO::FastVoxelMap::hash_util_[m[K’ [[01;35m[K-Wreorder[m[K]
  128 |         HashUtil [01;35m[Khash_util_[m[K;
      |                  [01;35m[K^~~~~~~~~~[m[K
[01m[K/home/sentry/Wolf-Moon/src/localization_mapping/src/ig_lio_c/voxel_map.cpp:285:5:[m[K [01;35m[Kwarning: [m[K  when initialized here [[01;35m[K-Wreorder[m[K]
  285 |     [01;35m[KFastVoxelMap[m[K::FastVoxelMap(double resolution) : resolution_(resolution), hash_util_(resolution)
      |     [01;35m[K^~~~~~~~~~~~[m[K
[ 70%] [32mBuilding CXX object CMakeFiles/map_builder_node.dir/src/ig_lio_c/iglio_builder.cpp.o[0m
[ 80%] [32mBuilding CXX object CMakeFiles/map_builder_node.dir/src/ig_lio_c/imu_processor.cpp.o[0m
In file included from [01m[K/home/sentry/Wolf-Moon/src/localization_mapping/src/ig_lio_c/imu_processor.cpp:1[m[K:
[01m[K/home/sentry/Wolf-Moon/src/localization_mapping/src/ig_lio_c/../../include/ig_lio_c/imu_processor.hpp:[m[K In constructor ‘[01m[KIG_LIO::IMUProcessor::IMUProcessor(std::shared_ptr<IG_LIO::IESKF>, std::shared_ptr<IG_LIO::PiontIMU>)[m[K’:
[01m[K/home/sentry/Wolf-Moon/src/localization_mapping/src/ig_lio_c/../../include/ig_lio_c/imu_processor.hpp:170:43:[m[K [01;35m[Kwarning: [m[K‘[01m[KIG_LIO::IMUProcessor::pointIMU_[m[K’ will be initialized after [[01;35m[K-Wreorder[m[K]
  170 |         std::shared_ptr<IG_LIO::PiontIMU> [01;35m[KpointIMU_[m[K;
      |                                           [01;35m[K^~~~~~~~~[m[K
[01m[K/home/sentry/Wolf-Moon/src/localization_mapping/src/ig_lio_c/../../include/ig_lio_c/imu_processor.hpp:164:13:[m[K [01;35m[Kwarning: [m[K  ‘[01m[Kint IG_LIO::IMUProcessor::init_count_[m[K’ [[01;35m[K-Wreorder[m[K]
  164 |         int [01;35m[Kinit_count_[m[K = 0;
      |             [01;35m[K^~~~~~~~~~~[m[K
[01m[K/home/sentry/Wolf-Moon/src/localization_mapping/src/ig_lio_c/imu_processor.cpp:28:5:[m[K [01;35m[Kwarning: [m[K  when initialized here [[01;35m[K-Wreorder[m[K]
   28 |     [01;35m[KIMUProcessor[m[K::IMUProcessor(std::shared_ptr<IG_LIO::IESKF> kf, std::shared_ptr<IG_LIO::PiontIMU> pointIMU)
      |     [01;35m[K^~~~~~~~~~~~[m[K
In file included from [01m[K/home/sentry/Wolf-Moon/src/localization_mapping/src/ig_lio_c/imu_processor.cpp:1[m[K:
[01m[K/home/sentry/Wolf-Moon/src/localization_mapping/src/ig_lio_c/../../include/ig_lio_c/imu_processor.hpp:185:16:[m[K [01;35m[Kwarning: [m[K‘[01m[KIG_LIO::IMUProcessor::last_lidar_time_end_[m[K’ will be initialized after [[01;35m[K-Wreorder[m[K]
  185 |         double [01;35m[Klast_lidar_time_end_[m[K;
      |                [01;35m[K^~~~~~~~~~~~~~~~~~~~[m[K
[01m[K/home/sentry/Wolf-Moon/src/localization_mapping/src/ig_lio_c/../../include/ig_lio_c/imu_processor.hpp:177:25:[m[K [01;35m[Kwarning: [m[K  ‘[01m[KEigen::Vector3d IG_LIO::IMUProcessor::mean_acc_[m[K’ [[01;35m[K-Wreorder[m[K]
  177 |         Eigen::Vector3d [01;35m[Kmean_acc_[m[K;
      |                         [01;35m[K^~~~~~~~~[m[K
[01m[K/home/sentry/Wolf-Moon/src/localization_mapping/src/ig_lio_c/imu_processor.cpp:28:5:[m[K [01;35m[Kwarning: [m[K  when initialized here [[01;35m[K-Wreorder[m[K]
   28 |     [01;35m[KIMUProcessor[m[K::IMUProcessor(std::shared_ptr<IG_LIO::IESKF> kf, std::shared_ptr<IG_LIO::PiontIMU> pointIMU)
      |     [01;35m[K^~~~~~~~~~~~[m[K
In file included from [01m[K/home/sentry/Wolf-Moon/src/localization_mapping/src/ig_lio_c/imu_processor.cpp:1[m[K:
[01m[K/home/sentry/Wolf-Moon/src/localization_mapping/src/ig_lio_c/../../include/ig_lio_c/imu_processor.hpp:181:25:[m[K [01;35m[Kwarning: [m[K‘[01m[KIG_LIO::IMUProcessor::last_gyro_[m[K’ will be initialized after [[01;35m[K-Wreorder[m[K]
  181 |         Eigen::Vector3d [01;35m[Klast_gyro_[m[K;
      |                         [01;35m[K^~~~~~~~~~[m[K
[01m[K/home/sentry/Wolf-Moon/src/localization_mapping/src/ig_lio_c/../../include/ig_lio_c/imu_processor.hpp:166:25:[m[K [01;35m[Kwarning: [m[K  ‘[01m[KEigen::Matrix3d IG_LIO::IMUProcessor::rot_ext_[m[K’ [[01;35m[K-Wreorder[m[K]
  166 |         Eigen::Matrix3d [01;35m[Krot_ext_[m[K;
      |                         [01;35m[K^~~~~~~~[m[K
[01m[K/home/sentry/Wolf-Moon/src/localization_mapping/src/ig_lio_c/imu_processor.cpp:28:5:[m[K [01;35m[Kwarning: [m[K  when initialized here [[01;35m[K-Wreorder[m[K]
   28 |     [01;35m[KIMUProcessor[m[K::IMUProcessor(std::shared_ptr<IG_LIO::IESKF> kf, std::shared_ptr<IG_LIO::PiontIMU> pointIMU)
      |     [01;35m[K^~~~~~~~~~~~[m[K
[ 90%] [32mBuilding CXX object CMakeFiles/map_builder_node.dir/src/ig_lio_c/icp_localizer.cpp.o[0m
In file included from [01m[K/home/sentry/Wolf-Moon/src/localization_mapping/src/ig_lio_c/icp_localizer.cpp:1[m[K:
[01m[K/home/sentry/Wolf-Moon/src/localization_mapping/src/ig_lio_c/../../include/ig_lio_c/icp_localizer.hpp:[m[K In constructor ‘[01m[KIG_LIO::IcpLocalizer::IcpLocalizer()[m[K’:
[01m[K/home/sentry/Wolf-Moon/src/localization_mapping/src/ig_lio_c/../../include/ig_lio_c/icp_localizer.hpp:30:16:[m[K [01;35m[Kwarning: [m[K‘[01m[KIG_LIO::IcpLocalizer::refine_resolution_[m[K’ will be initialized after [[01;35m[K-Wreorder[m[K]
   30 |         double [01;35m[Krefine_resolution_[m[K;
      |                [01;35m[K^~~~~~~~~~~~~~~~~~[m[K
[01m[K/home/sentry/Wolf-Moon/src/localization_mapping/src/ig_lio_c/../../include/ig_lio_c/icp_localizer.hpp:29:16:[m[K [01;35m[Kwarning: [m[K  ‘[01m[Kdouble IG_LIO::IcpLocalizer::rough_resolution_[m[K’ [[01;35m[K-Wreorder[m[K]
   29 |         double [01;35m[Krough_resolution_[m[K;
      |                [01;35m[K^~~~~~~~~~~~~~~~~[m[K
[01m[K/home/sentry/Wolf-Moon/src/localization_mapping/src/ig_lio_c/../../include/ig_lio_c/icp_localizer.hpp:36:9:[m[K [01;35m[Kwarning: [m[K  when initialized here [[01;35m[K-Wreorder[m[K]
   36 |         [01;35m[KIcpLocalizer[m[K()
      |         [01;35m[K^~~~~~~~~~~~[m[K
[01m[K/home/sentry/Wolf-Moon/src/localization_mapping/src/ig_lio_c/../../include/ig_lio_c/icp_localizer.hpp:32:13:[m[K [01;35m[Kwarning: [m[K‘[01m[KIG_LIO::IcpLocalizer::refine_iter_[m[K’ will be initialized after [[01;35m[K-Wreorder[m[K]
   32 |         int [01;35m[Krefine_iter_[m[K;
      |             [01;35m[K^~~~~~~~~~~~[m[K
[01m[K/home/sentry/Wolf-Moon/src/localization_mapping/src/ig_lio_c/../../include/ig_lio_c/icp_localizer.hpp:31:13:[m[K [01;35m[Kwarning: [m[K  ‘[01m[Kint IG_LIO::IcpLocalizer::rough_iter_[m[K’ [[01;35m[K-Wreorder[m[K]
   31 |         int [01;35m[Krough_iter_[m[K;
      |             [01;35m[K^~~~~~~~~~~[m[K
[01m[K/home/sentry/Wolf-Moon/src/localization_mapping/src/ig_lio_c/../../include/ig_lio_c/icp_localizer.hpp:36:9:[m[K [01;35m[Kwarning: [m[K  when initialized here [[01;35m[K-Wreorder[m[K]
   36 |         [01;35m[KIcpLocalizer[m[K()
      |         [01;35m[K^~~~~~~~~~~~[m[K
[01m[K/home/sentry/Wolf-Moon/src/localization_mapping/src/ig_lio_c/../../include/ig_lio_c/icp_localizer.hpp:[m[K In constructor ‘[01m[KIG_LIO::IcpLocalizer::IcpLocalizer(double, double, int, int, double)[m[K’:
[01m[K/home/sentry/Wolf-Moon/src/localization_mapping/src/ig_lio_c/../../include/ig_lio_c/icp_localizer.hpp:30:16:[m[K [01;35m[Kwarning: [m[K‘[01m[KIG_LIO::IcpLocalizer::refine_resolution_[m[K’ will be initialized after [[01;35m[K-Wreorder[m[K]
   30 |         double [01;35m[Krefine_resolution_[m[K;
      |                [01;35m[K^~~~~~~~~~~~~~~~~~[m[K
[01m[K/home/sentry/Wolf-Moon/src/localization_mapping/src/ig_lio_c/../../include/ig_lio_c/icp_localizer.hpp:29:16:[m[K [01;35m[Kwarning: [m[K  ‘[01m[Kdouble IG_LIO::IcpLocalizer::rough_resolution_[m[K’ [[01;35m[K-Wreorder[m[K]
   29 |         double [01;35m[Krough_resolution_[m[K;
      |                [01;35m[K^~~~~~~~~~~~~~~~~[m[K
[01m[K/home/sentry/Wolf-Moon/src/localization_mapping/src/ig_lio_c/../../include/ig_lio_c/icp_localizer.hpp:46:9:[m[K [01;35m[Kwarning: [m[K  when initialized here [[01;35m[K-Wreorder[m[K]
   46 |         [01;35m[KIcpLocalizer[m[K(double refine_resolution, double rough_resolution, int refine_iter, int rough_iter, double thresh)
      |         [01;35m[K^~~~~~~~~~~~[m[K
[01m[K/home/sentry/Wolf-Moon/src/localization_mapping/src/ig_lio_c/../../include/ig_lio_c/icp_localizer.hpp:32:13:[m[K [01;35m[Kwarning: [m[K‘[01m[KIG_LIO::IcpLocalizer::refine_iter_[m[K’ will be initialized after [[01;35m[K-Wreorder[m[K]
   32 |         int [01;35m[Krefine_iter_[m[K;
      |             [01;35m[K^~~~~~~~~~~~[m[K
[01m[K/home/sentry/Wolf-Moon/src/localization_mapping/src/ig_lio_c/../../include/ig_lio_c/icp_localizer.hpp:31:13:[m[K [01;35m[Kwarning: [m[K  ‘[01m[Kint IG_LIO::IcpLocalizer::rough_iter_[m[K’ [[01;35m[K-Wreorder[m[K]
   31 |         int [01;35m[Krough_iter_[m[K;
      |             [01;35m[K^~~~~~~~~~~[m[K
[01m[K/home/sentry/Wolf-Moon/src/localization_mapping/src/ig_lio_c/../../include/ig_lio_c/icp_localizer.hpp:46:9:[m[K [01;35m[Kwarning: [m[K  when initialized here [[01;35m[K-Wreorder[m[K]
   46 |         [01;35m[KIcpLocalizer[m[K(double refine_resolution, double rough_resolution, int refine_iter, int rough_iter, double thresh)
      |         [01;35m[K^~~~~~~~~~~~[m[K
[100%] [32m[1mLinking CXX executable map_builder_node[0m
make[2]: warning:  Clock skew detected.  Your build may be incomplete.
[100%] Built target map_builder_node
-- Install configuration: "Release"
-- Installing: /home/sentry/Wolf-Moon/install/ig_lio_c/lib/ig_lio_c/map_builder_node
-- Set runtime path of "/home/sentry/Wolf-Moon/install/ig_lio_c/lib/ig_lio_c/map_builder_node" to ""
-- Installing: /home/sentry/Wolf-Moon/install/ig_lio_c/lib/ig_lio_c/map_converter_node
-- Set runtime path of "/home/sentry/Wolf-Moon/install/ig_lio_c/lib/ig_lio_c/map_converter_node" to ""
-- Installing: /home/sentry/Wolf-Moon/install/ig_lio_c/share/ig_lio_c/launch
-- Installing: /home/sentry/Wolf-Moon/install/ig_lio_c/share/ig_lio_c/launch/map_mapping_launch.py
-- Installing: /home/sentry/Wolf-Moon/install/ig_lio_c/share/ig_lio_c/config
-- Installing: /home/sentry/Wolf-Moon/install/ig_lio_c/share/ig_lio_c/config/parameters.yaml
-- Installing: /home/sentry/Wolf-Moon/install/ig_lio_c/share/ig_lio_c/config/config_fg.yaml
-- Installing: /home/sentry/Wolf-Moon/install/ig_lio_c/share/ament_index/resource_index/package_run_dependencies/ig_lio_c
-- Installing: /home/sentry/Wolf-Moon/install/ig_lio_c/share/ament_index/resource_index/parent_prefix_path/ig_lio_c
-- Installing: /home/sentry/Wolf-Moon/install/ig_lio_c/share/ig_lio_c/environment/ament_prefix_path.sh
-- Installing: /home/sentry/Wolf-Moon/install/ig_lio_c/share/ig_lio_c/environment/ament_prefix_path.dsv
-- Installing: /home/sentry/Wolf-Moon/install/ig_lio_c/share/ig_lio_c/environment/path.sh
-- Installing: /home/sentry/Wolf-Moon/install/ig_lio_c/share/ig_lio_c/environment/path.dsv
-- Installing: /home/sentry/Wolf-Moon/install/ig_lio_c/share/ig_lio_c/local_setup.bash
-- Installing: /home/sentry/Wolf-Moon/install/ig_lio_c/share/ig_lio_c/local_setup.sh
-- Installing: /home/sentry/Wolf-Moon/install/ig_lio_c/share/ig_lio_c/local_setup.zsh
-- Installing: /home/sentry/Wolf-Moon/install/ig_lio_c/share/ig_lio_c/local_setup.dsv
-- Installing: /home/sentry/Wolf-Moon/install/ig_lio_c/share/ig_lio_c/package.dsv
-- Installing: /home/sentry/Wolf-Moon/install/ig_lio_c/share/ament_index/resource_index/packages/ig_lio_c
-- Installing: /home/sentry/Wolf-Moon/install/ig_lio_c/share/ig_lio_c/cmake/ig_lio_cConfig.cmake
-- Installing: /home/sentry/Wolf-Moon/install/ig_lio_c/share/ig_lio_c/cmake/ig_lio_cConfig-version.cmake
-- Installing: /home/sentry/Wolf-Moon/install/ig_lio_c/share/ig_lio_c/package.xml
