[0.036s] Invoking command in '/home/sentry/Wolf-Moon/build/auto_aim_interfaces': CMAKE_PREFIX_PATH=/opt/ros/galactic /usr/bin/cmake /home/sentry/Wolf-Moon/src/auto_aim_interfaces -DCMAKE_INSTALL_PREFIX=/home/sentry/Wolf-Moon/install/auto_aim_interfaces
[0.272s] -- The C compiler identification is GNU 9.4.0
[0.336s] -- The CXX compiler identification is GNU 9.4.0
[0.340s] -- Check for working C compiler: /usr/bin/cc
[0.386s] -- Check for working C compiler: /usr/bin/cc -- works
[0.388s] -- Detecting C compiler ABI info
[0.460s] -- Detecting C compiler ABI info - done
[0.476s] -- Detecting C compile features
[0.476s] -- Detecting C compile features - done
[0.478s] -- Check for working CXX compiler: /usr/bin/c++
[0.543s] -- Check for working CXX compiler: /usr/bin/c++ -- works
[0.544s] -- Detecting CXX compiler ABI info
[0.598s] -- Detecting CXX compiler ABI info - done
[0.612s] -- Detecting CXX compile features
[0.613s] -- Detecting CXX compile features - done
[0.618s] -- Found ament_cmake: 1.1.6 (/opt/ros/galactic/share/ament_cmake/cmake)
[0.639s] -- Found PythonInterp: /usr/bin/python3 (found suitable version "3.8.10", minimum required is "3") 
[0.639s] -- Using PYTHON_EXECUTABLE: /usr/bin/python3
[0.722s] -- Found rosidl_default_generators: 1.1.1 (/opt/ros/galactic/share/rosidl_default_generators/cmake)
[0.727s] -- Using all available rosidl_typesupport_c: rosidl_typesupport_fastrtps_c;rosidl_typesupport_introspection_c
[0.739s] -- Found rosidl_adapter: 2.2.3 (/opt/ros/galactic/share/rosidl_adapter/cmake)
[0.877s] -- Found OpenSSL: /usr/lib/x86_64-linux-gnu/libcrypto.so (found version "1.1.1f")  
[0.919s] -- Found FastRTPS: /opt/ros/galactic/include  
[1.036s] -- Using all available rosidl_typesupport_cpp: rosidl_typesupport_fastrtps_cpp;rosidl_typesupport_introspection_cpp
[1.076s] -- Found geometry_msgs: 2.2.4 (/opt/ros/galactic/share/geometry_msgs/cmake)
[1.176s] -- Found sensor_msgs: 2.2.4 (/opt/ros/galactic/share/sensor_msgs/cmake)
[1.298s] -- Found PythonInterp: /usr/bin/python3 (found version "3.8.10") 
[1.661s] -- Found ament_cmake_ros: 0.9.2 (/opt/ros/galactic/share/ament_cmake_ros/cmake)
[2.501s] -- Using all available rosidl_typesupport_c: rosidl_typesupport_fastrtps_c;rosidl_typesupport_introspection_c
[2.941s] -- Using all available rosidl_typesupport_cpp: rosidl_typesupport_fastrtps_cpp;rosidl_typesupport_introspection_cpp
[3.048s] -- Found PythonInterp: /usr/bin/python3 (found suitable version "3.8.10", minimum required is "3.5") 
[3.050s] -- Found python_cmake_module: 0.8.1 (/opt/ros/galactic/share/python_cmake_module/cmake)
[3.100s] -- Found PythonLibs: /usr/lib/x86_64-linux-gnu/libpython3.8.so (found suitable version "3.8.10", minimum required is "3.5") 
[3.100s] -- Using PYTHON_EXECUTABLE: /usr/bin/python3
[3.100s] -- Using PYTHON_INCLUDE_DIRS: /usr/include/python3.8
[3.100s] -- Using PYTHON_LIBRARIES: /usr/lib/x86_64-linux-gnu/libpython3.8.so
[3.141s] -- Found PythonExtra: .so  
[3.431s] -- Configuring done
[3.603s] -- Generating done
