[0.041s] Invoking command in '/home/sentry/Wolf-Moon/build/grid_map_core': AMENT_PREFIX_PATH=/home/sentry/Wolf-Moon/install/grid_map_cmake_helpers:${AMENT_PREFIX_PATH} CMAKE_PREFIX_PATH=/home/sentry/Wolf-Moon/install/grid_map_cmake_helpers:/opt/ros/galactic /usr/bin/cmake --build /home/sentry/Wolf-Moon/build/grid_map_core -- -j12 -l12
[0.116s] [  5%] Built target gtest
[0.120s] [ 11%] Built target gtest_main
[0.151s] [ 54%] Built target grid_map_core
[0.209s] [100%] Built target grid_map_core-test
[0.229s] Invoked command in '/home/sentry/Wolf-Moon/build/grid_map_core' returned '0': AMENT_PREFIX_PATH=/home/sentry/Wolf-Moon/install/grid_map_cmake_helpers:${AMENT_PREFIX_PATH} CMAKE_PREFIX_PATH=/home/sentry/Wolf-Moon/install/grid_map_cmake_helpers:/opt/ros/galactic /usr/bin/cmake --build /home/sentry/Wolf-Moon/build/grid_map_core -- -j12 -l12
[0.231s] Invoking command in '/home/sentry/Wolf-Moon/build/grid_map_core': AMENT_PREFIX_PATH=/home/sentry/Wolf-Moon/install/grid_map_cmake_helpers:${AMENT_PREFIX_PATH} CMAKE_PREFIX_PATH=/home/sentry/Wolf-Moon/install/grid_map_cmake_helpers:/opt/ros/galactic /usr/bin/cmake --install /home/sentry/Wolf-Moon/build/grid_map_core
[0.241s] -- Install configuration: "Release"
[0.242s] -- Up-to-date: /home/sentry/Wolf-Moon/install/grid_map_core/lib/libgrid_map_core.a
[0.242s] -- Up-to-date: /home/sentry/Wolf-Moon/install/grid_map_core/include/grid_map_core
[0.242s] -- Up-to-date: /home/sentry/Wolf-Moon/install/grid_map_core/include/grid_map_core/Polygon.hpp
[0.242s] -- Up-to-date: /home/sentry/Wolf-Moon/install/grid_map_core/include/grid_map_core/grid_map_core.hpp
[0.242s] -- Up-to-date: /home/sentry/Wolf-Moon/install/grid_map_core/include/grid_map_core/CubicInterpolation.hpp
[0.242s] -- Up-to-date: /home/sentry/Wolf-Moon/install/grid_map_core/include/grid_map_core/GridMapMath.hpp
[0.242s] -- Up-to-date: /home/sentry/Wolf-Moon/install/grid_map_core/include/grid_map_core/gtest_eigen.hpp
[0.242s] -- Up-to-date: /home/sentry/Wolf-Moon/install/grid_map_core/include/grid_map_core/eigen_plugins
[0.242s] -- Up-to-date: /home/sentry/Wolf-Moon/install/grid_map_core/include/grid_map_core/eigen_plugins/FunctorsPlugin.hpp
[0.243s] -- Up-to-date: /home/sentry/Wolf-Moon/install/grid_map_core/include/grid_map_core/eigen_plugins/Functors.hpp
[0.243s] -- Up-to-date: /home/sentry/Wolf-Moon/install/grid_map_core/include/grid_map_core/eigen_plugins/DenseBasePlugin.hpp
[0.243s] -- Up-to-date: /home/sentry/Wolf-Moon/install/grid_map_core/include/grid_map_core/GridMap.hpp
[0.243s] -- Up-to-date: /home/sentry/Wolf-Moon/install/grid_map_core/include/grid_map_core/BufferRegion.hpp
[0.243s] -- Up-to-date: /home/sentry/Wolf-Moon/install/grid_map_core/include/grid_map_core/SubmapGeometry.hpp
[0.243s] -- Up-to-date: /home/sentry/Wolf-Moon/install/grid_map_core/include/grid_map_core/iterators
[0.243s] -- Up-to-date: /home/sentry/Wolf-Moon/install/grid_map_core/include/grid_map_core/iterators/EllipseIterator.hpp
[0.243s] -- Up-to-date: /home/sentry/Wolf-Moon/install/grid_map_core/include/grid_map_core/iterators/LineIterator.hpp
[0.243s] -- Up-to-date: /home/sentry/Wolf-Moon/install/grid_map_core/include/grid_map_core/iterators/SpiralIterator.hpp
[0.243s] -- Up-to-date: /home/sentry/Wolf-Moon/install/grid_map_core/include/grid_map_core/iterators/PolygonIterator.hpp
[0.244s] -- Up-to-date: /home/sentry/Wolf-Moon/install/grid_map_core/include/grid_map_core/iterators/CircleIterator.hpp
[0.244s] -- Up-to-date: /home/sentry/Wolf-Moon/install/grid_map_core/include/grid_map_core/iterators/GridMapIterator.hpp
[0.244s] -- Up-to-date: /home/sentry/Wolf-Moon/install/grid_map_core/include/grid_map_core/iterators/SubmapIterator.hpp
[0.244s] -- Up-to-date: /home/sentry/Wolf-Moon/install/grid_map_core/include/grid_map_core/iterators/iterators.hpp
[0.244s] -- Up-to-date: /home/sentry/Wolf-Moon/install/grid_map_core/include/grid_map_core/iterators/SlidingWindowIterator.hpp
[0.244s] -- Up-to-date: /home/sentry/Wolf-Moon/install/grid_map_core/include/grid_map_core/TypeDefs.hpp
[0.244s] -- Up-to-date: /home/sentry/Wolf-Moon/install/grid_map_core/share/grid_map_core/doc
[0.245s] -- Up-to-date: /home/sentry/Wolf-Moon/install/grid_map_core/share/grid_map_core/doc/grid_map_conventions.pdf
[0.245s] -- Up-to-date: /home/sentry/Wolf-Moon/install/grid_map_core/share/grid_map_core/doc/grid_map_conventions.png
[0.245s] -- Up-to-date: /home/sentry/Wolf-Moon/install/grid_map_core/share/grid_map_core/doc/grid_map_layers.pdf
[0.245s] -- Up-to-date: /home/sentry/Wolf-Moon/install/grid_map_core/share/grid_map_core/doc/interpolationSineWorld.gif
[0.245s] -- Up-to-date: /home/sentry/Wolf-Moon/install/grid_map_core/share/grid_map_core/doc/setposition_method.gif
[0.245s] -- Up-to-date: /home/sentry/Wolf-Moon/install/grid_map_core/share/grid_map_core/doc/grid_map_layers.png
[0.245s] -- Up-to-date: /home/sentry/Wolf-Moon/install/grid_map_core/share/grid_map_core/doc/interpolationGaussWorld.gif
[0.245s] -- Up-to-date: /home/sentry/Wolf-Moon/install/grid_map_core/share/grid_map_core/doc/iterators
[0.245s] -- Up-to-date: /home/sentry/Wolf-Moon/install/grid_map_core/share/grid_map_core/doc/iterators/polygon_iterator_preview.gif
[0.245s] -- Up-to-date: /home/sentry/Wolf-Moon/install/grid_map_core/share/grid_map_core/doc/iterators/line_iterator_preview.gif
[0.246s] -- Up-to-date: /home/sentry/Wolf-Moon/install/grid_map_core/share/grid_map_core/doc/iterators/grid_map_iterator.gif
[0.246s] -- Up-to-date: /home/sentry/Wolf-Moon/install/grid_map_core/share/grid_map_core/doc/iterators/circle_iterator_preview.gif
[0.246s] -- Up-to-date: /home/sentry/Wolf-Moon/install/grid_map_core/share/grid_map_core/doc/iterators/line_iterator.gif
[0.246s] -- Up-to-date: /home/sentry/Wolf-Moon/install/grid_map_core/share/grid_map_core/doc/iterators/ellipse_iterator_preview.gif
[0.246s] -- Up-to-date: /home/sentry/Wolf-Moon/install/grid_map_core/share/grid_map_core/doc/iterators/circle_iterator.gif
[0.246s] -- Up-to-date: /home/sentry/Wolf-Moon/install/grid_map_core/share/grid_map_core/doc/iterators/spiral_iterator.gif
[0.246s] -- Up-to-date: /home/sentry/Wolf-Moon/install/grid_map_core/share/grid_map_core/doc/iterators/grid_map_iterator_preview.gif
[0.246s] -- Up-to-date: /home/sentry/Wolf-Moon/install/grid_map_core/share/grid_map_core/doc/iterators/submap_iterator_preview.gif
[0.246s] -- Up-to-date: /home/sentry/Wolf-Moon/install/grid_map_core/share/grid_map_core/doc/iterators/polygon_iterator.gif
[0.246s] -- Up-to-date: /home/sentry/Wolf-Moon/install/grid_map_core/share/grid_map_core/doc/iterators/submap_iterator.gif
[0.246s] -- Up-to-date: /home/sentry/Wolf-Moon/install/grid_map_core/share/grid_map_core/doc/iterators/ellipse_iterator.gif
[0.247s] -- Up-to-date: /home/sentry/Wolf-Moon/install/grid_map_core/share/grid_map_core/doc/iterators/spiral_iterator_preview.gif
[0.247s] -- Up-to-date: /home/sentry/Wolf-Moon/install/grid_map_core/share/grid_map_core/doc/move_method.gif
[0.247s] -- Up-to-date: /home/sentry/Wolf-Moon/install/grid_map_core/share/grid_map_core/environment/library_path.sh
[0.247s] -- Up-to-date: /home/sentry/Wolf-Moon/install/grid_map_core/share/grid_map_core/environment/library_path.dsv
[0.247s] -- Up-to-date: /home/sentry/Wolf-Moon/install/grid_map_core/share/ament_index/resource_index/package_run_dependencies/grid_map_core
[0.247s] -- Up-to-date: /home/sentry/Wolf-Moon/install/grid_map_core/share/ament_index/resource_index/parent_prefix_path/grid_map_core
[0.247s] -- Up-to-date: /home/sentry/Wolf-Moon/install/grid_map_core/share/grid_map_core/environment/ament_prefix_path.sh
[0.247s] -- Up-to-date: /home/sentry/Wolf-Moon/install/grid_map_core/share/grid_map_core/environment/ament_prefix_path.dsv
[0.247s] -- Up-to-date: /home/sentry/Wolf-Moon/install/grid_map_core/share/grid_map_core/environment/path.sh
[0.247s] -- Up-to-date: /home/sentry/Wolf-Moon/install/grid_map_core/share/grid_map_core/environment/path.dsv
[0.247s] -- Up-to-date: /home/sentry/Wolf-Moon/install/grid_map_core/share/grid_map_core/local_setup.bash
[0.248s] -- Up-to-date: /home/sentry/Wolf-Moon/install/grid_map_core/share/grid_map_core/local_setup.sh
[0.248s] -- Up-to-date: /home/sentry/Wolf-Moon/install/grid_map_core/share/grid_map_core/local_setup.zsh
[0.248s] -- Up-to-date: /home/sentry/Wolf-Moon/install/grid_map_core/share/grid_map_core/local_setup.dsv
[0.248s] -- Installing: /home/sentry/Wolf-Moon/install/grid_map_core/share/grid_map_core/package.dsv
[0.248s] -- Up-to-date: /home/sentry/Wolf-Moon/install/grid_map_core/share/ament_index/resource_index/packages/grid_map_core
[0.248s] -- Up-to-date: /home/sentry/Wolf-Moon/install/grid_map_core/share/grid_map_core/cmake/grid_map_core-extras.cmake
[0.248s] -- Up-to-date: /home/sentry/Wolf-Moon/install/grid_map_core/share/grid_map_core/cmake/ament_cmake_export_include_directories-extras.cmake
[0.248s] -- Up-to-date: /home/sentry/Wolf-Moon/install/grid_map_core/share/grid_map_core/cmake/ament_cmake_export_libraries-extras.cmake
[0.248s] -- Up-to-date: /home/sentry/Wolf-Moon/install/grid_map_core/share/grid_map_core/cmake/grid_map_coreConfig.cmake
[0.248s] -- Up-to-date: /home/sentry/Wolf-Moon/install/grid_map_core/share/grid_map_core/cmake/grid_map_coreConfig-version.cmake
[0.249s] -- Up-to-date: /home/sentry/Wolf-Moon/install/grid_map_core/share/grid_map_core/package.xml
[0.251s] Invoked command in '/home/sentry/Wolf-Moon/build/grid_map_core' returned '0': AMENT_PREFIX_PATH=/home/sentry/Wolf-Moon/install/grid_map_cmake_helpers:${AMENT_PREFIX_PATH} CMAKE_PREFIX_PATH=/home/sentry/Wolf-Moon/install/grid_map_cmake_helpers:/opt/ros/galactic /usr/bin/cmake --install /home/sentry/Wolf-Moon/build/grid_map_core
