[0.034s] Invoking command in '/home/sentry/Wolf-Moon/build/ig_lio_c_msgs': CMAKE_PREFIX_PATH=/opt/ros/galactic /usr/bin/cmake --build /home/sentry/Wolf-Moon/build/ig_lio_c_msgs -- -j12 -l12
[0.087s] [  2%] [34m[1mGenerating C code for ROS interfaces[0m
[0.103s] [  4%] [34m[1mGenerating C++ code for ROS interfaces[0m
[1.090s] [35m[1mScanning dependencies of target ig_lio_c_msgs__rosidl_generator_c[0m
[1.169s] [  4%] Built target ig_lio_c_msgs__cpp
[1.176s] [  6%] [32mBuilding C object CMakeFiles/ig_lio_c_msgs__rosidl_generator_c.dir/rosidl_generator_c/ig_lio_c_msgs/srv/detail/save_map__functions.c.o[0m
[1.193s] [  8%] [32mBuilding C object CMakeFiles/ig_lio_c_msgs__rosidl_generator_c.dir/rosidl_generator_c/ig_lio_c_msgs/srv/detail/re_loc__functions.c.o[0m
[1.201s] [ 10%] [32mBuilding C object CMakeFiles/ig_lio_c_msgs__rosidl_generator_c.dir/rosidl_generator_c/ig_lio_c_msgs/srv/detail/covert_map__functions.c.o[0m
[1.218s] [ 12%] [34m[1mGenerating C++ introspection for ROS interfaces[0m
[1.250s] [ 14%] [34m[1mGenerating C++ type support for eProsima Fast-RTPS[0m
[1.299s] [ 17%] [34m[1mGenerating C++ type support dispatch for ROS interfaces[0m
[2.194s] [ 19%] [32m[1mLinking C shared library libig_lio_c_msgs__rosidl_generator_c.so[0m
[2.405s] [35m[1mScanning dependencies of target ig_lio_c_msgs__rosidl_typesupport_introspection_cpp[0m
[2.405s] [35m[1mScanning dependencies of target ig_lio_c_msgs__rosidl_typesupport_cpp[0m
[2.488s] [ 19%] Built target ig_lio_c_msgs__rosidl_generator_c
[2.541s] [ 21%] [32mBuilding CXX object CMakeFiles/ig_lio_c_msgs__rosidl_typesupport_cpp.dir/rosidl_typesupport_cpp/ig_lio_c_msgs/srv/covert_map__type_support.cpp.o[0m
[2.564s] [ 23%] [32mBuilding CXX object CMakeFiles/ig_lio_c_msgs__rosidl_typesupport_cpp.dir/rosidl_typesupport_cpp/ig_lio_c_msgs/srv/save_map__type_support.cpp.o[0m
[2.591s] [ 25%] [32mBuilding CXX object CMakeFiles/ig_lio_c_msgs__rosidl_typesupport_introspection_cpp.dir/rosidl_typesupport_introspection_cpp/ig_lio_c_msgs/srv/detail/re_loc__type_support.cpp.o[0m
[2.610s] [ 27%] [32mBuilding CXX object CMakeFiles/ig_lio_c_msgs__rosidl_typesupport_introspection_cpp.dir/rosidl_typesupport_introspection_cpp/ig_lio_c_msgs/srv/detail/covert_map__type_support.cpp.o[0m
[2.611s] [ 29%] [32mBuilding CXX object CMakeFiles/ig_lio_c_msgs__rosidl_typesupport_cpp.dir/rosidl_typesupport_cpp/ig_lio_c_msgs/srv/re_loc__type_support.cpp.o[0m
[2.615s] [ 31%] [32mBuilding CXX object CMakeFiles/ig_lio_c_msgs__rosidl_typesupport_introspection_cpp.dir/rosidl_typesupport_introspection_cpp/ig_lio_c_msgs/srv/detail/save_map__type_support.cpp.o[0m
[2.646s] [ 34%] [34m[1mGenerating C type support dispatch for ROS interfaces[0m
[2.655s] [ 36%] [34m[1mGenerating C introspection for ROS interfaces[0m
[3.576s] [35m[1mScanning dependencies of target ig_lio_c_msgs__rosidl_typesupport_fastrtps_cpp[0m
[3.740s] [ 38%] [32mBuilding CXX object CMakeFiles/ig_lio_c_msgs__rosidl_typesupport_fastrtps_cpp.dir/rosidl_typesupport_fastrtps_cpp/ig_lio_c_msgs/srv/detail/dds_fastrtps/covert_map__type_support.cpp.o[0m
[3.741s] [ 40%] [32mBuilding CXX object CMakeFiles/ig_lio_c_msgs__rosidl_typesupport_fastrtps_cpp.dir/rosidl_typesupport_fastrtps_cpp/ig_lio_c_msgs/srv/detail/dds_fastrtps/save_map__type_support.cpp.o[0m
[3.808s] [ 42%] [32mBuilding CXX object CMakeFiles/ig_lio_c_msgs__rosidl_typesupport_fastrtps_cpp.dir/rosidl_typesupport_fastrtps_cpp/ig_lio_c_msgs/srv/detail/dds_fastrtps/re_loc__type_support.cpp.o[0m
[3.944s] [ 44%] [32m[1mLinking CXX shared library libig_lio_c_msgs__rosidl_typesupport_cpp.so[0m
[3.944s] [35m[1mScanning dependencies of target ig_lio_c_msgs__rosidl_typesupport_c[0m
[4.063s] [ 46%] [32mBuilding CXX object CMakeFiles/ig_lio_c_msgs__rosidl_typesupport_c.dir/rosidl_typesupport_c/ig_lio_c_msgs/srv/covert_map__type_support.cpp.o[0m
[4.100s] [ 48%] [32mBuilding CXX object CMakeFiles/ig_lio_c_msgs__rosidl_typesupport_c.dir/rosidl_typesupport_c/ig_lio_c_msgs/srv/re_loc__type_support.cpp.o[0m
[4.104s] [ 51%] [32mBuilding CXX object CMakeFiles/ig_lio_c_msgs__rosidl_typesupport_c.dir/rosidl_typesupport_c/ig_lio_c_msgs/srv/save_map__type_support.cpp.o[0m
[4.124s] [ 53%] [32m[1mLinking CXX shared library libig_lio_c_msgs__rosidl_typesupport_introspection_cpp.so[0m
[4.196s] [ 53%] Built target ig_lio_c_msgs__rosidl_typesupport_cpp
[4.385s] [ 55%] [32m[1mLinking CXX shared library libig_lio_c_msgs__rosidl_typesupport_c.so[0m
[4.548s] [ 55%] Built target ig_lio_c_msgs__rosidl_typesupport_introspection_cpp
[4.672s] [ 55%] Built target ig_lio_c_msgs__rosidl_typesupport_c
[4.896s] [35m[1mScanning dependencies of target ig_lio_c_msgs__rosidl_typesupport_introspection_c[0m
[5.029s] [ 57%] [32mBuilding C object CMakeFiles/ig_lio_c_msgs__rosidl_typesupport_introspection_c.dir/rosidl_typesupport_introspection_c/ig_lio_c_msgs/srv/detail/covert_map__type_support.c.o[0m
[5.084s] [ 59%] [32mBuilding C object CMakeFiles/ig_lio_c_msgs__rosidl_typesupport_introspection_c.dir/rosidl_typesupport_introspection_c/ig_lio_c_msgs/srv/detail/save_map__type_support.c.o[0m
[5.084s] [ 61%] [32mBuilding C object CMakeFiles/ig_lio_c_msgs__rosidl_typesupport_introspection_c.dir/rosidl_typesupport_introspection_c/ig_lio_c_msgs/srv/detail/re_loc__type_support.c.o[0m
[5.414s] [ 63%] [32m[1mLinking C shared library libig_lio_c_msgs__rosidl_typesupport_introspection_c.so[0m
[5.692s] [ 63%] Built target ig_lio_c_msgs__rosidl_typesupport_introspection_c
[7.186s] [ 65%] [32m[1mLinking CXX shared library libig_lio_c_msgs__rosidl_typesupport_fastrtps_cpp.so[0m
[7.800s] [ 65%] Built target ig_lio_c_msgs__rosidl_typesupport_fastrtps_cpp
[7.899s] [ 68%] [34m[1mGenerating C type support for eProsima Fast-RTPS[0m
[9.480s] [35m[1mScanning dependencies of target ig_lio_c_msgs__rosidl_typesupport_fastrtps_c[0m
[9.571s] [ 70%] [32mBuilding CXX object CMakeFiles/ig_lio_c_msgs__rosidl_typesupport_fastrtps_c.dir/rosidl_typesupport_fastrtps_c/ig_lio_c_msgs/srv/detail/covert_map__type_support_c.cpp.o[0m
[10.444s] [ 72%] [32mBuilding CXX object CMakeFiles/ig_lio_c_msgs__rosidl_typesupport_fastrtps_c.dir/rosidl_typesupport_fastrtps_c/ig_lio_c_msgs/srv/detail/re_loc__type_support_c.cpp.o[0m
[11.235s] [ 74%] [32mBuilding CXX object CMakeFiles/ig_lio_c_msgs__rosidl_typesupport_fastrtps_c.dir/rosidl_typesupport_fastrtps_c/ig_lio_c_msgs/srv/detail/save_map__type_support_c.cpp.o[0m
[11.883s] [ 76%] [32m[1mLinking CXX shared library libig_lio_c_msgs__rosidl_typesupport_fastrtps_c.so[0m
[12.009s] [ 76%] Built target ig_lio_c_msgs__rosidl_typesupport_fastrtps_c
[12.023s] [35m[1mScanning dependencies of target ig_lio_c_msgs[0m
[12.038s] [ 76%] Built target ig_lio_c_msgs
[12.052s] [35m[1mScanning dependencies of target ig_lio_c_msgs__py[0m
[12.067s] [ 78%] [34m[1mGenerating Python code for ROS interfaces[0m
[13.200s] [ 78%] Built target ig_lio_c_msgs__py
[13.215s] [35m[1mScanning dependencies of target ig_lio_c_msgs__python[0m
[13.260s] [ 80%] [32mBuilding C object CMakeFiles/ig_lio_c_msgs__python.dir/rosidl_generator_py/ig_lio_c_msgs/srv/_covert_map_s.c.o[0m
[13.466s] [ 82%] [32mBuilding C object CMakeFiles/ig_lio_c_msgs__python.dir/rosidl_generator_py/ig_lio_c_msgs/srv/_re_loc_s.c.o[0m
[13.667s] [ 85%] [32mBuilding C object CMakeFiles/ig_lio_c_msgs__python.dir/rosidl_generator_py/ig_lio_c_msgs/srv/_save_map_s.c.o[0m
[13.853s] [ 87%] [32m[1mLinking C shared library rosidl_generator_py/ig_lio_c_msgs/libig_lio_c_msgs__python.so[0m
[13.917s] [ 87%] Built target ig_lio_c_msgs__python
[13.932s] [35m[1mScanning dependencies of target ig_lio_c_msgs__rosidl_typesupport_c__pyext[0m
[13.956s] [ 89%] [32mBuilding C object CMakeFiles/ig_lio_c_msgs__rosidl_typesupport_c__pyext.dir/rosidl_generator_py/ig_lio_c_msgs/_ig_lio_c_msgs_s.ep.rosidl_typesupport_c.c.o[0m
[14.198s] [ 91%] [32m[1mLinking C shared library rosidl_generator_py/ig_lio_c_msgs/ig_lio_c_msgs_s__rosidl_typesupport_c.cpython-38-x86_64-linux-gnu.so[0m
[14.254s] [ 91%] Built target ig_lio_c_msgs__rosidl_typesupport_c__pyext
[14.268s] [35m[1mScanning dependencies of target ig_lio_c_msgs__rosidl_typesupport_fastrtps_c__pyext[0m
[14.295s] [ 93%] [32mBuilding C object CMakeFiles/ig_lio_c_msgs__rosidl_typesupport_fastrtps_c__pyext.dir/rosidl_generator_py/ig_lio_c_msgs/_ig_lio_c_msgs_s.ep.rosidl_typesupport_fastrtps_c.c.o[0m
[14.538s] [ 95%] [32m[1mLinking CXX shared library rosidl_generator_py/ig_lio_c_msgs/ig_lio_c_msgs_s__rosidl_typesupport_fastrtps_c.cpython-38-x86_64-linux-gnu.so[0m
[14.635s] [ 95%] Built target ig_lio_c_msgs__rosidl_typesupport_fastrtps_c__pyext
[14.650s] [35m[1mScanning dependencies of target ig_lio_c_msgs__rosidl_typesupport_introspection_c__pyext[0m
[14.673s] [ 97%] [32mBuilding C object CMakeFiles/ig_lio_c_msgs__rosidl_typesupport_introspection_c__pyext.dir/rosidl_generator_py/ig_lio_c_msgs/_ig_lio_c_msgs_s.ep.rosidl_typesupport_introspection_c.c.o[0m
[14.912s] [100%] [32m[1mLinking C shared library rosidl_generator_py/ig_lio_c_msgs/ig_lio_c_msgs_s__rosidl_typesupport_introspection_c.cpython-38-x86_64-linux-gnu.so[0m
[14.966s] [100%] Built target ig_lio_c_msgs__rosidl_typesupport_introspection_c__pyext
[14.981s] Invoked command in '/home/sentry/Wolf-Moon/build/ig_lio_c_msgs' returned '0': CMAKE_PREFIX_PATH=/opt/ros/galactic /usr/bin/cmake --build /home/sentry/Wolf-Moon/build/ig_lio_c_msgs -- -j12 -l12
[14.984s] Invoking command in '/home/sentry/Wolf-Moon/build/ig_lio_c_msgs': CMAKE_PREFIX_PATH=/opt/ros/galactic /usr/bin/cmake --install /home/sentry/Wolf-Moon/build/ig_lio_c_msgs
[18.596s] -- Install configuration: "Release"
[18.596s] -- Installing: /home/sentry/Wolf-Moon/install/ig_lio_c_msgs/share/ament_index/resource_index/rosidl_interfaces/ig_lio_c_msgs
[18.597s] -- Installing: /home/sentry/Wolf-Moon/install/ig_lio_c_msgs/include/ig_lio_c_msgs
[18.599s] -- Installing: /home/sentry/Wolf-Moon/install/ig_lio_c_msgs/include/ig_lio_c_msgs/msg
[18.599s] -- Installing: /home/sentry/Wolf-Moon/install/ig_lio_c_msgs/include/ig_lio_c_msgs/msg/rosidl_generator_c__visibility_control.h
[18.599s] -- Installing: /home/sentry/Wolf-Moon/install/ig_lio_c_msgs/include/ig_lio_c_msgs/srv
[18.600s] -- Installing: /home/sentry/Wolf-Moon/install/ig_lio_c_msgs/include/ig_lio_c_msgs/srv/re_loc.h
[18.600s] -- Installing: /home/sentry/Wolf-Moon/install/ig_lio_c_msgs/include/ig_lio_c_msgs/srv/save_map.h
[18.600s] -- Installing: /home/sentry/Wolf-Moon/install/ig_lio_c_msgs/include/ig_lio_c_msgs/srv/detail
[18.600s] -- Installing: /home/sentry/Wolf-Moon/install/ig_lio_c_msgs/include/ig_lio_c_msgs/srv/detail/re_loc__type_support.h
[18.600s] -- Installing: /home/sentry/Wolf-Moon/install/ig_lio_c_msgs/include/ig_lio_c_msgs/srv/detail/covert_map__functions.h
[18.600s] -- Installing: /home/sentry/Wolf-Moon/install/ig_lio_c_msgs/include/ig_lio_c_msgs/srv/detail/re_loc__functions.h
[18.600s] -- Installing: /home/sentry/Wolf-Moon/install/ig_lio_c_msgs/include/ig_lio_c_msgs/srv/detail/re_loc__struct.h
[18.600s] -- Installing: /home/sentry/Wolf-Moon/install/ig_lio_c_msgs/include/ig_lio_c_msgs/srv/detail/save_map__struct.h
[18.600s] -- Installing: /home/sentry/Wolf-Moon/install/ig_lio_c_msgs/include/ig_lio_c_msgs/srv/detail/re_loc__functions.c
[18.600s] -- Installing: /home/sentry/Wolf-Moon/install/ig_lio_c_msgs/include/ig_lio_c_msgs/srv/detail/save_map__functions.h
[18.600s] -- Installing: /home/sentry/Wolf-Moon/install/ig_lio_c_msgs/include/ig_lio_c_msgs/srv/detail/save_map__functions.c
[18.600s] -- Installing: /home/sentry/Wolf-Moon/install/ig_lio_c_msgs/include/ig_lio_c_msgs/srv/detail/save_map__type_support.h
[18.600s] -- Installing: /home/sentry/Wolf-Moon/install/ig_lio_c_msgs/include/ig_lio_c_msgs/srv/detail/covert_map__functions.c
[18.601s] -- Installing: /home/sentry/Wolf-Moon/install/ig_lio_c_msgs/include/ig_lio_c_msgs/srv/detail/covert_map__struct.h
[18.601s] -- Installing: /home/sentry/Wolf-Moon/install/ig_lio_c_msgs/include/ig_lio_c_msgs/srv/detail/covert_map__type_support.h
[18.601s] -- Installing: /home/sentry/Wolf-Moon/install/ig_lio_c_msgs/include/ig_lio_c_msgs/srv/covert_map.h
[18.601s] -- Installing: /home/sentry/Wolf-Moon/install/ig_lio_c_msgs/share/ig_lio_c_msgs/environment/library_path.sh
[18.601s] -- Installing: /home/sentry/Wolf-Moon/install/ig_lio_c_msgs/share/ig_lio_c_msgs/environment/library_path.dsv
[18.601s] -- Installing: /home/sentry/Wolf-Moon/install/ig_lio_c_msgs/lib/libig_lio_c_msgs__rosidl_generator_c.so
[18.601s] -- Set runtime path of "/home/sentry/Wolf-Moon/install/ig_lio_c_msgs/lib/libig_lio_c_msgs__rosidl_generator_c.so" to ""
[18.601s] -- Up-to-date: /home/sentry/Wolf-Moon/install/ig_lio_c_msgs/include/ig_lio_c_msgs
[18.601s] -- Up-to-date: /home/sentry/Wolf-Moon/install/ig_lio_c_msgs/include/ig_lio_c_msgs/msg
[18.601s] -- Installing: /home/sentry/Wolf-Moon/install/ig_lio_c_msgs/include/ig_lio_c_msgs/msg/rosidl_typesupport_fastrtps_c__visibility_control.h
[18.601s] -- Up-to-date: /home/sentry/Wolf-Moon/install/ig_lio_c_msgs/include/ig_lio_c_msgs/srv
[18.601s] -- Up-to-date: /home/sentry/Wolf-Moon/install/ig_lio_c_msgs/include/ig_lio_c_msgs/srv/detail
[18.601s] -- Installing: /home/sentry/Wolf-Moon/install/ig_lio_c_msgs/include/ig_lio_c_msgs/srv/detail/covert_map__rosidl_typesupport_fastrtps_c.h
[18.601s] -- Installing: /home/sentry/Wolf-Moon/install/ig_lio_c_msgs/include/ig_lio_c_msgs/srv/detail/save_map__rosidl_typesupport_fastrtps_c.h
[18.601s] -- Installing: /home/sentry/Wolf-Moon/install/ig_lio_c_msgs/include/ig_lio_c_msgs/srv/detail/re_loc__rosidl_typesupport_fastrtps_c.h
[18.601s] -- Installing: /home/sentry/Wolf-Moon/install/ig_lio_c_msgs/lib/libig_lio_c_msgs__rosidl_typesupport_fastrtps_c.so
[18.601s] -- Set runtime path of "/home/sentry/Wolf-Moon/install/ig_lio_c_msgs/lib/libig_lio_c_msgs__rosidl_typesupport_fastrtps_c.so" to ""
[18.602s] -- Up-to-date: /home/sentry/Wolf-Moon/install/ig_lio_c_msgs/include/ig_lio_c_msgs
[18.602s] -- Up-to-date: /home/sentry/Wolf-Moon/install/ig_lio_c_msgs/include/ig_lio_c_msgs/msg
[18.602s] -- Installing: /home/sentry/Wolf-Moon/install/ig_lio_c_msgs/include/ig_lio_c_msgs/msg/rosidl_typesupport_fastrtps_cpp__visibility_control.h
[18.602s] -- Up-to-date: /home/sentry/Wolf-Moon/install/ig_lio_c_msgs/include/ig_lio_c_msgs/srv
[18.602s] -- Up-to-date: /home/sentry/Wolf-Moon/install/ig_lio_c_msgs/include/ig_lio_c_msgs/srv/detail
[18.603s] -- Installing: /home/sentry/Wolf-Moon/install/ig_lio_c_msgs/include/ig_lio_c_msgs/srv/detail/save_map__rosidl_typesupport_fastrtps_cpp.hpp
[18.603s] -- Installing: /home/sentry/Wolf-Moon/install/ig_lio_c_msgs/include/ig_lio_c_msgs/srv/detail/re_loc__rosidl_typesupport_fastrtps_cpp.hpp
[18.603s] -- Installing: /home/sentry/Wolf-Moon/install/ig_lio_c_msgs/include/ig_lio_c_msgs/srv/detail/covert_map__rosidl_typesupport_fastrtps_cpp.hpp
[18.603s] -- Installing: /home/sentry/Wolf-Moon/install/ig_lio_c_msgs/include/ig_lio_c_msgs/srv/detail/dds_fastrtps
[18.603s] -- Installing: /home/sentry/Wolf-Moon/install/ig_lio_c_msgs/lib/libig_lio_c_msgs__rosidl_typesupport_fastrtps_cpp.so
[18.603s] -- Set runtime path of "/home/sentry/Wolf-Moon/install/ig_lio_c_msgs/lib/libig_lio_c_msgs__rosidl_typesupport_fastrtps_cpp.so" to ""
[18.603s] -- Up-to-date: /home/sentry/Wolf-Moon/install/ig_lio_c_msgs/include/ig_lio_c_msgs
[18.603s] -- Up-to-date: /home/sentry/Wolf-Moon/install/ig_lio_c_msgs/include/ig_lio_c_msgs/msg
[18.603s] -- Installing: /home/sentry/Wolf-Moon/install/ig_lio_c_msgs/include/ig_lio_c_msgs/msg/rosidl_typesupport_introspection_c__visibility_control.h
[18.603s] -- Up-to-date: /home/sentry/Wolf-Moon/install/ig_lio_c_msgs/include/ig_lio_c_msgs/srv
[18.604s] -- Up-to-date: /home/sentry/Wolf-Moon/install/ig_lio_c_msgs/include/ig_lio_c_msgs/srv/detail
[18.605s] -- Installing: /home/sentry/Wolf-Moon/install/ig_lio_c_msgs/include/ig_lio_c_msgs/srv/detail/re_loc__rosidl_typesupport_introspection_c.h
[18.605s] -- Installing: /home/sentry/Wolf-Moon/install/ig_lio_c_msgs/include/ig_lio_c_msgs/srv/detail/save_map__rosidl_typesupport_introspection_c.h
[18.605s] -- Installing: /home/sentry/Wolf-Moon/install/ig_lio_c_msgs/include/ig_lio_c_msgs/srv/detail/covert_map__rosidl_typesupport_introspection_c.h
[18.605s] -- Installing: /home/sentry/Wolf-Moon/install/ig_lio_c_msgs/include/ig_lio_c_msgs/srv/detail/re_loc__type_support.c
[18.606s] -- Installing: /home/sentry/Wolf-Moon/install/ig_lio_c_msgs/include/ig_lio_c_msgs/srv/detail/save_map__type_support.c
[18.606s] -- Installing: /home/sentry/Wolf-Moon/install/ig_lio_c_msgs/include/ig_lio_c_msgs/srv/detail/covert_map__type_support.c
[18.606s] -- Installing: /home/sentry/Wolf-Moon/install/ig_lio_c_msgs/lib/libig_lio_c_msgs__rosidl_typesupport_introspection_c.so
[18.606s] -- Set runtime path of "/home/sentry/Wolf-Moon/install/ig_lio_c_msgs/lib/libig_lio_c_msgs__rosidl_typesupport_introspection_c.so" to ""
[18.606s] -- Installing: /home/sentry/Wolf-Moon/install/ig_lio_c_msgs/lib/libig_lio_c_msgs__rosidl_typesupport_c.so
[18.607s] -- Set runtime path of "/home/sentry/Wolf-Moon/install/ig_lio_c_msgs/lib/libig_lio_c_msgs__rosidl_typesupport_c.so" to ""
[18.607s] -- Up-to-date: /home/sentry/Wolf-Moon/install/ig_lio_c_msgs/include/ig_lio_c_msgs
[18.607s] -- Up-to-date: /home/sentry/Wolf-Moon/install/ig_lio_c_msgs/include/ig_lio_c_msgs/srv
[18.607s] -- Installing: /home/sentry/Wolf-Moon/install/ig_lio_c_msgs/include/ig_lio_c_msgs/srv/re_loc.hpp
[18.607s] -- Installing: /home/sentry/Wolf-Moon/install/ig_lio_c_msgs/include/ig_lio_c_msgs/srv/covert_map.hpp
[18.607s] -- Installing: /home/sentry/Wolf-Moon/install/ig_lio_c_msgs/include/ig_lio_c_msgs/srv/save_map.hpp
[18.608s] -- Up-to-date: /home/sentry/Wolf-Moon/install/ig_lio_c_msgs/include/ig_lio_c_msgs/srv/detail
[18.608s] -- Installing: /home/sentry/Wolf-Moon/install/ig_lio_c_msgs/include/ig_lio_c_msgs/srv/detail/covert_map__builder.hpp
[18.609s] -- Installing: /home/sentry/Wolf-Moon/install/ig_lio_c_msgs/include/ig_lio_c_msgs/srv/detail/save_map__traits.hpp
[18.609s] -- Installing: /home/sentry/Wolf-Moon/install/ig_lio_c_msgs/include/ig_lio_c_msgs/srv/detail/save_map__builder.hpp
[18.609s] -- Installing: /home/sentry/Wolf-Moon/install/ig_lio_c_msgs/include/ig_lio_c_msgs/srv/detail/re_loc__struct.hpp
[18.610s] -- Installing: /home/sentry/Wolf-Moon/install/ig_lio_c_msgs/include/ig_lio_c_msgs/srv/detail/covert_map__struct.hpp
[18.610s] -- Installing: /home/sentry/Wolf-Moon/install/ig_lio_c_msgs/include/ig_lio_c_msgs/srv/detail/re_loc__builder.hpp
[18.610s] -- Installing: /home/sentry/Wolf-Moon/install/ig_lio_c_msgs/include/ig_lio_c_msgs/srv/detail/covert_map__traits.hpp
[18.611s] -- Installing: /home/sentry/Wolf-Moon/install/ig_lio_c_msgs/include/ig_lio_c_msgs/srv/detail/re_loc__traits.hpp
[18.611s] -- Installing: /home/sentry/Wolf-Moon/install/ig_lio_c_msgs/include/ig_lio_c_msgs/srv/detail/save_map__struct.hpp
[18.611s] -- Up-to-date: /home/sentry/Wolf-Moon/install/ig_lio_c_msgs/include/ig_lio_c_msgs
[18.612s] -- Up-to-date: /home/sentry/Wolf-Moon/install/ig_lio_c_msgs/include/ig_lio_c_msgs/srv
[18.612s] -- Up-to-date: /home/sentry/Wolf-Moon/install/ig_lio_c_msgs/include/ig_lio_c_msgs/srv/detail
[18.612s] -- Installing: /home/sentry/Wolf-Moon/install/ig_lio_c_msgs/include/ig_lio_c_msgs/srv/detail/re_loc__type_support.cpp
[18.613s] -- Installing: /home/sentry/Wolf-Moon/install/ig_lio_c_msgs/include/ig_lio_c_msgs/srv/detail/save_map__type_support.cpp
[18.613s] -- Installing: /home/sentry/Wolf-Moon/install/ig_lio_c_msgs/include/ig_lio_c_msgs/srv/detail/covert_map__type_support.cpp
[18.613s] -- Installing: /home/sentry/Wolf-Moon/install/ig_lio_c_msgs/include/ig_lio_c_msgs/srv/detail/save_map__rosidl_typesupport_introspection_cpp.hpp
[18.613s] -- Installing: /home/sentry/Wolf-Moon/install/ig_lio_c_msgs/include/ig_lio_c_msgs/srv/detail/covert_map__rosidl_typesupport_introspection_cpp.hpp
[18.613s] -- Installing: /home/sentry/Wolf-Moon/install/ig_lio_c_msgs/include/ig_lio_c_msgs/srv/detail/re_loc__rosidl_typesupport_introspection_cpp.hpp
[18.614s] -- Installing: /home/sentry/Wolf-Moon/install/ig_lio_c_msgs/lib/libig_lio_c_msgs__rosidl_typesupport_introspection_cpp.so
[18.614s] -- Set runtime path of "/home/sentry/Wolf-Moon/install/ig_lio_c_msgs/lib/libig_lio_c_msgs__rosidl_typesupport_introspection_cpp.so" to ""
[18.614s] -- Installing: /home/sentry/Wolf-Moon/install/ig_lio_c_msgs/lib/libig_lio_c_msgs__rosidl_typesupport_cpp.so
[18.614s] -- Set runtime path of "/home/sentry/Wolf-Moon/install/ig_lio_c_msgs/lib/libig_lio_c_msgs__rosidl_typesupport_cpp.so" to ""
[18.615s] -- Installing: /home/sentry/Wolf-Moon/install/ig_lio_c_msgs/share/ig_lio_c_msgs/environment/pythonpath.sh
[18.615s] -- Installing: /home/sentry/Wolf-Moon/install/ig_lio_c_msgs/share/ig_lio_c_msgs/environment/pythonpath.dsv
[18.616s] -- Installing: /home/sentry/Wolf-Moon/install/ig_lio_c_msgs/lib/python3.8/site-packages/ig_lio_c_msgs/__init__.py
[18.616s] Compiling '/home/sentry/Wolf-Moon/install/ig_lio_c_msgs/lib/python3.8/site-packages/ig_lio_c_msgs/__init__.py'...
[18.616s] -- Installing: /home/sentry/Wolf-Moon/install/ig_lio_c_msgs/lib/python3.8/site-packages/ig_lio_c_msgs/srv
[18.616s] -- Installing: /home/sentry/Wolf-Moon/install/ig_lio_c_msgs/lib/python3.8/site-packages/ig_lio_c_msgs/srv/__init__.py
[18.616s] -- Installing: /home/sentry/Wolf-Moon/install/ig_lio_c_msgs/lib/python3.8/site-packages/ig_lio_c_msgs/srv/_save_map_s.c
[18.617s] -- Installing: /home/sentry/Wolf-Moon/install/ig_lio_c_msgs/lib/python3.8/site-packages/ig_lio_c_msgs/srv/_covert_map_s.c
[18.617s] -- Installing: /home/sentry/Wolf-Moon/install/ig_lio_c_msgs/lib/python3.8/site-packages/ig_lio_c_msgs/srv/_save_map.py
[18.617s] -- Installing: /home/sentry/Wolf-Moon/install/ig_lio_c_msgs/lib/python3.8/site-packages/ig_lio_c_msgs/srv/_re_loc.py
[18.617s] -- Installing: /home/sentry/Wolf-Moon/install/ig_lio_c_msgs/lib/python3.8/site-packages/ig_lio_c_msgs/srv/_re_loc_s.c
[18.618s] -- Installing: /home/sentry/Wolf-Moon/install/ig_lio_c_msgs/lib/python3.8/site-packages/ig_lio_c_msgs/srv/_covert_map.py
[18.618s] -- Installing: /home/sentry/Wolf-Moon/install/ig_lio_c_msgs/lib/python3.8/site-packages/ig_lio_c_msgs/ig_lio_c_msgs_s__rosidl_typesupport_fastrtps_c.cpython-38-x86_64-linux-gnu.so
[18.618s] -- Set runtime path of "/home/sentry/Wolf-Moon/install/ig_lio_c_msgs/lib/python3.8/site-packages/ig_lio_c_msgs/ig_lio_c_msgs_s__rosidl_typesupport_fastrtps_c.cpython-38-x86_64-linux-gnu.so" to ""
[18.618s] -- Installing: /home/sentry/Wolf-Moon/install/ig_lio_c_msgs/lib/python3.8/site-packages/ig_lio_c_msgs/ig_lio_c_msgs_s__rosidl_typesupport_introspection_c.cpython-38-x86_64-linux-gnu.so
[18.618s] -- Set runtime path of "/home/sentry/Wolf-Moon/install/ig_lio_c_msgs/lib/python3.8/site-packages/ig_lio_c_msgs/ig_lio_c_msgs_s__rosidl_typesupport_introspection_c.cpython-38-x86_64-linux-gnu.so" to ""
[18.619s] -- Installing: /home/sentry/Wolf-Moon/install/ig_lio_c_msgs/lib/python3.8/site-packages/ig_lio_c_msgs/ig_lio_c_msgs_s__rosidl_typesupport_c.cpython-38-x86_64-linux-gnu.so
[18.619s] -- Set runtime path of "/home/sentry/Wolf-Moon/install/ig_lio_c_msgs/lib/python3.8/site-packages/ig_lio_c_msgs/ig_lio_c_msgs_s__rosidl_typesupport_c.cpython-38-x86_64-linux-gnu.so" to ""
[18.619s] -- Installing: /home/sentry/Wolf-Moon/install/ig_lio_c_msgs/lib/libig_lio_c_msgs__python.so
[18.619s] -- Set runtime path of "/home/sentry/Wolf-Moon/install/ig_lio_c_msgs/lib/libig_lio_c_msgs__python.so" to ""
[18.620s] -- Installing: /home/sentry/Wolf-Moon/install/ig_lio_c_msgs/share/ig_lio_c_msgs/srv/CovertMap.idl
[18.621s] -- Installing: /home/sentry/Wolf-Moon/install/ig_lio_c_msgs/share/ig_lio_c_msgs/srv/SaveMap.idl
[18.621s] -- Installing: /home/sentry/Wolf-Moon/install/ig_lio_c_msgs/share/ig_lio_c_msgs/srv/ReLoc.idl
[18.622s] -- Installing: /home/sentry/Wolf-Moon/install/ig_lio_c_msgs/share/ig_lio_c_msgs/srv/CovertMap.srv
[18.622s] -- Installing: /home/sentry/Wolf-Moon/install/ig_lio_c_msgs/share/ig_lio_c_msgs/srv/CovertMap_Request.msg
[18.622s] -- Installing: /home/sentry/Wolf-Moon/install/ig_lio_c_msgs/share/ig_lio_c_msgs/srv/CovertMap_Response.msg
[18.622s] -- Installing: /home/sentry/Wolf-Moon/install/ig_lio_c_msgs/share/ig_lio_c_msgs/srv/SaveMap.srv
[18.622s] -- Installing: /home/sentry/Wolf-Moon/install/ig_lio_c_msgs/share/ig_lio_c_msgs/srv/SaveMap_Request.msg
[18.622s] -- Installing: /home/sentry/Wolf-Moon/install/ig_lio_c_msgs/share/ig_lio_c_msgs/srv/SaveMap_Response.msg
[18.623s] -- Installing: /home/sentry/Wolf-Moon/install/ig_lio_c_msgs/share/ig_lio_c_msgs/srv/ReLoc.srv
[18.623s] -- Installing: /home/sentry/Wolf-Moon/install/ig_lio_c_msgs/share/ig_lio_c_msgs/srv/ReLoc_Request.msg
[18.623s] -- Installing: /home/sentry/Wolf-Moon/install/ig_lio_c_msgs/share/ig_lio_c_msgs/srv/ReLoc_Response.msg
[18.623s] -- Installing: /home/sentry/Wolf-Moon/install/ig_lio_c_msgs/share/ament_index/resource_index/package_run_dependencies/ig_lio_c_msgs
[18.623s] -- Installing: /home/sentry/Wolf-Moon/install/ig_lio_c_msgs/share/ament_index/resource_index/parent_prefix_path/ig_lio_c_msgs
[18.624s] -- Installing: /home/sentry/Wolf-Moon/install/ig_lio_c_msgs/share/ig_lio_c_msgs/environment/ament_prefix_path.sh
[18.624s] -- Installing: /home/sentry/Wolf-Moon/install/ig_lio_c_msgs/share/ig_lio_c_msgs/environment/ament_prefix_path.dsv
[18.624s] -- Installing: /home/sentry/Wolf-Moon/install/ig_lio_c_msgs/share/ig_lio_c_msgs/environment/path.sh
[18.624s] -- Installing: /home/sentry/Wolf-Moon/install/ig_lio_c_msgs/share/ig_lio_c_msgs/environment/path.dsv
[18.625s] -- Installing: /home/sentry/Wolf-Moon/install/ig_lio_c_msgs/share/ig_lio_c_msgs/local_setup.bash
[18.625s] -- Installing: /home/sentry/Wolf-Moon/install/ig_lio_c_msgs/share/ig_lio_c_msgs/local_setup.sh
[18.625s] -- Installing: /home/sentry/Wolf-Moon/install/ig_lio_c_msgs/share/ig_lio_c_msgs/local_setup.zsh
[18.625s] -- Installing: /home/sentry/Wolf-Moon/install/ig_lio_c_msgs/share/ig_lio_c_msgs/local_setup.dsv
[18.626s] -- Installing: /home/sentry/Wolf-Moon/install/ig_lio_c_msgs/share/ig_lio_c_msgs/package.dsv
[18.626s] -- Installing: /home/sentry/Wolf-Moon/install/ig_lio_c_msgs/share/ament_index/resource_index/packages/ig_lio_c_msgs
[18.626s] -- Installing: /home/sentry/Wolf-Moon/install/ig_lio_c_msgs/share/ig_lio_c_msgs/cmake/ig_lio_c_msgs__rosidl_generator_cExport.cmake
[18.626s] -- Installing: /home/sentry/Wolf-Moon/install/ig_lio_c_msgs/share/ig_lio_c_msgs/cmake/ig_lio_c_msgs__rosidl_generator_cExport-release.cmake
[18.627s] -- Installing: /home/sentry/Wolf-Moon/install/ig_lio_c_msgs/share/ig_lio_c_msgs/cmake/ig_lio_c_msgs__rosidl_typesupport_introspection_cExport.cmake
[18.627s] -- Installing: /home/sentry/Wolf-Moon/install/ig_lio_c_msgs/share/ig_lio_c_msgs/cmake/ig_lio_c_msgs__rosidl_typesupport_introspection_cExport-release.cmake
[18.627s] -- Installing: /home/sentry/Wolf-Moon/install/ig_lio_c_msgs/share/ig_lio_c_msgs/cmake/ig_lio_c_msgs__rosidl_typesupport_cExport.cmake
[18.627s] -- Installing: /home/sentry/Wolf-Moon/install/ig_lio_c_msgs/share/ig_lio_c_msgs/cmake/ig_lio_c_msgs__rosidl_typesupport_cExport-release.cmake
[18.627s] -- Installing: /home/sentry/Wolf-Moon/install/ig_lio_c_msgs/share/ig_lio_c_msgs/cmake/ig_lio_c_msgs__rosidl_generator_cppExport.cmake
[18.628s] -- Installing: /home/sentry/Wolf-Moon/install/ig_lio_c_msgs/share/ig_lio_c_msgs/cmake/ig_lio_c_msgs__rosidl_typesupport_introspection_cppExport.cmake
[18.629s] -- Installing: /home/sentry/Wolf-Moon/install/ig_lio_c_msgs/share/ig_lio_c_msgs/cmake/ig_lio_c_msgs__rosidl_typesupport_introspection_cppExport-release.cmake
[18.629s] -- Installing: /home/sentry/Wolf-Moon/install/ig_lio_c_msgs/share/ig_lio_c_msgs/cmake/ig_lio_c_msgs__rosidl_typesupport_cppExport.cmake
[18.629s] -- Installing: /home/sentry/Wolf-Moon/install/ig_lio_c_msgs/share/ig_lio_c_msgs/cmake/ig_lio_c_msgs__rosidl_typesupport_cppExport-release.cmake
[18.629s] -- Installing: /home/sentry/Wolf-Moon/install/ig_lio_c_msgs/share/ig_lio_c_msgs/cmake/rosidl_cmake-extras.cmake
[18.629s] -- Installing: /home/sentry/Wolf-Moon/install/ig_lio_c_msgs/share/ig_lio_c_msgs/cmake/ament_cmake_export_dependencies-extras.cmake
[18.629s] -- Installing: /home/sentry/Wolf-Moon/install/ig_lio_c_msgs/share/ig_lio_c_msgs/cmake/ament_cmake_export_libraries-extras.cmake
[18.630s] -- Installing: /home/sentry/Wolf-Moon/install/ig_lio_c_msgs/share/ig_lio_c_msgs/cmake/ament_cmake_export_targets-extras.cmake
[18.630s] -- Installing: /home/sentry/Wolf-Moon/install/ig_lio_c_msgs/share/ig_lio_c_msgs/cmake/ament_cmake_export_include_directories-extras.cmake
[18.630s] -- Installing: /home/sentry/Wolf-Moon/install/ig_lio_c_msgs/share/ig_lio_c_msgs/cmake/rosidl_cmake_export_typesupport_libraries-extras.cmake
[18.630s] -- Installing: /home/sentry/Wolf-Moon/install/ig_lio_c_msgs/share/ig_lio_c_msgs/cmake/rosidl_cmake_export_typesupport_targets-extras.cmake
[18.630s] -- Installing: /home/sentry/Wolf-Moon/install/ig_lio_c_msgs/share/ig_lio_c_msgs/cmake/ig_lio_c_msgsConfig.cmake
[18.630s] -- Installing: /home/sentry/Wolf-Moon/install/ig_lio_c_msgs/share/ig_lio_c_msgs/cmake/ig_lio_c_msgsConfig-version.cmake
[18.631s] -- Installing: /home/sentry/Wolf-Moon/install/ig_lio_c_msgs/share/ig_lio_c_msgs/package.xml
[18.631s] Invoked command in '/home/sentry/Wolf-Moon/build/ig_lio_c_msgs' returned '0': CMAKE_PREFIX_PATH=/opt/ros/galactic /usr/bin/cmake --install /home/sentry/Wolf-Moon/build/ig_lio_c_msgs
