[0.080s] Invoking command in '/home/sentry/Wolf-Moon/build/cv_bridge': CMAKE_PREFIX_PATH=${CMAKE_PREFIX_PATH}:/home/sentry/Wolf-Moon/install/fake_msg_publisher:/opt/ros/galactic /usr/bin/cmake --build /home/sentry/Wolf-Moon/build/cv_bridge -- -j12 -l12
[0.208s] [  0%] Built target ament_cmake_python_copy_cv_bridge
[0.266s] [ 12%] Built target gtest_main
[0.827s] running egg_info
[0.827s] writing cv_bridge.egg-info/PKG-INFO
[0.827s] writing dependency_links to cv_bridge.egg-info/dependency_links.txt
[0.827s] writing top-level names to cv_bridge.egg-info/top_level.txt
[0.895s] reading manifest file 'cv_bridge.egg-info/SOURCES.txt'
[0.898s] writing manifest file 'cv_bridge.egg-info/SOURCES.txt'
[1.040s] [ 12%] Built target ament_cmake_python_build_cv_bridge_egg
[1.182s] [ 25%] Built target gtest
[1.281s] [ 43%] Built target cv_bridge
[1.406s] [ 62%] Built target cv_bridge_boost
[1.526s] [100%] Built target cv_bridge-utest
[1.623s] Invoked command in '/home/sentry/Wolf-Moon/build/cv_bridge' returned '0': CMAKE_PREFIX_PATH=${CMAKE_PREFIX_PATH}:/home/sentry/Wolf-Moon/install/fake_msg_publisher:/opt/ros/galactic /usr/bin/cmake --build /home/sentry/Wolf-Moon/build/cv_bridge -- -j12 -l12
[1.624s] Invoking command in '/home/sentry/Wolf-Moon/build/cv_bridge': CMAKE_PREFIX_PATH=${CMAKE_PREFIX_PATH}:/home/sentry/Wolf-Moon/install/fake_msg_publisher:/opt/ros/galactic /usr/bin/cmake --install /home/sentry/Wolf-Moon/build/cv_bridge
[1.707s] -- Install configuration: ""
[1.707s] -- Up-to-date: /home/sentry/Wolf-Moon/install/cv_bridge/share/cv_bridge/environment/pythonpath.sh
[1.707s] -- Up-to-date: /home/sentry/Wolf-Moon/install/cv_bridge/share/cv_bridge/environment/pythonpath.dsv
[1.707s] -- Up-to-date: /home/sentry/Wolf-Moon/install/cv_bridge/lib/python3.8/site-packages//cv_bridge.egg-info
[1.708s] -- Installing: /home/sentry/Wolf-Moon/install/cv_bridge/lib/python3.8/site-packages//cv_bridge.egg-info/SOURCES.txt
[1.708s] -- Installing: /home/sentry/Wolf-Moon/install/cv_bridge/lib/python3.8/site-packages//cv_bridge.egg-info/top_level.txt
[1.708s] -- Installing: /home/sentry/Wolf-Moon/install/cv_bridge/lib/python3.8/site-packages//cv_bridge.egg-info/dependency_links.txt
[1.708s] -- Installing: /home/sentry/Wolf-Moon/install/cv_bridge/lib/python3.8/site-packages//cv_bridge.egg-info/PKG-INFO
[1.708s] -- Up-to-date: /home/sentry/Wolf-Moon/install/cv_bridge/lib/python3.8/site-packages/cv_bridge
[1.708s] -- Up-to-date: /home/sentry/Wolf-Moon/install/cv_bridge/lib/python3.8/site-packages/cv_bridge/__init__.py
[1.708s] -- Up-to-date: /home/sentry/Wolf-Moon/install/cv_bridge/lib/python3.8/site-packages/cv_bridge/core.py
[1.742s] Listing '/home/sentry/Wolf-Moon/install/cv_bridge/lib/python3.8/site-packages/cv_bridge'...
[1.742s] Listing '/home/sentry/Wolf-Moon/install/cv_bridge/lib/python3.8/site-packages/cv_bridge/boost'...
[1.742s] -- Up-to-date: /home/sentry/Wolf-Moon/install/cv_bridge/share/cv_bridge/environment/library_path.sh
[1.742s] -- Up-to-date: /home/sentry/Wolf-Moon/install/cv_bridge/share/cv_bridge/environment/library_path.dsv
[1.742s] -- Up-to-date: /home/sentry/Wolf-Moon/install/cv_bridge/include/cv_bridge
[1.742s] -- Up-to-date: /home/sentry/Wolf-Moon/install/cv_bridge/include/cv_bridge/rgb_colors.h
[1.742s] -- Up-to-date: /home/sentry/Wolf-Moon/install/cv_bridge/include/cv_bridge/cv_bridge.h
[1.742s] -- Up-to-date: /home/sentry/Wolf-Moon/install/cv_bridge/lib/libcv_bridge.so
[1.742s] -- Up-to-date: /home/sentry/Wolf-Moon/install/cv_bridge/share/ament_index/resource_index/package_run_dependencies/cv_bridge
[1.743s] -- Up-to-date: /home/sentry/Wolf-Moon/install/cv_bridge/share/ament_index/resource_index/parent_prefix_path/cv_bridge
[1.743s] -- Up-to-date: /home/sentry/Wolf-Moon/install/cv_bridge/share/cv_bridge/environment/ament_prefix_path.sh
[1.743s] -- Up-to-date: /home/sentry/Wolf-Moon/install/cv_bridge/share/cv_bridge/environment/ament_prefix_path.dsv
[1.743s] -- Up-to-date: /home/sentry/Wolf-Moon/install/cv_bridge/share/cv_bridge/environment/path.sh
[1.743s] -- Up-to-date: /home/sentry/Wolf-Moon/install/cv_bridge/share/cv_bridge/environment/path.dsv
[1.743s] -- Up-to-date: /home/sentry/Wolf-Moon/install/cv_bridge/share/cv_bridge/local_setup.bash
[1.743s] -- Up-to-date: /home/sentry/Wolf-Moon/install/cv_bridge/share/cv_bridge/local_setup.sh
[1.743s] -- Up-to-date: /home/sentry/Wolf-Moon/install/cv_bridge/share/cv_bridge/local_setup.zsh
[1.743s] -- Up-to-date: /home/sentry/Wolf-Moon/install/cv_bridge/share/cv_bridge/local_setup.dsv
[1.744s] -- Installing: /home/sentry/Wolf-Moon/install/cv_bridge/share/cv_bridge/package.dsv
[1.744s] -- Up-to-date: /home/sentry/Wolf-Moon/install/cv_bridge/share/ament_index/resource_index/packages/cv_bridge
[1.744s] -- Up-to-date: /home/sentry/Wolf-Moon/install/cv_bridge/share/cv_bridge/cmake/cv_bridge-extras.cmake
[1.744s] -- Up-to-date: /home/sentry/Wolf-Moon/install/cv_bridge/share/cv_bridge/cmake/ament_cmake_export_dependencies-extras.cmake
[1.744s] -- Up-to-date: /home/sentry/Wolf-Moon/install/cv_bridge/share/cv_bridge/cmake/ament_cmake_export_include_directories-extras.cmake
[1.744s] -- Up-to-date: /home/sentry/Wolf-Moon/install/cv_bridge/share/cv_bridge/cmake/ament_cmake_export_libraries-extras.cmake
[1.744s] -- Up-to-date: /home/sentry/Wolf-Moon/install/cv_bridge/share/cv_bridge/cmake/cv_bridgeConfig.cmake
[1.745s] -- Up-to-date: /home/sentry/Wolf-Moon/install/cv_bridge/share/cv_bridge/cmake/cv_bridgeConfig-version.cmake
[1.745s] -- Up-to-date: /home/sentry/Wolf-Moon/install/cv_bridge/share/cv_bridge/package.xml
[1.745s] -- Up-to-date: /home/sentry/Wolf-Moon/install/cv_bridge/lib/libcv_bridge.so
[1.745s] -- Up-to-date: /home/sentry/Wolf-Moon/install/cv_bridge/include/cv_bridge/cv_bridge_export.h
[1.746s] -- Up-to-date: /home/sentry/Wolf-Moon/install/cv_bridge/lib/python3.8/site-packages/cv_bridge/boost/cv_bridge_boost.so
[1.846s] Invoked command in '/home/sentry/Wolf-Moon/build/cv_bridge' returned '0': CMAKE_PREFIX_PATH=${CMAKE_PREFIX_PATH}:/home/sentry/Wolf-Moon/install/fake_msg_publisher:/opt/ros/galactic /usr/bin/cmake --install /home/sentry/Wolf-Moon/build/cv_bridge
