[0.084s] Invoking command in '/home/sentry/Wolf-Moon/build/nav2_common': CMAKE_PREFIX_PATH=${CMAKE_PREFIX_PATH}:/home/sentry/Wolf-Moon/install/fake_msg_publisher:/opt/ros/galactic /usr/bin/cmake --build /home/sentry/Wolf-Moon/build/nav2_common -- -j12 -l12
[0.229s] Built target ament_cmake_python_copy_nav2_common
[0.695s] running egg_info
[0.697s] writing nav2_common.egg-info/PKG-INFO
[0.698s] writing dependency_links to nav2_common.egg-info/dependency_links.txt
[0.700s] writing top-level names to nav2_common.egg-info/top_level.txt
[0.793s] reading manifest file 'nav2_common.egg-info/SOURCES.txt'
[0.793s] writing manifest file 'nav2_common.egg-info/SOURCES.txt'
[0.847s] Built target ament_cmake_python_build_nav2_common_egg
[0.885s] Invoked command in '/home/sentry/Wolf-Moon/build/nav2_common' returned '0': CMAKE_PREFIX_PATH=${CMAKE_PREFIX_PATH}:/home/sentry/Wolf-Moon/install/fake_msg_publisher:/opt/ros/galactic /usr/bin/cmake --build /home/sentry/Wolf-Moon/build/nav2_common -- -j12 -l12
[0.887s] Invoking command in '/home/sentry/Wolf-Moon/build/nav2_common': CMAKE_PREFIX_PATH=${CMAKE_PREFIX_PATH}:/home/sentry/Wolf-Moon/install/fake_msg_publisher:/opt/ros/galactic /usr/bin/cmake --install /home/sentry/Wolf-Moon/build/nav2_common
[0.917s] -- Install configuration: ""
[0.917s] -- Up-to-date: /home/sentry/Wolf-Moon/install/nav2_common/share/nav2_common/environment/pythonpath.sh
[0.917s] -- Up-to-date: /home/sentry/Wolf-Moon/install/nav2_common/share/nav2_common/environment/pythonpath.dsv
[0.917s] -- Up-to-date: /home/sentry/Wolf-Moon/install/nav2_common/lib/python3.8/site-packages//nav2_common.egg-info
[0.918s] -- Installing: /home/sentry/Wolf-Moon/install/nav2_common/lib/python3.8/site-packages//nav2_common.egg-info/SOURCES.txt
[0.918s] -- Installing: /home/sentry/Wolf-Moon/install/nav2_common/lib/python3.8/site-packages//nav2_common.egg-info/top_level.txt
[0.918s] -- Installing: /home/sentry/Wolf-Moon/install/nav2_common/lib/python3.8/site-packages//nav2_common.egg-info/dependency_links.txt
[0.918s] -- Installing: /home/sentry/Wolf-Moon/install/nav2_common/lib/python3.8/site-packages//nav2_common.egg-info/PKG-INFO
[0.918s] -- Up-to-date: /home/sentry/Wolf-Moon/install/nav2_common/lib/python3.8/site-packages/nav2_common
[0.918s] -- Up-to-date: /home/sentry/Wolf-Moon/install/nav2_common/lib/python3.8/site-packages/nav2_common/__init__.py
[0.918s] -- Up-to-date: /home/sentry/Wolf-Moon/install/nav2_common/lib/python3.8/site-packages/nav2_common/launch
[0.918s] -- Up-to-date: /home/sentry/Wolf-Moon/install/nav2_common/lib/python3.8/site-packages/nav2_common/launch/has_node_params.py
[0.918s] -- Up-to-date: /home/sentry/Wolf-Moon/install/nav2_common/lib/python3.8/site-packages/nav2_common/launch/__init__.py
[0.919s] -- Up-to-date: /home/sentry/Wolf-Moon/install/nav2_common/lib/python3.8/site-packages/nav2_common/launch/rewritten_yaml.py
[0.919s] -- Up-to-date: /home/sentry/Wolf-Moon/install/nav2_common/lib/python3.8/site-packages/nav2_common/launch/replace_string.py
[1.020s] Listing '/home/sentry/Wolf-Moon/install/nav2_common/lib/python3.8/site-packages/nav2_common'...
[1.021s] Listing '/home/sentry/Wolf-Moon/install/nav2_common/lib/python3.8/site-packages/nav2_common/launch'...
[1.021s] -- Up-to-date: /home/sentry/Wolf-Moon/install/nav2_common/share/ament_index/resource_index/package_run_dependencies/nav2_common
[1.021s] -- Up-to-date: /home/sentry/Wolf-Moon/install/nav2_common/share/ament_index/resource_index/parent_prefix_path/nav2_common
[1.022s] -- Up-to-date: /home/sentry/Wolf-Moon/install/nav2_common/share/nav2_common/environment/ament_prefix_path.sh
[1.022s] -- Up-to-date: /home/sentry/Wolf-Moon/install/nav2_common/share/nav2_common/environment/ament_prefix_path.dsv
[1.023s] -- Up-to-date: /home/sentry/Wolf-Moon/install/nav2_common/share/nav2_common/environment/path.sh
[1.023s] -- Up-to-date: /home/sentry/Wolf-Moon/install/nav2_common/share/nav2_common/environment/path.dsv
[1.023s] -- Up-to-date: /home/sentry/Wolf-Moon/install/nav2_common/share/nav2_common/local_setup.bash
[1.024s] -- Up-to-date: /home/sentry/Wolf-Moon/install/nav2_common/share/nav2_common/local_setup.sh
[1.025s] -- Up-to-date: /home/sentry/Wolf-Moon/install/nav2_common/share/nav2_common/local_setup.zsh
[1.025s] -- Up-to-date: /home/sentry/Wolf-Moon/install/nav2_common/share/nav2_common/local_setup.dsv
[1.025s] -- Installing: /home/sentry/Wolf-Moon/install/nav2_common/share/nav2_common/package.dsv
[1.028s] -- Up-to-date: /home/sentry/Wolf-Moon/install/nav2_common/share/ament_index/resource_index/packages/nav2_common
[1.029s] -- Up-to-date: /home/sentry/Wolf-Moon/install/nav2_common/share/nav2_common/cmake/nav2_common-extras.cmake
[1.029s] -- Up-to-date: /home/sentry/Wolf-Moon/install/nav2_common/share/nav2_common/cmake/nav2_commonConfig.cmake
[1.030s] -- Up-to-date: /home/sentry/Wolf-Moon/install/nav2_common/share/nav2_common/cmake/nav2_commonConfig-version.cmake
[1.030s] -- Up-to-date: /home/sentry/Wolf-Moon/install/nav2_common/share/nav2_common/package.xml
[1.030s] -- Up-to-date: /home/sentry/Wolf-Moon/install/nav2_common/share/nav2_common/cmake
[1.030s] -- Up-to-date: /home/sentry/Wolf-Moon/install/nav2_common/share/nav2_common/cmake/nav2_package.cmake
[1.033s] Invoked command in '/home/sentry/Wolf-Moon/build/nav2_common' returned '0': CMAKE_PREFIX_PATH=${CMAKE_PREFIX_PATH}:/home/sentry/Wolf-Moon/install/fake_msg_publisher:/opt/ros/galactic /usr/bin/cmake --install /home/sentry/Wolf-Moon/build/nav2_common
