[0.097s] Invoking command in '/home/sentry/Wolf-Moon/build/ig_lio_c_msgs': CMAKE_PREFIX_PATH=${CMAKE_PREFIX_PATH}:/home/sentry/Wolf-Moon/install/fake_msg_publisher:/opt/ros/galactic /usr/bin/cmake --build /home/sentry/Wolf-Moon/build/ig_lio_c_msgs -- -j12 -l12
[0.264s] [  2%] Built target ig_lio_c_msgs__cpp
[0.326s] [ 12%] Built target ig_lio_c_msgs__rosidl_generator_c
[0.457s] [ 23%] Built target ig_lio_c_msgs__rosidl_typesupport_cpp
[0.553s] [ 34%] Built target ig_lio_c_msgs__rosidl_typesupport_c
[0.694s] [ 44%] Built target ig_lio_c_msgs__rosidl_typesupport_introspection_c
[0.844s] [ 55%] Built target ig_lio_c_msgs__rosidl_typesupport_fastrtps_cpp
[0.947s] [ 65%] Built target ig_lio_c_msgs__rosidl_typesupport_introspection_cpp
[1.043s] [ 76%] Built target ig_lio_c_msgs__rosidl_typesupport_fastrtps_c
[1.099s] [ 76%] Built target ig_lio_c_msgs
[1.166s] [ 78%] Built target ig_lio_c_msgs__py
[1.320s] [ 87%] Built target ig_lio_c_msgs__python
[1.446s] [ 91%] Built target ig_lio_c_msgs__rosidl_typesupport_c__pyext
[1.587s] [ 95%] Built target ig_lio_c_msgs__rosidl_typesupport_fastrtps_c__pyext
[1.688s] [100%] Built target ig_lio_c_msgs__rosidl_typesupport_introspection_c__pyext
[1.742s] Invoked command in '/home/sentry/Wolf-Moon/build/ig_lio_c_msgs' returned '0': CMAKE_PREFIX_PATH=${CMAKE_PREFIX_PATH}:/home/sentry/Wolf-Moon/install/fake_msg_publisher:/opt/ros/galactic /usr/bin/cmake --build /home/sentry/Wolf-Moon/build/ig_lio_c_msgs -- -j12 -l12
[1.743s] Invoking command in '/home/sentry/Wolf-Moon/build/ig_lio_c_msgs': CMAKE_PREFIX_PATH=${CMAKE_PREFIX_PATH}:/home/sentry/Wolf-Moon/install/fake_msg_publisher:/opt/ros/galactic /usr/bin/cmake --install /home/sentry/Wolf-Moon/build/ig_lio_c_msgs
[1.809s] -- Install configuration: "Release"
[1.809s] -- Up-to-date: /home/sentry/Wolf-Moon/install/ig_lio_c_msgs/share/ament_index/resource_index/rosidl_interfaces/ig_lio_c_msgs
[1.810s] -- Up-to-date: /home/sentry/Wolf-Moon/install/ig_lio_c_msgs/include/ig_lio_c_msgs
[1.810s] -- Up-to-date: /home/sentry/Wolf-Moon/install/ig_lio_c_msgs/include/ig_lio_c_msgs/msg
[1.810s] -- Up-to-date: /home/sentry/Wolf-Moon/install/ig_lio_c_msgs/include/ig_lio_c_msgs/msg/rosidl_generator_c__visibility_control.h
[1.810s] -- Up-to-date: /home/sentry/Wolf-Moon/install/ig_lio_c_msgs/include/ig_lio_c_msgs/srv
[1.811s] -- Up-to-date: /home/sentry/Wolf-Moon/install/ig_lio_c_msgs/include/ig_lio_c_msgs/srv/re_loc.h
[1.811s] -- Up-to-date: /home/sentry/Wolf-Moon/install/ig_lio_c_msgs/include/ig_lio_c_msgs/srv/save_map.h
[1.811s] -- Up-to-date: /home/sentry/Wolf-Moon/install/ig_lio_c_msgs/include/ig_lio_c_msgs/srv/detail
[1.811s] -- Up-to-date: /home/sentry/Wolf-Moon/install/ig_lio_c_msgs/include/ig_lio_c_msgs/srv/detail/re_loc__type_support.h
[1.811s] -- Up-to-date: /home/sentry/Wolf-Moon/install/ig_lio_c_msgs/include/ig_lio_c_msgs/srv/detail/covert_map__functions.h
[1.812s] -- Up-to-date: /home/sentry/Wolf-Moon/install/ig_lio_c_msgs/include/ig_lio_c_msgs/srv/detail/re_loc__functions.h
[1.812s] -- Up-to-date: /home/sentry/Wolf-Moon/install/ig_lio_c_msgs/include/ig_lio_c_msgs/srv/detail/re_loc__struct.h
[1.812s] -- Up-to-date: /home/sentry/Wolf-Moon/install/ig_lio_c_msgs/include/ig_lio_c_msgs/srv/detail/save_map__struct.h
[1.812s] -- Up-to-date: /home/sentry/Wolf-Moon/install/ig_lio_c_msgs/include/ig_lio_c_msgs/srv/detail/re_loc__functions.c
[1.812s] -- Up-to-date: /home/sentry/Wolf-Moon/install/ig_lio_c_msgs/include/ig_lio_c_msgs/srv/detail/save_map__functions.h
[1.813s] -- Up-to-date: /home/sentry/Wolf-Moon/install/ig_lio_c_msgs/include/ig_lio_c_msgs/srv/detail/save_map__functions.c
[1.813s] -- Up-to-date: /home/sentry/Wolf-Moon/install/ig_lio_c_msgs/include/ig_lio_c_msgs/srv/detail/save_map__type_support.h
[1.813s] -- Up-to-date: /home/sentry/Wolf-Moon/install/ig_lio_c_msgs/include/ig_lio_c_msgs/srv/detail/covert_map__functions.c
[1.813s] -- Up-to-date: /home/sentry/Wolf-Moon/install/ig_lio_c_msgs/include/ig_lio_c_msgs/srv/detail/covert_map__struct.h
[1.813s] -- Up-to-date: /home/sentry/Wolf-Moon/install/ig_lio_c_msgs/include/ig_lio_c_msgs/srv/detail/covert_map__type_support.h
[1.813s] -- Up-to-date: /home/sentry/Wolf-Moon/install/ig_lio_c_msgs/include/ig_lio_c_msgs/srv/covert_map.h
[1.813s] -- Up-to-date: /home/sentry/Wolf-Moon/install/ig_lio_c_msgs/share/ig_lio_c_msgs/environment/library_path.sh
[1.813s] -- Up-to-date: /home/sentry/Wolf-Moon/install/ig_lio_c_msgs/share/ig_lio_c_msgs/environment/library_path.dsv
[1.813s] -- Up-to-date: /home/sentry/Wolf-Moon/install/ig_lio_c_msgs/lib/libig_lio_c_msgs__rosidl_generator_c.so
[1.814s] -- Up-to-date: /home/sentry/Wolf-Moon/install/ig_lio_c_msgs/include/ig_lio_c_msgs
[1.814s] -- Up-to-date: /home/sentry/Wolf-Moon/install/ig_lio_c_msgs/include/ig_lio_c_msgs/msg
[1.814s] -- Up-to-date: /home/sentry/Wolf-Moon/install/ig_lio_c_msgs/include/ig_lio_c_msgs/msg/rosidl_typesupport_fastrtps_c__visibility_control.h
[1.814s] -- Up-to-date: /home/sentry/Wolf-Moon/install/ig_lio_c_msgs/include/ig_lio_c_msgs/srv
[1.814s] -- Up-to-date: /home/sentry/Wolf-Moon/install/ig_lio_c_msgs/include/ig_lio_c_msgs/srv/detail
[1.814s] -- Up-to-date: /home/sentry/Wolf-Moon/install/ig_lio_c_msgs/include/ig_lio_c_msgs/srv/detail/covert_map__rosidl_typesupport_fastrtps_c.h
[1.814s] -- Up-to-date: /home/sentry/Wolf-Moon/install/ig_lio_c_msgs/include/ig_lio_c_msgs/srv/detail/save_map__rosidl_typesupport_fastrtps_c.h
[1.814s] -- Up-to-date: /home/sentry/Wolf-Moon/install/ig_lio_c_msgs/include/ig_lio_c_msgs/srv/detail/re_loc__rosidl_typesupport_fastrtps_c.h
[1.815s] -- Up-to-date: /home/sentry/Wolf-Moon/install/ig_lio_c_msgs/lib/libig_lio_c_msgs__rosidl_typesupport_fastrtps_c.so
[1.815s] -- Up-to-date: /home/sentry/Wolf-Moon/install/ig_lio_c_msgs/include/ig_lio_c_msgs
[1.815s] -- Up-to-date: /home/sentry/Wolf-Moon/install/ig_lio_c_msgs/include/ig_lio_c_msgs/msg
[1.815s] -- Up-to-date: /home/sentry/Wolf-Moon/install/ig_lio_c_msgs/include/ig_lio_c_msgs/msg/rosidl_typesupport_fastrtps_cpp__visibility_control.h
[1.815s] -- Up-to-date: /home/sentry/Wolf-Moon/install/ig_lio_c_msgs/include/ig_lio_c_msgs/srv
[1.816s] -- Up-to-date: /home/sentry/Wolf-Moon/install/ig_lio_c_msgs/include/ig_lio_c_msgs/srv/detail
[1.816s] -- Up-to-date: /home/sentry/Wolf-Moon/install/ig_lio_c_msgs/include/ig_lio_c_msgs/srv/detail/save_map__rosidl_typesupport_fastrtps_cpp.hpp
[1.816s] -- Up-to-date: /home/sentry/Wolf-Moon/install/ig_lio_c_msgs/include/ig_lio_c_msgs/srv/detail/re_loc__rosidl_typesupport_fastrtps_cpp.hpp
[1.816s] -- Up-to-date: /home/sentry/Wolf-Moon/install/ig_lio_c_msgs/include/ig_lio_c_msgs/srv/detail/covert_map__rosidl_typesupport_fastrtps_cpp.hpp
[1.816s] -- Up-to-date: /home/sentry/Wolf-Moon/install/ig_lio_c_msgs/include/ig_lio_c_msgs/srv/detail/dds_fastrtps
[1.816s] -- Up-to-date: /home/sentry/Wolf-Moon/install/ig_lio_c_msgs/lib/libig_lio_c_msgs__rosidl_typesupport_fastrtps_cpp.so
[1.817s] -- Up-to-date: /home/sentry/Wolf-Moon/install/ig_lio_c_msgs/include/ig_lio_c_msgs
[1.817s] -- Up-to-date: /home/sentry/Wolf-Moon/install/ig_lio_c_msgs/include/ig_lio_c_msgs/msg
[1.817s] -- Up-to-date: /home/sentry/Wolf-Moon/install/ig_lio_c_msgs/include/ig_lio_c_msgs/msg/rosidl_typesupport_introspection_c__visibility_control.h
[1.817s] -- Up-to-date: /home/sentry/Wolf-Moon/install/ig_lio_c_msgs/include/ig_lio_c_msgs/srv
[1.817s] -- Up-to-date: /home/sentry/Wolf-Moon/install/ig_lio_c_msgs/include/ig_lio_c_msgs/srv/detail
[1.817s] -- Up-to-date: /home/sentry/Wolf-Moon/install/ig_lio_c_msgs/include/ig_lio_c_msgs/srv/detail/re_loc__rosidl_typesupport_introspection_c.h
[1.817s] -- Up-to-date: /home/sentry/Wolf-Moon/install/ig_lio_c_msgs/include/ig_lio_c_msgs/srv/detail/save_map__rosidl_typesupport_introspection_c.h
[1.817s] -- Up-to-date: /home/sentry/Wolf-Moon/install/ig_lio_c_msgs/include/ig_lio_c_msgs/srv/detail/covert_map__rosidl_typesupport_introspection_c.h
[1.817s] -- Up-to-date: /home/sentry/Wolf-Moon/install/ig_lio_c_msgs/include/ig_lio_c_msgs/srv/detail/re_loc__type_support.c
[1.818s] -- Up-to-date: /home/sentry/Wolf-Moon/install/ig_lio_c_msgs/include/ig_lio_c_msgs/srv/detail/save_map__type_support.c
[1.818s] -- Up-to-date: /home/sentry/Wolf-Moon/install/ig_lio_c_msgs/include/ig_lio_c_msgs/srv/detail/covert_map__type_support.c
[1.818s] -- Up-to-date: /home/sentry/Wolf-Moon/install/ig_lio_c_msgs/lib/libig_lio_c_msgs__rosidl_typesupport_introspection_c.so
[1.818s] -- Up-to-date: /home/sentry/Wolf-Moon/install/ig_lio_c_msgs/lib/libig_lio_c_msgs__rosidl_typesupport_c.so
[1.818s] -- Up-to-date: /home/sentry/Wolf-Moon/install/ig_lio_c_msgs/include/ig_lio_c_msgs
[1.818s] -- Up-to-date: /home/sentry/Wolf-Moon/install/ig_lio_c_msgs/include/ig_lio_c_msgs/srv
[1.818s] -- Up-to-date: /home/sentry/Wolf-Moon/install/ig_lio_c_msgs/include/ig_lio_c_msgs/srv/re_loc.hpp
[1.818s] -- Up-to-date: /home/sentry/Wolf-Moon/install/ig_lio_c_msgs/include/ig_lio_c_msgs/srv/covert_map.hpp
[1.818s] -- Up-to-date: /home/sentry/Wolf-Moon/install/ig_lio_c_msgs/include/ig_lio_c_msgs/srv/save_map.hpp
[1.819s] -- Up-to-date: /home/sentry/Wolf-Moon/install/ig_lio_c_msgs/include/ig_lio_c_msgs/srv/detail
[1.819s] -- Up-to-date: /home/sentry/Wolf-Moon/install/ig_lio_c_msgs/include/ig_lio_c_msgs/srv/detail/covert_map__builder.hpp
[1.819s] -- Up-to-date: /home/sentry/Wolf-Moon/install/ig_lio_c_msgs/include/ig_lio_c_msgs/srv/detail/save_map__traits.hpp
[1.819s] -- Up-to-date: /home/sentry/Wolf-Moon/install/ig_lio_c_msgs/include/ig_lio_c_msgs/srv/detail/save_map__builder.hpp
[1.819s] -- Up-to-date: /home/sentry/Wolf-Moon/install/ig_lio_c_msgs/include/ig_lio_c_msgs/srv/detail/re_loc__struct.hpp
[1.819s] -- Up-to-date: /home/sentry/Wolf-Moon/install/ig_lio_c_msgs/include/ig_lio_c_msgs/srv/detail/covert_map__struct.hpp
[1.819s] -- Up-to-date: /home/sentry/Wolf-Moon/install/ig_lio_c_msgs/include/ig_lio_c_msgs/srv/detail/re_loc__builder.hpp
[1.819s] -- Up-to-date: /home/sentry/Wolf-Moon/install/ig_lio_c_msgs/include/ig_lio_c_msgs/srv/detail/covert_map__traits.hpp
[1.819s] -- Up-to-date: /home/sentry/Wolf-Moon/install/ig_lio_c_msgs/include/ig_lio_c_msgs/srv/detail/re_loc__traits.hpp
[1.820s] -- Up-to-date: /home/sentry/Wolf-Moon/install/ig_lio_c_msgs/include/ig_lio_c_msgs/srv/detail/save_map__struct.hpp
[1.820s] -- Up-to-date: /home/sentry/Wolf-Moon/install/ig_lio_c_msgs/include/ig_lio_c_msgs
[1.820s] -- Up-to-date: /home/sentry/Wolf-Moon/install/ig_lio_c_msgs/include/ig_lio_c_msgs/srv
[1.820s] -- Up-to-date: /home/sentry/Wolf-Moon/install/ig_lio_c_msgs/include/ig_lio_c_msgs/srv/detail
[1.820s] -- Up-to-date: /home/sentry/Wolf-Moon/install/ig_lio_c_msgs/include/ig_lio_c_msgs/srv/detail/re_loc__type_support.cpp
[1.820s] -- Up-to-date: /home/sentry/Wolf-Moon/install/ig_lio_c_msgs/include/ig_lio_c_msgs/srv/detail/save_map__type_support.cpp
[1.820s] -- Up-to-date: /home/sentry/Wolf-Moon/install/ig_lio_c_msgs/include/ig_lio_c_msgs/srv/detail/covert_map__type_support.cpp
[1.820s] -- Up-to-date: /home/sentry/Wolf-Moon/install/ig_lio_c_msgs/include/ig_lio_c_msgs/srv/detail/save_map__rosidl_typesupport_introspection_cpp.hpp
[1.820s] -- Up-to-date: /home/sentry/Wolf-Moon/install/ig_lio_c_msgs/include/ig_lio_c_msgs/srv/detail/covert_map__rosidl_typesupport_introspection_cpp.hpp
[1.821s] -- Up-to-date: /home/sentry/Wolf-Moon/install/ig_lio_c_msgs/include/ig_lio_c_msgs/srv/detail/re_loc__rosidl_typesupport_introspection_cpp.hpp
[1.821s] -- Up-to-date: /home/sentry/Wolf-Moon/install/ig_lio_c_msgs/lib/libig_lio_c_msgs__rosidl_typesupport_introspection_cpp.so
[1.821s] -- Up-to-date: /home/sentry/Wolf-Moon/install/ig_lio_c_msgs/lib/libig_lio_c_msgs__rosidl_typesupport_cpp.so
[1.821s] -- Up-to-date: /home/sentry/Wolf-Moon/install/ig_lio_c_msgs/share/ig_lio_c_msgs/environment/pythonpath.sh
[1.821s] -- Up-to-date: /home/sentry/Wolf-Moon/install/ig_lio_c_msgs/share/ig_lio_c_msgs/environment/pythonpath.dsv
[1.821s] -- Up-to-date: /home/sentry/Wolf-Moon/install/ig_lio_c_msgs/lib/python3.8/site-packages/ig_lio_c_msgs/__init__.py
[1.936s] -- Up-to-date: /home/sentry/Wolf-Moon/install/ig_lio_c_msgs/lib/python3.8/site-packages/ig_lio_c_msgs/srv
[1.937s] -- Up-to-date: /home/sentry/Wolf-Moon/install/ig_lio_c_msgs/lib/python3.8/site-packages/ig_lio_c_msgs/srv/__init__.py
[1.937s] -- Up-to-date: /home/sentry/Wolf-Moon/install/ig_lio_c_msgs/lib/python3.8/site-packages/ig_lio_c_msgs/srv/_save_map_s.c
[1.938s] -- Up-to-date: /home/sentry/Wolf-Moon/install/ig_lio_c_msgs/lib/python3.8/site-packages/ig_lio_c_msgs/srv/_covert_map_s.c
[1.938s] -- Up-to-date: /home/sentry/Wolf-Moon/install/ig_lio_c_msgs/lib/python3.8/site-packages/ig_lio_c_msgs/srv/_save_map.py
[1.938s] -- Up-to-date: /home/sentry/Wolf-Moon/install/ig_lio_c_msgs/lib/python3.8/site-packages/ig_lio_c_msgs/srv/_re_loc.py
[1.938s] -- Up-to-date: /home/sentry/Wolf-Moon/install/ig_lio_c_msgs/lib/python3.8/site-packages/ig_lio_c_msgs/srv/_re_loc_s.c
[1.938s] -- Up-to-date: /home/sentry/Wolf-Moon/install/ig_lio_c_msgs/lib/python3.8/site-packages/ig_lio_c_msgs/srv/_covert_map.py
[1.938s] -- Up-to-date: /home/sentry/Wolf-Moon/install/ig_lio_c_msgs/lib/python3.8/site-packages/ig_lio_c_msgs/ig_lio_c_msgs_s__rosidl_typesupport_fastrtps_c.cpython-38-x86_64-linux-gnu.so
[1.938s] -- Up-to-date: /home/sentry/Wolf-Moon/install/ig_lio_c_msgs/lib/python3.8/site-packages/ig_lio_c_msgs/ig_lio_c_msgs_s__rosidl_typesupport_introspection_c.cpython-38-x86_64-linux-gnu.so
[1.940s] -- Up-to-date: /home/sentry/Wolf-Moon/install/ig_lio_c_msgs/lib/python3.8/site-packages/ig_lio_c_msgs/ig_lio_c_msgs_s__rosidl_typesupport_c.cpython-38-x86_64-linux-gnu.so
[1.940s] -- Up-to-date: /home/sentry/Wolf-Moon/install/ig_lio_c_msgs/lib/libig_lio_c_msgs__python.so
[1.940s] -- Up-to-date: /home/sentry/Wolf-Moon/install/ig_lio_c_msgs/share/ig_lio_c_msgs/srv/CovertMap.idl
[1.940s] -- Up-to-date: /home/sentry/Wolf-Moon/install/ig_lio_c_msgs/share/ig_lio_c_msgs/srv/SaveMap.idl
[1.941s] -- Up-to-date: /home/sentry/Wolf-Moon/install/ig_lio_c_msgs/share/ig_lio_c_msgs/srv/ReLoc.idl
[1.941s] -- Up-to-date: /home/sentry/Wolf-Moon/install/ig_lio_c_msgs/share/ig_lio_c_msgs/srv/CovertMap.srv
[1.942s] -- Up-to-date: /home/sentry/Wolf-Moon/install/ig_lio_c_msgs/share/ig_lio_c_msgs/srv/CovertMap_Request.msg
[1.942s] -- Up-to-date: /home/sentry/Wolf-Moon/install/ig_lio_c_msgs/share/ig_lio_c_msgs/srv/CovertMap_Response.msg
[1.942s] -- Up-to-date: /home/sentry/Wolf-Moon/install/ig_lio_c_msgs/share/ig_lio_c_msgs/srv/SaveMap.srv
[1.942s] -- Up-to-date: /home/sentry/Wolf-Moon/install/ig_lio_c_msgs/share/ig_lio_c_msgs/srv/SaveMap_Request.msg
[1.942s] -- Up-to-date: /home/sentry/Wolf-Moon/install/ig_lio_c_msgs/share/ig_lio_c_msgs/srv/SaveMap_Response.msg
[1.942s] -- Up-to-date: /home/sentry/Wolf-Moon/install/ig_lio_c_msgs/share/ig_lio_c_msgs/srv/ReLoc.srv
[1.942s] -- Up-to-date: /home/sentry/Wolf-Moon/install/ig_lio_c_msgs/share/ig_lio_c_msgs/srv/ReLoc_Request.msg
[1.943s] -- Up-to-date: /home/sentry/Wolf-Moon/install/ig_lio_c_msgs/share/ig_lio_c_msgs/srv/ReLoc_Response.msg
[1.943s] -- Up-to-date: /home/sentry/Wolf-Moon/install/ig_lio_c_msgs/share/ament_index/resource_index/package_run_dependencies/ig_lio_c_msgs
[1.943s] -- Up-to-date: /home/sentry/Wolf-Moon/install/ig_lio_c_msgs/share/ament_index/resource_index/parent_prefix_path/ig_lio_c_msgs
[1.944s] -- Up-to-date: /home/sentry/Wolf-Moon/install/ig_lio_c_msgs/share/ig_lio_c_msgs/environment/ament_prefix_path.sh
[1.944s] -- Up-to-date: /home/sentry/Wolf-Moon/install/ig_lio_c_msgs/share/ig_lio_c_msgs/environment/ament_prefix_path.dsv
[1.944s] -- Up-to-date: /home/sentry/Wolf-Moon/install/ig_lio_c_msgs/share/ig_lio_c_msgs/environment/path.sh
[1.945s] -- Up-to-date: /home/sentry/Wolf-Moon/install/ig_lio_c_msgs/share/ig_lio_c_msgs/environment/path.dsv
[1.945s] -- Up-to-date: /home/sentry/Wolf-Moon/install/ig_lio_c_msgs/share/ig_lio_c_msgs/local_setup.bash
[1.945s] -- Up-to-date: /home/sentry/Wolf-Moon/install/ig_lio_c_msgs/share/ig_lio_c_msgs/local_setup.sh
[1.945s] -- Up-to-date: /home/sentry/Wolf-Moon/install/ig_lio_c_msgs/share/ig_lio_c_msgs/local_setup.zsh
[1.945s] -- Up-to-date: /home/sentry/Wolf-Moon/install/ig_lio_c_msgs/share/ig_lio_c_msgs/local_setup.dsv
[1.945s] -- Installing: /home/sentry/Wolf-Moon/install/ig_lio_c_msgs/share/ig_lio_c_msgs/package.dsv
[1.945s] -- Up-to-date: /home/sentry/Wolf-Moon/install/ig_lio_c_msgs/share/ament_index/resource_index/packages/ig_lio_c_msgs
[1.945s] -- Up-to-date: /home/sentry/Wolf-Moon/install/ig_lio_c_msgs/share/ig_lio_c_msgs/cmake/ig_lio_c_msgs__rosidl_generator_cExport.cmake
[1.945s] -- Up-to-date: /home/sentry/Wolf-Moon/install/ig_lio_c_msgs/share/ig_lio_c_msgs/cmake/ig_lio_c_msgs__rosidl_generator_cExport-release.cmake
[1.946s] -- Up-to-date: /home/sentry/Wolf-Moon/install/ig_lio_c_msgs/share/ig_lio_c_msgs/cmake/ig_lio_c_msgs__rosidl_typesupport_introspection_cExport.cmake
[1.946s] -- Up-to-date: /home/sentry/Wolf-Moon/install/ig_lio_c_msgs/share/ig_lio_c_msgs/cmake/ig_lio_c_msgs__rosidl_typesupport_introspection_cExport-release.cmake
[1.946s] -- Up-to-date: /home/sentry/Wolf-Moon/install/ig_lio_c_msgs/share/ig_lio_c_msgs/cmake/ig_lio_c_msgs__rosidl_typesupport_cExport.cmake
[1.946s] -- Up-to-date: /home/sentry/Wolf-Moon/install/ig_lio_c_msgs/share/ig_lio_c_msgs/cmake/ig_lio_c_msgs__rosidl_typesupport_cExport-release.cmake
[1.947s] -- Up-to-date: /home/sentry/Wolf-Moon/install/ig_lio_c_msgs/share/ig_lio_c_msgs/cmake/ig_lio_c_msgs__rosidl_generator_cppExport.cmake
[1.947s] -- Up-to-date: /home/sentry/Wolf-Moon/install/ig_lio_c_msgs/share/ig_lio_c_msgs/cmake/ig_lio_c_msgs__rosidl_typesupport_introspection_cppExport.cmake
[1.947s] -- Up-to-date: /home/sentry/Wolf-Moon/install/ig_lio_c_msgs/share/ig_lio_c_msgs/cmake/ig_lio_c_msgs__rosidl_typesupport_introspection_cppExport-release.cmake
[1.947s] -- Up-to-date: /home/sentry/Wolf-Moon/install/ig_lio_c_msgs/share/ig_lio_c_msgs/cmake/ig_lio_c_msgs__rosidl_typesupport_cppExport.cmake
[1.947s] -- Up-to-date: /home/sentry/Wolf-Moon/install/ig_lio_c_msgs/share/ig_lio_c_msgs/cmake/ig_lio_c_msgs__rosidl_typesupport_cppExport-release.cmake
[1.947s] -- Up-to-date: /home/sentry/Wolf-Moon/install/ig_lio_c_msgs/share/ig_lio_c_msgs/cmake/rosidl_cmake-extras.cmake
[1.947s] -- Up-to-date: /home/sentry/Wolf-Moon/install/ig_lio_c_msgs/share/ig_lio_c_msgs/cmake/ament_cmake_export_dependencies-extras.cmake
[1.948s] -- Up-to-date: /home/sentry/Wolf-Moon/install/ig_lio_c_msgs/share/ig_lio_c_msgs/cmake/ament_cmake_export_libraries-extras.cmake
[1.948s] -- Up-to-date: /home/sentry/Wolf-Moon/install/ig_lio_c_msgs/share/ig_lio_c_msgs/cmake/ament_cmake_export_targets-extras.cmake
[1.948s] -- Up-to-date: /home/sentry/Wolf-Moon/install/ig_lio_c_msgs/share/ig_lio_c_msgs/cmake/ament_cmake_export_include_directories-extras.cmake
[1.948s] -- Up-to-date: /home/sentry/Wolf-Moon/install/ig_lio_c_msgs/share/ig_lio_c_msgs/cmake/rosidl_cmake_export_typesupport_libraries-extras.cmake
[1.948s] -- Up-to-date: /home/sentry/Wolf-Moon/install/ig_lio_c_msgs/share/ig_lio_c_msgs/cmake/rosidl_cmake_export_typesupport_targets-extras.cmake
[1.948s] -- Up-to-date: /home/sentry/Wolf-Moon/install/ig_lio_c_msgs/share/ig_lio_c_msgs/cmake/ig_lio_c_msgsConfig.cmake
[1.948s] -- Up-to-date: /home/sentry/Wolf-Moon/install/ig_lio_c_msgs/share/ig_lio_c_msgs/cmake/ig_lio_c_msgsConfig-version.cmake
[1.948s] -- Up-to-date: /home/sentry/Wolf-Moon/install/ig_lio_c_msgs/share/ig_lio_c_msgs/package.xml
[2.025s] Invoked command in '/home/sentry/Wolf-Moon/build/ig_lio_c_msgs' returned '0': CMAKE_PREFIX_PATH=${CMAKE_PREFIX_PATH}:/home/sentry/Wolf-Moon/install/fake_msg_publisher:/opt/ros/galactic /usr/bin/cmake --install /home/sentry/Wolf-Moon/build/ig_lio_c_msgs
