Performing C SOURCE FILE Test CMAKE_HAVE_LIBC_PTHREAD failed with the following output:
Change Dir: /home/sentry/Wolf-Moon/build/cv_bridge/CMakeFiles/CMakeTmp

Run Build Command(s):/usr/bin/make cmTC_78410/fast && /usr/bin/make -f CMakeFiles/cmTC_78410.dir/build.make CMakeFiles/cmTC_78410.dir/build
make[1]: Entering directory '/home/sentry/Wolf-Moon/build/cv_bridge/CMakeFiles/CMakeTmp'
Building C object CMakeFiles/cmTC_78410.dir/src.c.o
/usr/bin/cc   -DCMAKE_HAVE_LIBC_PTHREAD   -o CMakeFiles/cmTC_78410.dir/src.c.o   -c /home/sentry/Wolf-Moon/build/cv_bridge/CMakeFiles/CMakeTmp/src.c
Linking C executable cmTC_78410
/usr/bin/cmake -E cmake_link_script CMakeFiles/cmTC_78410.dir/link.txt --verbose=1
/usr/bin/cc  -DCMAKE_HAVE_LIBC_PTHREAD    CMakeFiles/cmTC_78410.dir/src.c.o  -o cmTC_78410 
/usr/bin/ld: CMakeFiles/cmTC_78410.dir/src.c.o: in function `main':
src.c:(.text+0x46): undefined reference to `pthread_create'
/usr/bin/ld: src.c:(.text+0x52): undefined reference to `pthread_detach'
/usr/bin/ld: src.c:(.text+0x63): undefined reference to `pthread_join'
collect2: error: ld returned 1 exit status
make[1]: *** [CMakeFiles/cmTC_78410.dir/build.make:87: cmTC_78410] Error 1
make[1]: Leaving directory '/home/sentry/Wolf-Moon/build/cv_bridge/CMakeFiles/CMakeTmp'
make: *** [Makefile:121: cmTC_78410/fast] Error 2


Source file was:
#include <pthread.h>

void* test_func(void* data)
{
  return data;
}

int main(void)
{
  pthread_t thread;
  pthread_create(&thread, NULL, test_func, NULL);
  pthread_detach(thread);
  pthread_join(thread, NULL);
  pthread_atfork(NULL, NULL, NULL);
  pthread_exit(NULL);

  return 0;
}

Performing C SOURCE FILE Test CMAKE_HAVE_LIBC_PTHREAD failed with the following output:
Change Dir: /home/sentry/Wolf-Moon/build/cv_bridge/CMakeFiles/CMakeTmp

Run Build Command(s):/usr/bin/make cmTC_e2b45/fast && /usr/bin/make -f CMakeFiles/cmTC_e2b45.dir/build.make CMakeFiles/cmTC_e2b45.dir/build
make[1]: Entering directory '/home/sentry/Wolf-Moon/build/cv_bridge/CMakeFiles/CMakeTmp'
Building C object CMakeFiles/cmTC_e2b45.dir/src.c.o
/usr/bin/cc   -DCMAKE_HAVE_LIBC_PTHREAD   -o CMakeFiles/cmTC_e2b45.dir/src.c.o   -c /home/sentry/Wolf-Moon/build/cv_bridge/CMakeFiles/CMakeTmp/src.c
Linking C executable cmTC_e2b45
/usr/bin/cmake -E cmake_link_script CMakeFiles/cmTC_e2b45.dir/link.txt --verbose=1
/usr/bin/cc  -DCMAKE_HAVE_LIBC_PTHREAD    CMakeFiles/cmTC_e2b45.dir/src.c.o  -o cmTC_e2b45 
/usr/bin/ld: CMakeFiles/cmTC_e2b45.dir/src.c.o: in function `main':
src.c:(.text+0x46): undefined reference to `pthread_create'
/usr/bin/ld: src.c:(.text+0x52): undefined reference to `pthread_detach'
/usr/bin/ld: src.c:(.text+0x63): undefined reference to `pthread_join'
collect2: error: ld returned 1 exit status
make[1]: *** [CMakeFiles/cmTC_e2b45.dir/build.make:87: cmTC_e2b45] Error 1
make[1]: Leaving directory '/home/sentry/Wolf-Moon/build/cv_bridge/CMakeFiles/CMakeTmp'
make: *** [Makefile:121: cmTC_e2b45/fast] Error 2


Source file was:
#include <pthread.h>

void* test_func(void* data)
{
  return data;
}

int main(void)
{
  pthread_t thread;
  pthread_create(&thread, NULL, test_func, NULL);
  pthread_detach(thread);
  pthread_join(thread, NULL);
  pthread_atfork(NULL, NULL, NULL);
  pthread_exit(NULL);

  return 0;
}

Performing C SOURCE FILE Test CMAKE_HAVE_LIBC_PTHREAD failed with the following output:
Change Dir: /home/sentry/Wolf-Moon/build/cv_bridge/CMakeFiles/CMakeTmp

Run Build Command(s):/usr/bin/make cmTC_c0793/fast && /usr/bin/make -f CMakeFiles/cmTC_c0793.dir/build.make CMakeFiles/cmTC_c0793.dir/build
make[1]: Entering directory '/home/sentry/Wolf-Moon/build/cv_bridge/CMakeFiles/CMakeTmp'
Building C object CMakeFiles/cmTC_c0793.dir/src.c.o
/usr/bin/cc   -DCMAKE_HAVE_LIBC_PTHREAD   -o CMakeFiles/cmTC_c0793.dir/src.c.o   -c /home/sentry/Wolf-Moon/build/cv_bridge/CMakeFiles/CMakeTmp/src.c
Linking C executable cmTC_c0793
/usr/bin/cmake -E cmake_link_script CMakeFiles/cmTC_c0793.dir/link.txt --verbose=1
/usr/bin/cc  -DCMAKE_HAVE_LIBC_PTHREAD    CMakeFiles/cmTC_c0793.dir/src.c.o  -o cmTC_c0793 
/usr/bin/ld: CMakeFiles/cmTC_c0793.dir/src.c.o: in function `main':
src.c:(.text+0x46): undefined reference to `pthread_create'
/usr/bin/ld: src.c:(.text+0x52): undefined reference to `pthread_detach'
/usr/bin/ld: src.c:(.text+0x63): undefined reference to `pthread_join'
collect2: error: ld returned 1 exit status
make[1]: *** [CMakeFiles/cmTC_c0793.dir/build.make:87: cmTC_c0793] Error 1
make[1]: Leaving directory '/home/sentry/Wolf-Moon/build/cv_bridge/CMakeFiles/CMakeTmp'
make: *** [Makefile:121: cmTC_c0793/fast] Error 2


Source file was:
#include <pthread.h>

void* test_func(void* data)
{
  return data;
}

int main(void)
{
  pthread_t thread;
  pthread_create(&thread, NULL, test_func, NULL);
  pthread_detach(thread);
  pthread_join(thread, NULL);
  pthread_atfork(NULL, NULL, NULL);
  pthread_exit(NULL);

  return 0;
}

