[0.129s] Invoking command in '/home/sentry/Wolf-Moon/build/octomap_dynamic_map': /usr/bin/cmake --build /home/sentry/Wolf-Moon/build/octomap_dynamic_map -- -j12 -l12
[0.325s] [  5%] Built target octomath
[0.426s] [ 10%] Built target octomath-static
[0.531s] [ 23%] Built target octomap
[0.602s] [ 35%] Built target octomap-static
[0.680s] [ 38%] Built target eval_octree_accuracy
[0.748s] [ 41%] Built target compare_octrees
[0.852s] [ 43%] Built target normals_example
[0.954s] [ 46%] Built target test_raycasting
[1.048s] [ 48%] Built target test_iterators
[1.142s] [ 51%] Built target test_scans
[1.230s] [ 53%] Built target test_pruning
[1.287s] [ 56%] Built target test_io
[1.388s] [ 58%] Built target test_bbx
[1.443s] [ 61%] Built target test_changedkeys
[1.557s] [ 64%] Built target test_color_tree
[1.643s] [ 66%] Built target color_tree_histogram
[1.736s] [ 69%] Built target test_mapcollection
[1.789s] [ 71%] Built target unit_tests
[1.877s] [ 74%] Built target convert_octree
[1.980s] [ 76%] Built target edit_octree
[2.042s] [ 79%] Built target bt2vrml
[2.091s] [ 82%] Built target intersection_example
[2.144s] [ 84%] Built target binvox2bt
[2.189s] [ 87%] Built target log2graph
[2.275s] [ 89%] Built target graph2tree
[2.382s] [ 92%] Built target simple_example
[2.434s] [ 94%] Built target octree2pointcloud
[2.503s] [ 97%] Built target dm_lib
[2.572s] [100%] Built target octomap_run
[2.635s] Invoked command in '/home/sentry/Wolf-Moon/build/octomap_dynamic_map' returned '0': /usr/bin/cmake --build /home/sentry/Wolf-Moon/build/octomap_dynamic_map -- -j12 -l12
[2.639s] Invoking command in '/home/sentry/Wolf-Moon/build/octomap_dynamic_map': /usr/bin/cmake --install /home/sentry/Wolf-Moon/build/octomap_dynamic_map
[2.668s] -- Install configuration: "Release"
[2.669s] -- Up-to-date: /home/sentry/Wolf-Moon/install/octomap_dynamic_map/include/octomap/AbstractOcTree.h
[2.670s] -- Up-to-date: /home/sentry/Wolf-Moon/install/octomap_dynamic_map/include/octomap/AbstractOccupancyOcTree.h
[2.670s] -- Up-to-date: /home/sentry/Wolf-Moon/install/octomap_dynamic_map/include/octomap/ColorOcTree.h
[2.670s] -- Up-to-date: /home/sentry/Wolf-Moon/install/octomap_dynamic_map/include/octomap/CountingOcTree.h
[2.670s] -- Up-to-date: /home/sentry/Wolf-Moon/install/octomap_dynamic_map/include/octomap/MCTables.h
[2.671s] -- Up-to-date: /home/sentry/Wolf-Moon/install/octomap_dynamic_map/include/octomap/MapCollection.h
[2.671s] -- Up-to-date: /home/sentry/Wolf-Moon/install/octomap_dynamic_map/include/octomap/MapCollection.hxx
[2.671s] -- Up-to-date: /home/sentry/Wolf-Moon/install/octomap_dynamic_map/include/octomap/MapNode.h
[2.671s] -- Up-to-date: /home/sentry/Wolf-Moon/install/octomap_dynamic_map/include/octomap/MapNode.hxx
[2.671s] -- Up-to-date: /home/sentry/Wolf-Moon/install/octomap_dynamic_map/include/octomap/OcTree.h
[2.671s] -- Up-to-date: /home/sentry/Wolf-Moon/install/octomap_dynamic_map/include/octomap/OcTreeBase.h
[2.671s] -- Up-to-date: /home/sentry/Wolf-Moon/install/octomap_dynamic_map/include/octomap/OcTreeBaseImpl.h
[2.671s] -- Up-to-date: /home/sentry/Wolf-Moon/install/octomap_dynamic_map/include/octomap/OcTreeBaseImpl.hxx
[2.672s] -- Up-to-date: /home/sentry/Wolf-Moon/install/octomap_dynamic_map/include/octomap/OcTreeDataNode.h
[2.672s] -- Up-to-date: /home/sentry/Wolf-Moon/install/octomap_dynamic_map/include/octomap/OcTreeDataNode.hxx
[2.672s] -- Up-to-date: /home/sentry/Wolf-Moon/install/octomap_dynamic_map/include/octomap/OcTreeIterator.hxx
[2.672s] -- Up-to-date: /home/sentry/Wolf-Moon/install/octomap_dynamic_map/include/octomap/OcTreeKey.h
[2.672s] -- Up-to-date: /home/sentry/Wolf-Moon/install/octomap_dynamic_map/include/octomap/OcTreeNode.h
[2.672s] -- Up-to-date: /home/sentry/Wolf-Moon/install/octomap_dynamic_map/include/octomap/OcTreeStamped.h
[2.672s] -- Up-to-date: /home/sentry/Wolf-Moon/install/octomap_dynamic_map/include/octomap/OccupancyOcTreeBase.h
[2.672s] -- Up-to-date: /home/sentry/Wolf-Moon/install/octomap_dynamic_map/include/octomap/OccupancyOcTreeBase.hxx
[2.672s] -- Up-to-date: /home/sentry/Wolf-Moon/install/octomap_dynamic_map/include/octomap/Pointcloud.h
[2.673s] -- Up-to-date: /home/sentry/Wolf-Moon/install/octomap_dynamic_map/include/octomap/ScanGraph.h
[2.673s] -- Up-to-date: /home/sentry/Wolf-Moon/install/octomap_dynamic_map/include/octomap/octomap.h
[2.673s] -- Up-to-date: /home/sentry/Wolf-Moon/install/octomap_dynamic_map/include/octomap/octomap_deprecated.h
[2.673s] -- Up-to-date: /home/sentry/Wolf-Moon/install/octomap_dynamic_map/include/octomap/octomap_timing.h
[2.673s] -- Up-to-date: /home/sentry/Wolf-Moon/install/octomap_dynamic_map/include/octomap/octomap_types.h
[2.674s] -- Up-to-date: /home/sentry/Wolf-Moon/install/octomap_dynamic_map/include/octomap/octomap_utils.h
[2.674s] -- Up-to-date: /home/sentry/Wolf-Moon/install/octomap_dynamic_map/include/octomap/math/Pose6D.h
[2.674s] -- Up-to-date: /home/sentry/Wolf-Moon/install/octomap_dynamic_map/include/octomap/math/Quaternion.h
[2.674s] -- Up-to-date: /home/sentry/Wolf-Moon/install/octomap_dynamic_map/include/octomap/math/Utils.h
[2.675s] -- Up-to-date: /home/sentry/Wolf-Moon/install/octomap_dynamic_map/include/octomap/math/Vector3.h
[2.675s] -- Up-to-date: /home/sentry/Wolf-Moon/install/octomap_dynamic_map/share/octomap/package.xml
[2.675s] -- Up-to-date: /home/sentry/Wolf-Moon/install/octomap_dynamic_map/share/ament_index/resource_index/packages/octomap
[2.676s] -- Up-to-date: /home/sentry/Wolf-Moon/install/octomap_dynamic_map/share/octomap/octomap-config.cmake
[2.677s] -- Up-to-date: /home/sentry/Wolf-Moon/install/octomap_dynamic_map/share/octomap/octomap-config-version.cmake
[2.677s] -- Up-to-date: /home/sentry/Wolf-Moon/install/octomap_dynamic_map/lib/pkgconfig/octomap.pc
[2.677s] -- Up-to-date: /home/sentry/Wolf-Moon/install/octomap_dynamic_map/lib/liboctomath.so.1.9.8
[2.677s] -- Up-to-date: /home/sentry/Wolf-Moon/install/octomap_dynamic_map/lib/liboctomath.so.1.9
[2.677s] -- Up-to-date: /home/sentry/Wolf-Moon/install/octomap_dynamic_map/lib/liboctomath.so
[2.678s] -- Up-to-date: /home/sentry/Wolf-Moon/install/octomap_dynamic_map/lib/liboctomath.a
[2.678s] -- Up-to-date: /home/sentry/Wolf-Moon/install/octomap_dynamic_map/lib/liboctomap.so.1.9.8
[2.678s] -- Up-to-date: /home/sentry/Wolf-Moon/install/octomap_dynamic_map/lib/liboctomap.so.1.9
[2.678s] -- Up-to-date: /home/sentry/Wolf-Moon/install/octomap_dynamic_map/lib/liboctomap.so
[2.678s] -- Up-to-date: /home/sentry/Wolf-Moon/install/octomap_dynamic_map/lib/liboctomap.a
[2.678s] -- Up-to-date: /home/sentry/Wolf-Moon/install/octomap_dynamic_map/share/octomap/octomap-targets.cmake
[2.678s] -- Up-to-date: /home/sentry/Wolf-Moon/install/octomap_dynamic_map/share/octomap/octomap-targets-release.cmake
[2.678s] -- Up-to-date: /home/sentry/Wolf-Moon/install/octomap_dynamic_map/bin/graph2tree
[2.678s] -- Up-to-date: /home/sentry/Wolf-Moon/install/octomap_dynamic_map/bin/log2graph
[2.678s] -- Up-to-date: /home/sentry/Wolf-Moon/install/octomap_dynamic_map/bin/binvox2bt
[2.679s] -- Up-to-date: /home/sentry/Wolf-Moon/install/octomap_dynamic_map/bin/bt2vrml
[2.679s] -- Up-to-date: /home/sentry/Wolf-Moon/install/octomap_dynamic_map/bin/edit_octree
[2.679s] -- Up-to-date: /home/sentry/Wolf-Moon/install/octomap_dynamic_map/bin/convert_octree
[2.679s] -- Up-to-date: /home/sentry/Wolf-Moon/install/octomap_dynamic_map/bin/eval_octree_accuracy
[2.679s] -- Up-to-date: /home/sentry/Wolf-Moon/install/octomap_dynamic_map/bin/compare_octrees
[2.696s] Invoked command in '/home/sentry/Wolf-Moon/build/octomap_dynamic_map' returned '0': /usr/bin/cmake --install /home/sentry/Wolf-Moon/build/octomap_dynamic_map
