[0.037s] Invoking command in '/home/sentry/Wolf-Moon/build/cv_bridge': CMAKE_PREFIX_PATH=/opt/ros/galactic /usr/bin/cmake /home/sentry/Wolf-Moon/src/cv_bridge -DCMAKE_INSTALL_PREFIX=/home/sentry/Wolf-Moon/install/cv_bridge
[0.278s] -- The C compiler identification is GNU 9.4.0
[0.348s] -- The CXX compiler identification is GNU 9.4.0
[0.354s] -- Check for working C compiler: /usr/bin/cc
[0.412s] -- Check for working C compiler: /usr/bin/cc -- works
[0.413s] -- Detecting C compiler ABI info
[0.480s] -- Detecting C compiler ABI info - done
[0.495s] -- Detecting C compile features
[0.495s] -- Detecting C compile features - done
[0.498s] -- Check for working CXX compiler: /usr/bin/c++
[0.594s] -- Check for working CXX compiler: /usr/bin/c++ -- works
[0.595s] -- Detecting CXX compiler ABI info
[0.688s] -- Detecting CXX compiler ABI info - done
[0.703s] -- Detecting CXX compile features
[0.704s] -- Detecting CXX compile features - done
[0.706s] -- Found ament_cmake_ros: 0.9.2 (/opt/ros/galactic/share/ament_cmake_ros/cmake)
[0.746s] -- Found PythonInterp: /usr/bin/python3 (found suitable version "3.8.10", minimum required is "3") 
[0.746s] -- Using PYTHON_EXECUTABLE: /usr/bin/python3
[0.851s] -- Found PythonLibs: /usr/lib/x86_64-linux-gnu/libpython3.8.so (found version "3.8.10") 
[0.881s] -- Boost_VERSION_STRING: 1.71.0
[0.889s] -- Found Boost: /usr/lib/x86_64-linux-gnu/cmake/Boost-1.71.0/BoostConfig.cmake (found version "1.71.0") found components: python38 
[0.893s] -- Found rcpputils: 2.2.2 (/opt/ros/galactic/share/rcpputils/cmake)
[0.906s] -- Found sensor_msgs: 2.2.4 (/opt/ros/galactic/share/sensor_msgs/cmake)
[0.926s] -- Using all available rosidl_typesupport_c: rosidl_typesupport_fastrtps_c;rosidl_typesupport_introspection_c
[0.934s] -- Found rosidl_adapter: 2.2.3 (/opt/ros/galactic/share/rosidl_adapter/cmake)
[1.025s] -- Found OpenSSL: /usr/lib/x86_64-linux-gnu/libcrypto.so (found version "1.1.1f")  
[1.059s] -- Found FastRTPS: /opt/ros/galactic/include  
[1.152s] -- Using all available rosidl_typesupport_cpp: rosidl_typesupport_fastrtps_cpp;rosidl_typesupport_introspection_cpp
[1.480s] -- Performing Test COMPILER_HAS_HIDDEN_VISIBILITY
[1.781s] -- Performing Test COMPILER_HAS_HIDDEN_VISIBILITY - Success
[1.782s] -- Performing Test COMPILER_HAS_HIDDEN_INLINE_VISIBILITY
[2.124s] -- Performing Test COMPILER_HAS_HIDDEN_INLINE_VISIBILITY - Success
[2.124s] -- Performing Test COMPILER_HAS_DEPRECATED_ATTR
[2.512s] -- Performing Test COMPILER_HAS_DEPRECATED_ATTR - Success
[2.588s] -- Found PythonInterp: /usr/bin/python3 (found version "3.8.10") 
[2.592s] -- Found PythonLibs: /usr/lib/x86_64-linux-gnu/libpython3.8.so (found suitable version "3.8.10", minimum required is "3.8") 
[3.209s] -- Found ament_lint_auto: 0.10.7 (/opt/ros/galactic/share/ament_lint_auto/cmake)
[3.448s] -- Found gtest sources under '/opt/ros/galactic/src/gtest_vendor': C++ tests using 'Google Test' will be built
[3.452s] -- Looking for pthread.h
