[0.078s] Invoking command in '/home/sentry/Wolf-Moon/build/nav2_common': CMAKE_PREFIX_PATH=${CMAKE_PREFIX_PATH}:/home/sentry/Wolf-Moon/install/fake_msg_publisher:/opt/ros/galactic /usr/bin/cmake --build /home/sentry/Wolf-Moon/build/nav2_common -- -j12 -l12
[0.294s] Built target ament_cmake_python_copy_nav2_common
[0.827s] running egg_info
[0.841s] writing nav2_common.egg-info/PKG-INFO
[0.841s] writing dependency_links to nav2_common.egg-info/dependency_links.txt
[0.841s] writing top-level names to nav2_common.egg-info/top_level.txt
[0.970s] reading manifest file 'nav2_common.egg-info/SOURCES.txt'
[0.970s] writing manifest file 'nav2_common.egg-info/SOURCES.txt'
[1.023s] Built target ament_cmake_python_build_nav2_common_egg
[1.136s] Invoked command in '/home/sentry/Wolf-Moon/build/nav2_common' returned '0': CMAKE_PREFIX_PATH=${CMAKE_PREFIX_PATH}:/home/sentry/Wolf-Moon/install/fake_msg_publisher:/opt/ros/galactic /usr/bin/cmake --build /home/sentry/Wolf-Moon/build/nav2_common -- -j12 -l12
[1.144s] Invoking command in '/home/sentry/Wolf-Moon/build/nav2_common': CMAKE_PREFIX_PATH=${CMAKE_PREFIX_PATH}:/home/sentry/Wolf-Moon/install/fake_msg_publisher:/opt/ros/galactic /usr/bin/cmake --install /home/sentry/Wolf-Moon/build/nav2_common
[1.163s] -- Install configuration: ""
[1.163s] -- Up-to-date: /home/sentry/Wolf-Moon/install/nav2_common/share/nav2_common/environment/pythonpath.sh
[1.163s] -- Up-to-date: /home/sentry/Wolf-Moon/install/nav2_common/share/nav2_common/environment/pythonpath.dsv
[1.163s] -- Up-to-date: /home/sentry/Wolf-Moon/install/nav2_common/lib/python3.8/site-packages//nav2_common.egg-info
[1.163s] -- Installing: /home/sentry/Wolf-Moon/install/nav2_common/lib/python3.8/site-packages//nav2_common.egg-info/SOURCES.txt
[1.164s] -- Installing: /home/sentry/Wolf-Moon/install/nav2_common/lib/python3.8/site-packages//nav2_common.egg-info/top_level.txt
[1.164s] -- Installing: /home/sentry/Wolf-Moon/install/nav2_common/lib/python3.8/site-packages//nav2_common.egg-info/dependency_links.txt
[1.164s] -- Installing: /home/sentry/Wolf-Moon/install/nav2_common/lib/python3.8/site-packages//nav2_common.egg-info/PKG-INFO
[1.164s] -- Up-to-date: /home/sentry/Wolf-Moon/install/nav2_common/lib/python3.8/site-packages/nav2_common
[1.164s] -- Up-to-date: /home/sentry/Wolf-Moon/install/nav2_common/lib/python3.8/site-packages/nav2_common/__init__.py
[1.164s] -- Up-to-date: /home/sentry/Wolf-Moon/install/nav2_common/lib/python3.8/site-packages/nav2_common/launch
[1.165s] -- Up-to-date: /home/sentry/Wolf-Moon/install/nav2_common/lib/python3.8/site-packages/nav2_common/launch/has_node_params.py
[1.165s] -- Up-to-date: /home/sentry/Wolf-Moon/install/nav2_common/lib/python3.8/site-packages/nav2_common/launch/__init__.py
[1.165s] -- Up-to-date: /home/sentry/Wolf-Moon/install/nav2_common/lib/python3.8/site-packages/nav2_common/launch/rewritten_yaml.py
[1.165s] -- Up-to-date: /home/sentry/Wolf-Moon/install/nav2_common/lib/python3.8/site-packages/nav2_common/launch/replace_string.py
[1.253s] Listing '/home/sentry/Wolf-Moon/install/nav2_common/lib/python3.8/site-packages/nav2_common'...
[1.254s] Listing '/home/sentry/Wolf-Moon/install/nav2_common/lib/python3.8/site-packages/nav2_common/launch'...
[1.262s] -- Up-to-date: /home/sentry/Wolf-Moon/install/nav2_common/share/ament_index/resource_index/package_run_dependencies/nav2_common
[1.264s] -- Up-to-date: /home/sentry/Wolf-Moon/install/nav2_common/share/ament_index/resource_index/parent_prefix_path/nav2_common
[1.264s] -- Up-to-date: /home/sentry/Wolf-Moon/install/nav2_common/share/nav2_common/environment/ament_prefix_path.sh
[1.272s] -- Up-to-date: /home/sentry/Wolf-Moon/install/nav2_common/share/nav2_common/environment/ament_prefix_path.dsv
[1.272s] -- Up-to-date: /home/sentry/Wolf-Moon/install/nav2_common/share/nav2_common/environment/path.sh
[1.272s] -- Up-to-date: /home/sentry/Wolf-Moon/install/nav2_common/share/nav2_common/environment/path.dsv
[1.272s] -- Up-to-date: /home/sentry/Wolf-Moon/install/nav2_common/share/nav2_common/local_setup.bash
[1.273s] -- Up-to-date: /home/sentry/Wolf-Moon/install/nav2_common/share/nav2_common/local_setup.sh
[1.273s] -- Up-to-date: /home/sentry/Wolf-Moon/install/nav2_common/share/nav2_common/local_setup.zsh
[1.274s] -- Up-to-date: /home/sentry/Wolf-Moon/install/nav2_common/share/nav2_common/local_setup.dsv
[1.274s] -- Installing: /home/sentry/Wolf-Moon/install/nav2_common/share/nav2_common/package.dsv
[1.274s] -- Up-to-date: /home/sentry/Wolf-Moon/install/nav2_common/share/ament_index/resource_index/packages/nav2_common
[1.274s] -- Up-to-date: /home/sentry/Wolf-Moon/install/nav2_common/share/nav2_common/cmake/nav2_common-extras.cmake
[1.274s] -- Up-to-date: /home/sentry/Wolf-Moon/install/nav2_common/share/nav2_common/cmake/nav2_commonConfig.cmake
[1.274s] -- Up-to-date: /home/sentry/Wolf-Moon/install/nav2_common/share/nav2_common/cmake/nav2_commonConfig-version.cmake
[1.274s] -- Up-to-date: /home/sentry/Wolf-Moon/install/nav2_common/share/nav2_common/package.xml
[1.274s] -- Up-to-date: /home/sentry/Wolf-Moon/install/nav2_common/share/nav2_common/cmake
[1.274s] -- Up-to-date: /home/sentry/Wolf-Moon/install/nav2_common/share/nav2_common/cmake/nav2_package.cmake
[1.280s] Invoked command in '/home/sentry/Wolf-Moon/build/nav2_common' returned '0': CMAKE_PREFIX_PATH=${CMAKE_PREFIX_PATH}:/home/sentry/Wolf-Moon/install/fake_msg_publisher:/opt/ros/galactic /usr/bin/cmake --install /home/sentry/Wolf-Moon/build/nav2_common
