[0.085s] Invoking command in '/home/sentry/Wolf-Moon/build/nav2_map_server': AMENT_PREFIX_PATH=/home/sentry/Wolf-Moon/install/nav2_util:/home/sentry/Wolf-Moon/install/nav2_msgs:/home/sentry/Wolf-Moon/install/nav2_common:${AMENT_PREFIX_PATH} CMAKE_PREFIX_PATH=/home/sentry/Wolf-Moon/install/nav2_util:/home/sentry/Wolf-Moon/install/nav2_msgs:/home/sentry/Wolf-Moon/install/nav2_common:/opt/ros/galactic LD_LIBRARY_PATH=/home/sentry/Wolf-Moon/install/nav2_util/lib:/home/sentry/Wolf-Moon/install/nav2_msgs/lib:/opt/MVS/lib/64:/opt/MVS/lib/32:/home/sentry/TUP2024-Sentry-Framework/src/IG_LIO_SLAM/ThirdParty/octomap-Dynamic_point_cloud_removal/lib:/opt/intel/openvino_2022/tools/compile_tool:/opt/intel/openvino_2022/runtime/3rdparty/hddl/lib:/opt/intel/openvino_2022/runtime/lib/intel64:/opt/MVS/lib/64:/opt/MVS/lib/32:/usr/lib/x86_64-linux-gnu/gazebo-11/plugins:/opt/ros/galactic/opt/yaml_cpp_vendor/lib:/opt/ros/galactic/opt/rviz_ogre_vendor/lib:/opt/ros/galactic/lib/x86_64-linux-gnu:/opt/ros/galactic/lib:/home/sentry/TUP2024-Sentry-Framework/src/IG_LIO_SLAM/ThirdParty/octomap-Dynamic_point_cloud_removal/lib:/opt/intel/openvino_2022/tools/compile_tool:/opt/intel/openvino_2022/runtime/3rdparty/hddl/lib:/opt/intel/openvino_2022/runtime/lib/intel64:/opt/MVS/lib/64:/opt/MVS/lib/32:/opt/MVS/lib/64:/opt/MVS/lib/32:/usr/local/opencv4/lib:/usr/local/opencv4/lib PYTHONPATH=/home/sentry/Wolf-Moon/install/nav2_msgs/lib/python3.8/site-packages:/home/sentry/Wolf-Moon/install/nav2_common/lib/python3.8/site-packages:/opt/intel/openvino_2022/python/python3.8:/opt/intel/openvino_2022/python/python3:/opt/ros/galactic/lib/python3.8/site-packages:/opt/intel/openvino_2022/python/python3.8:/opt/intel/openvino_2022/python/python3 /usr/bin/cmake --build /home/sentry/Wolf-Moon/build/nav2_map_server -- -j12 -l12
[0.240s] [  5%] Built target gtest_main
[0.257s] [ 11%] Built target gtest
[0.259s] [ 19%] Built target map_io
[0.333s] [ 27%] Built target test_map_saver_cli
[0.336s] [ 38%] Built target map_server_core
[0.339s] [ 47%] Built target test_map_saver_publisher
[0.351s] [ 55%] Built target test_map_io
[0.400s] [ 61%] Built target map_server
[0.403s] [ 66%] Built target map_saver_server
[0.403s] [ 72%] Built target test_costmap_filter_info_server
[0.412s] [ 77%] Built target costmap_filter_info_server
[0.420s] [ 86%] Built target test_map_saver_node
[0.426s] [ 94%] Built target test_map_server_node
[0.433s] [100%] Built target map_saver_cli
[0.508s] Invoked command in '/home/sentry/Wolf-Moon/build/nav2_map_server' returned '0': AMENT_PREFIX_PATH=/home/sentry/Wolf-Moon/install/nav2_util:/home/sentry/Wolf-Moon/install/nav2_msgs:/home/sentry/Wolf-Moon/install/nav2_common:${AMENT_PREFIX_PATH} CMAKE_PREFIX_PATH=/home/sentry/Wolf-Moon/install/nav2_util:/home/sentry/Wolf-Moon/install/nav2_msgs:/home/sentry/Wolf-Moon/install/nav2_common:/opt/ros/galactic LD_LIBRARY_PATH=/home/sentry/Wolf-Moon/install/nav2_util/lib:/home/sentry/Wolf-Moon/install/nav2_msgs/lib:/opt/MVS/lib/64:/opt/MVS/lib/32:/home/sentry/TUP2024-Sentry-Framework/src/IG_LIO_SLAM/ThirdParty/octomap-Dynamic_point_cloud_removal/lib:/opt/intel/openvino_2022/tools/compile_tool:/opt/intel/openvino_2022/runtime/3rdparty/hddl/lib:/opt/intel/openvino_2022/runtime/lib/intel64:/opt/MVS/lib/64:/opt/MVS/lib/32:/usr/lib/x86_64-linux-gnu/gazebo-11/plugins:/opt/ros/galactic/opt/yaml_cpp_vendor/lib:/opt/ros/galactic/opt/rviz_ogre_vendor/lib:/opt/ros/galactic/lib/x86_64-linux-gnu:/opt/ros/galactic/lib:/home/sentry/TUP2024-Sentry-Framework/src/IG_LIO_SLAM/ThirdParty/octomap-Dynamic_point_cloud_removal/lib:/opt/intel/openvino_2022/tools/compile_tool:/opt/intel/openvino_2022/runtime/3rdparty/hddl/lib:/opt/intel/openvino_2022/runtime/lib/intel64:/opt/MVS/lib/64:/opt/MVS/lib/32:/opt/MVS/lib/64:/opt/MVS/lib/32:/usr/local/opencv4/lib:/usr/local/opencv4/lib PYTHONPATH=/home/sentry/Wolf-Moon/install/nav2_msgs/lib/python3.8/site-packages:/home/sentry/Wolf-Moon/install/nav2_common/lib/python3.8/site-packages:/opt/intel/openvino_2022/python/python3.8:/opt/intel/openvino_2022/python/python3:/opt/ros/galactic/lib/python3.8/site-packages:/opt/intel/openvino_2022/python/python3.8:/opt/intel/openvino_2022/python/python3 /usr/bin/cmake --build /home/sentry/Wolf-Moon/build/nav2_map_server -- -j12 -l12
[0.512s] Invoking command in '/home/sentry/Wolf-Moon/build/nav2_map_server': AMENT_PREFIX_PATH=/home/sentry/Wolf-Moon/install/nav2_util:/home/sentry/Wolf-Moon/install/nav2_msgs:/home/sentry/Wolf-Moon/install/nav2_common:${AMENT_PREFIX_PATH} CMAKE_PREFIX_PATH=/home/sentry/Wolf-Moon/install/nav2_util:/home/sentry/Wolf-Moon/install/nav2_msgs:/home/sentry/Wolf-Moon/install/nav2_common:/opt/ros/galactic LD_LIBRARY_PATH=/home/sentry/Wolf-Moon/install/nav2_util/lib:/home/sentry/Wolf-Moon/install/nav2_msgs/lib:/opt/MVS/lib/64:/opt/MVS/lib/32:/home/sentry/TUP2024-Sentry-Framework/src/IG_LIO_SLAM/ThirdParty/octomap-Dynamic_point_cloud_removal/lib:/opt/intel/openvino_2022/tools/compile_tool:/opt/intel/openvino_2022/runtime/3rdparty/hddl/lib:/opt/intel/openvino_2022/runtime/lib/intel64:/opt/MVS/lib/64:/opt/MVS/lib/32:/usr/lib/x86_64-linux-gnu/gazebo-11/plugins:/opt/ros/galactic/opt/yaml_cpp_vendor/lib:/opt/ros/galactic/opt/rviz_ogre_vendor/lib:/opt/ros/galactic/lib/x86_64-linux-gnu:/opt/ros/galactic/lib:/home/sentry/TUP2024-Sentry-Framework/src/IG_LIO_SLAM/ThirdParty/octomap-Dynamic_point_cloud_removal/lib:/opt/intel/openvino_2022/tools/compile_tool:/opt/intel/openvino_2022/runtime/3rdparty/hddl/lib:/opt/intel/openvino_2022/runtime/lib/intel64:/opt/MVS/lib/64:/opt/MVS/lib/32:/opt/MVS/lib/64:/opt/MVS/lib/32:/usr/local/opencv4/lib:/usr/local/opencv4/lib PYTHONPATH=/home/sentry/Wolf-Moon/install/nav2_msgs/lib/python3.8/site-packages:/home/sentry/Wolf-Moon/install/nav2_common/lib/python3.8/site-packages:/opt/intel/openvino_2022/python/python3.8:/opt/intel/openvino_2022/python/python3:/opt/ros/galactic/lib/python3.8/site-packages:/opt/intel/openvino_2022/python/python3.8:/opt/intel/openvino_2022/python/python3 /usr/bin/cmake --install /home/sentry/Wolf-Moon/build/nav2_map_server
[0.526s] -- Install configuration: "Release"
[0.527s] -- Up-to-date: /home/sentry/Wolf-Moon/install/nav2_map_server/lib/libmap_server_core.so
[0.528s] -- Up-to-date: /home/sentry/Wolf-Moon/install/nav2_map_server/lib/libmap_io.so
[0.528s] -- Up-to-date: /home/sentry/Wolf-Moon/install/nav2_map_server/lib/nav2_map_server/map_server
[0.529s] -- Up-to-date: /home/sentry/Wolf-Moon/install/nav2_map_server/lib/nav2_map_server/map_saver_cli
[0.529s] -- Up-to-date: /home/sentry/Wolf-Moon/install/nav2_map_server/lib/nav2_map_server/map_saver_server
[0.530s] -- Up-to-date: /home/sentry/Wolf-Moon/install/nav2_map_server/lib/nav2_map_server/costmap_filter_info_server
[0.530s] -- Up-to-date: /home/sentry/Wolf-Moon/install/nav2_map_server/include/
[0.530s] -- Up-to-date: /home/sentry/Wolf-Moon/install/nav2_map_server/include//nav2_map_server
[0.530s] -- Up-to-date: /home/sentry/Wolf-Moon/install/nav2_map_server/include//nav2_map_server/map_saver.hpp
[0.530s] -- Up-to-date: /home/sentry/Wolf-Moon/install/nav2_map_server/include//nav2_map_server/costmap_filter_info_server.hpp
[0.530s] -- Up-to-date: /home/sentry/Wolf-Moon/install/nav2_map_server/include//nav2_map_server/map_io.hpp
[0.533s] -- Up-to-date: /home/sentry/Wolf-Moon/install/nav2_map_server/include//nav2_map_server/map_server.hpp
[0.533s] -- Up-to-date: /home/sentry/Wolf-Moon/install/nav2_map_server/include//nav2_map_server/map_mode.hpp
[0.533s] -- Up-to-date: /home/sentry/Wolf-Moon/install/nav2_map_server/share/nav2_map_server/launch
[0.533s] -- Up-to-date: /home/sentry/Wolf-Moon/install/nav2_map_server/share/nav2_map_server/launch/map_saver_server.launch.py
[0.533s] -- Up-to-date: /home/sentry/Wolf-Moon/install/nav2_map_server/share/nav2_map_server/environment/library_path.sh
[0.533s] -- Up-to-date: /home/sentry/Wolf-Moon/install/nav2_map_server/share/nav2_map_server/environment/library_path.dsv
[0.534s] -- Up-to-date: /home/sentry/Wolf-Moon/install/nav2_map_server/share/ament_index/resource_index/package_run_dependencies/nav2_map_server
[0.534s] -- Up-to-date: /home/sentry/Wolf-Moon/install/nav2_map_server/share/ament_index/resource_index/parent_prefix_path/nav2_map_server
[0.534s] -- Up-to-date: /home/sentry/Wolf-Moon/install/nav2_map_server/share/nav2_map_server/environment/ament_prefix_path.sh
[0.534s] -- Up-to-date: /home/sentry/Wolf-Moon/install/nav2_map_server/share/nav2_map_server/environment/ament_prefix_path.dsv
[0.534s] -- Up-to-date: /home/sentry/Wolf-Moon/install/nav2_map_server/share/nav2_map_server/environment/path.sh
[0.534s] -- Up-to-date: /home/sentry/Wolf-Moon/install/nav2_map_server/share/nav2_map_server/environment/path.dsv
[0.534s] -- Up-to-date: /home/sentry/Wolf-Moon/install/nav2_map_server/share/nav2_map_server/local_setup.bash
[0.534s] -- Up-to-date: /home/sentry/Wolf-Moon/install/nav2_map_server/share/nav2_map_server/local_setup.sh
[0.534s] -- Up-to-date: /home/sentry/Wolf-Moon/install/nav2_map_server/share/nav2_map_server/local_setup.zsh
[0.534s] -- Up-to-date: /home/sentry/Wolf-Moon/install/nav2_map_server/share/nav2_map_server/local_setup.dsv
[0.535s] -- Installing: /home/sentry/Wolf-Moon/install/nav2_map_server/share/nav2_map_server/package.dsv
[0.535s] -- Up-to-date: /home/sentry/Wolf-Moon/install/nav2_map_server/share/ament_index/resource_index/packages/nav2_map_server
[0.535s] -- Up-to-date: /home/sentry/Wolf-Moon/install/nav2_map_server/share/nav2_map_server/cmake/ament_cmake_export_include_directories-extras.cmake
[0.535s] -- Up-to-date: /home/sentry/Wolf-Moon/install/nav2_map_server/share/nav2_map_server/cmake/ament_cmake_export_libraries-extras.cmake
[0.535s] -- Up-to-date: /home/sentry/Wolf-Moon/install/nav2_map_server/share/nav2_map_server/cmake/ament_cmake_export_dependencies-extras.cmake
[0.535s] -- Up-to-date: /home/sentry/Wolf-Moon/install/nav2_map_server/share/nav2_map_server/cmake/nav2_map_serverConfig.cmake
[0.535s] -- Up-to-date: /home/sentry/Wolf-Moon/install/nav2_map_server/share/nav2_map_server/cmake/nav2_map_serverConfig-version.cmake
[0.536s] -- Up-to-date: /home/sentry/Wolf-Moon/install/nav2_map_server/share/nav2_map_server/package.xml
[0.545s] Invoked command in '/home/sentry/Wolf-Moon/build/nav2_map_server' returned '0': AMENT_PREFIX_PATH=/home/sentry/Wolf-Moon/install/nav2_util:/home/sentry/Wolf-Moon/install/nav2_msgs:/home/sentry/Wolf-Moon/install/nav2_common:${AMENT_PREFIX_PATH} CMAKE_PREFIX_PATH=/home/sentry/Wolf-Moon/install/nav2_util:/home/sentry/Wolf-Moon/install/nav2_msgs:/home/sentry/Wolf-Moon/install/nav2_common:/opt/ros/galactic LD_LIBRARY_PATH=/home/sentry/Wolf-Moon/install/nav2_util/lib:/home/sentry/Wolf-Moon/install/nav2_msgs/lib:/opt/MVS/lib/64:/opt/MVS/lib/32:/home/sentry/TUP2024-Sentry-Framework/src/IG_LIO_SLAM/ThirdParty/octomap-Dynamic_point_cloud_removal/lib:/opt/intel/openvino_2022/tools/compile_tool:/opt/intel/openvino_2022/runtime/3rdparty/hddl/lib:/opt/intel/openvino_2022/runtime/lib/intel64:/opt/MVS/lib/64:/opt/MVS/lib/32:/usr/lib/x86_64-linux-gnu/gazebo-11/plugins:/opt/ros/galactic/opt/yaml_cpp_vendor/lib:/opt/ros/galactic/opt/rviz_ogre_vendor/lib:/opt/ros/galactic/lib/x86_64-linux-gnu:/opt/ros/galactic/lib:/home/sentry/TUP2024-Sentry-Framework/src/IG_LIO_SLAM/ThirdParty/octomap-Dynamic_point_cloud_removal/lib:/opt/intel/openvino_2022/tools/compile_tool:/opt/intel/openvino_2022/runtime/3rdparty/hddl/lib:/opt/intel/openvino_2022/runtime/lib/intel64:/opt/MVS/lib/64:/opt/MVS/lib/32:/opt/MVS/lib/64:/opt/MVS/lib/32:/usr/local/opencv4/lib:/usr/local/opencv4/lib PYTHONPATH=/home/sentry/Wolf-Moon/install/nav2_msgs/lib/python3.8/site-packages:/home/sentry/Wolf-Moon/install/nav2_common/lib/python3.8/site-packages:/opt/intel/openvino_2022/python/python3.8:/opt/intel/openvino_2022/python/python3:/opt/ros/galactic/lib/python3.8/site-packages:/opt/intel/openvino_2022/python/python3.8:/opt/intel/openvino_2022/python/python3 /usr/bin/cmake --install /home/sentry/Wolf-Moon/build/nav2_map_server
