[0.031s] Invoking command in '/home/sentry/Wolf-Moon/build/auto_aim_interfaces': CMAKE_PREFIX_PATH=/opt/ros/galactic /usr/bin/cmake --build /home/sentry/Wolf-Moon/build/auto_aim_interfaces -- -j12 -l12
[0.098s] [  1%] Built target auto_aim_interfaces__cpp
[0.118s] [ 12%] Built target auto_aim_interfaces__rosidl_generator_c
[0.143s] [ 24%] Built target auto_aim_interfaces__rosidl_typesupport_c
[0.153s] [ 35%] Built target auto_aim_interfaces__rosidl_typesupport_cpp
[0.156s] [ 46%] Built target auto_aim_interfaces__rosidl_typesupport_fastrtps_cpp
[0.157s] [ 58%] Built target auto_aim_interfaces__rosidl_typesupport_introspection_cpp
[0.192s] [ 69%] Built target auto_aim_interfaces__rosidl_typesupport_introspection_c
[0.223s] [ 81%] Built target auto_aim_interfaces__rosidl_typesupport_fastrtps_c
[0.247s] [ 81%] Built target auto_aim_interfaces
[0.271s] [ 82%] Built target auto_aim_interfaces__py
[0.311s] [ 92%] Built target auto_aim_interfaces__python
[0.354s] [ 94%] Built target auto_aim_interfaces__rosidl_typesupport_fastrtps_c__pyext
[0.360s] [ 97%] Built target auto_aim_interfaces__rosidl_typesupport_c__pyext
[0.364s] [100%] Built target auto_aim_interfaces__rosidl_typesupport_introspection_c__pyext
[0.438s] Invoked command in '/home/sentry/Wolf-Moon/build/auto_aim_interfaces' returned '0': CMAKE_PREFIX_PATH=/opt/ros/galactic /usr/bin/cmake --build /home/sentry/Wolf-Moon/build/auto_aim_interfaces -- -j12 -l12
[0.639s] Invoking command in '/home/sentry/Wolf-Moon/build/auto_aim_interfaces': CMAKE_PREFIX_PATH=/opt/ros/galactic /usr/bin/cmake --install /home/sentry/Wolf-Moon/build/auto_aim_interfaces
[0.663s] -- Install configuration: ""
[0.664s] -- Up-to-date: /home/sentry/Wolf-Moon/install/auto_aim_interfaces/share/ament_index/resource_index/rosidl_interfaces/auto_aim_interfaces
[0.664s] -- Up-to-date: /home/sentry/Wolf-Moon/install/auto_aim_interfaces/include/auto_aim_interfaces
[0.664s] -- Up-to-date: /home/sentry/Wolf-Moon/install/auto_aim_interfaces/include/auto_aim_interfaces/msg
[0.664s] -- Up-to-date: /home/sentry/Wolf-Moon/install/auto_aim_interfaces/include/auto_aim_interfaces/msg/uart.h
[0.664s] -- Up-to-date: /home/sentry/Wolf-Moon/install/auto_aim_interfaces/include/auto_aim_interfaces/msg/serial.h
[0.664s] -- Up-to-date: /home/sentry/Wolf-Moon/install/auto_aim_interfaces/include/auto_aim_interfaces/msg/state.h
[0.665s] -- Up-to-date: /home/sentry/Wolf-Moon/install/auto_aim_interfaces/include/auto_aim_interfaces/msg/point2f.h
[0.665s] -- Up-to-date: /home/sentry/Wolf-Moon/install/auto_aim_interfaces/include/auto_aim_interfaces/msg/armor.h
[0.665s] -- Up-to-date: /home/sentry/Wolf-Moon/install/auto_aim_interfaces/include/auto_aim_interfaces/msg/detail
[0.665s] -- Up-to-date: /home/sentry/Wolf-Moon/install/auto_aim_interfaces/include/auto_aim_interfaces/msg/detail/serial__functions.h
[0.665s] -- Up-to-date: /home/sentry/Wolf-Moon/install/auto_aim_interfaces/include/auto_aim_interfaces/msg/detail/uart__type_support.h
[0.665s] -- Up-to-date: /home/sentry/Wolf-Moon/install/auto_aim_interfaces/include/auto_aim_interfaces/msg/detail/serial__functions.c
[0.665s] -- Up-to-date: /home/sentry/Wolf-Moon/install/auto_aim_interfaces/include/auto_aim_interfaces/msg/detail/serial__type_support.h
[0.665s] -- Up-to-date: /home/sentry/Wolf-Moon/install/auto_aim_interfaces/include/auto_aim_interfaces/msg/detail/state__type_support.h
[0.666s] -- Up-to-date: /home/sentry/Wolf-Moon/install/auto_aim_interfaces/include/auto_aim_interfaces/msg/detail/armor__struct.h
[0.666s] -- Up-to-date: /home/sentry/Wolf-Moon/install/auto_aim_interfaces/include/auto_aim_interfaces/msg/detail/armor__functions.h
[0.666s] -- Up-to-date: /home/sentry/Wolf-Moon/install/auto_aim_interfaces/include/auto_aim_interfaces/msg/detail/gimbal__struct.h
[0.666s] -- Up-to-date: /home/sentry/Wolf-Moon/install/auto_aim_interfaces/include/auto_aim_interfaces/msg/detail/point2f__type_support.h
[0.666s] -- Up-to-date: /home/sentry/Wolf-Moon/install/auto_aim_interfaces/include/auto_aim_interfaces/msg/detail/armors__functions.c
[0.666s] -- Up-to-date: /home/sentry/Wolf-Moon/install/auto_aim_interfaces/include/auto_aim_interfaces/msg/detail/armors__type_support.h
[0.666s] -- Up-to-date: /home/sentry/Wolf-Moon/install/auto_aim_interfaces/include/auto_aim_interfaces/msg/detail/gimbal__type_support.h
[0.666s] -- Up-to-date: /home/sentry/Wolf-Moon/install/auto_aim_interfaces/include/auto_aim_interfaces/msg/detail/armors__struct.h
[0.666s] -- Up-to-date: /home/sentry/Wolf-Moon/install/auto_aim_interfaces/include/auto_aim_interfaces/msg/detail/point2f__functions.c
[0.667s] -- Up-to-date: /home/sentry/Wolf-Moon/install/auto_aim_interfaces/include/auto_aim_interfaces/msg/detail/gimbal__functions.h
[0.667s] -- Up-to-date: /home/sentry/Wolf-Moon/install/auto_aim_interfaces/include/auto_aim_interfaces/msg/detail/uart__functions.h
[0.667s] -- Up-to-date: /home/sentry/Wolf-Moon/install/auto_aim_interfaces/include/auto_aim_interfaces/msg/detail/uart__functions.c
[0.667s] -- Up-to-date: /home/sentry/Wolf-Moon/install/auto_aim_interfaces/include/auto_aim_interfaces/msg/detail/state__functions.c
[0.667s] -- Up-to-date: /home/sentry/Wolf-Moon/install/auto_aim_interfaces/include/auto_aim_interfaces/msg/detail/armors__functions.h
[0.667s] -- Up-to-date: /home/sentry/Wolf-Moon/install/auto_aim_interfaces/include/auto_aim_interfaces/msg/detail/armor__functions.c
[0.667s] -- Up-to-date: /home/sentry/Wolf-Moon/install/auto_aim_interfaces/include/auto_aim_interfaces/msg/detail/serial__struct.h
[0.667s] -- Up-to-date: /home/sentry/Wolf-Moon/install/auto_aim_interfaces/include/auto_aim_interfaces/msg/detail/point2f__functions.h
[0.667s] -- Up-to-date: /home/sentry/Wolf-Moon/install/auto_aim_interfaces/include/auto_aim_interfaces/msg/detail/gimbal__functions.c
[0.667s] -- Up-to-date: /home/sentry/Wolf-Moon/install/auto_aim_interfaces/include/auto_aim_interfaces/msg/detail/state__functions.h
[0.668s] -- Up-to-date: /home/sentry/Wolf-Moon/install/auto_aim_interfaces/include/auto_aim_interfaces/msg/detail/state__struct.h
[0.668s] -- Up-to-date: /home/sentry/Wolf-Moon/install/auto_aim_interfaces/include/auto_aim_interfaces/msg/detail/uart__struct.h
[0.668s] -- Up-to-date: /home/sentry/Wolf-Moon/install/auto_aim_interfaces/include/auto_aim_interfaces/msg/detail/armor__type_support.h
[0.668s] -- Up-to-date: /home/sentry/Wolf-Moon/install/auto_aim_interfaces/include/auto_aim_interfaces/msg/detail/point2f__struct.h
[0.668s] -- Up-to-date: /home/sentry/Wolf-Moon/install/auto_aim_interfaces/include/auto_aim_interfaces/msg/gimbal.h
[0.669s] -- Up-to-date: /home/sentry/Wolf-Moon/install/auto_aim_interfaces/include/auto_aim_interfaces/msg/armors.h
[0.669s] -- Up-to-date: /home/sentry/Wolf-Moon/install/auto_aim_interfaces/include/auto_aim_interfaces/msg/rosidl_generator_c__visibility_control.h
[0.669s] -- Up-to-date: /home/sentry/Wolf-Moon/install/auto_aim_interfaces/share/auto_aim_interfaces/environment/library_path.sh
[0.669s] -- Up-to-date: /home/sentry/Wolf-Moon/install/auto_aim_interfaces/share/auto_aim_interfaces/environment/library_path.dsv
[0.669s] -- Up-to-date: /home/sentry/Wolf-Moon/install/auto_aim_interfaces/lib/libauto_aim_interfaces__rosidl_generator_c.so
[0.669s] -- Up-to-date: /home/sentry/Wolf-Moon/install/auto_aim_interfaces/include/auto_aim_interfaces
[0.670s] -- Up-to-date: /home/sentry/Wolf-Moon/install/auto_aim_interfaces/include/auto_aim_interfaces/msg
[0.670s] -- Up-to-date: /home/sentry/Wolf-Moon/install/auto_aim_interfaces/include/auto_aim_interfaces/msg/detail
[0.670s] -- Up-to-date: /home/sentry/Wolf-Moon/install/auto_aim_interfaces/include/auto_aim_interfaces/msg/detail/armors__rosidl_typesupport_fastrtps_c.h
[0.670s] -- Up-to-date: /home/sentry/Wolf-Moon/install/auto_aim_interfaces/include/auto_aim_interfaces/msg/detail/serial__rosidl_typesupport_fastrtps_c.h
[0.670s] -- Up-to-date: /home/sentry/Wolf-Moon/install/auto_aim_interfaces/include/auto_aim_interfaces/msg/detail/armor__rosidl_typesupport_fastrtps_c.h
[0.671s] -- Up-to-date: /home/sentry/Wolf-Moon/install/auto_aim_interfaces/include/auto_aim_interfaces/msg/detail/gimbal__rosidl_typesupport_fastrtps_c.h
[0.671s] -- Up-to-date: /home/sentry/Wolf-Moon/install/auto_aim_interfaces/include/auto_aim_interfaces/msg/detail/uart__rosidl_typesupport_fastrtps_c.h
[0.671s] -- Up-to-date: /home/sentry/Wolf-Moon/install/auto_aim_interfaces/include/auto_aim_interfaces/msg/detail/point2f__rosidl_typesupport_fastrtps_c.h
[0.671s] -- Up-to-date: /home/sentry/Wolf-Moon/install/auto_aim_interfaces/include/auto_aim_interfaces/msg/detail/state__rosidl_typesupport_fastrtps_c.h
[0.671s] -- Up-to-date: /home/sentry/Wolf-Moon/install/auto_aim_interfaces/include/auto_aim_interfaces/msg/rosidl_typesupport_fastrtps_c__visibility_control.h
[0.671s] -- Up-to-date: /home/sentry/Wolf-Moon/install/auto_aim_interfaces/lib/libauto_aim_interfaces__rosidl_typesupport_fastrtps_c.so
[0.674s] -- Up-to-date: /home/sentry/Wolf-Moon/install/auto_aim_interfaces/include/auto_aim_interfaces
[0.674s] -- Up-to-date: /home/sentry/Wolf-Moon/install/auto_aim_interfaces/include/auto_aim_interfaces/msg
[0.674s] -- Up-to-date: /home/sentry/Wolf-Moon/install/auto_aim_interfaces/include/auto_aim_interfaces/msg/detail
[0.674s] -- Up-to-date: /home/sentry/Wolf-Moon/install/auto_aim_interfaces/include/auto_aim_interfaces/msg/detail/gimbal__rosidl_typesupport_fastrtps_cpp.hpp
[0.675s] -- Up-to-date: /home/sentry/Wolf-Moon/install/auto_aim_interfaces/include/auto_aim_interfaces/msg/detail/point2f__rosidl_typesupport_fastrtps_cpp.hpp
[0.675s] -- Up-to-date: /home/sentry/Wolf-Moon/install/auto_aim_interfaces/include/auto_aim_interfaces/msg/detail/uart__rosidl_typesupport_fastrtps_cpp.hpp
[0.675s] -- Up-to-date: /home/sentry/Wolf-Moon/install/auto_aim_interfaces/include/auto_aim_interfaces/msg/detail/armor__rosidl_typesupport_fastrtps_cpp.hpp
[0.675s] -- Up-to-date: /home/sentry/Wolf-Moon/install/auto_aim_interfaces/include/auto_aim_interfaces/msg/detail/armors__rosidl_typesupport_fastrtps_cpp.hpp
[0.675s] -- Up-to-date: /home/sentry/Wolf-Moon/install/auto_aim_interfaces/include/auto_aim_interfaces/msg/detail/serial__rosidl_typesupport_fastrtps_cpp.hpp
[0.675s] -- Up-to-date: /home/sentry/Wolf-Moon/install/auto_aim_interfaces/include/auto_aim_interfaces/msg/detail/dds_fastrtps
[0.675s] -- Up-to-date: /home/sentry/Wolf-Moon/install/auto_aim_interfaces/include/auto_aim_interfaces/msg/detail/state__rosidl_typesupport_fastrtps_cpp.hpp
[0.675s] -- Up-to-date: /home/sentry/Wolf-Moon/install/auto_aim_interfaces/include/auto_aim_interfaces/msg/rosidl_typesupport_fastrtps_cpp__visibility_control.h
[0.675s] -- Up-to-date: /home/sentry/Wolf-Moon/install/auto_aim_interfaces/lib/libauto_aim_interfaces__rosidl_typesupport_fastrtps_cpp.so
[0.675s] -- Up-to-date: /home/sentry/Wolf-Moon/install/auto_aim_interfaces/include/auto_aim_interfaces
[0.675s] -- Up-to-date: /home/sentry/Wolf-Moon/install/auto_aim_interfaces/include/auto_aim_interfaces/msg
[0.675s] -- Up-to-date: /home/sentry/Wolf-Moon/install/auto_aim_interfaces/include/auto_aim_interfaces/msg/rosidl_typesupport_introspection_c__visibility_control.h
[0.675s] -- Up-to-date: /home/sentry/Wolf-Moon/install/auto_aim_interfaces/include/auto_aim_interfaces/msg/detail
[0.675s] -- Up-to-date: /home/sentry/Wolf-Moon/install/auto_aim_interfaces/include/auto_aim_interfaces/msg/detail/gimbal__type_support.c
[0.675s] -- Up-to-date: /home/sentry/Wolf-Moon/install/auto_aim_interfaces/include/auto_aim_interfaces/msg/detail/uart__type_support.c
[0.675s] -- Up-to-date: /home/sentry/Wolf-Moon/install/auto_aim_interfaces/include/auto_aim_interfaces/msg/detail/serial__type_support.c
[0.675s] -- Up-to-date: /home/sentry/Wolf-Moon/install/auto_aim_interfaces/include/auto_aim_interfaces/msg/detail/state__rosidl_typesupport_introspection_c.h
[0.675s] -- Up-to-date: /home/sentry/Wolf-Moon/install/auto_aim_interfaces/include/auto_aim_interfaces/msg/detail/serial__rosidl_typesupport_introspection_c.h
[0.676s] -- Up-to-date: /home/sentry/Wolf-Moon/install/auto_aim_interfaces/include/auto_aim_interfaces/msg/detail/state__type_support.c
[0.676s] -- Up-to-date: /home/sentry/Wolf-Moon/install/auto_aim_interfaces/include/auto_aim_interfaces/msg/detail/gimbal__rosidl_typesupport_introspection_c.h
[0.676s] -- Up-to-date: /home/sentry/Wolf-Moon/install/auto_aim_interfaces/include/auto_aim_interfaces/msg/detail/point2f__rosidl_typesupport_introspection_c.h
[0.676s] -- Up-to-date: /home/sentry/Wolf-Moon/install/auto_aim_interfaces/include/auto_aim_interfaces/msg/detail/armors__rosidl_typesupport_introspection_c.h
[0.676s] -- Up-to-date: /home/sentry/Wolf-Moon/install/auto_aim_interfaces/include/auto_aim_interfaces/msg/detail/uart__rosidl_typesupport_introspection_c.h
[0.677s] -- Up-to-date: /home/sentry/Wolf-Moon/install/auto_aim_interfaces/include/auto_aim_interfaces/msg/detail/armor__type_support.c
[0.677s] -- Up-to-date: /home/sentry/Wolf-Moon/install/auto_aim_interfaces/include/auto_aim_interfaces/msg/detail/point2f__type_support.c
[0.677s] -- Up-to-date: /home/sentry/Wolf-Moon/install/auto_aim_interfaces/include/auto_aim_interfaces/msg/detail/armors__type_support.c
[0.678s] -- Up-to-date: /home/sentry/Wolf-Moon/install/auto_aim_interfaces/include/auto_aim_interfaces/msg/detail/armor__rosidl_typesupport_introspection_c.h
[0.678s] -- Up-to-date: /home/sentry/Wolf-Moon/install/auto_aim_interfaces/lib/libauto_aim_interfaces__rosidl_typesupport_introspection_c.so
[0.679s] -- Up-to-date: /home/sentry/Wolf-Moon/install/auto_aim_interfaces/lib/libauto_aim_interfaces__rosidl_typesupport_c.so
[0.679s] -- Up-to-date: /home/sentry/Wolf-Moon/install/auto_aim_interfaces/include/auto_aim_interfaces
[0.679s] -- Up-to-date: /home/sentry/Wolf-Moon/install/auto_aim_interfaces/include/auto_aim_interfaces/msg
[0.679s] -- Up-to-date: /home/sentry/Wolf-Moon/install/auto_aim_interfaces/include/auto_aim_interfaces/msg/gimbal.hpp
[0.680s] -- Up-to-date: /home/sentry/Wolf-Moon/install/auto_aim_interfaces/include/auto_aim_interfaces/msg/point2f.hpp
[0.680s] -- Up-to-date: /home/sentry/Wolf-Moon/install/auto_aim_interfaces/include/auto_aim_interfaces/msg/armors.hpp
[0.680s] -- Up-to-date: /home/sentry/Wolf-Moon/install/auto_aim_interfaces/include/auto_aim_interfaces/msg/serial.hpp
[0.680s] -- Up-to-date: /home/sentry/Wolf-Moon/install/auto_aim_interfaces/include/auto_aim_interfaces/msg/detail
[0.680s] -- Up-to-date: /home/sentry/Wolf-Moon/install/auto_aim_interfaces/include/auto_aim_interfaces/msg/detail/gimbal__struct.hpp
[0.681s] -- Up-to-date: /home/sentry/Wolf-Moon/install/auto_aim_interfaces/include/auto_aim_interfaces/msg/detail/serial__struct.hpp
[0.681s] -- Up-to-date: /home/sentry/Wolf-Moon/install/auto_aim_interfaces/include/auto_aim_interfaces/msg/detail/uart__traits.hpp
[0.681s] -- Up-to-date: /home/sentry/Wolf-Moon/install/auto_aim_interfaces/include/auto_aim_interfaces/msg/detail/state__struct.hpp
[0.681s] -- Up-to-date: /home/sentry/Wolf-Moon/install/auto_aim_interfaces/include/auto_aim_interfaces/msg/detail/armors__builder.hpp
[0.681s] -- Up-to-date: /home/sentry/Wolf-Moon/install/auto_aim_interfaces/include/auto_aim_interfaces/msg/detail/armors__traits.hpp
[0.681s] -- Up-to-date: /home/sentry/Wolf-Moon/install/auto_aim_interfaces/include/auto_aim_interfaces/msg/detail/serial__traits.hpp
[0.681s] -- Up-to-date: /home/sentry/Wolf-Moon/install/auto_aim_interfaces/include/auto_aim_interfaces/msg/detail/point2f__struct.hpp
[0.682s] -- Up-to-date: /home/sentry/Wolf-Moon/install/auto_aim_interfaces/include/auto_aim_interfaces/msg/detail/armor__struct.hpp
[0.682s] -- Up-to-date: /home/sentry/Wolf-Moon/install/auto_aim_interfaces/include/auto_aim_interfaces/msg/detail/point2f__traits.hpp
[0.682s] -- Up-to-date: /home/sentry/Wolf-Moon/install/auto_aim_interfaces/include/auto_aim_interfaces/msg/detail/gimbal__builder.hpp
[0.682s] -- Up-to-date: /home/sentry/Wolf-Moon/install/auto_aim_interfaces/include/auto_aim_interfaces/msg/detail/armor__builder.hpp
[0.682s] -- Up-to-date: /home/sentry/Wolf-Moon/install/auto_aim_interfaces/include/auto_aim_interfaces/msg/detail/gimbal__traits.hpp
[0.682s] -- Up-to-date: /home/sentry/Wolf-Moon/install/auto_aim_interfaces/include/auto_aim_interfaces/msg/detail/state__traits.hpp
[0.682s] -- Up-to-date: /home/sentry/Wolf-Moon/install/auto_aim_interfaces/include/auto_aim_interfaces/msg/detail/uart__builder.hpp
[0.682s] -- Up-to-date: /home/sentry/Wolf-Moon/install/auto_aim_interfaces/include/auto_aim_interfaces/msg/detail/armors__struct.hpp
[0.683s] -- Up-to-date: /home/sentry/Wolf-Moon/install/auto_aim_interfaces/include/auto_aim_interfaces/msg/detail/uart__struct.hpp
[0.683s] -- Up-to-date: /home/sentry/Wolf-Moon/install/auto_aim_interfaces/include/auto_aim_interfaces/msg/detail/point2f__builder.hpp
[0.683s] -- Up-to-date: /home/sentry/Wolf-Moon/install/auto_aim_interfaces/include/auto_aim_interfaces/msg/detail/state__builder.hpp
[0.683s] -- Up-to-date: /home/sentry/Wolf-Moon/install/auto_aim_interfaces/include/auto_aim_interfaces/msg/detail/armor__traits.hpp
[0.683s] -- Up-to-date: /home/sentry/Wolf-Moon/install/auto_aim_interfaces/include/auto_aim_interfaces/msg/detail/serial__builder.hpp
[0.683s] -- Up-to-date: /home/sentry/Wolf-Moon/install/auto_aim_interfaces/include/auto_aim_interfaces/msg/state.hpp
[0.683s] -- Up-to-date: /home/sentry/Wolf-Moon/install/auto_aim_interfaces/include/auto_aim_interfaces/msg/uart.hpp
[0.683s] -- Up-to-date: /home/sentry/Wolf-Moon/install/auto_aim_interfaces/include/auto_aim_interfaces/msg/armor.hpp
[0.684s] -- Up-to-date: /home/sentry/Wolf-Moon/install/auto_aim_interfaces/include/auto_aim_interfaces
[0.684s] -- Up-to-date: /home/sentry/Wolf-Moon/install/auto_aim_interfaces/include/auto_aim_interfaces/msg
[0.684s] -- Up-to-date: /home/sentry/Wolf-Moon/install/auto_aim_interfaces/include/auto_aim_interfaces/msg/detail
[0.684s] -- Up-to-date: /home/sentry/Wolf-Moon/install/auto_aim_interfaces/include/auto_aim_interfaces/msg/detail/gimbal__rosidl_typesupport_introspection_cpp.hpp
[0.684s] -- Up-to-date: /home/sentry/Wolf-Moon/install/auto_aim_interfaces/include/auto_aim_interfaces/msg/detail/armor__rosidl_typesupport_introspection_cpp.hpp
[0.684s] -- Up-to-date: /home/sentry/Wolf-Moon/install/auto_aim_interfaces/include/auto_aim_interfaces/msg/detail/point2f__rosidl_typesupport_introspection_cpp.hpp
[0.684s] -- Up-to-date: /home/sentry/Wolf-Moon/install/auto_aim_interfaces/include/auto_aim_interfaces/msg/detail/serial__rosidl_typesupport_introspection_cpp.hpp
[0.684s] -- Up-to-date: /home/sentry/Wolf-Moon/install/auto_aim_interfaces/include/auto_aim_interfaces/msg/detail/gimbal__type_support.cpp
[0.686s] -- Up-to-date: /home/sentry/Wolf-Moon/install/auto_aim_interfaces/include/auto_aim_interfaces/msg/detail/armor__type_support.cpp
[0.686s] -- Up-to-date: /home/sentry/Wolf-Moon/install/auto_aim_interfaces/include/auto_aim_interfaces/msg/detail/point2f__type_support.cpp
[0.686s] -- Up-to-date: /home/sentry/Wolf-Moon/install/auto_aim_interfaces/include/auto_aim_interfaces/msg/detail/armors__rosidl_typesupport_introspection_cpp.hpp
[0.686s] -- Up-to-date: /home/sentry/Wolf-Moon/install/auto_aim_interfaces/include/auto_aim_interfaces/msg/detail/uart__rosidl_typesupport_introspection_cpp.hpp
[0.687s] -- Up-to-date: /home/sentry/Wolf-Moon/install/auto_aim_interfaces/include/auto_aim_interfaces/msg/detail/state__type_support.cpp
[0.687s] -- Up-to-date: /home/sentry/Wolf-Moon/install/auto_aim_interfaces/include/auto_aim_interfaces/msg/detail/uart__type_support.cpp
[0.687s] -- Up-to-date: /home/sentry/Wolf-Moon/install/auto_aim_interfaces/include/auto_aim_interfaces/msg/detail/armors__type_support.cpp
[0.687s] -- Up-to-date: /home/sentry/Wolf-Moon/install/auto_aim_interfaces/include/auto_aim_interfaces/msg/detail/state__rosidl_typesupport_introspection_cpp.hpp
[0.687s] -- Up-to-date: /home/sentry/Wolf-Moon/install/auto_aim_interfaces/include/auto_aim_interfaces/msg/detail/serial__type_support.cpp
[0.687s] -- Up-to-date: /home/sentry/Wolf-Moon/install/auto_aim_interfaces/lib/libauto_aim_interfaces__rosidl_typesupport_introspection_cpp.so
[0.687s] -- Up-to-date: /home/sentry/Wolf-Moon/install/auto_aim_interfaces/lib/libauto_aim_interfaces__rosidl_typesupport_cpp.so
[0.687s] -- Up-to-date: /home/sentry/Wolf-Moon/install/auto_aim_interfaces/share/auto_aim_interfaces/environment/pythonpath.sh
[0.687s] -- Up-to-date: /home/sentry/Wolf-Moon/install/auto_aim_interfaces/share/auto_aim_interfaces/environment/pythonpath.dsv
[0.687s] -- Up-to-date: /home/sentry/Wolf-Moon/install/auto_aim_interfaces/lib/python3.8/site-packages/auto_aim_interfaces/__init__.py
[0.691s] -- Up-to-date: /home/sentry/Wolf-Moon/install/auto_aim_interfaces/lib/python3.8/site-packages/auto_aim_interfaces/msg
[0.691s] -- Up-to-date: /home/sentry/Wolf-Moon/install/auto_aim_interfaces/lib/python3.8/site-packages/auto_aim_interfaces/msg/_gimbal.py
[0.691s] -- Up-to-date: /home/sentry/Wolf-Moon/install/auto_aim_interfaces/lib/python3.8/site-packages/auto_aim_interfaces/msg/_state_s.c
[0.691s] -- Up-to-date: /home/sentry/Wolf-Moon/install/auto_aim_interfaces/lib/python3.8/site-packages/auto_aim_interfaces/msg/_armors.py
[0.691s] -- Up-to-date: /home/sentry/Wolf-Moon/install/auto_aim_interfaces/lib/python3.8/site-packages/auto_aim_interfaces/msg/__init__.py
[0.692s] -- Up-to-date: /home/sentry/Wolf-Moon/install/auto_aim_interfaces/lib/python3.8/site-packages/auto_aim_interfaces/msg/_state.py
[0.692s] -- Up-to-date: /home/sentry/Wolf-Moon/install/auto_aim_interfaces/lib/python3.8/site-packages/auto_aim_interfaces/msg/_serial.py
[0.692s] -- Up-to-date: /home/sentry/Wolf-Moon/install/auto_aim_interfaces/lib/python3.8/site-packages/auto_aim_interfaces/msg/_point2f.py
[0.692s] -- Up-to-date: /home/sentry/Wolf-Moon/install/auto_aim_interfaces/lib/python3.8/site-packages/auto_aim_interfaces/msg/_gimbal_s.c
[0.692s] -- Up-to-date: /home/sentry/Wolf-Moon/install/auto_aim_interfaces/lib/python3.8/site-packages/auto_aim_interfaces/msg/_armor.py
[0.693s] -- Up-to-date: /home/sentry/Wolf-Moon/install/auto_aim_interfaces/lib/python3.8/site-packages/auto_aim_interfaces/msg/_armors_s.c
[0.693s] -- Up-to-date: /home/sentry/Wolf-Moon/install/auto_aim_interfaces/lib/python3.8/site-packages/auto_aim_interfaces/msg/_serial_s.c
[0.693s] -- Up-to-date: /home/sentry/Wolf-Moon/install/auto_aim_interfaces/lib/python3.8/site-packages/auto_aim_interfaces/msg/_point2f_s.c
[0.693s] -- Up-to-date: /home/sentry/Wolf-Moon/install/auto_aim_interfaces/lib/python3.8/site-packages/auto_aim_interfaces/msg/_armor_s.c
[0.693s] -- Up-to-date: /home/sentry/Wolf-Moon/install/auto_aim_interfaces/lib/python3.8/site-packages/auto_aim_interfaces/msg/_uart_s.c
[0.693s] -- Up-to-date: /home/sentry/Wolf-Moon/install/auto_aim_interfaces/lib/python3.8/site-packages/auto_aim_interfaces/msg/_uart.py
[0.693s] -- Up-to-date: /home/sentry/Wolf-Moon/install/auto_aim_interfaces/lib/python3.8/site-packages/auto_aim_interfaces/auto_aim_interfaces_s__rosidl_typesupport_fastrtps_c.cpython-38-x86_64-linux-gnu.so
[0.693s] -- Up-to-date: /home/sentry/Wolf-Moon/install/auto_aim_interfaces/lib/python3.8/site-packages/auto_aim_interfaces/auto_aim_interfaces_s__rosidl_typesupport_introspection_c.cpython-38-x86_64-linux-gnu.so
[0.694s] -- Up-to-date: /home/sentry/Wolf-Moon/install/auto_aim_interfaces/lib/python3.8/site-packages/auto_aim_interfaces/auto_aim_interfaces_s__rosidl_typesupport_c.cpython-38-x86_64-linux-gnu.so
[0.694s] -- Up-to-date: /home/sentry/Wolf-Moon/install/auto_aim_interfaces/lib/libauto_aim_interfaces__python.so
[0.694s] -- Up-to-date: /home/sentry/Wolf-Moon/install/auto_aim_interfaces/share/auto_aim_interfaces/msg/Armor.idl
[0.694s] -- Up-to-date: /home/sentry/Wolf-Moon/install/auto_aim_interfaces/share/auto_aim_interfaces/msg/Armors.idl
[0.694s] -- Up-to-date: /home/sentry/Wolf-Moon/install/auto_aim_interfaces/share/auto_aim_interfaces/msg/Gimbal.idl
[0.694s] -- Up-to-date: /home/sentry/Wolf-Moon/install/auto_aim_interfaces/share/auto_aim_interfaces/msg/Serial.idl
[0.694s] -- Up-to-date: /home/sentry/Wolf-Moon/install/auto_aim_interfaces/share/auto_aim_interfaces/msg/Point2f.idl
[0.694s] -- Up-to-date: /home/sentry/Wolf-Moon/install/auto_aim_interfaces/share/auto_aim_interfaces/msg/State.idl
[0.694s] -- Up-to-date: /home/sentry/Wolf-Moon/install/auto_aim_interfaces/share/auto_aim_interfaces/msg/Uart.idl
[0.695s] -- Up-to-date: /home/sentry/Wolf-Moon/install/auto_aim_interfaces/share/auto_aim_interfaces/msg/Armor.msg
[0.695s] -- Up-to-date: /home/sentry/Wolf-Moon/install/auto_aim_interfaces/share/auto_aim_interfaces/msg/Armors.msg
[0.695s] -- Up-to-date: /home/sentry/Wolf-Moon/install/auto_aim_interfaces/share/auto_aim_interfaces/msg/Gimbal.msg
[0.695s] -- Up-to-date: /home/sentry/Wolf-Moon/install/auto_aim_interfaces/share/auto_aim_interfaces/msg/Serial.msg
[0.695s] -- Up-to-date: /home/sentry/Wolf-Moon/install/auto_aim_interfaces/share/auto_aim_interfaces/msg/Point2f.msg
[0.696s] -- Up-to-date: /home/sentry/Wolf-Moon/install/auto_aim_interfaces/share/auto_aim_interfaces/msg/State.msg
[0.696s] -- Up-to-date: /home/sentry/Wolf-Moon/install/auto_aim_interfaces/share/auto_aim_interfaces/msg/Uart.msg
[0.696s] -- Up-to-date: /home/sentry/Wolf-Moon/install/auto_aim_interfaces/share/ament_index/resource_index/package_run_dependencies/auto_aim_interfaces
[0.696s] -- Up-to-date: /home/sentry/Wolf-Moon/install/auto_aim_interfaces/share/ament_index/resource_index/parent_prefix_path/auto_aim_interfaces
[0.697s] -- Up-to-date: /home/sentry/Wolf-Moon/install/auto_aim_interfaces/share/auto_aim_interfaces/environment/ament_prefix_path.sh
[0.697s] -- Up-to-date: /home/sentry/Wolf-Moon/install/auto_aim_interfaces/share/auto_aim_interfaces/environment/ament_prefix_path.dsv
[0.697s] -- Up-to-date: /home/sentry/Wolf-Moon/install/auto_aim_interfaces/share/auto_aim_interfaces/environment/path.sh
[0.697s] -- Up-to-date: /home/sentry/Wolf-Moon/install/auto_aim_interfaces/share/auto_aim_interfaces/environment/path.dsv
[0.697s] -- Up-to-date: /home/sentry/Wolf-Moon/install/auto_aim_interfaces/share/auto_aim_interfaces/local_setup.bash
[0.697s] -- Up-to-date: /home/sentry/Wolf-Moon/install/auto_aim_interfaces/share/auto_aim_interfaces/local_setup.sh
[0.698s] -- Up-to-date: /home/sentry/Wolf-Moon/install/auto_aim_interfaces/share/auto_aim_interfaces/local_setup.zsh
[0.698s] -- Up-to-date: /home/sentry/Wolf-Moon/install/auto_aim_interfaces/share/auto_aim_interfaces/local_setup.dsv
[0.698s] -- Installing: /home/sentry/Wolf-Moon/install/auto_aim_interfaces/share/auto_aim_interfaces/package.dsv
[0.698s] -- Up-to-date: /home/sentry/Wolf-Moon/install/auto_aim_interfaces/share/ament_index/resource_index/packages/auto_aim_interfaces
[0.698s] -- Up-to-date: /home/sentry/Wolf-Moon/install/auto_aim_interfaces/share/auto_aim_interfaces/cmake/auto_aim_interfaces__rosidl_generator_cExport.cmake
[0.699s] -- Up-to-date: /home/sentry/Wolf-Moon/install/auto_aim_interfaces/share/auto_aim_interfaces/cmake/auto_aim_interfaces__rosidl_generator_cExport-noconfig.cmake
[0.699s] -- Up-to-date: /home/sentry/Wolf-Moon/install/auto_aim_interfaces/share/auto_aim_interfaces/cmake/auto_aim_interfaces__rosidl_typesupport_introspection_cExport.cmake
[0.699s] -- Up-to-date: /home/sentry/Wolf-Moon/install/auto_aim_interfaces/share/auto_aim_interfaces/cmake/auto_aim_interfaces__rosidl_typesupport_introspection_cExport-noconfig.cmake
[0.699s] -- Up-to-date: /home/sentry/Wolf-Moon/install/auto_aim_interfaces/share/auto_aim_interfaces/cmake/auto_aim_interfaces__rosidl_typesupport_cExport.cmake
[0.699s] -- Up-to-date: /home/sentry/Wolf-Moon/install/auto_aim_interfaces/share/auto_aim_interfaces/cmake/auto_aim_interfaces__rosidl_typesupport_cExport-noconfig.cmake
[0.699s] -- Up-to-date: /home/sentry/Wolf-Moon/install/auto_aim_interfaces/share/auto_aim_interfaces/cmake/auto_aim_interfaces__rosidl_generator_cppExport.cmake
[0.699s] -- Up-to-date: /home/sentry/Wolf-Moon/install/auto_aim_interfaces/share/auto_aim_interfaces/cmake/auto_aim_interfaces__rosidl_typesupport_introspection_cppExport.cmake
[0.699s] -- Up-to-date: /home/sentry/Wolf-Moon/install/auto_aim_interfaces/share/auto_aim_interfaces/cmake/auto_aim_interfaces__rosidl_typesupport_introspection_cppExport-noconfig.cmake
[0.700s] -- Up-to-date: /home/sentry/Wolf-Moon/install/auto_aim_interfaces/share/auto_aim_interfaces/cmake/auto_aim_interfaces__rosidl_typesupport_cppExport.cmake
[0.700s] -- Up-to-date: /home/sentry/Wolf-Moon/install/auto_aim_interfaces/share/auto_aim_interfaces/cmake/auto_aim_interfaces__rosidl_typesupport_cppExport-noconfig.cmake
[0.700s] -- Up-to-date: /home/sentry/Wolf-Moon/install/auto_aim_interfaces/share/auto_aim_interfaces/cmake/rosidl_cmake-extras.cmake
[0.700s] -- Up-to-date: /home/sentry/Wolf-Moon/install/auto_aim_interfaces/share/auto_aim_interfaces/cmake/ament_cmake_export_dependencies-extras.cmake
[0.701s] -- Up-to-date: /home/sentry/Wolf-Moon/install/auto_aim_interfaces/share/auto_aim_interfaces/cmake/ament_cmake_export_libraries-extras.cmake
[0.701s] -- Up-to-date: /home/sentry/Wolf-Moon/install/auto_aim_interfaces/share/auto_aim_interfaces/cmake/ament_cmake_export_targets-extras.cmake
[0.701s] -- Up-to-date: /home/sentry/Wolf-Moon/install/auto_aim_interfaces/share/auto_aim_interfaces/cmake/ament_cmake_export_include_directories-extras.cmake
[0.701s] -- Up-to-date: /home/sentry/Wolf-Moon/install/auto_aim_interfaces/share/auto_aim_interfaces/cmake/rosidl_cmake_export_typesupport_libraries-extras.cmake
[0.702s] -- Up-to-date: /home/sentry/Wolf-Moon/install/auto_aim_interfaces/share/auto_aim_interfaces/cmake/rosidl_cmake_export_typesupport_targets-extras.cmake
[0.702s] -- Up-to-date: /home/sentry/Wolf-Moon/install/auto_aim_interfaces/share/auto_aim_interfaces/cmake/auto_aim_interfacesConfig.cmake
[0.702s] -- Up-to-date: /home/sentry/Wolf-Moon/install/auto_aim_interfaces/share/auto_aim_interfaces/cmake/auto_aim_interfacesConfig-version.cmake
[0.702s] -- Up-to-date: /home/sentry/Wolf-Moon/install/auto_aim_interfaces/share/auto_aim_interfaces/package.xml
[0.723s] Invoked command in '/home/sentry/Wolf-Moon/build/auto_aim_interfaces' returned '0': CMAKE_PREFIX_PATH=/opt/ros/galactic /usr/bin/cmake --install /home/sentry/Wolf-Moon/build/auto_aim_interfaces
