[0.053s] Invoking command in '/home/sentry/Wolf-Moon/build/grid_map_demos': AMENT_PREFIX_PATH=/home/sentry/Wolf-Moon/install/grid_map_visualization:/home/sentry/Wolf-Moon/install/grid_map_rviz_plugin:/home/sentry/Wolf-Moon/install/grid_map_loader:/home/sentry/Wolf-Moon/install/grid_map_filters:/home/sentry/Wolf-Moon/install/grid_map_ros:/home/sentry/Wolf-Moon/install/grid_map_octomap:/home/sentry/Wolf-Moon/install/grid_map_cv:/home/sentry/Wolf-Moon/install/nav2_msgs:/home/sentry/Wolf-Moon/install/grid_map_msgs:/home/sentry/Wolf-Moon/install/grid_map_core:/home/sentry/Wolf-Moon/install/nav2_common:/home/sentry/Wolf-Moon/install/grid_map_cmake_helpers:/home/sentry/Wolf-Moon/install/cv_bridge:${AMENT_PREFIX_PATH} CMAKE_PREFIX_PATH=/home/sentry/Wolf-Moon/install/grid_map_visualization:/home/sentry/Wolf-Moon/install/grid_map_rviz_plugin:/home/sentry/Wolf-Moon/install/grid_map_loader:/home/sentry/Wolf-Moon/install/grid_map_filters:/home/sentry/Wolf-Moon/install/grid_map_ros:/home/sentry/Wolf-Moon/install/grid_map_octomap:/home/sentry/Wolf-Moon/install/grid_map_cv:/home/sentry/Wolf-Moon/install/nav2_msgs:/home/sentry/Wolf-Moon/install/grid_map_msgs:/home/sentry/Wolf-Moon/install/grid_map_core:/home/sentry/Wolf-Moon/install/nav2_common:/home/sentry/Wolf-Moon/install/grid_map_cmake_helpers:/home/sentry/Wolf-Moon/install/cv_bridge:/opt/ros/galactic LD_LIBRARY_PATH=/home/sentry/Wolf-Moon/install/grid_map_visualization/lib:/home/sentry/Wolf-Moon/install/grid_map_rviz_plugin/lib:/home/sentry/Wolf-Moon/install/grid_map_loader/lib:/home/sentry/Wolf-Moon/install/grid_map_filters/lib:/home/sentry/Wolf-Moon/install/grid_map_ros/lib:/home/sentry/Wolf-Moon/install/grid_map_octomap/lib:/home/sentry/Wolf-Moon/install/grid_map_cv/lib:/home/sentry/Wolf-Moon/install/nav2_msgs/lib:/home/sentry/Wolf-Moon/install/grid_map_msgs/lib:/home/sentry/Wolf-Moon/install/grid_map_core/lib:/home/sentry/Wolf-Moon/install/cv_bridge/lib:/opt/MVS/lib/64:/opt/MVS/lib/32:/home/sentry/TUP2024-Sentry-Framework/src/IG_LIO_SLAM/ThirdParty/octomap-Dynamic_point_cloud_removal/lib:/opt/intel/openvino_2022/tools/compile_tool:/opt/intel/openvino_2022/runtime/3rdparty/hddl/lib:/opt/intel/openvino_2022/runtime/lib/intel64:/opt/MVS/lib/64:/opt/MVS/lib/32:/usr/lib/x86_64-linux-gnu/gazebo-11/plugins:/opt/ros/galactic/opt/yaml_cpp_vendor/lib:/opt/ros/galactic/opt/rviz_ogre_vendor/lib:/opt/ros/galactic/lib/x86_64-linux-gnu:/opt/ros/galactic/lib:/home/sentry/TUP2024-Sentry-Framework/src/IG_LIO_SLAM/ThirdParty/octomap-Dynamic_point_cloud_removal/lib:/opt/intel/openvino_2022/tools/compile_tool:/opt/intel/openvino_2022/runtime/3rdparty/hddl/lib:/opt/intel/openvino_2022/runtime/lib/intel64:/opt/MVS/lib/64:/opt/MVS/lib/32:/opt/MVS/lib/64:/opt/MVS/lib/32:/usr/local/opencv4/lib:/usr/local/opencv4/lib PYTHONPATH=/home/sentry/Wolf-Moon/install/nav2_msgs/lib/python3.8/site-packages:/home/sentry/Wolf-Moon/install/grid_map_msgs/lib/python3.8/site-packages:/home/sentry/Wolf-Moon/install/nav2_common/lib/python3.8/site-packages:/home/sentry/Wolf-Moon/install/cv_bridge/lib/python3.8/site-packages:/opt/intel/openvino_2022/python/python3.8:/opt/intel/openvino_2022/python/python3:/opt/ros/galactic/lib/python3.8/site-packages:/opt/intel/openvino_2022/python/python3.8:/opt/intel/openvino_2022/python/python3 /usr/bin/cmake --build /home/sentry/Wolf-Moon/build/grid_map_demos -- -j12 -l12
[0.110s] [35m[1mScanning dependencies of target interpolation_demo[0m
[0.113s] [35m[1mScanning dependencies of target opencv_demo[0m
[0.114s] [35m[1mScanning dependencies of target simple_demo[0m
[0.114s] [35m[1mScanning dependencies of target iterator_benchmark[0m
[0.114s] [35m[1mScanning dependencies of target normal_filter_comparison_demo[0m
[0.114s] [35m[1mScanning dependencies of target iterators_demo[0m
[0.114s] [35m[1mScanning dependencies of target tutorial_demo[0m
[0.114s] [35m[1mScanning dependencies of target octomap_to_gridmap_demo[0m
[0.115s] [35m[1mScanning dependencies of target move_demo[0m
[0.120s] [35m[1mScanning dependencies of target resolution_change_demo[0m
[0.129s] [35m[1mScanning dependencies of target image_to_gridmap_demo[0m
[0.150s] [35m[1mScanning dependencies of target filters_demo_lib[0m
[0.190s] [  3%] [32mBuilding CXX object CMakeFiles/iterator_benchmark.dir/src/iterator_benchmark.cpp.o[0m
[0.214s] [  6%] [32mBuilding CXX object CMakeFiles/opencv_demo.dir/src/opencv_demo_node.cpp.o[0m
[0.234s] [ 10%] [32mBuilding CXX object CMakeFiles/tutorial_demo.dir/src/tutorial_demo_node.cpp.o[0m
[0.268s] [ 13%] [32mBuilding CXX object CMakeFiles/simple_demo.dir/src/simple_demo_node.cpp.o[0m
[0.270s] [ 16%] [32mBuilding CXX object CMakeFiles/interpolation_demo.dir/src/interpolation_demo_node.cpp.o[0m
[0.289s] [ 20%] [32mBuilding CXX object CMakeFiles/move_demo.dir/src/move_demo_node.cpp.o[0m
[0.313s] [ 23%] [32mBuilding CXX object CMakeFiles/resolution_change_demo.dir/src/resolution_change_demo_node.cpp.o[0m
[0.344s] [ 26%] [32mBuilding CXX object CMakeFiles/normal_filter_comparison_demo.dir/src/normal_filter_comparison_node.cpp.o[0m
[0.352s] [ 30%] [32mBuilding CXX object CMakeFiles/octomap_to_gridmap_demo.dir/src/octomap_to_gridmap_demo_node.cpp.o[0m
[0.366s] [ 33%] [32mBuilding CXX object CMakeFiles/image_to_gridmap_demo.dir/src/image_to_gridmap_demo_node.cpp.o[0m
[0.369s] [ 36%] [32mBuilding CXX object CMakeFiles/filters_demo_lib.dir/src/FiltersDemo.cpp.o[0m
[0.386s] [ 40%] [32mBuilding CXX object CMakeFiles/iterators_demo.dir/src/iterators_demo_node.cpp.o[0m
[10.782s] [ 43%] [32m[1mLinking CXX executable iterator_benchmark[0m
[11.120s] [ 43%] Built target iterator_benchmark
[11.173s] [ 46%] [32mBuilding CXX object CMakeFiles/iterators_demo.dir/src/IteratorsDemo.cpp.o[0m
[42.283s] [ 50%] [32mBuilding CXX object CMakeFiles/image_to_gridmap_demo.dir/src/ImageToGridmapDemo.cpp.o[0m
[42.691s] [ 53%] [32mBuilding CXX object CMakeFiles/interpolation_demo.dir/src/InterpolationDemo.cpp.o[0m
[42.944s] [ 56%] [32mBuilding CXX object CMakeFiles/octomap_to_gridmap_demo.dir/src/OctomapToGridmapDemo.cpp.o[0m
[60.900s] [ 60%] [32m[1mLinking CXX executable resolution_change_demo[0m
[61.335s] [ 60%] Built target resolution_change_demo
[67.627s] [ 63%] [32m[1mLinking CXX executable simple_demo[0m
[68.052s] [ 63%] Built target simple_demo
[68.617s] [ 66%] [32m[1mLinking CXX executable tutorial_demo[0m
[68.974s] [ 66%] Built target tutorial_demo
[69.224s] [ 70%] [32m[1mLinking CXX executable move_demo[0m
[69.360s] [ 73%] [32m[1mLinking CXX executable opencv_demo[0m
[69.584s] [ 73%] Built target move_demo
[70.052s] [ 73%] Built target opencv_demo
[79.854s] [ 76%] [32m[1mLinking CXX executable iterators_demo[0m
[80.206s] [ 76%] Built target iterators_demo
[99.797s] [ 80%] [32m[1mLinking CXX executable interpolation_demo[0m
[100.197s] [ 80%] Built target interpolation_demo
[102.473s] [ 83%] [32m[1mLinking CXX executable normal_filter_comparison_demo[0m
[102.803s] [ 83%] Built target normal_filter_comparison_demo
[106.505s] [ 86%] [32m[1mLinking CXX executable octomap_to_gridmap_demo[0m
[106.833s] [ 86%] Built target octomap_to_gridmap_demo
[117.414s] [ 90%] [32m[1mLinking CXX shared library libfilters_demo_lib.so[0m
[117.588s] [ 90%] Built target filters_demo_lib
[121.720s] [ 93%] [32m[1mLinking CXX executable image_to_gridmap_demo[0m
[122.030s] [ 93%] Built target image_to_gridmap_demo
[122.045s] [35m[1mScanning dependencies of target filters_demo[0m
[122.157s] [ 96%] [32mBuilding CXX object CMakeFiles/filters_demo.dir/src/filters_demo_node.cpp.o[0m
[147.064s] [100%] [32m[1mLinking CXX executable filters_demo[0m
[147.271s] [100%] Built target filters_demo
[147.289s] Invoked command in '/home/sentry/Wolf-Moon/build/grid_map_demos' returned '0': AMENT_PREFIX_PATH=/home/sentry/Wolf-Moon/install/grid_map_visualization:/home/sentry/Wolf-Moon/install/grid_map_rviz_plugin:/home/sentry/Wolf-Moon/install/grid_map_loader:/home/sentry/Wolf-Moon/install/grid_map_filters:/home/sentry/Wolf-Moon/install/grid_map_ros:/home/sentry/Wolf-Moon/install/grid_map_octomap:/home/sentry/Wolf-Moon/install/grid_map_cv:/home/sentry/Wolf-Moon/install/nav2_msgs:/home/sentry/Wolf-Moon/install/grid_map_msgs:/home/sentry/Wolf-Moon/install/grid_map_core:/home/sentry/Wolf-Moon/install/nav2_common:/home/sentry/Wolf-Moon/install/grid_map_cmake_helpers:/home/sentry/Wolf-Moon/install/cv_bridge:${AMENT_PREFIX_PATH} CMAKE_PREFIX_PATH=/home/sentry/Wolf-Moon/install/grid_map_visualization:/home/sentry/Wolf-Moon/install/grid_map_rviz_plugin:/home/sentry/Wolf-Moon/install/grid_map_loader:/home/sentry/Wolf-Moon/install/grid_map_filters:/home/sentry/Wolf-Moon/install/grid_map_ros:/home/sentry/Wolf-Moon/install/grid_map_octomap:/home/sentry/Wolf-Moon/install/grid_map_cv:/home/sentry/Wolf-Moon/install/nav2_msgs:/home/sentry/Wolf-Moon/install/grid_map_msgs:/home/sentry/Wolf-Moon/install/grid_map_core:/home/sentry/Wolf-Moon/install/nav2_common:/home/sentry/Wolf-Moon/install/grid_map_cmake_helpers:/home/sentry/Wolf-Moon/install/cv_bridge:/opt/ros/galactic LD_LIBRARY_PATH=/home/sentry/Wolf-Moon/install/grid_map_visualization/lib:/home/sentry/Wolf-Moon/install/grid_map_rviz_plugin/lib:/home/sentry/Wolf-Moon/install/grid_map_loader/lib:/home/sentry/Wolf-Moon/install/grid_map_filters/lib:/home/sentry/Wolf-Moon/install/grid_map_ros/lib:/home/sentry/Wolf-Moon/install/grid_map_octomap/lib:/home/sentry/Wolf-Moon/install/grid_map_cv/lib:/home/sentry/Wolf-Moon/install/nav2_msgs/lib:/home/sentry/Wolf-Moon/install/grid_map_msgs/lib:/home/sentry/Wolf-Moon/install/grid_map_core/lib:/home/sentry/Wolf-Moon/install/cv_bridge/lib:/opt/MVS/lib/64:/opt/MVS/lib/32:/home/sentry/TUP2024-Sentry-Framework/src/IG_LIO_SLAM/ThirdParty/octomap-Dynamic_point_cloud_removal/lib:/opt/intel/openvino_2022/tools/compile_tool:/opt/intel/openvino_2022/runtime/3rdparty/hddl/lib:/opt/intel/openvino_2022/runtime/lib/intel64:/opt/MVS/lib/64:/opt/MVS/lib/32:/usr/lib/x86_64-linux-gnu/gazebo-11/plugins:/opt/ros/galactic/opt/yaml_cpp_vendor/lib:/opt/ros/galactic/opt/rviz_ogre_vendor/lib:/opt/ros/galactic/lib/x86_64-linux-gnu:/opt/ros/galactic/lib:/home/sentry/TUP2024-Sentry-Framework/src/IG_LIO_SLAM/ThirdParty/octomap-Dynamic_point_cloud_removal/lib:/opt/intel/openvino_2022/tools/compile_tool:/opt/intel/openvino_2022/runtime/3rdparty/hddl/lib:/opt/intel/openvino_2022/runtime/lib/intel64:/opt/MVS/lib/64:/opt/MVS/lib/32:/opt/MVS/lib/64:/opt/MVS/lib/32:/usr/local/opencv4/lib:/usr/local/opencv4/lib PYTHONPATH=/home/sentry/Wolf-Moon/install/nav2_msgs/lib/python3.8/site-packages:/home/sentry/Wolf-Moon/install/grid_map_msgs/lib/python3.8/site-packages:/home/sentry/Wolf-Moon/install/nav2_common/lib/python3.8/site-packages:/home/sentry/Wolf-Moon/install/cv_bridge/lib/python3.8/site-packages:/opt/intel/openvino_2022/python/python3.8:/opt/intel/openvino_2022/python/python3:/opt/ros/galactic/lib/python3.8/site-packages:/opt/intel/openvino_2022/python/python3.8:/opt/intel/openvino_2022/python/python3 /usr/bin/cmake --build /home/sentry/Wolf-Moon/build/grid_map_demos -- -j12 -l12
[147.291s] Invoking command in '/home/sentry/Wolf-Moon/build/grid_map_demos': AMENT_PREFIX_PATH=/home/sentry/Wolf-Moon/install/grid_map_visualization:/home/sentry/Wolf-Moon/install/grid_map_rviz_plugin:/home/sentry/Wolf-Moon/install/grid_map_loader:/home/sentry/Wolf-Moon/install/grid_map_filters:/home/sentry/Wolf-Moon/install/grid_map_ros:/home/sentry/Wolf-Moon/install/grid_map_octomap:/home/sentry/Wolf-Moon/install/grid_map_cv:/home/sentry/Wolf-Moon/install/nav2_msgs:/home/sentry/Wolf-Moon/install/grid_map_msgs:/home/sentry/Wolf-Moon/install/grid_map_core:/home/sentry/Wolf-Moon/install/nav2_common:/home/sentry/Wolf-Moon/install/grid_map_cmake_helpers:/home/sentry/Wolf-Moon/install/cv_bridge:${AMENT_PREFIX_PATH} CMAKE_PREFIX_PATH=/home/sentry/Wolf-Moon/install/grid_map_visualization:/home/sentry/Wolf-Moon/install/grid_map_rviz_plugin:/home/sentry/Wolf-Moon/install/grid_map_loader:/home/sentry/Wolf-Moon/install/grid_map_filters:/home/sentry/Wolf-Moon/install/grid_map_ros:/home/sentry/Wolf-Moon/install/grid_map_octomap:/home/sentry/Wolf-Moon/install/grid_map_cv:/home/sentry/Wolf-Moon/install/nav2_msgs:/home/sentry/Wolf-Moon/install/grid_map_msgs:/home/sentry/Wolf-Moon/install/grid_map_core:/home/sentry/Wolf-Moon/install/nav2_common:/home/sentry/Wolf-Moon/install/grid_map_cmake_helpers:/home/sentry/Wolf-Moon/install/cv_bridge:/opt/ros/galactic LD_LIBRARY_PATH=/home/sentry/Wolf-Moon/install/grid_map_visualization/lib:/home/sentry/Wolf-Moon/install/grid_map_rviz_plugin/lib:/home/sentry/Wolf-Moon/install/grid_map_loader/lib:/home/sentry/Wolf-Moon/install/grid_map_filters/lib:/home/sentry/Wolf-Moon/install/grid_map_ros/lib:/home/sentry/Wolf-Moon/install/grid_map_octomap/lib:/home/sentry/Wolf-Moon/install/grid_map_cv/lib:/home/sentry/Wolf-Moon/install/nav2_msgs/lib:/home/sentry/Wolf-Moon/install/grid_map_msgs/lib:/home/sentry/Wolf-Moon/install/grid_map_core/lib:/home/sentry/Wolf-Moon/install/cv_bridge/lib:/opt/MVS/lib/64:/opt/MVS/lib/32:/home/sentry/TUP2024-Sentry-Framework/src/IG_LIO_SLAM/ThirdParty/octomap-Dynamic_point_cloud_removal/lib:/opt/intel/openvino_2022/tools/compile_tool:/opt/intel/openvino_2022/runtime/3rdparty/hddl/lib:/opt/intel/openvino_2022/runtime/lib/intel64:/opt/MVS/lib/64:/opt/MVS/lib/32:/usr/lib/x86_64-linux-gnu/gazebo-11/plugins:/opt/ros/galactic/opt/yaml_cpp_vendor/lib:/opt/ros/galactic/opt/rviz_ogre_vendor/lib:/opt/ros/galactic/lib/x86_64-linux-gnu:/opt/ros/galactic/lib:/home/sentry/TUP2024-Sentry-Framework/src/IG_LIO_SLAM/ThirdParty/octomap-Dynamic_point_cloud_removal/lib:/opt/intel/openvino_2022/tools/compile_tool:/opt/intel/openvino_2022/runtime/3rdparty/hddl/lib:/opt/intel/openvino_2022/runtime/lib/intel64:/opt/MVS/lib/64:/opt/MVS/lib/32:/opt/MVS/lib/64:/opt/MVS/lib/32:/usr/local/opencv4/lib:/usr/local/opencv4/lib PYTHONPATH=/home/sentry/Wolf-Moon/install/nav2_msgs/lib/python3.8/site-packages:/home/sentry/Wolf-Moon/install/grid_map_msgs/lib/python3.8/site-packages:/home/sentry/Wolf-Moon/install/nav2_common/lib/python3.8/site-packages:/home/sentry/Wolf-Moon/install/cv_bridge/lib/python3.8/site-packages:/opt/intel/openvino_2022/python/python3.8:/opt/intel/openvino_2022/python/python3:/opt/ros/galactic/lib/python3.8/site-packages:/opt/intel/openvino_2022/python/python3.8:/opt/intel/openvino_2022/python/python3 /usr/bin/cmake --install /home/sentry/Wolf-Moon/build/grid_map_demos
[147.307s] -- Install configuration: "Release"
[147.307s] -- Installing: /home/sentry/Wolf-Moon/install/grid_map_demos/lib/grid_map_demos/filters_demo
[147.307s] -- Set runtime path of "/home/sentry/Wolf-Moon/install/grid_map_demos/lib/grid_map_demos/filters_demo" to ""
[147.308s] -- Installing: /home/sentry/Wolf-Moon/install/grid_map_demos/lib/libfilters_demo_lib.so
[147.308s] -- Set runtime path of "/home/sentry/Wolf-Moon/install/grid_map_demos/lib/libfilters_demo_lib.so" to ""
[147.309s] -- Installing: /home/sentry/Wolf-Moon/install/grid_map_demos/lib/grid_map_demos/image_to_gridmap_demo
[147.310s] -- Set runtime path of "/home/sentry/Wolf-Moon/install/grid_map_demos/lib/grid_map_demos/image_to_gridmap_demo" to ""
[147.310s] -- Installing: /home/sentry/Wolf-Moon/install/grid_map_demos/lib/grid_map_demos/interpolation_demo
[147.311s] -- Set runtime path of "/home/sentry/Wolf-Moon/install/grid_map_demos/lib/grid_map_demos/interpolation_demo" to ""
[147.311s] -- Installing: /home/sentry/Wolf-Moon/install/grid_map_demos/lib/grid_map_demos/iterator_benchmark
[147.311s] -- Installing: /home/sentry/Wolf-Moon/install/grid_map_demos/lib/grid_map_demos/iterators_demo
[147.312s] -- Set runtime path of "/home/sentry/Wolf-Moon/install/grid_map_demos/lib/grid_map_demos/iterators_demo" to ""
[147.312s] -- Installing: /home/sentry/Wolf-Moon/install/grid_map_demos/lib/grid_map_demos/move_demo
[147.313s] -- Set runtime path of "/home/sentry/Wolf-Moon/install/grid_map_demos/lib/grid_map_demos/move_demo" to ""
[147.313s] -- Installing: /home/sentry/Wolf-Moon/install/grid_map_demos/lib/grid_map_demos/normal_filter_comparison_demo
[147.314s] -- Set runtime path of "/home/sentry/Wolf-Moon/install/grid_map_demos/lib/grid_map_demos/normal_filter_comparison_demo" to ""
[147.315s] -- Installing: /home/sentry/Wolf-Moon/install/grid_map_demos/lib/grid_map_demos/octomap_to_gridmap_demo
[147.316s] -- Set runtime path of "/home/sentry/Wolf-Moon/install/grid_map_demos/lib/grid_map_demos/octomap_to_gridmap_demo" to ""
[147.316s] -- Installing: /home/sentry/Wolf-Moon/install/grid_map_demos/lib/grid_map_demos/opencv_demo
[147.316s] -- Set runtime path of "/home/sentry/Wolf-Moon/install/grid_map_demos/lib/grid_map_demos/opencv_demo" to ""
[147.317s] -- Installing: /home/sentry/Wolf-Moon/install/grid_map_demos/lib/grid_map_demos/resolution_change_demo
[147.317s] -- Set runtime path of "/home/sentry/Wolf-Moon/install/grid_map_demos/lib/grid_map_demos/resolution_change_demo" to ""
[147.317s] -- Installing: /home/sentry/Wolf-Moon/install/grid_map_demos/lib/grid_map_demos/simple_demo
[147.318s] -- Set runtime path of "/home/sentry/Wolf-Moon/install/grid_map_demos/lib/grid_map_demos/simple_demo" to ""
[147.318s] -- Installing: /home/sentry/Wolf-Moon/install/grid_map_demos/lib/grid_map_demos/tutorial_demo
[147.319s] -- Set runtime path of "/home/sentry/Wolf-Moon/install/grid_map_demos/lib/grid_map_demos/tutorial_demo" to ""
[147.319s] -- Installing: /home/sentry/Wolf-Moon/install/grid_map_demos/share/grid_map_demos/config
[147.319s] -- Installing: /home/sentry/Wolf-Moon/install/grid_map_demos/share/grid_map_demos/config/normal_filter_comparison_visualization.yaml
[147.319s] -- Installing: /home/sentry/Wolf-Moon/install/grid_map_demos/share/grid_map_demos/config/filters_demo.yaml
[147.319s] -- Installing: /home/sentry/Wolf-Moon/install/grid_map_demos/share/grid_map_demos/config/simple_demo.yaml
[147.319s] -- Installing: /home/sentry/Wolf-Moon/install/grid_map_demos/share/grid_map_demos/config/opencv_demo.yaml
[147.319s] -- Installing: /home/sentry/Wolf-Moon/install/grid_map_demos/share/grid_map_demos/config/iterators_demo.yaml
[147.320s] -- Installing: /home/sentry/Wolf-Moon/install/grid_map_demos/share/grid_map_demos/config/grid_map_loader_demo.yaml
[147.320s] -- Installing: /home/sentry/Wolf-Moon/install/grid_map_demos/share/grid_map_demos/config/move_demo.yaml
[147.320s] -- Installing: /home/sentry/Wolf-Moon/install/grid_map_demos/share/grid_map_demos/config/interpolation_demo.yaml
[147.320s] -- Installing: /home/sentry/Wolf-Moon/install/grid_map_demos/share/grid_map_demos/config/filters_demo_filter_chain.yaml
[147.320s] -- Installing: /home/sentry/Wolf-Moon/install/grid_map_demos/share/grid_map_demos/config/image_to_gridmap_demo.yaml
[147.320s] -- Installing: /home/sentry/Wolf-Moon/install/grid_map_demos/share/grid_map_demos/config/resolution_change_demo.yaml
[147.320s] -- Installing: /home/sentry/Wolf-Moon/install/grid_map_demos/share/grid_map_demos/config/octomap_to_gridmap_demo.yaml
[147.320s] -- Installing: /home/sentry/Wolf-Moon/install/grid_map_demos/share/grid_map_demos/config/normal_filter_comparison.yaml
[147.320s] -- Installing: /home/sentry/Wolf-Moon/install/grid_map_demos/share/grid_map_demos/config/tutorial_demo.yaml
[147.321s] -- Installing: /home/sentry/Wolf-Moon/install/grid_map_demos/share/grid_map_demos/data
[147.321s] -- Installing: /home/sentry/Wolf-Moon/install/grid_map_demos/share/grid_map_demos/data/linearGradient_horizontal.png
[147.321s] -- Installing: /home/sentry/Wolf-Moon/install/grid_map_demos/share/grid_map_demos/data/freiburg1_360.bt
[147.321s] -- Installing: /home/sentry/Wolf-Moon/install/grid_map_demos/share/grid_map_demos/data/linearGradient_oblique_only.png
[147.321s] -- Installing: /home/sentry/Wolf-Moon/install/grid_map_demos/share/grid_map_demos/data/linearGradient_vertical.png
[147.321s] -- Installing: /home/sentry/Wolf-Moon/install/grid_map_demos/share/grid_map_demos/data/radialGradient_ellipse.png
[147.322s] -- Installing: /home/sentry/Wolf-Moon/install/grid_map_demos/share/grid_map_demos/data/grid_map_bag
[147.322s] -- Installing: /home/sentry/Wolf-Moon/install/grid_map_demos/share/grid_map_demos/data/grid_map_bag/grid_map_bag.db3
[147.322s] -- Installing: /home/sentry/Wolf-Moon/install/grid_map_demos/share/grid_map_demos/data/grid_map_bag/metadata.yaml
[147.322s] -- Installing: /home/sentry/Wolf-Moon/install/grid_map_demos/share/grid_map_demos/data/radialGradient_horizontal.png
[147.322s] -- Installing: /home/sentry/Wolf-Moon/install/grid_map_demos/share/grid_map_demos/data/terrain.png
[147.322s] -- Installing: /home/sentry/Wolf-Moon/install/grid_map_demos/share/grid_map_demos/data/radialGradient_circle.png
[147.322s] -- Installing: /home/sentry/Wolf-Moon/install/grid_map_demos/share/grid_map_demos/data/linearGradient_oblique_and_flat.png
[147.323s] -- Installing: /home/sentry/Wolf-Moon/install/grid_map_demos/share/grid_map_demos/data/eth_logo.png
[147.323s] -- Installing: /home/sentry/Wolf-Moon/install/grid_map_demos/share/grid_map_demos/doc
[147.323s] -- Installing: /home/sentry/Wolf-Moon/install/grid_map_demos/share/grid_map_demos/doc/filters_demo_preview.gif
[147.323s] -- Installing: /home/sentry/Wolf-Moon/install/grid_map_demos/share/grid_map_demos/doc/image_to_grid_map_demo_result.png
[147.323s] -- Installing: /home/sentry/Wolf-Moon/install/grid_map_demos/share/grid_map_demos/doc/filters_demo.gif
[147.323s] -- Installing: /home/sentry/Wolf-Moon/install/grid_map_demos/share/grid_map_demos/doc/opencv_demo_result.gif
[147.324s] -- Installing: /home/sentry/Wolf-Moon/install/grid_map_demos/share/grid_map_demos/launch
[147.324s] -- Installing: /home/sentry/Wolf-Moon/install/grid_map_demos/share/grid_map_demos/launch/move_demo_launch.py
[147.324s] -- Installing: /home/sentry/Wolf-Moon/install/grid_map_demos/share/grid_map_demos/launch/octomap_to_gridmap_demo_launch.py
[147.324s] -- Installing: /home/sentry/Wolf-Moon/install/grid_map_demos/share/grid_map_demos/launch/tutorial_demo_launch.py
[147.324s] -- Installing: /home/sentry/Wolf-Moon/install/grid_map_demos/share/grid_map_demos/launch/simple_demo_launch.py
[147.324s] -- Installing: /home/sentry/Wolf-Moon/install/grid_map_demos/share/grid_map_demos/launch/image_to_gridmap_demo_launch.py
[147.324s] -- Installing: /home/sentry/Wolf-Moon/install/grid_map_demos/share/grid_map_demos/launch/filters_demo_launch.py
[147.324s] -- Installing: /home/sentry/Wolf-Moon/install/grid_map_demos/share/grid_map_demos/launch/iterators_demo_launch.py
[147.324s] -- Installing: /home/sentry/Wolf-Moon/install/grid_map_demos/share/grid_map_demos/launch/grid_map_loader_demo_launch.py
[147.325s] -- Installing: /home/sentry/Wolf-Moon/install/grid_map_demos/share/grid_map_demos/launch/resolution_change_demo_launch.py
[147.325s] -- Installing: /home/sentry/Wolf-Moon/install/grid_map_demos/share/grid_map_demos/launch/interpolation_demo_launch.py
[147.325s] -- Installing: /home/sentry/Wolf-Moon/install/grid_map_demos/share/grid_map_demos/launch/normal_filter_comparison_launch.py
[147.325s] -- Installing: /home/sentry/Wolf-Moon/install/grid_map_demos/share/grid_map_demos/launch/opencv_demo_launch.py
[147.325s] -- Installing: /home/sentry/Wolf-Moon/install/grid_map_demos/share/grid_map_demos/rviz
[147.325s] -- Installing: /home/sentry/Wolf-Moon/install/grid_map_demos/share/grid_map_demos/rviz/grid_map_iterators_demo.rviz
[147.325s] -- Installing: /home/sentry/Wolf-Moon/install/grid_map_demos/share/grid_map_demos/rviz/octomap_to_gridmap_demo.rviz
[147.325s] -- Installing: /home/sentry/Wolf-Moon/install/grid_map_demos/share/grid_map_demos/rviz/interpolation_demo.rviz
[147.325s] -- Installing: /home/sentry/Wolf-Moon/install/grid_map_demos/share/grid_map_demos/rviz/filters_demo.rviz
[147.325s] -- Installing: /home/sentry/Wolf-Moon/install/grid_map_demos/share/grid_map_demos/rviz/grid_map_demo.rviz
[147.325s] -- Installing: /home/sentry/Wolf-Moon/install/grid_map_demos/share/grid_map_demos/rviz/normal_filter_comparison_demo.rviz
[147.326s] -- Installing: /home/sentry/Wolf-Moon/install/grid_map_demos/lib/grid_map_demos/image_publisher.py
[147.326s] -- Installing: /home/sentry/Wolf-Moon/install/grid_map_demos/share/ament_index/resource_index/package_run_dependencies/grid_map_demos
[147.326s] -- Installing: /home/sentry/Wolf-Moon/install/grid_map_demos/share/ament_index/resource_index/parent_prefix_path/grid_map_demos
[147.326s] -- Installing: /home/sentry/Wolf-Moon/install/grid_map_demos/share/grid_map_demos/environment/ament_prefix_path.sh
[147.326s] -- Installing: /home/sentry/Wolf-Moon/install/grid_map_demos/share/grid_map_demos/environment/ament_prefix_path.dsv
[147.327s] -- Installing: /home/sentry/Wolf-Moon/install/grid_map_demos/share/grid_map_demos/environment/path.sh
[147.327s] -- Installing: /home/sentry/Wolf-Moon/install/grid_map_demos/share/grid_map_demos/environment/path.dsv
[147.327s] -- Installing: /home/sentry/Wolf-Moon/install/grid_map_demos/share/grid_map_demos/local_setup.bash
[147.327s] -- Installing: /home/sentry/Wolf-Moon/install/grid_map_demos/share/grid_map_demos/local_setup.sh
[147.327s] -- Installing: /home/sentry/Wolf-Moon/install/grid_map_demos/share/grid_map_demos/local_setup.zsh
[147.327s] -- Installing: /home/sentry/Wolf-Moon/install/grid_map_demos/share/grid_map_demos/local_setup.dsv
[147.327s] -- Installing: /home/sentry/Wolf-Moon/install/grid_map_demos/share/grid_map_demos/package.dsv
[147.328s] -- Installing: /home/sentry/Wolf-Moon/install/grid_map_demos/share/ament_index/resource_index/packages/grid_map_demos
[147.328s] -- Installing: /home/sentry/Wolf-Moon/install/grid_map_demos/share/grid_map_demos/cmake/ament_cmake_export_include_directories-extras.cmake
[147.328s] -- Installing: /home/sentry/Wolf-Moon/install/grid_map_demos/share/grid_map_demos/cmake/grid_map_demosConfig.cmake
[147.328s] -- Installing: /home/sentry/Wolf-Moon/install/grid_map_demos/share/grid_map_demos/cmake/grid_map_demosConfig-version.cmake
[147.328s] -- Installing: /home/sentry/Wolf-Moon/install/grid_map_demos/share/grid_map_demos/package.xml
[147.331s] Invoked command in '/home/sentry/Wolf-Moon/build/grid_map_demos' returned '0': AMENT_PREFIX_PATH=/home/sentry/Wolf-Moon/install/grid_map_visualization:/home/sentry/Wolf-Moon/install/grid_map_rviz_plugin:/home/sentry/Wolf-Moon/install/grid_map_loader:/home/sentry/Wolf-Moon/install/grid_map_filters:/home/sentry/Wolf-Moon/install/grid_map_ros:/home/sentry/Wolf-Moon/install/grid_map_octomap:/home/sentry/Wolf-Moon/install/grid_map_cv:/home/sentry/Wolf-Moon/install/nav2_msgs:/home/sentry/Wolf-Moon/install/grid_map_msgs:/home/sentry/Wolf-Moon/install/grid_map_core:/home/sentry/Wolf-Moon/install/nav2_common:/home/sentry/Wolf-Moon/install/grid_map_cmake_helpers:/home/sentry/Wolf-Moon/install/cv_bridge:${AMENT_PREFIX_PATH} CMAKE_PREFIX_PATH=/home/sentry/Wolf-Moon/install/grid_map_visualization:/home/sentry/Wolf-Moon/install/grid_map_rviz_plugin:/home/sentry/Wolf-Moon/install/grid_map_loader:/home/sentry/Wolf-Moon/install/grid_map_filters:/home/sentry/Wolf-Moon/install/grid_map_ros:/home/sentry/Wolf-Moon/install/grid_map_octomap:/home/sentry/Wolf-Moon/install/grid_map_cv:/home/sentry/Wolf-Moon/install/nav2_msgs:/home/sentry/Wolf-Moon/install/grid_map_msgs:/home/sentry/Wolf-Moon/install/grid_map_core:/home/sentry/Wolf-Moon/install/nav2_common:/home/sentry/Wolf-Moon/install/grid_map_cmake_helpers:/home/sentry/Wolf-Moon/install/cv_bridge:/opt/ros/galactic LD_LIBRARY_PATH=/home/sentry/Wolf-Moon/install/grid_map_visualization/lib:/home/sentry/Wolf-Moon/install/grid_map_rviz_plugin/lib:/home/sentry/Wolf-Moon/install/grid_map_loader/lib:/home/sentry/Wolf-Moon/install/grid_map_filters/lib:/home/sentry/Wolf-Moon/install/grid_map_ros/lib:/home/sentry/Wolf-Moon/install/grid_map_octomap/lib:/home/sentry/Wolf-Moon/install/grid_map_cv/lib:/home/sentry/Wolf-Moon/install/nav2_msgs/lib:/home/sentry/Wolf-Moon/install/grid_map_msgs/lib:/home/sentry/Wolf-Moon/install/grid_map_core/lib:/home/sentry/Wolf-Moon/install/cv_bridge/lib:/opt/MVS/lib/64:/opt/MVS/lib/32:/home/sentry/TUP2024-Sentry-Framework/src/IG_LIO_SLAM/ThirdParty/octomap-Dynamic_point_cloud_removal/lib:/opt/intel/openvino_2022/tools/compile_tool:/opt/intel/openvino_2022/runtime/3rdparty/hddl/lib:/opt/intel/openvino_2022/runtime/lib/intel64:/opt/MVS/lib/64:/opt/MVS/lib/32:/usr/lib/x86_64-linux-gnu/gazebo-11/plugins:/opt/ros/galactic/opt/yaml_cpp_vendor/lib:/opt/ros/galactic/opt/rviz_ogre_vendor/lib:/opt/ros/galactic/lib/x86_64-linux-gnu:/opt/ros/galactic/lib:/home/sentry/TUP2024-Sentry-Framework/src/IG_LIO_SLAM/ThirdParty/octomap-Dynamic_point_cloud_removal/lib:/opt/intel/openvino_2022/tools/compile_tool:/opt/intel/openvino_2022/runtime/3rdparty/hddl/lib:/opt/intel/openvino_2022/runtime/lib/intel64:/opt/MVS/lib/64:/opt/MVS/lib/32:/opt/MVS/lib/64:/opt/MVS/lib/32:/usr/local/opencv4/lib:/usr/local/opencv4/lib PYTHONPATH=/home/sentry/Wolf-Moon/install/nav2_msgs/lib/python3.8/site-packages:/home/sentry/Wolf-Moon/install/grid_map_msgs/lib/python3.8/site-packages:/home/sentry/Wolf-Moon/install/nav2_common/lib/python3.8/site-packages:/home/sentry/Wolf-Moon/install/cv_bridge/lib/python3.8/site-packages:/opt/intel/openvino_2022/python/python3.8:/opt/intel/openvino_2022/python/python3:/opt/ros/galactic/lib/python3.8/site-packages:/opt/intel/openvino_2022/python/python3.8:/opt/intel/openvino_2022/python/python3 /usr/bin/cmake --install /home/sentry/Wolf-Moon/build/grid_map_demos
