CMake Warning:
  Manually-specified variables were not used by the project:

    HUMBLE_ROS
    ROS_EDITION


Traceback (most recent call last):
make[2]: *** Deleting file 'rosidl_typesupport_c/auto_aim_interfaces/msg/armor__type_support.cpp'
  File "/opt/ros/galactic/lib/rosidl_typesupport_c/rosidl_typesupport_c", line 28, in <module>
make[2]: *** [CMakeFiles/auto_aim_interfaces__rosidl_typesupport_cpp.dir/build.make:264: CMakeFiles/auto_aim_interfaces__rosidl_typesupport_cpp.dir/rosidl_typesupport_cpp/auto_aim_interfaces/msg/uart__type_support.cpp.o] Interrupt
make[2]: *** [CMakeFiles/auto_aim_interfaces__rosidl_typesupport_introspection_cpp.dir/build.make:235: CMakeFiles/auto_aim_interfaces__rosidl_typesupport_introspection_cpp.dir/rosidl_typesupport_introspection_cpp/auto_aim_interfaces/msg/detail/gimbal__type_support.cpp.o] Interrupt
    sys.exit(main())
  File "/opt/ros/galactic/lib/rosidl_typesupport_c/rosidl_typesupport_c", line 24, in main
Traceback (most recent call last):
    generate_c(args.generator_arguments_file, args.typesupports)
  File "/opt/ros/galactic/lib/python3.8/site-packages/rosidl_typesupport_c/__init__.py", line 28, in generate_c
  File "/opt/ros/galactic/lib/rosidl_typesupport_introspection_c/rosidl_typesupport_introspection_c", line 23, in <module>
    return generate_files(
  File "/opt/ros/galactic/lib/python3.8/site-packages/rosidl_cmake/__init__.py", line 74, in generate_files
    sys.exit(main())
    idl_file = parse_idl_file(locator)
  File "/opt/ros/galactic/lib/rosidl_typesupport_introspection_c/rosidl_typesupport_introspection_c", line 19, in main
  File "/opt/ros/galactic/lib/python3.8/site-packages/rosidl_parser/parser.py", line 64, in parse_idl_file
    generate_c(args.generator_arguments_file)
  File "/opt/ros/galactic/lib/python3.8/site-packages/rosidl_typesupport_introspection_c/__init__.py", line 24, in generate_c
    content = parse_idl_string(string, png_file=png_file)
  File "/opt/ros/galactic/lib/python3.8/site-packages/rosidl_parser/parser.py", line 72, in parse_idl_string
    return generate_files(generator_arguments_file, mapping)
  File "/opt/ros/galactic/lib/python3.8/site-packages/rosidl_cmake/__init__.py", line 87, in generate_files
    tree = get_ast_from_idl_string(idl_string)
  File "/opt/ros/galactic/lib/python3.8/site-packages/rosidl_parser/parser.py", line 89, in get_ast_from_idl_string
    return _parser.parse(idl_string)
    expand_template(
make[2]: *** [CMakeFiles/auto_aim_interfaces__rosidl_typesupport_fastrtps_cpp.dir/build.make:209: CMakeFiles/auto_aim_interfaces__rosidl_typesupport_fastrtps_cpp.dir/rosidl_typesupport_fastrtps_cpp/auto_aim_interfaces/msg/detail/dds_fastrtps/armor__type_support.cpp.o] Interrupt
  File "/opt/ros/galactic/lib/python3.8/site-packages/rosidl_cmake/__init__.py", line 149, in expand_template
  File "/usr/lib/python3/dist-packages/lark/lark.py", line 293, in parse
make[2]: *** [CMakeFiles/auto_aim_interfaces__rosidl_typesupport_fastrtps_cpp.dir/build.make:235: CMakeFiles/auto_aim_interfaces__rosidl_typesupport_fastrtps_cpp.dir/rosidl_typesupport_fastrtps_cpp/auto_aim_interfaces/msg/detail/dds_fastrtps/gimbal__type_support.cpp.o] Interrupt
    interpreter.string(template_content, template_path, locals=data)
  File "/usr/lib/python3/dist-packages/em.py", line 2391, in string
make[2]: *** [CMakeFiles/auto_aim_interfaces__rosidl_typesupport_cpp.dir/build.make:225: CMakeFiles/auto_aim_interfaces__rosidl_typesupport_cpp.dir/rosidl_typesupport_cpp/auto_aim_interfaces/msg/serial__type_support.cpp.o] Interrupt
make[2]: *** Deleting file 'rosidl_typesupport_introspection_c/auto_aim_interfaces/msg/detail/armor__rosidl_typesupport_introspection_c.h'
    return self.parser.parse(text, start=start)
  File "/usr/lib/python3/dist-packages/lark/parser_frontends.py", line 193, in parse
make[2]: *** [CMakeFiles/auto_aim_interfaces__rosidl_typesupport_fastrtps_cpp.dir/build.make:222: CMakeFiles/auto_aim_interfaces__rosidl_typesupport_fastrtps_cpp.dir/rosidl_typesupport_fastrtps_cpp/auto_aim_interfaces/msg/detail/dds_fastrtps/armors__type_support.cpp.o] Interrupt
    self.safe(scanner, True, locals)
  File "/usr/lib/python3/dist-packages/em.py", line 2401, in safe
make[1]: *** [CMakeFiles/Makefile2:496: CMakeFiles/auto_aim_interfaces__rosidl_typesupport_cpp.dir/all] Interrupt
make[1]: *** [CMakeFiles/Makefile2:329: CMakeFiles/auto_aim_interfaces__rosidl_typesupport_fastrtps_cpp.dir/all] Interrupt
make[2]: *** [CMakeFiles/auto_aim_interfaces__rosidl_typesupport_introspection_cpp.dir/build.make:209: CMakeFiles/auto_aim_interfaces__rosidl_typesupport_introspection_cpp.dir/rosidl_typesupport_introspection_cpp/auto_aim_interfaces/msg/detail/armor__type_support.cpp.o] Interrupt
make[2]: *** [CMakeFiles/auto_aim_interfaces__rosidl_typesupport_introspection_cpp.dir/build.make:222: CMakeFiles/auto_aim_interfaces__rosidl_typesupport_introspection_cpp.dir/rosidl_typesupport_introspection_cpp/auto_aim_interfaces/msg/detail/armors__type_support.cpp.o] Interrupt
make[2]: *** [CMakeFiles/auto_aim_interfaces__rosidl_typesupport_introspection_cpp.dir/build.make:248: CMakeFiles/auto_aim_interfaces__rosidl_typesupport_introspection_cpp.dir/rosidl_typesupport_introspection_cpp/auto_aim_interfaces/msg/detail/serial__type_support.cpp.o] Interrupt
make[2]: *** [CMakeFiles/auto_aim_interfaces__rosidl_typesupport_introspection_cpp.dir/build.make:261: CMakeFiles/auto_aim_interfaces__rosidl_typesupport_introspection_cpp.dir/rosidl_typesupport_introspection_cpp/auto_aim_interfaces/msg/detail/point2f__type_support.cpp.o] Interrupt
make[1]: *** [CMakeFiles/Makefile2:469: CMakeFiles/auto_aim_interfaces__rosidl_typesupport_introspection_cpp.dir/all] Interrupt
    self.parse(scanner, locals)
  File "/usr/lib/python3/dist-packages/em.py", line 2417, in parse
    token = scanner.one()
  File "/usr/lib/python3/dist-packages/em.py", line 1971, in one
    first = self.chop(1)
  File "/usr/lib/python3/dist-packages/em.py", line 1726, in chop
    result = self[:count]
  File "/usr/lib/python3/dist-packages/em.py", line 1685, in __getitem__
    return self._parse(text, start)
  File "/usr/lib/python3/dist-packages/lark/parser_frontends.py", line 54, in _parse
    return self.__getslice__(index.start, index.stop)
  File "/usr/lib/python3/dist-packages/em.py", line 1694, in __getslice__
    return self.parser.parse(input, start, *args)
  File "/usr/lib/python3/dist-packages/lark/parsers/earley.py", line 318, in parse
    if stop > len(self):
  File "/usr/lib/python3/dist-packages/em.py", line 1680, in __len__
    def __len__(self): return len(self.buffer) - self.pointer
KeyboardInterrupt
    return forest_tree_visitor.visit(solutions[0])
  File "/usr/lib/python3/dist-packages/lark/parsers/earley_forest.py", line 281, in visit
    return super(ForestToTreeVisitor, self).visit(root)
  File "/usr/lib/python3/dist-packages/lark/parsers/earley_forest.py", line 209, in visit
    if current_id in visiting:
KeyboardInterrupt
Exception ignored in: <function Interpreter.__del__ at 0x7f4d40572dc0>
Traceback (most recent call last):
  File "/usr/lib/python3/dist-packages/em.py", line 2094, in __del__
  File "/usr/lib/python3/dist-packages/em.py", line 2157, in shutdown
  File "/usr/lib/python3/dist-packages/em.py", line 2646, in finalize
  File "/usr/lib/python3/dist-packages/em.py", line 2200, in push
AttributeError: '_io.TextIOWrapper' object has no attribute 'push'
make[2]: *** [CMakeFiles/auto_aim_interfaces__rosidl_typesupport_introspection_c.dir/build.make:165: rosidl_typesupport_introspection_c/auto_aim_interfaces/msg/detail/armor__rosidl_typesupport_introspection_c.h] Interrupt
make[1]: *** [CMakeFiles/Makefile2:414: CMakeFiles/auto_aim_interfaces__rosidl_typesupport_introspection_c.dir/all] Interrupt
make[2]: *** [CMakeFiles/auto_aim_interfaces__rosidl_typesupport_c.dir/build.make:163: rosidl_typesupport_c/auto_aim_interfaces/msg/armor__type_support.cpp] Interrupt
make[1]: *** [CMakeFiles/Makefile2:441: CMakeFiles/auto_aim_interfaces__rosidl_typesupport_c.dir/all] Interrupt
make: *** [Makefile:141: all] Interrupt
