[0.038s] Invoking command in '/home/sentry/Wolf-Moon/build/auto_aim_interfaces': CMAKE_PREFIX_PATH=/opt/ros/galactic /usr/bin/cmake /home/sentry/Wolf-Moon/src/auto_aim_interfaces -DROS_EDITION=ROS2 -DHUMBLE_ROS= -DCMAKE_INSTALL_PREFIX=/home/sentry/Wolf-Moon/install/auto_aim_interfaces
[0.322s] -- The C compiler identification is GNU 9.4.0
[0.449s] -- The CXX compiler identification is GNU 9.4.0
[0.454s] -- Check for working C compiler: /usr/bin/cc
[0.519s] -- Check for working C compiler: /usr/bin/cc -- works
[0.521s] -- Detecting C compiler ABI info
[0.595s] -- Detecting C compiler ABI info - done
[0.616s] -- Detecting C compile features
[0.616s] -- Detecting C compile features - done
[0.616s] -- Check for working CXX compiler: /usr/bin/c++
[0.676s] -- Check for working CXX compiler: /usr/bin/c++ -- works
[0.677s] -- Detecting CXX compiler ABI info
[0.771s] -- Detecting CXX compiler ABI info - done
[0.786s] -- Detecting CXX compile features
[0.787s] -- Detecting CXX compile features - done
[0.789s] -- Found ament_cmake: 1.1.6 (/opt/ros/galactic/share/ament_cmake/cmake)
[0.811s] -- Found PythonInterp: /usr/bin/python3 (found suitable version "3.8.10", minimum required is "3") 
[0.811s] -- Using PYTHON_EXECUTABLE: /usr/bin/python3
[0.874s] -- Found rosidl_default_generators: 1.1.1 (/opt/ros/galactic/share/rosidl_default_generators/cmake)
[0.880s] -- Using all available rosidl_typesupport_c: rosidl_typesupport_fastrtps_c;rosidl_typesupport_introspection_c
[0.894s] -- Found rosidl_adapter: 2.2.3 (/opt/ros/galactic/share/rosidl_adapter/cmake)
[1.010s] -- Found OpenSSL: /usr/lib/x86_64-linux-gnu/libcrypto.so (found version "1.1.1f")  
[1.055s] -- Found FastRTPS: /opt/ros/galactic/include  
[1.163s] -- Using all available rosidl_typesupport_cpp: rosidl_typesupport_fastrtps_cpp;rosidl_typesupport_introspection_cpp
[1.187s] -- Found geometry_msgs: 2.2.4 (/opt/ros/galactic/share/geometry_msgs/cmake)
[1.241s] -- Found sensor_msgs: 2.2.4 (/opt/ros/galactic/share/sensor_msgs/cmake)
[1.312s] -- Found PythonInterp: /usr/bin/python3 (found version "3.8.10") 
[1.541s] -- Found ament_cmake_ros: 0.9.2 (/opt/ros/galactic/share/ament_cmake_ros/cmake)
[1.841s] -- Using all available rosidl_typesupport_c: rosidl_typesupport_fastrtps_c;rosidl_typesupport_introspection_c
[1.946s] -- Using all available rosidl_typesupport_cpp: rosidl_typesupport_fastrtps_cpp;rosidl_typesupport_introspection_cpp
[1.966s] -- Found PythonInterp: /usr/bin/python3 (found suitable version "3.8.10", minimum required is "3.5") 
[1.967s] -- Found python_cmake_module: 0.8.1 (/opt/ros/galactic/share/python_cmake_module/cmake)
[1.988s] -- Found PythonLibs: /usr/lib/x86_64-linux-gnu/libpython3.8.so (found suitable version "3.8.10", minimum required is "3.5") 
[1.988s] -- Using PYTHON_EXECUTABLE: /usr/bin/python3
[1.988s] -- Using PYTHON_INCLUDE_DIRS: /usr/include/python3.8
[1.988s] -- Using PYTHON_LIBRARIES: /usr/lib/x86_64-linux-gnu/libpython3.8.so
[2.006s] -- Found PythonExtra: .so  
[2.140s] -- Configuring done
[2.240s] -- Generating done
[2.243s] CMake Warning:
[2.243s]   Manually-specified variables were not used by the project:
[2.243s] 
[2.243s]     HUMBLE_ROS
[2.243s]     ROS_EDITION
[2.243s] 
[2.244s] 
[2.265s] -- Build files have been written to: /home/sentry/Wolf-Moon/build/auto_aim_interfaces
[2.272s] Invoked command in '/home/sentry/Wolf-Moon/build/auto_aim_interfaces' returned '0': CMAKE_PREFIX_PATH=/opt/ros/galactic /usr/bin/cmake /home/sentry/Wolf-Moon/src/auto_aim_interfaces -DROS_EDITION=ROS2 -DHUMBLE_ROS= -DCMAKE_INSTALL_PREFIX=/home/sentry/Wolf-Moon/install/auto_aim_interfaces
[2.275s] Invoking command in '/home/sentry/Wolf-Moon/build/auto_aim_interfaces': CMAKE_PREFIX_PATH=/opt/ros/galactic /usr/bin/cmake --build /home/sentry/Wolf-Moon/build/auto_aim_interfaces -- -j12 -l12
[2.335s] [35m[1mScanning dependencies of target auto_aim_interfaces__cpp[0m
[2.342s] [  1%] [34m[1mGenerating C code for ROS interfaces[0m
[2.344s] [  2%] [34m[1mGenerating C++ code for ROS interfaces[0m
[2.711s] [  2%] Built target auto_aim_interfaces__cpp
[2.726s] [  3%] [34m[1mGenerating C++ type support for eProsima Fast-RTPS[0m
[2.730s] [  6%] [34m[1mGenerating C++ introspection for ROS interfaces[0m
[2.730s] [  6%] [34m[1mGenerating C++ type support dispatch for ROS interfaces[0m
[3.094s] [35m[1mScanning dependencies of target auto_aim_interfaces__rosidl_generator_c[0m
[3.128s] [  7%] [32mBuilding C object CMakeFiles/auto_aim_interfaces__rosidl_generator_c.dir/rosidl_generator_c/auto_aim_interfaces/msg/detail/armors__functions.c.o[0m
[3.132s] [  8%] [32mBuilding C object CMakeFiles/auto_aim_interfaces__rosidl_generator_c.dir/rosidl_generator_c/auto_aim_interfaces/msg/detail/armor__functions.c.o[0m
[3.138s] [ 10%] [32mBuilding C object CMakeFiles/auto_aim_interfaces__rosidl_generator_c.dir/rosidl_generator_c/auto_aim_interfaces/msg/detail/serial__functions.c.o[0m
[3.140s] [ 11%] [32mBuilding C object CMakeFiles/auto_aim_interfaces__rosidl_generator_c.dir/rosidl_generator_c/auto_aim_interfaces/msg/detail/state__functions.c.o[0m
[3.144s] [ 12%] [32mBuilding C object CMakeFiles/auto_aim_interfaces__rosidl_generator_c.dir/rosidl_generator_c/auto_aim_interfaces/msg/detail/point2f__functions.c.o[0m
[3.149s] [ 13%] [32mBuilding C object CMakeFiles/auto_aim_interfaces__rosidl_generator_c.dir/rosidl_generator_c/auto_aim_interfaces/msg/detail/gimbal__functions.c.o[0m
[3.171s] [ 15%] [32mBuilding C object CMakeFiles/auto_aim_interfaces__rosidl_generator_c.dir/rosidl_generator_c/auto_aim_interfaces/msg/detail/uart__functions.c.o[0m
[3.234s] [35m[1mScanning dependencies of target auto_aim_interfaces__rosidl_typesupport_cpp[0m
[3.268s] [ 17%] [32mBuilding CXX object CMakeFiles/auto_aim_interfaces__rosidl_typesupport_cpp.dir/rosidl_typesupport_cpp/auto_aim_interfaces/msg/armors__type_support.cpp.o[0m
[3.268s] [ 17%] [32m[1mLinking C shared library libauto_aim_interfaces__rosidl_generator_c.so[0m
[3.270s] [ 18%] [32mBuilding CXX object CMakeFiles/auto_aim_interfaces__rosidl_typesupport_cpp.dir/rosidl_typesupport_cpp/auto_aim_interfaces/msg/armor__type_support.cpp.o[0m
[3.274s] [ 20%] [32mBuilding CXX object CMakeFiles/auto_aim_interfaces__rosidl_typesupport_cpp.dir/rosidl_typesupport_cpp/auto_aim_interfaces/msg/gimbal__type_support.cpp.o[0m
[3.279s] [35m[1mScanning dependencies of target auto_aim_interfaces__rosidl_typesupport_introspection_cpp[0m
[3.282s] [ 22%] [32mBuilding CXX object CMakeFiles/auto_aim_interfaces__rosidl_typesupport_cpp.dir/rosidl_typesupport_cpp/auto_aim_interfaces/msg/serial__type_support.cpp.o[0m
[3.282s] [ 22%] [32mBuilding CXX object CMakeFiles/auto_aim_interfaces__rosidl_typesupport_cpp.dir/rosidl_typesupport_cpp/auto_aim_interfaces/msg/point2f__type_support.cpp.o[0m
[3.292s] [ 24%] [32mBuilding CXX object CMakeFiles/auto_aim_interfaces__rosidl_typesupport_cpp.dir/rosidl_typesupport_cpp/auto_aim_interfaces/msg/state__type_support.cpp.o[0m
[3.294s] [ 25%] [32mBuilding CXX object CMakeFiles/auto_aim_interfaces__rosidl_typesupport_cpp.dir/rosidl_typesupport_cpp/auto_aim_interfaces/msg/uart__type_support.cpp.o[0m
[3.341s] [ 26%] [32mBuilding CXX object CMakeFiles/auto_aim_interfaces__rosidl_typesupport_introspection_cpp.dir/rosidl_typesupport_introspection_cpp/auto_aim_interfaces/msg/detail/armor__type_support.cpp.o[0m
[3.359s] [ 27%] [32mBuilding CXX object CMakeFiles/auto_aim_interfaces__rosidl_typesupport_introspection_cpp.dir/rosidl_typesupport_introspection_cpp/auto_aim_interfaces/msg/detail/armors__type_support.cpp.o[0m
[3.367s] [ 27%] Built target auto_aim_interfaces__rosidl_generator_c
[3.388s] [ 29%] [32mBuilding CXX object CMakeFiles/auto_aim_interfaces__rosidl_typesupport_introspection_cpp.dir/rosidl_typesupport_introspection_cpp/auto_aim_interfaces/msg/detail/gimbal__type_support.cpp.o[0m
[3.392s] [ 30%] [34m[1mGenerating C introspection for ROS interfaces[0m
[3.392s] [35m[1mScanning dependencies of target auto_aim_interfaces__rosidl_typesupport_fastrtps_cpp[0m
[3.500s] [ 31%] [32mBuilding CXX object CMakeFiles/auto_aim_interfaces__rosidl_typesupport_fastrtps_cpp.dir/rosidl_typesupport_fastrtps_cpp/auto_aim_interfaces/msg/detail/dds_fastrtps/armor__type_support.cpp.o[0m
[3.686s] [ 32%] [34m[1mGenerating C type support dispatch for ROS interfaces[0m
[3.690s] [ 34%] [32mBuilding CXX object CMakeFiles/auto_aim_interfaces__rosidl_typesupport_fastrtps_cpp.dir/rosidl_typesupport_fastrtps_cpp/auto_aim_interfaces/msg/detail/dds_fastrtps/armors__type_support.cpp.o[0m
[3.752s] [ 35%] [32mBuilding CXX object CMakeFiles/auto_aim_interfaces__rosidl_typesupport_introspection_cpp.dir/rosidl_typesupport_introspection_cpp/auto_aim_interfaces/msg/detail/serial__type_support.cpp.o[0m
[3.836s] [ 36%] [32mBuilding CXX object CMakeFiles/auto_aim_interfaces__rosidl_typesupport_introspection_cpp.dir/rosidl_typesupport_introspection_cpp/auto_aim_interfaces/msg/detail/point2f__type_support.cpp.o[0m
[3.845s] [ 37%] [32mBuilding CXX object CMakeFiles/auto_aim_interfaces__rosidl_typesupport_fastrtps_cpp.dir/rosidl_typesupport_fastrtps_cpp/auto_aim_interfaces/msg/detail/dds_fastrtps/gimbal__type_support.cpp.o[0m
[3.961s] Traceback (most recent call last):
[3.961s] make[2]: *** Deleting file 'rosidl_typesupport_c/auto_aim_interfaces/msg/armor__type_support.cpp'
[3.962s]   File "/opt/ros/galactic/lib/rosidl_typesupport_c/rosidl_typesupport_c", line 28, in <module>
[3.962s] make[2]: *** [CMakeFiles/auto_aim_interfaces__rosidl_typesupport_cpp.dir/build.make:264: CMakeFiles/auto_aim_interfaces__rosidl_typesupport_cpp.dir/rosidl_typesupport_cpp/auto_aim_interfaces/msg/uart__type_support.cpp.o] Interrupt
[3.962s] make[2]: *** [CMakeFiles/auto_aim_interfaces__rosidl_typesupport_introspection_cpp.dir/build.make:235: CMakeFiles/auto_aim_interfaces__rosidl_typesupport_introspection_cpp.dir/rosidl_typesupport_introspection_cpp/auto_aim_interfaces/msg/detail/gimbal__type_support.cpp.o] Interrupt
[3.962s]     sys.exit(main())
[3.962s]   File "/opt/ros/galactic/lib/rosidl_typesupport_c/rosidl_typesupport_c", line 24, in main
[3.962s] Traceback (most recent call last):
[3.963s]     generate_c(args.generator_arguments_file, args.typesupports)
[3.963s]   File "/opt/ros/galactic/lib/python3.8/site-packages/rosidl_typesupport_c/__init__.py", line 28, in generate_c
[3.963s]   File "/opt/ros/galactic/lib/rosidl_typesupport_introspection_c/rosidl_typesupport_introspection_c", line 23, in <module>
[3.964s]     return generate_files(
[3.964s]   File "/opt/ros/galactic/lib/python3.8/site-packages/rosidl_cmake/__init__.py", line 74, in generate_files
[3.964s]     sys.exit(main())
[3.964s]     idl_file = parse_idl_file(locator)
[3.964s]   File "/opt/ros/galactic/lib/rosidl_typesupport_introspection_c/rosidl_typesupport_introspection_c", line 19, in main
[3.964s]   File "/opt/ros/galactic/lib/python3.8/site-packages/rosidl_parser/parser.py", line 64, in parse_idl_file
[3.964s]     generate_c(args.generator_arguments_file)
[3.964s]   File "/opt/ros/galactic/lib/python3.8/site-packages/rosidl_typesupport_introspection_c/__init__.py", line 24, in generate_c
[3.964s]     content = parse_idl_string(string, png_file=png_file)
[3.964s]   File "/opt/ros/galactic/lib/python3.8/site-packages/rosidl_parser/parser.py", line 72, in parse_idl_string
[3.965s]     return generate_files(generator_arguments_file, mapping)
[3.965s]   File "/opt/ros/galactic/lib/python3.8/site-packages/rosidl_cmake/__init__.py", line 87, in generate_files
[3.966s]     tree = get_ast_from_idl_string(idl_string)
[3.966s]   File "/opt/ros/galactic/lib/python3.8/site-packages/rosidl_parser/parser.py", line 89, in get_ast_from_idl_string
[3.966s]     return _parser.parse(idl_string)
[3.966s]     expand_template(
[3.966s] make[2]: *** [CMakeFiles/auto_aim_interfaces__rosidl_typesupport_fastrtps_cpp.dir/build.make:209: CMakeFiles/auto_aim_interfaces__rosidl_typesupport_fastrtps_cpp.dir/rosidl_typesupport_fastrtps_cpp/auto_aim_interfaces/msg/detail/dds_fastrtps/armor__type_support.cpp.o] Interrupt
[3.966s]   File "/opt/ros/galactic/lib/python3.8/site-packages/rosidl_cmake/__init__.py", line 149, in expand_template
[3.966s]   File "/usr/lib/python3/dist-packages/lark/lark.py", line 293, in parse
[3.966s] make[2]: *** [CMakeFiles/auto_aim_interfaces__rosidl_typesupport_fastrtps_cpp.dir/build.make:235: CMakeFiles/auto_aim_interfaces__rosidl_typesupport_fastrtps_cpp.dir/rosidl_typesupport_fastrtps_cpp/auto_aim_interfaces/msg/detail/dds_fastrtps/gimbal__type_support.cpp.o] Interrupt
[3.967s]     interpreter.string(template_content, template_path, locals=data)
[3.967s]   File "/usr/lib/python3/dist-packages/em.py", line 2391, in string
[3.967s] make[2]: *** [CMakeFiles/auto_aim_interfaces__rosidl_typesupport_cpp.dir/build.make:225: CMakeFiles/auto_aim_interfaces__rosidl_typesupport_cpp.dir/rosidl_typesupport_cpp/auto_aim_interfaces/msg/serial__type_support.cpp.o] Interrupt
[3.967s] make[2]: *** Deleting file 'rosidl_typesupport_introspection_c/auto_aim_interfaces/msg/detail/armor__rosidl_typesupport_introspection_c.h'
[3.967s]     return self.parser.parse(text, start=start)
[3.967s]   File "/usr/lib/python3/dist-packages/lark/parser_frontends.py", line 193, in parse
[3.967s] make[2]: *** [CMakeFiles/auto_aim_interfaces__rosidl_typesupport_fastrtps_cpp.dir/build.make:222: CMakeFiles/auto_aim_interfaces__rosidl_typesupport_fastrtps_cpp.dir/rosidl_typesupport_fastrtps_cpp/auto_aim_interfaces/msg/detail/dds_fastrtps/armors__type_support.cpp.o] Interrupt
[3.967s]     self.safe(scanner, True, locals)
[3.967s]   File "/usr/lib/python3/dist-packages/em.py", line 2401, in safe
[3.967s] make[1]: *** [CMakeFiles/Makefile2:496: CMakeFiles/auto_aim_interfaces__rosidl_typesupport_cpp.dir/all] Interrupt
[3.968s] make[1]: *** [CMakeFiles/Makefile2:329: CMakeFiles/auto_aim_interfaces__rosidl_typesupport_fastrtps_cpp.dir/all] Interrupt
[3.968s] make[2]: *** [CMakeFiles/auto_aim_interfaces__rosidl_typesupport_introspection_cpp.dir/build.make:209: CMakeFiles/auto_aim_interfaces__rosidl_typesupport_introspection_cpp.dir/rosidl_typesupport_introspection_cpp/auto_aim_interfaces/msg/detail/armor__type_support.cpp.o] Interrupt
[3.968s] make[2]: *** [CMakeFiles/auto_aim_interfaces__rosidl_typesupport_introspection_cpp.dir/build.make:222: CMakeFiles/auto_aim_interfaces__rosidl_typesupport_introspection_cpp.dir/rosidl_typesupport_introspection_cpp/auto_aim_interfaces/msg/detail/armors__type_support.cpp.o] Interrupt
[3.968s] make[2]: *** [CMakeFiles/auto_aim_interfaces__rosidl_typesupport_introspection_cpp.dir/build.make:248: CMakeFiles/auto_aim_interfaces__rosidl_typesupport_introspection_cpp.dir/rosidl_typesupport_introspection_cpp/auto_aim_interfaces/msg/detail/serial__type_support.cpp.o] Interrupt
[3.968s] make[2]: *** [CMakeFiles/auto_aim_interfaces__rosidl_typesupport_introspection_cpp.dir/build.make:261: CMakeFiles/auto_aim_interfaces__rosidl_typesupport_introspection_cpp.dir/rosidl_typesupport_introspection_cpp/auto_aim_interfaces/msg/detail/point2f__type_support.cpp.o] Interrupt
[3.968s] make[1]: *** [CMakeFiles/Makefile2:469: CMakeFiles/auto_aim_interfaces__rosidl_typesupport_introspection_cpp.dir/all] Interrupt
[3.968s]     self.parse(scanner, locals)
[3.968s]   File "/usr/lib/python3/dist-packages/em.py", line 2417, in parse
[3.969s]     token = scanner.one()
[3.969s]   File "/usr/lib/python3/dist-packages/em.py", line 1971, in one
[3.974s]     first = self.chop(1)
[3.974s]   File "/usr/lib/python3/dist-packages/em.py", line 1726, in chop
[3.974s]     result = self[:count]
[3.975s]   File "/usr/lib/python3/dist-packages/em.py", line 1685, in __getitem__
[3.975s]     return self._parse(text, start)
[3.975s]   File "/usr/lib/python3/dist-packages/lark/parser_frontends.py", line 54, in _parse
[3.975s]     return self.__getslice__(index.start, index.stop)
[3.975s]   File "/usr/lib/python3/dist-packages/em.py", line 1694, in __getslice__
[3.975s]     return self.parser.parse(input, start, *args)
[3.975s]   File "/usr/lib/python3/dist-packages/lark/parsers/earley.py", line 318, in parse
[3.975s]     if stop > len(self):
[3.976s]   File "/usr/lib/python3/dist-packages/em.py", line 1680, in __len__
[3.976s]     def __len__(self): return len(self.buffer) - self.pointer
[3.976s] KeyboardInterrupt
[3.976s]     return forest_tree_visitor.visit(solutions[0])
[3.976s]   File "/usr/lib/python3/dist-packages/lark/parsers/earley_forest.py", line 281, in visit
[3.976s]     return super(ForestToTreeVisitor, self).visit(root)
[3.976s]   File "/usr/lib/python3/dist-packages/lark/parsers/earley_forest.py", line 209, in visit
[3.976s]     if current_id in visiting:
[3.976s] KeyboardInterrupt
[3.976s] Exception ignored in: <function Interpreter.__del__ at 0x7f4d40572dc0>
[3.976s] Traceback (most recent call last):
[3.977s]   File "/usr/lib/python3/dist-packages/em.py", line 2094, in __del__
[3.977s]   File "/usr/lib/python3/dist-packages/em.py", line 2157, in shutdown
[3.978s]   File "/usr/lib/python3/dist-packages/em.py", line 2646, in finalize
[3.978s]   File "/usr/lib/python3/dist-packages/em.py", line 2200, in push
[3.978s] AttributeError: '_io.TextIOWrapper' object has no attribute 'push'
[3.980s] make[2]: *** [CMakeFiles/auto_aim_interfaces__rosidl_typesupport_introspection_c.dir/build.make:165: rosidl_typesupport_introspection_c/auto_aim_interfaces/msg/detail/armor__rosidl_typesupport_introspection_c.h] Interrupt
[3.981s] make[1]: *** [CMakeFiles/Makefile2:414: CMakeFiles/auto_aim_interfaces__rosidl_typesupport_introspection_c.dir/all] Interrupt
[3.985s] make[2]: *** [CMakeFiles/auto_aim_interfaces__rosidl_typesupport_c.dir/build.make:163: rosidl_typesupport_c/auto_aim_interfaces/msg/armor__type_support.cpp] Interrupt
[3.985s] make[1]: *** [CMakeFiles/Makefile2:441: CMakeFiles/auto_aim_interfaces__rosidl_typesupport_c.dir/all] Interrupt
[3.985s] make: *** [Makefile:141: all] Interrupt
