[0.044s] Invoking command in '/home/sentry/Wolf-Moon/build/livox_ros_driver2': CMAKE_PREFIX_PATH=/opt/ros/galactic /usr/bin/cmake /home/sentry/Wolf-Moon/src/livox_ros_driver2-master -DCMAKE_INSTALL_PREFIX=/home/sentry/Wolf-Moon/install/livox_ros_driver2
[0.278s] -- The C compiler identification is GNU 9.4.0
[0.278s] -- The CXX compiler identification is GNU 9.4.0
[0.279s] -- Check for working C compiler: /usr/bin/cc
[0.279s] -- Check for working C compiler: /usr/bin/cc -- works
[0.279s] -- Detecting C compiler ABI info
[0.320s] -- Detecting C compiler ABI info - done
[0.334s] -- Detecting C compile features
[0.335s] -- Detecting C compile features - done
[0.338s] -- Check for working CXX compiler: /usr/bin/c++
[0.434s] -- Check for working CXX compiler: /usr/bin/c++ -- works
[0.435s] -- Detecting CXX compiler ABI info
[0.518s] -- Detecting CXX compiler ABI info - done
[0.526s] -- Detecting CXX compile features
[0.526s] -- Detecting CXX compile features - done
[0.527s] -- livox_ros_driver2 version: 1.2.4
[0.527s] -- Found ament_cmake_auto: 1.1.6 (/opt/ros/galactic/share/ament_cmake_auto/cmake)
[0.554s] -- Found PythonInterp: /usr/bin/python3 (found suitable version "3.8.10", minimum required is "3") 
[0.554s] -- Using PYTHON_EXECUTABLE: /usr/bin/python3
[0.727s] -- Using all available rosidl_typesupport_c: rosidl_typesupport_fastrtps_c;rosidl_typesupport_introspection_c
[0.734s] -- Found rosidl_adapter: 2.2.3 (/opt/ros/galactic/share/rosidl_adapter/cmake)
[0.856s] -- Found OpenSSL: /usr/lib/x86_64-linux-gnu/libcrypto.so (found version "1.1.1f")  
[0.893s] -- Found FastRTPS: /opt/ros/galactic/include  
[0.997s] -- Using all available rosidl_typesupport_cpp: rosidl_typesupport_fastrtps_cpp;rosidl_typesupport_introspection_cpp
[1.119s] -- Found rmw_implementation_cmake: 3.3.1 (/opt/ros/galactic/share/rmw_implementation_cmake/cmake)
[1.122s] -- Found rmw_cyclonedds_cpp: 0.22.6 (/opt/ros/galactic/share/rmw_cyclonedds_cpp/cmake)
[1.147s] -- Using RMW implementation 'rmw_cyclonedds_cpp' as default
[1.148s] -- Looking for pthread.h
[1.226s] -- Looking for pthread.h - found
[1.226s] -- Performing Test CMAKE_HAVE_LIBC_PTHREAD
[1.310s] -- Performing Test CMAKE_HAVE_LIBC_PTHREAD - Failed
[1.310s] -- Looking for pthread_create in pthreads
[1.383s] -- Looking for pthread_create in pthreads - not found
[1.384s] -- Looking for pthread_create in pthread
[1.719s] -- Looking for pthread_create in pthread - found
[1.722s] -- Found Threads: TRUE  
[2.322s] Invoked command in '/home/sentry/Wolf-Moon/build/livox_ros_driver2' returned '-2': CMAKE_PREFIX_PATH=/opt/ros/galactic /usr/bin/cmake /home/sentry/Wolf-Moon/src/livox_ros_driver2-master -DCMAKE_INSTALL_PREFIX=/home/sentry/Wolf-Moon/install/livox_ros_driver2
