[0.081s] Invoking command in '/home/sentry/Wolf-Moon/build/nav2_common': CMAKE_PREFIX_PATH=${CMAKE_PREFIX_PATH}:/home/sentry/Wolf-Moon/install/fake_msg_publisher:/opt/ros/galactic /usr/bin/cmake --build /home/sentry/Wolf-Moon/build/nav2_common -- -j12 -l12
[0.179s] Built target ament_cmake_python_copy_nav2_common
[0.505s] running egg_info
[0.506s] writing nav2_common.egg-info/PKG-INFO
[0.506s] writing dependency_links to nav2_common.egg-info/dependency_links.txt
[0.506s] writing top-level names to nav2_common.egg-info/top_level.txt
[0.556s] reading manifest file 'nav2_common.egg-info/SOURCES.txt'
[0.557s] writing manifest file 'nav2_common.egg-info/SOURCES.txt'
[0.624s] Built target ament_cmake_python_build_nav2_common_egg
[0.650s] Invoked command in '/home/sentry/Wolf-Moon/build/nav2_common' returned '0': CMAKE_PREFIX_PATH=${CMAKE_PREFIX_PATH}:/home/sentry/Wolf-Moon/install/fake_msg_publisher:/opt/ros/galactic /usr/bin/cmake --build /home/sentry/Wolf-Moon/build/nav2_common -- -j12 -l12
[0.651s] Invoking command in '/home/sentry/Wolf-Moon/build/nav2_common': CMAKE_PREFIX_PATH=${CMAKE_PREFIX_PATH}:/home/sentry/Wolf-Moon/install/fake_msg_publisher:/opt/ros/galactic /usr/bin/cmake --install /home/sentry/Wolf-Moon/build/nav2_common
[0.667s] -- Install configuration: ""
[0.668s] -- Up-to-date: /home/sentry/Wolf-Moon/install/nav2_common/share/nav2_common/environment/pythonpath.sh
[0.668s] -- Up-to-date: /home/sentry/Wolf-Moon/install/nav2_common/share/nav2_common/environment/pythonpath.dsv
[0.668s] -- Up-to-date: /home/sentry/Wolf-Moon/install/nav2_common/lib/python3.8/site-packages//nav2_common.egg-info
[0.677s] -- Installing: /home/sentry/Wolf-Moon/install/nav2_common/lib/python3.8/site-packages//nav2_common.egg-info/SOURCES.txt
[0.677s] -- Installing: /home/sentry/Wolf-Moon/install/nav2_common/lib/python3.8/site-packages//nav2_common.egg-info/top_level.txt
[0.677s] -- Installing: /home/sentry/Wolf-Moon/install/nav2_common/lib/python3.8/site-packages//nav2_common.egg-info/dependency_links.txt
[0.677s] -- Installing: /home/sentry/Wolf-Moon/install/nav2_common/lib/python3.8/site-packages//nav2_common.egg-info/PKG-INFO
[0.677s] -- Up-to-date: /home/sentry/Wolf-Moon/install/nav2_common/lib/python3.8/site-packages/nav2_common
[0.678s] -- Up-to-date: /home/sentry/Wolf-Moon/install/nav2_common/lib/python3.8/site-packages/nav2_common/__init__.py
[0.678s] -- Up-to-date: /home/sentry/Wolf-Moon/install/nav2_common/lib/python3.8/site-packages/nav2_common/launch
[0.678s] -- Up-to-date: /home/sentry/Wolf-Moon/install/nav2_common/lib/python3.8/site-packages/nav2_common/launch/has_node_params.py
[0.678s] -- Up-to-date: /home/sentry/Wolf-Moon/install/nav2_common/lib/python3.8/site-packages/nav2_common/launch/__init__.py
[0.678s] -- Up-to-date: /home/sentry/Wolf-Moon/install/nav2_common/lib/python3.8/site-packages/nav2_common/launch/rewritten_yaml.py
[0.678s] -- Up-to-date: /home/sentry/Wolf-Moon/install/nav2_common/lib/python3.8/site-packages/nav2_common/launch/replace_string.py
[0.721s] Listing '/home/sentry/Wolf-Moon/install/nav2_common/lib/python3.8/site-packages/nav2_common'...
[0.721s] Listing '/home/sentry/Wolf-Moon/install/nav2_common/lib/python3.8/site-packages/nav2_common/launch'...
[0.728s] -- Up-to-date: /home/sentry/Wolf-Moon/install/nav2_common/share/ament_index/resource_index/package_run_dependencies/nav2_common
[0.729s] -- Up-to-date: /home/sentry/Wolf-Moon/install/nav2_common/share/ament_index/resource_index/parent_prefix_path/nav2_common
[0.729s] -- Up-to-date: /home/sentry/Wolf-Moon/install/nav2_common/share/nav2_common/environment/ament_prefix_path.sh
[0.729s] -- Up-to-date: /home/sentry/Wolf-Moon/install/nav2_common/share/nav2_common/environment/ament_prefix_path.dsv
[0.730s] -- Up-to-date: /home/sentry/Wolf-Moon/install/nav2_common/share/nav2_common/environment/path.sh
[0.730s] -- Up-to-date: /home/sentry/Wolf-Moon/install/nav2_common/share/nav2_common/environment/path.dsv
[0.730s] -- Up-to-date: /home/sentry/Wolf-Moon/install/nav2_common/share/nav2_common/local_setup.bash
[0.730s] -- Up-to-date: /home/sentry/Wolf-Moon/install/nav2_common/share/nav2_common/local_setup.sh
[0.730s] -- Up-to-date: /home/sentry/Wolf-Moon/install/nav2_common/share/nav2_common/local_setup.zsh
[0.730s] -- Up-to-date: /home/sentry/Wolf-Moon/install/nav2_common/share/nav2_common/local_setup.dsv
[0.731s] -- Installing: /home/sentry/Wolf-Moon/install/nav2_common/share/nav2_common/package.dsv
[0.732s] -- Up-to-date: /home/sentry/Wolf-Moon/install/nav2_common/share/ament_index/resource_index/packages/nav2_common
[0.732s] -- Up-to-date: /home/sentry/Wolf-Moon/install/nav2_common/share/nav2_common/cmake/nav2_common-extras.cmake
[0.732s] -- Up-to-date: /home/sentry/Wolf-Moon/install/nav2_common/share/nav2_common/cmake/nav2_commonConfig.cmake
[0.732s] -- Up-to-date: /home/sentry/Wolf-Moon/install/nav2_common/share/nav2_common/cmake/nav2_commonConfig-version.cmake
[0.733s] -- Up-to-date: /home/sentry/Wolf-Moon/install/nav2_common/share/nav2_common/package.xml
[0.733s] -- Up-to-date: /home/sentry/Wolf-Moon/install/nav2_common/share/nav2_common/cmake
[0.733s] -- Up-to-date: /home/sentry/Wolf-Moon/install/nav2_common/share/nav2_common/cmake/nav2_package.cmake
[0.736s] Invoked command in '/home/sentry/Wolf-Moon/build/nav2_common' returned '0': CMAKE_PREFIX_PATH=${CMAKE_PREFIX_PATH}:/home/sentry/Wolf-Moon/install/fake_msg_publisher:/opt/ros/galactic /usr/bin/cmake --install /home/sentry/Wolf-Moon/build/nav2_common
