-- Found ament_cmake: 1.1.6 (/opt/ros/galactic/share/ament_cmake/cmake)
-- Using PYTHON_EXECUTABLE: /usr/bin/python3
-- Found rclcpp: 9.2.2 (/opt/ros/galactic/share/rclcpp/cmake)
-- Using all available rosidl_typesupport_c: rosidl_typesupport_fastrtps_c;rosidl_typesupport_introspection_c
-- Found rosidl_adapter: 2.2.3 (/opt/ros/galactic/share/rosidl_adapter/cmake)
-- Using all available rosidl_typesupport_cpp: rosidl_typesupport_fastrtps_cpp;rosidl_typesupport_introspection_cpp
-- Found rmw_implementation_cmake: 3.3.1 (/opt/ros/galactic/share/rmw_implementation_cmake/cmake)
-- Found rmw_cyclonedds_cpp: 0.22.6 (/opt/ros/galactic/share/rmw_cyclonedds_cpp/cmake)
-- Using RMW implementation 'rmw_cyclonedds_cpp' as default
-- Found rclcpp_components: 9.2.2 (/opt/ros/galactic/share/rclcpp_components/cmake)
-- Found tf2: 0.17.5 (/opt/ros/galactic/share/tf2/cmake)
-- Found tf2_ros: 0.17.5 (/opt/ros/galactic/share/tf2_ros/cmake)
-- Found nav2_msgs: 1.0.12 (/home/sentry/Wolf-Moon/install/nav2_msgs/share/nav2_msgs/cmake)
CMake Error at CMakeLists.txt:15 (find_package):
  By not providing "Findnav2_costmap_2d.cmake" in CMAKE_MODULE_PATH this
  project has asked CMake to find a package configuration file provided by
  "nav2_costmap_2d", but CMake did not find one.

  Could not find a package configuration file provided by "nav2_costmap_2d"
  with any of the following names:

    nav2_costmap_2dConfig.cmake
    nav2_costmap_2d-config.cmake

  Add the installation prefix of "nav2_costmap_2d" to CMAKE_PREFIX_PATH or
  set "nav2_costmap_2d_DIR" to a directory containing one of the above files.
  If "nav2_costmap_2d" provides a separate development package or SDK, be
  sure it has been installed.


-- Configuring incomplete, errors occurred!
See also "/home/sentry/Wolf-Moon/build/navigation_planning/CMakeFiles/CMakeOutput.log".
See also "/home/sentry/Wolf-Moon/build/navigation_planning/CMakeFiles/CMakeError.log".
