[0.674s] Invoking command in '/home/sentry/Wolf-Moon/src/fake_msg_publisher': AMENT_PREFIX_PATH=/home/sentry/Wolf-Moon/install/auto_aim_interfaces:${AMENT_PREFIX_PATH} CMAKE_PREFIX_PATH=/home/sentry/Wolf-Moon/install/auto_aim_interfaces LD_LIBRARY_PATH=/home/sentry/Wolf-Moon/install/auto_aim_interfaces/lib:/opt/MVS/lib/64:/opt/MVS/lib/32:/home/sentry/TUP2024-Sentry-Framework/src/IG_LIO_SLAM/ThirdParty/octomap-Dynamic_point_cloud_removal/lib:/opt/intel/openvino_2022/tools/compile_tool:/opt/intel/openvino_2022/runtime/3rdparty/hddl/lib:/opt/intel/openvino_2022/runtime/lib/intel64:/opt/MVS/lib/64:/opt/MVS/lib/32:/usr/lib/x86_64-linux-gnu/gazebo-11/plugins:/opt/ros/galactic/opt/yaml_cpp_vendor/lib:/opt/ros/galactic/opt/rviz_ogre_vendor/lib:/opt/ros/galactic/lib/x86_64-linux-gnu:/opt/ros/galactic/lib:/home/sentry/TUP2024-Sentry-Framework/src/IG_LIO_SLAM/ThirdParty/octomap-Dynamic_point_cloud_removal/lib:/opt/intel/openvino_2022/tools/compile_tool:/opt/intel/openvino_2022/runtime/3rdparty/hddl/lib:/opt/intel/openvino_2022/runtime/lib/intel64:/opt/MVS/lib/64:/opt/MVS/lib/32:/opt/MVS/lib/64:/opt/MVS/lib/32:/usr/local/opencv4/lib:/usr/local/opencv4/lib PYTHONPATH=/home/sentry/Wolf-Moon/build/fake_msg_publisher/prefix_override:/usr/lib/python3/dist-packages/colcon_core/task/python/colcon_distutils_commands:/home/sentry/Wolf-Moon/install/fake_msg_publisher/lib/python3.8/site-packages:/home/sentry/Wolf-Moon/install/auto_aim_interfaces/lib/python3.8/site-packages:/opt/intel/openvino_2022/python/python3.8:/opt/intel/openvino_2022/python/python3:/opt/ros/galactic/lib/python3.8/site-packages:/opt/intel/openvino_2022/python/python3.8:/opt/intel/openvino_2022/python/python3 /usr/bin/python3 -W ignore:setup.py install is deprecated -W ignore:easy_install command is deprecated setup.py egg_info --egg-base ../../build/fake_msg_publisher build --build-base /home/sentry/Wolf-Moon/build/fake_msg_publisher/build install --record /home/sentry/Wolf-Moon/build/fake_msg_publisher/install.log --single-version-externally-managed install_data
[1.068s] running egg_info
[1.069s] writing ../../build/fake_msg_publisher/fake_msg_publisher.egg-info/PKG-INFO
[1.069s] writing dependency_links to ../../build/fake_msg_publisher/fake_msg_publisher.egg-info/dependency_links.txt
[1.069s] writing entry points to ../../build/fake_msg_publisher/fake_msg_publisher.egg-info/entry_points.txt
[1.069s] writing requirements to ../../build/fake_msg_publisher/fake_msg_publisher.egg-info/requires.txt
[1.069s] writing top-level names to ../../build/fake_msg_publisher/fake_msg_publisher.egg-info/top_level.txt
[1.103s] reading manifest file '../../build/fake_msg_publisher/fake_msg_publisher.egg-info/SOURCES.txt'
[1.103s] writing manifest file '../../build/fake_msg_publisher/fake_msg_publisher.egg-info/SOURCES.txt'
[1.103s] running build
[1.107s] running build_py
[1.107s] running install
[1.110s] running install_lib
[1.111s] running install_data
[1.111s] running install_egg_info
[1.111s] removing '/home/sentry/Wolf-Moon/install/fake_msg_publisher/lib/python3.8/site-packages/fake_msg_publisher-0.0.0-py3.8.egg-info' (and everything under it)
[1.111s] Copying ../../build/fake_msg_publisher/fake_msg_publisher.egg-info to /home/sentry/Wolf-Moon/install/fake_msg_publisher/lib/python3.8/site-packages/fake_msg_publisher-0.0.0-py3.8.egg-info
[1.111s] running install_scripts
[1.128s] Installing fake_msg_publisher_node script to /home/sentry/Wolf-Moon/install/fake_msg_publisher/lib/fake_msg_publisher
[1.128s] writing list of installed files to '/home/sentry/Wolf-Moon/build/fake_msg_publisher/install.log'
[1.165s] Invoked command in '/home/sentry/Wolf-Moon/src/fake_msg_publisher' returned '0': AMENT_PREFIX_PATH=/home/sentry/Wolf-Moon/install/auto_aim_interfaces:${AMENT_PREFIX_PATH} CMAKE_PREFIX_PATH=/home/sentry/Wolf-Moon/install/auto_aim_interfaces LD_LIBRARY_PATH=/home/sentry/Wolf-Moon/install/auto_aim_interfaces/lib:/opt/MVS/lib/64:/opt/MVS/lib/32:/home/sentry/TUP2024-Sentry-Framework/src/IG_LIO_SLAM/ThirdParty/octomap-Dynamic_point_cloud_removal/lib:/opt/intel/openvino_2022/tools/compile_tool:/opt/intel/openvino_2022/runtime/3rdparty/hddl/lib:/opt/intel/openvino_2022/runtime/lib/intel64:/opt/MVS/lib/64:/opt/MVS/lib/32:/usr/lib/x86_64-linux-gnu/gazebo-11/plugins:/opt/ros/galactic/opt/yaml_cpp_vendor/lib:/opt/ros/galactic/opt/rviz_ogre_vendor/lib:/opt/ros/galactic/lib/x86_64-linux-gnu:/opt/ros/galactic/lib:/home/sentry/TUP2024-Sentry-Framework/src/IG_LIO_SLAM/ThirdParty/octomap-Dynamic_point_cloud_removal/lib:/opt/intel/openvino_2022/tools/compile_tool:/opt/intel/openvino_2022/runtime/3rdparty/hddl/lib:/opt/intel/openvino_2022/runtime/lib/intel64:/opt/MVS/lib/64:/opt/MVS/lib/32:/opt/MVS/lib/64:/opt/MVS/lib/32:/usr/local/opencv4/lib:/usr/local/opencv4/lib PYTHONPATH=/home/sentry/Wolf-Moon/build/fake_msg_publisher/prefix_override:/usr/lib/python3/dist-packages/colcon_core/task/python/colcon_distutils_commands:/home/sentry/Wolf-Moon/install/fake_msg_publisher/lib/python3.8/site-packages:/home/sentry/Wolf-Moon/install/auto_aim_interfaces/lib/python3.8/site-packages:/opt/intel/openvino_2022/python/python3.8:/opt/intel/openvino_2022/python/python3:/opt/ros/galactic/lib/python3.8/site-packages:/opt/intel/openvino_2022/python/python3.8:/opt/intel/openvino_2022/python/python3 /usr/bin/python3 -W ignore:setup.py install is deprecated -W ignore:easy_install command is deprecated setup.py egg_info --egg-base ../../build/fake_msg_publisher build --build-base /home/sentry/Wolf-Moon/build/fake_msg_publisher/build install --record /home/sentry/Wolf-Moon/build/fake_msg_publisher/install.log --single-version-externally-managed install_data
