[0.059s] Invoking command in '/home/sentry/Wolf-Moon/build/nav2_lifecycle_manager': AMENT_PREFIX_PATH=/home/sentry/Wolf-Moon/install/nav2_util:/home/sentry/Wolf-Moon/install/nav2_msgs:/home/sentry/Wolf-Moon/install/nav2_common:${AMENT_PREFIX_PATH} CMAKE_PREFIX_PATH=/home/sentry/Wolf-Moon/install/nav2_util:/home/sentry/Wolf-Moon/install/nav2_msgs:/home/sentry/Wolf-Moon/install/nav2_common:/opt/ros/galactic LD_LIBRARY_PATH=/home/sentry/Wolf-Moon/install/nav2_util/lib:/home/sentry/Wolf-Moon/install/nav2_msgs/lib:/opt/MVS/lib/64:/opt/MVS/lib/32:/usr/lib/x86_64-linux-gnu/gazebo-11/plugins:/opt/ros/galactic/opt/yaml_cpp_vendor/lib:/opt/ros/galactic/opt/rviz_ogre_vendor/lib:/opt/ros/galactic/lib/x86_64-linux-gnu:/opt/ros/galactic/lib:/home/sentry/TUP2024-Sentry-Framework/src/IG_LIO_SLAM/ThirdParty/octomap-Dynamic_point_cloud_removal/lib:/opt/intel/openvino_2022/tools/compile_tool:/opt/intel/openvino_2022/runtime/3rdparty/hddl/lib:/opt/intel/openvino_2022/runtime/lib/intel64:/opt/MVS/lib/64:/opt/MVS/lib/32:/opt/MVS/lib/64:/opt/MVS/lib/32:/usr/local/opencv4/lib PYTHONPATH=/home/sentry/Wolf-Moon/install/nav2_msgs/lib/python3.8/site-packages:/home/sentry/Wolf-Moon/install/nav2_common/lib/python3.8/site-packages:/opt/ros/galactic/lib/python3.8/site-packages:/opt/intel/openvino_2022/python/python3.8:/opt/intel/openvino_2022/python/python3 /usr/bin/cmake /home/sentry/Wolf-Moon/src/ThirdParty/navigation2/nav2_lifecycle_manager -DCMAKE_INSTALL_PREFIX=/home/sentry/Wolf-Moon/install/nav2_lifecycle_manager
[0.241s] -- The C compiler identification is GNU 9.4.0
[0.437s] -- The CXX compiler identification is GNU 9.4.0
[0.444s] -- Check for working C compiler: /usr/bin/cc
[0.773s] -- Check for working C compiler: /usr/bin/cc -- works
[0.773s] -- Detecting C compiler ABI info
[1.173s] -- Detecting C compiler ABI info - done
[1.181s] -- Detecting C compile features
[1.198s] -- Detecting C compile features - done
[1.207s] -- Check for working CXX compiler: /usr/bin/c++
[1.677s] -- Check for working CXX compiler: /usr/bin/c++ -- works
[1.677s] -- Detecting CXX compiler ABI info
[2.160s] -- Detecting CXX compiler ABI info - done
[2.201s] -- Detecting CXX compile features
[2.202s] -- Detecting CXX compile features - done
[2.209s] -- Found ament_cmake: 1.1.6 (/opt/ros/galactic/share/ament_cmake/cmake)
[2.316s] -- Found PythonInterp: /usr/bin/python3 (found suitable version "3.8.10", minimum required is "3") 
[2.317s] -- Using PYTHON_EXECUTABLE: /usr/bin/python3
[2.689s] -- Found geometry_msgs: 2.2.4 (/opt/ros/galactic/share/geometry_msgs/cmake)
[2.787s] -- Using all available rosidl_typesupport_c: rosidl_typesupport_fastrtps_c;rosidl_typesupport_introspection_c
[2.815s] -- Found rosidl_adapter: 2.2.3 (/opt/ros/galactic/share/rosidl_adapter/cmake)
[3.404s] -- Found OpenSSL: /usr/lib/x86_64-linux-gnu/libcrypto.so (found version "1.1.1f")  
[3.527s] -- Found FastRTPS: /opt/ros/galactic/include  
[3.817s] -- Using all available rosidl_typesupport_cpp: rosidl_typesupport_fastrtps_cpp;rosidl_typesupport_introspection_cpp
[4.177s] -- Found lifecycle_msgs: 1.0.3 (/opt/ros/galactic/share/lifecycle_msgs/cmake)
[4.215s] -- Found nav2_common: 1.0.12 (/home/sentry/Wolf-Moon/install/nav2_common/share/nav2_common/cmake)
[4.216s] -- Found nav2_msgs: 1.0.12 (/home/sentry/Wolf-Moon/install/nav2_msgs/share/nav2_msgs/cmake)
[5.534s] -- Found nav2_util: 1.0.12 (/home/sentry/Wolf-Moon/install/nav2_util/share/nav2_util/cmake)
[5.831s] -- Found rmw_implementation_cmake: 3.3.1 (/opt/ros/galactic/share/rmw_implementation_cmake/cmake)
[5.834s] -- Found rmw_cyclonedds_cpp: 0.22.6 (/opt/ros/galactic/share/rmw_cyclonedds_cpp/cmake)
[5.893s] -- Using RMW implementation 'rmw_cyclonedds_cpp' as default
[5.894s] -- Looking for pthread.h
[6.307s] -- Looking for pthread.h - found
[6.307s] -- Performing Test CMAKE_HAVE_LIBC_PTHREAD
[6.742s] -- Performing Test CMAKE_HAVE_LIBC_PTHREAD - Failed
[6.743s] -- Looking for pthread_create in pthreads
[7.101s] -- Looking for pthread_create in pthreads - not found
[7.101s] -- Looking for pthread_create in pthread
[7.498s] -- Looking for pthread_create in pthread - found
[7.500s] -- Found Threads: TRUE  
[9.654s] -- Found eigen3_cmake_module: 0.1.1 (/opt/ros/galactic/share/eigen3_cmake_module/cmake)
[9.659s] -- Found Eigen3: TRUE (found version "3.3.7") 
[10.410s] -- Found std_srvs: 2.2.4 (/opt/ros/galactic/share/std_srvs/cmake)
[10.442s] -- Setting build type to Release as none was specified.
[12.359s] -- Found ament_lint_auto: 0.10.7 (/opt/ros/galactic/share/ament_lint_auto/cmake)
[12.633s] -- Found gtest sources under '/opt/ros/galactic/src/gtest_vendor': C++ tests using 'Google Test' will be built
[12.641s] -- Check if compiler accepts -pthread
[12.838s] -- Check if compiler accepts -pthread - yes
[14.234s] -- Added test 'copyright' to check source files copyright and LICENSE
[14.236s] -- Added test 'cppcheck' to perform static code analysis on C / C++ code
[14.236s] -- Configured cppcheck include dirs: /home/sentry/Wolf-Moon/src/ThirdParty/navigation2/nav2_lifecycle_manager/include
[14.236s] -- Configured cppcheck exclude dirs and/or files: 
[14.238s] -- Added test 'cpplint' to check C / C++ code against the Google style
[14.239s] -- Configured cpplint exclude dirs and/or files: 
[14.240s] -- Added test 'flake8' to check Python code syntax and style conventions
[14.240s] -- Added test 'lint_cmake' to check CMake code style
[14.241s] -- Added test 'pep257' to check Python code against some of the style conventions in PEP 257
[14.243s] -- Added test 'uncrustify' to check C / C++ code style
[14.243s] -- Configured uncrustify additional arguments: 
[14.244s] -- Added test 'xmllint' to check XML markup files
[14.265s] -- Configuring done
[14.625s] -- Generating done
[14.800s] -- Build files have been written to: /home/sentry/Wolf-Moon/build/nav2_lifecycle_manager
