[0.039s] Invoking command in '/home/sentry/Wolf-Moon/build/nav2_behavior_tree': AMENT_PREFIX_PATH=/home/sentry/Wolf-Moon/install/nav2_util:/home/sentry/Wolf-Moon/install/nav2_msgs:/home/sentry/Wolf-Moon/install/nav2_common:${AMENT_PREFIX_PATH} CMAKE_PREFIX_PATH=/home/sentry/Wolf-Moon/install/nav2_util:/home/sentry/Wolf-Moon/install/nav2_msgs:/home/sentry/Wolf-Moon/install/nav2_common:/opt/ros/galactic LD_LIBRARY_PATH=/home/sentry/Wolf-Moon/install/nav2_util/lib:/home/sentry/Wolf-Moon/install/nav2_msgs/lib:/opt/MVS/lib/64:/opt/MVS/lib/32:/usr/lib/x86_64-linux-gnu/gazebo-11/plugins:/opt/ros/galactic/opt/yaml_cpp_vendor/lib:/opt/ros/galactic/opt/rviz_ogre_vendor/lib:/opt/ros/galactic/lib/x86_64-linux-gnu:/opt/ros/galactic/lib:/home/sentry/TUP2024-Sentry-Framework/src/IG_LIO_SLAM/ThirdParty/octomap-Dynamic_point_cloud_removal/lib:/opt/intel/openvino_2022/tools/compile_tool:/opt/intel/openvino_2022/runtime/3rdparty/hddl/lib:/opt/intel/openvino_2022/runtime/lib/intel64:/opt/MVS/lib/64:/opt/MVS/lib/32:/opt/MVS/lib/64:/opt/MVS/lib/32:/usr/local/opencv4/lib PYTHONPATH=/home/sentry/Wolf-Moon/install/nav2_msgs/lib/python3.8/site-packages:/home/sentry/Wolf-Moon/install/nav2_common/lib/python3.8/site-packages:/opt/ros/galactic/lib/python3.8/site-packages:/opt/intel/openvino_2022/python/python3.8:/opt/intel/openvino_2022/python/python3 /usr/bin/cmake /home/sentry/Wolf-Moon/src/ThirdParty/navigation2/nav2_behavior_tree -DCMAKE_INSTALL_PREFIX=/home/sentry/Wolf-Moon/install/nav2_behavior_tree
[0.540s] -- The CXX compiler identification is GNU 9.4.0
[0.540s] -- Check for working CXX compiler: /usr/bin/c++
[0.723s] -- Check for working CXX compiler: /usr/bin/c++ -- works
[0.725s] -- Detecting CXX compiler ABI info
[1.205s] -- Detecting CXX compiler ABI info - done
[1.236s] -- Detecting CXX compile features
[1.244s] -- Detecting CXX compile features - done
[1.249s] -- Found ament_cmake: 1.1.6 (/opt/ros/galactic/share/ament_cmake/cmake)
[1.376s] -- Found PythonInterp: /usr/bin/python3 (found suitable version "3.8.10", minimum required is "3") 
[1.376s] -- Using PYTHON_EXECUTABLE: /usr/bin/python3
[1.677s] -- Found nav2_common: 1.0.12 (/home/sentry/Wolf-Moon/install/nav2_common/share/nav2_common/cmake)
[1.677s] -- Found rclcpp: 9.2.2 (/opt/ros/galactic/share/rclcpp/cmake)
[1.869s] -- Using all available rosidl_typesupport_c: rosidl_typesupport_fastrtps_c;rosidl_typesupport_introspection_c
[1.925s] -- Found rosidl_adapter: 2.2.3 (/opt/ros/galactic/share/rosidl_adapter/cmake)
[2.534s] -- Found OpenSSL: /usr/lib/x86_64-linux-gnu/libcrypto.so (found version "1.1.1f")  
[2.681s] -- Found FastRTPS: /opt/ros/galactic/include  
[3.060s] -- Using all available rosidl_typesupport_cpp: rosidl_typesupport_fastrtps_cpp;rosidl_typesupport_introspection_cpp
[3.353s] -- Found rmw_implementation_cmake: 3.3.1 (/opt/ros/galactic/share/rmw_implementation_cmake/cmake)
[3.371s] -- Found rmw_cyclonedds_cpp: 0.22.6 (/opt/ros/galactic/share/rmw_cyclonedds_cpp/cmake)
[3.471s] -- Using RMW implementation 'rmw_cyclonedds_cpp' as default
[3.478s] -- Looking for C++ include pthread.h
[4.058s] -- Looking for C++ include pthread.h - found
[4.059s] -- Performing Test CMAKE_HAVE_LIBC_PTHREAD
[4.553s] -- Performing Test CMAKE_HAVE_LIBC_PTHREAD - Failed
[4.553s] -- Looking for pthread_create in pthreads
[5.013s] -- Looking for pthread_create in pthreads - not found
[5.014s] -- Looking for pthread_create in pthread
[5.492s] -- Looking for pthread_create in pthread - found
[5.495s] -- Found Threads: TRUE  
[6.054s] -- Found rclcpp_action: 9.2.2 (/opt/ros/galactic/share/rclcpp_action/cmake)
[6.336s] -- Found rclcpp_lifecycle: 9.2.2 (/opt/ros/galactic/share/rclcpp_lifecycle/cmake)
[6.441s] -- Found geometry_msgs: 2.2.4 (/opt/ros/galactic/share/geometry_msgs/cmake)
[6.605s] -- Found sensor_msgs: 2.2.4 (/opt/ros/galactic/share/sensor_msgs/cmake)
[6.990s] -- Found nav2_msgs: 1.0.12 (/home/sentry/Wolf-Moon/install/nav2_msgs/share/nav2_msgs/cmake)
[8.560s] -- Found tf2_ros: 0.17.5 (/opt/ros/galactic/share/tf2_ros/cmake)
[9.657s] -- Found tf2_geometry_msgs: 0.17.5 (/opt/ros/galactic/share/tf2_geometry_msgs/cmake)
[9.686s] -- Found eigen3_cmake_module: 0.1.1 (/opt/ros/galactic/share/eigen3_cmake_module/cmake)
[9.691s] -- Found Eigen3: TRUE (found version "3.3.7") 
[9.782s] -- Found std_srvs: 2.2.4 (/opt/ros/galactic/share/std_srvs/cmake)
[9.813s] -- Found nav2_util: 1.0.12 (/home/sentry/Wolf-Moon/install/nav2_util/share/nav2_util/cmake)
[10.407s] -- Setting build type to Release as none was specified.
[36.453s] -- Found ament_lint_auto: 0.10.7 (/opt/ros/galactic/share/ament_lint_auto/cmake)
[36.687s] -- Found gtest sources under '/opt/ros/galactic/src/gtest_vendor': C++ tests using 'Google Test' will be built
[36.751s] -- The C compiler identification is GNU 9.4.0
[36.758s] -- Check for working C compiler: /usr/bin/cc
[37.075s] -- Check for working C compiler: /usr/bin/cc -- works
[37.077s] -- Detecting C compiler ABI info
[37.415s] -- Detecting C compiler ABI info - done
[37.450s] -- Detecting C compile features
[37.451s] -- Detecting C compile features - done
[37.454s] -- Check if compiler accepts -pthread
[37.849s] -- Check if compiler accepts -pthread - yes
[54.799s] -- Added test 'copyright' to check source files copyright and LICENSE
[54.807s] -- Added test 'cppcheck' to perform static code analysis on C / C++ code
[54.813s] -- Configured cppcheck include dirs: /home/sentry/Wolf-Moon/src/ThirdParty/navigation2/nav2_behavior_tree/include
[54.813s] -- Configured cppcheck exclude dirs and/or files: 
[54.820s] -- Added test 'cpplint' to check C / C++ code against the Google style
[54.820s] -- Configured cpplint exclude dirs and/or files: 
[54.823s] -- Added test 'lint_cmake' to check CMake code style
[54.831s] -- Added test 'uncrustify' to check C / C++ code style
[54.832s] -- Configured uncrustify additional arguments: 
[54.833s] -- Added test 'xmllint' to check XML markup files
[54.844s] -- Configuring done
[56.735s] -- Generating done
[57.828s] -- Build files have been written to: /home/sentry/Wolf-Moon/build/nav2_behavior_tree
