[01m[K/home/sentry/Wolf-Moon/src/navigation_planning/src/way_planner_node.cpp:[m[K In member function ‘[01m[Kbool navigation::MapData::loadMapFromFile()[m[K’:
[01m[K/home/sentry/Wolf-Moon/src/navigation_planning/src/way_planner_node.cpp:81:36:[m[K [01;35m[Kwarning: [m[Kcomparison of integer expressions of different signedness: ‘[01m[Kunsigned int[m[K’ and ‘[01m[Kint[m[K’ [[01;35m[K-Wsign-compare[m[K]
   81 |         for (unsigned int y = 0; [01;35m[Ky < map_image.rows[m[K; ++y)
      |                                  [01;35m[K~~^~~~~~~~~~~~~~~~[m[K
[01m[K/home/sentry/Wolf-Moon/src/navigation_planning/src/way_planner_node.cpp:83:40:[m[K [01;35m[Kwarning: [m[Kcomparison of integer expressions of different signedness: ‘[01m[Kunsigned int[m[K’ and ‘[01m[Kint[m[K’ [[01;35m[K-Wsign-compare[m[K]
   83 |             for (unsigned int x = 0; [01;35m[Kx < map_image.cols[m[K; ++x)
      |                                      [01;35m[K~~^~~~~~~~~~~~~~~~[m[K
[01m[K/home/sentry/Wolf-Moon/src/navigation_planning/src/way_planner_node.cpp:[m[K In member function ‘[01m[Krclcpp_action::GoalResponse navigation::WayPlannerNode::handleGoal(const GoalUUID&, std::shared_ptr<const nav2_msgs::action::NavigateToPose_Goal_<std::allocator<void> > >)[m[K’:
[01m[K/home/sentry/Wolf-Moon/src/navigation_planning/src/way_planner_node.cpp:180:91:[m[K [01;35m[Kwarning: [m[Kunused parameter ‘[01m[Kuuid[m[K’ [[01;35m[K-Wunused-parameter[m[K]
  180 |     rclcpp_action::GoalResponse WayPlannerNode::handleGoal([01;35m[Kconst rclcpp_action::GoalUUID &uuid[m[K,
      |                                                            [01;35m[K~~~~~~~~~~~~~~~~~~~~~~~~~~~~~~~^~~~[m[K
[01m[K/home/sentry/Wolf-Moon/src/navigation_planning/src/way_planner_node.cpp:[m[K In member function ‘[01m[Kbool navigation::WayPlannerNode::isGoalValid(const PoseStamped&)[m[K’:
[01m[K/home/sentry/Wolf-Moon/src/navigation_planning/src/way_planner_node.cpp:196:77:[m[K [01;35m[Kwarning: [m[Kunused parameter ‘[01m[Kpose[m[K’ [[01;35m[K-Wunused-parameter[m[K]
  196 |     bool WayPlannerNode::isGoalValid([01;35m[Kconst geometry_msgs::msg::PoseStamped &pose[m[K)
      |                                      [01;35m[K~~~~~~~~~~~~~~~~~~~~~~~~~~~~~~~~~~~~~~~^~~~[m[K
[01m[K/home/sentry/Wolf-Moon/src/navigation_planning/src/way_planner_node.cpp:[m[K In member function ‘[01m[Krclcpp_action::CancelResponse navigation::WayPlannerNode::handleCancel(std::shared_ptr<rclcpp_action::ServerGoalHandle<nav2_msgs::action::NavigateToPose> >)[m[K’:
[01m[K/home/sentry/Wolf-Moon/src/navigation_planning/src/way_planner_node.cpp:201:154:[m[K [01;35m[Kwarning: [m[Kunused parameter ‘[01m[Kgoal_handle[m[K’ [[01;35m[K-Wunused-parameter[m[K]
  201 | ction::CancelResponse WayPlannerNode::handleCancel([01;35m[Kconst std::shared_ptr<rclcpp_action::ServerGoalHandle<nav2_msgs::action::NavigateToPose>> goal_handle[m[K)
      |                                                    [01;35m[K~~~~~~~~~~~~~~~~~~~~~~~~~~~~~~~~~~~~~~~~~~~~~~~~~~~~~~~~~~~~~~~~~~~~~~~~~~~~~~~~~~~~~~~~~~^~~~~~~~~~~[m[K

[01m[K/home/sentry/Wolf-Moon/src/navigation_planning/src/way_planner_node.cpp:[m[K In member function ‘[01m[Kvoid navigation::WayPlannerNode::run()[m[K’:
[01m[K/home/sentry/Wolf-Moon/src/navigation_planning/src/way_planner_node.cpp:229:63:[m[K [01;31m[Kerror: [m[Kno match for ‘[01m[Koperator=[m[K’ (operand types are ‘[01m[Kgeometry_msgs::msg::TransformStamped_<std::allocator<void> >::SharedPtr[m[K’ {aka ‘[01m[Kstd::shared_ptr<geometry_msgs::msg::TransformStamped_<std::allocator<void> > >[m[K’} and ‘[01m[Kgeometry_msgs::msg::TransformStamped[m[K’ {aka ‘[01m[Kgeometry_msgs::msg::TransformStamped_<std::allocator<void> >[m[K’})
  229 |                         "map", "base_link", tf2::TimePointZero[01;31m[K)[m[K;
      |                                                               [01;31m[K^[m[K
In file included from [01m[K/usr/include/c++/9/memory:81[m[K,
                 from [01m[K/opt/ros/galactic/include/rclcpp/rclcpp.hpp:154[m[K,
                 from [01m[K/home/sentry/Wolf-Moon/src/navigation_planning/src/../include/way_planner_node.hpp:1[m[K,
                 from [01m[K/home/sentry/Wolf-Moon/src/navigation_planning/src/way_planner_node.cpp:1[m[K:
[01m[K/usr/include/c++/9/bits/shared_ptr.h:309:19:[m[K [01;36m[Knote: [m[Kcandidate: ‘[01m[Kstd::shared_ptr<_Tp>& std::shared_ptr<_Tp>::operator=(const std::shared_ptr<_Tp>&) [with _Tp = geometry_msgs::msg::TransformStamped_<std::allocator<void> >][m[K’
  309 |       shared_ptr& [01;36m[Koperator[m[K=(const shared_ptr&) noexcept = default;
      |                   [01;36m[K^~~~~~~~[m[K
[01m[K/usr/include/c++/9/bits/shared_ptr.h:309:29:[m[K [01;36m[Knote: [m[K  no known conversion for argument 1 from ‘[01m[Kgeometry_msgs::msg::TransformStamped[m[K’ {aka ‘[01m[Kgeometry_msgs::msg::TransformStamped_<std::allocator<void> >[m[K’} to ‘[01m[Kconst std::shared_ptr<geometry_msgs::msg::TransformStamped_<std::allocator<void> > >&[m[K’
  309 |       shared_ptr& operator=([01;36m[Kconst shared_ptr&[m[K) noexcept = default;
      |                             [01;36m[K^~~~~~~~~~~~~~~~~[m[K
[01m[K/usr/include/c++/9/bits/shared_ptr.h:313:2:[m[K [01;36m[Knote: [m[Kcandidate: ‘[01m[Ktemplate<class _Yp> std::shared_ptr<_Tp>::_Assignable<const std::shared_ptr<_Yp>&> std::shared_ptr<_Tp>::operator=(const std::shared_ptr<_Yp>&) [with _Yp = _Yp; _Tp = geometry_msgs::msg::TransformStamped_<std::allocator<void> >][m[K’
  313 |  [01;36m[Koperator[m[K=(const shared_ptr<_Yp>& __r) noexcept
      |  [01;36m[K^~~~~~~~[m[K
[01m[K/usr/include/c++/9/bits/shared_ptr.h:313:2:[m[K [01;36m[Knote: [m[K  template argument deduction/substitution failed:
[01m[K/home/sentry/Wolf-Moon/src/navigation_planning/src/way_planner_node.cpp:229:63:[m[K [01;36m[Knote: [m[K  ‘[01m[Kgeometry_msgs::msg::TransformStamped[m[K’ {aka ‘[01m[Kgeometry_msgs::msg::TransformStamped_<std::allocator<void> >[m[K’} is not derived from ‘[01m[Kconst std::shared_ptr<_Tp>[m[K’
  229 |                         "map", "base_link", tf2::TimePointZero[01;36m[K)[m[K;
      |                                                               [01;36m[K^[m[K
In file included from [01m[K/usr/include/c++/9/memory:81[m[K,
                 from [01m[K/opt/ros/galactic/include/rclcpp/rclcpp.hpp:154[m[K,
                 from [01m[K/home/sentry/Wolf-Moon/src/navigation_planning/src/../include/way_planner_node.hpp:1[m[K,
                 from [01m[K/home/sentry/Wolf-Moon/src/navigation_planning/src/way_planner_node.cpp:1[m[K:
[01m[K/usr/include/c++/9/bits/shared_ptr.h:324:2:[m[K [01;36m[Knote: [m[Kcandidate: ‘[01m[Ktemplate<class _Yp> std::shared_ptr<_Tp>::_Assignable<std::auto_ptr<_Up> > std::shared_ptr<_Tp>::operator=(std::auto_ptr<_Up>&&) [with _Yp = _Yp; _Tp = geometry_msgs::msg::TransformStamped_<std::allocator<void> >][m[K’
  324 |  [01;36m[Koperator[m[K=(auto_ptr<_Yp>&& __r)
      |  [01;36m[K^~~~~~~~[m[K
[01m[K/usr/include/c++/9/bits/shared_ptr.h:324:2:[m[K [01;36m[Knote: [m[K  template argument deduction/substitution failed:
[01m[K/home/sentry/Wolf-Moon/src/navigation_planning/src/way_planner_node.cpp:229:63:[m[K [01;36m[Knote: [m[K  ‘[01m[Kgeometry_msgs::msg::TransformStamped[m[K’ {aka ‘[01m[Kgeometry_msgs::msg::TransformStamped_<std::allocator<void> >[m[K’} is not derived from ‘[01m[Kstd::auto_ptr<_Up>[m[K’
  229 |                         "map", "base_link", tf2::TimePointZero[01;36m[K)[m[K;
      |                                                               [01;36m[K^[m[K
In file included from [01m[K/usr/include/c++/9/memory:81[m[K,
                 from [01m[K/opt/ros/galactic/include/rclcpp/rclcpp.hpp:154[m[K,
                 from [01m[K/home/sentry/Wolf-Moon/src/navigation_planning/src/../include/way_planner_node.hpp:1[m[K,
                 from [01m[K/home/sentry/Wolf-Moon/src/navigation_planning/src/way_planner_node.cpp:1[m[K:
[01m[K/usr/include/c++/9/bits/shared_ptr.h:333:7:[m[K [01;36m[Knote: [m[Kcandidate: ‘[01m[Kstd::shared_ptr<_Tp>& std::shared_ptr<_Tp>::operator=(std::shared_ptr<_Tp>&&) [with _Tp = geometry_msgs::msg::TransformStamped_<std::allocator<void> >][m[K’
  333 |       [01;36m[Koperator[m[K=(shared_ptr&& __r) noexcept
      |       [01;36m[K^~~~~~~~[m[K
[01m[K/usr/include/c++/9/bits/shared_ptr.h:333:30:[m[K [01;36m[Knote: [m[K  no known conversion for argument 1 from ‘[01m[Kgeometry_msgs::msg::TransformStamped[m[K’ {aka ‘[01m[Kgeometry_msgs::msg::TransformStamped_<std::allocator<void> >[m[K’} to ‘[01m[Kstd::shared_ptr<geometry_msgs::msg::TransformStamped_<std::allocator<void> > >&&[m[K’
  333 |       operator=([01;36m[Kshared_ptr&& __r[m[K) noexcept
      |                 [01;36m[K~~~~~~~~~~~~~^~~[m[K
[01m[K/usr/include/c++/9/bits/shared_ptr.h:341:2:[m[K [01;36m[Knote: [m[Kcandidate: ‘[01m[Ktemplate<class _Yp> std::shared_ptr<_Tp>::_Assignable<std::shared_ptr<_Yp> > std::shared_ptr<_Tp>::operator=(std::shared_ptr<_Yp>&&) [with _Yp = _Yp; _Tp = geometry_msgs::msg::TransformStamped_<std::allocator<void> >][m[K’
  341 |  [01;36m[Koperator[m[K=(shared_ptr<_Yp>&& __r) noexcept
      |  [01;36m[K^~~~~~~~[m[K
[01m[K/usr/include/c++/9/bits/shared_ptr.h:341:2:[m[K [01;36m[Knote: [m[K  template argument deduction/substitution failed:
[01m[K/home/sentry/Wolf-Moon/src/navigation_planning/src/way_planner_node.cpp:229:63:[m[K [01;36m[Knote: [m[K  ‘[01m[Kgeometry_msgs::msg::TransformStamped[m[K’ {aka ‘[01m[Kgeometry_msgs::msg::TransformStamped_<std::allocator<void> >[m[K’} is not derived from ‘[01m[Kstd::shared_ptr<_Tp>[m[K’
  229 |                         "map", "base_link", tf2::TimePointZero[01;36m[K)[m[K;
      |                                                               [01;36m[K^[m[K
In file included from [01m[K/usr/include/c++/9/memory:81[m[K,
                 from [01m[K/opt/ros/galactic/include/rclcpp/rclcpp.hpp:154[m[K,
                 from [01m[K/home/sentry/Wolf-Moon/src/navigation_planning/src/../include/way_planner_node.hpp:1[m[K,
                 from [01m[K/home/sentry/Wolf-Moon/src/navigation_planning/src/way_planner_node.cpp:1[m[K:
[01m[K/usr/include/c++/9/bits/shared_ptr.h:349:2:[m[K [01;36m[Knote: [m[Kcandidate: ‘[01m[Ktemplate<class _Yp, class _Del> std::shared_ptr<_Tp>::_Assignable<std::unique_ptr<_Up, _Ep> > std::shared_ptr<_Tp>::operator=(std::unique_ptr<_Up, _Ep>&&) [with _Yp = _Yp; _Del = _Del; _Tp = geometry_msgs::msg::TransformStamped_<std::allocator<void> >][m[K’
  349 |  [01;36m[Koperator[m[K=(unique_ptr<_Yp, _Del>&& __r)
      |  [01;36m[K^~~~~~~~[m[K
[01m[K/usr/include/c++/9/bits/shared_ptr.h:349:2:[m[K [01;36m[Knote: [m[K  template argument deduction/substitution failed:
[01m[K/home/sentry/Wolf-Moon/src/navigation_planning/src/way_planner_node.cpp:229:63:[m[K [01;36m[Knote: [m[K  ‘[01m[Kgeometry_msgs::msg::TransformStamped[m[K’ {aka ‘[01m[Kgeometry_msgs::msg::TransformStamped_<std::allocator<void> >[m[K’} is not derived from ‘[01m[Kstd::unique_ptr<_Tp, _Dp>[m[K’
  229 |                         "map", "base_link", tf2::TimePointZero[01;36m[K)[m[K;
      |                                                               [01;36m[K^[m[K
[01m[K/home/sentry/Wolf-Moon/src/navigation_planning/src/way_planner_node.cpp:232:37:[m[K [01;31m[Kerror: [m[K‘[01m[Ktransform[m[K’ was not declared in this scope
  232 |                     start_pos.x() = [01;31m[Ktransform[m[K.transform.translation.x;
      |                                     [01;31m[K^~~~~~~~~[m[K
[01m[K/home/sentry/Wolf-Moon/src/navigation_planning/src/way_planner_node.cpp:232:37:[m[K [01;36m[Knote: [m[Ksuggested alternatives:
In file included from [01m[K/usr/include/c++/9/algorithm:71[m[K,
                 from [01m[K/opt/ros/galactic/include/rclcpp/executor.hpp:18[m[K,
                 from [01m[K/opt/ros/galactic/include/rclcpp/executors/multi_threaded_executor.hpp:26[m[K,
                 from [01m[K/opt/ros/galactic/include/rclcpp/executors.hpp:21[m[K,
                 from [01m[K/opt/ros/galactic/include/rclcpp/rclcpp.hpp:156[m[K,
                 from [01m[K/home/sentry/Wolf-Moon/src/navigation_planning/src/../include/way_planner_node.hpp:1[m[K,
                 from [01m[K/home/sentry/Wolf-Moon/src/navigation_planning/src/way_planner_node.cpp:1[m[K:
[01m[K/usr/include/c++/9/pstl/glue_algorithm_defs.h:162:1:[m[K [01;36m[Knote: [m[K  ‘[01m[Kstd::transform[m[K’
  162 | [01;36m[Ktransform[m[K(_ExecutionPolicy&& __exec, _ForwardIterator1 __first1, _ForwardIterator1 __last1, _ForwardIterator2 __first2,
      | [01;36m[K^~~~~~~~~[m[K
In file included from [01m[K/usr/local/opencv4/include/opencv4/opencv2/core/core.hpp:48[m[K,
                 from [01m[K/home/sentry/Wolf-Moon/install/cv_bridge/include/cv_bridge/cv_bridge.h:43[m[K,
                 from [01m[K/home/sentry/Wolf-Moon/install/grid_map_ros/include/grid_map_ros/GridMapRosConverter.hpp:26[m[K,
                 from [01m[K/home/sentry/Wolf-Moon/install/grid_map_ros/include/grid_map_ros/grid_map_ros.hpp:14[m[K,
                 from [01m[K/home/sentry/Wolf-Moon/src/navigation_planning/src/../include/way_planner_node.hpp:15[m[K,
                 from [01m[K/home/sentry/Wolf-Moon/src/navigation_planning/src/way_planner_node.cpp:1[m[K:
[01m[K/usr/local/opencv4/include/opencv4/opencv2/core.hpp:1776:19:[m[K [01;36m[Knote: [m[K  ‘[01m[Kcv::transform[m[K’
 1776 | CV_EXPORTS_W void [01;36m[Ktransform[m[K(InputArray src, OutputArray dst, InputArray m );
      |                   [01;36m[K^~~~~~~~~[m[K
make[2]: *** [CMakeFiles/way_planner_node.dir/build.make:63: CMakeFiles/way_planner_node.dir/src/way_planner_node.cpp.o] Error 1
make[1]: *** [CMakeFiles/Makefile2:78: CMakeFiles/way_planner_node.dir/all] Error 2
make: *** [Makefile:141: all] Error 2
