[0.122s] Invoking command in '/home/sentry/Wolf-Moon/build/nav2_map_server': AMENT_PREFIX_PATH=/home/sentry/Wolf-Moon/install/nav2_util:/home/sentry/Wolf-Moon/install/nav2_msgs:/home/sentry/Wolf-Moon/install/nav2_common:${AMENT_PREFIX_PATH} CMAKE_PREFIX_PATH=/home/sentry/Wolf-Moon/install/nav2_util:/home/sentry/Wolf-Moon/install/nav2_msgs:/home/sentry/Wolf-Moon/install/nav2_common:/opt/ros/galactic LD_LIBRARY_PATH=/home/sentry/Wolf-Moon/install/nav2_util/lib:/home/sentry/Wolf-Moon/install/nav2_msgs/lib:/opt/MVS/lib/64:/opt/MVS/lib/32:/usr/lib/x86_64-linux-gnu/gazebo-11/plugins:/opt/ros/galactic/opt/yaml_cpp_vendor/lib:/opt/ros/galactic/opt/rviz_ogre_vendor/lib:/opt/ros/galactic/lib/x86_64-linux-gnu:/opt/ros/galactic/lib:/home/sentry/TUP2024-Sentry-Framework/src/IG_LIO_SLAM/ThirdParty/octomap-Dynamic_point_cloud_removal/lib:/opt/intel/openvino_2022/tools/compile_tool:/opt/intel/openvino_2022/runtime/3rdparty/hddl/lib:/opt/intel/openvino_2022/runtime/lib/intel64:/opt/MVS/lib/64:/opt/MVS/lib/32:/opt/MVS/lib/64:/opt/MVS/lib/32:/usr/local/opencv4/lib PYTHONPATH=/home/sentry/Wolf-Moon/install/nav2_msgs/lib/python3.8/site-packages:/home/sentry/Wolf-Moon/install/nav2_common/lib/python3.8/site-packages:/opt/ros/galactic/lib/python3.8/site-packages:/opt/intel/openvino_2022/python/python3.8:/opt/intel/openvino_2022/python/python3 /usr/bin/cmake /home/sentry/Wolf-Moon/src/ThirdParty/navigation2/nav2_map_server -DCMAKE_INSTALL_PREFIX=/home/sentry/Wolf-Moon/install/nav2_map_server
[4.646s] -- The C compiler identification is GNU 9.4.0
[4.646s] -- The CXX compiler identification is GNU 9.4.0
[4.646s] -- Check for working C compiler: /usr/bin/cc
[4.646s] -- Check for working C compiler: /usr/bin/cc -- works
[4.646s] -- Detecting C compiler ABI info
[4.646s] -- Detecting C compiler ABI info - done
[4.647s] -- Detecting C compile features
[4.647s] -- Detecting C compile features - done
[4.647s] -- Check for working CXX compiler: /usr/bin/c++
[4.647s] -- Check for working CXX compiler: /usr/bin/c++ -- works
[4.647s] -- Detecting CXX compiler ABI info
[4.647s] -- Detecting CXX compiler ABI info - done
[4.647s] -- Detecting CXX compile features
[4.647s] -- Detecting CXX compile features - done
[4.647s] -- Found ament_cmake: 1.1.6 (/opt/ros/galactic/share/ament_cmake/cmake)
[4.647s] -- Found PythonInterp: /usr/bin/python3 (found suitable version "3.8.10", minimum required is "3") 
[4.648s] -- Using PYTHON_EXECUTABLE: /usr/bin/python3
[4.648s] -- Found nav2_common: 1.0.12 (/home/sentry/Wolf-Moon/install/nav2_common/share/nav2_common/cmake)
[4.648s] -- Found rclcpp: 9.2.2 (/opt/ros/galactic/share/rclcpp/cmake)
[4.648s] -- Using all available rosidl_typesupport_c: rosidl_typesupport_fastrtps_c;rosidl_typesupport_introspection_c
[4.648s] -- Found rosidl_adapter: 2.2.3 (/opt/ros/galactic/share/rosidl_adapter/cmake)
[4.648s] -- Found OpenSSL: /usr/lib/x86_64-linux-gnu/libcrypto.so (found version "1.1.1f")  
[4.648s] -- Found FastRTPS: /opt/ros/galactic/include  
[4.648s] -- Using all available rosidl_typesupport_cpp: rosidl_typesupport_fastrtps_cpp;rosidl_typesupport_introspection_cpp
[4.648s] -- Found rmw_implementation_cmake: 3.3.1 (/opt/ros/galactic/share/rmw_implementation_cmake/cmake)
[4.648s] -- Found rmw_cyclonedds_cpp: 0.22.6 (/opt/ros/galactic/share/rmw_cyclonedds_cpp/cmake)
[4.648s] -- Using RMW implementation 'rmw_cyclonedds_cpp' as default
[4.653s] -- Looking for pthread.h
[5.092s] -- Looking for pthread.h - found
[5.092s] -- Performing Test CMAKE_HAVE_LIBC_PTHREAD
[5.529s] -- Performing Test CMAKE_HAVE_LIBC_PTHREAD - Failed
[5.529s] -- Looking for pthread_create in pthreads
[5.934s] -- Looking for pthread_create in pthreads - not found
[5.935s] -- Looking for pthread_create in pthread
[6.408s] -- Looking for pthread_create in pthread - found
[6.409s] -- Found Threads: TRUE  
[7.258s] -- Found rclcpp_lifecycle: 9.2.2 (/opt/ros/galactic/share/rclcpp_lifecycle/cmake)
[7.486s] -- Found nav_msgs: 2.2.4 (/opt/ros/galactic/share/nav_msgs/cmake)
[8.103s] -- Found nav2_msgs: 1.0.12 (/home/sentry/Wolf-Moon/install/nav2_msgs/share/nav2_msgs/cmake)
[9.451s] -- Found yaml_cpp_vendor: 7.1.1 (/opt/ros/galactic/share/yaml_cpp_vendor/cmake)
[9.456s] -- Found tf2: 0.17.5 (/opt/ros/galactic/share/tf2/cmake)
[9.496s] -- Found nav2_util: 1.0.12 (/home/sentry/Wolf-Moon/install/nav2_util/share/nav2_util/cmake)
[10.877s] -- Found eigen3_cmake_module: 0.1.1 (/opt/ros/galactic/share/eigen3_cmake_module/cmake)
[10.882s] -- Found Eigen3: TRUE (found version "3.3.7") 
[11.527s] -- Found GRAPHICSMAGICKCPP: /usr/include/GraphicsMagick  
[11.537s] -- Setting build type to Release as none was specified.
[17.041s] -- Found ament_lint_auto: 0.10.7 (/opt/ros/galactic/share/ament_lint_auto/cmake)
[17.381s] -- Found gtest sources under '/opt/ros/galactic/src/gtest_vendor': C++ tests using 'Google Test' will be built
[17.407s] -- Check if compiler accepts -pthread
[17.786s] -- Check if compiler accepts -pthread - yes
[17.797s] -- Found gtest sources under '/opt/ros/galactic/src/gtest_vendor': C++ tests using 'Google Test' will be built
[17.823s] -- Found gtest sources under '/opt/ros/galactic/src/gtest_vendor': C++ tests using 'Google Test' will be built
[17.855s] -- Added test 'cppcheck' to perform static code analysis on C / C++ code
[17.857s] -- Configured cppcheck include dirs: /home/sentry/Wolf-Moon/src/ThirdParty/navigation2/nav2_map_server/include
[17.857s] -- Configured cppcheck exclude dirs and/or files: 
[17.861s] -- Added test 'cpplint' to check C / C++ code against the Google style
[17.861s] -- Configured cpplint exclude dirs and/or files: 
[17.865s] -- Added test 'flake8' to check Python code syntax and style conventions
[17.870s] -- Added test 'lint_cmake' to check CMake code style
[17.872s] -- Added test 'pep257' to check Python code against some of the style conventions in PEP 257
[17.886s] -- Added test 'uncrustify' to check C / C++ code style
[17.886s] -- Configured uncrustify additional arguments: 
[17.888s] -- Added test 'xmllint' to check XML markup files
[17.913s] -- Configuring done
[18.795s] -- Generating done
[19.157s] -- Build files have been written to: /home/sentry/Wolf-Moon/build/nav2_map_server
