[  1%] [34m[1mGenerating C++ code for ROS interfaces[0m
[  2%] [34m[1mGenerating C code for ROS interfaces[0m
[  2%] Built target grid_map_msgs__cpp
[  5%] [34m[1mGenerating C++ type support dispatch for ROS interfaces[0m
[  5%] [34m[1mGenerating C++ introspection for ROS interfaces[0m
[  7%] [34m[1mGenerating C++ type support for eProsima Fast-RTPS[0m
[35m[1mScanning dependencies of target grid_map_msgs__rosidl_typesupport_cpp[0m
[35m[1mScanning dependencies of target grid_map_msgs__rosidl_generator_c[0m
[  8%] [32mBuilding CXX object CMakeFiles/grid_map_msgs__rosidl_typesupport_cpp.dir/rosidl_typesupport_cpp/grid_map_msgs/msg/grid_map_info__type_support.cpp.o[0m
[  9%] [32mBuilding CXX object CMakeFiles/grid_map_msgs__rosidl_typesupport_cpp.dir/rosidl_typesupport_cpp/grid_map_msgs/srv/set_grid_map__type_support.cpp.o[0m
[ 11%] [32mBuilding CXX object CMakeFiles/grid_map_msgs__rosidl_typesupport_cpp.dir/rosidl_typesupport_cpp/grid_map_msgs/msg/grid_map__type_support.cpp.o[0m
[ 12%] [32mBuilding C object CMakeFiles/grid_map_msgs__rosidl_generator_c.dir/rosidl_generator_c/grid_map_msgs/msg/detail/grid_map__functions.c.o[0m
[ 14%] [32mBuilding C object CMakeFiles/grid_map_msgs__rosidl_generator_c.dir/rosidl_generator_c/grid_map_msgs/msg/detail/grid_map_info__functions.c.o[0m
[ 15%] [32mBuilding C object CMakeFiles/grid_map_msgs__rosidl_generator_c.dir/rosidl_generator_c/grid_map_msgs/srv/detail/set_grid_map__functions.c.o[0m
[ 16%] [32mBuilding C object CMakeFiles/grid_map_msgs__rosidl_generator_c.dir/rosidl_generator_c/grid_map_msgs/srv/detail/get_grid_map__functions.c.o[0m
[ 18%] [32mBuilding CXX object CMakeFiles/grid_map_msgs__rosidl_typesupport_cpp.dir/rosidl_typesupport_cpp/grid_map_msgs/srv/get_grid_map__type_support.cpp.o[0m
[ 19%] [32mBuilding C object CMakeFiles/grid_map_msgs__rosidl_generator_c.dir/rosidl_generator_c/grid_map_msgs/srv/detail/get_grid_map_info__functions.c.o[0m
[ 21%] [32mBuilding CXX object CMakeFiles/grid_map_msgs__rosidl_typesupport_cpp.dir/rosidl_typesupport_cpp/grid_map_msgs/srv/get_grid_map_info__type_support.cpp.o[0m
[ 22%] [32mBuilding C object CMakeFiles/grid_map_msgs__rosidl_generator_c.dir/rosidl_generator_c/grid_map_msgs/srv/detail/process_file__functions.c.o[0m
[ 23%] [32mBuilding CXX object CMakeFiles/grid_map_msgs__rosidl_typesupport_cpp.dir/rosidl_typesupport_cpp/grid_map_msgs/srv/process_file__type_support.cpp.o[0m
[ 25%] [32m[1mLinking C shared library libgrid_map_msgs__rosidl_generator_c.so[0m
[ 25%] Built target grid_map_msgs__rosidl_generator_c
[ 26%] [34m[1mGenerating C type support dispatch for ROS interfaces[0m
[ 28%] [34m[1mGenerating C introspection for ROS interfaces[0m
[35m[1mScanning dependencies of target grid_map_msgs__rosidl_typesupport_introspection_cpp[0m
[ 29%] [32mBuilding CXX object CMakeFiles/grid_map_msgs__rosidl_typesupport_introspection_cpp.dir/rosidl_typesupport_introspection_cpp/grid_map_msgs/msg/detail/grid_map_info__type_support.cpp.o[0m
[ 30%] [32mBuilding CXX object CMakeFiles/grid_map_msgs__rosidl_typesupport_introspection_cpp.dir/rosidl_typesupport_introspection_cpp/grid_map_msgs/msg/detail/grid_map__type_support.cpp.o[0m
[ 32%] [32mBuilding CXX object CMakeFiles/grid_map_msgs__rosidl_typesupport_introspection_cpp.dir/rosidl_typesupport_introspection_cpp/grid_map_msgs/srv/detail/set_grid_map__type_support.cpp.o[0m
[ 33%] [32mBuilding CXX object CMakeFiles/grid_map_msgs__rosidl_typesupport_introspection_cpp.dir/rosidl_typesupport_introspection_cpp/grid_map_msgs/srv/detail/get_grid_map__type_support.cpp.o[0m
[35m[1mScanning dependencies of target grid_map_msgs__rosidl_typesupport_fastrtps_cpp[0m
[ 35%] [32mBuilding CXX object CMakeFiles/grid_map_msgs__rosidl_typesupport_fastrtps_cpp.dir/rosidl_typesupport_fastrtps_cpp/grid_map_msgs/msg/detail/dds_fastrtps/grid_map_info__type_support.cpp.o[0m
[ 36%] [32m[1mLinking CXX shared library libgrid_map_msgs__rosidl_typesupport_cpp.so[0m
[ 36%] Built target grid_map_msgs__rosidl_typesupport_cpp
[ 38%] [32mBuilding CXX object CMakeFiles/grid_map_msgs__rosidl_typesupport_fastrtps_cpp.dir/rosidl_typesupport_fastrtps_cpp/grid_map_msgs/srv/detail/dds_fastrtps/process_file__type_support.cpp.o[0m
[ 39%] [32mBuilding CXX object CMakeFiles/grid_map_msgs__rosidl_typesupport_introspection_cpp.dir/rosidl_typesupport_introspection_cpp/grid_map_msgs/srv/detail/process_file__type_support.cpp.o[0m
[35m[1mScanning dependencies of target grid_map_msgs__rosidl_typesupport_c[0m
[ 40%] [32mBuilding CXX object CMakeFiles/grid_map_msgs__rosidl_typesupport_c.dir/rosidl_typesupport_c/grid_map_msgs/msg/grid_map_info__type_support.cpp.o[0m
[35m[1mScanning dependencies of target grid_map_msgs__rosidl_typesupport_introspection_c[0m
[ 42%] [32mBuilding C object CMakeFiles/grid_map_msgs__rosidl_typesupport_introspection_c.dir/rosidl_typesupport_introspection_c/grid_map_msgs/msg/detail/grid_map_info__type_support.c.o[0m
[ 43%] [32mBuilding CXX object CMakeFiles/grid_map_msgs__rosidl_typesupport_c.dir/rosidl_typesupport_c/grid_map_msgs/srv/get_grid_map__type_support.cpp.o[0m
[ 45%] [32mBuilding C object CMakeFiles/grid_map_msgs__rosidl_typesupport_introspection_c.dir/rosidl_typesupport_introspection_c/grid_map_msgs/msg/detail/grid_map__type_support.c.o[0m
[ 46%] [32mBuilding CXX object CMakeFiles/grid_map_msgs__rosidl_typesupport_c.dir/rosidl_typesupport_c/grid_map_msgs/srv/get_grid_map_info__type_support.cpp.o[0m
[ 47%] [32mBuilding C object CMakeFiles/grid_map_msgs__rosidl_typesupport_introspection_c.dir/rosidl_typesupport_introspection_c/grid_map_msgs/srv/detail/set_grid_map__type_support.c.o[0m
[ 49%] [32mBuilding CXX object CMakeFiles/grid_map_msgs__rosidl_typesupport_c.dir/rosidl_typesupport_c/grid_map_msgs/srv/process_file__type_support.cpp.o[0m
[ 50%] [32mBuilding C object CMakeFiles/grid_map_msgs__rosidl_typesupport_introspection_c.dir/rosidl_typesupport_introspection_c/grid_map_msgs/srv/detail/get_grid_map__type_support.c.o[0m
[ 52%] [32mBuilding CXX object CMakeFiles/grid_map_msgs__rosidl_typesupport_c.dir/rosidl_typesupport_c/grid_map_msgs/srv/set_grid_map__type_support.cpp.o[0m
[ 53%] [32mBuilding C object CMakeFiles/grid_map_msgs__rosidl_typesupport_introspection_c.dir/rosidl_typesupport_introspection_c/grid_map_msgs/srv/detail/process_file__type_support.c.o[0m
[ 54%] [32mBuilding CXX object CMakeFiles/grid_map_msgs__rosidl_typesupport_c.dir/rosidl_typesupport_c/grid_map_msgs/msg/grid_map__type_support.cpp.o[0m
[ 56%] [32mBuilding C object CMakeFiles/grid_map_msgs__rosidl_typesupport_introspection_c.dir/rosidl_typesupport_introspection_c/grid_map_msgs/srv/detail/get_grid_map_info__type_support.c.o[0m
[ 57%] [32mBuilding CXX object CMakeFiles/grid_map_msgs__rosidl_typesupport_introspection_cpp.dir/rosidl_typesupport_introspection_cpp/grid_map_msgs/srv/detail/get_grid_map_info__type_support.cpp.o[0m
[ 59%] [32m[1mLinking CXX shared library libgrid_map_msgs__rosidl_typesupport_c.so[0m
[ 60%] [32m[1mLinking C shared library libgrid_map_msgs__rosidl_typesupport_introspection_c.so[0m
[ 61%] [32mBuilding CXX object CMakeFiles/grid_map_msgs__rosidl_typesupport_fastrtps_cpp.dir/rosidl_typesupport_fastrtps_cpp/grid_map_msgs/srv/detail/dds_fastrtps/get_grid_map_info__type_support.cpp.o[0m
[ 61%] Built target grid_map_msgs__rosidl_typesupport_c
[ 61%] Built target grid_map_msgs__rosidl_typesupport_introspection_c
[ 63%] [32m[1mLinking CXX shared library libgrid_map_msgs__rosidl_typesupport_introspection_cpp.so[0m
[ 63%] Built target grid_map_msgs__rosidl_typesupport_introspection_cpp
[ 64%] [32mBuilding CXX object CMakeFiles/grid_map_msgs__rosidl_typesupport_fastrtps_cpp.dir/rosidl_typesupport_fastrtps_cpp/grid_map_msgs/srv/detail/dds_fastrtps/get_grid_map__type_support.cpp.o[0m
[ 66%] [32mBuilding CXX object CMakeFiles/grid_map_msgs__rosidl_typesupport_fastrtps_cpp.dir/rosidl_typesupport_fastrtps_cpp/grid_map_msgs/srv/detail/dds_fastrtps/set_grid_map__type_support.cpp.o[0m
[ 67%] [32mBuilding CXX object CMakeFiles/grid_map_msgs__rosidl_typesupport_fastrtps_cpp.dir/rosidl_typesupport_fastrtps_cpp/grid_map_msgs/msg/detail/dds_fastrtps/grid_map__type_support.cpp.o[0m
[ 69%] [32m[1mLinking CXX shared library libgrid_map_msgs__rosidl_typesupport_fastrtps_cpp.so[0m
[ 69%] Built target grid_map_msgs__rosidl_typesupport_fastrtps_cpp
[ 70%] [34m[1mGenerating C type support for eProsima Fast-RTPS[0m
[35m[1mScanning dependencies of target grid_map_msgs__rosidl_typesupport_fastrtps_c[0m
[ 71%] [32mBuilding CXX object CMakeFiles/grid_map_msgs__rosidl_typesupport_fastrtps_c.dir/rosidl_typesupport_fastrtps_c/grid_map_msgs/msg/detail/grid_map_info__type_support_c.cpp.o[0m
[ 73%] [32mBuilding CXX object CMakeFiles/grid_map_msgs__rosidl_typesupport_fastrtps_c.dir/rosidl_typesupport_fastrtps_c/grid_map_msgs/srv/detail/process_file__type_support_c.cpp.o[0m
[ 74%] [32mBuilding CXX object CMakeFiles/grid_map_msgs__rosidl_typesupport_fastrtps_c.dir/rosidl_typesupport_fastrtps_c/grid_map_msgs/srv/detail/get_grid_map_info__type_support_c.cpp.o[0m
[ 76%] [32mBuilding CXX object CMakeFiles/grid_map_msgs__rosidl_typesupport_fastrtps_c.dir/rosidl_typesupport_fastrtps_c/grid_map_msgs/srv/detail/get_grid_map__type_support_c.cpp.o[0m
[ 77%] [32mBuilding CXX object CMakeFiles/grid_map_msgs__rosidl_typesupport_fastrtps_c.dir/rosidl_typesupport_fastrtps_c/grid_map_msgs/srv/detail/set_grid_map__type_support_c.cpp.o[0m
[ 78%] [32mBuilding CXX object CMakeFiles/grid_map_msgs__rosidl_typesupport_fastrtps_c.dir/rosidl_typesupport_fastrtps_c/grid_map_msgs/msg/detail/grid_map__type_support_c.cpp.o[0m
[ 80%] [32m[1mLinking CXX shared library libgrid_map_msgs__rosidl_typesupport_fastrtps_c.so[0m
[ 80%] Built target grid_map_msgs__rosidl_typesupport_fastrtps_c
[35m[1mScanning dependencies of target grid_map_msgs[0m
[ 80%] Built target grid_map_msgs
[35m[1mScanning dependencies of target grid_map_msgs__py[0m
[ 81%] [34m[1mGenerating Python code for ROS interfaces[0m
[ 81%] Built target grid_map_msgs__py
[35m[1mScanning dependencies of target grid_map_msgs__python[0m
[ 83%] [32mBuilding C object CMakeFiles/grid_map_msgs__python.dir/rosidl_generator_py/grid_map_msgs/msg/_grid_map_info_s.c.o[0m
[ 84%] [32mBuilding C object CMakeFiles/grid_map_msgs__python.dir/rosidl_generator_py/grid_map_msgs/srv/_process_file_s.c.o[0m
[ 85%] [32mBuilding C object CMakeFiles/grid_map_msgs__python.dir/rosidl_generator_py/grid_map_msgs/srv/_get_grid_map_info_s.c.o[0m
[ 87%] [32mBuilding C object CMakeFiles/grid_map_msgs__python.dir/rosidl_generator_py/grid_map_msgs/srv/_get_grid_map_s.c.o[0m
[ 88%] [32mBuilding C object CMakeFiles/grid_map_msgs__python.dir/rosidl_generator_py/grid_map_msgs/srv/_set_grid_map_s.c.o[0m
[ 90%] [32mBuilding C object CMakeFiles/grid_map_msgs__python.dir/rosidl_generator_py/grid_map_msgs/msg/_grid_map_s.c.o[0m
[ 91%] [32m[1mLinking C shared library rosidl_generator_py/grid_map_msgs/libgrid_map_msgs__python.so[0m
[ 91%] Built target grid_map_msgs__python
[35m[1mScanning dependencies of target grid_map_msgs__rosidl_typesupport_introspection_c__pyext[0m
[ 92%] [32mBuilding C object CMakeFiles/grid_map_msgs__rosidl_typesupport_introspection_c__pyext.dir/rosidl_generator_py/grid_map_msgs/_grid_map_msgs_s.ep.rosidl_typesupport_introspection_c.c.o[0m
[ 94%] [32m[1mLinking C shared library rosidl_generator_py/grid_map_msgs/grid_map_msgs_s__rosidl_typesupport_introspection_c.cpython-38-x86_64-linux-gnu.so[0m
[ 94%] Built target grid_map_msgs__rosidl_typesupport_introspection_c__pyext
[35m[1mScanning dependencies of target grid_map_msgs__rosidl_typesupport_c__pyext[0m
[ 95%] [32mBuilding C object CMakeFiles/grid_map_msgs__rosidl_typesupport_c__pyext.dir/rosidl_generator_py/grid_map_msgs/_grid_map_msgs_s.ep.rosidl_typesupport_c.c.o[0m
[ 97%] [32m[1mLinking C shared library rosidl_generator_py/grid_map_msgs/grid_map_msgs_s__rosidl_typesupport_c.cpython-38-x86_64-linux-gnu.so[0m
[ 97%] Built target grid_map_msgs__rosidl_typesupport_c__pyext
[35m[1mScanning dependencies of target grid_map_msgs__rosidl_typesupport_fastrtps_c__pyext[0m
[ 98%] [32mBuilding C object CMakeFiles/grid_map_msgs__rosidl_typesupport_fastrtps_c__pyext.dir/rosidl_generator_py/grid_map_msgs/_grid_map_msgs_s.ep.rosidl_typesupport_fastrtps_c.c.o[0m
[100%] [32m[1mLinking CXX shared library rosidl_generator_py/grid_map_msgs/grid_map_msgs_s__rosidl_typesupport_fastrtps_c.cpython-38-x86_64-linux-gnu.so[0m
[100%] Built target grid_map_msgs__rosidl_typesupport_fastrtps_c__pyext
-- Install configuration: "Release"
-- Installing: /home/sentry/Wolf-Moon/install/grid_map_msgs/share/ament_index/resource_index/rosidl_interfaces/grid_map_msgs
-- Installing: /home/sentry/Wolf-Moon/install/grid_map_msgs/include/grid_map_msgs
-- Installing: /home/sentry/Wolf-Moon/install/grid_map_msgs/include/grid_map_msgs/msg
-- Installing: /home/sentry/Wolf-Moon/install/grid_map_msgs/include/grid_map_msgs/msg/grid_map_info.h
-- Installing: /home/sentry/Wolf-Moon/install/grid_map_msgs/include/grid_map_msgs/msg/grid_map.h
-- Installing: /home/sentry/Wolf-Moon/install/grid_map_msgs/include/grid_map_msgs/msg/detail
-- Installing: /home/sentry/Wolf-Moon/install/grid_map_msgs/include/grid_map_msgs/msg/detail/grid_map_info__type_support.h
-- Installing: /home/sentry/Wolf-Moon/install/grid_map_msgs/include/grid_map_msgs/msg/detail/grid_map__functions.c
-- Installing: /home/sentry/Wolf-Moon/install/grid_map_msgs/include/grid_map_msgs/msg/detail/grid_map__functions.h
-- Installing: /home/sentry/Wolf-Moon/install/grid_map_msgs/include/grid_map_msgs/msg/detail/grid_map_info__struct.h
-- Installing: /home/sentry/Wolf-Moon/install/grid_map_msgs/include/grid_map_msgs/msg/detail/grid_map__type_support.h
-- Installing: /home/sentry/Wolf-Moon/install/grid_map_msgs/include/grid_map_msgs/msg/detail/grid_map__struct.h
-- Installing: /home/sentry/Wolf-Moon/install/grid_map_msgs/include/grid_map_msgs/msg/detail/grid_map_info__functions.h
-- Installing: /home/sentry/Wolf-Moon/install/grid_map_msgs/include/grid_map_msgs/msg/detail/grid_map_info__functions.c
-- Installing: /home/sentry/Wolf-Moon/install/grid_map_msgs/include/grid_map_msgs/msg/rosidl_generator_c__visibility_control.h
-- Installing: /home/sentry/Wolf-Moon/install/grid_map_msgs/include/grid_map_msgs/srv
-- Installing: /home/sentry/Wolf-Moon/install/grid_map_msgs/include/grid_map_msgs/srv/get_grid_map_info.h
-- Installing: /home/sentry/Wolf-Moon/install/grid_map_msgs/include/grid_map_msgs/srv/detail
-- Installing: /home/sentry/Wolf-Moon/install/grid_map_msgs/include/grid_map_msgs/srv/detail/get_grid_map_info__struct.h
-- Installing: /home/sentry/Wolf-Moon/install/grid_map_msgs/include/grid_map_msgs/srv/detail/get_grid_map__functions.c
-- Installing: /home/sentry/Wolf-Moon/install/grid_map_msgs/include/grid_map_msgs/srv/detail/process_file__functions.c
-- Installing: /home/sentry/Wolf-Moon/install/grid_map_msgs/include/grid_map_msgs/srv/detail/set_grid_map__functions.c
-- Installing: /home/sentry/Wolf-Moon/install/grid_map_msgs/include/grid_map_msgs/srv/detail/process_file__functions.h
-- Installing: /home/sentry/Wolf-Moon/install/grid_map_msgs/include/grid_map_msgs/srv/detail/process_file__type_support.h
-- Installing: /home/sentry/Wolf-Moon/install/grid_map_msgs/include/grid_map_msgs/srv/detail/set_grid_map__functions.h
-- Installing: /home/sentry/Wolf-Moon/install/grid_map_msgs/include/grid_map_msgs/srv/detail/get_grid_map__functions.h
-- Installing: /home/sentry/Wolf-Moon/install/grid_map_msgs/include/grid_map_msgs/srv/detail/get_grid_map_info__functions.h
-- Installing: /home/sentry/Wolf-Moon/install/grid_map_msgs/include/grid_map_msgs/srv/detail/set_grid_map__struct.h
-- Installing: /home/sentry/Wolf-Moon/install/grid_map_msgs/include/grid_map_msgs/srv/detail/set_grid_map__type_support.h
-- Installing: /home/sentry/Wolf-Moon/install/grid_map_msgs/include/grid_map_msgs/srv/detail/process_file__struct.h
-- Installing: /home/sentry/Wolf-Moon/install/grid_map_msgs/include/grid_map_msgs/srv/detail/get_grid_map__struct.h
-- Installing: /home/sentry/Wolf-Moon/install/grid_map_msgs/include/grid_map_msgs/srv/detail/get_grid_map_info__functions.c
-- Installing: /home/sentry/Wolf-Moon/install/grid_map_msgs/include/grid_map_msgs/srv/detail/get_grid_map_info__type_support.h
-- Installing: /home/sentry/Wolf-Moon/install/grid_map_msgs/include/grid_map_msgs/srv/detail/get_grid_map__type_support.h
-- Installing: /home/sentry/Wolf-Moon/install/grid_map_msgs/include/grid_map_msgs/srv/get_grid_map.h
-- Installing: /home/sentry/Wolf-Moon/install/grid_map_msgs/include/grid_map_msgs/srv/set_grid_map.h
-- Installing: /home/sentry/Wolf-Moon/install/grid_map_msgs/include/grid_map_msgs/srv/process_file.h
-- Installing: /home/sentry/Wolf-Moon/install/grid_map_msgs/share/grid_map_msgs/environment/library_path.sh
-- Installing: /home/sentry/Wolf-Moon/install/grid_map_msgs/share/grid_map_msgs/environment/library_path.dsv
-- Installing: /home/sentry/Wolf-Moon/install/grid_map_msgs/lib/libgrid_map_msgs__rosidl_generator_c.so
-- Set runtime path of "/home/sentry/Wolf-Moon/install/grid_map_msgs/lib/libgrid_map_msgs__rosidl_generator_c.so" to ""
-- Up-to-date: /home/sentry/Wolf-Moon/install/grid_map_msgs/include/grid_map_msgs
-- Up-to-date: /home/sentry/Wolf-Moon/install/grid_map_msgs/include/grid_map_msgs/msg
-- Up-to-date: /home/sentry/Wolf-Moon/install/grid_map_msgs/include/grid_map_msgs/msg/detail
-- Installing: /home/sentry/Wolf-Moon/install/grid_map_msgs/include/grid_map_msgs/msg/detail/grid_map_info__rosidl_typesupport_fastrtps_c.h
-- Installing: /home/sentry/Wolf-Moon/install/grid_map_msgs/include/grid_map_msgs/msg/detail/grid_map__rosidl_typesupport_fastrtps_c.h
-- Installing: /home/sentry/Wolf-Moon/install/grid_map_msgs/include/grid_map_msgs/msg/rosidl_typesupport_fastrtps_c__visibility_control.h
-- Up-to-date: /home/sentry/Wolf-Moon/install/grid_map_msgs/include/grid_map_msgs/srv
-- Up-to-date: /home/sentry/Wolf-Moon/install/grid_map_msgs/include/grid_map_msgs/srv/detail
-- Installing: /home/sentry/Wolf-Moon/install/grid_map_msgs/include/grid_map_msgs/srv/detail/set_grid_map__rosidl_typesupport_fastrtps_c.h
-- Installing: /home/sentry/Wolf-Moon/install/grid_map_msgs/include/grid_map_msgs/srv/detail/get_grid_map_info__rosidl_typesupport_fastrtps_c.h
-- Installing: /home/sentry/Wolf-Moon/install/grid_map_msgs/include/grid_map_msgs/srv/detail/get_grid_map__rosidl_typesupport_fastrtps_c.h
-- Installing: /home/sentry/Wolf-Moon/install/grid_map_msgs/include/grid_map_msgs/srv/detail/process_file__rosidl_typesupport_fastrtps_c.h
-- Installing: /home/sentry/Wolf-Moon/install/grid_map_msgs/lib/libgrid_map_msgs__rosidl_typesupport_fastrtps_c.so
-- Set runtime path of "/home/sentry/Wolf-Moon/install/grid_map_msgs/lib/libgrid_map_msgs__rosidl_typesupport_fastrtps_c.so" to ""
-- Up-to-date: /home/sentry/Wolf-Moon/install/grid_map_msgs/include/grid_map_msgs
-- Up-to-date: /home/sentry/Wolf-Moon/install/grid_map_msgs/include/grid_map_msgs/msg
-- Up-to-date: /home/sentry/Wolf-Moon/install/grid_map_msgs/include/grid_map_msgs/msg/detail
-- Installing: /home/sentry/Wolf-Moon/install/grid_map_msgs/include/grid_map_msgs/msg/detail/grid_map__rosidl_typesupport_fastrtps_cpp.hpp
-- Installing: /home/sentry/Wolf-Moon/install/grid_map_msgs/include/grid_map_msgs/msg/detail/dds_fastrtps
-- Installing: /home/sentry/Wolf-Moon/install/grid_map_msgs/include/grid_map_msgs/msg/detail/grid_map_info__rosidl_typesupport_fastrtps_cpp.hpp
-- Installing: /home/sentry/Wolf-Moon/install/grid_map_msgs/include/grid_map_msgs/msg/rosidl_typesupport_fastrtps_cpp__visibility_control.h
-- Up-to-date: /home/sentry/Wolf-Moon/install/grid_map_msgs/include/grid_map_msgs/srv
-- Up-to-date: /home/sentry/Wolf-Moon/install/grid_map_msgs/include/grid_map_msgs/srv/detail
-- Installing: /home/sentry/Wolf-Moon/install/grid_map_msgs/include/grid_map_msgs/srv/detail/get_grid_map_info__rosidl_typesupport_fastrtps_cpp.hpp
-- Installing: /home/sentry/Wolf-Moon/install/grid_map_msgs/include/grid_map_msgs/srv/detail/process_file__rosidl_typesupport_fastrtps_cpp.hpp
-- Installing: /home/sentry/Wolf-Moon/install/grid_map_msgs/include/grid_map_msgs/srv/detail/set_grid_map__rosidl_typesupport_fastrtps_cpp.hpp
-- Installing: /home/sentry/Wolf-Moon/install/grid_map_msgs/include/grid_map_msgs/srv/detail/get_grid_map__rosidl_typesupport_fastrtps_cpp.hpp
-- Installing: /home/sentry/Wolf-Moon/install/grid_map_msgs/include/grid_map_msgs/srv/detail/dds_fastrtps
-- Installing: /home/sentry/Wolf-Moon/install/grid_map_msgs/lib/libgrid_map_msgs__rosidl_typesupport_fastrtps_cpp.so
-- Set runtime path of "/home/sentry/Wolf-Moon/install/grid_map_msgs/lib/libgrid_map_msgs__rosidl_typesupport_fastrtps_cpp.so" to ""
-- Up-to-date: /home/sentry/Wolf-Moon/install/grid_map_msgs/include/grid_map_msgs
-- Up-to-date: /home/sentry/Wolf-Moon/install/grid_map_msgs/include/grid_map_msgs/msg
-- Installing: /home/sentry/Wolf-Moon/install/grid_map_msgs/include/grid_map_msgs/msg/rosidl_typesupport_introspection_c__visibility_control.h
-- Up-to-date: /home/sentry/Wolf-Moon/install/grid_map_msgs/include/grid_map_msgs/msg/detail
-- Installing: /home/sentry/Wolf-Moon/install/grid_map_msgs/include/grid_map_msgs/msg/detail/grid_map_info__type_support.c
-- Installing: /home/sentry/Wolf-Moon/install/grid_map_msgs/include/grid_map_msgs/msg/detail/grid_map__type_support.c
-- Installing: /home/sentry/Wolf-Moon/install/grid_map_msgs/include/grid_map_msgs/msg/detail/grid_map__rosidl_typesupport_introspection_c.h
-- Installing: /home/sentry/Wolf-Moon/install/grid_map_msgs/include/grid_map_msgs/msg/detail/grid_map_info__rosidl_typesupport_introspection_c.h
-- Up-to-date: /home/sentry/Wolf-Moon/install/grid_map_msgs/include/grid_map_msgs/srv
-- Up-to-date: /home/sentry/Wolf-Moon/install/grid_map_msgs/include/grid_map_msgs/srv/detail
-- Installing: /home/sentry/Wolf-Moon/install/grid_map_msgs/include/grid_map_msgs/srv/detail/get_grid_map__rosidl_typesupport_introspection_c.h
-- Installing: /home/sentry/Wolf-Moon/install/grid_map_msgs/include/grid_map_msgs/srv/detail/get_grid_map_info__rosidl_typesupport_introspection_c.h
-- Installing: /home/sentry/Wolf-Moon/install/grid_map_msgs/include/grid_map_msgs/srv/detail/set_grid_map__rosidl_typesupport_introspection_c.h
-- Installing: /home/sentry/Wolf-Moon/install/grid_map_msgs/include/grid_map_msgs/srv/detail/process_file__rosidl_typesupport_introspection_c.h
-- Installing: /home/sentry/Wolf-Moon/install/grid_map_msgs/include/grid_map_msgs/srv/detail/process_file__type_support.c
-- Installing: /home/sentry/Wolf-Moon/install/grid_map_msgs/include/grid_map_msgs/srv/detail/get_grid_map_info__type_support.c
-- Installing: /home/sentry/Wolf-Moon/install/grid_map_msgs/include/grid_map_msgs/srv/detail/set_grid_map__type_support.c
-- Installing: /home/sentry/Wolf-Moon/install/grid_map_msgs/include/grid_map_msgs/srv/detail/get_grid_map__type_support.c
-- Installing: /home/sentry/Wolf-Moon/install/grid_map_msgs/lib/libgrid_map_msgs__rosidl_typesupport_introspection_c.so
-- Set runtime path of "/home/sentry/Wolf-Moon/install/grid_map_msgs/lib/libgrid_map_msgs__rosidl_typesupport_introspection_c.so" to ""
-- Installing: /home/sentry/Wolf-Moon/install/grid_map_msgs/lib/libgrid_map_msgs__rosidl_typesupport_c.so
-- Set runtime path of "/home/sentry/Wolf-Moon/install/grid_map_msgs/lib/libgrid_map_msgs__rosidl_typesupport_c.so" to ""
-- Up-to-date: /home/sentry/Wolf-Moon/install/grid_map_msgs/include/grid_map_msgs
-- Up-to-date: /home/sentry/Wolf-Moon/install/grid_map_msgs/include/grid_map_msgs/msg
-- Installing: /home/sentry/Wolf-Moon/install/grid_map_msgs/include/grid_map_msgs/msg/grid_map_info.hpp
-- Up-to-date: /home/sentry/Wolf-Moon/install/grid_map_msgs/include/grid_map_msgs/msg/detail
-- Installing: /home/sentry/Wolf-Moon/install/grid_map_msgs/include/grid_map_msgs/msg/detail/grid_map_info__struct.hpp
-- Installing: /home/sentry/Wolf-Moon/install/grid_map_msgs/include/grid_map_msgs/msg/detail/grid_map__builder.hpp
-- Installing: /home/sentry/Wolf-Moon/install/grid_map_msgs/include/grid_map_msgs/msg/detail/grid_map_info__traits.hpp
-- Installing: /home/sentry/Wolf-Moon/install/grid_map_msgs/include/grid_map_msgs/msg/detail/grid_map_info__builder.hpp
-- Installing: /home/sentry/Wolf-Moon/install/grid_map_msgs/include/grid_map_msgs/msg/detail/grid_map__struct.hpp
-- Installing: /home/sentry/Wolf-Moon/install/grid_map_msgs/include/grid_map_msgs/msg/detail/grid_map__traits.hpp
-- Installing: /home/sentry/Wolf-Moon/install/grid_map_msgs/include/grid_map_msgs/msg/grid_map.hpp
-- Up-to-date: /home/sentry/Wolf-Moon/install/grid_map_msgs/include/grid_map_msgs/srv
-- Installing: /home/sentry/Wolf-Moon/install/grid_map_msgs/include/grid_map_msgs/srv/set_grid_map.hpp
-- Installing: /home/sentry/Wolf-Moon/install/grid_map_msgs/include/grid_map_msgs/srv/get_grid_map_info.hpp
-- Installing: /home/sentry/Wolf-Moon/install/grid_map_msgs/include/grid_map_msgs/srv/get_grid_map.hpp
-- Up-to-date: /home/sentry/Wolf-Moon/install/grid_map_msgs/include/grid_map_msgs/srv/detail
-- Installing: /home/sentry/Wolf-Moon/install/grid_map_msgs/include/grid_map_msgs/srv/detail/get_grid_map__builder.hpp
-- Installing: /home/sentry/Wolf-Moon/install/grid_map_msgs/include/grid_map_msgs/srv/detail/process_file__struct.hpp
-- Installing: /home/sentry/Wolf-Moon/install/grid_map_msgs/include/grid_map_msgs/srv/detail/get_grid_map__traits.hpp
-- Installing: /home/sentry/Wolf-Moon/install/grid_map_msgs/include/grid_map_msgs/srv/detail/get_grid_map_info__struct.hpp
-- Installing: /home/sentry/Wolf-Moon/install/grid_map_msgs/include/grid_map_msgs/srv/detail/process_file__traits.hpp
-- Installing: /home/sentry/Wolf-Moon/install/grid_map_msgs/include/grid_map_msgs/srv/detail/get_grid_map_info__builder.hpp
-- Installing: /home/sentry/Wolf-Moon/install/grid_map_msgs/include/grid_map_msgs/srv/detail/set_grid_map__traits.hpp
-- Installing: /home/sentry/Wolf-Moon/install/grid_map_msgs/include/grid_map_msgs/srv/detail/process_file__builder.hpp
-- Installing: /home/sentry/Wolf-Moon/install/grid_map_msgs/include/grid_map_msgs/srv/detail/set_grid_map__struct.hpp
-- Installing: /home/sentry/Wolf-Moon/install/grid_map_msgs/include/grid_map_msgs/srv/detail/get_grid_map_info__traits.hpp
-- Installing: /home/sentry/Wolf-Moon/install/grid_map_msgs/include/grid_map_msgs/srv/detail/get_grid_map__struct.hpp
-- Installing: /home/sentry/Wolf-Moon/install/grid_map_msgs/include/grid_map_msgs/srv/detail/set_grid_map__builder.hpp
-- Installing: /home/sentry/Wolf-Moon/install/grid_map_msgs/include/grid_map_msgs/srv/process_file.hpp
-- Up-to-date: /home/sentry/Wolf-Moon/install/grid_map_msgs/include/grid_map_msgs
-- Up-to-date: /home/sentry/Wolf-Moon/install/grid_map_msgs/include/grid_map_msgs/msg
-- Up-to-date: /home/sentry/Wolf-Moon/install/grid_map_msgs/include/grid_map_msgs/msg/detail
-- Installing: /home/sentry/Wolf-Moon/install/grid_map_msgs/include/grid_map_msgs/msg/detail/grid_map__type_support.cpp
-- Installing: /home/sentry/Wolf-Moon/install/grid_map_msgs/include/grid_map_msgs/msg/detail/grid_map__rosidl_typesupport_introspection_cpp.hpp
-- Installing: /home/sentry/Wolf-Moon/install/grid_map_msgs/include/grid_map_msgs/msg/detail/grid_map_info__type_support.cpp
-- Installing: /home/sentry/Wolf-Moon/install/grid_map_msgs/include/grid_map_msgs/msg/detail/grid_map_info__rosidl_typesupport_introspection_cpp.hpp
-- Up-to-date: /home/sentry/Wolf-Moon/install/grid_map_msgs/include/grid_map_msgs/srv
-- Up-to-date: /home/sentry/Wolf-Moon/install/grid_map_msgs/include/grid_map_msgs/srv/detail
-- Installing: /home/sentry/Wolf-Moon/install/grid_map_msgs/include/grid_map_msgs/srv/detail/get_grid_map_info__rosidl_typesupport_introspection_cpp.hpp
-- Installing: /home/sentry/Wolf-Moon/install/grid_map_msgs/include/grid_map_msgs/srv/detail/set_grid_map__rosidl_typesupport_introspection_cpp.hpp
-- Installing: /home/sentry/Wolf-Moon/install/grid_map_msgs/include/grid_map_msgs/srv/detail/process_file__rosidl_typesupport_introspection_cpp.hpp
-- Installing: /home/sentry/Wolf-Moon/install/grid_map_msgs/include/grid_map_msgs/srv/detail/get_grid_map__type_support.cpp
-- Installing: /home/sentry/Wolf-Moon/install/grid_map_msgs/include/grid_map_msgs/srv/detail/process_file__type_support.cpp
-- Installing: /home/sentry/Wolf-Moon/install/grid_map_msgs/include/grid_map_msgs/srv/detail/set_grid_map__type_support.cpp
-- Installing: /home/sentry/Wolf-Moon/install/grid_map_msgs/include/grid_map_msgs/srv/detail/get_grid_map__rosidl_typesupport_introspection_cpp.hpp
-- Installing: /home/sentry/Wolf-Moon/install/grid_map_msgs/include/grid_map_msgs/srv/detail/get_grid_map_info__type_support.cpp
-- Installing: /home/sentry/Wolf-Moon/install/grid_map_msgs/lib/libgrid_map_msgs__rosidl_typesupport_introspection_cpp.so
-- Set runtime path of "/home/sentry/Wolf-Moon/install/grid_map_msgs/lib/libgrid_map_msgs__rosidl_typesupport_introspection_cpp.so" to ""
-- Installing: /home/sentry/Wolf-Moon/install/grid_map_msgs/lib/libgrid_map_msgs__rosidl_typesupport_cpp.so
-- Set runtime path of "/home/sentry/Wolf-Moon/install/grid_map_msgs/lib/libgrid_map_msgs__rosidl_typesupport_cpp.so" to ""
-- Installing: /home/sentry/Wolf-Moon/install/grid_map_msgs/share/grid_map_msgs/environment/pythonpath.sh
-- Installing: /home/sentry/Wolf-Moon/install/grid_map_msgs/share/grid_map_msgs/environment/pythonpath.dsv
-- Installing: /home/sentry/Wolf-Moon/install/grid_map_msgs/lib/python3.8/site-packages/grid_map_msgs/__init__.py
Compiling '/home/sentry/Wolf-Moon/install/grid_map_msgs/lib/python3.8/site-packages/grid_map_msgs/__init__.py'...
-- Installing: /home/sentry/Wolf-Moon/install/grid_map_msgs/lib/python3.8/site-packages/grid_map_msgs/msg
-- Installing: /home/sentry/Wolf-Moon/install/grid_map_msgs/lib/python3.8/site-packages/grid_map_msgs/msg/_grid_map_info.py
-- Installing: /home/sentry/Wolf-Moon/install/grid_map_msgs/lib/python3.8/site-packages/grid_map_msgs/msg/_grid_map.py
-- Installing: /home/sentry/Wolf-Moon/install/grid_map_msgs/lib/python3.8/site-packages/grid_map_msgs/msg/__init__.py
-- Installing: /home/sentry/Wolf-Moon/install/grid_map_msgs/lib/python3.8/site-packages/grid_map_msgs/msg/_grid_map_s.c
-- Installing: /home/sentry/Wolf-Moon/install/grid_map_msgs/lib/python3.8/site-packages/grid_map_msgs/msg/_grid_map_info_s.c
-- Installing: /home/sentry/Wolf-Moon/install/grid_map_msgs/lib/python3.8/site-packages/grid_map_msgs/srv
-- Installing: /home/sentry/Wolf-Moon/install/grid_map_msgs/lib/python3.8/site-packages/grid_map_msgs/srv/_process_file.py
-- Installing: /home/sentry/Wolf-Moon/install/grid_map_msgs/lib/python3.8/site-packages/grid_map_msgs/srv/__init__.py
-- Installing: /home/sentry/Wolf-Moon/install/grid_map_msgs/lib/python3.8/site-packages/grid_map_msgs/srv/_get_grid_map_info_s.c
-- Installing: /home/sentry/Wolf-Moon/install/grid_map_msgs/lib/python3.8/site-packages/grid_map_msgs/srv/_get_grid_map_info.py
-- Installing: /home/sentry/Wolf-Moon/install/grid_map_msgs/lib/python3.8/site-packages/grid_map_msgs/srv/_process_file_s.c
-- Installing: /home/sentry/Wolf-Moon/install/grid_map_msgs/lib/python3.8/site-packages/grid_map_msgs/srv/_set_grid_map_s.c
-- Installing: /home/sentry/Wolf-Moon/install/grid_map_msgs/lib/python3.8/site-packages/grid_map_msgs/srv/_get_grid_map_s.c
-- Installing: /home/sentry/Wolf-Moon/install/grid_map_msgs/lib/python3.8/site-packages/grid_map_msgs/srv/_get_grid_map.py
-- Installing: /home/sentry/Wolf-Moon/install/grid_map_msgs/lib/python3.8/site-packages/grid_map_msgs/srv/_set_grid_map.py
-- Installing: /home/sentry/Wolf-Moon/install/grid_map_msgs/lib/python3.8/site-packages/grid_map_msgs/grid_map_msgs_s__rosidl_typesupport_fastrtps_c.cpython-38-x86_64-linux-gnu.so
-- Set runtime path of "/home/sentry/Wolf-Moon/install/grid_map_msgs/lib/python3.8/site-packages/grid_map_msgs/grid_map_msgs_s__rosidl_typesupport_fastrtps_c.cpython-38-x86_64-linux-gnu.so" to ""
-- Installing: /home/sentry/Wolf-Moon/install/grid_map_msgs/lib/python3.8/site-packages/grid_map_msgs/grid_map_msgs_s__rosidl_typesupport_introspection_c.cpython-38-x86_64-linux-gnu.so
-- Set runtime path of "/home/sentry/Wolf-Moon/install/grid_map_msgs/lib/python3.8/site-packages/grid_map_msgs/grid_map_msgs_s__rosidl_typesupport_introspection_c.cpython-38-x86_64-linux-gnu.so" to ""
-- Installing: /home/sentry/Wolf-Moon/install/grid_map_msgs/lib/python3.8/site-packages/grid_map_msgs/grid_map_msgs_s__rosidl_typesupport_c.cpython-38-x86_64-linux-gnu.so
-- Set runtime path of "/home/sentry/Wolf-Moon/install/grid_map_msgs/lib/python3.8/site-packages/grid_map_msgs/grid_map_msgs_s__rosidl_typesupport_c.cpython-38-x86_64-linux-gnu.so" to ""
-- Installing: /home/sentry/Wolf-Moon/install/grid_map_msgs/lib/libgrid_map_msgs__python.so
-- Set runtime path of "/home/sentry/Wolf-Moon/install/grid_map_msgs/lib/libgrid_map_msgs__python.so" to ""
-- Installing: /home/sentry/Wolf-Moon/install/grid_map_msgs/share/grid_map_msgs/msg/GridMapInfo.idl
-- Installing: /home/sentry/Wolf-Moon/install/grid_map_msgs/share/grid_map_msgs/msg/GridMap.idl
-- Installing: /home/sentry/Wolf-Moon/install/grid_map_msgs/share/grid_map_msgs/srv/SetGridMap.idl
-- Installing: /home/sentry/Wolf-Moon/install/grid_map_msgs/share/grid_map_msgs/srv/GetGridMap.idl
-- Installing: /home/sentry/Wolf-Moon/install/grid_map_msgs/share/grid_map_msgs/srv/GetGridMapInfo.idl
-- Installing: /home/sentry/Wolf-Moon/install/grid_map_msgs/share/grid_map_msgs/srv/ProcessFile.idl
-- Installing: /home/sentry/Wolf-Moon/install/grid_map_msgs/share/grid_map_msgs/msg/GridMapInfo.msg
-- Installing: /home/sentry/Wolf-Moon/install/grid_map_msgs/share/grid_map_msgs/msg/GridMap.msg
-- Installing: /home/sentry/Wolf-Moon/install/grid_map_msgs/share/grid_map_msgs/srv/SetGridMap.srv
-- Installing: /home/sentry/Wolf-Moon/install/grid_map_msgs/share/grid_map_msgs/srv/SetGridMap_Request.msg
-- Installing: /home/sentry/Wolf-Moon/install/grid_map_msgs/share/grid_map_msgs/srv/SetGridMap_Response.msg
-- Installing: /home/sentry/Wolf-Moon/install/grid_map_msgs/share/grid_map_msgs/srv/GetGridMap.srv
-- Installing: /home/sentry/Wolf-Moon/install/grid_map_msgs/share/grid_map_msgs/srv/GetGridMap_Request.msg
-- Installing: /home/sentry/Wolf-Moon/install/grid_map_msgs/share/grid_map_msgs/srv/GetGridMap_Response.msg
-- Installing: /home/sentry/Wolf-Moon/install/grid_map_msgs/share/grid_map_msgs/srv/GetGridMapInfo.srv
-- Installing: /home/sentry/Wolf-Moon/install/grid_map_msgs/share/grid_map_msgs/srv/GetGridMapInfo_Request.msg
-- Installing: /home/sentry/Wolf-Moon/install/grid_map_msgs/share/grid_map_msgs/srv/GetGridMapInfo_Response.msg
-- Installing: /home/sentry/Wolf-Moon/install/grid_map_msgs/share/grid_map_msgs/srv/ProcessFile.srv
-- Installing: /home/sentry/Wolf-Moon/install/grid_map_msgs/share/grid_map_msgs/srv/ProcessFile_Request.msg
-- Installing: /home/sentry/Wolf-Moon/install/grid_map_msgs/share/grid_map_msgs/srv/ProcessFile_Response.msg
-- Installing: /home/sentry/Wolf-Moon/install/grid_map_msgs/share/ament_index/resource_index/package_run_dependencies/grid_map_msgs
-- Installing: /home/sentry/Wolf-Moon/install/grid_map_msgs/share/ament_index/resource_index/parent_prefix_path/grid_map_msgs
-- Installing: /home/sentry/Wolf-Moon/install/grid_map_msgs/share/grid_map_msgs/environment/ament_prefix_path.sh
-- Installing: /home/sentry/Wolf-Moon/install/grid_map_msgs/share/grid_map_msgs/environment/ament_prefix_path.dsv
-- Installing: /home/sentry/Wolf-Moon/install/grid_map_msgs/share/grid_map_msgs/environment/path.sh
-- Installing: /home/sentry/Wolf-Moon/install/grid_map_msgs/share/grid_map_msgs/environment/path.dsv
-- Installing: /home/sentry/Wolf-Moon/install/grid_map_msgs/share/grid_map_msgs/local_setup.bash
-- Installing: /home/sentry/Wolf-Moon/install/grid_map_msgs/share/grid_map_msgs/local_setup.sh
-- Installing: /home/sentry/Wolf-Moon/install/grid_map_msgs/share/grid_map_msgs/local_setup.zsh
-- Installing: /home/sentry/Wolf-Moon/install/grid_map_msgs/share/grid_map_msgs/local_setup.dsv
-- Installing: /home/sentry/Wolf-Moon/install/grid_map_msgs/share/grid_map_msgs/package.dsv
-- Installing: /home/sentry/Wolf-Moon/install/grid_map_msgs/share/ament_index/resource_index/packages/grid_map_msgs
-- Installing: /home/sentry/Wolf-Moon/install/grid_map_msgs/share/grid_map_msgs/cmake/grid_map_msgs__rosidl_generator_cExport.cmake
-- Installing: /home/sentry/Wolf-Moon/install/grid_map_msgs/share/grid_map_msgs/cmake/grid_map_msgs__rosidl_generator_cExport-release.cmake
-- Installing: /home/sentry/Wolf-Moon/install/grid_map_msgs/share/grid_map_msgs/cmake/grid_map_msgs__rosidl_typesupport_introspection_cExport.cmake
-- Installing: /home/sentry/Wolf-Moon/install/grid_map_msgs/share/grid_map_msgs/cmake/grid_map_msgs__rosidl_typesupport_introspection_cExport-release.cmake
-- Installing: /home/sentry/Wolf-Moon/install/grid_map_msgs/share/grid_map_msgs/cmake/grid_map_msgs__rosidl_typesupport_cExport.cmake
-- Installing: /home/sentry/Wolf-Moon/install/grid_map_msgs/share/grid_map_msgs/cmake/grid_map_msgs__rosidl_typesupport_cExport-release.cmake
-- Installing: /home/sentry/Wolf-Moon/install/grid_map_msgs/share/grid_map_msgs/cmake/grid_map_msgs__rosidl_generator_cppExport.cmake
-- Installing: /home/sentry/Wolf-Moon/install/grid_map_msgs/share/grid_map_msgs/cmake/grid_map_msgs__rosidl_typesupport_introspection_cppExport.cmake
-- Installing: /home/sentry/Wolf-Moon/install/grid_map_msgs/share/grid_map_msgs/cmake/grid_map_msgs__rosidl_typesupport_introspection_cppExport-release.cmake
-- Installing: /home/sentry/Wolf-Moon/install/grid_map_msgs/share/grid_map_msgs/cmake/grid_map_msgs__rosidl_typesupport_cppExport.cmake
-- Installing: /home/sentry/Wolf-Moon/install/grid_map_msgs/share/grid_map_msgs/cmake/grid_map_msgs__rosidl_typesupport_cppExport-release.cmake
-- Installing: /home/sentry/Wolf-Moon/install/grid_map_msgs/share/grid_map_msgs/cmake/rosidl_cmake-extras.cmake
-- Installing: /home/sentry/Wolf-Moon/install/grid_map_msgs/share/grid_map_msgs/cmake/ament_cmake_export_dependencies-extras.cmake
-- Installing: /home/sentry/Wolf-Moon/install/grid_map_msgs/share/grid_map_msgs/cmake/ament_cmake_export_libraries-extras.cmake
-- Installing: /home/sentry/Wolf-Moon/install/grid_map_msgs/share/grid_map_msgs/cmake/ament_cmake_export_targets-extras.cmake
-- Installing: /home/sentry/Wolf-Moon/install/grid_map_msgs/share/grid_map_msgs/cmake/ament_cmake_export_include_directories-extras.cmake
-- Installing: /home/sentry/Wolf-Moon/install/grid_map_msgs/share/grid_map_msgs/cmake/rosidl_cmake_export_typesupport_libraries-extras.cmake
-- Installing: /home/sentry/Wolf-Moon/install/grid_map_msgs/share/grid_map_msgs/cmake/rosidl_cmake_export_typesupport_targets-extras.cmake
-- Installing: /home/sentry/Wolf-Moon/install/grid_map_msgs/share/grid_map_msgs/cmake/grid_map_msgsConfig.cmake
-- Installing: /home/sentry/Wolf-Moon/install/grid_map_msgs/share/grid_map_msgs/cmake/grid_map_msgsConfig-version.cmake
-- Installing: /home/sentry/Wolf-Moon/install/grid_map_msgs/share/grid_map_msgs/package.xml
