[0.067s] Invoking command in '/home/sentry/Wolf-Moon/build/auto_aim_interfaces': CMAKE_PREFIX_PATH=${CMAKE_PREFIX_PATH}:/home/sentry/Wolf-Moon/install/fake_msg_publisher:/opt/ros/galactic /usr/bin/cmake --build /home/sentry/Wolf-Moon/build/auto_aim_interfaces -- -j12 -l12
[0.199s] [  1%] Built target auto_aim_interfaces__cpp
[0.280s] [ 12%] Built target auto_aim_interfaces__rosidl_generator_c
[0.379s] [ 24%] Built target auto_aim_interfaces__rosidl_typesupport_introspection_cpp
[0.503s] [ 35%] Built target auto_aim_interfaces__rosidl_typesupport_c
[0.599s] [ 46%] Built target auto_aim_interfaces__rosidl_typesupport_introspection_c
[0.720s] [ 58%] Built target auto_aim_interfaces__rosidl_typesupport_fastrtps_cpp
[0.799s] [ 69%] Built target auto_aim_interfaces__rosidl_typesupport_cpp
[0.905s] [ 81%] Built target auto_aim_interfaces__rosidl_typesupport_fastrtps_c
[0.993s] [ 81%] Built target auto_aim_interfaces
[1.076s] [ 82%] Built target auto_aim_interfaces__py
[1.179s] [ 92%] Built target auto_aim_interfaces__python
[1.316s] [ 94%] Built target auto_aim_interfaces__rosidl_typesupport_c__pyext
[1.460s] [ 97%] Built target auto_aim_interfaces__rosidl_typesupport_introspection_c__pyext
[1.545s] [100%] Built target auto_aim_interfaces__rosidl_typesupport_fastrtps_c__pyext
[1.639s] Invoked command in '/home/sentry/Wolf-Moon/build/auto_aim_interfaces' returned '0': CMAKE_PREFIX_PATH=${CMAKE_PREFIX_PATH}:/home/sentry/Wolf-Moon/install/fake_msg_publisher:/opt/ros/galactic /usr/bin/cmake --build /home/sentry/Wolf-Moon/build/auto_aim_interfaces -- -j12 -l12
[2.394s] Invoking command in '/home/sentry/Wolf-Moon/build/auto_aim_interfaces': CMAKE_PREFIX_PATH=${CMAKE_PREFIX_PATH}:/home/sentry/Wolf-Moon/install/fake_msg_publisher:/opt/ros/galactic /usr/bin/cmake --install /home/sentry/Wolf-Moon/build/auto_aim_interfaces
[2.408s] -- Install configuration: ""
[2.408s] -- Up-to-date: /home/sentry/Wolf-Moon/install/auto_aim_interfaces/share/ament_index/resource_index/rosidl_interfaces/auto_aim_interfaces
[2.408s] -- Up-to-date: /home/sentry/Wolf-Moon/install/auto_aim_interfaces/include/auto_aim_interfaces
[2.409s] -- Up-to-date: /home/sentry/Wolf-Moon/install/auto_aim_interfaces/include/auto_aim_interfaces/msg
[2.409s] -- Up-to-date: /home/sentry/Wolf-Moon/install/auto_aim_interfaces/include/auto_aim_interfaces/msg/uart.h
[2.409s] -- Up-to-date: /home/sentry/Wolf-Moon/install/auto_aim_interfaces/include/auto_aim_interfaces/msg/serial.h
[2.409s] -- Up-to-date: /home/sentry/Wolf-Moon/install/auto_aim_interfaces/include/auto_aim_interfaces/msg/state.h
[2.409s] -- Up-to-date: /home/sentry/Wolf-Moon/install/auto_aim_interfaces/include/auto_aim_interfaces/msg/point2f.h
[2.409s] -- Up-to-date: /home/sentry/Wolf-Moon/install/auto_aim_interfaces/include/auto_aim_interfaces/msg/armor.h
[2.409s] -- Up-to-date: /home/sentry/Wolf-Moon/install/auto_aim_interfaces/include/auto_aim_interfaces/msg/detail
[2.409s] -- Up-to-date: /home/sentry/Wolf-Moon/install/auto_aim_interfaces/include/auto_aim_interfaces/msg/detail/serial__functions.h
[2.410s] -- Up-to-date: /home/sentry/Wolf-Moon/install/auto_aim_interfaces/include/auto_aim_interfaces/msg/detail/uart__type_support.h
[2.410s] -- Up-to-date: /home/sentry/Wolf-Moon/install/auto_aim_interfaces/include/auto_aim_interfaces/msg/detail/serial__functions.c
[2.410s] -- Up-to-date: /home/sentry/Wolf-Moon/install/auto_aim_interfaces/include/auto_aim_interfaces/msg/detail/serial__type_support.h
[2.410s] -- Up-to-date: /home/sentry/Wolf-Moon/install/auto_aim_interfaces/include/auto_aim_interfaces/msg/detail/state__type_support.h
[2.410s] -- Up-to-date: /home/sentry/Wolf-Moon/install/auto_aim_interfaces/include/auto_aim_interfaces/msg/detail/armor__struct.h
[2.410s] -- Up-to-date: /home/sentry/Wolf-Moon/install/auto_aim_interfaces/include/auto_aim_interfaces/msg/detail/armor__functions.h
[2.410s] -- Up-to-date: /home/sentry/Wolf-Moon/install/auto_aim_interfaces/include/auto_aim_interfaces/msg/detail/gimbal__struct.h
[2.411s] -- Up-to-date: /home/sentry/Wolf-Moon/install/auto_aim_interfaces/include/auto_aim_interfaces/msg/detail/point2f__type_support.h
[2.411s] -- Up-to-date: /home/sentry/Wolf-Moon/install/auto_aim_interfaces/include/auto_aim_interfaces/msg/detail/armors__functions.c
[2.411s] -- Up-to-date: /home/sentry/Wolf-Moon/install/auto_aim_interfaces/include/auto_aim_interfaces/msg/detail/armors__type_support.h
[2.412s] -- Up-to-date: /home/sentry/Wolf-Moon/install/auto_aim_interfaces/include/auto_aim_interfaces/msg/detail/gimbal__type_support.h
[2.414s] -- Up-to-date: /home/sentry/Wolf-Moon/install/auto_aim_interfaces/include/auto_aim_interfaces/msg/detail/armors__struct.h
[2.414s] -- Up-to-date: /home/sentry/Wolf-Moon/install/auto_aim_interfaces/include/auto_aim_interfaces/msg/detail/point2f__functions.c
[2.415s] -- Up-to-date: /home/sentry/Wolf-Moon/install/auto_aim_interfaces/include/auto_aim_interfaces/msg/detail/gimbal__functions.h
[2.415s] -- Up-to-date: /home/sentry/Wolf-Moon/install/auto_aim_interfaces/include/auto_aim_interfaces/msg/detail/uart__functions.h
[2.415s] -- Up-to-date: /home/sentry/Wolf-Moon/install/auto_aim_interfaces/include/auto_aim_interfaces/msg/detail/uart__functions.c
[2.415s] -- Up-to-date: /home/sentry/Wolf-Moon/install/auto_aim_interfaces/include/auto_aim_interfaces/msg/detail/state__functions.c
[2.415s] -- Up-to-date: /home/sentry/Wolf-Moon/install/auto_aim_interfaces/include/auto_aim_interfaces/msg/detail/armors__functions.h
[2.415s] -- Up-to-date: /home/sentry/Wolf-Moon/install/auto_aim_interfaces/include/auto_aim_interfaces/msg/detail/armor__functions.c
[2.415s] -- Up-to-date: /home/sentry/Wolf-Moon/install/auto_aim_interfaces/include/auto_aim_interfaces/msg/detail/serial__struct.h
[2.415s] -- Up-to-date: /home/sentry/Wolf-Moon/install/auto_aim_interfaces/include/auto_aim_interfaces/msg/detail/point2f__functions.h
[2.416s] -- Up-to-date: /home/sentry/Wolf-Moon/install/auto_aim_interfaces/include/auto_aim_interfaces/msg/detail/gimbal__functions.c
[2.416s] -- Up-to-date: /home/sentry/Wolf-Moon/install/auto_aim_interfaces/include/auto_aim_interfaces/msg/detail/state__functions.h
[2.416s] -- Up-to-date: /home/sentry/Wolf-Moon/install/auto_aim_interfaces/include/auto_aim_interfaces/msg/detail/state__struct.h
[2.416s] -- Up-to-date: /home/sentry/Wolf-Moon/install/auto_aim_interfaces/include/auto_aim_interfaces/msg/detail/uart__struct.h
[2.417s] -- Up-to-date: /home/sentry/Wolf-Moon/install/auto_aim_interfaces/include/auto_aim_interfaces/msg/detail/armor__type_support.h
[2.417s] -- Up-to-date: /home/sentry/Wolf-Moon/install/auto_aim_interfaces/include/auto_aim_interfaces/msg/detail/point2f__struct.h
[2.417s] -- Up-to-date: /home/sentry/Wolf-Moon/install/auto_aim_interfaces/include/auto_aim_interfaces/msg/gimbal.h
[2.417s] -- Up-to-date: /home/sentry/Wolf-Moon/install/auto_aim_interfaces/include/auto_aim_interfaces/msg/armors.h
[2.417s] -- Up-to-date: /home/sentry/Wolf-Moon/install/auto_aim_interfaces/include/auto_aim_interfaces/msg/rosidl_generator_c__visibility_control.h
[2.417s] -- Up-to-date: /home/sentry/Wolf-Moon/install/auto_aim_interfaces/share/auto_aim_interfaces/environment/library_path.sh
[2.417s] -- Up-to-date: /home/sentry/Wolf-Moon/install/auto_aim_interfaces/share/auto_aim_interfaces/environment/library_path.dsv
[2.417s] -- Up-to-date: /home/sentry/Wolf-Moon/install/auto_aim_interfaces/lib/libauto_aim_interfaces__rosidl_generator_c.so
[2.417s] -- Up-to-date: /home/sentry/Wolf-Moon/install/auto_aim_interfaces/include/auto_aim_interfaces
[2.418s] -- Up-to-date: /home/sentry/Wolf-Moon/install/auto_aim_interfaces/include/auto_aim_interfaces/msg
[2.418s] -- Up-to-date: /home/sentry/Wolf-Moon/install/auto_aim_interfaces/include/auto_aim_interfaces/msg/detail
[2.418s] -- Up-to-date: /home/sentry/Wolf-Moon/install/auto_aim_interfaces/include/auto_aim_interfaces/msg/detail/armors__rosidl_typesupport_fastrtps_c.h
[2.418s] -- Up-to-date: /home/sentry/Wolf-Moon/install/auto_aim_interfaces/include/auto_aim_interfaces/msg/detail/serial__rosidl_typesupport_fastrtps_c.h
[2.418s] -- Up-to-date: /home/sentry/Wolf-Moon/install/auto_aim_interfaces/include/auto_aim_interfaces/msg/detail/armor__rosidl_typesupport_fastrtps_c.h
[2.418s] -- Up-to-date: /home/sentry/Wolf-Moon/install/auto_aim_interfaces/include/auto_aim_interfaces/msg/detail/gimbal__rosidl_typesupport_fastrtps_c.h
[2.418s] -- Up-to-date: /home/sentry/Wolf-Moon/install/auto_aim_interfaces/include/auto_aim_interfaces/msg/detail/uart__rosidl_typesupport_fastrtps_c.h
[2.418s] -- Up-to-date: /home/sentry/Wolf-Moon/install/auto_aim_interfaces/include/auto_aim_interfaces/msg/detail/point2f__rosidl_typesupport_fastrtps_c.h
[2.418s] -- Up-to-date: /home/sentry/Wolf-Moon/install/auto_aim_interfaces/include/auto_aim_interfaces/msg/detail/state__rosidl_typesupport_fastrtps_c.h
[2.418s] -- Up-to-date: /home/sentry/Wolf-Moon/install/auto_aim_interfaces/include/auto_aim_interfaces/msg/rosidl_typesupport_fastrtps_c__visibility_control.h
[2.419s] -- Up-to-date: /home/sentry/Wolf-Moon/install/auto_aim_interfaces/lib/libauto_aim_interfaces__rosidl_typesupport_fastrtps_c.so
[2.419s] -- Up-to-date: /home/sentry/Wolf-Moon/install/auto_aim_interfaces/include/auto_aim_interfaces
[2.419s] -- Up-to-date: /home/sentry/Wolf-Moon/install/auto_aim_interfaces/include/auto_aim_interfaces/msg
[2.419s] -- Up-to-date: /home/sentry/Wolf-Moon/install/auto_aim_interfaces/include/auto_aim_interfaces/msg/detail
[2.419s] -- Up-to-date: /home/sentry/Wolf-Moon/install/auto_aim_interfaces/include/auto_aim_interfaces/msg/detail/gimbal__rosidl_typesupport_fastrtps_cpp.hpp
[2.419s] -- Up-to-date: /home/sentry/Wolf-Moon/install/auto_aim_interfaces/include/auto_aim_interfaces/msg/detail/point2f__rosidl_typesupport_fastrtps_cpp.hpp
[2.419s] -- Up-to-date: /home/sentry/Wolf-Moon/install/auto_aim_interfaces/include/auto_aim_interfaces/msg/detail/uart__rosidl_typesupport_fastrtps_cpp.hpp
[2.419s] -- Up-to-date: /home/sentry/Wolf-Moon/install/auto_aim_interfaces/include/auto_aim_interfaces/msg/detail/armor__rosidl_typesupport_fastrtps_cpp.hpp
[2.419s] -- Up-to-date: /home/sentry/Wolf-Moon/install/auto_aim_interfaces/include/auto_aim_interfaces/msg/detail/armors__rosidl_typesupport_fastrtps_cpp.hpp
[2.420s] -- Up-to-date: /home/sentry/Wolf-Moon/install/auto_aim_interfaces/include/auto_aim_interfaces/msg/detail/serial__rosidl_typesupport_fastrtps_cpp.hpp
[2.420s] -- Up-to-date: /home/sentry/Wolf-Moon/install/auto_aim_interfaces/include/auto_aim_interfaces/msg/detail/dds_fastrtps
[2.420s] -- Up-to-date: /home/sentry/Wolf-Moon/install/auto_aim_interfaces/include/auto_aim_interfaces/msg/detail/state__rosidl_typesupport_fastrtps_cpp.hpp
[2.420s] -- Up-to-date: /home/sentry/Wolf-Moon/install/auto_aim_interfaces/include/auto_aim_interfaces/msg/rosidl_typesupport_fastrtps_cpp__visibility_control.h
[2.420s] -- Up-to-date: /home/sentry/Wolf-Moon/install/auto_aim_interfaces/lib/libauto_aim_interfaces__rosidl_typesupport_fastrtps_cpp.so
[2.420s] -- Up-to-date: /home/sentry/Wolf-Moon/install/auto_aim_interfaces/include/auto_aim_interfaces
[2.420s] -- Up-to-date: /home/sentry/Wolf-Moon/install/auto_aim_interfaces/include/auto_aim_interfaces/msg
[2.420s] -- Up-to-date: /home/sentry/Wolf-Moon/install/auto_aim_interfaces/include/auto_aim_interfaces/msg/rosidl_typesupport_introspection_c__visibility_control.h
[2.420s] -- Up-to-date: /home/sentry/Wolf-Moon/install/auto_aim_interfaces/include/auto_aim_interfaces/msg/detail
[2.420s] -- Up-to-date: /home/sentry/Wolf-Moon/install/auto_aim_interfaces/include/auto_aim_interfaces/msg/detail/gimbal__type_support.c
[2.421s] -- Up-to-date: /home/sentry/Wolf-Moon/install/auto_aim_interfaces/include/auto_aim_interfaces/msg/detail/uart__type_support.c
[2.421s] -- Up-to-date: /home/sentry/Wolf-Moon/install/auto_aim_interfaces/include/auto_aim_interfaces/msg/detail/serial__type_support.c
[2.421s] -- Up-to-date: /home/sentry/Wolf-Moon/install/auto_aim_interfaces/include/auto_aim_interfaces/msg/detail/state__rosidl_typesupport_introspection_c.h
[2.421s] -- Up-to-date: /home/sentry/Wolf-Moon/install/auto_aim_interfaces/include/auto_aim_interfaces/msg/detail/serial__rosidl_typesupport_introspection_c.h
[2.421s] -- Up-to-date: /home/sentry/Wolf-Moon/install/auto_aim_interfaces/include/auto_aim_interfaces/msg/detail/state__type_support.c
[2.421s] -- Up-to-date: /home/sentry/Wolf-Moon/install/auto_aim_interfaces/include/auto_aim_interfaces/msg/detail/gimbal__rosidl_typesupport_introspection_c.h
[2.421s] -- Up-to-date: /home/sentry/Wolf-Moon/install/auto_aim_interfaces/include/auto_aim_interfaces/msg/detail/point2f__rosidl_typesupport_introspection_c.h
[2.421s] -- Up-to-date: /home/sentry/Wolf-Moon/install/auto_aim_interfaces/include/auto_aim_interfaces/msg/detail/armors__rosidl_typesupport_introspection_c.h
[2.421s] -- Up-to-date: /home/sentry/Wolf-Moon/install/auto_aim_interfaces/include/auto_aim_interfaces/msg/detail/uart__rosidl_typesupport_introspection_c.h
[2.421s] -- Up-to-date: /home/sentry/Wolf-Moon/install/auto_aim_interfaces/include/auto_aim_interfaces/msg/detail/armor__type_support.c
[2.422s] -- Up-to-date: /home/sentry/Wolf-Moon/install/auto_aim_interfaces/include/auto_aim_interfaces/msg/detail/point2f__type_support.c
[2.422s] -- Up-to-date: /home/sentry/Wolf-Moon/install/auto_aim_interfaces/include/auto_aim_interfaces/msg/detail/armors__type_support.c
[2.422s] -- Up-to-date: /home/sentry/Wolf-Moon/install/auto_aim_interfaces/include/auto_aim_interfaces/msg/detail/armor__rosidl_typesupport_introspection_c.h
[2.422s] -- Up-to-date: /home/sentry/Wolf-Moon/install/auto_aim_interfaces/lib/libauto_aim_interfaces__rosidl_typesupport_introspection_c.so
[2.422s] -- Up-to-date: /home/sentry/Wolf-Moon/install/auto_aim_interfaces/lib/libauto_aim_interfaces__rosidl_typesupport_c.so
[2.422s] -- Up-to-date: /home/sentry/Wolf-Moon/install/auto_aim_interfaces/include/auto_aim_interfaces
[2.422s] -- Up-to-date: /home/sentry/Wolf-Moon/install/auto_aim_interfaces/include/auto_aim_interfaces/msg
[2.422s] -- Up-to-date: /home/sentry/Wolf-Moon/install/auto_aim_interfaces/include/auto_aim_interfaces/msg/gimbal.hpp
[2.422s] -- Up-to-date: /home/sentry/Wolf-Moon/install/auto_aim_interfaces/include/auto_aim_interfaces/msg/point2f.hpp
[2.423s] -- Up-to-date: /home/sentry/Wolf-Moon/install/auto_aim_interfaces/include/auto_aim_interfaces/msg/armors.hpp
[2.423s] -- Up-to-date: /home/sentry/Wolf-Moon/install/auto_aim_interfaces/include/auto_aim_interfaces/msg/serial.hpp
[2.423s] -- Up-to-date: /home/sentry/Wolf-Moon/install/auto_aim_interfaces/include/auto_aim_interfaces/msg/detail
[2.423s] -- Up-to-date: /home/sentry/Wolf-Moon/install/auto_aim_interfaces/include/auto_aim_interfaces/msg/detail/gimbal__struct.hpp
[2.423s] -- Up-to-date: /home/sentry/Wolf-Moon/install/auto_aim_interfaces/include/auto_aim_interfaces/msg/detail/serial__struct.hpp
[2.423s] -- Up-to-date: /home/sentry/Wolf-Moon/install/auto_aim_interfaces/include/auto_aim_interfaces/msg/detail/uart__traits.hpp
[2.423s] -- Up-to-date: /home/sentry/Wolf-Moon/install/auto_aim_interfaces/include/auto_aim_interfaces/msg/detail/state__struct.hpp
[2.423s] -- Up-to-date: /home/sentry/Wolf-Moon/install/auto_aim_interfaces/include/auto_aim_interfaces/msg/detail/armors__builder.hpp
[2.423s] -- Up-to-date: /home/sentry/Wolf-Moon/install/auto_aim_interfaces/include/auto_aim_interfaces/msg/detail/armors__traits.hpp
[2.423s] -- Up-to-date: /home/sentry/Wolf-Moon/install/auto_aim_interfaces/include/auto_aim_interfaces/msg/detail/serial__traits.hpp
[2.424s] -- Up-to-date: /home/sentry/Wolf-Moon/install/auto_aim_interfaces/include/auto_aim_interfaces/msg/detail/point2f__struct.hpp
[2.424s] -- Up-to-date: /home/sentry/Wolf-Moon/install/auto_aim_interfaces/include/auto_aim_interfaces/msg/detail/armor__struct.hpp
[2.424s] -- Up-to-date: /home/sentry/Wolf-Moon/install/auto_aim_interfaces/include/auto_aim_interfaces/msg/detail/point2f__traits.hpp
[2.424s] -- Up-to-date: /home/sentry/Wolf-Moon/install/auto_aim_interfaces/include/auto_aim_interfaces/msg/detail/gimbal__builder.hpp
[2.424s] -- Up-to-date: /home/sentry/Wolf-Moon/install/auto_aim_interfaces/include/auto_aim_interfaces/msg/detail/armor__builder.hpp
[2.424s] -- Up-to-date: /home/sentry/Wolf-Moon/install/auto_aim_interfaces/include/auto_aim_interfaces/msg/detail/gimbal__traits.hpp
[2.424s] -- Up-to-date: /home/sentry/Wolf-Moon/install/auto_aim_interfaces/include/auto_aim_interfaces/msg/detail/state__traits.hpp
[2.424s] -- Up-to-date: /home/sentry/Wolf-Moon/install/auto_aim_interfaces/include/auto_aim_interfaces/msg/detail/uart__builder.hpp
[2.424s] -- Up-to-date: /home/sentry/Wolf-Moon/install/auto_aim_interfaces/include/auto_aim_interfaces/msg/detail/armors__struct.hpp
[2.424s] -- Up-to-date: /home/sentry/Wolf-Moon/install/auto_aim_interfaces/include/auto_aim_interfaces/msg/detail/uart__struct.hpp
[2.425s] -- Up-to-date: /home/sentry/Wolf-Moon/install/auto_aim_interfaces/include/auto_aim_interfaces/msg/detail/point2f__builder.hpp
[2.425s] -- Up-to-date: /home/sentry/Wolf-Moon/install/auto_aim_interfaces/include/auto_aim_interfaces/msg/detail/state__builder.hpp
[2.425s] -- Up-to-date: /home/sentry/Wolf-Moon/install/auto_aim_interfaces/include/auto_aim_interfaces/msg/detail/armor__traits.hpp
[2.425s] -- Up-to-date: /home/sentry/Wolf-Moon/install/auto_aim_interfaces/include/auto_aim_interfaces/msg/detail/serial__builder.hpp
[2.425s] -- Up-to-date: /home/sentry/Wolf-Moon/install/auto_aim_interfaces/include/auto_aim_interfaces/msg/state.hpp
[2.425s] -- Up-to-date: /home/sentry/Wolf-Moon/install/auto_aim_interfaces/include/auto_aim_interfaces/msg/uart.hpp
[2.425s] -- Up-to-date: /home/sentry/Wolf-Moon/install/auto_aim_interfaces/include/auto_aim_interfaces/msg/armor.hpp
[2.425s] -- Up-to-date: /home/sentry/Wolf-Moon/install/auto_aim_interfaces/include/auto_aim_interfaces
[2.425s] -- Up-to-date: /home/sentry/Wolf-Moon/install/auto_aim_interfaces/include/auto_aim_interfaces/msg
[2.425s] -- Up-to-date: /home/sentry/Wolf-Moon/install/auto_aim_interfaces/include/auto_aim_interfaces/msg/detail
[2.426s] -- Up-to-date: /home/sentry/Wolf-Moon/install/auto_aim_interfaces/include/auto_aim_interfaces/msg/detail/gimbal__rosidl_typesupport_introspection_cpp.hpp
[2.426s] -- Up-to-date: /home/sentry/Wolf-Moon/install/auto_aim_interfaces/include/auto_aim_interfaces/msg/detail/armor__rosidl_typesupport_introspection_cpp.hpp
[2.426s] -- Up-to-date: /home/sentry/Wolf-Moon/install/auto_aim_interfaces/include/auto_aim_interfaces/msg/detail/point2f__rosidl_typesupport_introspection_cpp.hpp
[2.426s] -- Up-to-date: /home/sentry/Wolf-Moon/install/auto_aim_interfaces/include/auto_aim_interfaces/msg/detail/serial__rosidl_typesupport_introspection_cpp.hpp
[2.426s] -- Up-to-date: /home/sentry/Wolf-Moon/install/auto_aim_interfaces/include/auto_aim_interfaces/msg/detail/gimbal__type_support.cpp
[2.426s] -- Up-to-date: /home/sentry/Wolf-Moon/install/auto_aim_interfaces/include/auto_aim_interfaces/msg/detail/armor__type_support.cpp
[2.426s] -- Up-to-date: /home/sentry/Wolf-Moon/install/auto_aim_interfaces/include/auto_aim_interfaces/msg/detail/point2f__type_support.cpp
[2.426s] -- Up-to-date: /home/sentry/Wolf-Moon/install/auto_aim_interfaces/include/auto_aim_interfaces/msg/detail/armors__rosidl_typesupport_introspection_cpp.hpp
[2.426s] -- Up-to-date: /home/sentry/Wolf-Moon/install/auto_aim_interfaces/include/auto_aim_interfaces/msg/detail/uart__rosidl_typesupport_introspection_cpp.hpp
[2.426s] -- Up-to-date: /home/sentry/Wolf-Moon/install/auto_aim_interfaces/include/auto_aim_interfaces/msg/detail/state__type_support.cpp
[2.426s] -- Up-to-date: /home/sentry/Wolf-Moon/install/auto_aim_interfaces/include/auto_aim_interfaces/msg/detail/uart__type_support.cpp
[2.427s] -- Up-to-date: /home/sentry/Wolf-Moon/install/auto_aim_interfaces/include/auto_aim_interfaces/msg/detail/armors__type_support.cpp
[2.427s] -- Up-to-date: /home/sentry/Wolf-Moon/install/auto_aim_interfaces/include/auto_aim_interfaces/msg/detail/state__rosidl_typesupport_introspection_cpp.hpp
[2.427s] -- Up-to-date: /home/sentry/Wolf-Moon/install/auto_aim_interfaces/include/auto_aim_interfaces/msg/detail/serial__type_support.cpp
[2.427s] -- Up-to-date: /home/sentry/Wolf-Moon/install/auto_aim_interfaces/lib/libauto_aim_interfaces__rosidl_typesupport_introspection_cpp.so
[2.427s] -- Up-to-date: /home/sentry/Wolf-Moon/install/auto_aim_interfaces/lib/libauto_aim_interfaces__rosidl_typesupport_cpp.so
[2.427s] -- Up-to-date: /home/sentry/Wolf-Moon/install/auto_aim_interfaces/share/auto_aim_interfaces/environment/pythonpath.sh
[2.427s] -- Up-to-date: /home/sentry/Wolf-Moon/install/auto_aim_interfaces/share/auto_aim_interfaces/environment/pythonpath.dsv
[2.427s] -- Up-to-date: /home/sentry/Wolf-Moon/install/auto_aim_interfaces/lib/python3.8/site-packages/auto_aim_interfaces/__init__.py
[2.470s] -- Up-to-date: /home/sentry/Wolf-Moon/install/auto_aim_interfaces/lib/python3.8/site-packages/auto_aim_interfaces/msg
[2.471s] -- Up-to-date: /home/sentry/Wolf-Moon/install/auto_aim_interfaces/lib/python3.8/site-packages/auto_aim_interfaces/msg/_gimbal.py
[2.471s] -- Up-to-date: /home/sentry/Wolf-Moon/install/auto_aim_interfaces/lib/python3.8/site-packages/auto_aim_interfaces/msg/_state_s.c
[2.472s] -- Up-to-date: /home/sentry/Wolf-Moon/install/auto_aim_interfaces/lib/python3.8/site-packages/auto_aim_interfaces/msg/_armors.py
[2.472s] -- Up-to-date: /home/sentry/Wolf-Moon/install/auto_aim_interfaces/lib/python3.8/site-packages/auto_aim_interfaces/msg/__init__.py
[2.472s] -- Up-to-date: /home/sentry/Wolf-Moon/install/auto_aim_interfaces/lib/python3.8/site-packages/auto_aim_interfaces/msg/_state.py
[2.473s] -- Up-to-date: /home/sentry/Wolf-Moon/install/auto_aim_interfaces/lib/python3.8/site-packages/auto_aim_interfaces/msg/_serial.py
[2.473s] -- Up-to-date: /home/sentry/Wolf-Moon/install/auto_aim_interfaces/lib/python3.8/site-packages/auto_aim_interfaces/msg/_point2f.py
[2.473s] -- Up-to-date: /home/sentry/Wolf-Moon/install/auto_aim_interfaces/lib/python3.8/site-packages/auto_aim_interfaces/msg/_gimbal_s.c
[2.473s] -- Up-to-date: /home/sentry/Wolf-Moon/install/auto_aim_interfaces/lib/python3.8/site-packages/auto_aim_interfaces/msg/_armor.py
[2.473s] -- Up-to-date: /home/sentry/Wolf-Moon/install/auto_aim_interfaces/lib/python3.8/site-packages/auto_aim_interfaces/msg/_armors_s.c
[2.473s] -- Up-to-date: /home/sentry/Wolf-Moon/install/auto_aim_interfaces/lib/python3.8/site-packages/auto_aim_interfaces/msg/_serial_s.c
[2.473s] -- Up-to-date: /home/sentry/Wolf-Moon/install/auto_aim_interfaces/lib/python3.8/site-packages/auto_aim_interfaces/msg/_point2f_s.c
[2.473s] -- Up-to-date: /home/sentry/Wolf-Moon/install/auto_aim_interfaces/lib/python3.8/site-packages/auto_aim_interfaces/msg/_armor_s.c
[2.473s] -- Up-to-date: /home/sentry/Wolf-Moon/install/auto_aim_interfaces/lib/python3.8/site-packages/auto_aim_interfaces/msg/_uart_s.c
[2.474s] -- Up-to-date: /home/sentry/Wolf-Moon/install/auto_aim_interfaces/lib/python3.8/site-packages/auto_aim_interfaces/msg/_uart.py
[2.474s] -- Up-to-date: /home/sentry/Wolf-Moon/install/auto_aim_interfaces/lib/python3.8/site-packages/auto_aim_interfaces/auto_aim_interfaces_s__rosidl_typesupport_fastrtps_c.cpython-38-x86_64-linux-gnu.so
[2.474s] -- Up-to-date: /home/sentry/Wolf-Moon/install/auto_aim_interfaces/lib/python3.8/site-packages/auto_aim_interfaces/auto_aim_interfaces_s__rosidl_typesupport_introspection_c.cpython-38-x86_64-linux-gnu.so
[2.474s] -- Up-to-date: /home/sentry/Wolf-Moon/install/auto_aim_interfaces/lib/python3.8/site-packages/auto_aim_interfaces/auto_aim_interfaces_s__rosidl_typesupport_c.cpython-38-x86_64-linux-gnu.so
[2.474s] -- Up-to-date: /home/sentry/Wolf-Moon/install/auto_aim_interfaces/lib/libauto_aim_interfaces__python.so
[2.474s] -- Up-to-date: /home/sentry/Wolf-Moon/install/auto_aim_interfaces/share/auto_aim_interfaces/msg/Armor.idl
[2.474s] -- Up-to-date: /home/sentry/Wolf-Moon/install/auto_aim_interfaces/share/auto_aim_interfaces/msg/Armors.idl
[2.474s] -- Up-to-date: /home/sentry/Wolf-Moon/install/auto_aim_interfaces/share/auto_aim_interfaces/msg/Gimbal.idl
[2.474s] -- Up-to-date: /home/sentry/Wolf-Moon/install/auto_aim_interfaces/share/auto_aim_interfaces/msg/Serial.idl
[2.475s] -- Up-to-date: /home/sentry/Wolf-Moon/install/auto_aim_interfaces/share/auto_aim_interfaces/msg/Point2f.idl
[2.475s] -- Up-to-date: /home/sentry/Wolf-Moon/install/auto_aim_interfaces/share/auto_aim_interfaces/msg/State.idl
[2.475s] -- Up-to-date: /home/sentry/Wolf-Moon/install/auto_aim_interfaces/share/auto_aim_interfaces/msg/Uart.idl
[2.475s] -- Up-to-date: /home/sentry/Wolf-Moon/install/auto_aim_interfaces/share/auto_aim_interfaces/msg/Armor.msg
[2.475s] -- Up-to-date: /home/sentry/Wolf-Moon/install/auto_aim_interfaces/share/auto_aim_interfaces/msg/Armors.msg
[2.476s] -- Up-to-date: /home/sentry/Wolf-Moon/install/auto_aim_interfaces/share/auto_aim_interfaces/msg/Gimbal.msg
[2.477s] -- Up-to-date: /home/sentry/Wolf-Moon/install/auto_aim_interfaces/share/auto_aim_interfaces/msg/Serial.msg
[2.478s] -- Up-to-date: /home/sentry/Wolf-Moon/install/auto_aim_interfaces/share/auto_aim_interfaces/msg/Point2f.msg
[2.478s] -- Up-to-date: /home/sentry/Wolf-Moon/install/auto_aim_interfaces/share/auto_aim_interfaces/msg/State.msg
[2.480s] -- Up-to-date: /home/sentry/Wolf-Moon/install/auto_aim_interfaces/share/auto_aim_interfaces/msg/Uart.msg
[2.480s] -- Up-to-date: /home/sentry/Wolf-Moon/install/auto_aim_interfaces/share/ament_index/resource_index/package_run_dependencies/auto_aim_interfaces
[2.480s] -- Up-to-date: /home/sentry/Wolf-Moon/install/auto_aim_interfaces/share/ament_index/resource_index/parent_prefix_path/auto_aim_interfaces
[2.480s] -- Up-to-date: /home/sentry/Wolf-Moon/install/auto_aim_interfaces/share/auto_aim_interfaces/environment/ament_prefix_path.sh
[2.480s] -- Up-to-date: /home/sentry/Wolf-Moon/install/auto_aim_interfaces/share/auto_aim_interfaces/environment/ament_prefix_path.dsv
[2.481s] -- Up-to-date: /home/sentry/Wolf-Moon/install/auto_aim_interfaces/share/auto_aim_interfaces/environment/path.sh
[2.481s] -- Up-to-date: /home/sentry/Wolf-Moon/install/auto_aim_interfaces/share/auto_aim_interfaces/environment/path.dsv
[2.483s] -- Up-to-date: /home/sentry/Wolf-Moon/install/auto_aim_interfaces/share/auto_aim_interfaces/local_setup.bash
[2.483s] -- Up-to-date: /home/sentry/Wolf-Moon/install/auto_aim_interfaces/share/auto_aim_interfaces/local_setup.sh
[2.483s] -- Up-to-date: /home/sentry/Wolf-Moon/install/auto_aim_interfaces/share/auto_aim_interfaces/local_setup.zsh
[2.483s] -- Up-to-date: /home/sentry/Wolf-Moon/install/auto_aim_interfaces/share/auto_aim_interfaces/local_setup.dsv
[2.484s] -- Installing: /home/sentry/Wolf-Moon/install/auto_aim_interfaces/share/auto_aim_interfaces/package.dsv
[2.484s] -- Up-to-date: /home/sentry/Wolf-Moon/install/auto_aim_interfaces/share/ament_index/resource_index/packages/auto_aim_interfaces
[2.485s] -- Up-to-date: /home/sentry/Wolf-Moon/install/auto_aim_interfaces/share/auto_aim_interfaces/cmake/auto_aim_interfaces__rosidl_generator_cExport.cmake
[2.486s] -- Up-to-date: /home/sentry/Wolf-Moon/install/auto_aim_interfaces/share/auto_aim_interfaces/cmake/auto_aim_interfaces__rosidl_generator_cExport-noconfig.cmake
[2.486s] -- Up-to-date: /home/sentry/Wolf-Moon/install/auto_aim_interfaces/share/auto_aim_interfaces/cmake/auto_aim_interfaces__rosidl_typesupport_introspection_cExport.cmake
[2.486s] -- Up-to-date: /home/sentry/Wolf-Moon/install/auto_aim_interfaces/share/auto_aim_interfaces/cmake/auto_aim_interfaces__rosidl_typesupport_introspection_cExport-noconfig.cmake
[2.486s] -- Up-to-date: /home/sentry/Wolf-Moon/install/auto_aim_interfaces/share/auto_aim_interfaces/cmake/auto_aim_interfaces__rosidl_typesupport_cExport.cmake
[2.487s] -- Up-to-date: /home/sentry/Wolf-Moon/install/auto_aim_interfaces/share/auto_aim_interfaces/cmake/auto_aim_interfaces__rosidl_typesupport_cExport-noconfig.cmake
[2.487s] -- Up-to-date: /home/sentry/Wolf-Moon/install/auto_aim_interfaces/share/auto_aim_interfaces/cmake/auto_aim_interfaces__rosidl_generator_cppExport.cmake
[2.487s] -- Up-to-date: /home/sentry/Wolf-Moon/install/auto_aim_interfaces/share/auto_aim_interfaces/cmake/auto_aim_interfaces__rosidl_typesupport_introspection_cppExport.cmake
[2.487s] -- Up-to-date: /home/sentry/Wolf-Moon/install/auto_aim_interfaces/share/auto_aim_interfaces/cmake/auto_aim_interfaces__rosidl_typesupport_introspection_cppExport-noconfig.cmake
[2.487s] -- Up-to-date: /home/sentry/Wolf-Moon/install/auto_aim_interfaces/share/auto_aim_interfaces/cmake/auto_aim_interfaces__rosidl_typesupport_cppExport.cmake
[2.487s] -- Up-to-date: /home/sentry/Wolf-Moon/install/auto_aim_interfaces/share/auto_aim_interfaces/cmake/auto_aim_interfaces__rosidl_typesupport_cppExport-noconfig.cmake
[2.488s] -- Up-to-date: /home/sentry/Wolf-Moon/install/auto_aim_interfaces/share/auto_aim_interfaces/cmake/rosidl_cmake-extras.cmake
[2.488s] -- Up-to-date: /home/sentry/Wolf-Moon/install/auto_aim_interfaces/share/auto_aim_interfaces/cmake/ament_cmake_export_dependencies-extras.cmake
[2.488s] -- Up-to-date: /home/sentry/Wolf-Moon/install/auto_aim_interfaces/share/auto_aim_interfaces/cmake/ament_cmake_export_libraries-extras.cmake
[2.489s] -- Up-to-date: /home/sentry/Wolf-Moon/install/auto_aim_interfaces/share/auto_aim_interfaces/cmake/ament_cmake_export_targets-extras.cmake
[2.489s] -- Up-to-date: /home/sentry/Wolf-Moon/install/auto_aim_interfaces/share/auto_aim_interfaces/cmake/ament_cmake_export_include_directories-extras.cmake
[2.489s] -- Up-to-date: /home/sentry/Wolf-Moon/install/auto_aim_interfaces/share/auto_aim_interfaces/cmake/rosidl_cmake_export_typesupport_libraries-extras.cmake
[2.490s] -- Up-to-date: /home/sentry/Wolf-Moon/install/auto_aim_interfaces/share/auto_aim_interfaces/cmake/rosidl_cmake_export_typesupport_targets-extras.cmake
[2.490s] -- Up-to-date: /home/sentry/Wolf-Moon/install/auto_aim_interfaces/share/auto_aim_interfaces/cmake/auto_aim_interfacesConfig.cmake
[2.490s] -- Up-to-date: /home/sentry/Wolf-Moon/install/auto_aim_interfaces/share/auto_aim_interfaces/cmake/auto_aim_interfacesConfig-version.cmake
[2.490s] -- Up-to-date: /home/sentry/Wolf-Moon/install/auto_aim_interfaces/share/auto_aim_interfaces/package.xml
[2.491s] Invoked command in '/home/sentry/Wolf-Moon/build/auto_aim_interfaces' returned '0': CMAKE_PREFIX_PATH=${CMAKE_PREFIX_PATH}:/home/sentry/Wolf-Moon/install/fake_msg_publisher:/opt/ros/galactic /usr/bin/cmake --install /home/sentry/Wolf-Moon/build/auto_aim_interfaces
