[0.032s] Invoking command in '/home/sentry/Wolf-Moon/build/nav2_lifecycle_manager': AMENT_PREFIX_PATH=/home/sentry/Wolf-Moon/install/nav2_util:/home/sentry/Wolf-Moon/install/nav2_msgs:/home/sentry/Wolf-Moon/install/nav2_common:${AMENT_PREFIX_PATH} CMAKE_PREFIX_PATH=/home/sentry/Wolf-Moon/install/nav2_util:/home/sentry/Wolf-Moon/install/nav2_msgs:/home/sentry/Wolf-Moon/install/nav2_common:/opt/ros/galactic LD_LIBRARY_PATH=/home/sentry/Wolf-Moon/install/nav2_util/lib:/home/sentry/Wolf-Moon/install/nav2_msgs/lib:/opt/MVS/lib/64:/opt/MVS/lib/32:/home/sentry/TUP2024-Sentry-Framework/src/IG_LIO_SLAM/ThirdParty/octomap-Dynamic_point_cloud_removal/lib:/opt/intel/openvino_2022/tools/compile_tool:/opt/intel/openvino_2022/runtime/3rdparty/hddl/lib:/opt/intel/openvino_2022/runtime/lib/intel64:/opt/MVS/lib/64:/opt/MVS/lib/32:/usr/lib/x86_64-linux-gnu/gazebo-11/plugins:/opt/ros/galactic/opt/yaml_cpp_vendor/lib:/opt/ros/galactic/opt/rviz_ogre_vendor/lib:/opt/ros/galactic/lib/x86_64-linux-gnu:/opt/ros/galactic/lib:/home/sentry/TUP2024-Sentry-Framework/src/IG_LIO_SLAM/ThirdParty/octomap-Dynamic_point_cloud_removal/lib:/opt/intel/openvino_2022/tools/compile_tool:/opt/intel/openvino_2022/runtime/3rdparty/hddl/lib:/opt/intel/openvino_2022/runtime/lib/intel64:/opt/MVS/lib/64:/opt/MVS/lib/32:/opt/MVS/lib/64:/opt/MVS/lib/32:/usr/local/opencv4/lib:/usr/local/opencv4/lib PYTHONPATH=/home/sentry/Wolf-Moon/install/nav2_msgs/lib/python3.8/site-packages:/home/sentry/Wolf-Moon/install/nav2_common/lib/python3.8/site-packages:/opt/intel/openvino_2022/python/python3.8:/opt/intel/openvino_2022/python/python3:/opt/ros/galactic/lib/python3.8/site-packages:/opt/intel/openvino_2022/python/python3.8:/opt/intel/openvino_2022/python/python3 /usr/bin/cmake --build /home/sentry/Wolf-Moon/build/nav2_lifecycle_manager -- -j12 -l12
[0.062s] -- Found ament_cmake: 1.1.6 (/opt/ros/galactic/share/ament_cmake/cmake)
[0.099s] -- Using PYTHON_EXECUTABLE: /usr/bin/python3
[0.213s] -- Found geometry_msgs: 2.2.4 (/opt/ros/galactic/share/geometry_msgs/cmake)
[0.254s] -- Using all available rosidl_typesupport_c: rosidl_typesupport_fastrtps_c;rosidl_typesupport_introspection_c
[0.273s] -- Found rosidl_adapter: 2.2.3 (/opt/ros/galactic/share/rosidl_adapter/cmake)
[0.491s] -- Using all available rosidl_typesupport_cpp: rosidl_typesupport_fastrtps_cpp;rosidl_typesupport_introspection_cpp
[0.585s] -- Found lifecycle_msgs: 1.0.3 (/opt/ros/galactic/share/lifecycle_msgs/cmake)
[0.594s] -- Found nav2_common: 1.0.12 (/home/sentry/Wolf-Moon/install/nav2_common/share/nav2_common/cmake)
[0.595s] -- Found nav2_msgs: 1.0.12 (/home/sentry/Wolf-Moon/install/nav2_msgs/share/nav2_msgs/cmake)
[1.023s] -- Found nav2_util: 1.0.12 (/home/sentry/Wolf-Moon/install/nav2_util/share/nav2_util/cmake)
[1.210s] -- Found rmw_implementation_cmake: 3.3.1 (/opt/ros/galactic/share/rmw_implementation_cmake/cmake)
[1.212s] -- Found rmw_cyclonedds_cpp: 0.22.6 (/opt/ros/galactic/share/rmw_cyclonedds_cpp/cmake)
[1.266s] -- Using RMW implementation 'rmw_cyclonedds_cpp' as default
[2.155s] -- Found eigen3_cmake_module: 0.1.1 (/opt/ros/galactic/share/eigen3_cmake_module/cmake)
[2.505s] -- Found std_srvs: 2.2.4 (/opt/ros/galactic/share/std_srvs/cmake)
[3.900s] -- Found ament_lint_auto: 0.10.7 (/opt/ros/galactic/share/ament_lint_auto/cmake)
[3.992s] -- Found gtest sources under '/opt/ros/galactic/src/gtest_vendor': C++ tests using 'Google Test' will be built
[5.006s] -- Added test 'copyright' to check source files copyright and LICENSE
[5.006s] -- Added test 'cppcheck' to perform static code analysis on C / C++ code
[5.006s] -- Configured cppcheck include dirs: /home/sentry/Wolf-Moon/src/ThirdParty/navigation2/nav2_lifecycle_manager/include
[5.006s] -- Configured cppcheck exclude dirs and/or files: 
[5.007s] -- Added test 'cpplint' to check C / C++ code against the Google style
[5.008s] -- Configured cpplint exclude dirs and/or files: 
[5.009s] -- Added test 'flake8' to check Python code syntax and style conventions
[5.010s] -- Added test 'lint_cmake' to check CMake code style
[5.011s] -- Added test 'pep257' to check Python code against some of the style conventions in PEP 257
[5.013s] -- Added test 'uncrustify' to check C / C++ code style
[5.013s] -- Configured uncrustify additional arguments: 
[5.014s] -- Added test 'xmllint' to check XML markup files
[5.021s] -- Configuring done
[5.209s] -- Generating done
[5.307s] -- Build files have been written to: /home/sentry/Wolf-Moon/build/nav2_lifecycle_manager
[5.430s] [35m[1mScanning dependencies of target nav2_lifecycle_manager_core[0m
[5.515s] [ 15%] Built target gtest
[5.525s] make[2]: Warning: File '/home/sentry/Wolf-Moon/src/ThirdParty/navigation2/nav2_lifecycle_manager/src/lifecycle_manager.cpp' has modification time 178109 s in the future
[5.526s] [ 30%] Built target gtest_main
[5.595s] [ 38%] [32mBuilding CXX object CMakeFiles/nav2_lifecycle_manager_core.dir/src/lifecycle_manager.cpp.o[0m
[5.630s] [ 46%] [32mBuilding CXX object CMakeFiles/nav2_lifecycle_manager_core.dir/src/lifecycle_manager_client.cpp.o[0m
[15.713s] [ 53%] [32m[1mLinking CXX shared library libnav2_lifecycle_manager_core.so[0m
[16.288s] make[2]: warning:  Clock skew detected.  Your build may be incomplete.
[16.320s] [ 53%] Built target nav2_lifecycle_manager_core
[16.367s] [35m[1mScanning dependencies of target test_lifecycle_gtest[0m
[16.393s] [35m[1mScanning dependencies of target test_bond_gtest[0m
[16.406s] [35m[1mScanning dependencies of target lifecycle_manager[0m
[16.446s] make[2]: Warning: File '/home/sentry/Wolf-Moon/src/ThirdParty/navigation2/nav2_lifecycle_manager/test/test_lifecycle_manager.cpp' has modification time 178098 s in the future
[16.472s] make[2]: Warning: File '/home/sentry/Wolf-Moon/src/ThirdParty/navigation2/nav2_lifecycle_manager/test/test_bond.cpp' has modification time 178098 s in the future
[16.490s] make[2]: Warning: File '/home/sentry/Wolf-Moon/src/ThirdParty/navigation2/nav2_lifecycle_manager/src/main.cpp' has modification time 178098 s in the future
[16.534s] [ 61%] [32mBuilding CXX object test/CMakeFiles/test_lifecycle_gtest.dir/test_lifecycle_manager.cpp.o[0m
[16.566s] [ 69%] [32mBuilding CXX object CMakeFiles/lifecycle_manager.dir/src/main.cpp.o[0m
[16.570s] [ 76%] [32mBuilding CXX object test/CMakeFiles/test_bond_gtest.dir/test_bond.cpp.o[0m
[21.095s] [ 84%] [32m[1mLinking CXX executable lifecycle_manager[0m
[21.479s] make[2]: warning:  Clock skew detected.  Your build may be incomplete.
[21.521s] [ 84%] Built target lifecycle_manager
[24.434s] [ 92%] [32m[1mLinking CXX executable test_bond_gtest[0m
[25.131s] make[2]: warning:  Clock skew detected.  Your build may be incomplete.
[25.187s] [ 92%] Built target test_bond_gtest
[26.275s] [100%] [32m[1mLinking CXX executable test_lifecycle_gtest[0m
[26.727s] make[2]: warning:  Clock skew detected.  Your build may be incomplete.
[26.774s] [100%] Built target test_lifecycle_gtest
[26.799s] Invoked command in '/home/sentry/Wolf-Moon/build/nav2_lifecycle_manager' returned '0': AMENT_PREFIX_PATH=/home/sentry/Wolf-Moon/install/nav2_util:/home/sentry/Wolf-Moon/install/nav2_msgs:/home/sentry/Wolf-Moon/install/nav2_common:${AMENT_PREFIX_PATH} CMAKE_PREFIX_PATH=/home/sentry/Wolf-Moon/install/nav2_util:/home/sentry/Wolf-Moon/install/nav2_msgs:/home/sentry/Wolf-Moon/install/nav2_common:/opt/ros/galactic LD_LIBRARY_PATH=/home/sentry/Wolf-Moon/install/nav2_util/lib:/home/sentry/Wolf-Moon/install/nav2_msgs/lib:/opt/MVS/lib/64:/opt/MVS/lib/32:/home/sentry/TUP2024-Sentry-Framework/src/IG_LIO_SLAM/ThirdParty/octomap-Dynamic_point_cloud_removal/lib:/opt/intel/openvino_2022/tools/compile_tool:/opt/intel/openvino_2022/runtime/3rdparty/hddl/lib:/opt/intel/openvino_2022/runtime/lib/intel64:/opt/MVS/lib/64:/opt/MVS/lib/32:/usr/lib/x86_64-linux-gnu/gazebo-11/plugins:/opt/ros/galactic/opt/yaml_cpp_vendor/lib:/opt/ros/galactic/opt/rviz_ogre_vendor/lib:/opt/ros/galactic/lib/x86_64-linux-gnu:/opt/ros/galactic/lib:/home/sentry/TUP2024-Sentry-Framework/src/IG_LIO_SLAM/ThirdParty/octomap-Dynamic_point_cloud_removal/lib:/opt/intel/openvino_2022/tools/compile_tool:/opt/intel/openvino_2022/runtime/3rdparty/hddl/lib:/opt/intel/openvino_2022/runtime/lib/intel64:/opt/MVS/lib/64:/opt/MVS/lib/32:/opt/MVS/lib/64:/opt/MVS/lib/32:/usr/local/opencv4/lib:/usr/local/opencv4/lib PYTHONPATH=/home/sentry/Wolf-Moon/install/nav2_msgs/lib/python3.8/site-packages:/home/sentry/Wolf-Moon/install/nav2_common/lib/python3.8/site-packages:/opt/intel/openvino_2022/python/python3.8:/opt/intel/openvino_2022/python/python3:/opt/ros/galactic/lib/python3.8/site-packages:/opt/intel/openvino_2022/python/python3.8:/opt/intel/openvino_2022/python/python3 /usr/bin/cmake --build /home/sentry/Wolf-Moon/build/nav2_lifecycle_manager -- -j12 -l12
[26.804s] Invoking command in '/home/sentry/Wolf-Moon/build/nav2_lifecycle_manager': AMENT_PREFIX_PATH=/home/sentry/Wolf-Moon/install/nav2_util:/home/sentry/Wolf-Moon/install/nav2_msgs:/home/sentry/Wolf-Moon/install/nav2_common:${AMENT_PREFIX_PATH} CMAKE_PREFIX_PATH=/home/sentry/Wolf-Moon/install/nav2_util:/home/sentry/Wolf-Moon/install/nav2_msgs:/home/sentry/Wolf-Moon/install/nav2_common:/opt/ros/galactic LD_LIBRARY_PATH=/home/sentry/Wolf-Moon/install/nav2_util/lib:/home/sentry/Wolf-Moon/install/nav2_msgs/lib:/opt/MVS/lib/64:/opt/MVS/lib/32:/home/sentry/TUP2024-Sentry-Framework/src/IG_LIO_SLAM/ThirdParty/octomap-Dynamic_point_cloud_removal/lib:/opt/intel/openvino_2022/tools/compile_tool:/opt/intel/openvino_2022/runtime/3rdparty/hddl/lib:/opt/intel/openvino_2022/runtime/lib/intel64:/opt/MVS/lib/64:/opt/MVS/lib/32:/usr/lib/x86_64-linux-gnu/gazebo-11/plugins:/opt/ros/galactic/opt/yaml_cpp_vendor/lib:/opt/ros/galactic/opt/rviz_ogre_vendor/lib:/opt/ros/galactic/lib/x86_64-linux-gnu:/opt/ros/galactic/lib:/home/sentry/TUP2024-Sentry-Framework/src/IG_LIO_SLAM/ThirdParty/octomap-Dynamic_point_cloud_removal/lib:/opt/intel/openvino_2022/tools/compile_tool:/opt/intel/openvino_2022/runtime/3rdparty/hddl/lib:/opt/intel/openvino_2022/runtime/lib/intel64:/opt/MVS/lib/64:/opt/MVS/lib/32:/opt/MVS/lib/64:/opt/MVS/lib/32:/usr/local/opencv4/lib:/usr/local/opencv4/lib PYTHONPATH=/home/sentry/Wolf-Moon/install/nav2_msgs/lib/python3.8/site-packages:/home/sentry/Wolf-Moon/install/nav2_common/lib/python3.8/site-packages:/opt/intel/openvino_2022/python/python3.8:/opt/intel/openvino_2022/python/python3:/opt/ros/galactic/lib/python3.8/site-packages:/opt/intel/openvino_2022/python/python3.8:/opt/intel/openvino_2022/python/python3 /usr/bin/cmake --install /home/sentry/Wolf-Moon/build/nav2_lifecycle_manager
[26.822s] -- Install configuration: "Release"
[26.823s] -- Installing: /home/sentry/Wolf-Moon/install/nav2_lifecycle_manager/lib/libnav2_lifecycle_manager_core.so
[26.823s] -- Set runtime path of "/home/sentry/Wolf-Moon/install/nav2_lifecycle_manager/lib/libnav2_lifecycle_manager_core.so" to ""
[26.823s] -- Installing: /home/sentry/Wolf-Moon/install/nav2_lifecycle_manager/lib/nav2_lifecycle_manager/lifecycle_manager
[26.823s] -- Set runtime path of "/home/sentry/Wolf-Moon/install/nav2_lifecycle_manager/lib/nav2_lifecycle_manager/lifecycle_manager" to ""
[26.823s] -- Installing: /home/sentry/Wolf-Moon/install/nav2_lifecycle_manager/include/
[26.823s] -- Installing: /home/sentry/Wolf-Moon/install/nav2_lifecycle_manager/include//nav2_lifecycle_manager
[26.823s] -- Installing: /home/sentry/Wolf-Moon/install/nav2_lifecycle_manager/include//nav2_lifecycle_manager/lifecycle_manager.hpp
[26.823s] -- Installing: /home/sentry/Wolf-Moon/install/nav2_lifecycle_manager/include//nav2_lifecycle_manager/lifecycle_manager_client.hpp
[26.827s] -- Installing: /home/sentry/Wolf-Moon/install/nav2_lifecycle_manager/share/nav2_lifecycle_manager/environment/library_path.sh
[26.828s] -- Installing: /home/sentry/Wolf-Moon/install/nav2_lifecycle_manager/share/nav2_lifecycle_manager/environment/library_path.dsv
[26.830s] -- Installing: /home/sentry/Wolf-Moon/install/nav2_lifecycle_manager/share/ament_index/resource_index/package_run_dependencies/nav2_lifecycle_manager
[26.831s] -- Installing: /home/sentry/Wolf-Moon/install/nav2_lifecycle_manager/share/ament_index/resource_index/parent_prefix_path/nav2_lifecycle_manager
[26.831s] -- Installing: /home/sentry/Wolf-Moon/install/nav2_lifecycle_manager/share/nav2_lifecycle_manager/environment/ament_prefix_path.sh
[26.832s] -- Installing: /home/sentry/Wolf-Moon/install/nav2_lifecycle_manager/share/nav2_lifecycle_manager/environment/ament_prefix_path.dsv
[26.832s] -- Installing: /home/sentry/Wolf-Moon/install/nav2_lifecycle_manager/share/nav2_lifecycle_manager/environment/path.sh
[26.833s] -- Installing: /home/sentry/Wolf-Moon/install/nav2_lifecycle_manager/share/nav2_lifecycle_manager/environment/path.dsv
[26.833s] -- Installing: /home/sentry/Wolf-Moon/install/nav2_lifecycle_manager/share/nav2_lifecycle_manager/local_setup.bash
[26.834s] -- Installing: /home/sentry/Wolf-Moon/install/nav2_lifecycle_manager/share/nav2_lifecycle_manager/local_setup.sh
[26.835s] -- Installing: /home/sentry/Wolf-Moon/install/nav2_lifecycle_manager/share/nav2_lifecycle_manager/local_setup.zsh
[26.835s] -- Installing: /home/sentry/Wolf-Moon/install/nav2_lifecycle_manager/share/nav2_lifecycle_manager/local_setup.dsv
[26.836s] -- Installing: /home/sentry/Wolf-Moon/install/nav2_lifecycle_manager/share/nav2_lifecycle_manager/package.dsv
[26.836s] -- Installing: /home/sentry/Wolf-Moon/install/nav2_lifecycle_manager/share/ament_index/resource_index/packages/nav2_lifecycle_manager
[26.837s] -- Installing: /home/sentry/Wolf-Moon/install/nav2_lifecycle_manager/share/nav2_lifecycle_manager/cmake/ament_cmake_export_include_directories-extras.cmake
[26.842s] -- Installing: /home/sentry/Wolf-Moon/install/nav2_lifecycle_manager/share/nav2_lifecycle_manager/cmake/ament_cmake_export_libraries-extras.cmake
[26.843s] -- Installing: /home/sentry/Wolf-Moon/install/nav2_lifecycle_manager/share/nav2_lifecycle_manager/cmake/ament_cmake_export_dependencies-extras.cmake
[26.843s] -- Installing: /home/sentry/Wolf-Moon/install/nav2_lifecycle_manager/share/nav2_lifecycle_manager/cmake/nav2_lifecycle_managerConfig.cmake
[26.843s] -- Installing: /home/sentry/Wolf-Moon/install/nav2_lifecycle_manager/share/nav2_lifecycle_manager/cmake/nav2_lifecycle_managerConfig-version.cmake
[26.843s] -- Installing: /home/sentry/Wolf-Moon/install/nav2_lifecycle_manager/share/nav2_lifecycle_manager/package.xml
[26.859s] Invoked command in '/home/sentry/Wolf-Moon/build/nav2_lifecycle_manager' returned '0': AMENT_PREFIX_PATH=/home/sentry/Wolf-Moon/install/nav2_util:/home/sentry/Wolf-Moon/install/nav2_msgs:/home/sentry/Wolf-Moon/install/nav2_common:${AMENT_PREFIX_PATH} CMAKE_PREFIX_PATH=/home/sentry/Wolf-Moon/install/nav2_util:/home/sentry/Wolf-Moon/install/nav2_msgs:/home/sentry/Wolf-Moon/install/nav2_common:/opt/ros/galactic LD_LIBRARY_PATH=/home/sentry/Wolf-Moon/install/nav2_util/lib:/home/sentry/Wolf-Moon/install/nav2_msgs/lib:/opt/MVS/lib/64:/opt/MVS/lib/32:/home/sentry/TUP2024-Sentry-Framework/src/IG_LIO_SLAM/ThirdParty/octomap-Dynamic_point_cloud_removal/lib:/opt/intel/openvino_2022/tools/compile_tool:/opt/intel/openvino_2022/runtime/3rdparty/hddl/lib:/opt/intel/openvino_2022/runtime/lib/intel64:/opt/MVS/lib/64:/opt/MVS/lib/32:/usr/lib/x86_64-linux-gnu/gazebo-11/plugins:/opt/ros/galactic/opt/yaml_cpp_vendor/lib:/opt/ros/galactic/opt/rviz_ogre_vendor/lib:/opt/ros/galactic/lib/x86_64-linux-gnu:/opt/ros/galactic/lib:/home/sentry/TUP2024-Sentry-Framework/src/IG_LIO_SLAM/ThirdParty/octomap-Dynamic_point_cloud_removal/lib:/opt/intel/openvino_2022/tools/compile_tool:/opt/intel/openvino_2022/runtime/3rdparty/hddl/lib:/opt/intel/openvino_2022/runtime/lib/intel64:/opt/MVS/lib/64:/opt/MVS/lib/32:/opt/MVS/lib/64:/opt/MVS/lib/32:/usr/local/opencv4/lib:/usr/local/opencv4/lib PYTHONPATH=/home/sentry/Wolf-Moon/install/nav2_msgs/lib/python3.8/site-packages:/home/sentry/Wolf-Moon/install/nav2_common/lib/python3.8/site-packages:/opt/intel/openvino_2022/python/python3.8:/opt/intel/openvino_2022/python/python3:/opt/ros/galactic/lib/python3.8/site-packages:/opt/intel/openvino_2022/python/python3.8:/opt/intel/openvino_2022/python/python3 /usr/bin/cmake --install /home/sentry/Wolf-Moon/build/nav2_lifecycle_manager
