[0.069s] Invoking command in '/home/sentry/Wolf-Moon/build/grid_map_core': CMAKE_PREFIX_PATH=/home/sentry/Wolf-Moon/install/grid_map_cmake_helpers:/home/sentry/Wolf-Moon/install/sentry_decision_v2:/home/sentry/Wolf-Moon/install/octomap_dynamic_map:/home/sentry/Wolf-Moon/install/navigation_planning:/home/sentry/Wolf-Moon/install/grid_map:/home/sentry/Wolf-Moon/install/grid_map_costmap_2d:/home/sentry/Wolf-Moon/install/nav2_costmap_2d:/home/sentry/Wolf-Moon/install/nav2_voxel_grid:/home/sentry/Wolf-Moon/install/nav2_map_server:/home/sentry/Wolf-Moon/install/nav2_lifecycle_manager:/home/sentry/Wolf-Moon/install/nav2_behavior_tree:/home/sentry/Wolf-Moon/install/nav2_util:/home/sentry/Wolf-Moon/install/grid_map_demos:/home/sentry/Wolf-Moon/install/grid_map_visualization:/home/sentry/Wolf-Moon/install/grid_map_rviz_plugin:/home/sentry/Wolf-Moon/install/grid_map_pcl:/home/sentry/Wolf-Moon/install/grid_map_loader:/home/sentry/Wolf-Moon/install/grid_map_filters:/home/sentry/Wolf-Moon/install/grid_map_ros:/home/sentry/Wolf-Moon/install/nav2_msgs:/home/sentry/Wolf-Moon/install/nav2_common:/home/sentry/Wolf-Moon/install/livox_ros_driver2:/home/sentry/Wolf-Moon/install/ig_lio_c_msgs:/home/sentry/Wolf-Moon/install/ig_lio_c:/home/sentry/Wolf-Moon/install/grid_map_sdf:/home/sentry/Wolf-Moon/install/grid_map_octomap:/home/sentry/Wolf-Moon/install/grid_map_msgs:/home/sentry/Wolf-Moon/install/grid_map_cv:/home/sentry/Wolf-Moon/install/grid_map_core:/home/sentry/Wolf-Moon/install/cv_bridge:/home/sentry/Wolf-Moon/install/auto_aim_interfaces:/home/sentry/Wolf-Moon/install/fake_msg_publisher:/opt/ros/galactic /usr/bin/cmake --build /home/sentry/Wolf-Moon/build/grid_map_core -- -j12 -l12
[0.224s] [ 42%] Built target grid_map_core
[0.278s] [ 48%] Built target gtest
[0.321s] [ 54%] Built target gtest_main
[0.489s] [100%] Built target grid_map_core-test
[0.601s] Invoked command in '/home/sentry/Wolf-Moon/build/grid_map_core' returned '0': CMAKE_PREFIX_PATH=/home/sentry/Wolf-Moon/install/grid_map_cmake_helpers:/home/sentry/Wolf-Moon/install/sentry_decision_v2:/home/sentry/Wolf-Moon/install/octomap_dynamic_map:/home/sentry/Wolf-Moon/install/navigation_planning:/home/sentry/Wolf-Moon/install/grid_map:/home/sentry/Wolf-Moon/install/grid_map_costmap_2d:/home/sentry/Wolf-Moon/install/nav2_costmap_2d:/home/sentry/Wolf-Moon/install/nav2_voxel_grid:/home/sentry/Wolf-Moon/install/nav2_map_server:/home/sentry/Wolf-Moon/install/nav2_lifecycle_manager:/home/sentry/Wolf-Moon/install/nav2_behavior_tree:/home/sentry/Wolf-Moon/install/nav2_util:/home/sentry/Wolf-Moon/install/grid_map_demos:/home/sentry/Wolf-Moon/install/grid_map_visualization:/home/sentry/Wolf-Moon/install/grid_map_rviz_plugin:/home/sentry/Wolf-Moon/install/grid_map_pcl:/home/sentry/Wolf-Moon/install/grid_map_loader:/home/sentry/Wolf-Moon/install/grid_map_filters:/home/sentry/Wolf-Moon/install/grid_map_ros:/home/sentry/Wolf-Moon/install/nav2_msgs:/home/sentry/Wolf-Moon/install/nav2_common:/home/sentry/Wolf-Moon/install/livox_ros_driver2:/home/sentry/Wolf-Moon/install/ig_lio_c_msgs:/home/sentry/Wolf-Moon/install/ig_lio_c:/home/sentry/Wolf-Moon/install/grid_map_sdf:/home/sentry/Wolf-Moon/install/grid_map_octomap:/home/sentry/Wolf-Moon/install/grid_map_msgs:/home/sentry/Wolf-Moon/install/grid_map_cv:/home/sentry/Wolf-Moon/install/grid_map_core:/home/sentry/Wolf-Moon/install/cv_bridge:/home/sentry/Wolf-Moon/install/auto_aim_interfaces:/home/sentry/Wolf-Moon/install/fake_msg_publisher:/opt/ros/galactic /usr/bin/cmake --build /home/sentry/Wolf-Moon/build/grid_map_core -- -j12 -l12
[0.607s] Invoking command in '/home/sentry/Wolf-Moon/build/grid_map_core': CMAKE_PREFIX_PATH=/home/sentry/Wolf-Moon/install/grid_map_cmake_helpers:/home/sentry/Wolf-Moon/install/sentry_decision_v2:/home/sentry/Wolf-Moon/install/octomap_dynamic_map:/home/sentry/Wolf-Moon/install/navigation_planning:/home/sentry/Wolf-Moon/install/grid_map:/home/sentry/Wolf-Moon/install/grid_map_costmap_2d:/home/sentry/Wolf-Moon/install/nav2_costmap_2d:/home/sentry/Wolf-Moon/install/nav2_voxel_grid:/home/sentry/Wolf-Moon/install/nav2_map_server:/home/sentry/Wolf-Moon/install/nav2_lifecycle_manager:/home/sentry/Wolf-Moon/install/nav2_behavior_tree:/home/sentry/Wolf-Moon/install/nav2_util:/home/sentry/Wolf-Moon/install/grid_map_demos:/home/sentry/Wolf-Moon/install/grid_map_visualization:/home/sentry/Wolf-Moon/install/grid_map_rviz_plugin:/home/sentry/Wolf-Moon/install/grid_map_pcl:/home/sentry/Wolf-Moon/install/grid_map_loader:/home/sentry/Wolf-Moon/install/grid_map_filters:/home/sentry/Wolf-Moon/install/grid_map_ros:/home/sentry/Wolf-Moon/install/nav2_msgs:/home/sentry/Wolf-Moon/install/nav2_common:/home/sentry/Wolf-Moon/install/livox_ros_driver2:/home/sentry/Wolf-Moon/install/ig_lio_c_msgs:/home/sentry/Wolf-Moon/install/ig_lio_c:/home/sentry/Wolf-Moon/install/grid_map_sdf:/home/sentry/Wolf-Moon/install/grid_map_octomap:/home/sentry/Wolf-Moon/install/grid_map_msgs:/home/sentry/Wolf-Moon/install/grid_map_cv:/home/sentry/Wolf-Moon/install/grid_map_core:/home/sentry/Wolf-Moon/install/cv_bridge:/home/sentry/Wolf-Moon/install/auto_aim_interfaces:/home/sentry/Wolf-Moon/install/fake_msg_publisher:/opt/ros/galactic /usr/bin/cmake --install /home/sentry/Wolf-Moon/build/grid_map_core
[0.614s] -- Install configuration: "Release"
[0.614s] -- Up-to-date: /home/sentry/Wolf-Moon/install/grid_map_core/lib/libgrid_map_core.a
[0.616s] -- Up-to-date: /home/sentry/Wolf-Moon/install/grid_map_core/include/grid_map_core
[0.616s] -- Up-to-date: /home/sentry/Wolf-Moon/install/grid_map_core/include/grid_map_core/Polygon.hpp
[0.616s] -- Up-to-date: /home/sentry/Wolf-Moon/install/grid_map_core/include/grid_map_core/grid_map_core.hpp
[0.616s] -- Up-to-date: /home/sentry/Wolf-Moon/install/grid_map_core/include/grid_map_core/CubicInterpolation.hpp
[0.616s] -- Up-to-date: /home/sentry/Wolf-Moon/install/grid_map_core/include/grid_map_core/GridMapMath.hpp
[0.616s] -- Up-to-date: /home/sentry/Wolf-Moon/install/grid_map_core/include/grid_map_core/gtest_eigen.hpp
[0.616s] -- Up-to-date: /home/sentry/Wolf-Moon/install/grid_map_core/include/grid_map_core/eigen_plugins
[0.617s] -- Up-to-date: /home/sentry/Wolf-Moon/install/grid_map_core/include/grid_map_core/eigen_plugins/FunctorsPlugin.hpp
[0.617s] -- Up-to-date: /home/sentry/Wolf-Moon/install/grid_map_core/include/grid_map_core/eigen_plugins/Functors.hpp
[0.617s] -- Up-to-date: /home/sentry/Wolf-Moon/install/grid_map_core/include/grid_map_core/eigen_plugins/DenseBasePlugin.hpp
[0.617s] -- Up-to-date: /home/sentry/Wolf-Moon/install/grid_map_core/include/grid_map_core/GridMap.hpp
[0.617s] -- Up-to-date: /home/sentry/Wolf-Moon/install/grid_map_core/include/grid_map_core/BufferRegion.hpp
[0.617s] -- Up-to-date: /home/sentry/Wolf-Moon/install/grid_map_core/include/grid_map_core/SubmapGeometry.hpp
[0.617s] -- Up-to-date: /home/sentry/Wolf-Moon/install/grid_map_core/include/grid_map_core/iterators
[0.617s] -- Up-to-date: /home/sentry/Wolf-Moon/install/grid_map_core/include/grid_map_core/iterators/EllipseIterator.hpp
[0.617s] -- Up-to-date: /home/sentry/Wolf-Moon/install/grid_map_core/include/grid_map_core/iterators/LineIterator.hpp
[0.617s] -- Up-to-date: /home/sentry/Wolf-Moon/install/grid_map_core/include/grid_map_core/iterators/SpiralIterator.hpp
[0.617s] -- Up-to-date: /home/sentry/Wolf-Moon/install/grid_map_core/include/grid_map_core/iterators/PolygonIterator.hpp
[0.617s] -- Up-to-date: /home/sentry/Wolf-Moon/install/grid_map_core/include/grid_map_core/iterators/CircleIterator.hpp
[0.617s] -- Up-to-date: /home/sentry/Wolf-Moon/install/grid_map_core/include/grid_map_core/iterators/GridMapIterator.hpp
[0.617s] -- Up-to-date: /home/sentry/Wolf-Moon/install/grid_map_core/include/grid_map_core/iterators/SubmapIterator.hpp
[0.617s] -- Up-to-date: /home/sentry/Wolf-Moon/install/grid_map_core/include/grid_map_core/iterators/iterators.hpp
[0.617s] -- Up-to-date: /home/sentry/Wolf-Moon/install/grid_map_core/include/grid_map_core/iterators/SlidingWindowIterator.hpp
[0.617s] -- Up-to-date: /home/sentry/Wolf-Moon/install/grid_map_core/include/grid_map_core/TypeDefs.hpp
[0.617s] -- Up-to-date: /home/sentry/Wolf-Moon/install/grid_map_core/share/grid_map_core/doc
[0.617s] -- Up-to-date: /home/sentry/Wolf-Moon/install/grid_map_core/share/grid_map_core/doc/grid_map_conventions.pdf
[0.617s] -- Up-to-date: /home/sentry/Wolf-Moon/install/grid_map_core/share/grid_map_core/doc/grid_map_conventions.png
[0.617s] -- Up-to-date: /home/sentry/Wolf-Moon/install/grid_map_core/share/grid_map_core/doc/grid_map_layers.pdf
[0.617s] -- Up-to-date: /home/sentry/Wolf-Moon/install/grid_map_core/share/grid_map_core/doc/interpolationSineWorld.gif
[0.617s] -- Up-to-date: /home/sentry/Wolf-Moon/install/grid_map_core/share/grid_map_core/doc/setposition_method.gif
[0.617s] -- Up-to-date: /home/sentry/Wolf-Moon/install/grid_map_core/share/grid_map_core/doc/grid_map_layers.png
[0.618s] -- Up-to-date: /home/sentry/Wolf-Moon/install/grid_map_core/share/grid_map_core/doc/interpolationGaussWorld.gif
[0.618s] -- Up-to-date: /home/sentry/Wolf-Moon/install/grid_map_core/share/grid_map_core/doc/iterators
[0.618s] -- Up-to-date: /home/sentry/Wolf-Moon/install/grid_map_core/share/grid_map_core/doc/iterators/polygon_iterator_preview.gif
[0.628s] -- Up-to-date: /home/sentry/Wolf-Moon/install/grid_map_core/share/grid_map_core/doc/iterators/line_iterator_preview.gif
[0.628s] -- Up-to-date: /home/sentry/Wolf-Moon/install/grid_map_core/share/grid_map_core/doc/iterators/grid_map_iterator.gif
[0.628s] -- Up-to-date: /home/sentry/Wolf-Moon/install/grid_map_core/share/grid_map_core/doc/iterators/circle_iterator_preview.gif
[0.628s] -- Up-to-date: /home/sentry/Wolf-Moon/install/grid_map_core/share/grid_map_core/doc/iterators/line_iterator.gif
[0.628s] -- Up-to-date: /home/sentry/Wolf-Moon/install/grid_map_core/share/grid_map_core/doc/iterators/ellipse_iterator_preview.gif
[0.628s] -- Up-to-date: /home/sentry/Wolf-Moon/install/grid_map_core/share/grid_map_core/doc/iterators/circle_iterator.gif
[0.628s] -- Up-to-date: /home/sentry/Wolf-Moon/install/grid_map_core/share/grid_map_core/doc/iterators/spiral_iterator.gif
[0.628s] -- Up-to-date: /home/sentry/Wolf-Moon/install/grid_map_core/share/grid_map_core/doc/iterators/grid_map_iterator_preview.gif
[0.628s] -- Up-to-date: /home/sentry/Wolf-Moon/install/grid_map_core/share/grid_map_core/doc/iterators/submap_iterator_preview.gif
[0.629s] -- Up-to-date: /home/sentry/Wolf-Moon/install/grid_map_core/share/grid_map_core/doc/iterators/polygon_iterator.gif
[0.629s] -- Up-to-date: /home/sentry/Wolf-Moon/install/grid_map_core/share/grid_map_core/doc/iterators/submap_iterator.gif
[0.629s] -- Up-to-date: /home/sentry/Wolf-Moon/install/grid_map_core/share/grid_map_core/doc/iterators/ellipse_iterator.gif
[0.629s] -- Up-to-date: /home/sentry/Wolf-Moon/install/grid_map_core/share/grid_map_core/doc/iterators/spiral_iterator_preview.gif
[0.629s] -- Up-to-date: /home/sentry/Wolf-Moon/install/grid_map_core/share/grid_map_core/doc/move_method.gif
[0.629s] -- Up-to-date: /home/sentry/Wolf-Moon/install/grid_map_core/share/grid_map_core/environment/library_path.sh
[0.629s] -- Up-to-date: /home/sentry/Wolf-Moon/install/grid_map_core/share/grid_map_core/environment/library_path.dsv
[0.629s] -- Up-to-date: /home/sentry/Wolf-Moon/install/grid_map_core/share/ament_index/resource_index/package_run_dependencies/grid_map_core
[0.629s] -- Up-to-date: /home/sentry/Wolf-Moon/install/grid_map_core/share/ament_index/resource_index/parent_prefix_path/grid_map_core
[0.629s] -- Up-to-date: /home/sentry/Wolf-Moon/install/grid_map_core/share/grid_map_core/environment/ament_prefix_path.sh
[0.630s] -- Up-to-date: /home/sentry/Wolf-Moon/install/grid_map_core/share/grid_map_core/environment/ament_prefix_path.dsv
[0.630s] -- Up-to-date: /home/sentry/Wolf-Moon/install/grid_map_core/share/grid_map_core/environment/path.sh
[0.630s] -- Up-to-date: /home/sentry/Wolf-Moon/install/grid_map_core/share/grid_map_core/environment/path.dsv
[0.630s] -- Up-to-date: /home/sentry/Wolf-Moon/install/grid_map_core/share/grid_map_core/local_setup.bash
[0.630s] -- Up-to-date: /home/sentry/Wolf-Moon/install/grid_map_core/share/grid_map_core/local_setup.sh
[0.630s] -- Up-to-date: /home/sentry/Wolf-Moon/install/grid_map_core/share/grid_map_core/local_setup.zsh
[0.630s] -- Up-to-date: /home/sentry/Wolf-Moon/install/grid_map_core/share/grid_map_core/local_setup.dsv
[0.631s] -- Installing: /home/sentry/Wolf-Moon/install/grid_map_core/share/grid_map_core/package.dsv
[0.631s] -- Up-to-date: /home/sentry/Wolf-Moon/install/grid_map_core/share/ament_index/resource_index/packages/grid_map_core
[0.631s] -- Up-to-date: /home/sentry/Wolf-Moon/install/grid_map_core/share/grid_map_core/cmake/grid_map_core-extras.cmake
[0.631s] -- Up-to-date: /home/sentry/Wolf-Moon/install/grid_map_core/share/grid_map_core/cmake/ament_cmake_export_include_directories-extras.cmake
[0.631s] -- Up-to-date: /home/sentry/Wolf-Moon/install/grid_map_core/share/grid_map_core/cmake/ament_cmake_export_libraries-extras.cmake
[0.631s] -- Up-to-date: /home/sentry/Wolf-Moon/install/grid_map_core/share/grid_map_core/cmake/grid_map_coreConfig.cmake
[0.631s] -- Up-to-date: /home/sentry/Wolf-Moon/install/grid_map_core/share/grid_map_core/cmake/grid_map_coreConfig-version.cmake
[0.631s] -- Up-to-date: /home/sentry/Wolf-Moon/install/grid_map_core/share/grid_map_core/package.xml
[0.632s] Invoked command in '/home/sentry/Wolf-Moon/build/grid_map_core' returned '0': CMAKE_PREFIX_PATH=/home/sentry/Wolf-Moon/install/grid_map_cmake_helpers:/home/sentry/Wolf-Moon/install/sentry_decision_v2:/home/sentry/Wolf-Moon/install/octomap_dynamic_map:/home/sentry/Wolf-Moon/install/navigation_planning:/home/sentry/Wolf-Moon/install/grid_map:/home/sentry/Wolf-Moon/install/grid_map_costmap_2d:/home/sentry/Wolf-Moon/install/nav2_costmap_2d:/home/sentry/Wolf-Moon/install/nav2_voxel_grid:/home/sentry/Wolf-Moon/install/nav2_map_server:/home/sentry/Wolf-Moon/install/nav2_lifecycle_manager:/home/sentry/Wolf-Moon/install/nav2_behavior_tree:/home/sentry/Wolf-Moon/install/nav2_util:/home/sentry/Wolf-Moon/install/grid_map_demos:/home/sentry/Wolf-Moon/install/grid_map_visualization:/home/sentry/Wolf-Moon/install/grid_map_rviz_plugin:/home/sentry/Wolf-Moon/install/grid_map_pcl:/home/sentry/Wolf-Moon/install/grid_map_loader:/home/sentry/Wolf-Moon/install/grid_map_filters:/home/sentry/Wolf-Moon/install/grid_map_ros:/home/sentry/Wolf-Moon/install/nav2_msgs:/home/sentry/Wolf-Moon/install/nav2_common:/home/sentry/Wolf-Moon/install/livox_ros_driver2:/home/sentry/Wolf-Moon/install/ig_lio_c_msgs:/home/sentry/Wolf-Moon/install/ig_lio_c:/home/sentry/Wolf-Moon/install/grid_map_sdf:/home/sentry/Wolf-Moon/install/grid_map_octomap:/home/sentry/Wolf-Moon/install/grid_map_msgs:/home/sentry/Wolf-Moon/install/grid_map_cv:/home/sentry/Wolf-Moon/install/grid_map_core:/home/sentry/Wolf-Moon/install/cv_bridge:/home/sentry/Wolf-Moon/install/auto_aim_interfaces:/home/sentry/Wolf-Moon/install/fake_msg_publisher:/opt/ros/galactic /usr/bin/cmake --install /home/sentry/Wolf-Moon/build/grid_map_core
