[0.079s] Invoking command in '/home/sentry/Wolf-Moon/build/grid_map_cmake_helpers': CMAKE_PREFIX_PATH=${CMAKE_PREFIX_PATH}:/home/sentry/Wolf-Moon/install/fake_msg_publisher:/opt/ros/galactic /usr/bin/cmake --build /home/sentry/Wolf-Moon/build/grid_map_cmake_helpers -- -j12 -l12
[0.178s] Invoked command in '/home/sentry/Wolf-Moon/build/grid_map_cmake_helpers' returned '0': CMAKE_PREFIX_PATH=${CMAKE_PREFIX_PATH}:/home/sentry/Wolf-Moon/install/fake_msg_publisher:/opt/ros/galactic /usr/bin/cmake --build /home/sentry/Wolf-Moon/build/grid_map_cmake_helpers -- -j12 -l12
[0.203s] Invoking command in '/home/sentry/Wolf-Moon/build/grid_map_cmake_helpers': CMAKE_PREFIX_PATH=${CMAKE_PREFIX_PATH}:/home/sentry/Wolf-Moon/install/fake_msg_publisher:/opt/ros/galactic /usr/bin/cmake --install /home/sentry/Wolf-Moon/build/grid_map_cmake_helpers
[0.222s] -- Install configuration: ""
[0.222s] -- Up-to-date: /home/sentry/Wolf-Moon/install/grid_map_cmake_helpers/share/ament_index/resource_index/package_run_dependencies/grid_map_cmake_helpers
[0.223s] -- Up-to-date: /home/sentry/Wolf-Moon/install/grid_map_cmake_helpers/share/ament_index/resource_index/parent_prefix_path/grid_map_cmake_helpers
[0.223s] -- Up-to-date: /home/sentry/Wolf-Moon/install/grid_map_cmake_helpers/share/grid_map_cmake_helpers/environment/ament_prefix_path.sh
[0.223s] -- Up-to-date: /home/sentry/Wolf-Moon/install/grid_map_cmake_helpers/share/grid_map_cmake_helpers/environment/ament_prefix_path.dsv
[0.223s] -- Up-to-date: /home/sentry/Wolf-Moon/install/grid_map_cmake_helpers/share/grid_map_cmake_helpers/environment/path.sh
[0.228s] -- Up-to-date: /home/sentry/Wolf-Moon/install/grid_map_cmake_helpers/share/grid_map_cmake_helpers/environment/path.dsv
[0.230s] -- Up-to-date: /home/sentry/Wolf-Moon/install/grid_map_cmake_helpers/share/grid_map_cmake_helpers/local_setup.bash
[0.231s] -- Up-to-date: /home/sentry/Wolf-Moon/install/grid_map_cmake_helpers/share/grid_map_cmake_helpers/local_setup.sh
[0.231s] -- Up-to-date: /home/sentry/Wolf-Moon/install/grid_map_cmake_helpers/share/grid_map_cmake_helpers/local_setup.zsh
[0.232s] -- Up-to-date: /home/sentry/Wolf-Moon/install/grid_map_cmake_helpers/share/grid_map_cmake_helpers/local_setup.dsv
[0.233s] -- Installing: /home/sentry/Wolf-Moon/install/grid_map_cmake_helpers/share/grid_map_cmake_helpers/package.dsv
[0.235s] -- Up-to-date: /home/sentry/Wolf-Moon/install/grid_map_cmake_helpers/share/ament_index/resource_index/packages/grid_map_cmake_helpers
[0.236s] -- Up-to-date: /home/sentry/Wolf-Moon/install/grid_map_cmake_helpers/share/grid_map_cmake_helpers/cmake/grid_map_cmake_helpers-extras.cmake
[0.236s] -- Up-to-date: /home/sentry/Wolf-Moon/install/grid_map_cmake_helpers/share/grid_map_cmake_helpers/cmake/grid_map_cmake_helpersConfig.cmake
[0.237s] -- Up-to-date: /home/sentry/Wolf-Moon/install/grid_map_cmake_helpers/share/grid_map_cmake_helpers/cmake/grid_map_cmake_helpersConfig-version.cmake
[0.238s] -- Up-to-date: /home/sentry/Wolf-Moon/install/grid_map_cmake_helpers/share/grid_map_cmake_helpers/package.xml
[0.238s] -- Up-to-date: /home/sentry/Wolf-Moon/install/grid_map_cmake_helpers/share/grid_map_cmake_helpers/cmake
[0.239s] -- Up-to-date: /home/sentry/Wolf-Moon/install/grid_map_cmake_helpers/share/grid_map_cmake_helpers/cmake/grid_map_package.cmake
[0.247s] Invoked command in '/home/sentry/Wolf-Moon/build/grid_map_cmake_helpers' returned '0': CMAKE_PREFIX_PATH=${CMAKE_PREFIX_PATH}:/home/sentry/Wolf-Moon/install/fake_msg_publisher:/opt/ros/galactic /usr/bin/cmake --install /home/sentry/Wolf-Moon/build/grid_map_cmake_helpers
