[ 12%] Built target nav2_msgs__rosidl_generator_c
[ 12%] Built target nav2_msgs__cpp
[ 25%] Built target nav2_msgs__rosidl_typesupport_introspection_c
[ 37%] Built target nav2_msgs__rosidl_typesupport_fastrtps_cpp
[ 50%] Built target nav2_msgs__rosidl_typesupport_introspection_cpp
[ 62%] Built target nav2_msgs__rosidl_typesupport_fastrtps_c
[ 74%] Built target nav2_msgs__rosidl_typesupport_cpp
[ 86%] Built target nav2_msgs__rosidl_typesupport_c
[ 86%] Built target nav2_msgs
[ 86%] Built target nav2_msgs__py
[ 98%] Built target nav2_msgs__python
[ 98%] Built target nav2_msgs__rosidl_typesupport_introspection_c__pyext
[ 99%] Built target nav2_msgs__rosidl_typesupport_fastrtps_c__pyext
[100%] Built target nav2_msgs__rosidl_typesupport_c__pyext
-- Install configuration: "Release"
-- Up-to-date: /home/sentry/Wolf-Moon/install/nav2_msgs/share/ament_index/resource_index/rosidl_interfaces/nav2_msgs
-- Up-to-date: /home/sentry/Wolf-Moon/install/nav2_msgs/include/nav2_msgs
-- Up-to-date: /home/sentry/Wolf-Moon/install/nav2_msgs/include/nav2_msgs/msg
-- Up-to-date: /home/sentry/Wolf-Moon/install/nav2_msgs/include/nav2_msgs/msg/particle_cloud.h
-- Up-to-date: /home/sentry/Wolf-Moon/install/nav2_msgs/include/nav2_msgs/msg/behavior_tree_log.h
-- Up-to-date: /home/sentry/Wolf-Moon/install/nav2_msgs/include/nav2_msgs/msg/particle.h
-- Up-to-date: /home/sentry/Wolf-Moon/install/nav2_msgs/include/nav2_msgs/msg/speed_limit.h
-- Up-to-date: /home/sentry/Wolf-Moon/install/nav2_msgs/include/nav2_msgs/msg/costmap_meta_data.h
-- Up-to-date: /home/sentry/Wolf-Moon/install/nav2_msgs/include/nav2_msgs/msg/behavior_tree_status_change.h
-- Up-to-date: /home/sentry/Wolf-Moon/install/nav2_msgs/include/nav2_msgs/msg/detail
-- Up-to-date: /home/sentry/Wolf-Moon/install/nav2_msgs/include/nav2_msgs/msg/detail/costmap__functions.c
-- Up-to-date: /home/sentry/Wolf-Moon/install/nav2_msgs/include/nav2_msgs/msg/detail/behavior_tree_log__functions.h
-- Up-to-date: /home/sentry/Wolf-Moon/install/nav2_msgs/include/nav2_msgs/msg/detail/voxel_grid__functions.h
-- Up-to-date: /home/sentry/Wolf-Moon/install/nav2_msgs/include/nav2_msgs/msg/detail/speed_limit__functions.h
-- Up-to-date: /home/sentry/Wolf-Moon/install/nav2_msgs/include/nav2_msgs/msg/detail/costmap_filter_info__functions.c
-- Up-to-date: /home/sentry/Wolf-Moon/install/nav2_msgs/include/nav2_msgs/msg/detail/behavior_tree_log__type_support.h
-- Up-to-date: /home/sentry/Wolf-Moon/install/nav2_msgs/include/nav2_msgs/msg/detail/costmap_filter_info__struct.h
-- Up-to-date: /home/sentry/Wolf-Moon/install/nav2_msgs/include/nav2_msgs/msg/detail/particle_cloud__functions.c
-- Up-to-date: /home/sentry/Wolf-Moon/install/nav2_msgs/include/nav2_msgs/msg/detail/behavior_tree_log__struct.h
-- Up-to-date: /home/sentry/Wolf-Moon/install/nav2_msgs/include/nav2_msgs/msg/detail/costmap_filter_info__type_support.h
-- Up-to-date: /home/sentry/Wolf-Moon/install/nav2_msgs/include/nav2_msgs/msg/detail/particle_cloud__functions.h
-- Up-to-date: /home/sentry/Wolf-Moon/install/nav2_msgs/include/nav2_msgs/msg/detail/voxel_grid__functions.c
-- Up-to-date: /home/sentry/Wolf-Moon/install/nav2_msgs/include/nav2_msgs/msg/detail/particle__functions.c
-- Up-to-date: /home/sentry/Wolf-Moon/install/nav2_msgs/include/nav2_msgs/msg/detail/voxel_grid__struct.h
-- Up-to-date: /home/sentry/Wolf-Moon/install/nav2_msgs/include/nav2_msgs/msg/detail/speed_limit__functions.c
-- Up-to-date: /home/sentry/Wolf-Moon/install/nav2_msgs/include/nav2_msgs/msg/detail/costmap__type_support.h
-- Up-to-date: /home/sentry/Wolf-Moon/install/nav2_msgs/include/nav2_msgs/msg/detail/behavior_tree_status_change__struct.h
-- Up-to-date: /home/sentry/Wolf-Moon/install/nav2_msgs/include/nav2_msgs/msg/detail/costmap_meta_data__functions.h
-- Up-to-date: /home/sentry/Wolf-Moon/install/nav2_msgs/include/nav2_msgs/msg/detail/costmap_meta_data__functions.c
-- Up-to-date: /home/sentry/Wolf-Moon/install/nav2_msgs/include/nav2_msgs/msg/detail/behavior_tree_status_change__type_support.h
-- Up-to-date: /home/sentry/Wolf-Moon/install/nav2_msgs/include/nav2_msgs/msg/detail/particle__struct.h
-- Up-to-date: /home/sentry/Wolf-Moon/install/nav2_msgs/include/nav2_msgs/msg/detail/costmap_filter_info__functions.h
-- Up-to-date: /home/sentry/Wolf-Moon/install/nav2_msgs/include/nav2_msgs/msg/detail/costmap_meta_data__type_support.h
-- Up-to-date: /home/sentry/Wolf-Moon/install/nav2_msgs/include/nav2_msgs/msg/detail/particle_cloud__type_support.h
-- Up-to-date: /home/sentry/Wolf-Moon/install/nav2_msgs/include/nav2_msgs/msg/detail/speed_limit__type_support.h
-- Up-to-date: /home/sentry/Wolf-Moon/install/nav2_msgs/include/nav2_msgs/msg/detail/costmap__functions.h
-- Up-to-date: /home/sentry/Wolf-Moon/install/nav2_msgs/include/nav2_msgs/msg/detail/costmap_meta_data__struct.h
-- Up-to-date: /home/sentry/Wolf-Moon/install/nav2_msgs/include/nav2_msgs/msg/detail/speed_limit__struct.h
-- Up-to-date: /home/sentry/Wolf-Moon/install/nav2_msgs/include/nav2_msgs/msg/detail/behavior_tree_status_change__functions.c
-- Up-to-date: /home/sentry/Wolf-Moon/install/nav2_msgs/include/nav2_msgs/msg/detail/behavior_tree_status_change__functions.h
-- Up-to-date: /home/sentry/Wolf-Moon/install/nav2_msgs/include/nav2_msgs/msg/detail/particle__functions.h
-- Up-to-date: /home/sentry/Wolf-Moon/install/nav2_msgs/include/nav2_msgs/msg/detail/costmap__struct.h
-- Up-to-date: /home/sentry/Wolf-Moon/install/nav2_msgs/include/nav2_msgs/msg/detail/particle__type_support.h
-- Up-to-date: /home/sentry/Wolf-Moon/install/nav2_msgs/include/nav2_msgs/msg/detail/particle_cloud__struct.h
-- Up-to-date: /home/sentry/Wolf-Moon/install/nav2_msgs/include/nav2_msgs/msg/detail/behavior_tree_log__functions.c
-- Up-to-date: /home/sentry/Wolf-Moon/install/nav2_msgs/include/nav2_msgs/msg/detail/voxel_grid__type_support.h
-- Up-to-date: /home/sentry/Wolf-Moon/install/nav2_msgs/include/nav2_msgs/msg/costmap_filter_info.h
-- Up-to-date: /home/sentry/Wolf-Moon/install/nav2_msgs/include/nav2_msgs/msg/costmap.h
-- Up-to-date: /home/sentry/Wolf-Moon/install/nav2_msgs/include/nav2_msgs/msg/rosidl_generator_c__visibility_control.h
-- Up-to-date: /home/sentry/Wolf-Moon/install/nav2_msgs/include/nav2_msgs/msg/voxel_grid.h
-- Up-to-date: /home/sentry/Wolf-Moon/install/nav2_msgs/include/nav2_msgs/action
-- Up-to-date: /home/sentry/Wolf-Moon/install/nav2_msgs/include/nav2_msgs/action/compute_path_through_poses.h
-- Up-to-date: /home/sentry/Wolf-Moon/install/nav2_msgs/include/nav2_msgs/action/wait.h
-- Up-to-date: /home/sentry/Wolf-Moon/install/nav2_msgs/include/nav2_msgs/action/back_up.h
-- Up-to-date: /home/sentry/Wolf-Moon/install/nav2_msgs/include/nav2_msgs/action/compute_path_to_pose.h
-- Up-to-date: /home/sentry/Wolf-Moon/install/nav2_msgs/include/nav2_msgs/action/dummy_recovery.h
-- Up-to-date: /home/sentry/Wolf-Moon/install/nav2_msgs/include/nav2_msgs/action/detail
-- Up-to-date: /home/sentry/Wolf-Moon/install/nav2_msgs/include/nav2_msgs/action/detail/follow_path__functions.h
-- Up-to-date: /home/sentry/Wolf-Moon/install/nav2_msgs/include/nav2_msgs/action/detail/navigate_through_poses__functions.h
-- Up-to-date: /home/sentry/Wolf-Moon/install/nav2_msgs/include/nav2_msgs/action/detail/back_up__functions.h
-- Up-to-date: /home/sentry/Wolf-Moon/install/nav2_msgs/include/nav2_msgs/action/detail/navigate_to_pose__functions.h
-- Up-to-date: /home/sentry/Wolf-Moon/install/nav2_msgs/include/nav2_msgs/action/detail/follow_waypoints__struct.h
-- Up-to-date: /home/sentry/Wolf-Moon/install/nav2_msgs/include/nav2_msgs/action/detail/compute_path_to_pose__type_support.h
-- Up-to-date: /home/sentry/Wolf-Moon/install/nav2_msgs/include/nav2_msgs/action/detail/dummy_recovery__functions.c
-- Up-to-date: /home/sentry/Wolf-Moon/install/nav2_msgs/include/nav2_msgs/action/detail/compute_path_to_pose__functions.c
-- Up-to-date: /home/sentry/Wolf-Moon/install/nav2_msgs/include/nav2_msgs/action/detail/compute_path_to_pose__struct.h
-- Up-to-date: /home/sentry/Wolf-Moon/install/nav2_msgs/include/nav2_msgs/action/detail/navigate_to_pose__struct.h
-- Up-to-date: /home/sentry/Wolf-Moon/install/nav2_msgs/include/nav2_msgs/action/detail/spin__type_support.h
-- Up-to-date: /home/sentry/Wolf-Moon/install/nav2_msgs/include/nav2_msgs/action/detail/spin__functions.h
-- Up-to-date: /home/sentry/Wolf-Moon/install/nav2_msgs/include/nav2_msgs/action/detail/wait__type_support.h
-- Up-to-date: /home/sentry/Wolf-Moon/install/nav2_msgs/include/nav2_msgs/action/detail/follow_waypoints__type_support.h
-- Up-to-date: /home/sentry/Wolf-Moon/install/nav2_msgs/include/nav2_msgs/action/detail/wait__functions.c
-- Up-to-date: /home/sentry/Wolf-Moon/install/nav2_msgs/include/nav2_msgs/action/detail/dummy_recovery__struct.h
-- Up-to-date: /home/sentry/Wolf-Moon/install/nav2_msgs/include/nav2_msgs/action/detail/spin__functions.c
-- Up-to-date: /home/sentry/Wolf-Moon/install/nav2_msgs/include/nav2_msgs/action/detail/follow_path__struct.h
-- Up-to-date: /home/sentry/Wolf-Moon/install/nav2_msgs/include/nav2_msgs/action/detail/navigate_to_pose__functions.c
-- Up-to-date: /home/sentry/Wolf-Moon/install/nav2_msgs/include/nav2_msgs/action/detail/back_up__functions.c
-- Up-to-date: /home/sentry/Wolf-Moon/install/nav2_msgs/include/nav2_msgs/action/detail/compute_path_through_poses__struct.h
-- Up-to-date: /home/sentry/Wolf-Moon/install/nav2_msgs/include/nav2_msgs/action/detail/navigate_through_poses__functions.c
-- Up-to-date: /home/sentry/Wolf-Moon/install/nav2_msgs/include/nav2_msgs/action/detail/compute_path_to_pose__functions.h
-- Up-to-date: /home/sentry/Wolf-Moon/install/nav2_msgs/include/nav2_msgs/action/detail/follow_path__functions.c
-- Up-to-date: /home/sentry/Wolf-Moon/install/nav2_msgs/include/nav2_msgs/action/detail/navigate_through_poses__type_support.h
-- Up-to-date: /home/sentry/Wolf-Moon/install/nav2_msgs/include/nav2_msgs/action/detail/follow_path__type_support.h
-- Up-to-date: /home/sentry/Wolf-Moon/install/nav2_msgs/include/nav2_msgs/action/detail/back_up__struct.h
-- Up-to-date: /home/sentry/Wolf-Moon/install/nav2_msgs/include/nav2_msgs/action/detail/wait__functions.h
-- Up-to-date: /home/sentry/Wolf-Moon/install/nav2_msgs/include/nav2_msgs/action/detail/follow_waypoints__functions.c
-- Up-to-date: /home/sentry/Wolf-Moon/install/nav2_msgs/include/nav2_msgs/action/detail/navigate_to_pose__type_support.h
-- Up-to-date: /home/sentry/Wolf-Moon/install/nav2_msgs/include/nav2_msgs/action/detail/wait__struct.h
-- Up-to-date: /home/sentry/Wolf-Moon/install/nav2_msgs/include/nav2_msgs/action/detail/navigate_through_poses__struct.h
-- Up-to-date: /home/sentry/Wolf-Moon/install/nav2_msgs/include/nav2_msgs/action/detail/compute_path_through_poses__functions.h
-- Up-to-date: /home/sentry/Wolf-Moon/install/nav2_msgs/include/nav2_msgs/action/detail/dummy_recovery__functions.h
-- Up-to-date: /home/sentry/Wolf-Moon/install/nav2_msgs/include/nav2_msgs/action/detail/spin__struct.h
-- Up-to-date: /home/sentry/Wolf-Moon/install/nav2_msgs/include/nav2_msgs/action/detail/dummy_recovery__type_support.h
-- Up-to-date: /home/sentry/Wolf-Moon/install/nav2_msgs/include/nav2_msgs/action/detail/back_up__type_support.h
-- Up-to-date: /home/sentry/Wolf-Moon/install/nav2_msgs/include/nav2_msgs/action/detail/compute_path_through_poses__type_support.h
-- Up-to-date: /home/sentry/Wolf-Moon/install/nav2_msgs/include/nav2_msgs/action/detail/compute_path_through_poses__functions.c
-- Up-to-date: /home/sentry/Wolf-Moon/install/nav2_msgs/include/nav2_msgs/action/detail/follow_waypoints__functions.h
-- Up-to-date: /home/sentry/Wolf-Moon/install/nav2_msgs/include/nav2_msgs/action/navigate_through_poses.h
-- Up-to-date: /home/sentry/Wolf-Moon/install/nav2_msgs/include/nav2_msgs/action/follow_path.h
-- Up-to-date: /home/sentry/Wolf-Moon/install/nav2_msgs/include/nav2_msgs/action/navigate_to_pose.h
-- Up-to-date: /home/sentry/Wolf-Moon/install/nav2_msgs/include/nav2_msgs/action/spin.h
-- Up-to-date: /home/sentry/Wolf-Moon/install/nav2_msgs/include/nav2_msgs/action/follow_waypoints.h
-- Up-to-date: /home/sentry/Wolf-Moon/install/nav2_msgs/include/nav2_msgs/srv
-- Up-to-date: /home/sentry/Wolf-Moon/install/nav2_msgs/include/nav2_msgs/srv/load_map.h
-- Up-to-date: /home/sentry/Wolf-Moon/install/nav2_msgs/include/nav2_msgs/srv/manage_lifecycle_nodes.h
-- Up-to-date: /home/sentry/Wolf-Moon/install/nav2_msgs/include/nav2_msgs/srv/save_map.h
-- Up-to-date: /home/sentry/Wolf-Moon/install/nav2_msgs/include/nav2_msgs/srv/get_costmap.h
-- Up-to-date: /home/sentry/Wolf-Moon/install/nav2_msgs/include/nav2_msgs/srv/detail
-- Up-to-date: /home/sentry/Wolf-Moon/install/nav2_msgs/include/nav2_msgs/srv/detail/clear_costmap_except_region__functions.c
-- Up-to-date: /home/sentry/Wolf-Moon/install/nav2_msgs/include/nav2_msgs/srv/detail/manage_lifecycle_nodes__functions.c
-- Up-to-date: /home/sentry/Wolf-Moon/install/nav2_msgs/include/nav2_msgs/srv/detail/load_map__functions.c
-- Up-to-date: /home/sentry/Wolf-Moon/install/nav2_msgs/include/nav2_msgs/srv/detail/clear_costmap_except_region__type_support.h
-- Up-to-date: /home/sentry/Wolf-Moon/install/nav2_msgs/include/nav2_msgs/srv/detail/get_costmap__functions.h
-- Up-to-date: /home/sentry/Wolf-Moon/install/nav2_msgs/include/nav2_msgs/srv/detail/clear_costmap_around_robot__functions.h
-- Up-to-date: /home/sentry/Wolf-Moon/install/nav2_msgs/include/nav2_msgs/srv/detail/clear_entire_costmap__type_support.h
-- Up-to-date: /home/sentry/Wolf-Moon/install/nav2_msgs/include/nav2_msgs/srv/detail/clear_costmap_except_region__struct.h
-- Up-to-date: /home/sentry/Wolf-Moon/install/nav2_msgs/include/nav2_msgs/srv/detail/clear_entire_costmap__struct.h
-- Up-to-date: /home/sentry/Wolf-Moon/install/nav2_msgs/include/nav2_msgs/srv/detail/load_map__type_support.h
-- Up-to-date: /home/sentry/Wolf-Moon/install/nav2_msgs/include/nav2_msgs/srv/detail/manage_lifecycle_nodes__struct.h
-- Up-to-date: /home/sentry/Wolf-Moon/install/nav2_msgs/include/nav2_msgs/srv/detail/clear_entire_costmap__functions.c
-- Up-to-date: /home/sentry/Wolf-Moon/install/nav2_msgs/include/nav2_msgs/srv/detail/save_map__struct.h
-- Up-to-date: /home/sentry/Wolf-Moon/install/nav2_msgs/include/nav2_msgs/srv/detail/clear_costmap_around_robot__functions.c
-- Up-to-date: /home/sentry/Wolf-Moon/install/nav2_msgs/include/nav2_msgs/srv/detail/save_map__functions.h
-- Up-to-date: /home/sentry/Wolf-Moon/install/nav2_msgs/include/nav2_msgs/srv/detail/save_map__functions.c
-- Up-to-date: /home/sentry/Wolf-Moon/install/nav2_msgs/include/nav2_msgs/srv/detail/save_map__type_support.h
-- Up-to-date: /home/sentry/Wolf-Moon/install/nav2_msgs/include/nav2_msgs/srv/detail/get_costmap__type_support.h
-- Up-to-date: /home/sentry/Wolf-Moon/install/nav2_msgs/include/nav2_msgs/srv/detail/manage_lifecycle_nodes__functions.h
-- Up-to-date: /home/sentry/Wolf-Moon/install/nav2_msgs/include/nav2_msgs/srv/detail/clear_costmap_around_robot__struct.h
-- Up-to-date: /home/sentry/Wolf-Moon/install/nav2_msgs/include/nav2_msgs/srv/detail/get_costmap__struct.h
-- Up-to-date: /home/sentry/Wolf-Moon/install/nav2_msgs/include/nav2_msgs/srv/detail/get_costmap__functions.c
-- Up-to-date: /home/sentry/Wolf-Moon/install/nav2_msgs/include/nav2_msgs/srv/detail/load_map__struct.h
-- Up-to-date: /home/sentry/Wolf-Moon/install/nav2_msgs/include/nav2_msgs/srv/detail/load_map__functions.h
-- Up-to-date: /home/sentry/Wolf-Moon/install/nav2_msgs/include/nav2_msgs/srv/detail/clear_costmap_except_region__functions.h
-- Up-to-date: /home/sentry/Wolf-Moon/install/nav2_msgs/include/nav2_msgs/srv/detail/clear_entire_costmap__functions.h
-- Up-to-date: /home/sentry/Wolf-Moon/install/nav2_msgs/include/nav2_msgs/srv/detail/clear_costmap_around_robot__type_support.h
-- Up-to-date: /home/sentry/Wolf-Moon/install/nav2_msgs/include/nav2_msgs/srv/detail/manage_lifecycle_nodes__type_support.h
-- Up-to-date: /home/sentry/Wolf-Moon/install/nav2_msgs/include/nav2_msgs/srv/clear_costmap_except_region.h
-- Up-to-date: /home/sentry/Wolf-Moon/install/nav2_msgs/include/nav2_msgs/srv/clear_entire_costmap.h
-- Up-to-date: /home/sentry/Wolf-Moon/install/nav2_msgs/include/nav2_msgs/srv/clear_costmap_around_robot.h
-- Up-to-date: /home/sentry/Wolf-Moon/install/nav2_msgs/share/nav2_msgs/environment/library_path.sh
-- Up-to-date: /home/sentry/Wolf-Moon/install/nav2_msgs/share/nav2_msgs/environment/library_path.dsv
-- Up-to-date: /home/sentry/Wolf-Moon/install/nav2_msgs/lib/libnav2_msgs__rosidl_generator_c.so
-- Up-to-date: /home/sentry/Wolf-Moon/install/nav2_msgs/include/nav2_msgs
-- Up-to-date: /home/sentry/Wolf-Moon/install/nav2_msgs/include/nav2_msgs/msg
-- Up-to-date: /home/sentry/Wolf-Moon/install/nav2_msgs/include/nav2_msgs/msg/detail
-- Up-to-date: /home/sentry/Wolf-Moon/install/nav2_msgs/include/nav2_msgs/msg/detail/speed_limit__rosidl_typesupport_fastrtps_c.h
-- Up-to-date: /home/sentry/Wolf-Moon/install/nav2_msgs/include/nav2_msgs/msg/detail/behavior_tree_log__rosidl_typesupport_fastrtps_c.h
-- Up-to-date: /home/sentry/Wolf-Moon/install/nav2_msgs/include/nav2_msgs/msg/detail/particle__rosidl_typesupport_fastrtps_c.h
-- Up-to-date: /home/sentry/Wolf-Moon/install/nav2_msgs/include/nav2_msgs/msg/detail/costmap__rosidl_typesupport_fastrtps_c.h
-- Up-to-date: /home/sentry/Wolf-Moon/install/nav2_msgs/include/nav2_msgs/msg/detail/voxel_grid__rosidl_typesupport_fastrtps_c.h
-- Up-to-date: /home/sentry/Wolf-Moon/install/nav2_msgs/include/nav2_msgs/msg/detail/particle_cloud__rosidl_typesupport_fastrtps_c.h
-- Up-to-date: /home/sentry/Wolf-Moon/install/nav2_msgs/include/nav2_msgs/msg/detail/costmap_meta_data__rosidl_typesupport_fastrtps_c.h
-- Up-to-date: /home/sentry/Wolf-Moon/install/nav2_msgs/include/nav2_msgs/msg/detail/behavior_tree_status_change__rosidl_typesupport_fastrtps_c.h
-- Up-to-date: /home/sentry/Wolf-Moon/install/nav2_msgs/include/nav2_msgs/msg/detail/costmap_filter_info__rosidl_typesupport_fastrtps_c.h
-- Up-to-date: /home/sentry/Wolf-Moon/install/nav2_msgs/include/nav2_msgs/msg/rosidl_typesupport_fastrtps_c__visibility_control.h
-- Up-to-date: /home/sentry/Wolf-Moon/install/nav2_msgs/include/nav2_msgs/action
-- Up-to-date: /home/sentry/Wolf-Moon/install/nav2_msgs/include/nav2_msgs/action/detail
-- Up-to-date: /home/sentry/Wolf-Moon/install/nav2_msgs/include/nav2_msgs/action/detail/compute_path_to_pose__rosidl_typesupport_fastrtps_c.h
-- Up-to-date: /home/sentry/Wolf-Moon/install/nav2_msgs/include/nav2_msgs/action/detail/follow_path__rosidl_typesupport_fastrtps_c.h
-- Up-to-date: /home/sentry/Wolf-Moon/install/nav2_msgs/include/nav2_msgs/action/detail/dummy_recovery__rosidl_typesupport_fastrtps_c.h
-- Up-to-date: /home/sentry/Wolf-Moon/install/nav2_msgs/include/nav2_msgs/action/detail/spin__rosidl_typesupport_fastrtps_c.h
-- Up-to-date: /home/sentry/Wolf-Moon/install/nav2_msgs/include/nav2_msgs/action/detail/navigate_through_poses__rosidl_typesupport_fastrtps_c.h
-- Up-to-date: /home/sentry/Wolf-Moon/install/nav2_msgs/include/nav2_msgs/action/detail/compute_path_through_poses__rosidl_typesupport_fastrtps_c.h
-- Up-to-date: /home/sentry/Wolf-Moon/install/nav2_msgs/include/nav2_msgs/action/detail/wait__rosidl_typesupport_fastrtps_c.h
-- Up-to-date: /home/sentry/Wolf-Moon/install/nav2_msgs/include/nav2_msgs/action/detail/back_up__rosidl_typesupport_fastrtps_c.h
-- Up-to-date: /home/sentry/Wolf-Moon/install/nav2_msgs/include/nav2_msgs/action/detail/follow_waypoints__rosidl_typesupport_fastrtps_c.h
-- Up-to-date: /home/sentry/Wolf-Moon/install/nav2_msgs/include/nav2_msgs/action/detail/navigate_to_pose__rosidl_typesupport_fastrtps_c.h
-- Up-to-date: /home/sentry/Wolf-Moon/install/nav2_msgs/include/nav2_msgs/srv
-- Up-to-date: /home/sentry/Wolf-Moon/install/nav2_msgs/include/nav2_msgs/srv/detail
-- Up-to-date: /home/sentry/Wolf-Moon/install/nav2_msgs/include/nav2_msgs/srv/detail/get_costmap__rosidl_typesupport_fastrtps_c.h
-- Up-to-date: /home/sentry/Wolf-Moon/install/nav2_msgs/include/nav2_msgs/srv/detail/clear_costmap_around_robot__rosidl_typesupport_fastrtps_c.h
-- Up-to-date: /home/sentry/Wolf-Moon/install/nav2_msgs/include/nav2_msgs/srv/detail/manage_lifecycle_nodes__rosidl_typesupport_fastrtps_c.h
-- Up-to-date: /home/sentry/Wolf-Moon/install/nav2_msgs/include/nav2_msgs/srv/detail/save_map__rosidl_typesupport_fastrtps_c.h
-- Up-to-date: /home/sentry/Wolf-Moon/install/nav2_msgs/include/nav2_msgs/srv/detail/load_map__rosidl_typesupport_fastrtps_c.h
-- Up-to-date: /home/sentry/Wolf-Moon/install/nav2_msgs/include/nav2_msgs/srv/detail/clear_costmap_except_region__rosidl_typesupport_fastrtps_c.h
-- Up-to-date: /home/sentry/Wolf-Moon/install/nav2_msgs/include/nav2_msgs/srv/detail/clear_entire_costmap__rosidl_typesupport_fastrtps_c.h
-- Up-to-date: /home/sentry/Wolf-Moon/install/nav2_msgs/lib/libnav2_msgs__rosidl_typesupport_fastrtps_c.so
-- Up-to-date: /home/sentry/Wolf-Moon/install/nav2_msgs/include/nav2_msgs
-- Up-to-date: /home/sentry/Wolf-Moon/install/nav2_msgs/include/nav2_msgs/msg
-- Up-to-date: /home/sentry/Wolf-Moon/install/nav2_msgs/include/nav2_msgs/msg/detail
-- Up-to-date: /home/sentry/Wolf-Moon/install/nav2_msgs/include/nav2_msgs/msg/detail/behavior_tree_log__rosidl_typesupport_fastrtps_cpp.hpp
-- Up-to-date: /home/sentry/Wolf-Moon/install/nav2_msgs/include/nav2_msgs/msg/detail/behavior_tree_status_change__rosidl_typesupport_fastrtps_cpp.hpp
-- Up-to-date: /home/sentry/Wolf-Moon/install/nav2_msgs/include/nav2_msgs/msg/detail/costmap_meta_data__rosidl_typesupport_fastrtps_cpp.hpp
-- Up-to-date: /home/sentry/Wolf-Moon/install/nav2_msgs/include/nav2_msgs/msg/detail/particle_cloud__rosidl_typesupport_fastrtps_cpp.hpp
-- Up-to-date: /home/sentry/Wolf-Moon/install/nav2_msgs/include/nav2_msgs/msg/detail/particle__rosidl_typesupport_fastrtps_cpp.hpp
-- Up-to-date: /home/sentry/Wolf-Moon/install/nav2_msgs/include/nav2_msgs/msg/detail/voxel_grid__rosidl_typesupport_fastrtps_cpp.hpp
-- Up-to-date: /home/sentry/Wolf-Moon/install/nav2_msgs/include/nav2_msgs/msg/detail/speed_limit__rosidl_typesupport_fastrtps_cpp.hpp
-- Up-to-date: /home/sentry/Wolf-Moon/install/nav2_msgs/include/nav2_msgs/msg/detail/costmap_filter_info__rosidl_typesupport_fastrtps_cpp.hpp
-- Up-to-date: /home/sentry/Wolf-Moon/install/nav2_msgs/include/nav2_msgs/msg/detail/dds_fastrtps
-- Up-to-date: /home/sentry/Wolf-Moon/install/nav2_msgs/include/nav2_msgs/msg/detail/costmap__rosidl_typesupport_fastrtps_cpp.hpp
-- Up-to-date: /home/sentry/Wolf-Moon/install/nav2_msgs/include/nav2_msgs/msg/rosidl_typesupport_fastrtps_cpp__visibility_control.h
-- Up-to-date: /home/sentry/Wolf-Moon/install/nav2_msgs/include/nav2_msgs/action
-- Up-to-date: /home/sentry/Wolf-Moon/install/nav2_msgs/include/nav2_msgs/action/detail
-- Up-to-date: /home/sentry/Wolf-Moon/install/nav2_msgs/include/nav2_msgs/action/detail/follow_waypoints__rosidl_typesupport_fastrtps_cpp.hpp
-- Up-to-date: /home/sentry/Wolf-Moon/install/nav2_msgs/include/nav2_msgs/action/detail/navigate_to_pose__rosidl_typesupport_fastrtps_cpp.hpp
-- Up-to-date: /home/sentry/Wolf-Moon/install/nav2_msgs/include/nav2_msgs/action/detail/back_up__rosidl_typesupport_fastrtps_cpp.hpp
-- Up-to-date: /home/sentry/Wolf-Moon/install/nav2_msgs/include/nav2_msgs/action/detail/follow_path__rosidl_typesupport_fastrtps_cpp.hpp
-- Up-to-date: /home/sentry/Wolf-Moon/install/nav2_msgs/include/nav2_msgs/action/detail/compute_path_to_pose__rosidl_typesupport_fastrtps_cpp.hpp
-- Up-to-date: /home/sentry/Wolf-Moon/install/nav2_msgs/include/nav2_msgs/action/detail/spin__rosidl_typesupport_fastrtps_cpp.hpp
-- Up-to-date: /home/sentry/Wolf-Moon/install/nav2_msgs/include/nav2_msgs/action/detail/compute_path_through_poses__rosidl_typesupport_fastrtps_cpp.hpp
-- Up-to-date: /home/sentry/Wolf-Moon/install/nav2_msgs/include/nav2_msgs/action/detail/dummy_recovery__rosidl_typesupport_fastrtps_cpp.hpp
-- Up-to-date: /home/sentry/Wolf-Moon/install/nav2_msgs/include/nav2_msgs/action/detail/navigate_through_poses__rosidl_typesupport_fastrtps_cpp.hpp
-- Up-to-date: /home/sentry/Wolf-Moon/install/nav2_msgs/include/nav2_msgs/action/detail/dds_fastrtps
-- Up-to-date: /home/sentry/Wolf-Moon/install/nav2_msgs/include/nav2_msgs/action/detail/wait__rosidl_typesupport_fastrtps_cpp.hpp
-- Up-to-date: /home/sentry/Wolf-Moon/install/nav2_msgs/include/nav2_msgs/srv
-- Up-to-date: /home/sentry/Wolf-Moon/install/nav2_msgs/include/nav2_msgs/srv/detail
-- Up-to-date: /home/sentry/Wolf-Moon/install/nav2_msgs/include/nav2_msgs/srv/detail/clear_entire_costmap__rosidl_typesupport_fastrtps_cpp.hpp
-- Up-to-date: /home/sentry/Wolf-Moon/install/nav2_msgs/include/nav2_msgs/srv/detail/save_map__rosidl_typesupport_fastrtps_cpp.hpp
-- Up-to-date: /home/sentry/Wolf-Moon/install/nav2_msgs/include/nav2_msgs/srv/detail/clear_costmap_around_robot__rosidl_typesupport_fastrtps_cpp.hpp
-- Up-to-date: /home/sentry/Wolf-Moon/install/nav2_msgs/include/nav2_msgs/srv/detail/get_costmap__rosidl_typesupport_fastrtps_cpp.hpp
-- Up-to-date: /home/sentry/Wolf-Moon/install/nav2_msgs/include/nav2_msgs/srv/detail/manage_lifecycle_nodes__rosidl_typesupport_fastrtps_cpp.hpp
-- Up-to-date: /home/sentry/Wolf-Moon/install/nav2_msgs/include/nav2_msgs/srv/detail/dds_fastrtps
-- Up-to-date: /home/sentry/Wolf-Moon/install/nav2_msgs/include/nav2_msgs/srv/detail/load_map__rosidl_typesupport_fastrtps_cpp.hpp
-- Up-to-date: /home/sentry/Wolf-Moon/install/nav2_msgs/include/nav2_msgs/srv/detail/clear_costmap_except_region__rosidl_typesupport_fastrtps_cpp.hpp
-- Up-to-date: /home/sentry/Wolf-Moon/install/nav2_msgs/lib/libnav2_msgs__rosidl_typesupport_fastrtps_cpp.so
-- Up-to-date: /home/sentry/Wolf-Moon/install/nav2_msgs/include/nav2_msgs
-- Up-to-date: /home/sentry/Wolf-Moon/install/nav2_msgs/include/nav2_msgs/msg
-- Up-to-date: /home/sentry/Wolf-Moon/install/nav2_msgs/include/nav2_msgs/msg/rosidl_typesupport_introspection_c__visibility_control.h
-- Up-to-date: /home/sentry/Wolf-Moon/install/nav2_msgs/include/nav2_msgs/msg/detail
-- Up-to-date: /home/sentry/Wolf-Moon/install/nav2_msgs/include/nav2_msgs/msg/detail/costmap__rosidl_typesupport_introspection_c.h
-- Up-to-date: /home/sentry/Wolf-Moon/install/nav2_msgs/include/nav2_msgs/msg/detail/voxel_grid__rosidl_typesupport_introspection_c.h
-- Up-to-date: /home/sentry/Wolf-Moon/install/nav2_msgs/include/nav2_msgs/msg/detail/costmap_filter_info__type_support.c
-- Up-to-date: /home/sentry/Wolf-Moon/install/nav2_msgs/include/nav2_msgs/msg/detail/voxel_grid__type_support.c
-- Up-to-date: /home/sentry/Wolf-Moon/install/nav2_msgs/include/nav2_msgs/msg/detail/behavior_tree_log__rosidl_typesupport_introspection_c.h
-- Up-to-date: /home/sentry/Wolf-Moon/install/nav2_msgs/include/nav2_msgs/msg/detail/particle_cloud__rosidl_typesupport_introspection_c.h
-- Up-to-date: /home/sentry/Wolf-Moon/install/nav2_msgs/include/nav2_msgs/msg/detail/costmap_meta_data__type_support.c
-- Up-to-date: /home/sentry/Wolf-Moon/install/nav2_msgs/include/nav2_msgs/msg/detail/behavior_tree_status_change__rosidl_typesupport_introspection_c.h
-- Up-to-date: /home/sentry/Wolf-Moon/install/nav2_msgs/include/nav2_msgs/msg/detail/costmap__type_support.c
-- Up-to-date: /home/sentry/Wolf-Moon/install/nav2_msgs/include/nav2_msgs/msg/detail/particle_cloud__type_support.c
-- Up-to-date: /home/sentry/Wolf-Moon/install/nav2_msgs/include/nav2_msgs/msg/detail/costmap_filter_info__rosidl_typesupport_introspection_c.h
-- Up-to-date: /home/sentry/Wolf-Moon/install/nav2_msgs/include/nav2_msgs/msg/detail/particle__rosidl_typesupport_introspection_c.h
-- Up-to-date: /home/sentry/Wolf-Moon/install/nav2_msgs/include/nav2_msgs/msg/detail/behavior_tree_status_change__type_support.c
-- Up-to-date: /home/sentry/Wolf-Moon/install/nav2_msgs/include/nav2_msgs/msg/detail/behavior_tree_log__type_support.c
-- Up-to-date: /home/sentry/Wolf-Moon/install/nav2_msgs/include/nav2_msgs/msg/detail/particle__type_support.c
-- Up-to-date: /home/sentry/Wolf-Moon/install/nav2_msgs/include/nav2_msgs/msg/detail/speed_limit__rosidl_typesupport_introspection_c.h
-- Up-to-date: /home/sentry/Wolf-Moon/install/nav2_msgs/include/nav2_msgs/msg/detail/speed_limit__type_support.c
-- Up-to-date: /home/sentry/Wolf-Moon/install/nav2_msgs/include/nav2_msgs/msg/detail/costmap_meta_data__rosidl_typesupport_introspection_c.h
-- Up-to-date: /home/sentry/Wolf-Moon/install/nav2_msgs/include/nav2_msgs/action
-- Up-to-date: /home/sentry/Wolf-Moon/install/nav2_msgs/include/nav2_msgs/action/detail
-- Up-to-date: /home/sentry/Wolf-Moon/install/nav2_msgs/include/nav2_msgs/action/detail/wait__rosidl_typesupport_introspection_c.h
-- Up-to-date: /home/sentry/Wolf-Moon/install/nav2_msgs/include/nav2_msgs/action/detail/navigate_through_poses__type_support.c
-- Up-to-date: /home/sentry/Wolf-Moon/install/nav2_msgs/include/nav2_msgs/action/detail/compute_path_to_pose__type_support.c
-- Up-to-date: /home/sentry/Wolf-Moon/install/nav2_msgs/include/nav2_msgs/action/detail/compute_path_through_poses__type_support.c
-- Up-to-date: /home/sentry/Wolf-Moon/install/nav2_msgs/include/nav2_msgs/action/detail/wait__type_support.c
-- Up-to-date: /home/sentry/Wolf-Moon/install/nav2_msgs/include/nav2_msgs/action/detail/spin__rosidl_typesupport_introspection_c.h
-- Up-to-date: /home/sentry/Wolf-Moon/install/nav2_msgs/include/nav2_msgs/action/detail/navigate_to_pose__rosidl_typesupport_introspection_c.h
-- Up-to-date: /home/sentry/Wolf-Moon/install/nav2_msgs/include/nav2_msgs/action/detail/navigate_to_pose__type_support.c
-- Up-to-date: /home/sentry/Wolf-Moon/install/nav2_msgs/include/nav2_msgs/action/detail/follow_waypoints__type_support.c
-- Up-to-date: /home/sentry/Wolf-Moon/install/nav2_msgs/include/nav2_msgs/action/detail/spin__type_support.c
-- Up-to-date: /home/sentry/Wolf-Moon/install/nav2_msgs/include/nav2_msgs/action/detail/navigate_through_poses__rosidl_typesupport_introspection_c.h
-- Up-to-date: /home/sentry/Wolf-Moon/install/nav2_msgs/include/nav2_msgs/action/detail/follow_path__rosidl_typesupport_introspection_c.h
-- Up-to-date: /home/sentry/Wolf-Moon/install/nav2_msgs/include/nav2_msgs/action/detail/follow_waypoints__rosidl_typesupport_introspection_c.h
-- Up-to-date: /home/sentry/Wolf-Moon/install/nav2_msgs/include/nav2_msgs/action/detail/dummy_recovery__rosidl_typesupport_introspection_c.h
-- Up-to-date: /home/sentry/Wolf-Moon/install/nav2_msgs/include/nav2_msgs/action/detail/compute_path_to_pose__rosidl_typesupport_introspection_c.h
-- Up-to-date: /home/sentry/Wolf-Moon/install/nav2_msgs/include/nav2_msgs/action/detail/dummy_recovery__type_support.c
-- Up-to-date: /home/sentry/Wolf-Moon/install/nav2_msgs/include/nav2_msgs/action/detail/back_up__rosidl_typesupport_introspection_c.h
-- Up-to-date: /home/sentry/Wolf-Moon/install/nav2_msgs/include/nav2_msgs/action/detail/back_up__type_support.c
-- Up-to-date: /home/sentry/Wolf-Moon/install/nav2_msgs/include/nav2_msgs/action/detail/compute_path_through_poses__rosidl_typesupport_introspection_c.h
-- Up-to-date: /home/sentry/Wolf-Moon/install/nav2_msgs/include/nav2_msgs/action/detail/follow_path__type_support.c
-- Up-to-date: /home/sentry/Wolf-Moon/install/nav2_msgs/include/nav2_msgs/srv
-- Up-to-date: /home/sentry/Wolf-Moon/install/nav2_msgs/include/nav2_msgs/srv/detail
-- Up-to-date: /home/sentry/Wolf-Moon/install/nav2_msgs/include/nav2_msgs/srv/detail/save_map__rosidl_typesupport_introspection_c.h
-- Up-to-date: /home/sentry/Wolf-Moon/install/nav2_msgs/include/nav2_msgs/srv/detail/clear_costmap_around_robot__rosidl_typesupport_introspection_c.h
-- Up-to-date: /home/sentry/Wolf-Moon/install/nav2_msgs/include/nav2_msgs/srv/detail/load_map__type_support.c
-- Up-to-date: /home/sentry/Wolf-Moon/install/nav2_msgs/include/nav2_msgs/srv/detail/manage_lifecycle_nodes__type_support.c
-- Up-to-date: /home/sentry/Wolf-Moon/install/nav2_msgs/include/nav2_msgs/srv/detail/clear_entire_costmap__type_support.c
-- Up-to-date: /home/sentry/Wolf-Moon/install/nav2_msgs/include/nav2_msgs/srv/detail/get_costmap__rosidl_typesupport_introspection_c.h
-- Up-to-date: /home/sentry/Wolf-Moon/install/nav2_msgs/include/nav2_msgs/srv/detail/manage_lifecycle_nodes__rosidl_typesupport_introspection_c.h
-- Up-to-date: /home/sentry/Wolf-Moon/install/nav2_msgs/include/nav2_msgs/srv/detail/clear_costmap_except_region__type_support.c
-- Up-to-date: /home/sentry/Wolf-Moon/install/nav2_msgs/include/nav2_msgs/srv/detail/clear_costmap_except_region__rosidl_typesupport_introspection_c.h
-- Up-to-date: /home/sentry/Wolf-Moon/install/nav2_msgs/include/nav2_msgs/srv/detail/load_map__rosidl_typesupport_introspection_c.h
-- Up-to-date: /home/sentry/Wolf-Moon/install/nav2_msgs/include/nav2_msgs/srv/detail/get_costmap__type_support.c
-- Up-to-date: /home/sentry/Wolf-Moon/install/nav2_msgs/include/nav2_msgs/srv/detail/clear_costmap_around_robot__type_support.c
-- Up-to-date: /home/sentry/Wolf-Moon/install/nav2_msgs/include/nav2_msgs/srv/detail/save_map__type_support.c
-- Up-to-date: /home/sentry/Wolf-Moon/install/nav2_msgs/include/nav2_msgs/srv/detail/clear_entire_costmap__rosidl_typesupport_introspection_c.h
-- Up-to-date: /home/sentry/Wolf-Moon/install/nav2_msgs/lib/libnav2_msgs__rosidl_typesupport_introspection_c.so
-- Up-to-date: /home/sentry/Wolf-Moon/install/nav2_msgs/lib/libnav2_msgs__rosidl_typesupport_c.so
-- Up-to-date: /home/sentry/Wolf-Moon/install/nav2_msgs/include/nav2_msgs
-- Up-to-date: /home/sentry/Wolf-Moon/install/nav2_msgs/include/nav2_msgs/msg
-- Up-to-date: /home/sentry/Wolf-Moon/install/nav2_msgs/include/nav2_msgs/msg/costmap_meta_data.hpp
-- Up-to-date: /home/sentry/Wolf-Moon/install/nav2_msgs/include/nav2_msgs/msg/particle_cloud.hpp
-- Up-to-date: /home/sentry/Wolf-Moon/install/nav2_msgs/include/nav2_msgs/msg/costmap.hpp
-- Up-to-date: /home/sentry/Wolf-Moon/install/nav2_msgs/include/nav2_msgs/msg/speed_limit.hpp
-- Up-to-date: /home/sentry/Wolf-Moon/install/nav2_msgs/include/nav2_msgs/msg/detail
-- Up-to-date: /home/sentry/Wolf-Moon/install/nav2_msgs/include/nav2_msgs/msg/detail/costmap_filter_info__traits.hpp
-- Up-to-date: /home/sentry/Wolf-Moon/install/nav2_msgs/include/nav2_msgs/msg/detail/costmap__traits.hpp
-- Up-to-date: /home/sentry/Wolf-Moon/install/nav2_msgs/include/nav2_msgs/msg/detail/behavior_tree_log__traits.hpp
-- Up-to-date: /home/sentry/Wolf-Moon/install/nav2_msgs/include/nav2_msgs/msg/detail/behavior_tree_log__builder.hpp
-- Up-to-date: /home/sentry/Wolf-Moon/install/nav2_msgs/include/nav2_msgs/msg/detail/costmap_meta_data__traits.hpp
-- Up-to-date: /home/sentry/Wolf-Moon/install/nav2_msgs/include/nav2_msgs/msg/detail/speed_limit__struct.hpp
-- Up-to-date: /home/sentry/Wolf-Moon/install/nav2_msgs/include/nav2_msgs/msg/detail/costmap__builder.hpp
-- Up-to-date: /home/sentry/Wolf-Moon/install/nav2_msgs/include/nav2_msgs/msg/detail/costmap__struct.hpp
-- Up-to-date: /home/sentry/Wolf-Moon/install/nav2_msgs/include/nav2_msgs/msg/detail/costmap_meta_data__builder.hpp
-- Up-to-date: /home/sentry/Wolf-Moon/install/nav2_msgs/include/nav2_msgs/msg/detail/costmap_filter_info__struct.hpp
-- Up-to-date: /home/sentry/Wolf-Moon/install/nav2_msgs/include/nav2_msgs/msg/detail/behavior_tree_log__struct.hpp
-- Up-to-date: /home/sentry/Wolf-Moon/install/nav2_msgs/include/nav2_msgs/msg/detail/behavior_tree_status_change__traits.hpp
-- Up-to-date: /home/sentry/Wolf-Moon/install/nav2_msgs/include/nav2_msgs/msg/detail/particle__builder.hpp
-- Up-to-date: /home/sentry/Wolf-Moon/install/nav2_msgs/include/nav2_msgs/msg/detail/behavior_tree_status_change__builder.hpp
-- Up-to-date: /home/sentry/Wolf-Moon/install/nav2_msgs/include/nav2_msgs/msg/detail/particle__struct.hpp
-- Up-to-date: /home/sentry/Wolf-Moon/install/nav2_msgs/include/nav2_msgs/msg/detail/costmap_filter_info__builder.hpp
-- Up-to-date: /home/sentry/Wolf-Moon/install/nav2_msgs/include/nav2_msgs/msg/detail/particle_cloud__traits.hpp
-- Up-to-date: /home/sentry/Wolf-Moon/install/nav2_msgs/include/nav2_msgs/msg/detail/voxel_grid__struct.hpp
-- Up-to-date: /home/sentry/Wolf-Moon/install/nav2_msgs/include/nav2_msgs/msg/detail/particle__traits.hpp
-- Up-to-date: /home/sentry/Wolf-Moon/install/nav2_msgs/include/nav2_msgs/msg/detail/voxel_grid__builder.hpp
-- Up-to-date: /home/sentry/Wolf-Moon/install/nav2_msgs/include/nav2_msgs/msg/detail/particle_cloud__builder.hpp
-- Up-to-date: /home/sentry/Wolf-Moon/install/nav2_msgs/include/nav2_msgs/msg/detail/particle_cloud__struct.hpp
-- Up-to-date: /home/sentry/Wolf-Moon/install/nav2_msgs/include/nav2_msgs/msg/detail/speed_limit__builder.hpp
-- Up-to-date: /home/sentry/Wolf-Moon/install/nav2_msgs/include/nav2_msgs/msg/detail/speed_limit__traits.hpp
-- Up-to-date: /home/sentry/Wolf-Moon/install/nav2_msgs/include/nav2_msgs/msg/detail/behavior_tree_status_change__struct.hpp
-- Up-to-date: /home/sentry/Wolf-Moon/install/nav2_msgs/include/nav2_msgs/msg/detail/voxel_grid__traits.hpp
-- Up-to-date: /home/sentry/Wolf-Moon/install/nav2_msgs/include/nav2_msgs/msg/detail/costmap_meta_data__struct.hpp
-- Up-to-date: /home/sentry/Wolf-Moon/install/nav2_msgs/include/nav2_msgs/msg/particle.hpp
-- Up-to-date: /home/sentry/Wolf-Moon/install/nav2_msgs/include/nav2_msgs/msg/behavior_tree_status_change.hpp
-- Up-to-date: /home/sentry/Wolf-Moon/install/nav2_msgs/include/nav2_msgs/msg/voxel_grid.hpp
-- Up-to-date: /home/sentry/Wolf-Moon/install/nav2_msgs/include/nav2_msgs/msg/costmap_filter_info.hpp
-- Up-to-date: /home/sentry/Wolf-Moon/install/nav2_msgs/include/nav2_msgs/msg/behavior_tree_log.hpp
-- Up-to-date: /home/sentry/Wolf-Moon/install/nav2_msgs/include/nav2_msgs/action
-- Up-to-date: /home/sentry/Wolf-Moon/install/nav2_msgs/include/nav2_msgs/action/follow_path.hpp
-- Up-to-date: /home/sentry/Wolf-Moon/install/nav2_msgs/include/nav2_msgs/action/navigate_to_pose.hpp
-- Up-to-date: /home/sentry/Wolf-Moon/install/nav2_msgs/include/nav2_msgs/action/follow_waypoints.hpp
-- Up-to-date: /home/sentry/Wolf-Moon/install/nav2_msgs/include/nav2_msgs/action/navigate_through_poses.hpp
-- Up-to-date: /home/sentry/Wolf-Moon/install/nav2_msgs/include/nav2_msgs/action/compute_path_to_pose.hpp
-- Up-to-date: /home/sentry/Wolf-Moon/install/nav2_msgs/include/nav2_msgs/action/dummy_recovery.hpp
-- Up-to-date: /home/sentry/Wolf-Moon/install/nav2_msgs/include/nav2_msgs/action/spin.hpp
-- Up-to-date: /home/sentry/Wolf-Moon/install/nav2_msgs/include/nav2_msgs/action/wait.hpp
-- Up-to-date: /home/sentry/Wolf-Moon/install/nav2_msgs/include/nav2_msgs/action/detail
-- Up-to-date: /home/sentry/Wolf-Moon/install/nav2_msgs/include/nav2_msgs/action/detail/navigate_to_pose__builder.hpp
-- Up-to-date: /home/sentry/Wolf-Moon/install/nav2_msgs/include/nav2_msgs/action/detail/follow_path__builder.hpp
-- Up-to-date: /home/sentry/Wolf-Moon/install/nav2_msgs/include/nav2_msgs/action/detail/spin__traits.hpp
-- Up-to-date: /home/sentry/Wolf-Moon/install/nav2_msgs/include/nav2_msgs/action/detail/compute_path_through_poses__struct.hpp
-- Up-to-date: /home/sentry/Wolf-Moon/install/nav2_msgs/include/nav2_msgs/action/detail/navigate_through_poses__traits.hpp
-- Up-to-date: /home/sentry/Wolf-Moon/install/nav2_msgs/include/nav2_msgs/action/detail/wait__builder.hpp
-- Up-to-date: /home/sentry/Wolf-Moon/install/nav2_msgs/include/nav2_msgs/action/detail/dummy_recovery__struct.hpp
-- Up-to-date: /home/sentry/Wolf-Moon/install/nav2_msgs/include/nav2_msgs/action/detail/compute_path_to_pose__builder.hpp
-- Up-to-date: /home/sentry/Wolf-Moon/install/nav2_msgs/include/nav2_msgs/action/detail/navigate_through_poses__struct.hpp
-- Up-to-date: /home/sentry/Wolf-Moon/install/nav2_msgs/include/nav2_msgs/action/detail/navigate_to_pose__traits.hpp
-- Up-to-date: /home/sentry/Wolf-Moon/install/nav2_msgs/include/nav2_msgs/action/detail/follow_path__traits.hpp
-- Up-to-date: /home/sentry/Wolf-Moon/install/nav2_msgs/include/nav2_msgs/action/detail/wait__struct.hpp
-- Up-to-date: /home/sentry/Wolf-Moon/install/nav2_msgs/include/nav2_msgs/action/detail/back_up__builder.hpp
-- Up-to-date: /home/sentry/Wolf-Moon/install/nav2_msgs/include/nav2_msgs/action/detail/wait__traits.hpp
-- Up-to-date: /home/sentry/Wolf-Moon/install/nav2_msgs/include/nav2_msgs/action/detail/spin__struct.hpp
-- Up-to-date: /home/sentry/Wolf-Moon/install/nav2_msgs/include/nav2_msgs/action/detail/spin__builder.hpp
-- Up-to-date: /home/sentry/Wolf-Moon/install/nav2_msgs/include/nav2_msgs/action/detail/navigate_through_poses__builder.hpp
-- Up-to-date: /home/sentry/Wolf-Moon/install/nav2_msgs/include/nav2_msgs/action/detail/follow_waypoints__struct.hpp
-- Up-to-date: /home/sentry/Wolf-Moon/install/nav2_msgs/include/nav2_msgs/action/detail/compute_path_through_poses__builder.hpp
-- Up-to-date: /home/sentry/Wolf-Moon/install/nav2_msgs/include/nav2_msgs/action/detail/compute_path_through_poses__traits.hpp
-- Up-to-date: /home/sentry/Wolf-Moon/install/nav2_msgs/include/nav2_msgs/action/detail/follow_path__struct.hpp
-- Up-to-date: /home/sentry/Wolf-Moon/install/nav2_msgs/include/nav2_msgs/action/detail/compute_path_to_pose__struct.hpp
-- Up-to-date: /home/sentry/Wolf-Moon/install/nav2_msgs/include/nav2_msgs/action/detail/dummy_recovery__traits.hpp
-- Up-to-date: /home/sentry/Wolf-Moon/install/nav2_msgs/include/nav2_msgs/action/detail/follow_waypoints__builder.hpp
-- Up-to-date: /home/sentry/Wolf-Moon/install/nav2_msgs/include/nav2_msgs/action/detail/follow_waypoints__traits.hpp
-- Up-to-date: /home/sentry/Wolf-Moon/install/nav2_msgs/include/nav2_msgs/action/detail/compute_path_to_pose__traits.hpp
-- Up-to-date: /home/sentry/Wolf-Moon/install/nav2_msgs/include/nav2_msgs/action/detail/back_up__struct.hpp
-- Up-to-date: /home/sentry/Wolf-Moon/install/nav2_msgs/include/nav2_msgs/action/detail/dummy_recovery__builder.hpp
-- Up-to-date: /home/sentry/Wolf-Moon/install/nav2_msgs/include/nav2_msgs/action/detail/back_up__traits.hpp
-- Up-to-date: /home/sentry/Wolf-Moon/install/nav2_msgs/include/nav2_msgs/action/detail/navigate_to_pose__struct.hpp
-- Up-to-date: /home/sentry/Wolf-Moon/install/nav2_msgs/include/nav2_msgs/action/compute_path_through_poses.hpp
-- Up-to-date: /home/sentry/Wolf-Moon/install/nav2_msgs/include/nav2_msgs/action/back_up.hpp
-- Up-to-date: /home/sentry/Wolf-Moon/install/nav2_msgs/include/nav2_msgs/srv
-- Up-to-date: /home/sentry/Wolf-Moon/install/nav2_msgs/include/nav2_msgs/srv/save_map.hpp
-- Up-to-date: /home/sentry/Wolf-Moon/install/nav2_msgs/include/nav2_msgs/srv/clear_entire_costmap.hpp
-- Up-to-date: /home/sentry/Wolf-Moon/install/nav2_msgs/include/nav2_msgs/srv/detail
-- Up-to-date: /home/sentry/Wolf-Moon/install/nav2_msgs/include/nav2_msgs/srv/detail/clear_entire_costmap__struct.hpp
-- Up-to-date: /home/sentry/Wolf-Moon/install/nav2_msgs/include/nav2_msgs/srv/detail/clear_costmap_except_region__struct.hpp
-- Up-to-date: /home/sentry/Wolf-Moon/install/nav2_msgs/include/nav2_msgs/srv/detail/load_map__builder.hpp
-- Up-to-date: /home/sentry/Wolf-Moon/install/nav2_msgs/include/nav2_msgs/srv/detail/clear_entire_costmap__traits.hpp
-- Up-to-date: /home/sentry/Wolf-Moon/install/nav2_msgs/include/nav2_msgs/srv/detail/save_map__traits.hpp
-- Up-to-date: /home/sentry/Wolf-Moon/install/nav2_msgs/include/nav2_msgs/srv/detail/clear_costmap_around_robot__traits.hpp
-- Up-to-date: /home/sentry/Wolf-Moon/install/nav2_msgs/include/nav2_msgs/srv/detail/clear_costmap_except_region__traits.hpp
-- Up-to-date: /home/sentry/Wolf-Moon/install/nav2_msgs/include/nav2_msgs/srv/detail/save_map__builder.hpp
-- Up-to-date: /home/sentry/Wolf-Moon/install/nav2_msgs/include/nav2_msgs/srv/detail/load_map__struct.hpp
-- Up-to-date: /home/sentry/Wolf-Moon/install/nav2_msgs/include/nav2_msgs/srv/detail/manage_lifecycle_nodes__builder.hpp
-- Up-to-date: /home/sentry/Wolf-Moon/install/nav2_msgs/include/nav2_msgs/srv/detail/clear_entire_costmap__builder.hpp
-- Up-to-date: /home/sentry/Wolf-Moon/install/nav2_msgs/include/nav2_msgs/srv/detail/load_map__traits.hpp
-- Up-to-date: /home/sentry/Wolf-Moon/install/nav2_msgs/include/nav2_msgs/srv/detail/manage_lifecycle_nodes__traits.hpp
-- Up-to-date: /home/sentry/Wolf-Moon/install/nav2_msgs/include/nav2_msgs/srv/detail/clear_costmap_around_robot__builder.hpp
-- Up-to-date: /home/sentry/Wolf-Moon/install/nav2_msgs/include/nav2_msgs/srv/detail/get_costmap__traits.hpp
-- Up-to-date: /home/sentry/Wolf-Moon/install/nav2_msgs/include/nav2_msgs/srv/detail/manage_lifecycle_nodes__struct.hpp
-- Up-to-date: /home/sentry/Wolf-Moon/install/nav2_msgs/include/nav2_msgs/srv/detail/get_costmap__struct.hpp
-- Up-to-date: /home/sentry/Wolf-Moon/install/nav2_msgs/include/nav2_msgs/srv/detail/clear_costmap_except_region__builder.hpp
-- Up-to-date: /home/sentry/Wolf-Moon/install/nav2_msgs/include/nav2_msgs/srv/detail/get_costmap__builder.hpp
-- Up-to-date: /home/sentry/Wolf-Moon/install/nav2_msgs/include/nav2_msgs/srv/detail/save_map__struct.hpp
-- Up-to-date: /home/sentry/Wolf-Moon/install/nav2_msgs/include/nav2_msgs/srv/detail/clear_costmap_around_robot__struct.hpp
-- Up-to-date: /home/sentry/Wolf-Moon/install/nav2_msgs/include/nav2_msgs/srv/clear_costmap_around_robot.hpp
-- Up-to-date: /home/sentry/Wolf-Moon/install/nav2_msgs/include/nav2_msgs/srv/manage_lifecycle_nodes.hpp
-- Up-to-date: /home/sentry/Wolf-Moon/install/nav2_msgs/include/nav2_msgs/srv/clear_costmap_except_region.hpp
-- Up-to-date: /home/sentry/Wolf-Moon/install/nav2_msgs/include/nav2_msgs/srv/get_costmap.hpp
-- Up-to-date: /home/sentry/Wolf-Moon/install/nav2_msgs/include/nav2_msgs/srv/load_map.hpp
-- Up-to-date: /home/sentry/Wolf-Moon/install/nav2_msgs/include/nav2_msgs
-- Up-to-date: /home/sentry/Wolf-Moon/install/nav2_msgs/include/nav2_msgs/msg
-- Up-to-date: /home/sentry/Wolf-Moon/install/nav2_msgs/include/nav2_msgs/msg/detail
-- Up-to-date: /home/sentry/Wolf-Moon/install/nav2_msgs/include/nav2_msgs/msg/detail/speed_limit__type_support.cpp
-- Up-to-date: /home/sentry/Wolf-Moon/install/nav2_msgs/include/nav2_msgs/msg/detail/behavior_tree_log__type_support.cpp
-- Up-to-date: /home/sentry/Wolf-Moon/install/nav2_msgs/include/nav2_msgs/msg/detail/costmap_filter_info__type_support.cpp
-- Up-to-date: /home/sentry/Wolf-Moon/install/nav2_msgs/include/nav2_msgs/msg/detail/speed_limit__rosidl_typesupport_introspection_cpp.hpp
-- Up-to-date: /home/sentry/Wolf-Moon/install/nav2_msgs/include/nav2_msgs/msg/detail/costmap_meta_data__type_support.cpp
-- Up-to-date: /home/sentry/Wolf-Moon/install/nav2_msgs/include/nav2_msgs/msg/detail/behavior_tree_status_change__type_support.cpp
-- Up-to-date: /home/sentry/Wolf-Moon/install/nav2_msgs/include/nav2_msgs/msg/detail/particle__rosidl_typesupport_introspection_cpp.hpp
-- Up-to-date: /home/sentry/Wolf-Moon/install/nav2_msgs/include/nav2_msgs/msg/detail/behavior_tree_log__rosidl_typesupport_introspection_cpp.hpp
-- Up-to-date: /home/sentry/Wolf-Moon/install/nav2_msgs/include/nav2_msgs/msg/detail/particle_cloud__rosidl_typesupport_introspection_cpp.hpp
-- Up-to-date: /home/sentry/Wolf-Moon/install/nav2_msgs/include/nav2_msgs/msg/detail/costmap_filter_info__rosidl_typesupport_introspection_cpp.hpp
-- Up-to-date: /home/sentry/Wolf-Moon/install/nav2_msgs/include/nav2_msgs/msg/detail/particle__type_support.cpp
-- Up-to-date: /home/sentry/Wolf-Moon/install/nav2_msgs/include/nav2_msgs/msg/detail/costmap__type_support.cpp
-- Up-to-date: /home/sentry/Wolf-Moon/install/nav2_msgs/include/nav2_msgs/msg/detail/particle_cloud__type_support.cpp
-- Up-to-date: /home/sentry/Wolf-Moon/install/nav2_msgs/include/nav2_msgs/msg/detail/voxel_grid__rosidl_typesupport_introspection_cpp.hpp
-- Up-to-date: /home/sentry/Wolf-Moon/install/nav2_msgs/include/nav2_msgs/msg/detail/costmap_meta_data__rosidl_typesupport_introspection_cpp.hpp
-- Up-to-date: /home/sentry/Wolf-Moon/install/nav2_msgs/include/nav2_msgs/msg/detail/behavior_tree_status_change__rosidl_typesupport_introspection_cpp.hpp
-- Up-to-date: /home/sentry/Wolf-Moon/install/nav2_msgs/include/nav2_msgs/msg/detail/costmap__rosidl_typesupport_introspection_cpp.hpp
-- Up-to-date: /home/sentry/Wolf-Moon/install/nav2_msgs/include/nav2_msgs/msg/detail/voxel_grid__type_support.cpp
-- Up-to-date: /home/sentry/Wolf-Moon/install/nav2_msgs/include/nav2_msgs/action
-- Up-to-date: /home/sentry/Wolf-Moon/install/nav2_msgs/include/nav2_msgs/action/detail
-- Up-to-date: /home/sentry/Wolf-Moon/install/nav2_msgs/include/nav2_msgs/action/detail/spin__type_support.cpp
-- Up-to-date: /home/sentry/Wolf-Moon/install/nav2_msgs/include/nav2_msgs/action/detail/dummy_recovery__type_support.cpp
-- Up-to-date: /home/sentry/Wolf-Moon/install/nav2_msgs/include/nav2_msgs/action/detail/compute_path_through_poses__type_support.cpp
-- Up-to-date: /home/sentry/Wolf-Moon/install/nav2_msgs/include/nav2_msgs/action/detail/navigate_through_poses__rosidl_typesupport_introspection_cpp.hpp
-- Up-to-date: /home/sentry/Wolf-Moon/install/nav2_msgs/include/nav2_msgs/action/detail/wait__type_support.cpp
-- Up-to-date: /home/sentry/Wolf-Moon/install/nav2_msgs/include/nav2_msgs/action/detail/back_up__type_support.cpp
-- Up-to-date: /home/sentry/Wolf-Moon/install/nav2_msgs/include/nav2_msgs/action/detail/navigate_to_pose__rosidl_typesupport_introspection_cpp.hpp
-- Up-to-date: /home/sentry/Wolf-Moon/install/nav2_msgs/include/nav2_msgs/action/detail/follow_path__type_support.cpp
-- Up-to-date: /home/sentry/Wolf-Moon/install/nav2_msgs/include/nav2_msgs/action/detail/navigate_to_pose__type_support.cpp
-- Up-to-date: /home/sentry/Wolf-Moon/install/nav2_msgs/include/nav2_msgs/action/detail/spin__rosidl_typesupport_introspection_cpp.hpp
-- Up-to-date: /home/sentry/Wolf-Moon/install/nav2_msgs/include/nav2_msgs/action/detail/compute_path_to_pose__type_support.cpp
-- Up-to-date: /home/sentry/Wolf-Moon/install/nav2_msgs/include/nav2_msgs/action/detail/wait__rosidl_typesupport_introspection_cpp.hpp
-- Up-to-date: /home/sentry/Wolf-Moon/install/nav2_msgs/include/nav2_msgs/action/detail/follow_path__rosidl_typesupport_introspection_cpp.hpp
-- Up-to-date: /home/sentry/Wolf-Moon/install/nav2_msgs/include/nav2_msgs/action/detail/compute_path_through_poses__rosidl_typesupport_introspection_cpp.hpp
-- Up-to-date: /home/sentry/Wolf-Moon/install/nav2_msgs/include/nav2_msgs/action/detail/navigate_through_poses__type_support.cpp
-- Up-to-date: /home/sentry/Wolf-Moon/install/nav2_msgs/include/nav2_msgs/action/detail/follow_waypoints__rosidl_typesupport_introspection_cpp.hpp
-- Up-to-date: /home/sentry/Wolf-Moon/install/nav2_msgs/include/nav2_msgs/action/detail/back_up__rosidl_typesupport_introspection_cpp.hpp
-- Up-to-date: /home/sentry/Wolf-Moon/install/nav2_msgs/include/nav2_msgs/action/detail/follow_waypoints__type_support.cpp
-- Up-to-date: /home/sentry/Wolf-Moon/install/nav2_msgs/include/nav2_msgs/action/detail/dummy_recovery__rosidl_typesupport_introspection_cpp.hpp
-- Up-to-date: /home/sentry/Wolf-Moon/install/nav2_msgs/include/nav2_msgs/action/detail/compute_path_to_pose__rosidl_typesupport_introspection_cpp.hpp
-- Up-to-date: /home/sentry/Wolf-Moon/install/nav2_msgs/include/nav2_msgs/srv
-- Up-to-date: /home/sentry/Wolf-Moon/install/nav2_msgs/include/nav2_msgs/srv/detail
-- Up-to-date: /home/sentry/Wolf-Moon/install/nav2_msgs/include/nav2_msgs/srv/detail/clear_costmap_around_robot__type_support.cpp
-- Up-to-date: /home/sentry/Wolf-Moon/install/nav2_msgs/include/nav2_msgs/srv/detail/get_costmap__type_support.cpp
-- Up-to-date: /home/sentry/Wolf-Moon/install/nav2_msgs/include/nav2_msgs/srv/detail/load_map__rosidl_typesupport_introspection_cpp.hpp
-- Up-to-date: /home/sentry/Wolf-Moon/install/nav2_msgs/include/nav2_msgs/srv/detail/manage_lifecycle_nodes__type_support.cpp
-- Up-to-date: /home/sentry/Wolf-Moon/install/nav2_msgs/include/nav2_msgs/srv/detail/manage_lifecycle_nodes__rosidl_typesupport_introspection_cpp.hpp
-- Up-to-date: /home/sentry/Wolf-Moon/install/nav2_msgs/include/nav2_msgs/srv/detail/save_map__type_support.cpp
-- Up-to-date: /home/sentry/Wolf-Moon/install/nav2_msgs/include/nav2_msgs/srv/detail/load_map__type_support.cpp
-- Up-to-date: /home/sentry/Wolf-Moon/install/nav2_msgs/include/nav2_msgs/srv/detail/clear_costmap_except_region__type_support.cpp
-- Up-to-date: /home/sentry/Wolf-Moon/install/nav2_msgs/include/nav2_msgs/srv/detail/clear_entire_costmap__type_support.cpp
-- Up-to-date: /home/sentry/Wolf-Moon/install/nav2_msgs/include/nav2_msgs/srv/detail/save_map__rosidl_typesupport_introspection_cpp.hpp
-- Up-to-date: /home/sentry/Wolf-Moon/install/nav2_msgs/include/nav2_msgs/srv/detail/get_costmap__rosidl_typesupport_introspection_cpp.hpp
-- Up-to-date: /home/sentry/Wolf-Moon/install/nav2_msgs/include/nav2_msgs/srv/detail/clear_costmap_around_robot__rosidl_typesupport_introspection_cpp.hpp
-- Up-to-date: /home/sentry/Wolf-Moon/install/nav2_msgs/include/nav2_msgs/srv/detail/clear_entire_costmap__rosidl_typesupport_introspection_cpp.hpp
-- Up-to-date: /home/sentry/Wolf-Moon/install/nav2_msgs/include/nav2_msgs/srv/detail/clear_costmap_except_region__rosidl_typesupport_introspection_cpp.hpp
-- Up-to-date: /home/sentry/Wolf-Moon/install/nav2_msgs/lib/libnav2_msgs__rosidl_typesupport_introspection_cpp.so
-- Up-to-date: /home/sentry/Wolf-Moon/install/nav2_msgs/lib/libnav2_msgs__rosidl_typesupport_cpp.so
-- Up-to-date: /home/sentry/Wolf-Moon/install/nav2_msgs/share/nav2_msgs/environment/pythonpath.sh
-- Up-to-date: /home/sentry/Wolf-Moon/install/nav2_msgs/share/nav2_msgs/environment/pythonpath.dsv
-- Up-to-date: /home/sentry/Wolf-Moon/install/nav2_msgs/lib/python3.8/site-packages/nav2_msgs/__init__.py
