[0.082s] Invoking command in '/home/sentry/Wolf-Moon/build/nav2_msgs': CMAKE_PREFIX_PATH=/home/sentry/Wolf-Moon/install/nav2_common:/home/sentry/Wolf-Moon/install/sentry_decision_v2:/home/sentry/Wolf-Moon/install/octomap_dynamic_map:/home/sentry/Wolf-Moon/install/navigation_planning:/home/sentry/Wolf-Moon/install/grid_map:/home/sentry/Wolf-Moon/install/grid_map_costmap_2d:/home/sentry/Wolf-Moon/install/nav2_costmap_2d:/home/sentry/Wolf-Moon/install/nav2_voxel_grid:/home/sentry/Wolf-Moon/install/nav2_map_server:/home/sentry/Wolf-Moon/install/nav2_lifecycle_manager:/home/sentry/Wolf-Moon/install/nav2_behavior_tree:/home/sentry/Wolf-Moon/install/nav2_util:/home/sentry/Wolf-Moon/install/grid_map_demos:/home/sentry/Wolf-Moon/install/grid_map_visualization:/home/sentry/Wolf-Moon/install/grid_map_rviz_plugin:/home/sentry/Wolf-Moon/install/grid_map_pcl:/home/sentry/Wolf-Moon/install/grid_map_loader:/home/sentry/Wolf-Moon/install/grid_map_filters:/home/sentry/Wolf-Moon/install/grid_map_ros:/home/sentry/Wolf-Moon/install/nav2_msgs:/home/sentry/Wolf-Moon/install/livox_ros_driver2:/home/sentry/Wolf-Moon/install/ig_lio_c_msgs:/home/sentry/Wolf-Moon/install/ig_lio_c:/home/sentry/Wolf-Moon/install/grid_map_sdf:/home/sentry/Wolf-Moon/install/grid_map_octomap:/home/sentry/Wolf-Moon/install/grid_map_msgs:/home/sentry/Wolf-Moon/install/grid_map_cv:/home/sentry/Wolf-Moon/install/grid_map_core:/home/sentry/Wolf-Moon/install/grid_map_cmake_helpers:/home/sentry/Wolf-Moon/install/cv_bridge:/home/sentry/Wolf-Moon/install/auto_aim_interfaces:/home/sentry/Wolf-Moon/install/fake_msg_publisher:/opt/ros/galactic PYTHONPATH=/home/sentry/Wolf-Moon/install/nav2_common/lib/python3.8/site-packages:/home/sentry/Wolf-Moon/install/nav2_msgs/lib/python3.8/site-packages:/home/sentry/Wolf-Moon/install/livox_ros_driver2/lib/python3.8/site-packages:/home/sentry/Wolf-Moon/install/ig_lio_c_msgs/lib/python3.8/site-packages:/home/sentry/Wolf-Moon/install/grid_map_msgs/lib/python3.8/site-packages:/home/sentry/Wolf-Moon/install/fake_msg_publisher/lib/python3.8/site-packages:/home/sentry/Wolf-Moon/install/cv_bridge/lib/python3.8/site-packages:/home/sentry/Wolf-Moon/install/auto_aim_interfaces/lib/python3.8/site-packages:/opt/intel/openvino_2022/python/python3.8:/opt/intel/openvino_2022/python/python3:/opt/ros/galactic/lib/python3.8/site-packages:/opt/intel/openvino_2022/python/python3.8:/opt/intel/openvino_2022/python/python3 /usr/bin/cmake --build /home/sentry/Wolf-Moon/build/nav2_msgs -- -j12 -l12
[0.508s] [ 12%] Built target nav2_msgs__rosidl_generator_c
[0.629s] [ 12%] Built target nav2_msgs__cpp
[0.759s] [ 25%] Built target nav2_msgs__rosidl_typesupport_introspection_c
[0.880s] [ 37%] Built target nav2_msgs__rosidl_typesupport_fastrtps_cpp
[1.017s] [ 50%] Built target nav2_msgs__rosidl_typesupport_introspection_cpp
[1.146s] [ 62%] Built target nav2_msgs__rosidl_typesupport_fastrtps_c
[1.212s] [ 74%] Built target nav2_msgs__rosidl_typesupport_cpp
[1.284s] [ 86%] Built target nav2_msgs__rosidl_typesupport_c
[1.343s] [ 86%] Built target nav2_msgs
[1.399s] [ 86%] Built target nav2_msgs__py
[1.503s] [ 98%] Built target nav2_msgs__python
[1.582s] [ 98%] Built target nav2_msgs__rosidl_typesupport_introspection_c__pyext
[1.639s] [ 99%] Built target nav2_msgs__rosidl_typesupport_fastrtps_c__pyext
[1.704s] [100%] Built target nav2_msgs__rosidl_typesupport_c__pyext
[1.720s] Invoked command in '/home/sentry/Wolf-Moon/build/nav2_msgs' returned '0': CMAKE_PREFIX_PATH=/home/sentry/Wolf-Moon/install/nav2_common:/home/sentry/Wolf-Moon/install/sentry_decision_v2:/home/sentry/Wolf-Moon/install/octomap_dynamic_map:/home/sentry/Wolf-Moon/install/navigation_planning:/home/sentry/Wolf-Moon/install/grid_map:/home/sentry/Wolf-Moon/install/grid_map_costmap_2d:/home/sentry/Wolf-Moon/install/nav2_costmap_2d:/home/sentry/Wolf-Moon/install/nav2_voxel_grid:/home/sentry/Wolf-Moon/install/nav2_map_server:/home/sentry/Wolf-Moon/install/nav2_lifecycle_manager:/home/sentry/Wolf-Moon/install/nav2_behavior_tree:/home/sentry/Wolf-Moon/install/nav2_util:/home/sentry/Wolf-Moon/install/grid_map_demos:/home/sentry/Wolf-Moon/install/grid_map_visualization:/home/sentry/Wolf-Moon/install/grid_map_rviz_plugin:/home/sentry/Wolf-Moon/install/grid_map_pcl:/home/sentry/Wolf-Moon/install/grid_map_loader:/home/sentry/Wolf-Moon/install/grid_map_filters:/home/sentry/Wolf-Moon/install/grid_map_ros:/home/sentry/Wolf-Moon/install/nav2_msgs:/home/sentry/Wolf-Moon/install/livox_ros_driver2:/home/sentry/Wolf-Moon/install/ig_lio_c_msgs:/home/sentry/Wolf-Moon/install/ig_lio_c:/home/sentry/Wolf-Moon/install/grid_map_sdf:/home/sentry/Wolf-Moon/install/grid_map_octomap:/home/sentry/Wolf-Moon/install/grid_map_msgs:/home/sentry/Wolf-Moon/install/grid_map_cv:/home/sentry/Wolf-Moon/install/grid_map_core:/home/sentry/Wolf-Moon/install/grid_map_cmake_helpers:/home/sentry/Wolf-Moon/install/cv_bridge:/home/sentry/Wolf-Moon/install/auto_aim_interfaces:/home/sentry/Wolf-Moon/install/fake_msg_publisher:/opt/ros/galactic PYTHONPATH=/home/sentry/Wolf-Moon/install/nav2_common/lib/python3.8/site-packages:/home/sentry/Wolf-Moon/install/nav2_msgs/lib/python3.8/site-packages:/home/sentry/Wolf-Moon/install/livox_ros_driver2/lib/python3.8/site-packages:/home/sentry/Wolf-Moon/install/ig_lio_c_msgs/lib/python3.8/site-packages:/home/sentry/Wolf-Moon/install/grid_map_msgs/lib/python3.8/site-packages:/home/sentry/Wolf-Moon/install/fake_msg_publisher/lib/python3.8/site-packages:/home/sentry/Wolf-Moon/install/cv_bridge/lib/python3.8/site-packages:/home/sentry/Wolf-Moon/install/auto_aim_interfaces/lib/python3.8/site-packages:/opt/intel/openvino_2022/python/python3.8:/opt/intel/openvino_2022/python/python3:/opt/ros/galactic/lib/python3.8/site-packages:/opt/intel/openvino_2022/python/python3.8:/opt/intel/openvino_2022/python/python3 /usr/bin/cmake --build /home/sentry/Wolf-Moon/build/nav2_msgs -- -j12 -l12
[1.724s] Invoking command in '/home/sentry/Wolf-Moon/build/nav2_msgs': CMAKE_PREFIX_PATH=/home/sentry/Wolf-Moon/install/nav2_common:/home/sentry/Wolf-Moon/install/sentry_decision_v2:/home/sentry/Wolf-Moon/install/octomap_dynamic_map:/home/sentry/Wolf-Moon/install/navigation_planning:/home/sentry/Wolf-Moon/install/grid_map:/home/sentry/Wolf-Moon/install/grid_map_costmap_2d:/home/sentry/Wolf-Moon/install/nav2_costmap_2d:/home/sentry/Wolf-Moon/install/nav2_voxel_grid:/home/sentry/Wolf-Moon/install/nav2_map_server:/home/sentry/Wolf-Moon/install/nav2_lifecycle_manager:/home/sentry/Wolf-Moon/install/nav2_behavior_tree:/home/sentry/Wolf-Moon/install/nav2_util:/home/sentry/Wolf-Moon/install/grid_map_demos:/home/sentry/Wolf-Moon/install/grid_map_visualization:/home/sentry/Wolf-Moon/install/grid_map_rviz_plugin:/home/sentry/Wolf-Moon/install/grid_map_pcl:/home/sentry/Wolf-Moon/install/grid_map_loader:/home/sentry/Wolf-Moon/install/grid_map_filters:/home/sentry/Wolf-Moon/install/grid_map_ros:/home/sentry/Wolf-Moon/install/nav2_msgs:/home/sentry/Wolf-Moon/install/livox_ros_driver2:/home/sentry/Wolf-Moon/install/ig_lio_c_msgs:/home/sentry/Wolf-Moon/install/ig_lio_c:/home/sentry/Wolf-Moon/install/grid_map_sdf:/home/sentry/Wolf-Moon/install/grid_map_octomap:/home/sentry/Wolf-Moon/install/grid_map_msgs:/home/sentry/Wolf-Moon/install/grid_map_cv:/home/sentry/Wolf-Moon/install/grid_map_core:/home/sentry/Wolf-Moon/install/grid_map_cmake_helpers:/home/sentry/Wolf-Moon/install/cv_bridge:/home/sentry/Wolf-Moon/install/auto_aim_interfaces:/home/sentry/Wolf-Moon/install/fake_msg_publisher:/opt/ros/galactic PYTHONPATH=/home/sentry/Wolf-Moon/install/nav2_common/lib/python3.8/site-packages:/home/sentry/Wolf-Moon/install/nav2_msgs/lib/python3.8/site-packages:/home/sentry/Wolf-Moon/install/livox_ros_driver2/lib/python3.8/site-packages:/home/sentry/Wolf-Moon/install/ig_lio_c_msgs/lib/python3.8/site-packages:/home/sentry/Wolf-Moon/install/grid_map_msgs/lib/python3.8/site-packages:/home/sentry/Wolf-Moon/install/fake_msg_publisher/lib/python3.8/site-packages:/home/sentry/Wolf-Moon/install/cv_bridge/lib/python3.8/site-packages:/home/sentry/Wolf-Moon/install/auto_aim_interfaces/lib/python3.8/site-packages:/opt/intel/openvino_2022/python/python3.8:/opt/intel/openvino_2022/python/python3:/opt/ros/galactic/lib/python3.8/site-packages:/opt/intel/openvino_2022/python/python3.8:/opt/intel/openvino_2022/python/python3 /usr/bin/cmake --install /home/sentry/Wolf-Moon/build/nav2_msgs
[1.745s] -- Install configuration: "Release"
[1.745s] -- Up-to-date: /home/sentry/Wolf-Moon/install/nav2_msgs/share/ament_index/resource_index/rosidl_interfaces/nav2_msgs
[1.745s] -- Up-to-date: /home/sentry/Wolf-Moon/install/nav2_msgs/include/nav2_msgs
[1.745s] -- Up-to-date: /home/sentry/Wolf-Moon/install/nav2_msgs/include/nav2_msgs/msg
[1.745s] -- Up-to-date: /home/sentry/Wolf-Moon/install/nav2_msgs/include/nav2_msgs/msg/particle_cloud.h
[1.745s] -- Up-to-date: /home/sentry/Wolf-Moon/install/nav2_msgs/include/nav2_msgs/msg/behavior_tree_log.h
[1.745s] -- Up-to-date: /home/sentry/Wolf-Moon/install/nav2_msgs/include/nav2_msgs/msg/particle.h
[1.746s] -- Up-to-date: /home/sentry/Wolf-Moon/install/nav2_msgs/include/nav2_msgs/msg/speed_limit.h
[1.746s] -- Up-to-date: /home/sentry/Wolf-Moon/install/nav2_msgs/include/nav2_msgs/msg/costmap_meta_data.h
[1.746s] -- Up-to-date: /home/sentry/Wolf-Moon/install/nav2_msgs/include/nav2_msgs/msg/behavior_tree_status_change.h
[1.746s] -- Up-to-date: /home/sentry/Wolf-Moon/install/nav2_msgs/include/nav2_msgs/msg/detail
[1.746s] -- Up-to-date: /home/sentry/Wolf-Moon/install/nav2_msgs/include/nav2_msgs/msg/detail/costmap__functions.c
[1.746s] -- Up-to-date: /home/sentry/Wolf-Moon/install/nav2_msgs/include/nav2_msgs/msg/detail/behavior_tree_log__functions.h
[1.746s] -- Up-to-date: /home/sentry/Wolf-Moon/install/nav2_msgs/include/nav2_msgs/msg/detail/voxel_grid__functions.h
[1.746s] -- Up-to-date: /home/sentry/Wolf-Moon/install/nav2_msgs/include/nav2_msgs/msg/detail/speed_limit__functions.h
[1.746s] -- Up-to-date: /home/sentry/Wolf-Moon/install/nav2_msgs/include/nav2_msgs/msg/detail/costmap_filter_info__functions.c
[1.746s] -- Up-to-date: /home/sentry/Wolf-Moon/install/nav2_msgs/include/nav2_msgs/msg/detail/behavior_tree_log__type_support.h
[1.747s] -- Up-to-date: /home/sentry/Wolf-Moon/install/nav2_msgs/include/nav2_msgs/msg/detail/costmap_filter_info__struct.h
[1.747s] -- Up-to-date: /home/sentry/Wolf-Moon/install/nav2_msgs/include/nav2_msgs/msg/detail/particle_cloud__functions.c
[1.748s] -- Up-to-date: /home/sentry/Wolf-Moon/install/nav2_msgs/include/nav2_msgs/msg/detail/behavior_tree_log__struct.h
[1.748s] -- Up-to-date: /home/sentry/Wolf-Moon/install/nav2_msgs/include/nav2_msgs/msg/detail/costmap_filter_info__type_support.h
[1.749s] -- Up-to-date: /home/sentry/Wolf-Moon/install/nav2_msgs/include/nav2_msgs/msg/detail/particle_cloud__functions.h
[1.749s] -- Up-to-date: /home/sentry/Wolf-Moon/install/nav2_msgs/include/nav2_msgs/msg/detail/voxel_grid__functions.c
[1.749s] -- Up-to-date: /home/sentry/Wolf-Moon/install/nav2_msgs/include/nav2_msgs/msg/detail/particle__functions.c
[1.749s] -- Up-to-date: /home/sentry/Wolf-Moon/install/nav2_msgs/include/nav2_msgs/msg/detail/voxel_grid__struct.h
[1.749s] -- Up-to-date: /home/sentry/Wolf-Moon/install/nav2_msgs/include/nav2_msgs/msg/detail/speed_limit__functions.c
[1.749s] -- Up-to-date: /home/sentry/Wolf-Moon/install/nav2_msgs/include/nav2_msgs/msg/detail/costmap__type_support.h
[1.750s] -- Up-to-date: /home/sentry/Wolf-Moon/install/nav2_msgs/include/nav2_msgs/msg/detail/behavior_tree_status_change__struct.h
[1.750s] -- Up-to-date: /home/sentry/Wolf-Moon/install/nav2_msgs/include/nav2_msgs/msg/detail/costmap_meta_data__functions.h
[1.750s] -- Up-to-date: /home/sentry/Wolf-Moon/install/nav2_msgs/include/nav2_msgs/msg/detail/costmap_meta_data__functions.c
[1.750s] -- Up-to-date: /home/sentry/Wolf-Moon/install/nav2_msgs/include/nav2_msgs/msg/detail/behavior_tree_status_change__type_support.h
[1.750s] -- Up-to-date: /home/sentry/Wolf-Moon/install/nav2_msgs/include/nav2_msgs/msg/detail/particle__struct.h
[1.750s] -- Up-to-date: /home/sentry/Wolf-Moon/install/nav2_msgs/include/nav2_msgs/msg/detail/costmap_filter_info__functions.h
[1.750s] -- Up-to-date: /home/sentry/Wolf-Moon/install/nav2_msgs/include/nav2_msgs/msg/detail/costmap_meta_data__type_support.h
[1.751s] -- Up-to-date: /home/sentry/Wolf-Moon/install/nav2_msgs/include/nav2_msgs/msg/detail/particle_cloud__type_support.h
[1.751s] -- Up-to-date: /home/sentry/Wolf-Moon/install/nav2_msgs/include/nav2_msgs/msg/detail/speed_limit__type_support.h
[1.751s] -- Up-to-date: /home/sentry/Wolf-Moon/install/nav2_msgs/include/nav2_msgs/msg/detail/costmap__functions.h
[1.751s] -- Up-to-date: /home/sentry/Wolf-Moon/install/nav2_msgs/include/nav2_msgs/msg/detail/costmap_meta_data__struct.h
[1.751s] -- Up-to-date: /home/sentry/Wolf-Moon/install/nav2_msgs/include/nav2_msgs/msg/detail/speed_limit__struct.h
[1.751s] -- Up-to-date: /home/sentry/Wolf-Moon/install/nav2_msgs/include/nav2_msgs/msg/detail/behavior_tree_status_change__functions.c
[1.751s] -- Up-to-date: /home/sentry/Wolf-Moon/install/nav2_msgs/include/nav2_msgs/msg/detail/behavior_tree_status_change__functions.h
[1.751s] -- Up-to-date: /home/sentry/Wolf-Moon/install/nav2_msgs/include/nav2_msgs/msg/detail/particle__functions.h
[1.752s] -- Up-to-date: /home/sentry/Wolf-Moon/install/nav2_msgs/include/nav2_msgs/msg/detail/costmap__struct.h
[1.752s] -- Up-to-date: /home/sentry/Wolf-Moon/install/nav2_msgs/include/nav2_msgs/msg/detail/particle__type_support.h
[1.752s] -- Up-to-date: /home/sentry/Wolf-Moon/install/nav2_msgs/include/nav2_msgs/msg/detail/particle_cloud__struct.h
[1.752s] -- Up-to-date: /home/sentry/Wolf-Moon/install/nav2_msgs/include/nav2_msgs/msg/detail/behavior_tree_log__functions.c
[1.752s] -- Up-to-date: /home/sentry/Wolf-Moon/install/nav2_msgs/include/nav2_msgs/msg/detail/voxel_grid__type_support.h
[1.752s] -- Up-to-date: /home/sentry/Wolf-Moon/install/nav2_msgs/include/nav2_msgs/msg/costmap_filter_info.h
[1.752s] -- Up-to-date: /home/sentry/Wolf-Moon/install/nav2_msgs/include/nav2_msgs/msg/costmap.h
[1.752s] -- Up-to-date: /home/sentry/Wolf-Moon/install/nav2_msgs/include/nav2_msgs/msg/rosidl_generator_c__visibility_control.h
[1.752s] -- Up-to-date: /home/sentry/Wolf-Moon/install/nav2_msgs/include/nav2_msgs/msg/voxel_grid.h
[1.753s] -- Up-to-date: /home/sentry/Wolf-Moon/install/nav2_msgs/include/nav2_msgs/action
[1.753s] -- Up-to-date: /home/sentry/Wolf-Moon/install/nav2_msgs/include/nav2_msgs/action/compute_path_through_poses.h
[1.753s] -- Up-to-date: /home/sentry/Wolf-Moon/install/nav2_msgs/include/nav2_msgs/action/wait.h
[1.753s] -- Up-to-date: /home/sentry/Wolf-Moon/install/nav2_msgs/include/nav2_msgs/action/back_up.h
[1.753s] -- Up-to-date: /home/sentry/Wolf-Moon/install/nav2_msgs/include/nav2_msgs/action/compute_path_to_pose.h
[1.753s] -- Up-to-date: /home/sentry/Wolf-Moon/install/nav2_msgs/include/nav2_msgs/action/dummy_recovery.h
[1.753s] -- Up-to-date: /home/sentry/Wolf-Moon/install/nav2_msgs/include/nav2_msgs/action/detail
[1.753s] -- Up-to-date: /home/sentry/Wolf-Moon/install/nav2_msgs/include/nav2_msgs/action/detail/follow_path__functions.h
[1.754s] -- Up-to-date: /home/sentry/Wolf-Moon/install/nav2_msgs/include/nav2_msgs/action/detail/navigate_through_poses__functions.h
[1.754s] -- Up-to-date: /home/sentry/Wolf-Moon/install/nav2_msgs/include/nav2_msgs/action/detail/back_up__functions.h
[1.754s] -- Up-to-date: /home/sentry/Wolf-Moon/install/nav2_msgs/include/nav2_msgs/action/detail/navigate_to_pose__functions.h
[1.754s] -- Up-to-date: /home/sentry/Wolf-Moon/install/nav2_msgs/include/nav2_msgs/action/detail/follow_waypoints__struct.h
[1.754s] -- Up-to-date: /home/sentry/Wolf-Moon/install/nav2_msgs/include/nav2_msgs/action/detail/compute_path_to_pose__type_support.h
[1.755s] -- Up-to-date: /home/sentry/Wolf-Moon/install/nav2_msgs/include/nav2_msgs/action/detail/dummy_recovery__functions.c
[1.755s] -- Up-to-date: /home/sentry/Wolf-Moon/install/nav2_msgs/include/nav2_msgs/action/detail/compute_path_to_pose__functions.c
[1.755s] -- Up-to-date: /home/sentry/Wolf-Moon/install/nav2_msgs/include/nav2_msgs/action/detail/compute_path_to_pose__struct.h
[1.755s] -- Up-to-date: /home/sentry/Wolf-Moon/install/nav2_msgs/include/nav2_msgs/action/detail/navigate_to_pose__struct.h
[1.756s] -- Up-to-date: /home/sentry/Wolf-Moon/install/nav2_msgs/include/nav2_msgs/action/detail/spin__type_support.h
[1.756s] -- Up-to-date: /home/sentry/Wolf-Moon/install/nav2_msgs/include/nav2_msgs/action/detail/spin__functions.h
[1.756s] -- Up-to-date: /home/sentry/Wolf-Moon/install/nav2_msgs/include/nav2_msgs/action/detail/wait__type_support.h
[1.756s] -- Up-to-date: /home/sentry/Wolf-Moon/install/nav2_msgs/include/nav2_msgs/action/detail/follow_waypoints__type_support.h
[1.756s] -- Up-to-date: /home/sentry/Wolf-Moon/install/nav2_msgs/include/nav2_msgs/action/detail/wait__functions.c
[1.757s] -- Up-to-date: /home/sentry/Wolf-Moon/install/nav2_msgs/include/nav2_msgs/action/detail/dummy_recovery__struct.h
[1.757s] -- Up-to-date: /home/sentry/Wolf-Moon/install/nav2_msgs/include/nav2_msgs/action/detail/spin__functions.c
[1.757s] -- Up-to-date: /home/sentry/Wolf-Moon/install/nav2_msgs/include/nav2_msgs/action/detail/follow_path__struct.h
[1.757s] -- Up-to-date: /home/sentry/Wolf-Moon/install/nav2_msgs/include/nav2_msgs/action/detail/navigate_to_pose__functions.c
[1.757s] -- Up-to-date: /home/sentry/Wolf-Moon/install/nav2_msgs/include/nav2_msgs/action/detail/back_up__functions.c
[1.757s] -- Up-to-date: /home/sentry/Wolf-Moon/install/nav2_msgs/include/nav2_msgs/action/detail/compute_path_through_poses__struct.h
[1.758s] -- Up-to-date: /home/sentry/Wolf-Moon/install/nav2_msgs/include/nav2_msgs/action/detail/navigate_through_poses__functions.c
[1.758s] -- Up-to-date: /home/sentry/Wolf-Moon/install/nav2_msgs/include/nav2_msgs/action/detail/compute_path_to_pose__functions.h
[1.758s] -- Up-to-date: /home/sentry/Wolf-Moon/install/nav2_msgs/include/nav2_msgs/action/detail/follow_path__functions.c
[1.758s] -- Up-to-date: /home/sentry/Wolf-Moon/install/nav2_msgs/include/nav2_msgs/action/detail/navigate_through_poses__type_support.h
[1.759s] -- Up-to-date: /home/sentry/Wolf-Moon/install/nav2_msgs/include/nav2_msgs/action/detail/follow_path__type_support.h
[1.759s] -- Up-to-date: /home/sentry/Wolf-Moon/install/nav2_msgs/include/nav2_msgs/action/detail/back_up__struct.h
[1.759s] -- Up-to-date: /home/sentry/Wolf-Moon/install/nav2_msgs/include/nav2_msgs/action/detail/wait__functions.h
[1.759s] -- Up-to-date: /home/sentry/Wolf-Moon/install/nav2_msgs/include/nav2_msgs/action/detail/follow_waypoints__functions.c
[1.759s] -- Up-to-date: /home/sentry/Wolf-Moon/install/nav2_msgs/include/nav2_msgs/action/detail/navigate_to_pose__type_support.h
[1.759s] -- Up-to-date: /home/sentry/Wolf-Moon/install/nav2_msgs/include/nav2_msgs/action/detail/wait__struct.h
[1.759s] -- Up-to-date: /home/sentry/Wolf-Moon/install/nav2_msgs/include/nav2_msgs/action/detail/navigate_through_poses__struct.h
[1.759s] -- Up-to-date: /home/sentry/Wolf-Moon/install/nav2_msgs/include/nav2_msgs/action/detail/compute_path_through_poses__functions.h
[1.760s] -- Up-to-date: /home/sentry/Wolf-Moon/install/nav2_msgs/include/nav2_msgs/action/detail/dummy_recovery__functions.h
[1.760s] -- Up-to-date: /home/sentry/Wolf-Moon/install/nav2_msgs/include/nav2_msgs/action/detail/spin__struct.h
[1.760s] -- Up-to-date: /home/sentry/Wolf-Moon/install/nav2_msgs/include/nav2_msgs/action/detail/dummy_recovery__type_support.h
[1.760s] -- Up-to-date: /home/sentry/Wolf-Moon/install/nav2_msgs/include/nav2_msgs/action/detail/back_up__type_support.h
[1.761s] -- Up-to-date: /home/sentry/Wolf-Moon/install/nav2_msgs/include/nav2_msgs/action/detail/compute_path_through_poses__type_support.h
[1.761s] -- Up-to-date: /home/sentry/Wolf-Moon/install/nav2_msgs/include/nav2_msgs/action/detail/compute_path_through_poses__functions.c
[1.761s] -- Up-to-date: /home/sentry/Wolf-Moon/install/nav2_msgs/include/nav2_msgs/action/detail/follow_waypoints__functions.h
[1.761s] -- Up-to-date: /home/sentry/Wolf-Moon/install/nav2_msgs/include/nav2_msgs/action/navigate_through_poses.h
[1.761s] -- Up-to-date: /home/sentry/Wolf-Moon/install/nav2_msgs/include/nav2_msgs/action/follow_path.h
[1.761s] -- Up-to-date: /home/sentry/Wolf-Moon/install/nav2_msgs/include/nav2_msgs/action/navigate_to_pose.h
[1.762s] -- Up-to-date: /home/sentry/Wolf-Moon/install/nav2_msgs/include/nav2_msgs/action/spin.h
[1.762s] -- Up-to-date: /home/sentry/Wolf-Moon/install/nav2_msgs/include/nav2_msgs/action/follow_waypoints.h
[1.762s] -- Up-to-date: /home/sentry/Wolf-Moon/install/nav2_msgs/include/nav2_msgs/srv
[1.762s] -- Up-to-date: /home/sentry/Wolf-Moon/install/nav2_msgs/include/nav2_msgs/srv/load_map.h
[1.762s] -- Up-to-date: /home/sentry/Wolf-Moon/install/nav2_msgs/include/nav2_msgs/srv/manage_lifecycle_nodes.h
[1.762s] -- Up-to-date: /home/sentry/Wolf-Moon/install/nav2_msgs/include/nav2_msgs/srv/save_map.h
[1.762s] -- Up-to-date: /home/sentry/Wolf-Moon/install/nav2_msgs/include/nav2_msgs/srv/get_costmap.h
[1.762s] -- Up-to-date: /home/sentry/Wolf-Moon/install/nav2_msgs/include/nav2_msgs/srv/detail
[1.762s] -- Up-to-date: /home/sentry/Wolf-Moon/install/nav2_msgs/include/nav2_msgs/srv/detail/clear_costmap_except_region__functions.c
[1.763s] -- Up-to-date: /home/sentry/Wolf-Moon/install/nav2_msgs/include/nav2_msgs/srv/detail/manage_lifecycle_nodes__functions.c
[1.763s] -- Up-to-date: /home/sentry/Wolf-Moon/install/nav2_msgs/include/nav2_msgs/srv/detail/load_map__functions.c
[1.763s] -- Up-to-date: /home/sentry/Wolf-Moon/install/nav2_msgs/include/nav2_msgs/srv/detail/clear_costmap_except_region__type_support.h
[1.763s] -- Up-to-date: /home/sentry/Wolf-Moon/install/nav2_msgs/include/nav2_msgs/srv/detail/get_costmap__functions.h
[1.763s] -- Up-to-date: /home/sentry/Wolf-Moon/install/nav2_msgs/include/nav2_msgs/srv/detail/clear_costmap_around_robot__functions.h
[1.763s] -- Up-to-date: /home/sentry/Wolf-Moon/install/nav2_msgs/include/nav2_msgs/srv/detail/clear_entire_costmap__type_support.h
[1.763s] -- Up-to-date: /home/sentry/Wolf-Moon/install/nav2_msgs/include/nav2_msgs/srv/detail/clear_costmap_except_region__struct.h
[1.763s] -- Up-to-date: /home/sentry/Wolf-Moon/install/nav2_msgs/include/nav2_msgs/srv/detail/clear_entire_costmap__struct.h
[1.765s] -- Up-to-date: /home/sentry/Wolf-Moon/install/nav2_msgs/include/nav2_msgs/srv/detail/load_map__type_support.h
[1.766s] -- Up-to-date: /home/sentry/Wolf-Moon/install/nav2_msgs/include/nav2_msgs/srv/detail/manage_lifecycle_nodes__struct.h
[1.766s] -- Up-to-date: /home/sentry/Wolf-Moon/install/nav2_msgs/include/nav2_msgs/srv/detail/clear_entire_costmap__functions.c
[1.766s] -- Up-to-date: /home/sentry/Wolf-Moon/install/nav2_msgs/include/nav2_msgs/srv/detail/save_map__struct.h
[1.766s] -- Up-to-date: /home/sentry/Wolf-Moon/install/nav2_msgs/include/nav2_msgs/srv/detail/clear_costmap_around_robot__functions.c
[1.766s] -- Up-to-date: /home/sentry/Wolf-Moon/install/nav2_msgs/include/nav2_msgs/srv/detail/save_map__functions.h
[1.766s] -- Up-to-date: /home/sentry/Wolf-Moon/install/nav2_msgs/include/nav2_msgs/srv/detail/save_map__functions.c
[1.766s] -- Up-to-date: /home/sentry/Wolf-Moon/install/nav2_msgs/include/nav2_msgs/srv/detail/save_map__type_support.h
[1.766s] -- Up-to-date: /home/sentry/Wolf-Moon/install/nav2_msgs/include/nav2_msgs/srv/detail/get_costmap__type_support.h
[1.766s] -- Up-to-date: /home/sentry/Wolf-Moon/install/nav2_msgs/include/nav2_msgs/srv/detail/manage_lifecycle_nodes__functions.h
[1.767s] -- Up-to-date: /home/sentry/Wolf-Moon/install/nav2_msgs/include/nav2_msgs/srv/detail/clear_costmap_around_robot__struct.h
[1.767s] -- Up-to-date: /home/sentry/Wolf-Moon/install/nav2_msgs/include/nav2_msgs/srv/detail/get_costmap__struct.h
[1.767s] -- Up-to-date: /home/sentry/Wolf-Moon/install/nav2_msgs/include/nav2_msgs/srv/detail/get_costmap__functions.c
[1.767s] -- Up-to-date: /home/sentry/Wolf-Moon/install/nav2_msgs/include/nav2_msgs/srv/detail/load_map__struct.h
[1.767s] -- Up-to-date: /home/sentry/Wolf-Moon/install/nav2_msgs/include/nav2_msgs/srv/detail/load_map__functions.h
[1.767s] -- Up-to-date: /home/sentry/Wolf-Moon/install/nav2_msgs/include/nav2_msgs/srv/detail/clear_costmap_except_region__functions.h
[1.767s] -- Up-to-date: /home/sentry/Wolf-Moon/install/nav2_msgs/include/nav2_msgs/srv/detail/clear_entire_costmap__functions.h
[1.767s] -- Up-to-date: /home/sentry/Wolf-Moon/install/nav2_msgs/include/nav2_msgs/srv/detail/clear_costmap_around_robot__type_support.h
[1.767s] -- Up-to-date: /home/sentry/Wolf-Moon/install/nav2_msgs/include/nav2_msgs/srv/detail/manage_lifecycle_nodes__type_support.h
[1.768s] -- Up-to-date: /home/sentry/Wolf-Moon/install/nav2_msgs/include/nav2_msgs/srv/clear_costmap_except_region.h
[1.768s] -- Up-to-date: /home/sentry/Wolf-Moon/install/nav2_msgs/include/nav2_msgs/srv/clear_entire_costmap.h
[1.768s] -- Up-to-date: /home/sentry/Wolf-Moon/install/nav2_msgs/include/nav2_msgs/srv/clear_costmap_around_robot.h
[1.768s] -- Up-to-date: /home/sentry/Wolf-Moon/install/nav2_msgs/share/nav2_msgs/environment/library_path.sh
[1.768s] -- Up-to-date: /home/sentry/Wolf-Moon/install/nav2_msgs/share/nav2_msgs/environment/library_path.dsv
[1.768s] -- Up-to-date: /home/sentry/Wolf-Moon/install/nav2_msgs/lib/libnav2_msgs__rosidl_generator_c.so
[1.768s] -- Up-to-date: /home/sentry/Wolf-Moon/install/nav2_msgs/include/nav2_msgs
[1.768s] -- Up-to-date: /home/sentry/Wolf-Moon/install/nav2_msgs/include/nav2_msgs/msg
[1.769s] -- Up-to-date: /home/sentry/Wolf-Moon/install/nav2_msgs/include/nav2_msgs/msg/detail
[1.769s] -- Up-to-date: /home/sentry/Wolf-Moon/install/nav2_msgs/include/nav2_msgs/msg/detail/speed_limit__rosidl_typesupport_fastrtps_c.h
[1.769s] -- Up-to-date: /home/sentry/Wolf-Moon/install/nav2_msgs/include/nav2_msgs/msg/detail/behavior_tree_log__rosidl_typesupport_fastrtps_c.h
[1.769s] -- Up-to-date: /home/sentry/Wolf-Moon/install/nav2_msgs/include/nav2_msgs/msg/detail/particle__rosidl_typesupport_fastrtps_c.h
[1.769s] -- Up-to-date: /home/sentry/Wolf-Moon/install/nav2_msgs/include/nav2_msgs/msg/detail/costmap__rosidl_typesupport_fastrtps_c.h
[1.769s] -- Up-to-date: /home/sentry/Wolf-Moon/install/nav2_msgs/include/nav2_msgs/msg/detail/voxel_grid__rosidl_typesupport_fastrtps_c.h
[1.769s] -- Up-to-date: /home/sentry/Wolf-Moon/install/nav2_msgs/include/nav2_msgs/msg/detail/particle_cloud__rosidl_typesupport_fastrtps_c.h
[1.769s] -- Up-to-date: /home/sentry/Wolf-Moon/install/nav2_msgs/include/nav2_msgs/msg/detail/costmap_meta_data__rosidl_typesupport_fastrtps_c.h
[1.769s] -- Up-to-date: /home/sentry/Wolf-Moon/install/nav2_msgs/include/nav2_msgs/msg/detail/behavior_tree_status_change__rosidl_typesupport_fastrtps_c.h
[1.769s] -- Up-to-date: /home/sentry/Wolf-Moon/install/nav2_msgs/include/nav2_msgs/msg/detail/costmap_filter_info__rosidl_typesupport_fastrtps_c.h
[1.770s] -- Up-to-date: /home/sentry/Wolf-Moon/install/nav2_msgs/include/nav2_msgs/msg/rosidl_typesupport_fastrtps_c__visibility_control.h
[1.770s] -- Up-to-date: /home/sentry/Wolf-Moon/install/nav2_msgs/include/nav2_msgs/action
[1.770s] -- Up-to-date: /home/sentry/Wolf-Moon/install/nav2_msgs/include/nav2_msgs/action/detail
[1.770s] -- Up-to-date: /home/sentry/Wolf-Moon/install/nav2_msgs/include/nav2_msgs/action/detail/compute_path_to_pose__rosidl_typesupport_fastrtps_c.h
[1.770s] -- Up-to-date: /home/sentry/Wolf-Moon/install/nav2_msgs/include/nav2_msgs/action/detail/follow_path__rosidl_typesupport_fastrtps_c.h
[1.770s] -- Up-to-date: /home/sentry/Wolf-Moon/install/nav2_msgs/include/nav2_msgs/action/detail/dummy_recovery__rosidl_typesupport_fastrtps_c.h
[1.770s] -- Up-to-date: /home/sentry/Wolf-Moon/install/nav2_msgs/include/nav2_msgs/action/detail/spin__rosidl_typesupport_fastrtps_c.h
[1.770s] -- Up-to-date: /home/sentry/Wolf-Moon/install/nav2_msgs/include/nav2_msgs/action/detail/navigate_through_poses__rosidl_typesupport_fastrtps_c.h
[1.770s] -- Up-to-date: /home/sentry/Wolf-Moon/install/nav2_msgs/include/nav2_msgs/action/detail/compute_path_through_poses__rosidl_typesupport_fastrtps_c.h
[1.770s] -- Up-to-date: /home/sentry/Wolf-Moon/install/nav2_msgs/include/nav2_msgs/action/detail/wait__rosidl_typesupport_fastrtps_c.h
[1.770s] -- Up-to-date: /home/sentry/Wolf-Moon/install/nav2_msgs/include/nav2_msgs/action/detail/back_up__rosidl_typesupport_fastrtps_c.h
[1.771s] -- Up-to-date: /home/sentry/Wolf-Moon/install/nav2_msgs/include/nav2_msgs/action/detail/follow_waypoints__rosidl_typesupport_fastrtps_c.h
[1.771s] -- Up-to-date: /home/sentry/Wolf-Moon/install/nav2_msgs/include/nav2_msgs/action/detail/navigate_to_pose__rosidl_typesupport_fastrtps_c.h
[1.771s] -- Up-to-date: /home/sentry/Wolf-Moon/install/nav2_msgs/include/nav2_msgs/srv
[1.771s] -- Up-to-date: /home/sentry/Wolf-Moon/install/nav2_msgs/include/nav2_msgs/srv/detail
[1.771s] -- Up-to-date: /home/sentry/Wolf-Moon/install/nav2_msgs/include/nav2_msgs/srv/detail/get_costmap__rosidl_typesupport_fastrtps_c.h
[1.771s] -- Up-to-date: /home/sentry/Wolf-Moon/install/nav2_msgs/include/nav2_msgs/srv/detail/clear_costmap_around_robot__rosidl_typesupport_fastrtps_c.h
[1.771s] -- Up-to-date: /home/sentry/Wolf-Moon/install/nav2_msgs/include/nav2_msgs/srv/detail/manage_lifecycle_nodes__rosidl_typesupport_fastrtps_c.h
[1.771s] -- Up-to-date: /home/sentry/Wolf-Moon/install/nav2_msgs/include/nav2_msgs/srv/detail/save_map__rosidl_typesupport_fastrtps_c.h
[1.771s] -- Up-to-date: /home/sentry/Wolf-Moon/install/nav2_msgs/include/nav2_msgs/srv/detail/load_map__rosidl_typesupport_fastrtps_c.h
[1.772s] -- Up-to-date: /home/sentry/Wolf-Moon/install/nav2_msgs/include/nav2_msgs/srv/detail/clear_costmap_except_region__rosidl_typesupport_fastrtps_c.h
[1.772s] -- Up-to-date: /home/sentry/Wolf-Moon/install/nav2_msgs/include/nav2_msgs/srv/detail/clear_entire_costmap__rosidl_typesupport_fastrtps_c.h
[1.772s] -- Up-to-date: /home/sentry/Wolf-Moon/install/nav2_msgs/lib/libnav2_msgs__rosidl_typesupport_fastrtps_c.so
[1.772s] -- Up-to-date: /home/sentry/Wolf-Moon/install/nav2_msgs/include/nav2_msgs
[1.772s] -- Up-to-date: /home/sentry/Wolf-Moon/install/nav2_msgs/include/nav2_msgs/msg
[1.772s] -- Up-to-date: /home/sentry/Wolf-Moon/install/nav2_msgs/include/nav2_msgs/msg/detail
[1.773s] -- Up-to-date: /home/sentry/Wolf-Moon/install/nav2_msgs/include/nav2_msgs/msg/detail/behavior_tree_log__rosidl_typesupport_fastrtps_cpp.hpp
[1.773s] -- Up-to-date: /home/sentry/Wolf-Moon/install/nav2_msgs/include/nav2_msgs/msg/detail/behavior_tree_status_change__rosidl_typesupport_fastrtps_cpp.hpp
[1.773s] -- Up-to-date: /home/sentry/Wolf-Moon/install/nav2_msgs/include/nav2_msgs/msg/detail/costmap_meta_data__rosidl_typesupport_fastrtps_cpp.hpp
[1.773s] -- Up-to-date: /home/sentry/Wolf-Moon/install/nav2_msgs/include/nav2_msgs/msg/detail/particle_cloud__rosidl_typesupport_fastrtps_cpp.hpp
[1.773s] -- Up-to-date: /home/sentry/Wolf-Moon/install/nav2_msgs/include/nav2_msgs/msg/detail/particle__rosidl_typesupport_fastrtps_cpp.hpp
[1.773s] -- Up-to-date: /home/sentry/Wolf-Moon/install/nav2_msgs/include/nav2_msgs/msg/detail/voxel_grid__rosidl_typesupport_fastrtps_cpp.hpp
[1.773s] -- Up-to-date: /home/sentry/Wolf-Moon/install/nav2_msgs/include/nav2_msgs/msg/detail/speed_limit__rosidl_typesupport_fastrtps_cpp.hpp
[1.773s] -- Up-to-date: /home/sentry/Wolf-Moon/install/nav2_msgs/include/nav2_msgs/msg/detail/costmap_filter_info__rosidl_typesupport_fastrtps_cpp.hpp
[1.774s] -- Up-to-date: /home/sentry/Wolf-Moon/install/nav2_msgs/include/nav2_msgs/msg/detail/dds_fastrtps
[1.774s] -- Up-to-date: /home/sentry/Wolf-Moon/install/nav2_msgs/include/nav2_msgs/msg/detail/costmap__rosidl_typesupport_fastrtps_cpp.hpp
[1.774s] -- Up-to-date: /home/sentry/Wolf-Moon/install/nav2_msgs/include/nav2_msgs/msg/rosidl_typesupport_fastrtps_cpp__visibility_control.h
[1.774s] -- Up-to-date: /home/sentry/Wolf-Moon/install/nav2_msgs/include/nav2_msgs/action
[1.775s] -- Up-to-date: /home/sentry/Wolf-Moon/install/nav2_msgs/include/nav2_msgs/action/detail
[1.775s] -- Up-to-date: /home/sentry/Wolf-Moon/install/nav2_msgs/include/nav2_msgs/action/detail/follow_waypoints__rosidl_typesupport_fastrtps_cpp.hpp
[1.775s] -- Up-to-date: /home/sentry/Wolf-Moon/install/nav2_msgs/include/nav2_msgs/action/detail/navigate_to_pose__rosidl_typesupport_fastrtps_cpp.hpp
[1.775s] -- Up-to-date: /home/sentry/Wolf-Moon/install/nav2_msgs/include/nav2_msgs/action/detail/back_up__rosidl_typesupport_fastrtps_cpp.hpp
[1.776s] -- Up-to-date: /home/sentry/Wolf-Moon/install/nav2_msgs/include/nav2_msgs/action/detail/follow_path__rosidl_typesupport_fastrtps_cpp.hpp
[1.776s] -- Up-to-date: /home/sentry/Wolf-Moon/install/nav2_msgs/include/nav2_msgs/action/detail/compute_path_to_pose__rosidl_typesupport_fastrtps_cpp.hpp
[1.776s] -- Up-to-date: /home/sentry/Wolf-Moon/install/nav2_msgs/include/nav2_msgs/action/detail/spin__rosidl_typesupport_fastrtps_cpp.hpp
[1.778s] -- Up-to-date: /home/sentry/Wolf-Moon/install/nav2_msgs/include/nav2_msgs/action/detail/compute_path_through_poses__rosidl_typesupport_fastrtps_cpp.hpp
[1.778s] -- Up-to-date: /home/sentry/Wolf-Moon/install/nav2_msgs/include/nav2_msgs/action/detail/dummy_recovery__rosidl_typesupport_fastrtps_cpp.hpp
[1.778s] -- Up-to-date: /home/sentry/Wolf-Moon/install/nav2_msgs/include/nav2_msgs/action/detail/navigate_through_poses__rosidl_typesupport_fastrtps_cpp.hpp
[1.779s] -- Up-to-date: /home/sentry/Wolf-Moon/install/nav2_msgs/include/nav2_msgs/action/detail/dds_fastrtps
[1.779s] -- Up-to-date: /home/sentry/Wolf-Moon/install/nav2_msgs/include/nav2_msgs/action/detail/wait__rosidl_typesupport_fastrtps_cpp.hpp
[1.779s] -- Up-to-date: /home/sentry/Wolf-Moon/install/nav2_msgs/include/nav2_msgs/srv
[1.779s] -- Up-to-date: /home/sentry/Wolf-Moon/install/nav2_msgs/include/nav2_msgs/srv/detail
[1.779s] -- Up-to-date: /home/sentry/Wolf-Moon/install/nav2_msgs/include/nav2_msgs/srv/detail/clear_entire_costmap__rosidl_typesupport_fastrtps_cpp.hpp
[1.779s] -- Up-to-date: /home/sentry/Wolf-Moon/install/nav2_msgs/include/nav2_msgs/srv/detail/save_map__rosidl_typesupport_fastrtps_cpp.hpp
[1.779s] -- Up-to-date: /home/sentry/Wolf-Moon/install/nav2_msgs/include/nav2_msgs/srv/detail/clear_costmap_around_robot__rosidl_typesupport_fastrtps_cpp.hpp
[1.779s] -- Up-to-date: /home/sentry/Wolf-Moon/install/nav2_msgs/include/nav2_msgs/srv/detail/get_costmap__rosidl_typesupport_fastrtps_cpp.hpp
[1.779s] -- Up-to-date: /home/sentry/Wolf-Moon/install/nav2_msgs/include/nav2_msgs/srv/detail/manage_lifecycle_nodes__rosidl_typesupport_fastrtps_cpp.hpp
[1.779s] -- Up-to-date: /home/sentry/Wolf-Moon/install/nav2_msgs/include/nav2_msgs/srv/detail/dds_fastrtps
[1.779s] -- Up-to-date: /home/sentry/Wolf-Moon/install/nav2_msgs/include/nav2_msgs/srv/detail/load_map__rosidl_typesupport_fastrtps_cpp.hpp
[1.779s] -- Up-to-date: /home/sentry/Wolf-Moon/install/nav2_msgs/include/nav2_msgs/srv/detail/clear_costmap_except_region__rosidl_typesupport_fastrtps_cpp.hpp
[1.779s] -- Up-to-date: /home/sentry/Wolf-Moon/install/nav2_msgs/lib/libnav2_msgs__rosidl_typesupport_fastrtps_cpp.so
[1.779s] -- Up-to-date: /home/sentry/Wolf-Moon/install/nav2_msgs/include/nav2_msgs
[1.780s] -- Up-to-date: /home/sentry/Wolf-Moon/install/nav2_msgs/include/nav2_msgs/msg
[1.780s] -- Up-to-date: /home/sentry/Wolf-Moon/install/nav2_msgs/include/nav2_msgs/msg/rosidl_typesupport_introspection_c__visibility_control.h
[1.780s] -- Up-to-date: /home/sentry/Wolf-Moon/install/nav2_msgs/include/nav2_msgs/msg/detail
[1.780s] -- Up-to-date: /home/sentry/Wolf-Moon/install/nav2_msgs/include/nav2_msgs/msg/detail/costmap__rosidl_typesupport_introspection_c.h
[1.780s] -- Up-to-date: /home/sentry/Wolf-Moon/install/nav2_msgs/include/nav2_msgs/msg/detail/voxel_grid__rosidl_typesupport_introspection_c.h
[1.780s] -- Up-to-date: /home/sentry/Wolf-Moon/install/nav2_msgs/include/nav2_msgs/msg/detail/costmap_filter_info__type_support.c
[1.780s] -- Up-to-date: /home/sentry/Wolf-Moon/install/nav2_msgs/include/nav2_msgs/msg/detail/voxel_grid__type_support.c
[1.780s] -- Up-to-date: /home/sentry/Wolf-Moon/install/nav2_msgs/include/nav2_msgs/msg/detail/behavior_tree_log__rosidl_typesupport_introspection_c.h
[1.780s] -- Up-to-date: /home/sentry/Wolf-Moon/install/nav2_msgs/include/nav2_msgs/msg/detail/particle_cloud__rosidl_typesupport_introspection_c.h
[1.780s] -- Up-to-date: /home/sentry/Wolf-Moon/install/nav2_msgs/include/nav2_msgs/msg/detail/costmap_meta_data__type_support.c
[1.780s] -- Up-to-date: /home/sentry/Wolf-Moon/install/nav2_msgs/include/nav2_msgs/msg/detail/behavior_tree_status_change__rosidl_typesupport_introspection_c.h
[1.780s] -- Up-to-date: /home/sentry/Wolf-Moon/install/nav2_msgs/include/nav2_msgs/msg/detail/costmap__type_support.c
[1.780s] -- Up-to-date: /home/sentry/Wolf-Moon/install/nav2_msgs/include/nav2_msgs/msg/detail/particle_cloud__type_support.c
[1.780s] -- Up-to-date: /home/sentry/Wolf-Moon/install/nav2_msgs/include/nav2_msgs/msg/detail/costmap_filter_info__rosidl_typesupport_introspection_c.h
[1.780s] -- Up-to-date: /home/sentry/Wolf-Moon/install/nav2_msgs/include/nav2_msgs/msg/detail/particle__rosidl_typesupport_introspection_c.h
[1.780s] -- Up-to-date: /home/sentry/Wolf-Moon/install/nav2_msgs/include/nav2_msgs/msg/detail/behavior_tree_status_change__type_support.c
[1.780s] -- Up-to-date: /home/sentry/Wolf-Moon/install/nav2_msgs/include/nav2_msgs/msg/detail/behavior_tree_log__type_support.c
[1.780s] -- Up-to-date: /home/sentry/Wolf-Moon/install/nav2_msgs/include/nav2_msgs/msg/detail/particle__type_support.c
[1.780s] -- Up-to-date: /home/sentry/Wolf-Moon/install/nav2_msgs/include/nav2_msgs/msg/detail/speed_limit__rosidl_typesupport_introspection_c.h
[1.781s] -- Up-to-date: /home/sentry/Wolf-Moon/install/nav2_msgs/include/nav2_msgs/msg/detail/speed_limit__type_support.c
[1.781s] -- Up-to-date: /home/sentry/Wolf-Moon/install/nav2_msgs/include/nav2_msgs/msg/detail/costmap_meta_data__rosidl_typesupport_introspection_c.h
[1.781s] -- Up-to-date: /home/sentry/Wolf-Moon/install/nav2_msgs/include/nav2_msgs/action
[1.781s] -- Up-to-date: /home/sentry/Wolf-Moon/install/nav2_msgs/include/nav2_msgs/action/detail
[1.781s] -- Up-to-date: /home/sentry/Wolf-Moon/install/nav2_msgs/include/nav2_msgs/action/detail/wait__rosidl_typesupport_introspection_c.h
[1.781s] -- Up-to-date: /home/sentry/Wolf-Moon/install/nav2_msgs/include/nav2_msgs/action/detail/navigate_through_poses__type_support.c
[1.781s] -- Up-to-date: /home/sentry/Wolf-Moon/install/nav2_msgs/include/nav2_msgs/action/detail/compute_path_to_pose__type_support.c
[1.781s] -- Up-to-date: /home/sentry/Wolf-Moon/install/nav2_msgs/include/nav2_msgs/action/detail/compute_path_through_poses__type_support.c
[1.781s] -- Up-to-date: /home/sentry/Wolf-Moon/install/nav2_msgs/include/nav2_msgs/action/detail/wait__type_support.c
[1.781s] -- Up-to-date: /home/sentry/Wolf-Moon/install/nav2_msgs/include/nav2_msgs/action/detail/spin__rosidl_typesupport_introspection_c.h
[1.781s] -- Up-to-date: /home/sentry/Wolf-Moon/install/nav2_msgs/include/nav2_msgs/action/detail/navigate_to_pose__rosidl_typesupport_introspection_c.h
[1.781s] -- Up-to-date: /home/sentry/Wolf-Moon/install/nav2_msgs/include/nav2_msgs/action/detail/navigate_to_pose__type_support.c
[1.781s] -- Up-to-date: /home/sentry/Wolf-Moon/install/nav2_msgs/include/nav2_msgs/action/detail/follow_waypoints__type_support.c
[1.781s] -- Up-to-date: /home/sentry/Wolf-Moon/install/nav2_msgs/include/nav2_msgs/action/detail/spin__type_support.c
[1.781s] -- Up-to-date: /home/sentry/Wolf-Moon/install/nav2_msgs/include/nav2_msgs/action/detail/navigate_through_poses__rosidl_typesupport_introspection_c.h
[1.781s] -- Up-to-date: /home/sentry/Wolf-Moon/install/nav2_msgs/include/nav2_msgs/action/detail/follow_path__rosidl_typesupport_introspection_c.h
[1.781s] -- Up-to-date: /home/sentry/Wolf-Moon/install/nav2_msgs/include/nav2_msgs/action/detail/follow_waypoints__rosidl_typesupport_introspection_c.h
[1.781s] -- Up-to-date: /home/sentry/Wolf-Moon/install/nav2_msgs/include/nav2_msgs/action/detail/dummy_recovery__rosidl_typesupport_introspection_c.h
[1.781s] -- Up-to-date: /home/sentry/Wolf-Moon/install/nav2_msgs/include/nav2_msgs/action/detail/compute_path_to_pose__rosidl_typesupport_introspection_c.h
[1.781s] -- Up-to-date: /home/sentry/Wolf-Moon/install/nav2_msgs/include/nav2_msgs/action/detail/dummy_recovery__type_support.c
[1.782s] -- Up-to-date: /home/sentry/Wolf-Moon/install/nav2_msgs/include/nav2_msgs/action/detail/back_up__rosidl_typesupport_introspection_c.h
[1.782s] -- Up-to-date: /home/sentry/Wolf-Moon/install/nav2_msgs/include/nav2_msgs/action/detail/back_up__type_support.c
[1.782s] -- Up-to-date: /home/sentry/Wolf-Moon/install/nav2_msgs/include/nav2_msgs/action/detail/compute_path_through_poses__rosidl_typesupport_introspection_c.h
[1.782s] -- Up-to-date: /home/sentry/Wolf-Moon/install/nav2_msgs/include/nav2_msgs/action/detail/follow_path__type_support.c
[1.782s] -- Up-to-date: /home/sentry/Wolf-Moon/install/nav2_msgs/include/nav2_msgs/srv
[1.782s] -- Up-to-date: /home/sentry/Wolf-Moon/install/nav2_msgs/include/nav2_msgs/srv/detail
[1.782s] -- Up-to-date: /home/sentry/Wolf-Moon/install/nav2_msgs/include/nav2_msgs/srv/detail/save_map__rosidl_typesupport_introspection_c.h
[1.782s] -- Up-to-date: /home/sentry/Wolf-Moon/install/nav2_msgs/include/nav2_msgs/srv/detail/clear_costmap_around_robot__rosidl_typesupport_introspection_c.h
[1.782s] -- Up-to-date: /home/sentry/Wolf-Moon/install/nav2_msgs/include/nav2_msgs/srv/detail/load_map__type_support.c
[1.782s] -- Up-to-date: /home/sentry/Wolf-Moon/install/nav2_msgs/include/nav2_msgs/srv/detail/manage_lifecycle_nodes__type_support.c
[1.782s] -- Up-to-date: /home/sentry/Wolf-Moon/install/nav2_msgs/include/nav2_msgs/srv/detail/clear_entire_costmap__type_support.c
[1.782s] -- Up-to-date: /home/sentry/Wolf-Moon/install/nav2_msgs/include/nav2_msgs/srv/detail/get_costmap__rosidl_typesupport_introspection_c.h
[1.782s] -- Up-to-date: /home/sentry/Wolf-Moon/install/nav2_msgs/include/nav2_msgs/srv/detail/manage_lifecycle_nodes__rosidl_typesupport_introspection_c.h
[1.782s] -- Up-to-date: /home/sentry/Wolf-Moon/install/nav2_msgs/include/nav2_msgs/srv/detail/clear_costmap_except_region__type_support.c
[1.782s] -- Up-to-date: /home/sentry/Wolf-Moon/install/nav2_msgs/include/nav2_msgs/srv/detail/clear_costmap_except_region__rosidl_typesupport_introspection_c.h
[1.782s] -- Up-to-date: /home/sentry/Wolf-Moon/install/nav2_msgs/include/nav2_msgs/srv/detail/load_map__rosidl_typesupport_introspection_c.h
[1.782s] -- Up-to-date: /home/sentry/Wolf-Moon/install/nav2_msgs/include/nav2_msgs/srv/detail/get_costmap__type_support.c
[1.782s] -- Up-to-date: /home/sentry/Wolf-Moon/install/nav2_msgs/include/nav2_msgs/srv/detail/clear_costmap_around_robot__type_support.c
[1.782s] -- Up-to-date: /home/sentry/Wolf-Moon/install/nav2_msgs/include/nav2_msgs/srv/detail/save_map__type_support.c
[1.782s] -- Up-to-date: /home/sentry/Wolf-Moon/install/nav2_msgs/include/nav2_msgs/srv/detail/clear_entire_costmap__rosidl_typesupport_introspection_c.h
[1.782s] -- Up-to-date: /home/sentry/Wolf-Moon/install/nav2_msgs/lib/libnav2_msgs__rosidl_typesupport_introspection_c.so
[1.783s] -- Up-to-date: /home/sentry/Wolf-Moon/install/nav2_msgs/lib/libnav2_msgs__rosidl_typesupport_c.so
[1.783s] -- Up-to-date: /home/sentry/Wolf-Moon/install/nav2_msgs/include/nav2_msgs
[1.783s] -- Up-to-date: /home/sentry/Wolf-Moon/install/nav2_msgs/include/nav2_msgs/msg
[1.783s] -- Up-to-date: /home/sentry/Wolf-Moon/install/nav2_msgs/include/nav2_msgs/msg/costmap_meta_data.hpp
[1.783s] -- Up-to-date: /home/sentry/Wolf-Moon/install/nav2_msgs/include/nav2_msgs/msg/particle_cloud.hpp
[1.783s] -- Up-to-date: /home/sentry/Wolf-Moon/install/nav2_msgs/include/nav2_msgs/msg/costmap.hpp
[1.783s] -- Up-to-date: /home/sentry/Wolf-Moon/install/nav2_msgs/include/nav2_msgs/msg/speed_limit.hpp
[1.783s] -- Up-to-date: /home/sentry/Wolf-Moon/install/nav2_msgs/include/nav2_msgs/msg/detail
[1.783s] -- Up-to-date: /home/sentry/Wolf-Moon/install/nav2_msgs/include/nav2_msgs/msg/detail/costmap_filter_info__traits.hpp
[1.783s] -- Up-to-date: /home/sentry/Wolf-Moon/install/nav2_msgs/include/nav2_msgs/msg/detail/costmap__traits.hpp
[1.783s] -- Up-to-date: /home/sentry/Wolf-Moon/install/nav2_msgs/include/nav2_msgs/msg/detail/behavior_tree_log__traits.hpp
[1.783s] -- Up-to-date: /home/sentry/Wolf-Moon/install/nav2_msgs/include/nav2_msgs/msg/detail/behavior_tree_log__builder.hpp
[1.783s] -- Up-to-date: /home/sentry/Wolf-Moon/install/nav2_msgs/include/nav2_msgs/msg/detail/costmap_meta_data__traits.hpp
[1.783s] -- Up-to-date: /home/sentry/Wolf-Moon/install/nav2_msgs/include/nav2_msgs/msg/detail/speed_limit__struct.hpp
[1.783s] -- Up-to-date: /home/sentry/Wolf-Moon/install/nav2_msgs/include/nav2_msgs/msg/detail/costmap__builder.hpp
[1.783s] -- Up-to-date: /home/sentry/Wolf-Moon/install/nav2_msgs/include/nav2_msgs/msg/detail/costmap__struct.hpp
[1.783s] -- Up-to-date: /home/sentry/Wolf-Moon/install/nav2_msgs/include/nav2_msgs/msg/detail/costmap_meta_data__builder.hpp
[1.783s] -- Up-to-date: /home/sentry/Wolf-Moon/install/nav2_msgs/include/nav2_msgs/msg/detail/costmap_filter_info__struct.hpp
[1.783s] -- Up-to-date: /home/sentry/Wolf-Moon/install/nav2_msgs/include/nav2_msgs/msg/detail/behavior_tree_log__struct.hpp
[1.783s] -- Up-to-date: /home/sentry/Wolf-Moon/install/nav2_msgs/include/nav2_msgs/msg/detail/behavior_tree_status_change__traits.hpp
[1.783s] -- Up-to-date: /home/sentry/Wolf-Moon/install/nav2_msgs/include/nav2_msgs/msg/detail/particle__builder.hpp
[1.783s] -- Up-to-date: /home/sentry/Wolf-Moon/install/nav2_msgs/include/nav2_msgs/msg/detail/behavior_tree_status_change__builder.hpp
[1.783s] -- Up-to-date: /home/sentry/Wolf-Moon/install/nav2_msgs/include/nav2_msgs/msg/detail/particle__struct.hpp
[1.784s] -- Up-to-date: /home/sentry/Wolf-Moon/install/nav2_msgs/include/nav2_msgs/msg/detail/costmap_filter_info__builder.hpp
[1.784s] -- Up-to-date: /home/sentry/Wolf-Moon/install/nav2_msgs/include/nav2_msgs/msg/detail/particle_cloud__traits.hpp
[1.784s] -- Up-to-date: /home/sentry/Wolf-Moon/install/nav2_msgs/include/nav2_msgs/msg/detail/voxel_grid__struct.hpp
[1.784s] -- Up-to-date: /home/sentry/Wolf-Moon/install/nav2_msgs/include/nav2_msgs/msg/detail/particle__traits.hpp
[1.784s] -- Up-to-date: /home/sentry/Wolf-Moon/install/nav2_msgs/include/nav2_msgs/msg/detail/voxel_grid__builder.hpp
[1.784s] -- Up-to-date: /home/sentry/Wolf-Moon/install/nav2_msgs/include/nav2_msgs/msg/detail/particle_cloud__builder.hpp
[1.784s] -- Up-to-date: /home/sentry/Wolf-Moon/install/nav2_msgs/include/nav2_msgs/msg/detail/particle_cloud__struct.hpp
[1.784s] -- Up-to-date: /home/sentry/Wolf-Moon/install/nav2_msgs/include/nav2_msgs/msg/detail/speed_limit__builder.hpp
[1.784s] -- Up-to-date: /home/sentry/Wolf-Moon/install/nav2_msgs/include/nav2_msgs/msg/detail/speed_limit__traits.hpp
[1.784s] -- Up-to-date: /home/sentry/Wolf-Moon/install/nav2_msgs/include/nav2_msgs/msg/detail/behavior_tree_status_change__struct.hpp
[1.784s] -- Up-to-date: /home/sentry/Wolf-Moon/install/nav2_msgs/include/nav2_msgs/msg/detail/voxel_grid__traits.hpp
[1.784s] -- Up-to-date: /home/sentry/Wolf-Moon/install/nav2_msgs/include/nav2_msgs/msg/detail/costmap_meta_data__struct.hpp
[1.784s] -- Up-to-date: /home/sentry/Wolf-Moon/install/nav2_msgs/include/nav2_msgs/msg/particle.hpp
[1.784s] -- Up-to-date: /home/sentry/Wolf-Moon/install/nav2_msgs/include/nav2_msgs/msg/behavior_tree_status_change.hpp
[1.784s] -- Up-to-date: /home/sentry/Wolf-Moon/install/nav2_msgs/include/nav2_msgs/msg/voxel_grid.hpp
[1.784s] -- Up-to-date: /home/sentry/Wolf-Moon/install/nav2_msgs/include/nav2_msgs/msg/costmap_filter_info.hpp
[1.784s] -- Up-to-date: /home/sentry/Wolf-Moon/install/nav2_msgs/include/nav2_msgs/msg/behavior_tree_log.hpp
[1.784s] -- Up-to-date: /home/sentry/Wolf-Moon/install/nav2_msgs/include/nav2_msgs/action
[1.784s] -- Up-to-date: /home/sentry/Wolf-Moon/install/nav2_msgs/include/nav2_msgs/action/follow_path.hpp
[1.784s] -- Up-to-date: /home/sentry/Wolf-Moon/install/nav2_msgs/include/nav2_msgs/action/navigate_to_pose.hpp
[1.784s] -- Up-to-date: /home/sentry/Wolf-Moon/install/nav2_msgs/include/nav2_msgs/action/follow_waypoints.hpp
[1.785s] -- Up-to-date: /home/sentry/Wolf-Moon/install/nav2_msgs/include/nav2_msgs/action/navigate_through_poses.hpp
[1.785s] -- Up-to-date: /home/sentry/Wolf-Moon/install/nav2_msgs/include/nav2_msgs/action/compute_path_to_pose.hpp
[1.785s] -- Up-to-date: /home/sentry/Wolf-Moon/install/nav2_msgs/include/nav2_msgs/action/dummy_recovery.hpp
[1.785s] -- Up-to-date: /home/sentry/Wolf-Moon/install/nav2_msgs/include/nav2_msgs/action/spin.hpp
[1.785s] -- Up-to-date: /home/sentry/Wolf-Moon/install/nav2_msgs/include/nav2_msgs/action/wait.hpp
[1.785s] -- Up-to-date: /home/sentry/Wolf-Moon/install/nav2_msgs/include/nav2_msgs/action/detail
[1.785s] -- Up-to-date: /home/sentry/Wolf-Moon/install/nav2_msgs/include/nav2_msgs/action/detail/navigate_to_pose__builder.hpp
[1.785s] -- Up-to-date: /home/sentry/Wolf-Moon/install/nav2_msgs/include/nav2_msgs/action/detail/follow_path__builder.hpp
[1.785s] -- Up-to-date: /home/sentry/Wolf-Moon/install/nav2_msgs/include/nav2_msgs/action/detail/spin__traits.hpp
[1.785s] -- Up-to-date: /home/sentry/Wolf-Moon/install/nav2_msgs/include/nav2_msgs/action/detail/compute_path_through_poses__struct.hpp
[1.785s] -- Up-to-date: /home/sentry/Wolf-Moon/install/nav2_msgs/include/nav2_msgs/action/detail/navigate_through_poses__traits.hpp
[1.785s] -- Up-to-date: /home/sentry/Wolf-Moon/install/nav2_msgs/include/nav2_msgs/action/detail/wait__builder.hpp
[1.785s] -- Up-to-date: /home/sentry/Wolf-Moon/install/nav2_msgs/include/nav2_msgs/action/detail/dummy_recovery__struct.hpp
[1.785s] -- Up-to-date: /home/sentry/Wolf-Moon/install/nav2_msgs/include/nav2_msgs/action/detail/compute_path_to_pose__builder.hpp
[1.785s] -- Up-to-date: /home/sentry/Wolf-Moon/install/nav2_msgs/include/nav2_msgs/action/detail/navigate_through_poses__struct.hpp
[1.785s] -- Up-to-date: /home/sentry/Wolf-Moon/install/nav2_msgs/include/nav2_msgs/action/detail/navigate_to_pose__traits.hpp
[1.785s] -- Up-to-date: /home/sentry/Wolf-Moon/install/nav2_msgs/include/nav2_msgs/action/detail/follow_path__traits.hpp
[1.785s] -- Up-to-date: /home/sentry/Wolf-Moon/install/nav2_msgs/include/nav2_msgs/action/detail/wait__struct.hpp
[1.786s] -- Up-to-date: /home/sentry/Wolf-Moon/install/nav2_msgs/include/nav2_msgs/action/detail/back_up__builder.hpp
[1.786s] -- Up-to-date: /home/sentry/Wolf-Moon/install/nav2_msgs/include/nav2_msgs/action/detail/wait__traits.hpp
[1.786s] -- Up-to-date: /home/sentry/Wolf-Moon/install/nav2_msgs/include/nav2_msgs/action/detail/spin__struct.hpp
[1.786s] -- Up-to-date: /home/sentry/Wolf-Moon/install/nav2_msgs/include/nav2_msgs/action/detail/spin__builder.hpp
[1.786s] -- Up-to-date: /home/sentry/Wolf-Moon/install/nav2_msgs/include/nav2_msgs/action/detail/navigate_through_poses__builder.hpp
[1.786s] -- Up-to-date: /home/sentry/Wolf-Moon/install/nav2_msgs/include/nav2_msgs/action/detail/follow_waypoints__struct.hpp
[1.786s] -- Up-to-date: /home/sentry/Wolf-Moon/install/nav2_msgs/include/nav2_msgs/action/detail/compute_path_through_poses__builder.hpp
[1.786s] -- Up-to-date: /home/sentry/Wolf-Moon/install/nav2_msgs/include/nav2_msgs/action/detail/compute_path_through_poses__traits.hpp
[1.786s] -- Up-to-date: /home/sentry/Wolf-Moon/install/nav2_msgs/include/nav2_msgs/action/detail/follow_path__struct.hpp
[1.786s] -- Up-to-date: /home/sentry/Wolf-Moon/install/nav2_msgs/include/nav2_msgs/action/detail/compute_path_to_pose__struct.hpp
[1.786s] -- Up-to-date: /home/sentry/Wolf-Moon/install/nav2_msgs/include/nav2_msgs/action/detail/dummy_recovery__traits.hpp
[1.786s] -- Up-to-date: /home/sentry/Wolf-Moon/install/nav2_msgs/include/nav2_msgs/action/detail/follow_waypoints__builder.hpp
[1.786s] -- Up-to-date: /home/sentry/Wolf-Moon/install/nav2_msgs/include/nav2_msgs/action/detail/follow_waypoints__traits.hpp
[1.786s] -- Up-to-date: /home/sentry/Wolf-Moon/install/nav2_msgs/include/nav2_msgs/action/detail/compute_path_to_pose__traits.hpp
[1.786s] -- Up-to-date: /home/sentry/Wolf-Moon/install/nav2_msgs/include/nav2_msgs/action/detail/back_up__struct.hpp
[1.786s] -- Up-to-date: /home/sentry/Wolf-Moon/install/nav2_msgs/include/nav2_msgs/action/detail/dummy_recovery__builder.hpp
[1.786s] -- Up-to-date: /home/sentry/Wolf-Moon/install/nav2_msgs/include/nav2_msgs/action/detail/back_up__traits.hpp
[1.786s] -- Up-to-date: /home/sentry/Wolf-Moon/install/nav2_msgs/include/nav2_msgs/action/detail/navigate_to_pose__struct.hpp
[1.786s] -- Up-to-date: /home/sentry/Wolf-Moon/install/nav2_msgs/include/nav2_msgs/action/compute_path_through_poses.hpp
[1.786s] -- Up-to-date: /home/sentry/Wolf-Moon/install/nav2_msgs/include/nav2_msgs/action/back_up.hpp
[1.786s] -- Up-to-date: /home/sentry/Wolf-Moon/install/nav2_msgs/include/nav2_msgs/srv
[1.787s] -- Up-to-date: /home/sentry/Wolf-Moon/install/nav2_msgs/include/nav2_msgs/srv/save_map.hpp
[1.787s] -- Up-to-date: /home/sentry/Wolf-Moon/install/nav2_msgs/include/nav2_msgs/srv/clear_entire_costmap.hpp
[1.787s] -- Up-to-date: /home/sentry/Wolf-Moon/install/nav2_msgs/include/nav2_msgs/srv/detail
[1.787s] -- Up-to-date: /home/sentry/Wolf-Moon/install/nav2_msgs/include/nav2_msgs/srv/detail/clear_entire_costmap__struct.hpp
[1.787s] -- Up-to-date: /home/sentry/Wolf-Moon/install/nav2_msgs/include/nav2_msgs/srv/detail/clear_costmap_except_region__struct.hpp
[1.787s] -- Up-to-date: /home/sentry/Wolf-Moon/install/nav2_msgs/include/nav2_msgs/srv/detail/load_map__builder.hpp
[1.787s] -- Up-to-date: /home/sentry/Wolf-Moon/install/nav2_msgs/include/nav2_msgs/srv/detail/clear_entire_costmap__traits.hpp
[1.787s] -- Up-to-date: /home/sentry/Wolf-Moon/install/nav2_msgs/include/nav2_msgs/srv/detail/save_map__traits.hpp
[1.787s] -- Up-to-date: /home/sentry/Wolf-Moon/install/nav2_msgs/include/nav2_msgs/srv/detail/clear_costmap_around_robot__traits.hpp
[1.787s] -- Up-to-date: /home/sentry/Wolf-Moon/install/nav2_msgs/include/nav2_msgs/srv/detail/clear_costmap_except_region__traits.hpp
[1.787s] -- Up-to-date: /home/sentry/Wolf-Moon/install/nav2_msgs/include/nav2_msgs/srv/detail/save_map__builder.hpp
[1.787s] -- Up-to-date: /home/sentry/Wolf-Moon/install/nav2_msgs/include/nav2_msgs/srv/detail/load_map__struct.hpp
[1.787s] -- Up-to-date: /home/sentry/Wolf-Moon/install/nav2_msgs/include/nav2_msgs/srv/detail/manage_lifecycle_nodes__builder.hpp
[1.787s] -- Up-to-date: /home/sentry/Wolf-Moon/install/nav2_msgs/include/nav2_msgs/srv/detail/clear_entire_costmap__builder.hpp
[1.787s] -- Up-to-date: /home/sentry/Wolf-Moon/install/nav2_msgs/include/nav2_msgs/srv/detail/load_map__traits.hpp
[1.787s] -- Up-to-date: /home/sentry/Wolf-Moon/install/nav2_msgs/include/nav2_msgs/srv/detail/manage_lifecycle_nodes__traits.hpp
[1.787s] -- Up-to-date: /home/sentry/Wolf-Moon/install/nav2_msgs/include/nav2_msgs/srv/detail/clear_costmap_around_robot__builder.hpp
[1.787s] -- Up-to-date: /home/sentry/Wolf-Moon/install/nav2_msgs/include/nav2_msgs/srv/detail/get_costmap__traits.hpp
[1.787s] -- Up-to-date: /home/sentry/Wolf-Moon/install/nav2_msgs/include/nav2_msgs/srv/detail/manage_lifecycle_nodes__struct.hpp
[1.787s] -- Up-to-date: /home/sentry/Wolf-Moon/install/nav2_msgs/include/nav2_msgs/srv/detail/get_costmap__struct.hpp
[1.787s] -- Up-to-date: /home/sentry/Wolf-Moon/install/nav2_msgs/include/nav2_msgs/srv/detail/clear_costmap_except_region__builder.hpp
[1.787s] -- Up-to-date: /home/sentry/Wolf-Moon/install/nav2_msgs/include/nav2_msgs/srv/detail/get_costmap__builder.hpp
[1.787s] -- Up-to-date: /home/sentry/Wolf-Moon/install/nav2_msgs/include/nav2_msgs/srv/detail/save_map__struct.hpp
[1.787s] -- Up-to-date: /home/sentry/Wolf-Moon/install/nav2_msgs/include/nav2_msgs/srv/detail/clear_costmap_around_robot__struct.hpp
[1.788s] -- Up-to-date: /home/sentry/Wolf-Moon/install/nav2_msgs/include/nav2_msgs/srv/clear_costmap_around_robot.hpp
[1.788s] -- Up-to-date: /home/sentry/Wolf-Moon/install/nav2_msgs/include/nav2_msgs/srv/manage_lifecycle_nodes.hpp
[1.788s] -- Up-to-date: /home/sentry/Wolf-Moon/install/nav2_msgs/include/nav2_msgs/srv/clear_costmap_except_region.hpp
[1.788s] -- Up-to-date: /home/sentry/Wolf-Moon/install/nav2_msgs/include/nav2_msgs/srv/get_costmap.hpp
[1.788s] -- Up-to-date: /home/sentry/Wolf-Moon/install/nav2_msgs/include/nav2_msgs/srv/load_map.hpp
[1.788s] -- Up-to-date: /home/sentry/Wolf-Moon/install/nav2_msgs/include/nav2_msgs
[1.788s] -- Up-to-date: /home/sentry/Wolf-Moon/install/nav2_msgs/include/nav2_msgs/msg
[1.788s] -- Up-to-date: /home/sentry/Wolf-Moon/install/nav2_msgs/include/nav2_msgs/msg/detail
[1.788s] -- Up-to-date: /home/sentry/Wolf-Moon/install/nav2_msgs/include/nav2_msgs/msg/detail/speed_limit__type_support.cpp
[1.788s] -- Up-to-date: /home/sentry/Wolf-Moon/install/nav2_msgs/include/nav2_msgs/msg/detail/behavior_tree_log__type_support.cpp
[1.788s] -- Up-to-date: /home/sentry/Wolf-Moon/install/nav2_msgs/include/nav2_msgs/msg/detail/costmap_filter_info__type_support.cpp
[1.788s] -- Up-to-date: /home/sentry/Wolf-Moon/install/nav2_msgs/include/nav2_msgs/msg/detail/speed_limit__rosidl_typesupport_introspection_cpp.hpp
[1.788s] -- Up-to-date: /home/sentry/Wolf-Moon/install/nav2_msgs/include/nav2_msgs/msg/detail/costmap_meta_data__type_support.cpp
[1.788s] -- Up-to-date: /home/sentry/Wolf-Moon/install/nav2_msgs/include/nav2_msgs/msg/detail/behavior_tree_status_change__type_support.cpp
[1.788s] -- Up-to-date: /home/sentry/Wolf-Moon/install/nav2_msgs/include/nav2_msgs/msg/detail/particle__rosidl_typesupport_introspection_cpp.hpp
[1.788s] -- Up-to-date: /home/sentry/Wolf-Moon/install/nav2_msgs/include/nav2_msgs/msg/detail/behavior_tree_log__rosidl_typesupport_introspection_cpp.hpp
[1.788s] -- Up-to-date: /home/sentry/Wolf-Moon/install/nav2_msgs/include/nav2_msgs/msg/detail/particle_cloud__rosidl_typesupport_introspection_cpp.hpp
[1.788s] -- Up-to-date: /home/sentry/Wolf-Moon/install/nav2_msgs/include/nav2_msgs/msg/detail/costmap_filter_info__rosidl_typesupport_introspection_cpp.hpp
[1.788s] -- Up-to-date: /home/sentry/Wolf-Moon/install/nav2_msgs/include/nav2_msgs/msg/detail/particle__type_support.cpp
[1.788s] -- Up-to-date: /home/sentry/Wolf-Moon/install/nav2_msgs/include/nav2_msgs/msg/detail/costmap__type_support.cpp
[1.788s] -- Up-to-date: /home/sentry/Wolf-Moon/install/nav2_msgs/include/nav2_msgs/msg/detail/particle_cloud__type_support.cpp
[1.788s] -- Up-to-date: /home/sentry/Wolf-Moon/install/nav2_msgs/include/nav2_msgs/msg/detail/voxel_grid__rosidl_typesupport_introspection_cpp.hpp
[1.789s] -- Up-to-date: /home/sentry/Wolf-Moon/install/nav2_msgs/include/nav2_msgs/msg/detail/costmap_meta_data__rosidl_typesupport_introspection_cpp.hpp
[1.789s] -- Up-to-date: /home/sentry/Wolf-Moon/install/nav2_msgs/include/nav2_msgs/msg/detail/behavior_tree_status_change__rosidl_typesupport_introspection_cpp.hpp
[1.789s] -- Up-to-date: /home/sentry/Wolf-Moon/install/nav2_msgs/include/nav2_msgs/msg/detail/costmap__rosidl_typesupport_introspection_cpp.hpp
[1.789s] -- Up-to-date: /home/sentry/Wolf-Moon/install/nav2_msgs/include/nav2_msgs/msg/detail/voxel_grid__type_support.cpp
[1.789s] -- Up-to-date: /home/sentry/Wolf-Moon/install/nav2_msgs/include/nav2_msgs/action
[1.789s] -- Up-to-date: /home/sentry/Wolf-Moon/install/nav2_msgs/include/nav2_msgs/action/detail
[1.789s] -- Up-to-date: /home/sentry/Wolf-Moon/install/nav2_msgs/include/nav2_msgs/action/detail/spin__type_support.cpp
[1.789s] -- Up-to-date: /home/sentry/Wolf-Moon/install/nav2_msgs/include/nav2_msgs/action/detail/dummy_recovery__type_support.cpp
[1.789s] -- Up-to-date: /home/sentry/Wolf-Moon/install/nav2_msgs/include/nav2_msgs/action/detail/compute_path_through_poses__type_support.cpp
[1.789s] -- Up-to-date: /home/sentry/Wolf-Moon/install/nav2_msgs/include/nav2_msgs/action/detail/navigate_through_poses__rosidl_typesupport_introspection_cpp.hpp
[1.789s] -- Up-to-date: /home/sentry/Wolf-Moon/install/nav2_msgs/include/nav2_msgs/action/detail/wait__type_support.cpp
[1.789s] -- Up-to-date: /home/sentry/Wolf-Moon/install/nav2_msgs/include/nav2_msgs/action/detail/back_up__type_support.cpp
[1.789s] -- Up-to-date: /home/sentry/Wolf-Moon/install/nav2_msgs/include/nav2_msgs/action/detail/navigate_to_pose__rosidl_typesupport_introspection_cpp.hpp
[1.789s] -- Up-to-date: /home/sentry/Wolf-Moon/install/nav2_msgs/include/nav2_msgs/action/detail/follow_path__type_support.cpp
[1.789s] -- Up-to-date: /home/sentry/Wolf-Moon/install/nav2_msgs/include/nav2_msgs/action/detail/navigate_to_pose__type_support.cpp
[1.790s] -- Up-to-date: /home/sentry/Wolf-Moon/install/nav2_msgs/include/nav2_msgs/action/detail/spin__rosidl_typesupport_introspection_cpp.hpp
[1.790s] -- Up-to-date: /home/sentry/Wolf-Moon/install/nav2_msgs/include/nav2_msgs/action/detail/compute_path_to_pose__type_support.cpp
[1.790s] -- Up-to-date: /home/sentry/Wolf-Moon/install/nav2_msgs/include/nav2_msgs/action/detail/wait__rosidl_typesupport_introspection_cpp.hpp
[1.790s] -- Up-to-date: /home/sentry/Wolf-Moon/install/nav2_msgs/include/nav2_msgs/action/detail/follow_path__rosidl_typesupport_introspection_cpp.hpp
[1.790s] -- Up-to-date: /home/sentry/Wolf-Moon/install/nav2_msgs/include/nav2_msgs/action/detail/compute_path_through_poses__rosidl_typesupport_introspection_cpp.hpp
[1.790s] -- Up-to-date: /home/sentry/Wolf-Moon/install/nav2_msgs/include/nav2_msgs/action/detail/navigate_through_poses__type_support.cpp
[1.790s] -- Up-to-date: /home/sentry/Wolf-Moon/install/nav2_msgs/include/nav2_msgs/action/detail/follow_waypoints__rosidl_typesupport_introspection_cpp.hpp
[1.790s] -- Up-to-date: /home/sentry/Wolf-Moon/install/nav2_msgs/include/nav2_msgs/action/detail/back_up__rosidl_typesupport_introspection_cpp.hpp
[1.790s] -- Up-to-date: /home/sentry/Wolf-Moon/install/nav2_msgs/include/nav2_msgs/action/detail/follow_waypoints__type_support.cpp
[1.790s] -- Up-to-date: /home/sentry/Wolf-Moon/install/nav2_msgs/include/nav2_msgs/action/detail/dummy_recovery__rosidl_typesupport_introspection_cpp.hpp
[1.790s] -- Up-to-date: /home/sentry/Wolf-Moon/install/nav2_msgs/include/nav2_msgs/action/detail/compute_path_to_pose__rosidl_typesupport_introspection_cpp.hpp
[1.790s] -- Up-to-date: /home/sentry/Wolf-Moon/install/nav2_msgs/include/nav2_msgs/srv
[1.790s] -- Up-to-date: /home/sentry/Wolf-Moon/install/nav2_msgs/include/nav2_msgs/srv/detail
[1.790s] -- Up-to-date: /home/sentry/Wolf-Moon/install/nav2_msgs/include/nav2_msgs/srv/detail/clear_costmap_around_robot__type_support.cpp
[1.790s] -- Up-to-date: /home/sentry/Wolf-Moon/install/nav2_msgs/include/nav2_msgs/srv/detail/get_costmap__type_support.cpp
[1.790s] -- Up-to-date: /home/sentry/Wolf-Moon/install/nav2_msgs/include/nav2_msgs/srv/detail/load_map__rosidl_typesupport_introspection_cpp.hpp
[1.790s] -- Up-to-date: /home/sentry/Wolf-Moon/install/nav2_msgs/include/nav2_msgs/srv/detail/manage_lifecycle_nodes__type_support.cpp
[1.791s] -- Up-to-date: /home/sentry/Wolf-Moon/install/nav2_msgs/include/nav2_msgs/srv/detail/manage_lifecycle_nodes__rosidl_typesupport_introspection_cpp.hpp
[1.791s] -- Up-to-date: /home/sentry/Wolf-Moon/install/nav2_msgs/include/nav2_msgs/srv/detail/save_map__type_support.cpp
[1.791s] -- Up-to-date: /home/sentry/Wolf-Moon/install/nav2_msgs/include/nav2_msgs/srv/detail/load_map__type_support.cpp
[1.791s] -- Up-to-date: /home/sentry/Wolf-Moon/install/nav2_msgs/include/nav2_msgs/srv/detail/clear_costmap_except_region__type_support.cpp
[1.791s] -- Up-to-date: /home/sentry/Wolf-Moon/install/nav2_msgs/include/nav2_msgs/srv/detail/clear_entire_costmap__type_support.cpp
[1.791s] -- Up-to-date: /home/sentry/Wolf-Moon/install/nav2_msgs/include/nav2_msgs/srv/detail/save_map__rosidl_typesupport_introspection_cpp.hpp
[1.791s] -- Up-to-date: /home/sentry/Wolf-Moon/install/nav2_msgs/include/nav2_msgs/srv/detail/get_costmap__rosidl_typesupport_introspection_cpp.hpp
[1.791s] -- Up-to-date: /home/sentry/Wolf-Moon/install/nav2_msgs/include/nav2_msgs/srv/detail/clear_costmap_around_robot__rosidl_typesupport_introspection_cpp.hpp
[1.791s] -- Up-to-date: /home/sentry/Wolf-Moon/install/nav2_msgs/include/nav2_msgs/srv/detail/clear_entire_costmap__rosidl_typesupport_introspection_cpp.hpp
[1.791s] -- Up-to-date: /home/sentry/Wolf-Moon/install/nav2_msgs/include/nav2_msgs/srv/detail/clear_costmap_except_region__rosidl_typesupport_introspection_cpp.hpp
[1.791s] -- Up-to-date: /home/sentry/Wolf-Moon/install/nav2_msgs/lib/libnav2_msgs__rosidl_typesupport_introspection_cpp.so
[1.791s] -- Up-to-date: /home/sentry/Wolf-Moon/install/nav2_msgs/lib/libnav2_msgs__rosidl_typesupport_cpp.so
[1.791s] -- Up-to-date: /home/sentry/Wolf-Moon/install/nav2_msgs/share/nav2_msgs/environment/pythonpath.sh
[1.791s] -- Up-to-date: /home/sentry/Wolf-Moon/install/nav2_msgs/share/nav2_msgs/environment/pythonpath.dsv
[1.791s] -- Up-to-date: /home/sentry/Wolf-Moon/install/nav2_msgs/lib/python3.8/site-packages/nav2_msgs/__init__.py
