[0.064s] Invoking command in '/home/sentry/Wolf-Moon/build/ig_lio_c': AMENT_PREFIX_PATH=/home/sentry/Wolf-Moon/install/grid_map_pcl:/home/sentry/Wolf-Moon/install/grid_map_filters:/home/sentry/Wolf-Moon/install/nav2_map_server:/home/sentry/Wolf-Moon/install/grid_map_ros:/home/sentry/Wolf-Moon/install/nav2_util:/home/sentry/Wolf-Moon/install/grid_map_cv:/home/sentry/Wolf-Moon/install/nav2_msgs:/home/sentry/Wolf-Moon/install/grid_map_msgs:/home/sentry/Wolf-Moon/install/grid_map_core:/home/sentry/Wolf-Moon/install/nav2_common:/home/sentry/Wolf-Moon/install/livox_ros_driver2:/home/sentry/Wolf-Moon/install/ig_lio_c_msgs:/home/sentry/Wolf-Moon/install/grid_map_cmake_helpers:/home/sentry/Wolf-Moon/install/cv_bridge:${AMENT_PREFIX_PATH} CMAKE_PREFIX_PATH=/home/sentry/Wolf-Moon/install/grid_map_pcl:/home/sentry/Wolf-Moon/install/grid_map_filters:/home/sentry/Wolf-Moon/install/nav2_map_server:/home/sentry/Wolf-Moon/install/grid_map_ros:/home/sentry/Wolf-Moon/install/nav2_util:/home/sentry/Wolf-Moon/install/grid_map_cv:/home/sentry/Wolf-Moon/install/nav2_msgs:/home/sentry/Wolf-Moon/install/grid_map_msgs:/home/sentry/Wolf-Moon/install/grid_map_core:/home/sentry/Wolf-Moon/install/nav2_common:/home/sentry/Wolf-Moon/install/livox_ros_driver2:/home/sentry/Wolf-Moon/install/ig_lio_c_msgs:/home/sentry/Wolf-Moon/install/grid_map_cmake_helpers:/home/sentry/Wolf-Moon/install/cv_bridge:/opt/ros/galactic LD_LIBRARY_PATH=/home/sentry/Wolf-Moon/install/grid_map_pcl/lib:/home/sentry/Wolf-Moon/install/grid_map_filters/lib:/home/sentry/Wolf-Moon/install/nav2_map_server/lib:/home/sentry/Wolf-Moon/install/grid_map_ros/lib:/home/sentry/Wolf-Moon/install/nav2_util/lib:/home/sentry/Wolf-Moon/install/grid_map_cv/lib:/home/sentry/Wolf-Moon/install/nav2_msgs/lib:/home/sentry/Wolf-Moon/install/grid_map_msgs/lib:/home/sentry/Wolf-Moon/install/grid_map_core/lib:/home/sentry/Wolf-Moon/install/livox_ros_driver2/lib:/home/sentry/Wolf-Moon/install/ig_lio_c_msgs/lib:/home/sentry/Wolf-Moon/install/cv_bridge/lib:/opt/MVS/lib/64:/opt/MVS/lib/32:/home/sentry/TUP2024-Sentry-Framework/src/IG_LIO_SLAM/ThirdParty/octomap-Dynamic_point_cloud_removal/lib:/opt/intel/openvino_2022/tools/compile_tool:/opt/intel/openvino_2022/runtime/3rdparty/hddl/lib:/opt/intel/openvino_2022/runtime/lib/intel64:/opt/MVS/lib/64:/opt/MVS/lib/32:/usr/lib/x86_64-linux-gnu/gazebo-11/plugins:/opt/ros/galactic/opt/yaml_cpp_vendor/lib:/opt/ros/galactic/opt/rviz_ogre_vendor/lib:/opt/ros/galactic/lib/x86_64-linux-gnu:/opt/ros/galactic/lib:/home/sentry/TUP2024-Sentry-Framework/src/IG_LIO_SLAM/ThirdParty/octomap-Dynamic_point_cloud_removal/lib:/opt/intel/openvino_2022/tools/compile_tool:/opt/intel/openvino_2022/runtime/3rdparty/hddl/lib:/opt/intel/openvino_2022/runtime/lib/intel64:/opt/MVS/lib/64:/opt/MVS/lib/32:/opt/MVS/lib/64:/opt/MVS/lib/32:/usr/local/opencv4/lib:/usr/local/opencv4/lib PYTHONPATH=/home/sentry/Wolf-Moon/install/nav2_msgs/lib/python3.8/site-packages:/home/sentry/Wolf-Moon/install/grid_map_msgs/lib/python3.8/site-packages:/home/sentry/Wolf-Moon/install/nav2_common/lib/python3.8/site-packages:/home/sentry/Wolf-Moon/install/livox_ros_driver2/lib/python3.8/site-packages:/home/sentry/Wolf-Moon/install/ig_lio_c_msgs/lib/python3.8/site-packages:/home/sentry/Wolf-Moon/install/cv_bridge/lib/python3.8/site-packages:/opt/intel/openvino_2022/python/python3.8:/opt/intel/openvino_2022/python/python3:/opt/ros/galactic/lib/python3.8/site-packages:/opt/intel/openvino_2022/python/python3.8:/opt/intel/openvino_2022/python/python3 /usr/bin/cmake --build /home/sentry/Wolf-Moon/build/ig_lio_c -- -j12 -l12
[0.109s] -- Found ament_cmake: 1.1.6 (/opt/ros/galactic/share/ament_cmake/cmake)
[0.143s] -- Using PYTHON_EXECUTABLE: /usr/bin/python3
[0.236s] -- Found rclcpp: 9.2.2 (/opt/ros/galactic/share/rclcpp/cmake)
[0.285s] -- Using all available rosidl_typesupport_c: rosidl_typesupport_fastrtps_c;rosidl_typesupport_introspection_c
[0.289s] -- Found rosidl_adapter: 2.2.3 (/opt/ros/galactic/share/rosidl_adapter/cmake)
[0.452s] -- Using all available rosidl_typesupport_cpp: rosidl_typesupport_fastrtps_cpp;rosidl_typesupport_introspection_cpp
[0.519s] -- Found rmw_implementation_cmake: 3.3.1 (/opt/ros/galactic/share/rmw_implementation_cmake/cmake)
[0.522s] -- Found rmw_cyclonedds_cpp: 0.22.6 (/opt/ros/galactic/share/rmw_cyclonedds_cpp/cmake)
[0.548s] -- Using RMW implementation 'rmw_cyclonedds_cpp' as default
[0.675s] -- Found rclcpp_components: 9.2.2 (/opt/ros/galactic/share/rclcpp_components/cmake)
[0.740s] -- Found tf2: 0.17.5 (/opt/ros/galactic/share/tf2/cmake)
[0.791s] -- Found tf2_ros: 0.17.5 (/opt/ros/galactic/share/tf2_ros/cmake)
[1.069s] -- Found pcl_ros: 2.3.2 (/opt/ros/galactic/share/pcl_ros/cmake)
[1.324s] -- Found eigen3_cmake_module: 0.1.1 (/opt/ros/galactic/share/eigen3_cmake_module/cmake)
[1.325s] -- Found Eigen3: TRUE (found version "3.3.7") 
[1.365s] -- Eigen found (include: /usr/include/eigen3, version: 3.3.7)
[1.463s] -- The imported target "vtkParseOGLExt" references the file
[1.463s]    "/usr/bin/vtkParseOGLExt-7.1"
[1.463s] but this file does not exist.  Possible reasons include:
[1.463s] * The file was deleted, renamed, or moved to another location.
[1.463s] * An install or uninstall procedure did not complete successfully.
[1.463s] * The installation package was faulty and contained
[1.463s]    "/usr/lib/cmake/vtk-7.1/VTKTargets.cmake"
[1.464s] but not all the files it references.
[1.464s] 
[1.464s] -- The imported target "vtkRenderingPythonTkWidgets" references the file
[1.464s]    "/usr/lib/x86_64-linux-gnu/libvtkRenderingPythonTkWidgets.so"
[1.464s] but this file does not exist.  Possible reasons include:
[1.464s] * The file was deleted, renamed, or moved to another location.
[1.465s] * An install or uninstall procedure did not complete successfully.
[1.465s] * The installation package was faulty and contained
[1.465s]    "/usr/lib/cmake/vtk-7.1/VTKTargets.cmake"
[1.465s] but not all the files it references.
[1.465s] 
[1.465s] -- The imported target "vtk" references the file
[1.465s]    "/usr/bin/vtk"
[1.465s] but this file does not exist.  Possible reasons include:
[1.465s] * The file was deleted, renamed, or moved to another location.
[1.465s] * An install or uninstall procedure did not complete successfully.
[1.465s] * The installation package was faulty and contained
[1.466s]    "/usr/lib/cmake/vtk-7.1/VTKTargets.cmake"
[1.466s] but not all the files it references.
[1.466s] 
[1.466s] -- The imported target "pvtk" references the file
[1.466s]    "/usr/bin/pvtk"
[1.466s] but this file does not exist.  Possible reasons include:
[1.466s] * The file was deleted, renamed, or moved to another location.
[1.466s] * An install or uninstall procedure did not complete successfully.
[1.466s] * The installation package was faulty and contained
[1.466s]    "/usr/lib/cmake/vtk-7.1/VTKTargets.cmake"
[1.466s] but not all the files it references.
[1.466s] 
[1.488s] -- OpenNI found (include: /usr/include/ni, lib: /usr/lib/libOpenNI.so)
[1.494s] -- OpenNI2 found (include: /usr/include/openni2, lib: /usr/lib/libOpenNI2.so)
[1.508s] -- OpenNI found (include: /usr/include/ni, lib: /usr/lib/libOpenNI.so)
[1.515s] -- OpenNI2 found (include: /usr/include/openni2, lib: /usr/lib/libOpenNI2.so)
[1.526s] -- QHULL found (include: /usr/include, lib: optimized;/usr/lib/x86_64-linux-gnu/libqhull.so;debug;/usr/lib/x86_64-linux-gnu/libqhull.so)
[1.534s] -- OpenNI found (include: /usr/include/ni, lib: /usr/lib/libOpenNI.so)
[1.769s] -- Found nav_msgs: 2.2.4 (/opt/ros/galactic/share/nav_msgs/cmake)
[1.817s] -- Found visualization_msgs: 2.2.4 (/opt/ros/galactic/share/visualization_msgs/cmake)
[1.869s] -- Found livox_ros_driver2: 1.0.0 (/home/sentry/Wolf-Moon/install/livox_ros_driver2/share/livox_ros_driver2/cmake)
[1.972s] -- GTSAM include directory:  /usr/local/lib/cmake/GTSAM/../../../include
[1.973s] -- Found Eigen3: TRUE (found suitable version "3.3.7", minimum required is "3.3.7") 
[1.979s] -- Found grid_map_msgs: 2.0.0 (/home/sentry/Wolf-Moon/install/grid_map_msgs/share/grid_map_msgs/cmake)
[2.025s] -- Found grid_map_core: 2.0.0 (/home/sentry/Wolf-Moon/install/grid_map_core/share/grid_map_core/cmake)
[2.026s] -- Found grid_map_ros: 2.0.0 (/home/sentry/Wolf-Moon/install/grid_map_ros/share/grid_map_ros/cmake)
[2.390s] -- Found grid_map_pcl: 2.0.0 (/home/sentry/Wolf-Moon/install/grid_map_pcl/share/grid_map_pcl/cmake)
[2.391s] -- Found grid_map_filters: 2.0.0 (/home/sentry/Wolf-Moon/install/grid_map_filters/share/grid_map_filters/cmake)
[2.597s] -- Found ig_lio_c_msgs: 2.0.0 (/home/sentry/Wolf-Moon/install/ig_lio_c_msgs/share/ig_lio_c_msgs/cmake)
[2.654s] -- Found nav2_util: 1.0.12 (/home/sentry/Wolf-Moon/install/nav2_util/share/nav2_util/cmake)
[2.909s] -- Found nav2_map_server: 1.0.12 (/home/sentry/Wolf-Moon/install/nav2_map_server/share/nav2_map_server/cmake)
[9.204s] -- Found ament_lint_auto: 0.10.7 (/opt/ros/galactic/share/ament_lint_auto/cmake)
[9.253s] -- Added test 'copyright' to check source files copyright and LICENSE
[9.254s] -- Added test 'cppcheck' to perform static code analysis on C / C++ code
[9.256s] -- Configured cppcheck include dirs: /home/sentry/Wolf-Moon/src/localization_mapping/include
[9.256s] -- Configured cppcheck exclude dirs and/or files: 
[9.257s] -- Added test 'cpplint' to check C / C++ code against the Google style
[9.257s] -- Configured cpplint exclude dirs and/or files: 
[9.258s] -- Added test 'flake8' to check Python code syntax and style conventions
[9.258s] -- Added test 'lint_cmake' to check CMake code style
[9.258s] -- Added test 'pep257' to check Python code against some of the style conventions in PEP 257
[9.260s] -- Added test 'uncrustify' to check C / C++ code style
[9.260s] -- Configured uncrustify additional arguments: 
[9.260s] -- Added test 'xmllint' to check XML markup files
[9.264s] -- Configuring done
[9.418s] -- Generating done
[9.503s] -- Build files have been written to: /home/sentry/Wolf-Moon/build/ig_lio_c
[9.562s] [35m[1mScanning dependencies of target map_builder_node[0m
[9.579s] [ 20%] Built target map_converter_node
[9.637s] [ 30%] [32mBuilding CXX object CMakeFiles/map_builder_node.dir/src/map_builder_node.cpp.o[0m
[16.778s] In file included from [01m[K/home/sentry/Wolf-Moon/src/localization_mapping/src/../include/map_builder_node.hpp:40[m[K,
[16.778s]                  from [01m[K/home/sentry/Wolf-Moon/src/localization_mapping/src/map_builder_node.cpp:1[m[K:
[16.778s] [01m[K/home/sentry/Wolf-Moon/src/localization_mapping/src/../include/./ig_lio_c/icp_localizer.hpp:[m[K In constructor ‘[01m[KIG_LIO::IcpLocalizer::IcpLocalizer()[m[K’:
[16.778s] [01m[K/home/sentry/Wolf-Moon/src/localization_mapping/src/../include/./ig_lio_c/icp_localizer.hpp:30:16:[m[K [01;35m[Kwarning: [m[K‘[01m[KIG_LIO::IcpLocalizer::refine_resolution_[m[K’ will be initialized after [[01;35m[K-Wreorder[m[K]
[16.778s]    30 |         double [01;35m[Krefine_resolution_[m[K;
[16.778s]       |                [01;35m[K^~~~~~~~~~~~~~~~~~[m[K
[16.778s] [01m[K/home/sentry/Wolf-Moon/src/localization_mapping/src/../include/./ig_lio_c/icp_localizer.hpp:29:16:[m[K [01;35m[Kwarning: [m[K  ‘[01m[Kdouble IG_LIO::IcpLocalizer::rough_resolution_[m[K’ [[01;35m[K-Wreorder[m[K]
[16.778s]    29 |         double [01;35m[Krough_resolution_[m[K;
[16.778s]       |                [01;35m[K^~~~~~~~~~~~~~~~~[m[K
[16.778s] [01m[K/home/sentry/Wolf-Moon/src/localization_mapping/src/../include/./ig_lio_c/icp_localizer.hpp:36:9:[m[K [01;35m[Kwarning: [m[K  when initialized here [[01;35m[K-Wreorder[m[K]
[16.778s]    36 |         [01;35m[KIcpLocalizer[m[K()
[16.779s]       |         [01;35m[K^~~~~~~~~~~~[m[K
[16.779s] [01m[K/home/sentry/Wolf-Moon/src/localization_mapping/src/../include/./ig_lio_c/icp_localizer.hpp:32:13:[m[K [01;35m[Kwarning: [m[K‘[01m[KIG_LIO::IcpLocalizer::refine_iter_[m[K’ will be initialized after [[01;35m[K-Wreorder[m[K]
[16.779s]    32 |         int [01;35m[Krefine_iter_[m[K;
[16.779s]       |             [01;35m[K^~~~~~~~~~~~[m[K
[16.779s] [01m[K/home/sentry/Wolf-Moon/src/localization_mapping/src/../include/./ig_lio_c/icp_localizer.hpp:31:13:[m[K [01;35m[Kwarning: [m[K  ‘[01m[Kint IG_LIO::IcpLocalizer::rough_iter_[m[K’ [[01;35m[K-Wreorder[m[K]
[16.779s]    31 |         int [01;35m[Krough_iter_[m[K;
[16.779s]       |             [01;35m[K^~~~~~~~~~~[m[K
[16.779s] [01m[K/home/sentry/Wolf-Moon/src/localization_mapping/src/../include/./ig_lio_c/icp_localizer.hpp:36:9:[m[K [01;35m[Kwarning: [m[K  when initialized here [[01;35m[K-Wreorder[m[K]
[16.779s]    36 |         [01;35m[KIcpLocalizer[m[K()
[16.779s]       |         [01;35m[K^~~~~~~~~~~~[m[K
[16.780s] [01m[K/home/sentry/Wolf-Moon/src/localization_mapping/src/../include/./ig_lio_c/icp_localizer.hpp:[m[K In constructor ‘[01m[KIG_LIO::IcpLocalizer::IcpLocalizer(double, double, int, int, double)[m[K’:
[16.780s] [01m[K/home/sentry/Wolf-Moon/src/localization_mapping/src/../include/./ig_lio_c/icp_localizer.hpp:30:16:[m[K [01;35m[Kwarning: [m[K‘[01m[KIG_LIO::IcpLocalizer::refine_resolution_[m[K’ will be initialized after [[01;35m[K-Wreorder[m[K]
[16.780s]    30 |         double [01;35m[Krefine_resolution_[m[K;
[16.780s]       |                [01;35m[K^~~~~~~~~~~~~~~~~~[m[K
[16.780s] [01m[K/home/sentry/Wolf-Moon/src/localization_mapping/src/../include/./ig_lio_c/icp_localizer.hpp:29:16:[m[K [01;35m[Kwarning: [m[K  ‘[01m[Kdouble IG_LIO::IcpLocalizer::rough_resolution_[m[K’ [[01;35m[K-Wreorder[m[K]
[16.780s]    29 |         double [01;35m[Krough_resolution_[m[K;
[16.780s]       |                [01;35m[K^~~~~~~~~~~~~~~~~[m[K
[16.780s] [01m[K/home/sentry/Wolf-Moon/src/localization_mapping/src/../include/./ig_lio_c/icp_localizer.hpp:46:9:[m[K [01;35m[Kwarning: [m[K  when initialized here [[01;35m[K-Wreorder[m[K]
[16.780s]    46 |         [01;35m[KIcpLocalizer[m[K(double refine_resolution, double rough_resolution, int refine_iter, int rough_iter, double thresh)
[16.780s]       |         [01;35m[K^~~~~~~~~~~~[m[K
[16.780s] [01m[K/home/sentry/Wolf-Moon/src/localization_mapping/src/../include/./ig_lio_c/icp_localizer.hpp:32:13:[m[K [01;35m[Kwarning: [m[K‘[01m[KIG_LIO::IcpLocalizer::refine_iter_[m[K’ will be initialized after [[01;35m[K-Wreorder[m[K]
[16.780s]    32 |         int [01;35m[Krefine_iter_[m[K;
[16.780s]       |             [01;35m[K^~~~~~~~~~~~[m[K
[16.780s] [01m[K/home/sentry/Wolf-Moon/src/localization_mapping/src/../include/./ig_lio_c/icp_localizer.hpp:31:13:[m[K [01;35m[Kwarning: [m[K  ‘[01m[Kint IG_LIO::IcpLocalizer::rough_iter_[m[K’ [[01;35m[K-Wreorder[m[K]
[16.780s]    31 |         int [01;35m[Krough_iter_[m[K;
[16.780s]       |             [01;35m[K^~~~~~~~~~~[m[K
[16.781s] [01m[K/home/sentry/Wolf-Moon/src/localization_mapping/src/../include/./ig_lio_c/icp_localizer.hpp:46:9:[m[K [01;35m[Kwarning: [m[K  when initialized here [[01;35m[K-Wreorder[m[K]
[16.781s]    46 |         [01;35m[KIcpLocalizer[m[K(double refine_resolution, double rough_resolution, int refine_iter, int rough_iter, double thresh)
[16.781s]       |         [01;35m[K^~~~~~~~~~~~[m[K
[71.560s] [ 40%] [32m[1mLinking CXX executable map_builder_node[0m
[72.914s] [100%] Built target map_builder_node
[72.924s] Invoked command in '/home/sentry/Wolf-Moon/build/ig_lio_c' returned '0': AMENT_PREFIX_PATH=/home/sentry/Wolf-Moon/install/grid_map_pcl:/home/sentry/Wolf-Moon/install/grid_map_filters:/home/sentry/Wolf-Moon/install/nav2_map_server:/home/sentry/Wolf-Moon/install/grid_map_ros:/home/sentry/Wolf-Moon/install/nav2_util:/home/sentry/Wolf-Moon/install/grid_map_cv:/home/sentry/Wolf-Moon/install/nav2_msgs:/home/sentry/Wolf-Moon/install/grid_map_msgs:/home/sentry/Wolf-Moon/install/grid_map_core:/home/sentry/Wolf-Moon/install/nav2_common:/home/sentry/Wolf-Moon/install/livox_ros_driver2:/home/sentry/Wolf-Moon/install/ig_lio_c_msgs:/home/sentry/Wolf-Moon/install/grid_map_cmake_helpers:/home/sentry/Wolf-Moon/install/cv_bridge:${AMENT_PREFIX_PATH} CMAKE_PREFIX_PATH=/home/sentry/Wolf-Moon/install/grid_map_pcl:/home/sentry/Wolf-Moon/install/grid_map_filters:/home/sentry/Wolf-Moon/install/nav2_map_server:/home/sentry/Wolf-Moon/install/grid_map_ros:/home/sentry/Wolf-Moon/install/nav2_util:/home/sentry/Wolf-Moon/install/grid_map_cv:/home/sentry/Wolf-Moon/install/nav2_msgs:/home/sentry/Wolf-Moon/install/grid_map_msgs:/home/sentry/Wolf-Moon/install/grid_map_core:/home/sentry/Wolf-Moon/install/nav2_common:/home/sentry/Wolf-Moon/install/livox_ros_driver2:/home/sentry/Wolf-Moon/install/ig_lio_c_msgs:/home/sentry/Wolf-Moon/install/grid_map_cmake_helpers:/home/sentry/Wolf-Moon/install/cv_bridge:/opt/ros/galactic LD_LIBRARY_PATH=/home/sentry/Wolf-Moon/install/grid_map_pcl/lib:/home/sentry/Wolf-Moon/install/grid_map_filters/lib:/home/sentry/Wolf-Moon/install/nav2_map_server/lib:/home/sentry/Wolf-Moon/install/grid_map_ros/lib:/home/sentry/Wolf-Moon/install/nav2_util/lib:/home/sentry/Wolf-Moon/install/grid_map_cv/lib:/home/sentry/Wolf-Moon/install/nav2_msgs/lib:/home/sentry/Wolf-Moon/install/grid_map_msgs/lib:/home/sentry/Wolf-Moon/install/grid_map_core/lib:/home/sentry/Wolf-Moon/install/livox_ros_driver2/lib:/home/sentry/Wolf-Moon/install/ig_lio_c_msgs/lib:/home/sentry/Wolf-Moon/install/cv_bridge/lib:/opt/MVS/lib/64:/opt/MVS/lib/32:/home/sentry/TUP2024-Sentry-Framework/src/IG_LIO_SLAM/ThirdParty/octomap-Dynamic_point_cloud_removal/lib:/opt/intel/openvino_2022/tools/compile_tool:/opt/intel/openvino_2022/runtime/3rdparty/hddl/lib:/opt/intel/openvino_2022/runtime/lib/intel64:/opt/MVS/lib/64:/opt/MVS/lib/32:/usr/lib/x86_64-linux-gnu/gazebo-11/plugins:/opt/ros/galactic/opt/yaml_cpp_vendor/lib:/opt/ros/galactic/opt/rviz_ogre_vendor/lib:/opt/ros/galactic/lib/x86_64-linux-gnu:/opt/ros/galactic/lib:/home/sentry/TUP2024-Sentry-Framework/src/IG_LIO_SLAM/ThirdParty/octomap-Dynamic_point_cloud_removal/lib:/opt/intel/openvino_2022/tools/compile_tool:/opt/intel/openvino_2022/runtime/3rdparty/hddl/lib:/opt/intel/openvino_2022/runtime/lib/intel64:/opt/MVS/lib/64:/opt/MVS/lib/32:/opt/MVS/lib/64:/opt/MVS/lib/32:/usr/local/opencv4/lib:/usr/local/opencv4/lib PYTHONPATH=/home/sentry/Wolf-Moon/install/nav2_msgs/lib/python3.8/site-packages:/home/sentry/Wolf-Moon/install/grid_map_msgs/lib/python3.8/site-packages:/home/sentry/Wolf-Moon/install/nav2_common/lib/python3.8/site-packages:/home/sentry/Wolf-Moon/install/livox_ros_driver2/lib/python3.8/site-packages:/home/sentry/Wolf-Moon/install/ig_lio_c_msgs/lib/python3.8/site-packages:/home/sentry/Wolf-Moon/install/cv_bridge/lib/python3.8/site-packages:/opt/intel/openvino_2022/python/python3.8:/opt/intel/openvino_2022/python/python3:/opt/ros/galactic/lib/python3.8/site-packages:/opt/intel/openvino_2022/python/python3.8:/opt/intel/openvino_2022/python/python3 /usr/bin/cmake --build /home/sentry/Wolf-Moon/build/ig_lio_c -- -j12 -l12
[72.927s] Invoking command in '/home/sentry/Wolf-Moon/build/ig_lio_c': AMENT_PREFIX_PATH=/home/sentry/Wolf-Moon/install/grid_map_pcl:/home/sentry/Wolf-Moon/install/grid_map_filters:/home/sentry/Wolf-Moon/install/nav2_map_server:/home/sentry/Wolf-Moon/install/grid_map_ros:/home/sentry/Wolf-Moon/install/nav2_util:/home/sentry/Wolf-Moon/install/grid_map_cv:/home/sentry/Wolf-Moon/install/nav2_msgs:/home/sentry/Wolf-Moon/install/grid_map_msgs:/home/sentry/Wolf-Moon/install/grid_map_core:/home/sentry/Wolf-Moon/install/nav2_common:/home/sentry/Wolf-Moon/install/livox_ros_driver2:/home/sentry/Wolf-Moon/install/ig_lio_c_msgs:/home/sentry/Wolf-Moon/install/grid_map_cmake_helpers:/home/sentry/Wolf-Moon/install/cv_bridge:${AMENT_PREFIX_PATH} CMAKE_PREFIX_PATH=/home/sentry/Wolf-Moon/install/grid_map_pcl:/home/sentry/Wolf-Moon/install/grid_map_filters:/home/sentry/Wolf-Moon/install/nav2_map_server:/home/sentry/Wolf-Moon/install/grid_map_ros:/home/sentry/Wolf-Moon/install/nav2_util:/home/sentry/Wolf-Moon/install/grid_map_cv:/home/sentry/Wolf-Moon/install/nav2_msgs:/home/sentry/Wolf-Moon/install/grid_map_msgs:/home/sentry/Wolf-Moon/install/grid_map_core:/home/sentry/Wolf-Moon/install/nav2_common:/home/sentry/Wolf-Moon/install/livox_ros_driver2:/home/sentry/Wolf-Moon/install/ig_lio_c_msgs:/home/sentry/Wolf-Moon/install/grid_map_cmake_helpers:/home/sentry/Wolf-Moon/install/cv_bridge:/opt/ros/galactic LD_LIBRARY_PATH=/home/sentry/Wolf-Moon/install/grid_map_pcl/lib:/home/sentry/Wolf-Moon/install/grid_map_filters/lib:/home/sentry/Wolf-Moon/install/nav2_map_server/lib:/home/sentry/Wolf-Moon/install/grid_map_ros/lib:/home/sentry/Wolf-Moon/install/nav2_util/lib:/home/sentry/Wolf-Moon/install/grid_map_cv/lib:/home/sentry/Wolf-Moon/install/nav2_msgs/lib:/home/sentry/Wolf-Moon/install/grid_map_msgs/lib:/home/sentry/Wolf-Moon/install/grid_map_core/lib:/home/sentry/Wolf-Moon/install/livox_ros_driver2/lib:/home/sentry/Wolf-Moon/install/ig_lio_c_msgs/lib:/home/sentry/Wolf-Moon/install/cv_bridge/lib:/opt/MVS/lib/64:/opt/MVS/lib/32:/home/sentry/TUP2024-Sentry-Framework/src/IG_LIO_SLAM/ThirdParty/octomap-Dynamic_point_cloud_removal/lib:/opt/intel/openvino_2022/tools/compile_tool:/opt/intel/openvino_2022/runtime/3rdparty/hddl/lib:/opt/intel/openvino_2022/runtime/lib/intel64:/opt/MVS/lib/64:/opt/MVS/lib/32:/usr/lib/x86_64-linux-gnu/gazebo-11/plugins:/opt/ros/galactic/opt/yaml_cpp_vendor/lib:/opt/ros/galactic/opt/rviz_ogre_vendor/lib:/opt/ros/galactic/lib/x86_64-linux-gnu:/opt/ros/galactic/lib:/home/sentry/TUP2024-Sentry-Framework/src/IG_LIO_SLAM/ThirdParty/octomap-Dynamic_point_cloud_removal/lib:/opt/intel/openvino_2022/tools/compile_tool:/opt/intel/openvino_2022/runtime/3rdparty/hddl/lib:/opt/intel/openvino_2022/runtime/lib/intel64:/opt/MVS/lib/64:/opt/MVS/lib/32:/opt/MVS/lib/64:/opt/MVS/lib/32:/usr/local/opencv4/lib:/usr/local/opencv4/lib PYTHONPATH=/home/sentry/Wolf-Moon/install/nav2_msgs/lib/python3.8/site-packages:/home/sentry/Wolf-Moon/install/grid_map_msgs/lib/python3.8/site-packages:/home/sentry/Wolf-Moon/install/nav2_common/lib/python3.8/site-packages:/home/sentry/Wolf-Moon/install/livox_ros_driver2/lib/python3.8/site-packages:/home/sentry/Wolf-Moon/install/ig_lio_c_msgs/lib/python3.8/site-packages:/home/sentry/Wolf-Moon/install/cv_bridge/lib/python3.8/site-packages:/opt/intel/openvino_2022/python/python3.8:/opt/intel/openvino_2022/python/python3:/opt/ros/galactic/lib/python3.8/site-packages:/opt/intel/openvino_2022/python/python3.8:/opt/intel/openvino_2022/python/python3 /usr/bin/cmake --install /home/sentry/Wolf-Moon/build/ig_lio_c
[72.933s] -- Install configuration: "Release"
[72.933s] -- Installing: /home/sentry/Wolf-Moon/install/ig_lio_c/lib/ig_lio_c/map_builder_node
[72.935s] -- Set runtime path of "/home/sentry/Wolf-Moon/install/ig_lio_c/lib/ig_lio_c/map_builder_node" to ""
[72.935s] -- Up-to-date: /home/sentry/Wolf-Moon/install/ig_lio_c/lib/ig_lio_c/map_converter_node
[72.935s] -- Up-to-date: /home/sentry/Wolf-Moon/install/ig_lio_c/share/ig_lio_c/launch
[72.935s] -- Up-to-date: /home/sentry/Wolf-Moon/install/ig_lio_c/share/ig_lio_c/launch/map_mapping_launch.py
[72.935s] -- Up-to-date: /home/sentry/Wolf-Moon/install/ig_lio_c/share/ig_lio_c/config
[72.936s] -- Up-to-date: /home/sentry/Wolf-Moon/install/ig_lio_c/share/ig_lio_c/config/parameters.yaml
[72.936s] -- Up-to-date: /home/sentry/Wolf-Moon/install/ig_lio_c/share/ig_lio_c/config/config_fg.yaml
[72.936s] -- Up-to-date: /home/sentry/Wolf-Moon/install/ig_lio_c/share/ament_index/resource_index/package_run_dependencies/ig_lio_c
[72.936s] -- Up-to-date: /home/sentry/Wolf-Moon/install/ig_lio_c/share/ament_index/resource_index/parent_prefix_path/ig_lio_c
[72.936s] -- Up-to-date: /home/sentry/Wolf-Moon/install/ig_lio_c/share/ig_lio_c/environment/ament_prefix_path.sh
[72.936s] -- Installing: /home/sentry/Wolf-Moon/install/ig_lio_c/share/ig_lio_c/environment/ament_prefix_path.dsv
[72.936s] -- Up-to-date: /home/sentry/Wolf-Moon/install/ig_lio_c/share/ig_lio_c/environment/path.sh
[72.936s] -- Installing: /home/sentry/Wolf-Moon/install/ig_lio_c/share/ig_lio_c/environment/path.dsv
[72.936s] -- Up-to-date: /home/sentry/Wolf-Moon/install/ig_lio_c/share/ig_lio_c/local_setup.bash
[72.937s] -- Up-to-date: /home/sentry/Wolf-Moon/install/ig_lio_c/share/ig_lio_c/local_setup.sh
[72.937s] -- Up-to-date: /home/sentry/Wolf-Moon/install/ig_lio_c/share/ig_lio_c/local_setup.zsh
[72.937s] -- Installing: /home/sentry/Wolf-Moon/install/ig_lio_c/share/ig_lio_c/local_setup.dsv
[72.937s] -- Installing: /home/sentry/Wolf-Moon/install/ig_lio_c/share/ig_lio_c/package.dsv
[72.939s] -- Up-to-date: /home/sentry/Wolf-Moon/install/ig_lio_c/share/ament_index/resource_index/packages/ig_lio_c
[72.939s] -- Up-to-date: /home/sentry/Wolf-Moon/install/ig_lio_c/share/ig_lio_c/cmake/ig_lio_cConfig.cmake
[72.939s] -- Up-to-date: /home/sentry/Wolf-Moon/install/ig_lio_c/share/ig_lio_c/cmake/ig_lio_cConfig-version.cmake
[72.939s] -- Up-to-date: /home/sentry/Wolf-Moon/install/ig_lio_c/share/ig_lio_c/package.xml
[72.939s] Invoked command in '/home/sentry/Wolf-Moon/build/ig_lio_c' returned '0': AMENT_PREFIX_PATH=/home/sentry/Wolf-Moon/install/grid_map_pcl:/home/sentry/Wolf-Moon/install/grid_map_filters:/home/sentry/Wolf-Moon/install/nav2_map_server:/home/sentry/Wolf-Moon/install/grid_map_ros:/home/sentry/Wolf-Moon/install/nav2_util:/home/sentry/Wolf-Moon/install/grid_map_cv:/home/sentry/Wolf-Moon/install/nav2_msgs:/home/sentry/Wolf-Moon/install/grid_map_msgs:/home/sentry/Wolf-Moon/install/grid_map_core:/home/sentry/Wolf-Moon/install/nav2_common:/home/sentry/Wolf-Moon/install/livox_ros_driver2:/home/sentry/Wolf-Moon/install/ig_lio_c_msgs:/home/sentry/Wolf-Moon/install/grid_map_cmake_helpers:/home/sentry/Wolf-Moon/install/cv_bridge:${AMENT_PREFIX_PATH} CMAKE_PREFIX_PATH=/home/sentry/Wolf-Moon/install/grid_map_pcl:/home/sentry/Wolf-Moon/install/grid_map_filters:/home/sentry/Wolf-Moon/install/nav2_map_server:/home/sentry/Wolf-Moon/install/grid_map_ros:/home/sentry/Wolf-Moon/install/nav2_util:/home/sentry/Wolf-Moon/install/grid_map_cv:/home/sentry/Wolf-Moon/install/nav2_msgs:/home/sentry/Wolf-Moon/install/grid_map_msgs:/home/sentry/Wolf-Moon/install/grid_map_core:/home/sentry/Wolf-Moon/install/nav2_common:/home/sentry/Wolf-Moon/install/livox_ros_driver2:/home/sentry/Wolf-Moon/install/ig_lio_c_msgs:/home/sentry/Wolf-Moon/install/grid_map_cmake_helpers:/home/sentry/Wolf-Moon/install/cv_bridge:/opt/ros/galactic LD_LIBRARY_PATH=/home/sentry/Wolf-Moon/install/grid_map_pcl/lib:/home/sentry/Wolf-Moon/install/grid_map_filters/lib:/home/sentry/Wolf-Moon/install/nav2_map_server/lib:/home/sentry/Wolf-Moon/install/grid_map_ros/lib:/home/sentry/Wolf-Moon/install/nav2_util/lib:/home/sentry/Wolf-Moon/install/grid_map_cv/lib:/home/sentry/Wolf-Moon/install/nav2_msgs/lib:/home/sentry/Wolf-Moon/install/grid_map_msgs/lib:/home/sentry/Wolf-Moon/install/grid_map_core/lib:/home/sentry/Wolf-Moon/install/livox_ros_driver2/lib:/home/sentry/Wolf-Moon/install/ig_lio_c_msgs/lib:/home/sentry/Wolf-Moon/install/cv_bridge/lib:/opt/MVS/lib/64:/opt/MVS/lib/32:/home/sentry/TUP2024-Sentry-Framework/src/IG_LIO_SLAM/ThirdParty/octomap-Dynamic_point_cloud_removal/lib:/opt/intel/openvino_2022/tools/compile_tool:/opt/intel/openvino_2022/runtime/3rdparty/hddl/lib:/opt/intel/openvino_2022/runtime/lib/intel64:/opt/MVS/lib/64:/opt/MVS/lib/32:/usr/lib/x86_64-linux-gnu/gazebo-11/plugins:/opt/ros/galactic/opt/yaml_cpp_vendor/lib:/opt/ros/galactic/opt/rviz_ogre_vendor/lib:/opt/ros/galactic/lib/x86_64-linux-gnu:/opt/ros/galactic/lib:/home/sentry/TUP2024-Sentry-Framework/src/IG_LIO_SLAM/ThirdParty/octomap-Dynamic_point_cloud_removal/lib:/opt/intel/openvino_2022/tools/compile_tool:/opt/intel/openvino_2022/runtime/3rdparty/hddl/lib:/opt/intel/openvino_2022/runtime/lib/intel64:/opt/MVS/lib/64:/opt/MVS/lib/32:/opt/MVS/lib/64:/opt/MVS/lib/32:/usr/local/opencv4/lib:/usr/local/opencv4/lib PYTHONPATH=/home/sentry/Wolf-Moon/install/nav2_msgs/lib/python3.8/site-packages:/home/sentry/Wolf-Moon/install/grid_map_msgs/lib/python3.8/site-packages:/home/sentry/Wolf-Moon/install/nav2_common/lib/python3.8/site-packages:/home/sentry/Wolf-Moon/install/livox_ros_driver2/lib/python3.8/site-packages:/home/sentry/Wolf-Moon/install/ig_lio_c_msgs/lib/python3.8/site-packages:/home/sentry/Wolf-Moon/install/cv_bridge/lib/python3.8/site-packages:/opt/intel/openvino_2022/python/python3.8:/opt/intel/openvino_2022/python/python3:/opt/ros/galactic/lib/python3.8/site-packages:/opt/intel/openvino_2022/python/python3.8:/opt/intel/openvino_2022/python/python3 /usr/bin/cmake --install /home/sentry/Wolf-Moon/build/ig_lio_c
