[0.057s] Invoking command in '/home/sentry/Wolf-Moon/build/octomap_dynamic_map': /usr/bin/cmake --build /home/sentry/Wolf-Moon/build/octomap_dynamic_map -- -j12 -l12
[0.148s] [  5%] Built target octomath-static
[0.196s] [ 10%] Built target octomath
[0.225s] [ 23%] Built target octomap-static
[0.272s] [ 35%] Built target octomap
[0.375s] [ 38%] Built target dm_lib
[0.379s] [ 41%] Built target simple_example
[0.384s] [ 43%] Built target octree2pointcloud
[0.388s] [ 46%] Built target graph2tree
[0.396s] [ 48%] Built target binvox2bt
[0.406s] [ 51%] Built target intersection_example
[0.407s] [ 53%] Built target bt2vrml
[0.435s] [ 56%] Built target log2graph
[0.497s] [ 58%] Built target eval_octree_accuracy
[0.502s] [ 61%] Built target edit_octree
[0.515s] [ 64%] Built target compare_octrees
[0.517s] [ 66%] Built target test_raycasting
[0.540s] [ 69%] Built target convert_octree
[0.549s] [ 71%] Built target normals_example
[0.550s] [ 74%] Built target test_iterators
[0.564s] [ 76%] Built target test_scans
[0.565s] [ 79%] Built target test_pruning
[0.567s] [ 82%] Built target test_io
[0.577s] [ 84%] Built target test_bbx
[0.659s] [ 87%] Built target test_changedkeys
[0.659s] [ 89%] Built target test_color_tree
[0.659s] [ 92%] Built target color_tree_histogram
[0.682s] [ 94%] Built target test_mapcollection
[0.686s] [ 97%] Built target unit_tests
[0.686s] [100%] Built target octomap_run
[0.800s] Invoked command in '/home/sentry/Wolf-Moon/build/octomap_dynamic_map' returned '0': /usr/bin/cmake --build /home/sentry/Wolf-Moon/build/octomap_dynamic_map -- -j12 -l12
[0.804s] Invoking command in '/home/sentry/Wolf-Moon/build/octomap_dynamic_map': /usr/bin/cmake --install /home/sentry/Wolf-Moon/build/octomap_dynamic_map
[0.831s] -- Install configuration: "Release"
[0.837s] -- Up-to-date: /home/sentry/Wolf-Moon/install/octomap_dynamic_map/include/octomap/AbstractOcTree.h
[0.838s] -- Up-to-date: /home/sentry/Wolf-Moon/install/octomap_dynamic_map/include/octomap/AbstractOccupancyOcTree.h
[0.843s] -- Up-to-date: /home/sentry/Wolf-Moon/install/octomap_dynamic_map/include/octomap/ColorOcTree.h
[0.844s] -- Up-to-date: /home/sentry/Wolf-Moon/install/octomap_dynamic_map/include/octomap/CountingOcTree.h
[0.844s] -- Up-to-date: /home/sentry/Wolf-Moon/install/octomap_dynamic_map/include/octomap/MCTables.h
[0.844s] -- Up-to-date: /home/sentry/Wolf-Moon/install/octomap_dynamic_map/include/octomap/MapCollection.h
[0.844s] -- Up-to-date: /home/sentry/Wolf-Moon/install/octomap_dynamic_map/include/octomap/MapCollection.hxx
[0.844s] -- Up-to-date: /home/sentry/Wolf-Moon/install/octomap_dynamic_map/include/octomap/MapNode.h
[0.844s] -- Up-to-date: /home/sentry/Wolf-Moon/install/octomap_dynamic_map/include/octomap/MapNode.hxx
[0.844s] -- Up-to-date: /home/sentry/Wolf-Moon/install/octomap_dynamic_map/include/octomap/OcTree.h
[0.844s] -- Up-to-date: /home/sentry/Wolf-Moon/install/octomap_dynamic_map/include/octomap/OcTreeBase.h
[0.844s] -- Up-to-date: /home/sentry/Wolf-Moon/install/octomap_dynamic_map/include/octomap/OcTreeBaseImpl.h
[0.844s] -- Up-to-date: /home/sentry/Wolf-Moon/install/octomap_dynamic_map/include/octomap/OcTreeBaseImpl.hxx
[0.844s] -- Up-to-date: /home/sentry/Wolf-Moon/install/octomap_dynamic_map/include/octomap/OcTreeDataNode.h
[0.844s] -- Up-to-date: /home/sentry/Wolf-Moon/install/octomap_dynamic_map/include/octomap/OcTreeDataNode.hxx
[0.844s] -- Up-to-date: /home/sentry/Wolf-Moon/install/octomap_dynamic_map/include/octomap/OcTreeIterator.hxx
[0.845s] -- Up-to-date: /home/sentry/Wolf-Moon/install/octomap_dynamic_map/include/octomap/OcTreeKey.h
[0.845s] -- Up-to-date: /home/sentry/Wolf-Moon/install/octomap_dynamic_map/include/octomap/OcTreeNode.h
[0.845s] -- Up-to-date: /home/sentry/Wolf-Moon/install/octomap_dynamic_map/include/octomap/OcTreeStamped.h
[0.845s] -- Up-to-date: /home/sentry/Wolf-Moon/install/octomap_dynamic_map/include/octomap/OccupancyOcTreeBase.h
[0.845s] -- Up-to-date: /home/sentry/Wolf-Moon/install/octomap_dynamic_map/include/octomap/OccupancyOcTreeBase.hxx
[0.845s] -- Up-to-date: /home/sentry/Wolf-Moon/install/octomap_dynamic_map/include/octomap/Pointcloud.h
[0.845s] -- Up-to-date: /home/sentry/Wolf-Moon/install/octomap_dynamic_map/include/octomap/ScanGraph.h
[0.845s] -- Up-to-date: /home/sentry/Wolf-Moon/install/octomap_dynamic_map/include/octomap/octomap.h
[0.845s] -- Up-to-date: /home/sentry/Wolf-Moon/install/octomap_dynamic_map/include/octomap/octomap_deprecated.h
[0.845s] -- Up-to-date: /home/sentry/Wolf-Moon/install/octomap_dynamic_map/include/octomap/octomap_timing.h
[0.847s] -- Up-to-date: /home/sentry/Wolf-Moon/install/octomap_dynamic_map/include/octomap/octomap_types.h
[0.847s] -- Up-to-date: /home/sentry/Wolf-Moon/install/octomap_dynamic_map/include/octomap/octomap_utils.h
[0.847s] -- Up-to-date: /home/sentry/Wolf-Moon/install/octomap_dynamic_map/include/octomap/math/Pose6D.h
[0.848s] -- Up-to-date: /home/sentry/Wolf-Moon/install/octomap_dynamic_map/include/octomap/math/Quaternion.h
[0.848s] -- Up-to-date: /home/sentry/Wolf-Moon/install/octomap_dynamic_map/include/octomap/math/Utils.h
[0.848s] -- Up-to-date: /home/sentry/Wolf-Moon/install/octomap_dynamic_map/include/octomap/math/Vector3.h
[0.848s] -- Up-to-date: /home/sentry/Wolf-Moon/install/octomap_dynamic_map/share/octomap/package.xml
[0.848s] -- Up-to-date: /home/sentry/Wolf-Moon/install/octomap_dynamic_map/share/ament_index/resource_index/packages/octomap
[0.848s] -- Up-to-date: /home/sentry/Wolf-Moon/install/octomap_dynamic_map/share/octomap/octomap-config.cmake
[0.848s] -- Up-to-date: /home/sentry/Wolf-Moon/install/octomap_dynamic_map/share/octomap/octomap-config-version.cmake
[0.848s] -- Up-to-date: /home/sentry/Wolf-Moon/install/octomap_dynamic_map/lib/pkgconfig/octomap.pc
[0.848s] -- Up-to-date: /home/sentry/Wolf-Moon/install/octomap_dynamic_map/lib/liboctomath.so.1.9.8
[0.848s] -- Up-to-date: /home/sentry/Wolf-Moon/install/octomap_dynamic_map/lib/liboctomath.so.1.9
[0.848s] -- Up-to-date: /home/sentry/Wolf-Moon/install/octomap_dynamic_map/lib/liboctomath.so
[0.848s] -- Up-to-date: /home/sentry/Wolf-Moon/install/octomap_dynamic_map/lib/liboctomath.a
[0.849s] -- Up-to-date: /home/sentry/Wolf-Moon/install/octomap_dynamic_map/lib/liboctomap.so.1.9.8
[0.856s] -- Up-to-date: /home/sentry/Wolf-Moon/install/octomap_dynamic_map/lib/liboctomap.so.1.9
[0.858s] -- Up-to-date: /home/sentry/Wolf-Moon/install/octomap_dynamic_map/lib/liboctomap.so
[0.858s] -- Up-to-date: /home/sentry/Wolf-Moon/install/octomap_dynamic_map/lib/liboctomap.a
[0.858s] -- Up-to-date: /home/sentry/Wolf-Moon/install/octomap_dynamic_map/share/octomap/octomap-targets.cmake
[0.858s] -- Up-to-date: /home/sentry/Wolf-Moon/install/octomap_dynamic_map/share/octomap/octomap-targets-release.cmake
[0.858s] -- Up-to-date: /home/sentry/Wolf-Moon/install/octomap_dynamic_map/bin/graph2tree
[0.858s] -- Up-to-date: /home/sentry/Wolf-Moon/install/octomap_dynamic_map/bin/log2graph
[0.858s] -- Up-to-date: /home/sentry/Wolf-Moon/install/octomap_dynamic_map/bin/binvox2bt
[0.858s] -- Up-to-date: /home/sentry/Wolf-Moon/install/octomap_dynamic_map/bin/bt2vrml
[0.858s] -- Up-to-date: /home/sentry/Wolf-Moon/install/octomap_dynamic_map/bin/edit_octree
[0.858s] -- Up-to-date: /home/sentry/Wolf-Moon/install/octomap_dynamic_map/bin/convert_octree
[0.859s] -- Up-to-date: /home/sentry/Wolf-Moon/install/octomap_dynamic_map/bin/eval_octree_accuracy
[0.871s] -- Up-to-date: /home/sentry/Wolf-Moon/install/octomap_dynamic_map/bin/compare_octrees
[0.936s] Invoked command in '/home/sentry/Wolf-Moon/build/octomap_dynamic_map' returned '0': /usr/bin/cmake --install /home/sentry/Wolf-Moon/build/octomap_dynamic_map
