[0.053s] Invoking command in '/home/sentry/Wolf-Moon/build/nav2_msgs': CMAKE_PREFIX_PATH=/home/sentry/Wolf-Moon/install/nav2_common:/home/sentry/Wolf-Moon/install/sentry_decision_v2:/home/sentry/Wolf-Moon/install/octomap_dynamic_map:/home/sentry/Wolf-Moon/install/navigation_planning:/home/sentry/Wolf-Moon/install/grid_map:/home/sentry/Wolf-Moon/install/grid_map_costmap_2d:/home/sentry/Wolf-Moon/install/nav2_costmap_2d:/home/sentry/Wolf-Moon/install/nav2_voxel_grid:/home/sentry/Wolf-Moon/install/nav2_map_server:/home/sentry/Wolf-Moon/install/nav2_lifecycle_manager:/home/sentry/Wolf-Moon/install/nav2_behavior_tree:/home/sentry/Wolf-Moon/install/nav2_util:/home/sentry/Wolf-Moon/install/grid_map_demos:/home/sentry/Wolf-Moon/install/grid_map_visualization:/home/sentry/Wolf-Moon/install/grid_map_rviz_plugin:/home/sentry/Wolf-Moon/install/grid_map_pcl:/home/sentry/Wolf-Moon/install/grid_map_loader:/home/sentry/Wolf-Moon/install/grid_map_filters:/home/sentry/Wolf-Moon/install/grid_map_ros:/home/sentry/Wolf-Moon/install/nav2_msgs:/home/sentry/Wolf-Moon/install/livox_ros_driver2:/home/sentry/Wolf-Moon/install/ig_lio_c_msgs:/home/sentry/Wolf-Moon/install/ig_lio_c:/home/sentry/Wolf-Moon/install/grid_map_sdf:/home/sentry/Wolf-Moon/install/grid_map_octomap:/home/sentry/Wolf-Moon/install/grid_map_msgs:/home/sentry/Wolf-Moon/install/grid_map_cv:/home/sentry/Wolf-Moon/install/grid_map_core:/home/sentry/Wolf-Moon/install/grid_map_cmake_helpers:/home/sentry/Wolf-Moon/install/cv_bridge:/home/sentry/Wolf-Moon/install/auto_aim_interfaces:/home/sentry/Wolf-Moon/install/fake_msg_publisher:/opt/ros/galactic PYTHONPATH=/home/sentry/Wolf-Moon/install/nav2_common/lib/python3.8/site-packages:/home/sentry/Wolf-Moon/install/nav2_msgs/lib/python3.8/site-packages:/home/sentry/Wolf-Moon/install/livox_ros_driver2/lib/python3.8/site-packages:/home/sentry/Wolf-Moon/install/ig_lio_c_msgs/lib/python3.8/site-packages:/home/sentry/Wolf-Moon/install/grid_map_msgs/lib/python3.8/site-packages:/home/sentry/Wolf-Moon/install/fake_msg_publisher/lib/python3.8/site-packages:/home/sentry/Wolf-Moon/install/cv_bridge/lib/python3.8/site-packages:/home/sentry/Wolf-Moon/install/auto_aim_interfaces/lib/python3.8/site-packages:/opt/intel/openvino_2022/python/python3.8:/opt/intel/openvino_2022/python/python3:/opt/ros/galactic/lib/python3.8/site-packages:/opt/intel/openvino_2022/python/python3.8:/opt/intel/openvino_2022/python/python3 /usr/bin/cmake --build /home/sentry/Wolf-Moon/build/nav2_msgs -- -j12 -l12
[0.330s] [ 12%] Built target nav2_msgs__rosidl_generator_c
[0.473s] [ 12%] Built target nav2_msgs__cpp
[0.625s] [ 25%] Built target nav2_msgs__rosidl_typesupport_introspection_c
[0.752s] [ 37%] Built target nav2_msgs__rosidl_typesupport_fastrtps_cpp
[0.873s] [ 50%] Built target nav2_msgs__rosidl_typesupport_introspection_cpp
[0.981s] [ 62%] Built target nav2_msgs__rosidl_typesupport_fastrtps_c
[1.089s] [ 74%] Built target nav2_msgs__rosidl_typesupport_cpp
[1.170s] [ 86%] Built target nav2_msgs__rosidl_typesupport_c
[1.257s] [ 86%] Built target nav2_msgs
[1.302s] [ 86%] Built target nav2_msgs__py
[1.406s] [ 98%] Built target nav2_msgs__python
[1.465s] [ 98%] Built target nav2_msgs__rosidl_typesupport_introspection_c__pyext
[1.531s] [ 99%] Built target nav2_msgs__rosidl_typesupport_fastrtps_c__pyext
[1.596s] [100%] Built target nav2_msgs__rosidl_typesupport_c__pyext
[1.645s] Invoked command in '/home/sentry/Wolf-Moon/build/nav2_msgs' returned '0': CMAKE_PREFIX_PATH=/home/sentry/Wolf-Moon/install/nav2_common:/home/sentry/Wolf-Moon/install/sentry_decision_v2:/home/sentry/Wolf-Moon/install/octomap_dynamic_map:/home/sentry/Wolf-Moon/install/navigation_planning:/home/sentry/Wolf-Moon/install/grid_map:/home/sentry/Wolf-Moon/install/grid_map_costmap_2d:/home/sentry/Wolf-Moon/install/nav2_costmap_2d:/home/sentry/Wolf-Moon/install/nav2_voxel_grid:/home/sentry/Wolf-Moon/install/nav2_map_server:/home/sentry/Wolf-Moon/install/nav2_lifecycle_manager:/home/sentry/Wolf-Moon/install/nav2_behavior_tree:/home/sentry/Wolf-Moon/install/nav2_util:/home/sentry/Wolf-Moon/install/grid_map_demos:/home/sentry/Wolf-Moon/install/grid_map_visualization:/home/sentry/Wolf-Moon/install/grid_map_rviz_plugin:/home/sentry/Wolf-Moon/install/grid_map_pcl:/home/sentry/Wolf-Moon/install/grid_map_loader:/home/sentry/Wolf-Moon/install/grid_map_filters:/home/sentry/Wolf-Moon/install/grid_map_ros:/home/sentry/Wolf-Moon/install/nav2_msgs:/home/sentry/Wolf-Moon/install/livox_ros_driver2:/home/sentry/Wolf-Moon/install/ig_lio_c_msgs:/home/sentry/Wolf-Moon/install/ig_lio_c:/home/sentry/Wolf-Moon/install/grid_map_sdf:/home/sentry/Wolf-Moon/install/grid_map_octomap:/home/sentry/Wolf-Moon/install/grid_map_msgs:/home/sentry/Wolf-Moon/install/grid_map_cv:/home/sentry/Wolf-Moon/install/grid_map_core:/home/sentry/Wolf-Moon/install/grid_map_cmake_helpers:/home/sentry/Wolf-Moon/install/cv_bridge:/home/sentry/Wolf-Moon/install/auto_aim_interfaces:/home/sentry/Wolf-Moon/install/fake_msg_publisher:/opt/ros/galactic PYTHONPATH=/home/sentry/Wolf-Moon/install/nav2_common/lib/python3.8/site-packages:/home/sentry/Wolf-Moon/install/nav2_msgs/lib/python3.8/site-packages:/home/sentry/Wolf-Moon/install/livox_ros_driver2/lib/python3.8/site-packages:/home/sentry/Wolf-Moon/install/ig_lio_c_msgs/lib/python3.8/site-packages:/home/sentry/Wolf-Moon/install/grid_map_msgs/lib/python3.8/site-packages:/home/sentry/Wolf-Moon/install/fake_msg_publisher/lib/python3.8/site-packages:/home/sentry/Wolf-Moon/install/cv_bridge/lib/python3.8/site-packages:/home/sentry/Wolf-Moon/install/auto_aim_interfaces/lib/python3.8/site-packages:/opt/intel/openvino_2022/python/python3.8:/opt/intel/openvino_2022/python/python3:/opt/ros/galactic/lib/python3.8/site-packages:/opt/intel/openvino_2022/python/python3.8:/opt/intel/openvino_2022/python/python3 /usr/bin/cmake --build /home/sentry/Wolf-Moon/build/nav2_msgs -- -j12 -l12
[1.647s] Invoking command in '/home/sentry/Wolf-Moon/build/nav2_msgs': CMAKE_PREFIX_PATH=/home/sentry/Wolf-Moon/install/nav2_common:/home/sentry/Wolf-Moon/install/sentry_decision_v2:/home/sentry/Wolf-Moon/install/octomap_dynamic_map:/home/sentry/Wolf-Moon/install/navigation_planning:/home/sentry/Wolf-Moon/install/grid_map:/home/sentry/Wolf-Moon/install/grid_map_costmap_2d:/home/sentry/Wolf-Moon/install/nav2_costmap_2d:/home/sentry/Wolf-Moon/install/nav2_voxel_grid:/home/sentry/Wolf-Moon/install/nav2_map_server:/home/sentry/Wolf-Moon/install/nav2_lifecycle_manager:/home/sentry/Wolf-Moon/install/nav2_behavior_tree:/home/sentry/Wolf-Moon/install/nav2_util:/home/sentry/Wolf-Moon/install/grid_map_demos:/home/sentry/Wolf-Moon/install/grid_map_visualization:/home/sentry/Wolf-Moon/install/grid_map_rviz_plugin:/home/sentry/Wolf-Moon/install/grid_map_pcl:/home/sentry/Wolf-Moon/install/grid_map_loader:/home/sentry/Wolf-Moon/install/grid_map_filters:/home/sentry/Wolf-Moon/install/grid_map_ros:/home/sentry/Wolf-Moon/install/nav2_msgs:/home/sentry/Wolf-Moon/install/livox_ros_driver2:/home/sentry/Wolf-Moon/install/ig_lio_c_msgs:/home/sentry/Wolf-Moon/install/ig_lio_c:/home/sentry/Wolf-Moon/install/grid_map_sdf:/home/sentry/Wolf-Moon/install/grid_map_octomap:/home/sentry/Wolf-Moon/install/grid_map_msgs:/home/sentry/Wolf-Moon/install/grid_map_cv:/home/sentry/Wolf-Moon/install/grid_map_core:/home/sentry/Wolf-Moon/install/grid_map_cmake_helpers:/home/sentry/Wolf-Moon/install/cv_bridge:/home/sentry/Wolf-Moon/install/auto_aim_interfaces:/home/sentry/Wolf-Moon/install/fake_msg_publisher:/opt/ros/galactic PYTHONPATH=/home/sentry/Wolf-Moon/install/nav2_common/lib/python3.8/site-packages:/home/sentry/Wolf-Moon/install/nav2_msgs/lib/python3.8/site-packages:/home/sentry/Wolf-Moon/install/livox_ros_driver2/lib/python3.8/site-packages:/home/sentry/Wolf-Moon/install/ig_lio_c_msgs/lib/python3.8/site-packages:/home/sentry/Wolf-Moon/install/grid_map_msgs/lib/python3.8/site-packages:/home/sentry/Wolf-Moon/install/fake_msg_publisher/lib/python3.8/site-packages:/home/sentry/Wolf-Moon/install/cv_bridge/lib/python3.8/site-packages:/home/sentry/Wolf-Moon/install/auto_aim_interfaces/lib/python3.8/site-packages:/opt/intel/openvino_2022/python/python3.8:/opt/intel/openvino_2022/python/python3:/opt/ros/galactic/lib/python3.8/site-packages:/opt/intel/openvino_2022/python/python3.8:/opt/intel/openvino_2022/python/python3 /usr/bin/cmake --install /home/sentry/Wolf-Moon/build/nav2_msgs
[1.662s] -- Install configuration: "Release"
[1.665s] -- Up-to-date: /home/sentry/Wolf-Moon/install/nav2_msgs/share/ament_index/resource_index/rosidl_interfaces/nav2_msgs
[1.666s] -- Up-to-date: /home/sentry/Wolf-Moon/install/nav2_msgs/include/nav2_msgs
[1.666s] -- Up-to-date: /home/sentry/Wolf-Moon/install/nav2_msgs/include/nav2_msgs/msg
[1.666s] -- Up-to-date: /home/sentry/Wolf-Moon/install/nav2_msgs/include/nav2_msgs/msg/particle_cloud.h
[1.666s] -- Up-to-date: /home/sentry/Wolf-Moon/install/nav2_msgs/include/nav2_msgs/msg/behavior_tree_log.h
[1.667s] -- Up-to-date: /home/sentry/Wolf-Moon/install/nav2_msgs/include/nav2_msgs/msg/particle.h
[1.667s] -- Up-to-date: /home/sentry/Wolf-Moon/install/nav2_msgs/include/nav2_msgs/msg/speed_limit.h
[1.667s] -- Up-to-date: /home/sentry/Wolf-Moon/install/nav2_msgs/include/nav2_msgs/msg/costmap_meta_data.h
[1.667s] -- Up-to-date: /home/sentry/Wolf-Moon/install/nav2_msgs/include/nav2_msgs/msg/behavior_tree_status_change.h
[1.667s] -- Up-to-date: /home/sentry/Wolf-Moon/install/nav2_msgs/include/nav2_msgs/msg/detail
[1.667s] -- Up-to-date: /home/sentry/Wolf-Moon/install/nav2_msgs/include/nav2_msgs/msg/detail/costmap__functions.c
[1.667s] -- Up-to-date: /home/sentry/Wolf-Moon/install/nav2_msgs/include/nav2_msgs/msg/detail/behavior_tree_log__functions.h
[1.667s] -- Up-to-date: /home/sentry/Wolf-Moon/install/nav2_msgs/include/nav2_msgs/msg/detail/voxel_grid__functions.h
[1.667s] -- Up-to-date: /home/sentry/Wolf-Moon/install/nav2_msgs/include/nav2_msgs/msg/detail/speed_limit__functions.h
[1.668s] -- Up-to-date: /home/sentry/Wolf-Moon/install/nav2_msgs/include/nav2_msgs/msg/detail/costmap_filter_info__functions.c
[1.668s] -- Up-to-date: /home/sentry/Wolf-Moon/install/nav2_msgs/include/nav2_msgs/msg/detail/behavior_tree_log__type_support.h
[1.668s] -- Up-to-date: /home/sentry/Wolf-Moon/install/nav2_msgs/include/nav2_msgs/msg/detail/costmap_filter_info__struct.h
[1.668s] -- Up-to-date: /home/sentry/Wolf-Moon/install/nav2_msgs/include/nav2_msgs/msg/detail/particle_cloud__functions.c
[1.668s] -- Up-to-date: /home/sentry/Wolf-Moon/install/nav2_msgs/include/nav2_msgs/msg/detail/behavior_tree_log__struct.h
[1.669s] -- Up-to-date: /home/sentry/Wolf-Moon/install/nav2_msgs/include/nav2_msgs/msg/detail/costmap_filter_info__type_support.h
[1.669s] -- Up-to-date: /home/sentry/Wolf-Moon/install/nav2_msgs/include/nav2_msgs/msg/detail/particle_cloud__functions.h
[1.669s] -- Up-to-date: /home/sentry/Wolf-Moon/install/nav2_msgs/include/nav2_msgs/msg/detail/voxel_grid__functions.c
[1.669s] -- Up-to-date: /home/sentry/Wolf-Moon/install/nav2_msgs/include/nav2_msgs/msg/detail/particle__functions.c
[1.669s] -- Up-to-date: /home/sentry/Wolf-Moon/install/nav2_msgs/include/nav2_msgs/msg/detail/voxel_grid__struct.h
[1.669s] -- Up-to-date: /home/sentry/Wolf-Moon/install/nav2_msgs/include/nav2_msgs/msg/detail/speed_limit__functions.c
[1.669s] -- Up-to-date: /home/sentry/Wolf-Moon/install/nav2_msgs/include/nav2_msgs/msg/detail/costmap__type_support.h
[1.669s] -- Up-to-date: /home/sentry/Wolf-Moon/install/nav2_msgs/include/nav2_msgs/msg/detail/behavior_tree_status_change__struct.h
[1.669s] -- Up-to-date: /home/sentry/Wolf-Moon/install/nav2_msgs/include/nav2_msgs/msg/detail/costmap_meta_data__functions.h
[1.671s] -- Up-to-date: /home/sentry/Wolf-Moon/install/nav2_msgs/include/nav2_msgs/msg/detail/costmap_meta_data__functions.c
[1.671s] -- Up-to-date: /home/sentry/Wolf-Moon/install/nav2_msgs/include/nav2_msgs/msg/detail/behavior_tree_status_change__type_support.h
[1.671s] -- Up-to-date: /home/sentry/Wolf-Moon/install/nav2_msgs/include/nav2_msgs/msg/detail/particle__struct.h
[1.671s] -- Up-to-date: /home/sentry/Wolf-Moon/install/nav2_msgs/include/nav2_msgs/msg/detail/costmap_filter_info__functions.h
[1.671s] -- Up-to-date: /home/sentry/Wolf-Moon/install/nav2_msgs/include/nav2_msgs/msg/detail/costmap_meta_data__type_support.h
[1.672s] -- Up-to-date: /home/sentry/Wolf-Moon/install/nav2_msgs/include/nav2_msgs/msg/detail/particle_cloud__type_support.h
[1.672s] -- Up-to-date: /home/sentry/Wolf-Moon/install/nav2_msgs/include/nav2_msgs/msg/detail/speed_limit__type_support.h
[1.672s] -- Up-to-date: /home/sentry/Wolf-Moon/install/nav2_msgs/include/nav2_msgs/msg/detail/costmap__functions.h
[1.672s] -- Up-to-date: /home/sentry/Wolf-Moon/install/nav2_msgs/include/nav2_msgs/msg/detail/costmap_meta_data__struct.h
[1.672s] -- Up-to-date: /home/sentry/Wolf-Moon/install/nav2_msgs/include/nav2_msgs/msg/detail/speed_limit__struct.h
[1.672s] -- Up-to-date: /home/sentry/Wolf-Moon/install/nav2_msgs/include/nav2_msgs/msg/detail/behavior_tree_status_change__functions.c
[1.672s] -- Up-to-date: /home/sentry/Wolf-Moon/install/nav2_msgs/include/nav2_msgs/msg/detail/behavior_tree_status_change__functions.h
[1.672s] -- Up-to-date: /home/sentry/Wolf-Moon/install/nav2_msgs/include/nav2_msgs/msg/detail/particle__functions.h
[1.672s] -- Up-to-date: /home/sentry/Wolf-Moon/install/nav2_msgs/include/nav2_msgs/msg/detail/costmap__struct.h
[1.673s] -- Up-to-date: /home/sentry/Wolf-Moon/install/nav2_msgs/include/nav2_msgs/msg/detail/particle__type_support.h
[1.673s] -- Up-to-date: /home/sentry/Wolf-Moon/install/nav2_msgs/include/nav2_msgs/msg/detail/particle_cloud__struct.h
[1.673s] -- Up-to-date: /home/sentry/Wolf-Moon/install/nav2_msgs/include/nav2_msgs/msg/detail/behavior_tree_log__functions.c
[1.673s] -- Up-to-date: /home/sentry/Wolf-Moon/install/nav2_msgs/include/nav2_msgs/msg/detail/voxel_grid__type_support.h
[1.673s] -- Up-to-date: /home/sentry/Wolf-Moon/install/nav2_msgs/include/nav2_msgs/msg/costmap_filter_info.h
[1.673s] -- Up-to-date: /home/sentry/Wolf-Moon/install/nav2_msgs/include/nav2_msgs/msg/costmap.h
[1.673s] -- Up-to-date: /home/sentry/Wolf-Moon/install/nav2_msgs/include/nav2_msgs/msg/rosidl_generator_c__visibility_control.h
[1.673s] -- Up-to-date: /home/sentry/Wolf-Moon/install/nav2_msgs/include/nav2_msgs/msg/voxel_grid.h
[1.673s] -- Up-to-date: /home/sentry/Wolf-Moon/install/nav2_msgs/include/nav2_msgs/action
[1.674s] -- Up-to-date: /home/sentry/Wolf-Moon/install/nav2_msgs/include/nav2_msgs/action/compute_path_through_poses.h
[1.674s] -- Up-to-date: /home/sentry/Wolf-Moon/install/nav2_msgs/include/nav2_msgs/action/wait.h
[1.674s] -- Up-to-date: /home/sentry/Wolf-Moon/install/nav2_msgs/include/nav2_msgs/action/back_up.h
[1.674s] -- Up-to-date: /home/sentry/Wolf-Moon/install/nav2_msgs/include/nav2_msgs/action/compute_path_to_pose.h
[1.674s] -- Up-to-date: /home/sentry/Wolf-Moon/install/nav2_msgs/include/nav2_msgs/action/dummy_recovery.h
[1.674s] -- Up-to-date: /home/sentry/Wolf-Moon/install/nav2_msgs/include/nav2_msgs/action/detail
[1.674s] -- Up-to-date: /home/sentry/Wolf-Moon/install/nav2_msgs/include/nav2_msgs/action/detail/follow_path__functions.h
[1.674s] -- Up-to-date: /home/sentry/Wolf-Moon/install/nav2_msgs/include/nav2_msgs/action/detail/navigate_through_poses__functions.h
[1.675s] -- Up-to-date: /home/sentry/Wolf-Moon/install/nav2_msgs/include/nav2_msgs/action/detail/back_up__functions.h
[1.675s] -- Up-to-date: /home/sentry/Wolf-Moon/install/nav2_msgs/include/nav2_msgs/action/detail/navigate_to_pose__functions.h
[1.675s] -- Up-to-date: /home/sentry/Wolf-Moon/install/nav2_msgs/include/nav2_msgs/action/detail/follow_waypoints__struct.h
[1.675s] -- Up-to-date: /home/sentry/Wolf-Moon/install/nav2_msgs/include/nav2_msgs/action/detail/compute_path_to_pose__type_support.h
[1.675s] -- Up-to-date: /home/sentry/Wolf-Moon/install/nav2_msgs/include/nav2_msgs/action/detail/dummy_recovery__functions.c
[1.675s] -- Up-to-date: /home/sentry/Wolf-Moon/install/nav2_msgs/include/nav2_msgs/action/detail/compute_path_to_pose__functions.c
[1.675s] -- Up-to-date: /home/sentry/Wolf-Moon/install/nav2_msgs/include/nav2_msgs/action/detail/compute_path_to_pose__struct.h
[1.675s] -- Up-to-date: /home/sentry/Wolf-Moon/install/nav2_msgs/include/nav2_msgs/action/detail/navigate_to_pose__struct.h
[1.681s] -- Up-to-date: /home/sentry/Wolf-Moon/install/nav2_msgs/include/nav2_msgs/action/detail/spin__type_support.h
[1.681s] -- Up-to-date: /home/sentry/Wolf-Moon/install/nav2_msgs/include/nav2_msgs/action/detail/spin__functions.h
[1.682s] -- Up-to-date: /home/sentry/Wolf-Moon/install/nav2_msgs/include/nav2_msgs/action/detail/wait__type_support.h
[1.682s] -- Up-to-date: /home/sentry/Wolf-Moon/install/nav2_msgs/include/nav2_msgs/action/detail/follow_waypoints__type_support.h
[1.682s] -- Up-to-date: /home/sentry/Wolf-Moon/install/nav2_msgs/include/nav2_msgs/action/detail/wait__functions.c
[1.682s] -- Up-to-date: /home/sentry/Wolf-Moon/install/nav2_msgs/include/nav2_msgs/action/detail/dummy_recovery__struct.h
[1.682s] -- Up-to-date: /home/sentry/Wolf-Moon/install/nav2_msgs/include/nav2_msgs/action/detail/spin__functions.c
[1.682s] -- Up-to-date: /home/sentry/Wolf-Moon/install/nav2_msgs/include/nav2_msgs/action/detail/follow_path__struct.h
[1.682s] -- Up-to-date: /home/sentry/Wolf-Moon/install/nav2_msgs/include/nav2_msgs/action/detail/navigate_to_pose__functions.c
[1.682s] -- Up-to-date: /home/sentry/Wolf-Moon/install/nav2_msgs/include/nav2_msgs/action/detail/back_up__functions.c
[1.682s] -- Up-to-date: /home/sentry/Wolf-Moon/install/nav2_msgs/include/nav2_msgs/action/detail/compute_path_through_poses__struct.h
[1.682s] -- Up-to-date: /home/sentry/Wolf-Moon/install/nav2_msgs/include/nav2_msgs/action/detail/navigate_through_poses__functions.c
[1.682s] -- Up-to-date: /home/sentry/Wolf-Moon/install/nav2_msgs/include/nav2_msgs/action/detail/compute_path_to_pose__functions.h
[1.682s] -- Up-to-date: /home/sentry/Wolf-Moon/install/nav2_msgs/include/nav2_msgs/action/detail/follow_path__functions.c
[1.682s] -- Up-to-date: /home/sentry/Wolf-Moon/install/nav2_msgs/include/nav2_msgs/action/detail/navigate_through_poses__type_support.h
[1.682s] -- Up-to-date: /home/sentry/Wolf-Moon/install/nav2_msgs/include/nav2_msgs/action/detail/follow_path__type_support.h
[1.682s] -- Up-to-date: /home/sentry/Wolf-Moon/install/nav2_msgs/include/nav2_msgs/action/detail/back_up__struct.h
[1.683s] -- Up-to-date: /home/sentry/Wolf-Moon/install/nav2_msgs/include/nav2_msgs/action/detail/wait__functions.h
[1.683s] -- Up-to-date: /home/sentry/Wolf-Moon/install/nav2_msgs/include/nav2_msgs/action/detail/follow_waypoints__functions.c
[1.683s] -- Up-to-date: /home/sentry/Wolf-Moon/install/nav2_msgs/include/nav2_msgs/action/detail/navigate_to_pose__type_support.h
[1.683s] -- Up-to-date: /home/sentry/Wolf-Moon/install/nav2_msgs/include/nav2_msgs/action/detail/wait__struct.h
[1.683s] -- Up-to-date: /home/sentry/Wolf-Moon/install/nav2_msgs/include/nav2_msgs/action/detail/navigate_through_poses__struct.h
[1.683s] -- Up-to-date: /home/sentry/Wolf-Moon/install/nav2_msgs/include/nav2_msgs/action/detail/compute_path_through_poses__functions.h
[1.684s] -- Up-to-date: /home/sentry/Wolf-Moon/install/nav2_msgs/include/nav2_msgs/action/detail/dummy_recovery__functions.h
[1.684s] -- Up-to-date: /home/sentry/Wolf-Moon/install/nav2_msgs/include/nav2_msgs/action/detail/spin__struct.h
[1.684s] -- Up-to-date: /home/sentry/Wolf-Moon/install/nav2_msgs/include/nav2_msgs/action/detail/dummy_recovery__type_support.h
[1.684s] -- Up-to-date: /home/sentry/Wolf-Moon/install/nav2_msgs/include/nav2_msgs/action/detail/back_up__type_support.h
[1.685s] -- Up-to-date: /home/sentry/Wolf-Moon/install/nav2_msgs/include/nav2_msgs/action/detail/compute_path_through_poses__type_support.h
[1.685s] -- Up-to-date: /home/sentry/Wolf-Moon/install/nav2_msgs/include/nav2_msgs/action/detail/compute_path_through_poses__functions.c
[1.686s] -- Up-to-date: /home/sentry/Wolf-Moon/install/nav2_msgs/include/nav2_msgs/action/detail/follow_waypoints__functions.h
[1.686s] -- Up-to-date: /home/sentry/Wolf-Moon/install/nav2_msgs/include/nav2_msgs/action/navigate_through_poses.h
[1.686s] -- Up-to-date: /home/sentry/Wolf-Moon/install/nav2_msgs/include/nav2_msgs/action/follow_path.h
[1.686s] -- Up-to-date: /home/sentry/Wolf-Moon/install/nav2_msgs/include/nav2_msgs/action/navigate_to_pose.h
[1.687s] -- Up-to-date: /home/sentry/Wolf-Moon/install/nav2_msgs/include/nav2_msgs/action/spin.h
[1.687s] -- Up-to-date: /home/sentry/Wolf-Moon/install/nav2_msgs/include/nav2_msgs/action/follow_waypoints.h
[1.687s] -- Up-to-date: /home/sentry/Wolf-Moon/install/nav2_msgs/include/nav2_msgs/srv
[1.687s] -- Up-to-date: /home/sentry/Wolf-Moon/install/nav2_msgs/include/nav2_msgs/srv/load_map.h
[1.687s] -- Up-to-date: /home/sentry/Wolf-Moon/install/nav2_msgs/include/nav2_msgs/srv/manage_lifecycle_nodes.h
[1.687s] -- Up-to-date: /home/sentry/Wolf-Moon/install/nav2_msgs/include/nav2_msgs/srv/save_map.h
[1.687s] -- Up-to-date: /home/sentry/Wolf-Moon/install/nav2_msgs/include/nav2_msgs/srv/get_costmap.h
[1.687s] -- Up-to-date: /home/sentry/Wolf-Moon/install/nav2_msgs/include/nav2_msgs/srv/detail
[1.687s] -- Up-to-date: /home/sentry/Wolf-Moon/install/nav2_msgs/include/nav2_msgs/srv/detail/clear_costmap_except_region__functions.c
[1.687s] -- Up-to-date: /home/sentry/Wolf-Moon/install/nav2_msgs/include/nav2_msgs/srv/detail/manage_lifecycle_nodes__functions.c
[1.687s] -- Up-to-date: /home/sentry/Wolf-Moon/install/nav2_msgs/include/nav2_msgs/srv/detail/load_map__functions.c
[1.687s] -- Up-to-date: /home/sentry/Wolf-Moon/install/nav2_msgs/include/nav2_msgs/srv/detail/clear_costmap_except_region__type_support.h
[1.687s] -- Up-to-date: /home/sentry/Wolf-Moon/install/nav2_msgs/include/nav2_msgs/srv/detail/get_costmap__functions.h
[1.687s] -- Up-to-date: /home/sentry/Wolf-Moon/install/nav2_msgs/include/nav2_msgs/srv/detail/clear_costmap_around_robot__functions.h
[1.687s] -- Up-to-date: /home/sentry/Wolf-Moon/install/nav2_msgs/include/nav2_msgs/srv/detail/clear_entire_costmap__type_support.h
[1.687s] -- Up-to-date: /home/sentry/Wolf-Moon/install/nav2_msgs/include/nav2_msgs/srv/detail/clear_costmap_except_region__struct.h
[1.688s] -- Up-to-date: /home/sentry/Wolf-Moon/install/nav2_msgs/include/nav2_msgs/srv/detail/clear_entire_costmap__struct.h
[1.688s] -- Up-to-date: /home/sentry/Wolf-Moon/install/nav2_msgs/include/nav2_msgs/srv/detail/load_map__type_support.h
[1.688s] -- Up-to-date: /home/sentry/Wolf-Moon/install/nav2_msgs/include/nav2_msgs/srv/detail/manage_lifecycle_nodes__struct.h
[1.688s] -- Up-to-date: /home/sentry/Wolf-Moon/install/nav2_msgs/include/nav2_msgs/srv/detail/clear_entire_costmap__functions.c
[1.688s] -- Up-to-date: /home/sentry/Wolf-Moon/install/nav2_msgs/include/nav2_msgs/srv/detail/save_map__struct.h
[1.688s] -- Up-to-date: /home/sentry/Wolf-Moon/install/nav2_msgs/include/nav2_msgs/srv/detail/clear_costmap_around_robot__functions.c
[1.688s] -- Up-to-date: /home/sentry/Wolf-Moon/install/nav2_msgs/include/nav2_msgs/srv/detail/save_map__functions.h
[1.688s] -- Up-to-date: /home/sentry/Wolf-Moon/install/nav2_msgs/include/nav2_msgs/srv/detail/save_map__functions.c
[1.688s] -- Up-to-date: /home/sentry/Wolf-Moon/install/nav2_msgs/include/nav2_msgs/srv/detail/save_map__type_support.h
[1.688s] -- Up-to-date: /home/sentry/Wolf-Moon/install/nav2_msgs/include/nav2_msgs/srv/detail/get_costmap__type_support.h
[1.688s] -- Up-to-date: /home/sentry/Wolf-Moon/install/nav2_msgs/include/nav2_msgs/srv/detail/manage_lifecycle_nodes__functions.h
[1.688s] -- Up-to-date: /home/sentry/Wolf-Moon/install/nav2_msgs/include/nav2_msgs/srv/detail/clear_costmap_around_robot__struct.h
[1.688s] -- Up-to-date: /home/sentry/Wolf-Moon/install/nav2_msgs/include/nav2_msgs/srv/detail/get_costmap__struct.h
[1.688s] -- Up-to-date: /home/sentry/Wolf-Moon/install/nav2_msgs/include/nav2_msgs/srv/detail/get_costmap__functions.c
[1.689s] -- Up-to-date: /home/sentry/Wolf-Moon/install/nav2_msgs/include/nav2_msgs/srv/detail/load_map__struct.h
[1.689s] -- Up-to-date: /home/sentry/Wolf-Moon/install/nav2_msgs/include/nav2_msgs/srv/detail/load_map__functions.h
[1.690s] -- Up-to-date: /home/sentry/Wolf-Moon/install/nav2_msgs/include/nav2_msgs/srv/detail/clear_costmap_except_region__functions.h
[1.690s] -- Up-to-date: /home/sentry/Wolf-Moon/install/nav2_msgs/include/nav2_msgs/srv/detail/clear_entire_costmap__functions.h
[1.690s] -- Up-to-date: /home/sentry/Wolf-Moon/install/nav2_msgs/include/nav2_msgs/srv/detail/clear_costmap_around_robot__type_support.h
[1.690s] -- Up-to-date: /home/sentry/Wolf-Moon/install/nav2_msgs/include/nav2_msgs/srv/detail/manage_lifecycle_nodes__type_support.h
[1.690s] -- Up-to-date: /home/sentry/Wolf-Moon/install/nav2_msgs/include/nav2_msgs/srv/clear_costmap_except_region.h
[1.690s] -- Up-to-date: /home/sentry/Wolf-Moon/install/nav2_msgs/include/nav2_msgs/srv/clear_entire_costmap.h
[1.691s] -- Up-to-date: /home/sentry/Wolf-Moon/install/nav2_msgs/include/nav2_msgs/srv/clear_costmap_around_robot.h
[1.691s] -- Up-to-date: /home/sentry/Wolf-Moon/install/nav2_msgs/share/nav2_msgs/environment/library_path.sh
[1.691s] -- Up-to-date: /home/sentry/Wolf-Moon/install/nav2_msgs/share/nav2_msgs/environment/library_path.dsv
[1.691s] -- Up-to-date: /home/sentry/Wolf-Moon/install/nav2_msgs/lib/libnav2_msgs__rosidl_generator_c.so
[1.691s] -- Up-to-date: /home/sentry/Wolf-Moon/install/nav2_msgs/include/nav2_msgs
[1.691s] -- Up-to-date: /home/sentry/Wolf-Moon/install/nav2_msgs/include/nav2_msgs/msg
[1.692s] -- Up-to-date: /home/sentry/Wolf-Moon/install/nav2_msgs/include/nav2_msgs/msg/detail
[1.692s] -- Up-to-date: /home/sentry/Wolf-Moon/install/nav2_msgs/include/nav2_msgs/msg/detail/speed_limit__rosidl_typesupport_fastrtps_c.h
[1.692s] -- Up-to-date: /home/sentry/Wolf-Moon/install/nav2_msgs/include/nav2_msgs/msg/detail/behavior_tree_log__rosidl_typesupport_fastrtps_c.h
[1.692s] -- Up-to-date: /home/sentry/Wolf-Moon/install/nav2_msgs/include/nav2_msgs/msg/detail/particle__rosidl_typesupport_fastrtps_c.h
[1.692s] -- Up-to-date: /home/sentry/Wolf-Moon/install/nav2_msgs/include/nav2_msgs/msg/detail/costmap__rosidl_typesupport_fastrtps_c.h
[1.692s] -- Up-to-date: /home/sentry/Wolf-Moon/install/nav2_msgs/include/nav2_msgs/msg/detail/voxel_grid__rosidl_typesupport_fastrtps_c.h
[1.693s] -- Up-to-date: /home/sentry/Wolf-Moon/install/nav2_msgs/include/nav2_msgs/msg/detail/particle_cloud__rosidl_typesupport_fastrtps_c.h
[1.693s] -- Up-to-date: /home/sentry/Wolf-Moon/install/nav2_msgs/include/nav2_msgs/msg/detail/costmap_meta_data__rosidl_typesupport_fastrtps_c.h
[1.693s] -- Up-to-date: /home/sentry/Wolf-Moon/install/nav2_msgs/include/nav2_msgs/msg/detail/behavior_tree_status_change__rosidl_typesupport_fastrtps_c.h
[1.693s] -- Up-to-date: /home/sentry/Wolf-Moon/install/nav2_msgs/include/nav2_msgs/msg/detail/costmap_filter_info__rosidl_typesupport_fastrtps_c.h
[1.693s] -- Up-to-date: /home/sentry/Wolf-Moon/install/nav2_msgs/include/nav2_msgs/msg/rosidl_typesupport_fastrtps_c__visibility_control.h
[1.693s] -- Up-to-date: /home/sentry/Wolf-Moon/install/nav2_msgs/include/nav2_msgs/action
[1.693s] -- Up-to-date: /home/sentry/Wolf-Moon/install/nav2_msgs/include/nav2_msgs/action/detail
[1.693s] -- Up-to-date: /home/sentry/Wolf-Moon/install/nav2_msgs/include/nav2_msgs/action/detail/compute_path_to_pose__rosidl_typesupport_fastrtps_c.h
[1.693s] -- Up-to-date: /home/sentry/Wolf-Moon/install/nav2_msgs/include/nav2_msgs/action/detail/follow_path__rosidl_typesupport_fastrtps_c.h
[1.693s] -- Up-to-date: /home/sentry/Wolf-Moon/install/nav2_msgs/include/nav2_msgs/action/detail/dummy_recovery__rosidl_typesupport_fastrtps_c.h
[1.693s] -- Up-to-date: /home/sentry/Wolf-Moon/install/nav2_msgs/include/nav2_msgs/action/detail/spin__rosidl_typesupport_fastrtps_c.h
[1.693s] -- Up-to-date: /home/sentry/Wolf-Moon/install/nav2_msgs/include/nav2_msgs/action/detail/navigate_through_poses__rosidl_typesupport_fastrtps_c.h
[1.693s] -- Up-to-date: /home/sentry/Wolf-Moon/install/nav2_msgs/include/nav2_msgs/action/detail/compute_path_through_poses__rosidl_typesupport_fastrtps_c.h
[1.693s] -- Up-to-date: /home/sentry/Wolf-Moon/install/nav2_msgs/include/nav2_msgs/action/detail/wait__rosidl_typesupport_fastrtps_c.h
[1.693s] -- Up-to-date: /home/sentry/Wolf-Moon/install/nav2_msgs/include/nav2_msgs/action/detail/back_up__rosidl_typesupport_fastrtps_c.h
[1.693s] -- Up-to-date: /home/sentry/Wolf-Moon/install/nav2_msgs/include/nav2_msgs/action/detail/follow_waypoints__rosidl_typesupport_fastrtps_c.h
[1.693s] -- Up-to-date: /home/sentry/Wolf-Moon/install/nav2_msgs/include/nav2_msgs/action/detail/navigate_to_pose__rosidl_typesupport_fastrtps_c.h
[1.693s] -- Up-to-date: /home/sentry/Wolf-Moon/install/nav2_msgs/include/nav2_msgs/srv
[1.693s] -- Up-to-date: /home/sentry/Wolf-Moon/install/nav2_msgs/include/nav2_msgs/srv/detail
[1.693s] -- Up-to-date: /home/sentry/Wolf-Moon/install/nav2_msgs/include/nav2_msgs/srv/detail/get_costmap__rosidl_typesupport_fastrtps_c.h
[1.693s] -- Up-to-date: /home/sentry/Wolf-Moon/install/nav2_msgs/include/nav2_msgs/srv/detail/clear_costmap_around_robot__rosidl_typesupport_fastrtps_c.h
[1.693s] -- Up-to-date: /home/sentry/Wolf-Moon/install/nav2_msgs/include/nav2_msgs/srv/detail/manage_lifecycle_nodes__rosidl_typesupport_fastrtps_c.h
[1.693s] -- Up-to-date: /home/sentry/Wolf-Moon/install/nav2_msgs/include/nav2_msgs/srv/detail/save_map__rosidl_typesupport_fastrtps_c.h
[1.693s] -- Up-to-date: /home/sentry/Wolf-Moon/install/nav2_msgs/include/nav2_msgs/srv/detail/load_map__rosidl_typesupport_fastrtps_c.h
[1.694s] -- Up-to-date: /home/sentry/Wolf-Moon/install/nav2_msgs/include/nav2_msgs/srv/detail/clear_costmap_except_region__rosidl_typesupport_fastrtps_c.h
[1.694s] -- Up-to-date: /home/sentry/Wolf-Moon/install/nav2_msgs/include/nav2_msgs/srv/detail/clear_entire_costmap__rosidl_typesupport_fastrtps_c.h
[1.694s] -- Up-to-date: /home/sentry/Wolf-Moon/install/nav2_msgs/lib/libnav2_msgs__rosidl_typesupport_fastrtps_c.so
[1.694s] -- Up-to-date: /home/sentry/Wolf-Moon/install/nav2_msgs/include/nav2_msgs
[1.694s] -- Up-to-date: /home/sentry/Wolf-Moon/install/nav2_msgs/include/nav2_msgs/msg
[1.694s] -- Up-to-date: /home/sentry/Wolf-Moon/install/nav2_msgs/include/nav2_msgs/msg/detail
[1.694s] -- Up-to-date: /home/sentry/Wolf-Moon/install/nav2_msgs/include/nav2_msgs/msg/detail/behavior_tree_log__rosidl_typesupport_fastrtps_cpp.hpp
[1.694s] -- Up-to-date: /home/sentry/Wolf-Moon/install/nav2_msgs/include/nav2_msgs/msg/detail/behavior_tree_status_change__rosidl_typesupport_fastrtps_cpp.hpp
[1.694s] -- Up-to-date: /home/sentry/Wolf-Moon/install/nav2_msgs/include/nav2_msgs/msg/detail/costmap_meta_data__rosidl_typesupport_fastrtps_cpp.hpp
[1.694s] -- Up-to-date: /home/sentry/Wolf-Moon/install/nav2_msgs/include/nav2_msgs/msg/detail/particle_cloud__rosidl_typesupport_fastrtps_cpp.hpp
[1.694s] -- Up-to-date: /home/sentry/Wolf-Moon/install/nav2_msgs/include/nav2_msgs/msg/detail/particle__rosidl_typesupport_fastrtps_cpp.hpp
[1.694s] -- Up-to-date: /home/sentry/Wolf-Moon/install/nav2_msgs/include/nav2_msgs/msg/detail/voxel_grid__rosidl_typesupport_fastrtps_cpp.hpp
[1.694s] -- Up-to-date: /home/sentry/Wolf-Moon/install/nav2_msgs/include/nav2_msgs/msg/detail/speed_limit__rosidl_typesupport_fastrtps_cpp.hpp
[1.694s] -- Up-to-date: /home/sentry/Wolf-Moon/install/nav2_msgs/include/nav2_msgs/msg/detail/costmap_filter_info__rosidl_typesupport_fastrtps_cpp.hpp
[1.694s] -- Up-to-date: /home/sentry/Wolf-Moon/install/nav2_msgs/include/nav2_msgs/msg/detail/dds_fastrtps
[1.694s] -- Up-to-date: /home/sentry/Wolf-Moon/install/nav2_msgs/include/nav2_msgs/msg/detail/costmap__rosidl_typesupport_fastrtps_cpp.hpp
[1.694s] -- Up-to-date: /home/sentry/Wolf-Moon/install/nav2_msgs/include/nav2_msgs/msg/rosidl_typesupport_fastrtps_cpp__visibility_control.h
[1.694s] -- Up-to-date: /home/sentry/Wolf-Moon/install/nav2_msgs/include/nav2_msgs/action
[1.694s] -- Up-to-date: /home/sentry/Wolf-Moon/install/nav2_msgs/include/nav2_msgs/action/detail
[1.695s] -- Up-to-date: /home/sentry/Wolf-Moon/install/nav2_msgs/include/nav2_msgs/action/detail/follow_waypoints__rosidl_typesupport_fastrtps_cpp.hpp
[1.695s] -- Up-to-date: /home/sentry/Wolf-Moon/install/nav2_msgs/include/nav2_msgs/action/detail/navigate_to_pose__rosidl_typesupport_fastrtps_cpp.hpp
[1.695s] -- Up-to-date: /home/sentry/Wolf-Moon/install/nav2_msgs/include/nav2_msgs/action/detail/back_up__rosidl_typesupport_fastrtps_cpp.hpp
[1.695s] -- Up-to-date: /home/sentry/Wolf-Moon/install/nav2_msgs/include/nav2_msgs/action/detail/follow_path__rosidl_typesupport_fastrtps_cpp.hpp
[1.695s] -- Up-to-date: /home/sentry/Wolf-Moon/install/nav2_msgs/include/nav2_msgs/action/detail/compute_path_to_pose__rosidl_typesupport_fastrtps_cpp.hpp
[1.695s] -- Up-to-date: /home/sentry/Wolf-Moon/install/nav2_msgs/include/nav2_msgs/action/detail/spin__rosidl_typesupport_fastrtps_cpp.hpp
[1.695s] -- Up-to-date: /home/sentry/Wolf-Moon/install/nav2_msgs/include/nav2_msgs/action/detail/compute_path_through_poses__rosidl_typesupport_fastrtps_cpp.hpp
[1.695s] -- Up-to-date: /home/sentry/Wolf-Moon/install/nav2_msgs/include/nav2_msgs/action/detail/dummy_recovery__rosidl_typesupport_fastrtps_cpp.hpp
[1.695s] -- Up-to-date: /home/sentry/Wolf-Moon/install/nav2_msgs/include/nav2_msgs/action/detail/navigate_through_poses__rosidl_typesupport_fastrtps_cpp.hpp
[1.695s] -- Up-to-date: /home/sentry/Wolf-Moon/install/nav2_msgs/include/nav2_msgs/action/detail/dds_fastrtps
[1.695s] -- Up-to-date: /home/sentry/Wolf-Moon/install/nav2_msgs/include/nav2_msgs/action/detail/wait__rosidl_typesupport_fastrtps_cpp.hpp
[1.695s] -- Up-to-date: /home/sentry/Wolf-Moon/install/nav2_msgs/include/nav2_msgs/srv
[1.695s] -- Up-to-date: /home/sentry/Wolf-Moon/install/nav2_msgs/include/nav2_msgs/srv/detail
[1.695s] -- Up-to-date: /home/sentry/Wolf-Moon/install/nav2_msgs/include/nav2_msgs/srv/detail/clear_entire_costmap__rosidl_typesupport_fastrtps_cpp.hpp
[1.695s] -- Up-to-date: /home/sentry/Wolf-Moon/install/nav2_msgs/include/nav2_msgs/srv/detail/save_map__rosidl_typesupport_fastrtps_cpp.hpp
[1.696s] -- Up-to-date: /home/sentry/Wolf-Moon/install/nav2_msgs/include/nav2_msgs/srv/detail/clear_costmap_around_robot__rosidl_typesupport_fastrtps_cpp.hpp
[1.696s] -- Up-to-date: /home/sentry/Wolf-Moon/install/nav2_msgs/include/nav2_msgs/srv/detail/get_costmap__rosidl_typesupport_fastrtps_cpp.hpp
[1.696s] -- Up-to-date: /home/sentry/Wolf-Moon/install/nav2_msgs/include/nav2_msgs/srv/detail/manage_lifecycle_nodes__rosidl_typesupport_fastrtps_cpp.hpp
[1.696s] -- Up-to-date: /home/sentry/Wolf-Moon/install/nav2_msgs/include/nav2_msgs/srv/detail/dds_fastrtps
[1.696s] -- Up-to-date: /home/sentry/Wolf-Moon/install/nav2_msgs/include/nav2_msgs/srv/detail/load_map__rosidl_typesupport_fastrtps_cpp.hpp
[1.696s] -- Up-to-date: /home/sentry/Wolf-Moon/install/nav2_msgs/include/nav2_msgs/srv/detail/clear_costmap_except_region__rosidl_typesupport_fastrtps_cpp.hpp
[1.696s] -- Up-to-date: /home/sentry/Wolf-Moon/install/nav2_msgs/lib/libnav2_msgs__rosidl_typesupport_fastrtps_cpp.so
[1.696s] -- Up-to-date: /home/sentry/Wolf-Moon/install/nav2_msgs/include/nav2_msgs
[1.696s] -- Up-to-date: /home/sentry/Wolf-Moon/install/nav2_msgs/include/nav2_msgs/msg
[1.696s] -- Up-to-date: /home/sentry/Wolf-Moon/install/nav2_msgs/include/nav2_msgs/msg/rosidl_typesupport_introspection_c__visibility_control.h
[1.696s] -- Up-to-date: /home/sentry/Wolf-Moon/install/nav2_msgs/include/nav2_msgs/msg/detail
[1.696s] -- Up-to-date: /home/sentry/Wolf-Moon/install/nav2_msgs/include/nav2_msgs/msg/detail/costmap__rosidl_typesupport_introspection_c.h
[1.696s] -- Up-to-date: /home/sentry/Wolf-Moon/install/nav2_msgs/include/nav2_msgs/msg/detail/voxel_grid__rosidl_typesupport_introspection_c.h
[1.696s] -- Up-to-date: /home/sentry/Wolf-Moon/install/nav2_msgs/include/nav2_msgs/msg/detail/costmap_filter_info__type_support.c
[1.696s] -- Up-to-date: /home/sentry/Wolf-Moon/install/nav2_msgs/include/nav2_msgs/msg/detail/voxel_grid__type_support.c
[1.696s] -- Up-to-date: /home/sentry/Wolf-Moon/install/nav2_msgs/include/nav2_msgs/msg/detail/behavior_tree_log__rosidl_typesupport_introspection_c.h
[1.697s] -- Up-to-date: /home/sentry/Wolf-Moon/install/nav2_msgs/include/nav2_msgs/msg/detail/particle_cloud__rosidl_typesupport_introspection_c.h
[1.697s] -- Up-to-date: /home/sentry/Wolf-Moon/install/nav2_msgs/include/nav2_msgs/msg/detail/costmap_meta_data__type_support.c
[1.697s] -- Up-to-date: /home/sentry/Wolf-Moon/install/nav2_msgs/include/nav2_msgs/msg/detail/behavior_tree_status_change__rosidl_typesupport_introspection_c.h
[1.697s] -- Up-to-date: /home/sentry/Wolf-Moon/install/nav2_msgs/include/nav2_msgs/msg/detail/costmap__type_support.c
[1.697s] -- Up-to-date: /home/sentry/Wolf-Moon/install/nav2_msgs/include/nav2_msgs/msg/detail/particle_cloud__type_support.c
[1.697s] -- Up-to-date: /home/sentry/Wolf-Moon/install/nav2_msgs/include/nav2_msgs/msg/detail/costmap_filter_info__rosidl_typesupport_introspection_c.h
[1.697s] -- Up-to-date: /home/sentry/Wolf-Moon/install/nav2_msgs/include/nav2_msgs/msg/detail/particle__rosidl_typesupport_introspection_c.h
[1.697s] -- Up-to-date: /home/sentry/Wolf-Moon/install/nav2_msgs/include/nav2_msgs/msg/detail/behavior_tree_status_change__type_support.c
[1.697s] -- Up-to-date: /home/sentry/Wolf-Moon/install/nav2_msgs/include/nav2_msgs/msg/detail/behavior_tree_log__type_support.c
[1.697s] -- Up-to-date: /home/sentry/Wolf-Moon/install/nav2_msgs/include/nav2_msgs/msg/detail/particle__type_support.c
[1.697s] -- Up-to-date: /home/sentry/Wolf-Moon/install/nav2_msgs/include/nav2_msgs/msg/detail/speed_limit__rosidl_typesupport_introspection_c.h
[1.697s] -- Up-to-date: /home/sentry/Wolf-Moon/install/nav2_msgs/include/nav2_msgs/msg/detail/speed_limit__type_support.c
[1.697s] -- Up-to-date: /home/sentry/Wolf-Moon/install/nav2_msgs/include/nav2_msgs/msg/detail/costmap_meta_data__rosidl_typesupport_introspection_c.h
[1.697s] -- Up-to-date: /home/sentry/Wolf-Moon/install/nav2_msgs/include/nav2_msgs/action
[1.697s] -- Up-to-date: /home/sentry/Wolf-Moon/install/nav2_msgs/include/nav2_msgs/action/detail
[1.698s] -- Up-to-date: /home/sentry/Wolf-Moon/install/nav2_msgs/include/nav2_msgs/action/detail/wait__rosidl_typesupport_introspection_c.h
[1.698s] -- Up-to-date: /home/sentry/Wolf-Moon/install/nav2_msgs/include/nav2_msgs/action/detail/navigate_through_poses__type_support.c
[1.698s] -- Up-to-date: /home/sentry/Wolf-Moon/install/nav2_msgs/include/nav2_msgs/action/detail/compute_path_to_pose__type_support.c
[1.698s] -- Up-to-date: /home/sentry/Wolf-Moon/install/nav2_msgs/include/nav2_msgs/action/detail/compute_path_through_poses__type_support.c
[1.698s] -- Up-to-date: /home/sentry/Wolf-Moon/install/nav2_msgs/include/nav2_msgs/action/detail/wait__type_support.c
[1.698s] -- Up-to-date: /home/sentry/Wolf-Moon/install/nav2_msgs/include/nav2_msgs/action/detail/spin__rosidl_typesupport_introspection_c.h
[1.698s] -- Up-to-date: /home/sentry/Wolf-Moon/install/nav2_msgs/include/nav2_msgs/action/detail/navigate_to_pose__rosidl_typesupport_introspection_c.h
[1.698s] -- Up-to-date: /home/sentry/Wolf-Moon/install/nav2_msgs/include/nav2_msgs/action/detail/navigate_to_pose__type_support.c
[1.698s] -- Up-to-date: /home/sentry/Wolf-Moon/install/nav2_msgs/include/nav2_msgs/action/detail/follow_waypoints__type_support.c
[1.698s] -- Up-to-date: /home/sentry/Wolf-Moon/install/nav2_msgs/include/nav2_msgs/action/detail/spin__type_support.c
[1.698s] -- Up-to-date: /home/sentry/Wolf-Moon/install/nav2_msgs/include/nav2_msgs/action/detail/navigate_through_poses__rosidl_typesupport_introspection_c.h
[1.698s] -- Up-to-date: /home/sentry/Wolf-Moon/install/nav2_msgs/include/nav2_msgs/action/detail/follow_path__rosidl_typesupport_introspection_c.h
[1.698s] -- Up-to-date: /home/sentry/Wolf-Moon/install/nav2_msgs/include/nav2_msgs/action/detail/follow_waypoints__rosidl_typesupport_introspection_c.h
[1.698s] -- Up-to-date: /home/sentry/Wolf-Moon/install/nav2_msgs/include/nav2_msgs/action/detail/dummy_recovery__rosidl_typesupport_introspection_c.h
[1.699s] -- Up-to-date: /home/sentry/Wolf-Moon/install/nav2_msgs/include/nav2_msgs/action/detail/compute_path_to_pose__rosidl_typesupport_introspection_c.h
[1.699s] -- Up-to-date: /home/sentry/Wolf-Moon/install/nav2_msgs/include/nav2_msgs/action/detail/dummy_recovery__type_support.c
[1.699s] -- Up-to-date: /home/sentry/Wolf-Moon/install/nav2_msgs/include/nav2_msgs/action/detail/back_up__rosidl_typesupport_introspection_c.h
[1.699s] -- Up-to-date: /home/sentry/Wolf-Moon/install/nav2_msgs/include/nav2_msgs/action/detail/back_up__type_support.c
[1.699s] -- Up-to-date: /home/sentry/Wolf-Moon/install/nav2_msgs/include/nav2_msgs/action/detail/compute_path_through_poses__rosidl_typesupport_introspection_c.h
[1.699s] -- Up-to-date: /home/sentry/Wolf-Moon/install/nav2_msgs/include/nav2_msgs/action/detail/follow_path__type_support.c
[1.699s] -- Up-to-date: /home/sentry/Wolf-Moon/install/nav2_msgs/include/nav2_msgs/srv
[1.699s] -- Up-to-date: /home/sentry/Wolf-Moon/install/nav2_msgs/include/nav2_msgs/srv/detail
[1.699s] -- Up-to-date: /home/sentry/Wolf-Moon/install/nav2_msgs/include/nav2_msgs/srv/detail/save_map__rosidl_typesupport_introspection_c.h
[1.699s] -- Up-to-date: /home/sentry/Wolf-Moon/install/nav2_msgs/include/nav2_msgs/srv/detail/clear_costmap_around_robot__rosidl_typesupport_introspection_c.h
[1.699s] -- Up-to-date: /home/sentry/Wolf-Moon/install/nav2_msgs/include/nav2_msgs/srv/detail/load_map__type_support.c
[1.699s] -- Up-to-date: /home/sentry/Wolf-Moon/install/nav2_msgs/include/nav2_msgs/srv/detail/manage_lifecycle_nodes__type_support.c
[1.699s] -- Up-to-date: /home/sentry/Wolf-Moon/install/nav2_msgs/include/nav2_msgs/srv/detail/clear_entire_costmap__type_support.c
[1.699s] -- Up-to-date: /home/sentry/Wolf-Moon/install/nav2_msgs/include/nav2_msgs/srv/detail/get_costmap__rosidl_typesupport_introspection_c.h
[1.699s] -- Up-to-date: /home/sentry/Wolf-Moon/install/nav2_msgs/include/nav2_msgs/srv/detail/manage_lifecycle_nodes__rosidl_typesupport_introspection_c.h
[1.699s] -- Up-to-date: /home/sentry/Wolf-Moon/install/nav2_msgs/include/nav2_msgs/srv/detail/clear_costmap_except_region__type_support.c
[1.700s] -- Up-to-date: /home/sentry/Wolf-Moon/install/nav2_msgs/include/nav2_msgs/srv/detail/clear_costmap_except_region__rosidl_typesupport_introspection_c.h
[1.700s] -- Up-to-date: /home/sentry/Wolf-Moon/install/nav2_msgs/include/nav2_msgs/srv/detail/load_map__rosidl_typesupport_introspection_c.h
[1.700s] -- Up-to-date: /home/sentry/Wolf-Moon/install/nav2_msgs/include/nav2_msgs/srv/detail/get_costmap__type_support.c
[1.700s] -- Up-to-date: /home/sentry/Wolf-Moon/install/nav2_msgs/include/nav2_msgs/srv/detail/clear_costmap_around_robot__type_support.c
[1.700s] -- Up-to-date: /home/sentry/Wolf-Moon/install/nav2_msgs/include/nav2_msgs/srv/detail/save_map__type_support.c
[1.700s] -- Up-to-date: /home/sentry/Wolf-Moon/install/nav2_msgs/include/nav2_msgs/srv/detail/clear_entire_costmap__rosidl_typesupport_introspection_c.h
[1.700s] -- Up-to-date: /home/sentry/Wolf-Moon/install/nav2_msgs/lib/libnav2_msgs__rosidl_typesupport_introspection_c.so
[1.700s] -- Up-to-date: /home/sentry/Wolf-Moon/install/nav2_msgs/lib/libnav2_msgs__rosidl_typesupport_c.so
[1.700s] -- Up-to-date: /home/sentry/Wolf-Moon/install/nav2_msgs/include/nav2_msgs
[1.700s] -- Up-to-date: /home/sentry/Wolf-Moon/install/nav2_msgs/include/nav2_msgs/msg
[1.700s] -- Up-to-date: /home/sentry/Wolf-Moon/install/nav2_msgs/include/nav2_msgs/msg/costmap_meta_data.hpp
[1.700s] -- Up-to-date: /home/sentry/Wolf-Moon/install/nav2_msgs/include/nav2_msgs/msg/particle_cloud.hpp
[1.700s] -- Up-to-date: /home/sentry/Wolf-Moon/install/nav2_msgs/include/nav2_msgs/msg/costmap.hpp
[1.700s] -- Up-to-date: /home/sentry/Wolf-Moon/install/nav2_msgs/include/nav2_msgs/msg/speed_limit.hpp
[1.700s] -- Up-to-date: /home/sentry/Wolf-Moon/install/nav2_msgs/include/nav2_msgs/msg/detail
[1.700s] -- Up-to-date: /home/sentry/Wolf-Moon/install/nav2_msgs/include/nav2_msgs/msg/detail/costmap_filter_info__traits.hpp
[1.700s] -- Up-to-date: /home/sentry/Wolf-Moon/install/nav2_msgs/include/nav2_msgs/msg/detail/costmap__traits.hpp
[1.700s] -- Up-to-date: /home/sentry/Wolf-Moon/install/nav2_msgs/include/nav2_msgs/msg/detail/behavior_tree_log__traits.hpp
[1.701s] -- Up-to-date: /home/sentry/Wolf-Moon/install/nav2_msgs/include/nav2_msgs/msg/detail/behavior_tree_log__builder.hpp
[1.701s] -- Up-to-date: /home/sentry/Wolf-Moon/install/nav2_msgs/include/nav2_msgs/msg/detail/costmap_meta_data__traits.hpp
[1.701s] -- Up-to-date: /home/sentry/Wolf-Moon/install/nav2_msgs/include/nav2_msgs/msg/detail/speed_limit__struct.hpp
[1.701s] -- Up-to-date: /home/sentry/Wolf-Moon/install/nav2_msgs/include/nav2_msgs/msg/detail/costmap__builder.hpp
[1.701s] -- Up-to-date: /home/sentry/Wolf-Moon/install/nav2_msgs/include/nav2_msgs/msg/detail/costmap__struct.hpp
[1.701s] -- Up-to-date: /home/sentry/Wolf-Moon/install/nav2_msgs/include/nav2_msgs/msg/detail/costmap_meta_data__builder.hpp
[1.701s] -- Up-to-date: /home/sentry/Wolf-Moon/install/nav2_msgs/include/nav2_msgs/msg/detail/costmap_filter_info__struct.hpp
[1.701s] -- Up-to-date: /home/sentry/Wolf-Moon/install/nav2_msgs/include/nav2_msgs/msg/detail/behavior_tree_log__struct.hpp
[1.701s] -- Up-to-date: /home/sentry/Wolf-Moon/install/nav2_msgs/include/nav2_msgs/msg/detail/behavior_tree_status_change__traits.hpp
[1.701s] -- Up-to-date: /home/sentry/Wolf-Moon/install/nav2_msgs/include/nav2_msgs/msg/detail/particle__builder.hpp
[1.701s] -- Up-to-date: /home/sentry/Wolf-Moon/install/nav2_msgs/include/nav2_msgs/msg/detail/behavior_tree_status_change__builder.hpp
[1.701s] -- Up-to-date: /home/sentry/Wolf-Moon/install/nav2_msgs/include/nav2_msgs/msg/detail/particle__struct.hpp
[1.701s] -- Up-to-date: /home/sentry/Wolf-Moon/install/nav2_msgs/include/nav2_msgs/msg/detail/costmap_filter_info__builder.hpp
[1.701s] -- Up-to-date: /home/sentry/Wolf-Moon/install/nav2_msgs/include/nav2_msgs/msg/detail/particle_cloud__traits.hpp
[1.701s] -- Up-to-date: /home/sentry/Wolf-Moon/install/nav2_msgs/include/nav2_msgs/msg/detail/voxel_grid__struct.hpp
[1.701s] -- Up-to-date: /home/sentry/Wolf-Moon/install/nav2_msgs/include/nav2_msgs/msg/detail/particle__traits.hpp
[1.701s] -- Up-to-date: /home/sentry/Wolf-Moon/install/nav2_msgs/include/nav2_msgs/msg/detail/voxel_grid__builder.hpp
[1.701s] -- Up-to-date: /home/sentry/Wolf-Moon/install/nav2_msgs/include/nav2_msgs/msg/detail/particle_cloud__builder.hpp
[1.702s] -- Up-to-date: /home/sentry/Wolf-Moon/install/nav2_msgs/include/nav2_msgs/msg/detail/particle_cloud__struct.hpp
[1.702s] -- Up-to-date: /home/sentry/Wolf-Moon/install/nav2_msgs/include/nav2_msgs/msg/detail/speed_limit__builder.hpp
[1.702s] -- Up-to-date: /home/sentry/Wolf-Moon/install/nav2_msgs/include/nav2_msgs/msg/detail/speed_limit__traits.hpp
[1.702s] -- Up-to-date: /home/sentry/Wolf-Moon/install/nav2_msgs/include/nav2_msgs/msg/detail/behavior_tree_status_change__struct.hpp
[1.702s] -- Up-to-date: /home/sentry/Wolf-Moon/install/nav2_msgs/include/nav2_msgs/msg/detail/voxel_grid__traits.hpp
[1.702s] -- Up-to-date: /home/sentry/Wolf-Moon/install/nav2_msgs/include/nav2_msgs/msg/detail/costmap_meta_data__struct.hpp
[1.702s] -- Up-to-date: /home/sentry/Wolf-Moon/install/nav2_msgs/include/nav2_msgs/msg/particle.hpp
[1.702s] -- Up-to-date: /home/sentry/Wolf-Moon/install/nav2_msgs/include/nav2_msgs/msg/behavior_tree_status_change.hpp
[1.702s] -- Up-to-date: /home/sentry/Wolf-Moon/install/nav2_msgs/include/nav2_msgs/msg/voxel_grid.hpp
[1.702s] -- Up-to-date: /home/sentry/Wolf-Moon/install/nav2_msgs/include/nav2_msgs/msg/costmap_filter_info.hpp
[1.702s] -- Up-to-date: /home/sentry/Wolf-Moon/install/nav2_msgs/include/nav2_msgs/msg/behavior_tree_log.hpp
[1.702s] -- Up-to-date: /home/sentry/Wolf-Moon/install/nav2_msgs/include/nav2_msgs/action
[1.702s] -- Up-to-date: /home/sentry/Wolf-Moon/install/nav2_msgs/include/nav2_msgs/action/follow_path.hpp
[1.702s] -- Up-to-date: /home/sentry/Wolf-Moon/install/nav2_msgs/include/nav2_msgs/action/navigate_to_pose.hpp
[1.702s] -- Up-to-date: /home/sentry/Wolf-Moon/install/nav2_msgs/include/nav2_msgs/action/follow_waypoints.hpp
[1.702s] -- Up-to-date: /home/sentry/Wolf-Moon/install/nav2_msgs/include/nav2_msgs/action/navigate_through_poses.hpp
[1.702s] -- Up-to-date: /home/sentry/Wolf-Moon/install/nav2_msgs/include/nav2_msgs/action/compute_path_to_pose.hpp
[1.703s] -- Up-to-date: /home/sentry/Wolf-Moon/install/nav2_msgs/include/nav2_msgs/action/dummy_recovery.hpp
[1.703s] -- Up-to-date: /home/sentry/Wolf-Moon/install/nav2_msgs/include/nav2_msgs/action/spin.hpp
[1.703s] -- Up-to-date: /home/sentry/Wolf-Moon/install/nav2_msgs/include/nav2_msgs/action/wait.hpp
[1.703s] -- Up-to-date: /home/sentry/Wolf-Moon/install/nav2_msgs/include/nav2_msgs/action/detail
[1.703s] -- Up-to-date: /home/sentry/Wolf-Moon/install/nav2_msgs/include/nav2_msgs/action/detail/navigate_to_pose__builder.hpp
[1.703s] -- Up-to-date: /home/sentry/Wolf-Moon/install/nav2_msgs/include/nav2_msgs/action/detail/follow_path__builder.hpp
[1.703s] -- Up-to-date: /home/sentry/Wolf-Moon/install/nav2_msgs/include/nav2_msgs/action/detail/spin__traits.hpp
[1.703s] -- Up-to-date: /home/sentry/Wolf-Moon/install/nav2_msgs/include/nav2_msgs/action/detail/compute_path_through_poses__struct.hpp
[1.703s] -- Up-to-date: /home/sentry/Wolf-Moon/install/nav2_msgs/include/nav2_msgs/action/detail/navigate_through_poses__traits.hpp
[1.703s] -- Up-to-date: /home/sentry/Wolf-Moon/install/nav2_msgs/include/nav2_msgs/action/detail/wait__builder.hpp
[1.703s] -- Up-to-date: /home/sentry/Wolf-Moon/install/nav2_msgs/include/nav2_msgs/action/detail/dummy_recovery__struct.hpp
[1.703s] -- Up-to-date: /home/sentry/Wolf-Moon/install/nav2_msgs/include/nav2_msgs/action/detail/compute_path_to_pose__builder.hpp
[1.703s] -- Up-to-date: /home/sentry/Wolf-Moon/install/nav2_msgs/include/nav2_msgs/action/detail/navigate_through_poses__struct.hpp
[1.703s] -- Up-to-date: /home/sentry/Wolf-Moon/install/nav2_msgs/include/nav2_msgs/action/detail/navigate_to_pose__traits.hpp
[1.703s] -- Up-to-date: /home/sentry/Wolf-Moon/install/nav2_msgs/include/nav2_msgs/action/detail/follow_path__traits.hpp
[1.703s] -- Up-to-date: /home/sentry/Wolf-Moon/install/nav2_msgs/include/nav2_msgs/action/detail/wait__struct.hpp
[1.703s] -- Up-to-date: /home/sentry/Wolf-Moon/install/nav2_msgs/include/nav2_msgs/action/detail/back_up__builder.hpp
[1.704s] -- Up-to-date: /home/sentry/Wolf-Moon/install/nav2_msgs/include/nav2_msgs/action/detail/wait__traits.hpp
[1.704s] -- Up-to-date: /home/sentry/Wolf-Moon/install/nav2_msgs/include/nav2_msgs/action/detail/spin__struct.hpp
[1.704s] -- Up-to-date: /home/sentry/Wolf-Moon/install/nav2_msgs/include/nav2_msgs/action/detail/spin__builder.hpp
[1.704s] -- Up-to-date: /home/sentry/Wolf-Moon/install/nav2_msgs/include/nav2_msgs/action/detail/navigate_through_poses__builder.hpp
[1.704s] -- Up-to-date: /home/sentry/Wolf-Moon/install/nav2_msgs/include/nav2_msgs/action/detail/follow_waypoints__struct.hpp
[1.704s] -- Up-to-date: /home/sentry/Wolf-Moon/install/nav2_msgs/include/nav2_msgs/action/detail/compute_path_through_poses__builder.hpp
[1.704s] -- Up-to-date: /home/sentry/Wolf-Moon/install/nav2_msgs/include/nav2_msgs/action/detail/compute_path_through_poses__traits.hpp
[1.704s] -- Up-to-date: /home/sentry/Wolf-Moon/install/nav2_msgs/include/nav2_msgs/action/detail/follow_path__struct.hpp
[1.704s] -- Up-to-date: /home/sentry/Wolf-Moon/install/nav2_msgs/include/nav2_msgs/action/detail/compute_path_to_pose__struct.hpp
[1.704s] -- Up-to-date: /home/sentry/Wolf-Moon/install/nav2_msgs/include/nav2_msgs/action/detail/dummy_recovery__traits.hpp
[1.704s] -- Up-to-date: /home/sentry/Wolf-Moon/install/nav2_msgs/include/nav2_msgs/action/detail/follow_waypoints__builder.hpp
[1.704s] -- Up-to-date: /home/sentry/Wolf-Moon/install/nav2_msgs/include/nav2_msgs/action/detail/follow_waypoints__traits.hpp
[1.704s] -- Up-to-date: /home/sentry/Wolf-Moon/install/nav2_msgs/include/nav2_msgs/action/detail/compute_path_to_pose__traits.hpp
[1.704s] -- Up-to-date: /home/sentry/Wolf-Moon/install/nav2_msgs/include/nav2_msgs/action/detail/back_up__struct.hpp
[1.704s] -- Up-to-date: /home/sentry/Wolf-Moon/install/nav2_msgs/include/nav2_msgs/action/detail/dummy_recovery__builder.hpp
[1.704s] -- Up-to-date: /home/sentry/Wolf-Moon/install/nav2_msgs/include/nav2_msgs/action/detail/back_up__traits.hpp
[1.704s] -- Up-to-date: /home/sentry/Wolf-Moon/install/nav2_msgs/include/nav2_msgs/action/detail/navigate_to_pose__struct.hpp
[1.705s] -- Up-to-date: /home/sentry/Wolf-Moon/install/nav2_msgs/include/nav2_msgs/action/compute_path_through_poses.hpp
[1.705s] -- Up-to-date: /home/sentry/Wolf-Moon/install/nav2_msgs/include/nav2_msgs/action/back_up.hpp
[1.705s] -- Up-to-date: /home/sentry/Wolf-Moon/install/nav2_msgs/include/nav2_msgs/srv
[1.705s] -- Up-to-date: /home/sentry/Wolf-Moon/install/nav2_msgs/include/nav2_msgs/srv/save_map.hpp
[1.705s] -- Up-to-date: /home/sentry/Wolf-Moon/install/nav2_msgs/include/nav2_msgs/srv/clear_entire_costmap.hpp
[1.705s] -- Up-to-date: /home/sentry/Wolf-Moon/install/nav2_msgs/include/nav2_msgs/srv/detail
[1.705s] -- Up-to-date: /home/sentry/Wolf-Moon/install/nav2_msgs/include/nav2_msgs/srv/detail/clear_entire_costmap__struct.hpp
[1.705s] -- Up-to-date: /home/sentry/Wolf-Moon/install/nav2_msgs/include/nav2_msgs/srv/detail/clear_costmap_except_region__struct.hpp
[1.705s] -- Up-to-date: /home/sentry/Wolf-Moon/install/nav2_msgs/include/nav2_msgs/srv/detail/load_map__builder.hpp
[1.705s] -- Up-to-date: /home/sentry/Wolf-Moon/install/nav2_msgs/include/nav2_msgs/srv/detail/clear_entire_costmap__traits.hpp
[1.705s] -- Up-to-date: /home/sentry/Wolf-Moon/install/nav2_msgs/include/nav2_msgs/srv/detail/save_map__traits.hpp
[1.705s] -- Up-to-date: /home/sentry/Wolf-Moon/install/nav2_msgs/include/nav2_msgs/srv/detail/clear_costmap_around_robot__traits.hpp
[1.705s] -- Up-to-date: /home/sentry/Wolf-Moon/install/nav2_msgs/include/nav2_msgs/srv/detail/clear_costmap_except_region__traits.hpp
[1.705s] -- Up-to-date: /home/sentry/Wolf-Moon/install/nav2_msgs/include/nav2_msgs/srv/detail/save_map__builder.hpp
[1.705s] -- Up-to-date: /home/sentry/Wolf-Moon/install/nav2_msgs/include/nav2_msgs/srv/detail/load_map__struct.hpp
[1.706s] -- Up-to-date: /home/sentry/Wolf-Moon/install/nav2_msgs/include/nav2_msgs/srv/detail/manage_lifecycle_nodes__builder.hpp
[1.706s] -- Up-to-date: /home/sentry/Wolf-Moon/install/nav2_msgs/include/nav2_msgs/srv/detail/clear_entire_costmap__builder.hpp
[1.706s] -- Up-to-date: /home/sentry/Wolf-Moon/install/nav2_msgs/include/nav2_msgs/srv/detail/load_map__traits.hpp
[1.706s] -- Up-to-date: /home/sentry/Wolf-Moon/install/nav2_msgs/include/nav2_msgs/srv/detail/manage_lifecycle_nodes__traits.hpp
[1.706s] -- Up-to-date: /home/sentry/Wolf-Moon/install/nav2_msgs/include/nav2_msgs/srv/detail/clear_costmap_around_robot__builder.hpp
[1.706s] -- Up-to-date: /home/sentry/Wolf-Moon/install/nav2_msgs/include/nav2_msgs/srv/detail/get_costmap__traits.hpp
[1.706s] -- Up-to-date: /home/sentry/Wolf-Moon/install/nav2_msgs/include/nav2_msgs/srv/detail/manage_lifecycle_nodes__struct.hpp
[1.706s] -- Up-to-date: /home/sentry/Wolf-Moon/install/nav2_msgs/include/nav2_msgs/srv/detail/get_costmap__struct.hpp
[1.706s] -- Up-to-date: /home/sentry/Wolf-Moon/install/nav2_msgs/include/nav2_msgs/srv/detail/clear_costmap_except_region__builder.hpp
[1.706s] -- Up-to-date: /home/sentry/Wolf-Moon/install/nav2_msgs/include/nav2_msgs/srv/detail/get_costmap__builder.hpp
[1.706s] -- Up-to-date: /home/sentry/Wolf-Moon/install/nav2_msgs/include/nav2_msgs/srv/detail/save_map__struct.hpp
[1.706s] -- Up-to-date: /home/sentry/Wolf-Moon/install/nav2_msgs/include/nav2_msgs/srv/detail/clear_costmap_around_robot__struct.hpp
[1.706s] -- Up-to-date: /home/sentry/Wolf-Moon/install/nav2_msgs/include/nav2_msgs/srv/clear_costmap_around_robot.hpp
[1.706s] -- Up-to-date: /home/sentry/Wolf-Moon/install/nav2_msgs/include/nav2_msgs/srv/manage_lifecycle_nodes.hpp
[1.706s] -- Up-to-date: /home/sentry/Wolf-Moon/install/nav2_msgs/include/nav2_msgs/srv/clear_costmap_except_region.hpp
[1.707s] -- Up-to-date: /home/sentry/Wolf-Moon/install/nav2_msgs/include/nav2_msgs/srv/get_costmap.hpp
[1.707s] -- Up-to-date: /home/sentry/Wolf-Moon/install/nav2_msgs/include/nav2_msgs/srv/load_map.hpp
[1.707s] -- Up-to-date: /home/sentry/Wolf-Moon/install/nav2_msgs/include/nav2_msgs
[1.707s] -- Up-to-date: /home/sentry/Wolf-Moon/install/nav2_msgs/include/nav2_msgs/msg
[1.707s] -- Up-to-date: /home/sentry/Wolf-Moon/install/nav2_msgs/include/nav2_msgs/msg/detail
[1.707s] -- Up-to-date: /home/sentry/Wolf-Moon/install/nav2_msgs/include/nav2_msgs/msg/detail/speed_limit__type_support.cpp
[1.707s] -- Up-to-date: /home/sentry/Wolf-Moon/install/nav2_msgs/include/nav2_msgs/msg/detail/behavior_tree_log__type_support.cpp
[1.707s] -- Up-to-date: /home/sentry/Wolf-Moon/install/nav2_msgs/include/nav2_msgs/msg/detail/costmap_filter_info__type_support.cpp
[1.707s] -- Up-to-date: /home/sentry/Wolf-Moon/install/nav2_msgs/include/nav2_msgs/msg/detail/speed_limit__rosidl_typesupport_introspection_cpp.hpp
[1.707s] -- Up-to-date: /home/sentry/Wolf-Moon/install/nav2_msgs/include/nav2_msgs/msg/detail/costmap_meta_data__type_support.cpp
[1.707s] -- Up-to-date: /home/sentry/Wolf-Moon/install/nav2_msgs/include/nav2_msgs/msg/detail/behavior_tree_status_change__type_support.cpp
[1.707s] -- Up-to-date: /home/sentry/Wolf-Moon/install/nav2_msgs/include/nav2_msgs/msg/detail/particle__rosidl_typesupport_introspection_cpp.hpp
[1.707s] -- Up-to-date: /home/sentry/Wolf-Moon/install/nav2_msgs/include/nav2_msgs/msg/detail/behavior_tree_log__rosidl_typesupport_introspection_cpp.hpp
[1.708s] -- Up-to-date: /home/sentry/Wolf-Moon/install/nav2_msgs/include/nav2_msgs/msg/detail/particle_cloud__rosidl_typesupport_introspection_cpp.hpp
[1.708s] -- Up-to-date: /home/sentry/Wolf-Moon/install/nav2_msgs/include/nav2_msgs/msg/detail/costmap_filter_info__rosidl_typesupport_introspection_cpp.hpp
[1.708s] -- Up-to-date: /home/sentry/Wolf-Moon/install/nav2_msgs/include/nav2_msgs/msg/detail/particle__type_support.cpp
[1.709s] -- Up-to-date: /home/sentry/Wolf-Moon/install/nav2_msgs/include/nav2_msgs/msg/detail/costmap__type_support.cpp
[1.709s] -- Up-to-date: /home/sentry/Wolf-Moon/install/nav2_msgs/include/nav2_msgs/msg/detail/particle_cloud__type_support.cpp
[1.709s] -- Up-to-date: /home/sentry/Wolf-Moon/install/nav2_msgs/include/nav2_msgs/msg/detail/voxel_grid__rosidl_typesupport_introspection_cpp.hpp
[1.709s] -- Up-to-date: /home/sentry/Wolf-Moon/install/nav2_msgs/include/nav2_msgs/msg/detail/costmap_meta_data__rosidl_typesupport_introspection_cpp.hpp
[1.709s] -- Up-to-date: /home/sentry/Wolf-Moon/install/nav2_msgs/include/nav2_msgs/msg/detail/behavior_tree_status_change__rosidl_typesupport_introspection_cpp.hpp
[1.709s] -- Up-to-date: /home/sentry/Wolf-Moon/install/nav2_msgs/include/nav2_msgs/msg/detail/costmap__rosidl_typesupport_introspection_cpp.hpp
[1.709s] -- Up-to-date: /home/sentry/Wolf-Moon/install/nav2_msgs/include/nav2_msgs/msg/detail/voxel_grid__type_support.cpp
[1.709s] -- Up-to-date: /home/sentry/Wolf-Moon/install/nav2_msgs/include/nav2_msgs/action
[1.709s] -- Up-to-date: /home/sentry/Wolf-Moon/install/nav2_msgs/include/nav2_msgs/action/detail
[1.709s] -- Up-to-date: /home/sentry/Wolf-Moon/install/nav2_msgs/include/nav2_msgs/action/detail/spin__type_support.cpp
[1.709s] -- Up-to-date: /home/sentry/Wolf-Moon/install/nav2_msgs/include/nav2_msgs/action/detail/dummy_recovery__type_support.cpp
[1.709s] -- Up-to-date: /home/sentry/Wolf-Moon/install/nav2_msgs/include/nav2_msgs/action/detail/compute_path_through_poses__type_support.cpp
[1.709s] -- Up-to-date: /home/sentry/Wolf-Moon/install/nav2_msgs/include/nav2_msgs/action/detail/navigate_through_poses__rosidl_typesupport_introspection_cpp.hpp
[1.710s] -- Up-to-date: /home/sentry/Wolf-Moon/install/nav2_msgs/include/nav2_msgs/action/detail/wait__type_support.cpp
[1.710s] -- Up-to-date: /home/sentry/Wolf-Moon/install/nav2_msgs/include/nav2_msgs/action/detail/back_up__type_support.cpp
[1.710s] -- Up-to-date: /home/sentry/Wolf-Moon/install/nav2_msgs/include/nav2_msgs/action/detail/navigate_to_pose__rosidl_typesupport_introspection_cpp.hpp
[1.710s] -- Up-to-date: /home/sentry/Wolf-Moon/install/nav2_msgs/include/nav2_msgs/action/detail/follow_path__type_support.cpp
[1.710s] -- Up-to-date: /home/sentry/Wolf-Moon/install/nav2_msgs/include/nav2_msgs/action/detail/navigate_to_pose__type_support.cpp
[1.710s] -- Up-to-date: /home/sentry/Wolf-Moon/install/nav2_msgs/include/nav2_msgs/action/detail/spin__rosidl_typesupport_introspection_cpp.hpp
[1.710s] -- Up-to-date: /home/sentry/Wolf-Moon/install/nav2_msgs/include/nav2_msgs/action/detail/compute_path_to_pose__type_support.cpp
[1.710s] -- Up-to-date: /home/sentry/Wolf-Moon/install/nav2_msgs/include/nav2_msgs/action/detail/wait__rosidl_typesupport_introspection_cpp.hpp
[1.710s] -- Up-to-date: /home/sentry/Wolf-Moon/install/nav2_msgs/include/nav2_msgs/action/detail/follow_path__rosidl_typesupport_introspection_cpp.hpp
[1.710s] -- Up-to-date: /home/sentry/Wolf-Moon/install/nav2_msgs/include/nav2_msgs/action/detail/compute_path_through_poses__rosidl_typesupport_introspection_cpp.hpp
[1.710s] -- Up-to-date: /home/sentry/Wolf-Moon/install/nav2_msgs/include/nav2_msgs/action/detail/navigate_through_poses__type_support.cpp
[1.710s] -- Up-to-date: /home/sentry/Wolf-Moon/install/nav2_msgs/include/nav2_msgs/action/detail/follow_waypoints__rosidl_typesupport_introspection_cpp.hpp
[1.710s] -- Up-to-date: /home/sentry/Wolf-Moon/install/nav2_msgs/include/nav2_msgs/action/detail/back_up__rosidl_typesupport_introspection_cpp.hpp
[1.710s] -- Up-to-date: /home/sentry/Wolf-Moon/install/nav2_msgs/include/nav2_msgs/action/detail/follow_waypoints__type_support.cpp
[1.710s] -- Up-to-date: /home/sentry/Wolf-Moon/install/nav2_msgs/include/nav2_msgs/action/detail/dummy_recovery__rosidl_typesupport_introspection_cpp.hpp
[1.711s] -- Up-to-date: /home/sentry/Wolf-Moon/install/nav2_msgs/include/nav2_msgs/action/detail/compute_path_to_pose__rosidl_typesupport_introspection_cpp.hpp
[1.711s] -- Up-to-date: /home/sentry/Wolf-Moon/install/nav2_msgs/include/nav2_msgs/srv
[1.711s] -- Up-to-date: /home/sentry/Wolf-Moon/install/nav2_msgs/include/nav2_msgs/srv/detail
[1.711s] -- Up-to-date: /home/sentry/Wolf-Moon/install/nav2_msgs/include/nav2_msgs/srv/detail/clear_costmap_around_robot__type_support.cpp
[1.711s] -- Up-to-date: /home/sentry/Wolf-Moon/install/nav2_msgs/include/nav2_msgs/srv/detail/get_costmap__type_support.cpp
[1.711s] -- Up-to-date: /home/sentry/Wolf-Moon/install/nav2_msgs/include/nav2_msgs/srv/detail/load_map__rosidl_typesupport_introspection_cpp.hpp
[1.711s] -- Up-to-date: /home/sentry/Wolf-Moon/install/nav2_msgs/include/nav2_msgs/srv/detail/manage_lifecycle_nodes__type_support.cpp
[1.711s] -- Up-to-date: /home/sentry/Wolf-Moon/install/nav2_msgs/include/nav2_msgs/srv/detail/manage_lifecycle_nodes__rosidl_typesupport_introspection_cpp.hpp
[1.711s] -- Up-to-date: /home/sentry/Wolf-Moon/install/nav2_msgs/include/nav2_msgs/srv/detail/save_map__type_support.cpp
[1.711s] -- Up-to-date: /home/sentry/Wolf-Moon/install/nav2_msgs/include/nav2_msgs/srv/detail/load_map__type_support.cpp
[1.711s] -- Up-to-date: /home/sentry/Wolf-Moon/install/nav2_msgs/include/nav2_msgs/srv/detail/clear_costmap_except_region__type_support.cpp
[1.711s] -- Up-to-date: /home/sentry/Wolf-Moon/install/nav2_msgs/include/nav2_msgs/srv/detail/clear_entire_costmap__type_support.cpp
[1.711s] -- Up-to-date: /home/sentry/Wolf-Moon/install/nav2_msgs/include/nav2_msgs/srv/detail/save_map__rosidl_typesupport_introspection_cpp.hpp
[1.711s] -- Up-to-date: /home/sentry/Wolf-Moon/install/nav2_msgs/include/nav2_msgs/srv/detail/get_costmap__rosidl_typesupport_introspection_cpp.hpp
[1.711s] -- Up-to-date: /home/sentry/Wolf-Moon/install/nav2_msgs/include/nav2_msgs/srv/detail/clear_costmap_around_robot__rosidl_typesupport_introspection_cpp.hpp
[1.711s] -- Up-to-date: /home/sentry/Wolf-Moon/install/nav2_msgs/include/nav2_msgs/srv/detail/clear_entire_costmap__rosidl_typesupport_introspection_cpp.hpp
[1.711s] -- Up-to-date: /home/sentry/Wolf-Moon/install/nav2_msgs/include/nav2_msgs/srv/detail/clear_costmap_except_region__rosidl_typesupport_introspection_cpp.hpp
[1.712s] -- Up-to-date: /home/sentry/Wolf-Moon/install/nav2_msgs/lib/libnav2_msgs__rosidl_typesupport_introspection_cpp.so
[1.712s] -- Up-to-date: /home/sentry/Wolf-Moon/install/nav2_msgs/lib/libnav2_msgs__rosidl_typesupport_cpp.so
[1.712s] -- Up-to-date: /home/sentry/Wolf-Moon/install/nav2_msgs/share/nav2_msgs/environment/pythonpath.sh
[1.712s] -- Up-to-date: /home/sentry/Wolf-Moon/install/nav2_msgs/share/nav2_msgs/environment/pythonpath.dsv
[1.712s] -- Up-to-date: /home/sentry/Wolf-Moon/install/nav2_msgs/lib/python3.8/site-packages/nav2_msgs/__init__.py
[1.757s] -- Up-to-date: /home/sentry/Wolf-Moon/install/nav2_msgs/lib/python3.8/site-packages/nav2_msgs/msg
[1.757s] -- Up-to-date: /home/sentry/Wolf-Moon/install/nav2_msgs/lib/python3.8/site-packages/nav2_msgs/msg/_costmap_filter_info_s.c
[1.757s] -- Up-to-date: /home/sentry/Wolf-Moon/install/nav2_msgs/lib/python3.8/site-packages/nav2_msgs/msg/_behavior_tree_log.py
[1.757s] -- Up-to-date: /home/sentry/Wolf-Moon/install/nav2_msgs/lib/python3.8/site-packages/nav2_msgs/msg/__init__.py
[1.757s] -- Up-to-date: /home/sentry/Wolf-Moon/install/nav2_msgs/lib/python3.8/site-packages/nav2_msgs/msg/_costmap_meta_data.py
[1.757s] -- Up-to-date: /home/sentry/Wolf-Moon/install/nav2_msgs/lib/python3.8/site-packages/nav2_msgs/msg/_costmap.py
[1.757s] -- Up-to-date: /home/sentry/Wolf-Moon/install/nav2_msgs/lib/python3.8/site-packages/nav2_msgs/msg/_particle_cloud_s.c
[1.757s] -- Up-to-date: /home/sentry/Wolf-Moon/install/nav2_msgs/lib/python3.8/site-packages/nav2_msgs/msg/_speed_limit_s.c
[1.757s] -- Up-to-date: /home/sentry/Wolf-Moon/install/nav2_msgs/lib/python3.8/site-packages/nav2_msgs/msg/_costmap_filter_info.py
[1.757s] -- Up-to-date: /home/sentry/Wolf-Moon/install/nav2_msgs/lib/python3.8/site-packages/nav2_msgs/msg/_speed_limit.py
[1.757s] -- Up-to-date: /home/sentry/Wolf-Moon/install/nav2_msgs/lib/python3.8/site-packages/nav2_msgs/msg/_behavior_tree_status_change_s.c
[1.758s] -- Up-to-date: /home/sentry/Wolf-Moon/install/nav2_msgs/lib/python3.8/site-packages/nav2_msgs/msg/_particle.py
[1.758s] -- Up-to-date: /home/sentry/Wolf-Moon/install/nav2_msgs/lib/python3.8/site-packages/nav2_msgs/msg/_particle_s.c
[1.758s] -- Up-to-date: /home/sentry/Wolf-Moon/install/nav2_msgs/lib/python3.8/site-packages/nav2_msgs/msg/_behavior_tree_status_change.py
[1.758s] -- Up-to-date: /home/sentry/Wolf-Moon/install/nav2_msgs/lib/python3.8/site-packages/nav2_msgs/msg/_particle_cloud.py
[1.758s] -- Up-to-date: /home/sentry/Wolf-Moon/install/nav2_msgs/lib/python3.8/site-packages/nav2_msgs/msg/_behavior_tree_log_s.c
[1.758s] -- Up-to-date: /home/sentry/Wolf-Moon/install/nav2_msgs/lib/python3.8/site-packages/nav2_msgs/msg/_voxel_grid_s.c
[1.758s] -- Up-to-date: /home/sentry/Wolf-Moon/install/nav2_msgs/lib/python3.8/site-packages/nav2_msgs/msg/_costmap_meta_data_s.c
[1.759s] -- Up-to-date: /home/sentry/Wolf-Moon/install/nav2_msgs/lib/python3.8/site-packages/nav2_msgs/msg/_costmap_s.c
[1.759s] -- Up-to-date: /home/sentry/Wolf-Moon/install/nav2_msgs/lib/python3.8/site-packages/nav2_msgs/msg/_voxel_grid.py
[1.759s] -- Up-to-date: /home/sentry/Wolf-Moon/install/nav2_msgs/lib/python3.8/site-packages/nav2_msgs/srv
[1.759s] -- Up-to-date: /home/sentry/Wolf-Moon/install/nav2_msgs/lib/python3.8/site-packages/nav2_msgs/srv/_clear_entire_costmap.py
[1.759s] -- Up-to-date: /home/sentry/Wolf-Moon/install/nav2_msgs/lib/python3.8/site-packages/nav2_msgs/srv/_clear_costmap_around_robot.py
[1.759s] -- Up-to-date: /home/sentry/Wolf-Moon/install/nav2_msgs/lib/python3.8/site-packages/nav2_msgs/srv/__init__.py
[1.759s] -- Up-to-date: /home/sentry/Wolf-Moon/install/nav2_msgs/lib/python3.8/site-packages/nav2_msgs/srv/_save_map_s.c
[1.759s] -- Up-to-date: /home/sentry/Wolf-Moon/install/nav2_msgs/lib/python3.8/site-packages/nav2_msgs/srv/_save_map.py
[1.760s] -- Up-to-date: /home/sentry/Wolf-Moon/install/nav2_msgs/lib/python3.8/site-packages/nav2_msgs/srv/_clear_costmap_except_region.py
[1.760s] -- Up-to-date: /home/sentry/Wolf-Moon/install/nav2_msgs/lib/python3.8/site-packages/nav2_msgs/srv/_clear_entire_costmap_s.c
[1.760s] -- Up-to-date: /home/sentry/Wolf-Moon/install/nav2_msgs/lib/python3.8/site-packages/nav2_msgs/srv/_manage_lifecycle_nodes.py
[1.760s] -- Up-to-date: /home/sentry/Wolf-Moon/install/nav2_msgs/lib/python3.8/site-packages/nav2_msgs/srv/_get_costmap_s.c
[1.760s] -- Up-to-date: /home/sentry/Wolf-Moon/install/nav2_msgs/lib/python3.8/site-packages/nav2_msgs/srv/_manage_lifecycle_nodes_s.c
[1.760s] -- Up-to-date: /home/sentry/Wolf-Moon/install/nav2_msgs/lib/python3.8/site-packages/nav2_msgs/srv/_load_map_s.c
[1.760s] -- Up-to-date: /home/sentry/Wolf-Moon/install/nav2_msgs/lib/python3.8/site-packages/nav2_msgs/srv/_clear_costmap_except_region_s.c
[1.761s] -- Up-to-date: /home/sentry/Wolf-Moon/install/nav2_msgs/lib/python3.8/site-packages/nav2_msgs/srv/_clear_costmap_around_robot_s.c
[1.761s] -- Up-to-date: /home/sentry/Wolf-Moon/install/nav2_msgs/lib/python3.8/site-packages/nav2_msgs/srv/_load_map.py
[1.761s] -- Up-to-date: /home/sentry/Wolf-Moon/install/nav2_msgs/lib/python3.8/site-packages/nav2_msgs/srv/_get_costmap.py
[1.761s] -- Up-to-date: /home/sentry/Wolf-Moon/install/nav2_msgs/lib/python3.8/site-packages/nav2_msgs/action
[1.761s] -- Up-to-date: /home/sentry/Wolf-Moon/install/nav2_msgs/lib/python3.8/site-packages/nav2_msgs/action/_navigate_to_pose_s.c
[1.761s] -- Up-to-date: /home/sentry/Wolf-Moon/install/nav2_msgs/lib/python3.8/site-packages/nav2_msgs/action/_navigate_through_poses_s.c
[1.761s] -- Up-to-date: /home/sentry/Wolf-Moon/install/nav2_msgs/lib/python3.8/site-packages/nav2_msgs/action/_follow_waypoints.py
[1.762s] -- Up-to-date: /home/sentry/Wolf-Moon/install/nav2_msgs/lib/python3.8/site-packages/nav2_msgs/action/_back_up.py
[1.762s] -- Up-to-date: /home/sentry/Wolf-Moon/install/nav2_msgs/lib/python3.8/site-packages/nav2_msgs/action/__init__.py
[1.762s] -- Up-to-date: /home/sentry/Wolf-Moon/install/nav2_msgs/lib/python3.8/site-packages/nav2_msgs/action/_compute_path_to_pose_s.c
[1.762s] -- Up-to-date: /home/sentry/Wolf-Moon/install/nav2_msgs/lib/python3.8/site-packages/nav2_msgs/action/_spin.py
[1.762s] -- Up-to-date: /home/sentry/Wolf-Moon/install/nav2_msgs/lib/python3.8/site-packages/nav2_msgs/action/_wait_s.c
[1.762s] -- Up-to-date: /home/sentry/Wolf-Moon/install/nav2_msgs/lib/python3.8/site-packages/nav2_msgs/action/_back_up_s.c
[1.762s] -- Up-to-date: /home/sentry/Wolf-Moon/install/nav2_msgs/lib/python3.8/site-packages/nav2_msgs/action/_navigate_through_poses.py
[1.762s] -- Up-to-date: /home/sentry/Wolf-Moon/install/nav2_msgs/lib/python3.8/site-packages/nav2_msgs/action/_compute_path_through_poses.py
[1.762s] -- Up-to-date: /home/sentry/Wolf-Moon/install/nav2_msgs/lib/python3.8/site-packages/nav2_msgs/action/_compute_path_through_poses_s.c
[1.766s] -- Up-to-date: /home/sentry/Wolf-Moon/install/nav2_msgs/lib/python3.8/site-packages/nav2_msgs/action/_compute_path_to_pose.py
[1.766s] -- Up-to-date: /home/sentry/Wolf-Moon/install/nav2_msgs/lib/python3.8/site-packages/nav2_msgs/action/_wait.py
[1.767s] -- Up-to-date: /home/sentry/Wolf-Moon/install/nav2_msgs/lib/python3.8/site-packages/nav2_msgs/action/_follow_waypoints_s.c
[1.767s] -- Up-to-date: /home/sentry/Wolf-Moon/install/nav2_msgs/lib/python3.8/site-packages/nav2_msgs/action/_navigate_to_pose.py
[1.767s] -- Up-to-date: /home/sentry/Wolf-Moon/install/nav2_msgs/lib/python3.8/site-packages/nav2_msgs/action/_spin_s.c
[1.767s] -- Up-to-date: /home/sentry/Wolf-Moon/install/nav2_msgs/lib/python3.8/site-packages/nav2_msgs/action/_dummy_recovery_s.c
[1.767s] -- Up-to-date: /home/sentry/Wolf-Moon/install/nav2_msgs/lib/python3.8/site-packages/nav2_msgs/action/_follow_path_s.c
[1.767s] -- Up-to-date: /home/sentry/Wolf-Moon/install/nav2_msgs/lib/python3.8/site-packages/nav2_msgs/action/_dummy_recovery.py
[1.767s] -- Up-to-date: /home/sentry/Wolf-Moon/install/nav2_msgs/lib/python3.8/site-packages/nav2_msgs/action/_follow_path.py
[1.767s] -- Up-to-date: /home/sentry/Wolf-Moon/install/nav2_msgs/lib/python3.8/site-packages/nav2_msgs/nav2_msgs_s__rosidl_typesupport_fastrtps_c.cpython-38-x86_64-linux-gnu.so
[1.767s] -- Up-to-date: /home/sentry/Wolf-Moon/install/nav2_msgs/lib/python3.8/site-packages/nav2_msgs/nav2_msgs_s__rosidl_typesupport_introspection_c.cpython-38-x86_64-linux-gnu.so
[1.768s] -- Up-to-date: /home/sentry/Wolf-Moon/install/nav2_msgs/lib/python3.8/site-packages/nav2_msgs/nav2_msgs_s__rosidl_typesupport_c.cpython-38-x86_64-linux-gnu.so
[1.768s] -- Up-to-date: /home/sentry/Wolf-Moon/install/nav2_msgs/lib/libnav2_msgs__python.so
[1.768s] -- Up-to-date: /home/sentry/Wolf-Moon/install/nav2_msgs/share/nav2_msgs/msg/Costmap.idl
[1.768s] -- Up-to-date: /home/sentry/Wolf-Moon/install/nav2_msgs/share/nav2_msgs/msg/CostmapMetaData.idl
[1.768s] -- Up-to-date: /home/sentry/Wolf-Moon/install/nav2_msgs/share/nav2_msgs/msg/CostmapFilterInfo.idl
[1.768s] -- Up-to-date: /home/sentry/Wolf-Moon/install/nav2_msgs/share/nav2_msgs/msg/SpeedLimit.idl
[1.768s] -- Up-to-date: /home/sentry/Wolf-Moon/install/nav2_msgs/share/nav2_msgs/msg/VoxelGrid.idl
[1.768s] -- Up-to-date: /home/sentry/Wolf-Moon/install/nav2_msgs/share/nav2_msgs/msg/BehaviorTreeStatusChange.idl
[1.769s] -- Up-to-date: /home/sentry/Wolf-Moon/install/nav2_msgs/share/nav2_msgs/msg/BehaviorTreeLog.idl
[1.769s] -- Up-to-date: /home/sentry/Wolf-Moon/install/nav2_msgs/share/nav2_msgs/msg/Particle.idl
[1.769s] -- Up-to-date: /home/sentry/Wolf-Moon/install/nav2_msgs/share/nav2_msgs/msg/ParticleCloud.idl
[1.769s] -- Up-to-date: /home/sentry/Wolf-Moon/install/nav2_msgs/share/nav2_msgs/srv/GetCostmap.idl
[1.769s] -- Up-to-date: /home/sentry/Wolf-Moon/install/nav2_msgs/share/nav2_msgs/srv/ClearCostmapExceptRegion.idl
[1.769s] -- Up-to-date: /home/sentry/Wolf-Moon/install/nav2_msgs/share/nav2_msgs/srv/ClearCostmapAroundRobot.idl
[1.769s] -- Up-to-date: /home/sentry/Wolf-Moon/install/nav2_msgs/share/nav2_msgs/srv/ClearEntireCostmap.idl
[1.769s] -- Up-to-date: /home/sentry/Wolf-Moon/install/nav2_msgs/share/nav2_msgs/srv/ManageLifecycleNodes.idl
[1.770s] -- Up-to-date: /home/sentry/Wolf-Moon/install/nav2_msgs/share/nav2_msgs/srv/LoadMap.idl
[1.770s] -- Up-to-date: /home/sentry/Wolf-Moon/install/nav2_msgs/share/nav2_msgs/srv/SaveMap.idl
[1.770s] -- Up-to-date: /home/sentry/Wolf-Moon/install/nav2_msgs/share/nav2_msgs/action/BackUp.idl
[1.770s] -- Up-to-date: /home/sentry/Wolf-Moon/install/nav2_msgs/share/nav2_msgs/action/ComputePathToPose.idl
[1.770s] -- Up-to-date: /home/sentry/Wolf-Moon/install/nav2_msgs/share/nav2_msgs/action/ComputePathThroughPoses.idl
[1.770s] -- Up-to-date: /home/sentry/Wolf-Moon/install/nav2_msgs/share/nav2_msgs/action/FollowPath.idl
[1.770s] -- Up-to-date: /home/sentry/Wolf-Moon/install/nav2_msgs/share/nav2_msgs/action/NavigateToPose.idl
[1.770s] -- Up-to-date: /home/sentry/Wolf-Moon/install/nav2_msgs/share/nav2_msgs/action/NavigateThroughPoses.idl
[1.771s] -- Up-to-date: /home/sentry/Wolf-Moon/install/nav2_msgs/share/nav2_msgs/action/Wait.idl
[1.771s] -- Up-to-date: /home/sentry/Wolf-Moon/install/nav2_msgs/share/nav2_msgs/action/Spin.idl
[1.771s] -- Up-to-date: /home/sentry/Wolf-Moon/install/nav2_msgs/share/nav2_msgs/action/DummyRecovery.idl
[1.771s] -- Up-to-date: /home/sentry/Wolf-Moon/install/nav2_msgs/share/nav2_msgs/action/FollowWaypoints.idl
[1.771s] -- Up-to-date: /home/sentry/Wolf-Moon/install/nav2_msgs/share/nav2_msgs/msg/Costmap.msg
[1.771s] -- Up-to-date: /home/sentry/Wolf-Moon/install/nav2_msgs/share/nav2_msgs/msg/CostmapMetaData.msg
[1.771s] -- Up-to-date: /home/sentry/Wolf-Moon/install/nav2_msgs/share/nav2_msgs/msg/CostmapFilterInfo.msg
[1.771s] -- Up-to-date: /home/sentry/Wolf-Moon/install/nav2_msgs/share/nav2_msgs/msg/SpeedLimit.msg
[1.771s] -- Up-to-date: /home/sentry/Wolf-Moon/install/nav2_msgs/share/nav2_msgs/msg/VoxelGrid.msg
[1.772s] -- Up-to-date: /home/sentry/Wolf-Moon/install/nav2_msgs/share/nav2_msgs/msg/BehaviorTreeStatusChange.msg
[1.772s] -- Up-to-date: /home/sentry/Wolf-Moon/install/nav2_msgs/share/nav2_msgs/msg/BehaviorTreeLog.msg
[1.772s] -- Up-to-date: /home/sentry/Wolf-Moon/install/nav2_msgs/share/nav2_msgs/msg/Particle.msg
[1.772s] -- Up-to-date: /home/sentry/Wolf-Moon/install/nav2_msgs/share/nav2_msgs/msg/ParticleCloud.msg
[1.772s] -- Up-to-date: /home/sentry/Wolf-Moon/install/nav2_msgs/share/nav2_msgs/srv/GetCostmap.srv
[1.772s] -- Up-to-date: /home/sentry/Wolf-Moon/install/nav2_msgs/share/nav2_msgs/srv/GetCostmap_Request.msg
[1.772s] -- Up-to-date: /home/sentry/Wolf-Moon/install/nav2_msgs/share/nav2_msgs/srv/GetCostmap_Response.msg
[1.772s] -- Up-to-date: /home/sentry/Wolf-Moon/install/nav2_msgs/share/nav2_msgs/srv/ClearCostmapExceptRegion.srv
[1.772s] -- Up-to-date: /home/sentry/Wolf-Moon/install/nav2_msgs/share/nav2_msgs/srv/ClearCostmapExceptRegion_Request.msg
[1.773s] -- Up-to-date: /home/sentry/Wolf-Moon/install/nav2_msgs/share/nav2_msgs/srv/ClearCostmapExceptRegion_Response.msg
[1.773s] -- Up-to-date: /home/sentry/Wolf-Moon/install/nav2_msgs/share/nav2_msgs/srv/ClearCostmapAroundRobot.srv
[1.773s] -- Up-to-date: /home/sentry/Wolf-Moon/install/nav2_msgs/share/nav2_msgs/srv/ClearCostmapAroundRobot_Request.msg
[1.773s] -- Up-to-date: /home/sentry/Wolf-Moon/install/nav2_msgs/share/nav2_msgs/srv/ClearCostmapAroundRobot_Response.msg
[1.773s] -- Up-to-date: /home/sentry/Wolf-Moon/install/nav2_msgs/share/nav2_msgs/srv/ClearEntireCostmap.srv
[1.773s] -- Up-to-date: /home/sentry/Wolf-Moon/install/nav2_msgs/share/nav2_msgs/srv/ClearEntireCostmap_Request.msg
[1.773s] -- Up-to-date: /home/sentry/Wolf-Moon/install/nav2_msgs/share/nav2_msgs/srv/ClearEntireCostmap_Response.msg
[1.773s] -- Up-to-date: /home/sentry/Wolf-Moon/install/nav2_msgs/share/nav2_msgs/srv/ManageLifecycleNodes.srv
[1.774s] -- Up-to-date: /home/sentry/Wolf-Moon/install/nav2_msgs/share/nav2_msgs/srv/ManageLifecycleNodes_Request.msg
[1.774s] -- Up-to-date: /home/sentry/Wolf-Moon/install/nav2_msgs/share/nav2_msgs/srv/ManageLifecycleNodes_Response.msg
[1.774s] -- Up-to-date: /home/sentry/Wolf-Moon/install/nav2_msgs/share/nav2_msgs/srv/LoadMap.srv
[1.775s] -- Up-to-date: /home/sentry/Wolf-Moon/install/nav2_msgs/share/nav2_msgs/srv/LoadMap_Request.msg
[1.776s] -- Up-to-date: /home/sentry/Wolf-Moon/install/nav2_msgs/share/nav2_msgs/srv/LoadMap_Response.msg
[1.776s] -- Up-to-date: /home/sentry/Wolf-Moon/install/nav2_msgs/share/nav2_msgs/srv/SaveMap.srv
[1.776s] -- Up-to-date: /home/sentry/Wolf-Moon/install/nav2_msgs/share/nav2_msgs/srv/SaveMap_Request.msg
[1.776s] -- Up-to-date: /home/sentry/Wolf-Moon/install/nav2_msgs/share/nav2_msgs/srv/SaveMap_Response.msg
[1.776s] -- Up-to-date: /home/sentry/Wolf-Moon/install/nav2_msgs/share/nav2_msgs/action/BackUp.action
[1.777s] -- Up-to-date: /home/sentry/Wolf-Moon/install/nav2_msgs/share/nav2_msgs/action/ComputePathToPose.action
[1.777s] -- Up-to-date: /home/sentry/Wolf-Moon/install/nav2_msgs/share/nav2_msgs/action/ComputePathThroughPoses.action
[1.777s] -- Up-to-date: /home/sentry/Wolf-Moon/install/nav2_msgs/share/nav2_msgs/action/FollowPath.action
[1.777s] -- Up-to-date: /home/sentry/Wolf-Moon/install/nav2_msgs/share/nav2_msgs/action/NavigateToPose.action
[1.777s] -- Up-to-date: /home/sentry/Wolf-Moon/install/nav2_msgs/share/nav2_msgs/action/NavigateThroughPoses.action
[1.777s] -- Up-to-date: /home/sentry/Wolf-Moon/install/nav2_msgs/share/nav2_msgs/action/Wait.action
[1.778s] -- Up-to-date: /home/sentry/Wolf-Moon/install/nav2_msgs/share/nav2_msgs/action/Spin.action
[1.778s] -- Up-to-date: /home/sentry/Wolf-Moon/install/nav2_msgs/share/nav2_msgs/action/DummyRecovery.action
[1.778s] -- Up-to-date: /home/sentry/Wolf-Moon/install/nav2_msgs/share/nav2_msgs/action/FollowWaypoints.action
[1.778s] -- Up-to-date: /home/sentry/Wolf-Moon/install/nav2_msgs/share/ament_index/resource_index/package_run_dependencies/nav2_msgs
[1.778s] -- Up-to-date: /home/sentry/Wolf-Moon/install/nav2_msgs/share/ament_index/resource_index/parent_prefix_path/nav2_msgs
[1.779s] -- Up-to-date: /home/sentry/Wolf-Moon/install/nav2_msgs/share/nav2_msgs/environment/ament_prefix_path.sh
[1.779s] -- Up-to-date: /home/sentry/Wolf-Moon/install/nav2_msgs/share/nav2_msgs/environment/ament_prefix_path.dsv
[1.779s] -- Up-to-date: /home/sentry/Wolf-Moon/install/nav2_msgs/share/nav2_msgs/environment/path.sh
[1.779s] -- Up-to-date: /home/sentry/Wolf-Moon/install/nav2_msgs/share/nav2_msgs/environment/path.dsv
[1.779s] -- Up-to-date: /home/sentry/Wolf-Moon/install/nav2_msgs/share/nav2_msgs/local_setup.bash
[1.779s] -- Up-to-date: /home/sentry/Wolf-Moon/install/nav2_msgs/share/nav2_msgs/local_setup.sh
[1.779s] -- Up-to-date: /home/sentry/Wolf-Moon/install/nav2_msgs/share/nav2_msgs/local_setup.zsh
[1.780s] -- Up-to-date: /home/sentry/Wolf-Moon/install/nav2_msgs/share/nav2_msgs/local_setup.dsv
[1.780s] -- Installing: /home/sentry/Wolf-Moon/install/nav2_msgs/share/nav2_msgs/package.dsv
[1.780s] -- Up-to-date: /home/sentry/Wolf-Moon/install/nav2_msgs/share/ament_index/resource_index/packages/nav2_msgs
[1.780s] -- Up-to-date: /home/sentry/Wolf-Moon/install/nav2_msgs/share/nav2_msgs/cmake/nav2_msgs__rosidl_generator_cExport.cmake
[1.802s] -- Up-to-date: /home/sentry/Wolf-Moon/install/nav2_msgs/share/nav2_msgs/cmake/nav2_msgs__rosidl_generator_cExport-release.cmake
[1.803s] -- Up-to-date: /home/sentry/Wolf-Moon/install/nav2_msgs/share/nav2_msgs/cmake/nav2_msgs__rosidl_typesupport_introspection_cExport.cmake
[1.803s] -- Up-to-date: /home/sentry/Wolf-Moon/install/nav2_msgs/share/nav2_msgs/cmake/nav2_msgs__rosidl_typesupport_introspection_cExport-release.cmake
[1.803s] -- Up-to-date: /home/sentry/Wolf-Moon/install/nav2_msgs/share/nav2_msgs/cmake/nav2_msgs__rosidl_typesupport_cExport.cmake
[1.803s] -- Up-to-date: /home/sentry/Wolf-Moon/install/nav2_msgs/share/nav2_msgs/cmake/nav2_msgs__rosidl_typesupport_cExport-release.cmake
[1.803s] -- Up-to-date: /home/sentry/Wolf-Moon/install/nav2_msgs/share/nav2_msgs/cmake/nav2_msgs__rosidl_generator_cppExport.cmake
[1.803s] -- Up-to-date: /home/sentry/Wolf-Moon/install/nav2_msgs/share/nav2_msgs/cmake/nav2_msgs__rosidl_typesupport_introspection_cppExport.cmake
[1.804s] -- Up-to-date: /home/sentry/Wolf-Moon/install/nav2_msgs/share/nav2_msgs/cmake/nav2_msgs__rosidl_typesupport_introspection_cppExport-release.cmake
[1.804s] -- Up-to-date: /home/sentry/Wolf-Moon/install/nav2_msgs/share/nav2_msgs/cmake/nav2_msgs__rosidl_typesupport_cppExport.cmake
[1.804s] -- Up-to-date: /home/sentry/Wolf-Moon/install/nav2_msgs/share/nav2_msgs/cmake/nav2_msgs__rosidl_typesupport_cppExport-release.cmake
[1.804s] -- Up-to-date: /home/sentry/Wolf-Moon/install/nav2_msgs/share/nav2_msgs/cmake/rosidl_cmake-extras.cmake
[1.804s] -- Up-to-date: /home/sentry/Wolf-Moon/install/nav2_msgs/share/nav2_msgs/cmake/ament_cmake_export_dependencies-extras.cmake
[1.804s] -- Up-to-date: /home/sentry/Wolf-Moon/install/nav2_msgs/share/nav2_msgs/cmake/ament_cmake_export_libraries-extras.cmake
[1.804s] -- Up-to-date: /home/sentry/Wolf-Moon/install/nav2_msgs/share/nav2_msgs/cmake/ament_cmake_export_targets-extras.cmake
[1.804s] -- Up-to-date: /home/sentry/Wolf-Moon/install/nav2_msgs/share/nav2_msgs/cmake/ament_cmake_export_include_directories-extras.cmake
[1.804s] -- Up-to-date: /home/sentry/Wolf-Moon/install/nav2_msgs/share/nav2_msgs/cmake/rosidl_cmake_export_typesupport_libraries-extras.cmake
[1.805s] -- Up-to-date: /home/sentry/Wolf-Moon/install/nav2_msgs/share/nav2_msgs/cmake/rosidl_cmake_export_typesupport_targets-extras.cmake
[1.805s] -- Up-to-date: /home/sentry/Wolf-Moon/install/nav2_msgs/share/nav2_msgs/cmake/nav2_msgsConfig.cmake
[1.805s] -- Up-to-date: /home/sentry/Wolf-Moon/install/nav2_msgs/share/nav2_msgs/cmake/nav2_msgsConfig-version.cmake
[1.805s] -- Up-to-date: /home/sentry/Wolf-Moon/install/nav2_msgs/share/nav2_msgs/package.xml
[1.805s] Invoked command in '/home/sentry/Wolf-Moon/build/nav2_msgs' returned '0': CMAKE_PREFIX_PATH=/home/sentry/Wolf-Moon/install/nav2_common:/home/sentry/Wolf-Moon/install/sentry_decision_v2:/home/sentry/Wolf-Moon/install/octomap_dynamic_map:/home/sentry/Wolf-Moon/install/navigation_planning:/home/sentry/Wolf-Moon/install/grid_map:/home/sentry/Wolf-Moon/install/grid_map_costmap_2d:/home/sentry/Wolf-Moon/install/nav2_costmap_2d:/home/sentry/Wolf-Moon/install/nav2_voxel_grid:/home/sentry/Wolf-Moon/install/nav2_map_server:/home/sentry/Wolf-Moon/install/nav2_lifecycle_manager:/home/sentry/Wolf-Moon/install/nav2_behavior_tree:/home/sentry/Wolf-Moon/install/nav2_util:/home/sentry/Wolf-Moon/install/grid_map_demos:/home/sentry/Wolf-Moon/install/grid_map_visualization:/home/sentry/Wolf-Moon/install/grid_map_rviz_plugin:/home/sentry/Wolf-Moon/install/grid_map_pcl:/home/sentry/Wolf-Moon/install/grid_map_loader:/home/sentry/Wolf-Moon/install/grid_map_filters:/home/sentry/Wolf-Moon/install/grid_map_ros:/home/sentry/Wolf-Moon/install/nav2_msgs:/home/sentry/Wolf-Moon/install/livox_ros_driver2:/home/sentry/Wolf-Moon/install/ig_lio_c_msgs:/home/sentry/Wolf-Moon/install/ig_lio_c:/home/sentry/Wolf-Moon/install/grid_map_sdf:/home/sentry/Wolf-Moon/install/grid_map_octomap:/home/sentry/Wolf-Moon/install/grid_map_msgs:/home/sentry/Wolf-Moon/install/grid_map_cv:/home/sentry/Wolf-Moon/install/grid_map_core:/home/sentry/Wolf-Moon/install/grid_map_cmake_helpers:/home/sentry/Wolf-Moon/install/cv_bridge:/home/sentry/Wolf-Moon/install/auto_aim_interfaces:/home/sentry/Wolf-Moon/install/fake_msg_publisher:/opt/ros/galactic PYTHONPATH=/home/sentry/Wolf-Moon/install/nav2_common/lib/python3.8/site-packages:/home/sentry/Wolf-Moon/install/nav2_msgs/lib/python3.8/site-packages:/home/sentry/Wolf-Moon/install/livox_ros_driver2/lib/python3.8/site-packages:/home/sentry/Wolf-Moon/install/ig_lio_c_msgs/lib/python3.8/site-packages:/home/sentry/Wolf-Moon/install/grid_map_msgs/lib/python3.8/site-packages:/home/sentry/Wolf-Moon/install/fake_msg_publisher/lib/python3.8/site-packages:/home/sentry/Wolf-Moon/install/cv_bridge/lib/python3.8/site-packages:/home/sentry/Wolf-Moon/install/auto_aim_interfaces/lib/python3.8/site-packages:/opt/intel/openvino_2022/python/python3.8:/opt/intel/openvino_2022/python/python3:/opt/ros/galactic/lib/python3.8/site-packages:/opt/intel/openvino_2022/python/python3.8:/opt/intel/openvino_2022/python/python3 /usr/bin/cmake --install /home/sentry/Wolf-Moon/build/nav2_msgs
