[0.038s] Invoking command in '/home/sentry/Wolf-Moon/build/cv_bridge': CMAKE_PREFIX_PATH=/opt/ros/galactic /usr/bin/cmake /home/sentry/Wolf-Moon/src/cv_bridge -DROS_EDITION=ROS2 -DHUMBLE_ROS= -DCMAKE_INSTALL_PREFIX=/home/sentry/Wolf-Moon/install/cv_bridge
[0.319s] -- The C compiler identification is GNU 9.4.0
[0.449s] -- The CXX compiler identification is GNU 9.4.0
[0.456s] -- Check for working C compiler: /usr/bin/cc
[0.513s] -- Check for working C compiler: /usr/bin/cc -- works
[0.514s] -- Detecting C compiler ABI info
[0.609s] -- Detecting C compiler ABI info - done
[0.624s] -- Detecting C compile features
[0.624s] -- Detecting C compile features - done
[0.628s] -- Check for working CXX compiler: /usr/bin/c++
[0.682s] -- Check for working CXX compiler: /usr/bin/c++ -- works
[0.683s] -- Detecting CXX compiler ABI info
[0.768s] -- Detecting CXX compiler ABI info - done
[0.783s] -- Detecting CXX compile features
[0.783s] -- Detecting CXX compile features - done
[0.786s] -- Found ament_cmake_ros: 0.9.2 (/opt/ros/galactic/share/ament_cmake_ros/cmake)
[0.824s] -- Found PythonInterp: /usr/bin/python3 (found suitable version "3.8.10", minimum required is "3") 
[0.824s] -- Using PYTHON_EXECUTABLE: /usr/bin/python3
[0.896s] -- Found PythonLibs: /usr/lib/x86_64-linux-gnu/libpython3.8.so (found version "3.8.10") 
[0.900s] -- Boost_VERSION_STRING: 1.71.0
[0.915s] -- Found Boost: /usr/lib/x86_64-linux-gnu/cmake/Boost-1.71.0/BoostConfig.cmake (found version "1.71.0") found components: python38 
[0.915s] -- Found rcpputils: 2.2.2 (/opt/ros/galactic/share/rcpputils/cmake)
[0.928s] -- Found sensor_msgs: 2.2.4 (/opt/ros/galactic/share/sensor_msgs/cmake)
[0.948s] -- Using all available rosidl_typesupport_c: rosidl_typesupport_fastrtps_c;rosidl_typesupport_introspection_c
[0.955s] -- Found rosidl_adapter: 2.2.3 (/opt/ros/galactic/share/rosidl_adapter/cmake)
[1.037s] -- Found OpenSSL: /usr/lib/x86_64-linux-gnu/libcrypto.so (found version "1.1.1f")  
[1.059s] -- Found FastRTPS: /opt/ros/galactic/include  
[1.132s] -- Using all available rosidl_typesupport_cpp: rosidl_typesupport_fastrtps_cpp;rosidl_typesupport_introspection_cpp
[1.434s] -- Performing Test COMPILER_HAS_HIDDEN_VISIBILITY
[1.521s] -- Performing Test COMPILER_HAS_HIDDEN_VISIBILITY - Success
[1.522s] -- Performing Test COMPILER_HAS_HIDDEN_INLINE_VISIBILITY
[1.589s] -- Performing Test COMPILER_HAS_HIDDEN_INLINE_VISIBILITY - Success
[1.590s] -- Performing Test COMPILER_HAS_DEPRECATED_ATTR
[1.657s] -- Performing Test COMPILER_HAS_DEPRECATED_ATTR - Success
[1.675s] -- Found PythonInterp: /usr/bin/python3 (found version "3.8.10") 
[1.677s] -- Found PythonLibs: /usr/lib/x86_64-linux-gnu/libpython3.8.so (found suitable version "3.8.10", minimum required is "3.8") 
[1.895s] -- Found ament_lint_auto: 0.10.7 (/opt/ros/galactic/share/ament_lint_auto/cmake)
[1.989s] -- Found gtest sources under '/opt/ros/galactic/src/gtest_vendor': C++ tests using 'Google Test' will be built
[1.993s] -- Looking for pthread.h
[2.051s] -- Looking for pthread.h - found
[2.051s] -- Performing Test CMAKE_HAVE_LIBC_PTHREAD
[2.107s] -- Performing Test CMAKE_HAVE_LIBC_PTHREAD - Failed
[2.108s] -- Check if compiler accepts -pthread
[2.164s] -- Check if compiler accepts -pthread - yes
[2.164s] -- Found Threads: TRUE  
