[0.044s] Invoking command in '/home/sentry/Wolf-Moon/build/auto_aim_interfaces': CMAKE_PREFIX_PATH=/opt/ros/galactic /usr/bin/cmake --build /home/sentry/Wolf-Moon/build/auto_aim_interfaces -- -j12 -l12
[0.383s] [  1%] Built target auto_aim_interfaces__cpp
[0.383s] [ 12%] Built target auto_aim_interfaces__rosidl_generator_c
[0.384s] [35m[1mScanning dependencies of target auto_aim_interfaces__rosidl_typesupport_introspection_c[0m
[0.384s] [ 24%] Built target auto_aim_interfaces__rosidl_typesupport_cpp
[0.384s] [ 25%] [34m[1mGenerating C type support dispatch for ROS interfaces[0m
[0.384s] [ 26%] [32mBuilding CXX object CMakeFiles/auto_aim_interfaces__rosidl_typesupport_fastrtps_cpp.dir/rosidl_typesupport_fastrtps_cpp/auto_aim_interfaces/msg/detail/dds_fastrtps/gimbal__type_support.cpp.o[0m
[0.384s] [ 27%] [32mBuilding CXX object CMakeFiles/auto_aim_interfaces__rosidl_typesupport_fastrtps_cpp.dir/rosidl_typesupport_fastrtps_cpp/auto_aim_interfaces/msg/detail/dds_fastrtps/state__type_support.cpp.o[0m
[0.384s] [ 30%] [32mBuilding CXX object CMakeFiles/auto_aim_interfaces__rosidl_typesupport_introspection_cpp.dir/rosidl_typesupport_introspection_cpp/auto_aim_interfaces/msg/detail/point2f__type_support.cpp.o[0m
[0.384s] [ 30%] [32mBuilding C object CMakeFiles/auto_aim_interfaces__rosidl_typesupport_introspection_c.dir/rosidl_typesupport_introspection_c/auto_aim_interfaces/msg/detail/armor__type_support.c.o[0m
[0.384s] [ 31%] [32mBuilding C object CMakeFiles/auto_aim_interfaces__rosidl_typesupport_introspection_c.dir/rosidl_typesupport_introspection_c/auto_aim_interfaces/msg/detail/armors__type_support.c.o[0m
[0.384s] [ 32%] [32mBuilding CXX object CMakeFiles/auto_aim_interfaces__rosidl_typesupport_introspection_cpp.dir/rosidl_typesupport_introspection_cpp/auto_aim_interfaces/msg/detail/state__type_support.cpp.o[0m
[0.384s] [ 34%] [32mBuilding CXX object CMakeFiles/auto_aim_interfaces__rosidl_typesupport_fastrtps_cpp.dir/rosidl_typesupport_fastrtps_cpp/auto_aim_interfaces/msg/detail/dds_fastrtps/uart__type_support.cpp.o[0m
[0.385s] [ 35%] [32mBuilding C object CMakeFiles/auto_aim_interfaces__rosidl_typesupport_introspection_c.dir/rosidl_typesupport_introspection_c/auto_aim_interfaces/msg/detail/serial__type_support.c.o[0m
[0.385s] [ 36%] [32mBuilding C object CMakeFiles/auto_aim_interfaces__rosidl_typesupport_introspection_c.dir/rosidl_typesupport_introspection_c/auto_aim_interfaces/msg/detail/gimbal__type_support.c.o[0m
[0.385s] [ 37%] [32mBuilding CXX object CMakeFiles/auto_aim_interfaces__rosidl_typesupport_introspection_cpp.dir/rosidl_typesupport_introspection_cpp/auto_aim_interfaces/msg/detail/uart__type_support.cpp.o[0m
[0.385s] [ 39%] [32mBuilding C object CMakeFiles/auto_aim_interfaces__rosidl_typesupport_introspection_c.dir/rosidl_typesupport_introspection_c/auto_aim_interfaces/msg/detail/point2f__type_support.c.o[0m
[0.385s] [ 40%] [32mBuilding C object CMakeFiles/auto_aim_interfaces__rosidl_typesupport_introspection_c.dir/rosidl_typesupport_introspection_c/auto_aim_interfaces/msg/detail/state__type_support.c.o[0m
[0.385s] [ 41%] [32mBuilding C object CMakeFiles/auto_aim_interfaces__rosidl_typesupport_introspection_c.dir/rosidl_typesupport_introspection_c/auto_aim_interfaces/msg/detail/uart__type_support.c.o[0m
[0.385s] [ 43%] [32m[1mLinking C shared library libauto_aim_interfaces__rosidl_typesupport_introspection_c.so[0m
[0.386s] [ 44%] Built target auto_aim_interfaces__rosidl_typesupport_introspection_c
[0.667s] [ 45%] [32m[1mLinking CXX shared library libauto_aim_interfaces__rosidl_typesupport_introspection_cpp.so[0m
[0.690s] [35m[1mScanning dependencies of target auto_aim_interfaces__rosidl_typesupport_c[0m
[0.712s] [ 46%] [32mBuilding CXX object CMakeFiles/auto_aim_interfaces__rosidl_typesupport_c.dir/rosidl_typesupport_c/auto_aim_interfaces/msg/armor__type_support.cpp.o[0m
[0.714s] [ 48%] [32mBuilding CXX object CMakeFiles/auto_aim_interfaces__rosidl_typesupport_c.dir/rosidl_typesupport_c/auto_aim_interfaces/msg/point2f__type_support.cpp.o[0m
[0.722s] [ 49%] [32mBuilding CXX object CMakeFiles/auto_aim_interfaces__rosidl_typesupport_c.dir/rosidl_typesupport_c/auto_aim_interfaces/msg/gimbal__type_support.cpp.o[0m
[0.723s] [ 51%] [32mBuilding CXX object CMakeFiles/auto_aim_interfaces__rosidl_typesupport_c.dir/rosidl_typesupport_c/auto_aim_interfaces/msg/uart__type_support.cpp.o[0m
[0.723s] [ 51%] [32mBuilding CXX object CMakeFiles/auto_aim_interfaces__rosidl_typesupport_c.dir/rosidl_typesupport_c/auto_aim_interfaces/msg/armors__type_support.cpp.o[0m
[0.735s] [ 53%] [32mBuilding CXX object CMakeFiles/auto_aim_interfaces__rosidl_typesupport_c.dir/rosidl_typesupport_c/auto_aim_interfaces/msg/state__type_support.cpp.o[0m
[0.737s] [ 54%] [32mBuilding CXX object CMakeFiles/auto_aim_interfaces__rosidl_typesupport_c.dir/rosidl_typesupport_c/auto_aim_interfaces/msg/serial__type_support.cpp.o[0m
[0.794s] [ 60%] Built target auto_aim_interfaces__rosidl_typesupport_introspection_cpp
[0.799s] [ 62%] [32m[1mLinking CXX shared library libauto_aim_interfaces__rosidl_typesupport_c.so[0m
[0.799s] [ 63%] [32m[1mLinking CXX shared library libauto_aim_interfaces__rosidl_typesupport_fastrtps_cpp.so[0m
[0.870s] [ 63%] Built target auto_aim_interfaces__rosidl_typesupport_c
[0.938s] [ 69%] Built target auto_aim_interfaces__rosidl_typesupport_fastrtps_cpp
[0.954s] [ 70%] [34m[1mGenerating C type support for eProsima Fast-RTPS[0m
[1.511s] [35m[1mScanning dependencies of target auto_aim_interfaces__rosidl_typesupport_fastrtps_c[0m
[1.544s] [ 73%] [32mBuilding CXX object CMakeFiles/auto_aim_interfaces__rosidl_typesupport_fastrtps_c.dir/rosidl_typesupport_fastrtps_c/auto_aim_interfaces/msg/detail/point2f__type_support_c.cpp.o[0m
[1.544s] [ 73%] [32mBuilding CXX object CMakeFiles/auto_aim_interfaces__rosidl_typesupport_fastrtps_c.dir/rosidl_typesupport_fastrtps_c/auto_aim_interfaces/msg/detail/serial__type_support_c.cpp.o[0m
[1.544s] [ 75%] [32mBuilding CXX object CMakeFiles/auto_aim_interfaces__rosidl_typesupport_fastrtps_c.dir/rosidl_typesupport_fastrtps_c/auto_aim_interfaces/msg/detail/armor__type_support_c.cpp.o[0m
[1.544s] [ 75%] [32mBuilding CXX object CMakeFiles/auto_aim_interfaces__rosidl_typesupport_fastrtps_c.dir/rosidl_typesupport_fastrtps_c/auto_aim_interfaces/msg/detail/armors__type_support_c.cpp.o[0m
[1.544s] [ 77%] [32mBuilding CXX object CMakeFiles/auto_aim_interfaces__rosidl_typesupport_fastrtps_c.dir/rosidl_typesupport_fastrtps_c/auto_aim_interfaces/msg/detail/gimbal__type_support_c.cpp.o[0m
[1.550s] [ 78%] [32mBuilding CXX object CMakeFiles/auto_aim_interfaces__rosidl_typesupport_fastrtps_c.dir/rosidl_typesupport_fastrtps_c/auto_aim_interfaces/msg/detail/uart__type_support_c.cpp.o[0m
[1.554s] [ 79%] [32mBuilding CXX object CMakeFiles/auto_aim_interfaces__rosidl_typesupport_fastrtps_c.dir/rosidl_typesupport_fastrtps_c/auto_aim_interfaces/msg/detail/state__type_support_c.cpp.o[0m
[2.067s] [ 81%] [32m[1mLinking CXX shared library libauto_aim_interfaces__rosidl_typesupport_fastrtps_c.so[0m
[2.157s] [ 81%] Built target auto_aim_interfaces__rosidl_typesupport_fastrtps_c
[2.172s] [35m[1mScanning dependencies of target auto_aim_interfaces[0m
[2.181s] [ 81%] Built target auto_aim_interfaces
[2.194s] [35m[1mScanning dependencies of target auto_aim_interfaces__py[0m
[2.209s] [ 82%] [34m[1mGenerating Python code for ROS interfaces[0m
[3.206s] [ 82%] Built target auto_aim_interfaces__py
[3.215s] [35m[1mScanning dependencies of target auto_aim_interfaces__python[0m
[3.263s] [ 83%] [32mBuilding C object CMakeFiles/auto_aim_interfaces__python.dir/rosidl_generator_py/auto_aim_interfaces/msg/_serial_s.c.o[0m
[3.265s] [ 84%] [32mBuilding C object CMakeFiles/auto_aim_interfaces__python.dir/rosidl_generator_py/auto_aim_interfaces/msg/_gimbal_s.c.o[0m
[3.266s] [ 86%] [32mBuilding C object CMakeFiles/auto_aim_interfaces__python.dir/rosidl_generator_py/auto_aim_interfaces/msg/_armors_s.c.o[0m
[3.267s] [ 87%] [32mBuilding C object CMakeFiles/auto_aim_interfaces__python.dir/rosidl_generator_py/auto_aim_interfaces/msg/_point2f_s.c.o[0m
[3.268s] [ 88%] [32mBuilding C object CMakeFiles/auto_aim_interfaces__python.dir/rosidl_generator_py/auto_aim_interfaces/msg/_armor_s.c.o[0m
[3.274s] [ 89%] [32mBuilding C object CMakeFiles/auto_aim_interfaces__python.dir/rosidl_generator_py/auto_aim_interfaces/msg/_uart_s.c.o[0m
[3.276s] [ 91%] [32mBuilding C object CMakeFiles/auto_aim_interfaces__python.dir/rosidl_generator_py/auto_aim_interfaces/msg/_state_s.c.o[0m
[3.433s] [ 92%] [32m[1mLinking C shared library rosidl_generator_py/auto_aim_interfaces/libauto_aim_interfaces__python.so[0m
[3.477s] [ 92%] Built target auto_aim_interfaces__python
[3.485s] [35m[1mScanning dependencies of target auto_aim_interfaces__rosidl_typesupport_c__pyext[0m
[3.508s] [35m[1mScanning dependencies of target auto_aim_interfaces__rosidl_typesupport_introspection_c__pyext[0m
[3.508s] [35m[1mScanning dependencies of target auto_aim_interfaces__rosidl_typesupport_fastrtps_c__pyext[0m
[3.508s] [ 93%] [32mBuilding C object CMakeFiles/auto_aim_interfaces__rosidl_typesupport_c__pyext.dir/rosidl_generator_py/auto_aim_interfaces/_auto_aim_interfaces_s.ep.rosidl_typesupport_c.c.o[0m
[3.514s] [ 94%] [32mBuilding C object CMakeFiles/auto_aim_interfaces__rosidl_typesupport_introspection_c__pyext.dir/rosidl_generator_py/auto_aim_interfaces/_auto_aim_interfaces_s.ep.rosidl_typesupport_introspection_c.c.o[0m
[3.527s] [ 96%] [32mBuilding C object CMakeFiles/auto_aim_interfaces__rosidl_typesupport_fastrtps_c__pyext.dir/rosidl_generator_py/auto_aim_interfaces/_auto_aim_interfaces_s.ep.rosidl_typesupport_fastrtps_c.c.o[0m
[3.604s] [ 97%] [32m[1mLinking CXX shared library rosidl_generator_py/auto_aim_interfaces/auto_aim_interfaces_s__rosidl_typesupport_fastrtps_c.cpython-38-x86_64-linux-gnu.so[0m
[3.642s] [ 98%] [32m[1mLinking C shared library rosidl_generator_py/auto_aim_interfaces/auto_aim_interfaces_s__rosidl_typesupport_c.cpython-38-x86_64-linux-gnu.so[0m
[3.652s] [100%] [32m[1mLinking C shared library rosidl_generator_py/auto_aim_interfaces/auto_aim_interfaces_s__rosidl_typesupport_introspection_c.cpython-38-x86_64-linux-gnu.so[0m
[3.697s] [100%] Built target auto_aim_interfaces__rosidl_typesupport_fastrtps_c__pyext
[3.706s] [100%] Built target auto_aim_interfaces__rosidl_typesupport_c__pyext
[3.712s] [100%] Built target auto_aim_interfaces__rosidl_typesupport_introspection_c__pyext
[3.759s] Invoked command in '/home/sentry/Wolf-Moon/build/auto_aim_interfaces' returned '0': CMAKE_PREFIX_PATH=/opt/ros/galactic /usr/bin/cmake --build /home/sentry/Wolf-Moon/build/auto_aim_interfaces -- -j12 -l12
[3.777s] Invoking command in '/home/sentry/Wolf-Moon/build/auto_aim_interfaces': CMAKE_PREFIX_PATH=/opt/ros/galactic /usr/bin/cmake --install /home/sentry/Wolf-Moon/build/auto_aim_interfaces
[3.789s] -- Install configuration: ""
[3.789s] -- Installing: /home/sentry/Wolf-Moon/install/auto_aim_interfaces/share/ament_index/resource_index/rosidl_interfaces/auto_aim_interfaces
[3.790s] -- Installing: /home/sentry/Wolf-Moon/install/auto_aim_interfaces/include/auto_aim_interfaces
[3.790s] -- Installing: /home/sentry/Wolf-Moon/install/auto_aim_interfaces/include/auto_aim_interfaces/msg
[3.790s] -- Installing: /home/sentry/Wolf-Moon/install/auto_aim_interfaces/include/auto_aim_interfaces/msg/uart.h
[3.790s] -- Installing: /home/sentry/Wolf-Moon/install/auto_aim_interfaces/include/auto_aim_interfaces/msg/serial.h
[3.790s] -- Installing: /home/sentry/Wolf-Moon/install/auto_aim_interfaces/include/auto_aim_interfaces/msg/state.h
[3.790s] -- Installing: /home/sentry/Wolf-Moon/install/auto_aim_interfaces/include/auto_aim_interfaces/msg/point2f.h
[3.790s] -- Installing: /home/sentry/Wolf-Moon/install/auto_aim_interfaces/include/auto_aim_interfaces/msg/armor.h
[3.790s] -- Installing: /home/sentry/Wolf-Moon/install/auto_aim_interfaces/include/auto_aim_interfaces/msg/detail
[3.790s] -- Installing: /home/sentry/Wolf-Moon/install/auto_aim_interfaces/include/auto_aim_interfaces/msg/detail/serial__functions.h
[3.790s] -- Installing: /home/sentry/Wolf-Moon/install/auto_aim_interfaces/include/auto_aim_interfaces/msg/detail/uart__type_support.h
[3.790s] -- Installing: /home/sentry/Wolf-Moon/install/auto_aim_interfaces/include/auto_aim_interfaces/msg/detail/serial__functions.c
[3.791s] -- Installing: /home/sentry/Wolf-Moon/install/auto_aim_interfaces/include/auto_aim_interfaces/msg/detail/serial__type_support.h
[3.791s] -- Installing: /home/sentry/Wolf-Moon/install/auto_aim_interfaces/include/auto_aim_interfaces/msg/detail/state__type_support.h
[3.791s] -- Installing: /home/sentry/Wolf-Moon/install/auto_aim_interfaces/include/auto_aim_interfaces/msg/detail/armor__struct.h
[3.791s] -- Installing: /home/sentry/Wolf-Moon/install/auto_aim_interfaces/include/auto_aim_interfaces/msg/detail/armor__functions.h
[3.791s] -- Installing: /home/sentry/Wolf-Moon/install/auto_aim_interfaces/include/auto_aim_interfaces/msg/detail/gimbal__struct.h
[3.791s] -- Installing: /home/sentry/Wolf-Moon/install/auto_aim_interfaces/include/auto_aim_interfaces/msg/detail/point2f__type_support.h
[3.791s] -- Installing: /home/sentry/Wolf-Moon/install/auto_aim_interfaces/include/auto_aim_interfaces/msg/detail/armors__functions.c
[3.792s] -- Installing: /home/sentry/Wolf-Moon/install/auto_aim_interfaces/include/auto_aim_interfaces/msg/detail/armors__type_support.h
[3.792s] -- Installing: /home/sentry/Wolf-Moon/install/auto_aim_interfaces/include/auto_aim_interfaces/msg/detail/gimbal__type_support.h
[3.792s] -- Installing: /home/sentry/Wolf-Moon/install/auto_aim_interfaces/include/auto_aim_interfaces/msg/detail/armors__struct.h
[3.792s] -- Installing: /home/sentry/Wolf-Moon/install/auto_aim_interfaces/include/auto_aim_interfaces/msg/detail/point2f__functions.c
[3.792s] -- Installing: /home/sentry/Wolf-Moon/install/auto_aim_interfaces/include/auto_aim_interfaces/msg/detail/gimbal__functions.h
[3.792s] -- Installing: /home/sentry/Wolf-Moon/install/auto_aim_interfaces/include/auto_aim_interfaces/msg/detail/uart__functions.h
[3.792s] -- Installing: /home/sentry/Wolf-Moon/install/auto_aim_interfaces/include/auto_aim_interfaces/msg/detail/uart__functions.c
[3.793s] -- Installing: /home/sentry/Wolf-Moon/install/auto_aim_interfaces/include/auto_aim_interfaces/msg/detail/state__functions.c
[3.793s] -- Installing: /home/sentry/Wolf-Moon/install/auto_aim_interfaces/include/auto_aim_interfaces/msg/detail/armors__functions.h
[3.793s] -- Installing: /home/sentry/Wolf-Moon/install/auto_aim_interfaces/include/auto_aim_interfaces/msg/detail/armor__functions.c
[3.793s] -- Installing: /home/sentry/Wolf-Moon/install/auto_aim_interfaces/include/auto_aim_interfaces/msg/detail/serial__struct.h
[3.793s] -- Installing: /home/sentry/Wolf-Moon/install/auto_aim_interfaces/include/auto_aim_interfaces/msg/detail/point2f__functions.h
[3.793s] -- Installing: /home/sentry/Wolf-Moon/install/auto_aim_interfaces/include/auto_aim_interfaces/msg/detail/gimbal__functions.c
[3.793s] -- Installing: /home/sentry/Wolf-Moon/install/auto_aim_interfaces/include/auto_aim_interfaces/msg/detail/state__functions.h
[3.794s] -- Installing: /home/sentry/Wolf-Moon/install/auto_aim_interfaces/include/auto_aim_interfaces/msg/detail/state__struct.h
[3.794s] -- Installing: /home/sentry/Wolf-Moon/install/auto_aim_interfaces/include/auto_aim_interfaces/msg/detail/uart__struct.h
[3.794s] -- Installing: /home/sentry/Wolf-Moon/install/auto_aim_interfaces/include/auto_aim_interfaces/msg/detail/armor__type_support.h
[3.794s] -- Installing: /home/sentry/Wolf-Moon/install/auto_aim_interfaces/include/auto_aim_interfaces/msg/detail/point2f__struct.h
[3.794s] -- Installing: /home/sentry/Wolf-Moon/install/auto_aim_interfaces/include/auto_aim_interfaces/msg/gimbal.h
[3.794s] -- Installing: /home/sentry/Wolf-Moon/install/auto_aim_interfaces/include/auto_aim_interfaces/msg/armors.h
[3.794s] -- Installing: /home/sentry/Wolf-Moon/install/auto_aim_interfaces/include/auto_aim_interfaces/msg/rosidl_generator_c__visibility_control.h
[3.794s] -- Installing: /home/sentry/Wolf-Moon/install/auto_aim_interfaces/share/auto_aim_interfaces/environment/library_path.sh
[3.794s] -- Installing: /home/sentry/Wolf-Moon/install/auto_aim_interfaces/share/auto_aim_interfaces/environment/library_path.dsv
[3.795s] -- Installing: /home/sentry/Wolf-Moon/install/auto_aim_interfaces/lib/libauto_aim_interfaces__rosidl_generator_c.so
[3.795s] -- Set runtime path of "/home/sentry/Wolf-Moon/install/auto_aim_interfaces/lib/libauto_aim_interfaces__rosidl_generator_c.so" to ""
[3.795s] -- Up-to-date: /home/sentry/Wolf-Moon/install/auto_aim_interfaces/include/auto_aim_interfaces
[3.795s] -- Up-to-date: /home/sentry/Wolf-Moon/install/auto_aim_interfaces/include/auto_aim_interfaces/msg
[3.795s] -- Up-to-date: /home/sentry/Wolf-Moon/install/auto_aim_interfaces/include/auto_aim_interfaces/msg/detail
[3.795s] -- Installing: /home/sentry/Wolf-Moon/install/auto_aim_interfaces/include/auto_aim_interfaces/msg/detail/armors__rosidl_typesupport_fastrtps_c.h
[3.795s] -- Installing: /home/sentry/Wolf-Moon/install/auto_aim_interfaces/include/auto_aim_interfaces/msg/detail/serial__rosidl_typesupport_fastrtps_c.h
[3.795s] -- Installing: /home/sentry/Wolf-Moon/install/auto_aim_interfaces/include/auto_aim_interfaces/msg/detail/armor__rosidl_typesupport_fastrtps_c.h
[3.796s] -- Installing: /home/sentry/Wolf-Moon/install/auto_aim_interfaces/include/auto_aim_interfaces/msg/detail/gimbal__rosidl_typesupport_fastrtps_c.h
[3.796s] -- Installing: /home/sentry/Wolf-Moon/install/auto_aim_interfaces/include/auto_aim_interfaces/msg/detail/uart__rosidl_typesupport_fastrtps_c.h
[3.796s] -- Installing: /home/sentry/Wolf-Moon/install/auto_aim_interfaces/include/auto_aim_interfaces/msg/detail/point2f__rosidl_typesupport_fastrtps_c.h
[3.796s] -- Installing: /home/sentry/Wolf-Moon/install/auto_aim_interfaces/include/auto_aim_interfaces/msg/detail/state__rosidl_typesupport_fastrtps_c.h
[3.796s] -- Installing: /home/sentry/Wolf-Moon/install/auto_aim_interfaces/include/auto_aim_interfaces/msg/rosidl_typesupport_fastrtps_c__visibility_control.h
[3.796s] -- Installing: /home/sentry/Wolf-Moon/install/auto_aim_interfaces/lib/libauto_aim_interfaces__rosidl_typesupport_fastrtps_c.so
[3.796s] -- Set runtime path of "/home/sentry/Wolf-Moon/install/auto_aim_interfaces/lib/libauto_aim_interfaces__rosidl_typesupport_fastrtps_c.so" to ""
[3.797s] -- Up-to-date: /home/sentry/Wolf-Moon/install/auto_aim_interfaces/include/auto_aim_interfaces
[3.797s] -- Up-to-date: /home/sentry/Wolf-Moon/install/auto_aim_interfaces/include/auto_aim_interfaces/msg
[3.797s] -- Up-to-date: /home/sentry/Wolf-Moon/install/auto_aim_interfaces/include/auto_aim_interfaces/msg/detail
[3.797s] -- Installing: /home/sentry/Wolf-Moon/install/auto_aim_interfaces/include/auto_aim_interfaces/msg/detail/gimbal__rosidl_typesupport_fastrtps_cpp.hpp
[3.797s] -- Installing: /home/sentry/Wolf-Moon/install/auto_aim_interfaces/include/auto_aim_interfaces/msg/detail/point2f__rosidl_typesupport_fastrtps_cpp.hpp
[3.797s] -- Installing: /home/sentry/Wolf-Moon/install/auto_aim_interfaces/include/auto_aim_interfaces/msg/detail/uart__rosidl_typesupport_fastrtps_cpp.hpp
[3.797s] -- Installing: /home/sentry/Wolf-Moon/install/auto_aim_interfaces/include/auto_aim_interfaces/msg/detail/armor__rosidl_typesupport_fastrtps_cpp.hpp
[3.797s] -- Installing: /home/sentry/Wolf-Moon/install/auto_aim_interfaces/include/auto_aim_interfaces/msg/detail/armors__rosidl_typesupport_fastrtps_cpp.hpp
[3.797s] -- Installing: /home/sentry/Wolf-Moon/install/auto_aim_interfaces/include/auto_aim_interfaces/msg/detail/serial__rosidl_typesupport_fastrtps_cpp.hpp
[3.798s] -- Installing: /home/sentry/Wolf-Moon/install/auto_aim_interfaces/include/auto_aim_interfaces/msg/detail/dds_fastrtps
[3.798s] -- Installing: /home/sentry/Wolf-Moon/install/auto_aim_interfaces/include/auto_aim_interfaces/msg/detail/state__rosidl_typesupport_fastrtps_cpp.hpp
[3.798s] -- Installing: /home/sentry/Wolf-Moon/install/auto_aim_interfaces/include/auto_aim_interfaces/msg/rosidl_typesupport_fastrtps_cpp__visibility_control.h
[3.798s] -- Installing: /home/sentry/Wolf-Moon/install/auto_aim_interfaces/lib/libauto_aim_interfaces__rosidl_typesupport_fastrtps_cpp.so
[3.798s] -- Set runtime path of "/home/sentry/Wolf-Moon/install/auto_aim_interfaces/lib/libauto_aim_interfaces__rosidl_typesupport_fastrtps_cpp.so" to ""
[3.798s] -- Up-to-date: /home/sentry/Wolf-Moon/install/auto_aim_interfaces/include/auto_aim_interfaces
[3.798s] -- Up-to-date: /home/sentry/Wolf-Moon/install/auto_aim_interfaces/include/auto_aim_interfaces/msg
[3.799s] -- Installing: /home/sentry/Wolf-Moon/install/auto_aim_interfaces/include/auto_aim_interfaces/msg/rosidl_typesupport_introspection_c__visibility_control.h
[3.799s] -- Up-to-date: /home/sentry/Wolf-Moon/install/auto_aim_interfaces/include/auto_aim_interfaces/msg/detail
[3.799s] -- Installing: /home/sentry/Wolf-Moon/install/auto_aim_interfaces/include/auto_aim_interfaces/msg/detail/gimbal__type_support.c
[3.799s] -- Installing: /home/sentry/Wolf-Moon/install/auto_aim_interfaces/include/auto_aim_interfaces/msg/detail/uart__type_support.c
[3.799s] -- Installing: /home/sentry/Wolf-Moon/install/auto_aim_interfaces/include/auto_aim_interfaces/msg/detail/serial__type_support.c
[3.799s] -- Installing: /home/sentry/Wolf-Moon/install/auto_aim_interfaces/include/auto_aim_interfaces/msg/detail/state__rosidl_typesupport_introspection_c.h
[3.799s] -- Installing: /home/sentry/Wolf-Moon/install/auto_aim_interfaces/include/auto_aim_interfaces/msg/detail/serial__rosidl_typesupport_introspection_c.h
[3.800s] -- Installing: /home/sentry/Wolf-Moon/install/auto_aim_interfaces/include/auto_aim_interfaces/msg/detail/state__type_support.c
[3.800s] -- Installing: /home/sentry/Wolf-Moon/install/auto_aim_interfaces/include/auto_aim_interfaces/msg/detail/gimbal__rosidl_typesupport_introspection_c.h
[3.800s] -- Installing: /home/sentry/Wolf-Moon/install/auto_aim_interfaces/include/auto_aim_interfaces/msg/detail/point2f__rosidl_typesupport_introspection_c.h
[3.800s] -- Installing: /home/sentry/Wolf-Moon/install/auto_aim_interfaces/include/auto_aim_interfaces/msg/detail/armors__rosidl_typesupport_introspection_c.h
[3.800s] -- Installing: /home/sentry/Wolf-Moon/install/auto_aim_interfaces/include/auto_aim_interfaces/msg/detail/uart__rosidl_typesupport_introspection_c.h
[3.800s] -- Installing: /home/sentry/Wolf-Moon/install/auto_aim_interfaces/include/auto_aim_interfaces/msg/detail/armor__type_support.c
[3.800s] -- Installing: /home/sentry/Wolf-Moon/install/auto_aim_interfaces/include/auto_aim_interfaces/msg/detail/point2f__type_support.c
[3.800s] -- Installing: /home/sentry/Wolf-Moon/install/auto_aim_interfaces/include/auto_aim_interfaces/msg/detail/armors__type_support.c
[3.801s] -- Installing: /home/sentry/Wolf-Moon/install/auto_aim_interfaces/include/auto_aim_interfaces/msg/detail/armor__rosidl_typesupport_introspection_c.h
[3.801s] -- Installing: /home/sentry/Wolf-Moon/install/auto_aim_interfaces/lib/libauto_aim_interfaces__rosidl_typesupport_introspection_c.so
[3.801s] -- Set runtime path of "/home/sentry/Wolf-Moon/install/auto_aim_interfaces/lib/libauto_aim_interfaces__rosidl_typesupport_introspection_c.so" to ""
[3.801s] -- Installing: /home/sentry/Wolf-Moon/install/auto_aim_interfaces/lib/libauto_aim_interfaces__rosidl_typesupport_c.so
[3.801s] -- Set runtime path of "/home/sentry/Wolf-Moon/install/auto_aim_interfaces/lib/libauto_aim_interfaces__rosidl_typesupport_c.so" to ""
[3.801s] -- Up-to-date: /home/sentry/Wolf-Moon/install/auto_aim_interfaces/include/auto_aim_interfaces
[3.802s] -- Up-to-date: /home/sentry/Wolf-Moon/install/auto_aim_interfaces/include/auto_aim_interfaces/msg
[3.802s] -- Installing: /home/sentry/Wolf-Moon/install/auto_aim_interfaces/include/auto_aim_interfaces/msg/gimbal.hpp
[3.802s] -- Installing: /home/sentry/Wolf-Moon/install/auto_aim_interfaces/include/auto_aim_interfaces/msg/point2f.hpp
[3.802s] -- Installing: /home/sentry/Wolf-Moon/install/auto_aim_interfaces/include/auto_aim_interfaces/msg/armors.hpp
[3.802s] -- Installing: /home/sentry/Wolf-Moon/install/auto_aim_interfaces/include/auto_aim_interfaces/msg/serial.hpp
[3.802s] -- Up-to-date: /home/sentry/Wolf-Moon/install/auto_aim_interfaces/include/auto_aim_interfaces/msg/detail
[3.802s] -- Installing: /home/sentry/Wolf-Moon/install/auto_aim_interfaces/include/auto_aim_interfaces/msg/detail/gimbal__struct.hpp
[3.802s] -- Installing: /home/sentry/Wolf-Moon/install/auto_aim_interfaces/include/auto_aim_interfaces/msg/detail/serial__struct.hpp
[3.803s] -- Installing: /home/sentry/Wolf-Moon/install/auto_aim_interfaces/include/auto_aim_interfaces/msg/detail/uart__traits.hpp
[3.803s] -- Installing: /home/sentry/Wolf-Moon/install/auto_aim_interfaces/include/auto_aim_interfaces/msg/detail/state__struct.hpp
[3.803s] -- Installing: /home/sentry/Wolf-Moon/install/auto_aim_interfaces/include/auto_aim_interfaces/msg/detail/armors__builder.hpp
[3.803s] -- Installing: /home/sentry/Wolf-Moon/install/auto_aim_interfaces/include/auto_aim_interfaces/msg/detail/armors__traits.hpp
[3.803s] -- Installing: /home/sentry/Wolf-Moon/install/auto_aim_interfaces/include/auto_aim_interfaces/msg/detail/serial__traits.hpp
[3.803s] -- Installing: /home/sentry/Wolf-Moon/install/auto_aim_interfaces/include/auto_aim_interfaces/msg/detail/point2f__struct.hpp
[3.803s] -- Installing: /home/sentry/Wolf-Moon/install/auto_aim_interfaces/include/auto_aim_interfaces/msg/detail/armor__struct.hpp
[3.803s] -- Installing: /home/sentry/Wolf-Moon/install/auto_aim_interfaces/include/auto_aim_interfaces/msg/detail/point2f__traits.hpp
[3.803s] -- Installing: /home/sentry/Wolf-Moon/install/auto_aim_interfaces/include/auto_aim_interfaces/msg/detail/gimbal__builder.hpp
[3.804s] -- Installing: /home/sentry/Wolf-Moon/install/auto_aim_interfaces/include/auto_aim_interfaces/msg/detail/armor__builder.hpp
[3.804s] -- Installing: /home/sentry/Wolf-Moon/install/auto_aim_interfaces/include/auto_aim_interfaces/msg/detail/gimbal__traits.hpp
[3.804s] -- Installing: /home/sentry/Wolf-Moon/install/auto_aim_interfaces/include/auto_aim_interfaces/msg/detail/state__traits.hpp
[3.804s] -- Installing: /home/sentry/Wolf-Moon/install/auto_aim_interfaces/include/auto_aim_interfaces/msg/detail/uart__builder.hpp
[3.804s] -- Installing: /home/sentry/Wolf-Moon/install/auto_aim_interfaces/include/auto_aim_interfaces/msg/detail/armors__struct.hpp
[3.804s] -- Installing: /home/sentry/Wolf-Moon/install/auto_aim_interfaces/include/auto_aim_interfaces/msg/detail/uart__struct.hpp
[3.804s] -- Installing: /home/sentry/Wolf-Moon/install/auto_aim_interfaces/include/auto_aim_interfaces/msg/detail/point2f__builder.hpp
[3.804s] -- Installing: /home/sentry/Wolf-Moon/install/auto_aim_interfaces/include/auto_aim_interfaces/msg/detail/state__builder.hpp
[3.804s] -- Installing: /home/sentry/Wolf-Moon/install/auto_aim_interfaces/include/auto_aim_interfaces/msg/detail/armor__traits.hpp
[3.805s] -- Installing: /home/sentry/Wolf-Moon/install/auto_aim_interfaces/include/auto_aim_interfaces/msg/detail/serial__builder.hpp
[3.805s] -- Installing: /home/sentry/Wolf-Moon/install/auto_aim_interfaces/include/auto_aim_interfaces/msg/state.hpp
[3.805s] -- Installing: /home/sentry/Wolf-Moon/install/auto_aim_interfaces/include/auto_aim_interfaces/msg/uart.hpp
[3.805s] -- Installing: /home/sentry/Wolf-Moon/install/auto_aim_interfaces/include/auto_aim_interfaces/msg/armor.hpp
[3.805s] -- Up-to-date: /home/sentry/Wolf-Moon/install/auto_aim_interfaces/include/auto_aim_interfaces
[3.805s] -- Up-to-date: /home/sentry/Wolf-Moon/install/auto_aim_interfaces/include/auto_aim_interfaces/msg
[3.805s] -- Up-to-date: /home/sentry/Wolf-Moon/install/auto_aim_interfaces/include/auto_aim_interfaces/msg/detail
[3.805s] -- Installing: /home/sentry/Wolf-Moon/install/auto_aim_interfaces/include/auto_aim_interfaces/msg/detail/gimbal__rosidl_typesupport_introspection_cpp.hpp
[3.806s] -- Installing: /home/sentry/Wolf-Moon/install/auto_aim_interfaces/include/auto_aim_interfaces/msg/detail/armor__rosidl_typesupport_introspection_cpp.hpp
[3.806s] -- Installing: /home/sentry/Wolf-Moon/install/auto_aim_interfaces/include/auto_aim_interfaces/msg/detail/point2f__rosidl_typesupport_introspection_cpp.hpp
[3.806s] -- Installing: /home/sentry/Wolf-Moon/install/auto_aim_interfaces/include/auto_aim_interfaces/msg/detail/serial__rosidl_typesupport_introspection_cpp.hpp
[3.806s] -- Installing: /home/sentry/Wolf-Moon/install/auto_aim_interfaces/include/auto_aim_interfaces/msg/detail/gimbal__type_support.cpp
[3.806s] -- Installing: /home/sentry/Wolf-Moon/install/auto_aim_interfaces/include/auto_aim_interfaces/msg/detail/armor__type_support.cpp
[3.806s] -- Installing: /home/sentry/Wolf-Moon/install/auto_aim_interfaces/include/auto_aim_interfaces/msg/detail/point2f__type_support.cpp
[3.806s] -- Installing: /home/sentry/Wolf-Moon/install/auto_aim_interfaces/include/auto_aim_interfaces/msg/detail/armors__rosidl_typesupport_introspection_cpp.hpp
[3.806s] -- Installing: /home/sentry/Wolf-Moon/install/auto_aim_interfaces/include/auto_aim_interfaces/msg/detail/uart__rosidl_typesupport_introspection_cpp.hpp
[3.806s] -- Installing: /home/sentry/Wolf-Moon/install/auto_aim_interfaces/include/auto_aim_interfaces/msg/detail/state__type_support.cpp
[3.806s] -- Installing: /home/sentry/Wolf-Moon/install/auto_aim_interfaces/include/auto_aim_interfaces/msg/detail/uart__type_support.cpp
[3.806s] -- Installing: /home/sentry/Wolf-Moon/install/auto_aim_interfaces/include/auto_aim_interfaces/msg/detail/armors__type_support.cpp
[3.807s] -- Installing: /home/sentry/Wolf-Moon/install/auto_aim_interfaces/include/auto_aim_interfaces/msg/detail/state__rosidl_typesupport_introspection_cpp.hpp
[3.807s] -- Installing: /home/sentry/Wolf-Moon/install/auto_aim_interfaces/include/auto_aim_interfaces/msg/detail/serial__type_support.cpp
[3.807s] -- Installing: /home/sentry/Wolf-Moon/install/auto_aim_interfaces/lib/libauto_aim_interfaces__rosidl_typesupport_introspection_cpp.so
[3.807s] -- Set runtime path of "/home/sentry/Wolf-Moon/install/auto_aim_interfaces/lib/libauto_aim_interfaces__rosidl_typesupport_introspection_cpp.so" to ""
[3.807s] -- Installing: /home/sentry/Wolf-Moon/install/auto_aim_interfaces/lib/libauto_aim_interfaces__rosidl_typesupport_cpp.so
[3.808s] -- Set runtime path of "/home/sentry/Wolf-Moon/install/auto_aim_interfaces/lib/libauto_aim_interfaces__rosidl_typesupport_cpp.so" to ""
[3.808s] -- Installing: /home/sentry/Wolf-Moon/install/auto_aim_interfaces/share/auto_aim_interfaces/environment/pythonpath.sh
[3.808s] -- Installing: /home/sentry/Wolf-Moon/install/auto_aim_interfaces/share/auto_aim_interfaces/environment/pythonpath.dsv
[3.808s] -- Installing: /home/sentry/Wolf-Moon/install/auto_aim_interfaces/lib/python3.8/site-packages/auto_aim_interfaces/__init__.py
[3.859s] Compiling '/home/sentry/Wolf-Moon/install/auto_aim_interfaces/lib/python3.8/site-packages/auto_aim_interfaces/__init__.py'...
[3.864s] -- Installing: /home/sentry/Wolf-Moon/install/auto_aim_interfaces/lib/python3.8/site-packages/auto_aim_interfaces/msg
[3.864s] -- Installing: /home/sentry/Wolf-Moon/install/auto_aim_interfaces/lib/python3.8/site-packages/auto_aim_interfaces/msg/_gimbal.py
[3.864s] -- Installing: /home/sentry/Wolf-Moon/install/auto_aim_interfaces/lib/python3.8/site-packages/auto_aim_interfaces/msg/_state_s.c
[3.864s] -- Installing: /home/sentry/Wolf-Moon/install/auto_aim_interfaces/lib/python3.8/site-packages/auto_aim_interfaces/msg/_armors.py
[3.865s] -- Installing: /home/sentry/Wolf-Moon/install/auto_aim_interfaces/lib/python3.8/site-packages/auto_aim_interfaces/msg/__init__.py
[3.865s] -- Installing: /home/sentry/Wolf-Moon/install/auto_aim_interfaces/lib/python3.8/site-packages/auto_aim_interfaces/msg/_state.py
[3.865s] -- Installing: /home/sentry/Wolf-Moon/install/auto_aim_interfaces/lib/python3.8/site-packages/auto_aim_interfaces/msg/_serial.py
[3.865s] -- Installing: /home/sentry/Wolf-Moon/install/auto_aim_interfaces/lib/python3.8/site-packages/auto_aim_interfaces/msg/_point2f.py
[3.865s] -- Installing: /home/sentry/Wolf-Moon/install/auto_aim_interfaces/lib/python3.8/site-packages/auto_aim_interfaces/msg/_gimbal_s.c
[3.865s] -- Installing: /home/sentry/Wolf-Moon/install/auto_aim_interfaces/lib/python3.8/site-packages/auto_aim_interfaces/msg/_armor.py
[3.865s] -- Installing: /home/sentry/Wolf-Moon/install/auto_aim_interfaces/lib/python3.8/site-packages/auto_aim_interfaces/msg/_armors_s.c
[3.865s] -- Installing: /home/sentry/Wolf-Moon/install/auto_aim_interfaces/lib/python3.8/site-packages/auto_aim_interfaces/msg/_serial_s.c
[3.866s] -- Installing: /home/sentry/Wolf-Moon/install/auto_aim_interfaces/lib/python3.8/site-packages/auto_aim_interfaces/msg/_point2f_s.c
[3.866s] -- Installing: /home/sentry/Wolf-Moon/install/auto_aim_interfaces/lib/python3.8/site-packages/auto_aim_interfaces/msg/_armor_s.c
[3.866s] -- Installing: /home/sentry/Wolf-Moon/install/auto_aim_interfaces/lib/python3.8/site-packages/auto_aim_interfaces/msg/_uart_s.c
[3.866s] -- Installing: /home/sentry/Wolf-Moon/install/auto_aim_interfaces/lib/python3.8/site-packages/auto_aim_interfaces/msg/_uart.py
[3.866s] -- Installing: /home/sentry/Wolf-Moon/install/auto_aim_interfaces/lib/python3.8/site-packages/auto_aim_interfaces/auto_aim_interfaces_s__rosidl_typesupport_fastrtps_c.cpython-38-x86_64-linux-gnu.so
[3.866s] -- Set runtime path of "/home/sentry/Wolf-Moon/install/auto_aim_interfaces/lib/python3.8/site-packages/auto_aim_interfaces/auto_aim_interfaces_s__rosidl_typesupport_fastrtps_c.cpython-38-x86_64-linux-gnu.so" to ""
[3.866s] -- Installing: /home/sentry/Wolf-Moon/install/auto_aim_interfaces/lib/python3.8/site-packages/auto_aim_interfaces/auto_aim_interfaces_s__rosidl_typesupport_introspection_c.cpython-38-x86_64-linux-gnu.so
[3.867s] -- Set runtime path of "/home/sentry/Wolf-Moon/install/auto_aim_interfaces/lib/python3.8/site-packages/auto_aim_interfaces/auto_aim_interfaces_s__rosidl_typesupport_introspection_c.cpython-38-x86_64-linux-gnu.so" to ""
[3.867s] -- Installing: /home/sentry/Wolf-Moon/install/auto_aim_interfaces/lib/python3.8/site-packages/auto_aim_interfaces/auto_aim_interfaces_s__rosidl_typesupport_c.cpython-38-x86_64-linux-gnu.so
[3.868s] -- Set runtime path of "/home/sentry/Wolf-Moon/install/auto_aim_interfaces/lib/python3.8/site-packages/auto_aim_interfaces/auto_aim_interfaces_s__rosidl_typesupport_c.cpython-38-x86_64-linux-gnu.so" to ""
[3.868s] -- Installing: /home/sentry/Wolf-Moon/install/auto_aim_interfaces/lib/libauto_aim_interfaces__python.so
[3.869s] -- Set runtime path of "/home/sentry/Wolf-Moon/install/auto_aim_interfaces/lib/libauto_aim_interfaces__python.so" to ""
[3.869s] -- Installing: /home/sentry/Wolf-Moon/install/auto_aim_interfaces/share/auto_aim_interfaces/msg/Armor.idl
[3.869s] -- Installing: /home/sentry/Wolf-Moon/install/auto_aim_interfaces/share/auto_aim_interfaces/msg/Armors.idl
[3.869s] -- Installing: /home/sentry/Wolf-Moon/install/auto_aim_interfaces/share/auto_aim_interfaces/msg/Gimbal.idl
[3.869s] -- Installing: /home/sentry/Wolf-Moon/install/auto_aim_interfaces/share/auto_aim_interfaces/msg/Serial.idl
[3.869s] -- Installing: /home/sentry/Wolf-Moon/install/auto_aim_interfaces/share/auto_aim_interfaces/msg/Point2f.idl
[3.869s] -- Installing: /home/sentry/Wolf-Moon/install/auto_aim_interfaces/share/auto_aim_interfaces/msg/State.idl
[3.870s] -- Installing: /home/sentry/Wolf-Moon/install/auto_aim_interfaces/share/auto_aim_interfaces/msg/Uart.idl
[3.870s] -- Installing: /home/sentry/Wolf-Moon/install/auto_aim_interfaces/share/auto_aim_interfaces/msg/Armor.msg
[3.870s] -- Installing: /home/sentry/Wolf-Moon/install/auto_aim_interfaces/share/auto_aim_interfaces/msg/Armors.msg
[3.870s] -- Installing: /home/sentry/Wolf-Moon/install/auto_aim_interfaces/share/auto_aim_interfaces/msg/Gimbal.msg
[3.870s] -- Installing: /home/sentry/Wolf-Moon/install/auto_aim_interfaces/share/auto_aim_interfaces/msg/Serial.msg
[3.870s] -- Installing: /home/sentry/Wolf-Moon/install/auto_aim_interfaces/share/auto_aim_interfaces/msg/Point2f.msg
[3.870s] -- Installing: /home/sentry/Wolf-Moon/install/auto_aim_interfaces/share/auto_aim_interfaces/msg/State.msg
[3.871s] -- Installing: /home/sentry/Wolf-Moon/install/auto_aim_interfaces/share/auto_aim_interfaces/msg/Uart.msg
[3.871s] -- Installing: /home/sentry/Wolf-Moon/install/auto_aim_interfaces/share/ament_index/resource_index/package_run_dependencies/auto_aim_interfaces
[3.871s] -- Installing: /home/sentry/Wolf-Moon/install/auto_aim_interfaces/share/ament_index/resource_index/parent_prefix_path/auto_aim_interfaces
[3.871s] -- Installing: /home/sentry/Wolf-Moon/install/auto_aim_interfaces/share/auto_aim_interfaces/environment/ament_prefix_path.sh
[3.871s] -- Installing: /home/sentry/Wolf-Moon/install/auto_aim_interfaces/share/auto_aim_interfaces/environment/ament_prefix_path.dsv
[3.871s] -- Installing: /home/sentry/Wolf-Moon/install/auto_aim_interfaces/share/auto_aim_interfaces/environment/path.sh
[3.872s] -- Installing: /home/sentry/Wolf-Moon/install/auto_aim_interfaces/share/auto_aim_interfaces/environment/path.dsv
[3.872s] -- Installing: /home/sentry/Wolf-Moon/install/auto_aim_interfaces/share/auto_aim_interfaces/local_setup.bash
[3.872s] -- Installing: /home/sentry/Wolf-Moon/install/auto_aim_interfaces/share/auto_aim_interfaces/local_setup.sh
[3.872s] -- Installing: /home/sentry/Wolf-Moon/install/auto_aim_interfaces/share/auto_aim_interfaces/local_setup.zsh
[3.872s] -- Installing: /home/sentry/Wolf-Moon/install/auto_aim_interfaces/share/auto_aim_interfaces/local_setup.dsv
[3.872s] -- Installing: /home/sentry/Wolf-Moon/install/auto_aim_interfaces/share/auto_aim_interfaces/package.dsv
[3.872s] -- Installing: /home/sentry/Wolf-Moon/install/auto_aim_interfaces/share/ament_index/resource_index/packages/auto_aim_interfaces
[3.873s] -- Installing: /home/sentry/Wolf-Moon/install/auto_aim_interfaces/share/auto_aim_interfaces/cmake/auto_aim_interfaces__rosidl_generator_cExport.cmake
[3.873s] -- Installing: /home/sentry/Wolf-Moon/install/auto_aim_interfaces/share/auto_aim_interfaces/cmake/auto_aim_interfaces__rosidl_generator_cExport-noconfig.cmake
[3.873s] -- Installing: /home/sentry/Wolf-Moon/install/auto_aim_interfaces/share/auto_aim_interfaces/cmake/auto_aim_interfaces__rosidl_typesupport_introspection_cExport.cmake
[3.873s] -- Installing: /home/sentry/Wolf-Moon/install/auto_aim_interfaces/share/auto_aim_interfaces/cmake/auto_aim_interfaces__rosidl_typesupport_introspection_cExport-noconfig.cmake
[3.874s] -- Installing: /home/sentry/Wolf-Moon/install/auto_aim_interfaces/share/auto_aim_interfaces/cmake/auto_aim_interfaces__rosidl_typesupport_cExport.cmake
[3.874s] -- Installing: /home/sentry/Wolf-Moon/install/auto_aim_interfaces/share/auto_aim_interfaces/cmake/auto_aim_interfaces__rosidl_typesupport_cExport-noconfig.cmake
[3.874s] -- Installing: /home/sentry/Wolf-Moon/install/auto_aim_interfaces/share/auto_aim_interfaces/cmake/auto_aim_interfaces__rosidl_generator_cppExport.cmake
[3.874s] -- Installing: /home/sentry/Wolf-Moon/install/auto_aim_interfaces/share/auto_aim_interfaces/cmake/auto_aim_interfaces__rosidl_typesupport_introspection_cppExport.cmake
[3.874s] -- Installing: /home/sentry/Wolf-Moon/install/auto_aim_interfaces/share/auto_aim_interfaces/cmake/auto_aim_interfaces__rosidl_typesupport_introspection_cppExport-noconfig.cmake
[3.874s] -- Installing: /home/sentry/Wolf-Moon/install/auto_aim_interfaces/share/auto_aim_interfaces/cmake/auto_aim_interfaces__rosidl_typesupport_cppExport.cmake
[3.875s] -- Installing: /home/sentry/Wolf-Moon/install/auto_aim_interfaces/share/auto_aim_interfaces/cmake/auto_aim_interfaces__rosidl_typesupport_cppExport-noconfig.cmake
[3.875s] -- Installing: /home/sentry/Wolf-Moon/install/auto_aim_interfaces/share/auto_aim_interfaces/cmake/rosidl_cmake-extras.cmake
[3.875s] -- Installing: /home/sentry/Wolf-Moon/install/auto_aim_interfaces/share/auto_aim_interfaces/cmake/ament_cmake_export_dependencies-extras.cmake
[3.875s] -- Installing: /home/sentry/Wolf-Moon/install/auto_aim_interfaces/share/auto_aim_interfaces/cmake/ament_cmake_export_libraries-extras.cmake
[3.876s] -- Installing: /home/sentry/Wolf-Moon/install/auto_aim_interfaces/share/auto_aim_interfaces/cmake/ament_cmake_export_targets-extras.cmake
[3.876s] -- Installing: /home/sentry/Wolf-Moon/install/auto_aim_interfaces/share/auto_aim_interfaces/cmake/ament_cmake_export_include_directories-extras.cmake
[3.876s] -- Installing: /home/sentry/Wolf-Moon/install/auto_aim_interfaces/share/auto_aim_interfaces/cmake/rosidl_cmake_export_typesupport_libraries-extras.cmake
[3.876s] -- Installing: /home/sentry/Wolf-Moon/install/auto_aim_interfaces/share/auto_aim_interfaces/cmake/rosidl_cmake_export_typesupport_targets-extras.cmake
[3.876s] -- Installing: /home/sentry/Wolf-Moon/install/auto_aim_interfaces/share/auto_aim_interfaces/cmake/auto_aim_interfacesConfig.cmake
[3.876s] -- Installing: /home/sentry/Wolf-Moon/install/auto_aim_interfaces/share/auto_aim_interfaces/cmake/auto_aim_interfacesConfig-version.cmake
[3.876s] -- Installing: /home/sentry/Wolf-Moon/install/auto_aim_interfaces/share/auto_aim_interfaces/package.xml
[3.880s] Invoked command in '/home/sentry/Wolf-Moon/build/auto_aim_interfaces' returned '0': CMAKE_PREFIX_PATH=/opt/ros/galactic /usr/bin/cmake --install /home/sentry/Wolf-Moon/build/auto_aim_interfaces
