[0.076s] Invoking command in '/home/sentry/Wolf-Moon/build/nav2_common': CMAKE_PREFIX_PATH=${CMAKE_PREFIX_PATH}:/home/sentry/Wolf-Moon/install/fake_msg_publisher:/opt/ros/galactic /usr/bin/cmake --build /home/sentry/Wolf-Moon/build/nav2_common -- -j12 -l12
[0.195s] Built target ament_cmake_python_copy_nav2_common
[0.909s] running egg_info
[0.909s] writing nav2_common.egg-info/PKG-INFO
[0.920s] writing dependency_links to nav2_common.egg-info/dependency_links.txt
[0.921s] writing top-level names to nav2_common.egg-info/top_level.txt
[1.014s] reading manifest file 'nav2_common.egg-info/SOURCES.txt'
[1.014s] writing manifest file 'nav2_common.egg-info/SOURCES.txt'
[1.098s] Built target ament_cmake_python_build_nav2_common_egg
[1.257s] Invoked command in '/home/sentry/Wolf-Moon/build/nav2_common' returned '0': CMAKE_PREFIX_PATH=${CMAKE_PREFIX_PATH}:/home/sentry/Wolf-Moon/install/fake_msg_publisher:/opt/ros/galactic /usr/bin/cmake --build /home/sentry/Wolf-Moon/build/nav2_common -- -j12 -l12
[1.259s] Invoking command in '/home/sentry/Wolf-Moon/build/nav2_common': CMAKE_PREFIX_PATH=${CMAKE_PREFIX_PATH}:/home/sentry/Wolf-Moon/install/fake_msg_publisher:/opt/ros/galactic /usr/bin/cmake --install /home/sentry/Wolf-Moon/build/nav2_common
[1.294s] -- Install configuration: ""
[1.295s] -- Up-to-date: /home/sentry/Wolf-Moon/install/nav2_common/share/nav2_common/environment/pythonpath.sh
[1.295s] -- Up-to-date: /home/sentry/Wolf-Moon/install/nav2_common/share/nav2_common/environment/pythonpath.dsv
[1.295s] -- Up-to-date: /home/sentry/Wolf-Moon/install/nav2_common/lib/python3.8/site-packages//nav2_common.egg-info
[1.295s] -- Installing: /home/sentry/Wolf-Moon/install/nav2_common/lib/python3.8/site-packages//nav2_common.egg-info/SOURCES.txt
[1.295s] -- Installing: /home/sentry/Wolf-Moon/install/nav2_common/lib/python3.8/site-packages//nav2_common.egg-info/top_level.txt
[1.295s] -- Installing: /home/sentry/Wolf-Moon/install/nav2_common/lib/python3.8/site-packages//nav2_common.egg-info/dependency_links.txt
[1.295s] -- Installing: /home/sentry/Wolf-Moon/install/nav2_common/lib/python3.8/site-packages//nav2_common.egg-info/PKG-INFO
[1.295s] -- Up-to-date: /home/sentry/Wolf-Moon/install/nav2_common/lib/python3.8/site-packages/nav2_common
[1.295s] -- Up-to-date: /home/sentry/Wolf-Moon/install/nav2_common/lib/python3.8/site-packages/nav2_common/__init__.py
[1.296s] -- Up-to-date: /home/sentry/Wolf-Moon/install/nav2_common/lib/python3.8/site-packages/nav2_common/launch
[1.296s] -- Up-to-date: /home/sentry/Wolf-Moon/install/nav2_common/lib/python3.8/site-packages/nav2_common/launch/has_node_params.py
[1.296s] -- Up-to-date: /home/sentry/Wolf-Moon/install/nav2_common/lib/python3.8/site-packages/nav2_common/launch/__init__.py
[1.296s] -- Up-to-date: /home/sentry/Wolf-Moon/install/nav2_common/lib/python3.8/site-packages/nav2_common/launch/rewritten_yaml.py
[1.296s] -- Up-to-date: /home/sentry/Wolf-Moon/install/nav2_common/lib/python3.8/site-packages/nav2_common/launch/replace_string.py
[1.345s] Listing '/home/sentry/Wolf-Moon/install/nav2_common/lib/python3.8/site-packages/nav2_common'...
[1.345s] Listing '/home/sentry/Wolf-Moon/install/nav2_common/lib/python3.8/site-packages/nav2_common/launch'...
[1.352s] -- Up-to-date: /home/sentry/Wolf-Moon/install/nav2_common/share/ament_index/resource_index/package_run_dependencies/nav2_common
[1.353s] -- Up-to-date: /home/sentry/Wolf-Moon/install/nav2_common/share/ament_index/resource_index/parent_prefix_path/nav2_common
[1.353s] -- Up-to-date: /home/sentry/Wolf-Moon/install/nav2_common/share/nav2_common/environment/ament_prefix_path.sh
[1.353s] -- Up-to-date: /home/sentry/Wolf-Moon/install/nav2_common/share/nav2_common/environment/ament_prefix_path.dsv
[1.353s] -- Up-to-date: /home/sentry/Wolf-Moon/install/nav2_common/share/nav2_common/environment/path.sh
[1.353s] -- Up-to-date: /home/sentry/Wolf-Moon/install/nav2_common/share/nav2_common/environment/path.dsv
[1.353s] -- Up-to-date: /home/sentry/Wolf-Moon/install/nav2_common/share/nav2_common/local_setup.bash
[1.353s] -- Up-to-date: /home/sentry/Wolf-Moon/install/nav2_common/share/nav2_common/local_setup.sh
[1.353s] -- Up-to-date: /home/sentry/Wolf-Moon/install/nav2_common/share/nav2_common/local_setup.zsh
[1.353s] -- Up-to-date: /home/sentry/Wolf-Moon/install/nav2_common/share/nav2_common/local_setup.dsv
[1.353s] -- Installing: /home/sentry/Wolf-Moon/install/nav2_common/share/nav2_common/package.dsv
[1.353s] -- Up-to-date: /home/sentry/Wolf-Moon/install/nav2_common/share/ament_index/resource_index/packages/nav2_common
[1.353s] -- Up-to-date: /home/sentry/Wolf-Moon/install/nav2_common/share/nav2_common/cmake/nav2_common-extras.cmake
[1.353s] -- Up-to-date: /home/sentry/Wolf-Moon/install/nav2_common/share/nav2_common/cmake/nav2_commonConfig.cmake
[1.354s] -- Up-to-date: /home/sentry/Wolf-Moon/install/nav2_common/share/nav2_common/cmake/nav2_commonConfig-version.cmake
[1.354s] -- Up-to-date: /home/sentry/Wolf-Moon/install/nav2_common/share/nav2_common/package.xml
[1.354s] -- Up-to-date: /home/sentry/Wolf-Moon/install/nav2_common/share/nav2_common/cmake
[1.354s] -- Up-to-date: /home/sentry/Wolf-Moon/install/nav2_common/share/nav2_common/cmake/nav2_package.cmake
[1.366s] Invoked command in '/home/sentry/Wolf-Moon/build/nav2_common' returned '0': CMAKE_PREFIX_PATH=${CMAKE_PREFIX_PATH}:/home/sentry/Wolf-Moon/install/fake_msg_publisher:/opt/ros/galactic /usr/bin/cmake --install /home/sentry/Wolf-Moon/build/nav2_common
