[0.036s] Invoking command in '/home/sentry/Wolf-Moon/build/grid_map_msgs': AMENT_PREFIX_PATH=/home/sentry/Wolf-Moon/install/grid_map_cmake_helpers:${AMENT_PREFIX_PATH} CMAKE_PREFIX_PATH=/home/sentry/Wolf-Moon/install/grid_map_cmake_helpers:/opt/ros/galactic /usr/bin/cmake --build /home/sentry/Wolf-Moon/build/grid_map_msgs -- -j12 -l12
[0.134s] [ 11%] Built target grid_map_msgs__rosidl_generator_c
[0.156s] [ 12%] Built target grid_map_msgs__cpp
[0.183s] [ 23%] Built target grid_map_msgs__rosidl_typesupport_c
[0.187s] [ 35%] Built target grid_map_msgs__rosidl_typesupport_introspection_c
[0.221s] [ 46%] Built target grid_map_msgs__rosidl_typesupport_cpp
[0.225s] [ 57%] Built target grid_map_msgs__rosidl_typesupport_introspection_cpp
[0.241s] [ 69%] Built target grid_map_msgs__rosidl_typesupport_fastrtps_cpp
[0.304s] [ 80%] Built target grid_map_msgs__rosidl_typesupport_fastrtps_c
[0.337s] [ 80%] Built target grid_map_msgs
[0.384s] [ 81%] Built target grid_map_msgs__py
[0.414s] [ 91%] Built target grid_map_msgs__python
[0.461s] [ 94%] Built target grid_map_msgs__rosidl_typesupport_introspection_c__pyext
[0.463s] [ 97%] Built target grid_map_msgs__rosidl_typesupport_c__pyext
[0.465s] [100%] Built target grid_map_msgs__rosidl_typesupport_fastrtps_c__pyext
[0.520s] Invoked command in '/home/sentry/Wolf-Moon/build/grid_map_msgs' returned '0': AMENT_PREFIX_PATH=/home/sentry/Wolf-Moon/install/grid_map_cmake_helpers:${AMENT_PREFIX_PATH} CMAKE_PREFIX_PATH=/home/sentry/Wolf-Moon/install/grid_map_cmake_helpers:/opt/ros/galactic /usr/bin/cmake --build /home/sentry/Wolf-Moon/build/grid_map_msgs -- -j12 -l12
[0.520s] Invoking command in '/home/sentry/Wolf-Moon/build/grid_map_msgs': AMENT_PREFIX_PATH=/home/sentry/Wolf-Moon/install/grid_map_cmake_helpers:${AMENT_PREFIX_PATH} CMAKE_PREFIX_PATH=/home/sentry/Wolf-Moon/install/grid_map_cmake_helpers:/opt/ros/galactic /usr/bin/cmake --install /home/sentry/Wolf-Moon/build/grid_map_msgs
[0.531s] -- Install configuration: "Release"
[0.531s] -- Up-to-date: /home/sentry/Wolf-Moon/install/grid_map_msgs/share/ament_index/resource_index/rosidl_interfaces/grid_map_msgs
[0.531s] -- Up-to-date: /home/sentry/Wolf-Moon/install/grid_map_msgs/include/grid_map_msgs
[0.532s] -- Up-to-date: /home/sentry/Wolf-Moon/install/grid_map_msgs/include/grid_map_msgs/msg
[0.532s] -- Up-to-date: /home/sentry/Wolf-Moon/install/grid_map_msgs/include/grid_map_msgs/msg/grid_map_info.h
[0.532s] -- Up-to-date: /home/sentry/Wolf-Moon/install/grid_map_msgs/include/grid_map_msgs/msg/grid_map.h
[0.532s] -- Up-to-date: /home/sentry/Wolf-Moon/install/grid_map_msgs/include/grid_map_msgs/msg/detail
[0.532s] -- Up-to-date: /home/sentry/Wolf-Moon/install/grid_map_msgs/include/grid_map_msgs/msg/detail/grid_map_info__type_support.h
[0.532s] -- Up-to-date: /home/sentry/Wolf-Moon/install/grid_map_msgs/include/grid_map_msgs/msg/detail/grid_map__functions.c
[0.532s] -- Up-to-date: /home/sentry/Wolf-Moon/install/grid_map_msgs/include/grid_map_msgs/msg/detail/grid_map__functions.h
[0.532s] -- Up-to-date: /home/sentry/Wolf-Moon/install/grid_map_msgs/include/grid_map_msgs/msg/detail/grid_map_info__struct.h
[0.532s] -- Up-to-date: /home/sentry/Wolf-Moon/install/grid_map_msgs/include/grid_map_msgs/msg/detail/grid_map__type_support.h
[0.532s] -- Up-to-date: /home/sentry/Wolf-Moon/install/grid_map_msgs/include/grid_map_msgs/msg/detail/grid_map__struct.h
[0.533s] -- Up-to-date: /home/sentry/Wolf-Moon/install/grid_map_msgs/include/grid_map_msgs/msg/detail/grid_map_info__functions.h
[0.533s] -- Up-to-date: /home/sentry/Wolf-Moon/install/grid_map_msgs/include/grid_map_msgs/msg/detail/grid_map_info__functions.c
[0.533s] -- Up-to-date: /home/sentry/Wolf-Moon/install/grid_map_msgs/include/grid_map_msgs/msg/rosidl_generator_c__visibility_control.h
[0.533s] -- Up-to-date: /home/sentry/Wolf-Moon/install/grid_map_msgs/include/grid_map_msgs/srv
[0.533s] -- Up-to-date: /home/sentry/Wolf-Moon/install/grid_map_msgs/include/grid_map_msgs/srv/get_grid_map_info.h
[0.533s] -- Up-to-date: /home/sentry/Wolf-Moon/install/grid_map_msgs/include/grid_map_msgs/srv/detail
[0.533s] -- Up-to-date: /home/sentry/Wolf-Moon/install/grid_map_msgs/include/grid_map_msgs/srv/detail/get_grid_map_info__struct.h
[0.533s] -- Up-to-date: /home/sentry/Wolf-Moon/install/grid_map_msgs/include/grid_map_msgs/srv/detail/get_grid_map__functions.c
[0.533s] -- Up-to-date: /home/sentry/Wolf-Moon/install/grid_map_msgs/include/grid_map_msgs/srv/detail/process_file__functions.c
[0.533s] -- Up-to-date: /home/sentry/Wolf-Moon/install/grid_map_msgs/include/grid_map_msgs/srv/detail/set_grid_map__functions.c
[0.533s] -- Up-to-date: /home/sentry/Wolf-Moon/install/grid_map_msgs/include/grid_map_msgs/srv/detail/process_file__functions.h
[0.533s] -- Up-to-date: /home/sentry/Wolf-Moon/install/grid_map_msgs/include/grid_map_msgs/srv/detail/process_file__type_support.h
[0.533s] -- Up-to-date: /home/sentry/Wolf-Moon/install/grid_map_msgs/include/grid_map_msgs/srv/detail/set_grid_map__functions.h
[0.533s] -- Up-to-date: /home/sentry/Wolf-Moon/install/grid_map_msgs/include/grid_map_msgs/srv/detail/get_grid_map__functions.h
[0.533s] -- Up-to-date: /home/sentry/Wolf-Moon/install/grid_map_msgs/include/grid_map_msgs/srv/detail/get_grid_map_info__functions.h
[0.533s] -- Up-to-date: /home/sentry/Wolf-Moon/install/grid_map_msgs/include/grid_map_msgs/srv/detail/set_grid_map__struct.h
[0.533s] -- Up-to-date: /home/sentry/Wolf-Moon/install/grid_map_msgs/include/grid_map_msgs/srv/detail/set_grid_map__type_support.h
[0.533s] -- Up-to-date: /home/sentry/Wolf-Moon/install/grid_map_msgs/include/grid_map_msgs/srv/detail/process_file__struct.h
[0.533s] -- Up-to-date: /home/sentry/Wolf-Moon/install/grid_map_msgs/include/grid_map_msgs/srv/detail/get_grid_map__struct.h
[0.533s] -- Up-to-date: /home/sentry/Wolf-Moon/install/grid_map_msgs/include/grid_map_msgs/srv/detail/get_grid_map_info__functions.c
[0.533s] -- Up-to-date: /home/sentry/Wolf-Moon/install/grid_map_msgs/include/grid_map_msgs/srv/detail/get_grid_map_info__type_support.h
[0.534s] -- Up-to-date: /home/sentry/Wolf-Moon/install/grid_map_msgs/include/grid_map_msgs/srv/detail/get_grid_map__type_support.h
[0.534s] -- Up-to-date: /home/sentry/Wolf-Moon/install/grid_map_msgs/include/grid_map_msgs/srv/get_grid_map.h
[0.534s] -- Up-to-date: /home/sentry/Wolf-Moon/install/grid_map_msgs/include/grid_map_msgs/srv/set_grid_map.h
[0.534s] -- Up-to-date: /home/sentry/Wolf-Moon/install/grid_map_msgs/include/grid_map_msgs/srv/process_file.h
[0.534s] -- Up-to-date: /home/sentry/Wolf-Moon/install/grid_map_msgs/share/grid_map_msgs/environment/library_path.sh
[0.534s] -- Up-to-date: /home/sentry/Wolf-Moon/install/grid_map_msgs/share/grid_map_msgs/environment/library_path.dsv
[0.534s] -- Up-to-date: /home/sentry/Wolf-Moon/install/grid_map_msgs/lib/libgrid_map_msgs__rosidl_generator_c.so
[0.534s] -- Up-to-date: /home/sentry/Wolf-Moon/install/grid_map_msgs/include/grid_map_msgs
[0.534s] -- Up-to-date: /home/sentry/Wolf-Moon/install/grid_map_msgs/include/grid_map_msgs/msg
[0.534s] -- Up-to-date: /home/sentry/Wolf-Moon/install/grid_map_msgs/include/grid_map_msgs/msg/detail
[0.534s] -- Up-to-date: /home/sentry/Wolf-Moon/install/grid_map_msgs/include/grid_map_msgs/msg/detail/grid_map_info__rosidl_typesupport_fastrtps_c.h
[0.534s] -- Up-to-date: /home/sentry/Wolf-Moon/install/grid_map_msgs/include/grid_map_msgs/msg/detail/grid_map__rosidl_typesupport_fastrtps_c.h
[0.534s] -- Up-to-date: /home/sentry/Wolf-Moon/install/grid_map_msgs/include/grid_map_msgs/msg/rosidl_typesupport_fastrtps_c__visibility_control.h
[0.534s] -- Up-to-date: /home/sentry/Wolf-Moon/install/grid_map_msgs/include/grid_map_msgs/srv
[0.536s] -- Up-to-date: /home/sentry/Wolf-Moon/install/grid_map_msgs/include/grid_map_msgs/srv/detail
[0.536s] -- Up-to-date: /home/sentry/Wolf-Moon/install/grid_map_msgs/include/grid_map_msgs/srv/detail/set_grid_map__rosidl_typesupport_fastrtps_c.h
[0.536s] -- Up-to-date: /home/sentry/Wolf-Moon/install/grid_map_msgs/include/grid_map_msgs/srv/detail/get_grid_map_info__rosidl_typesupport_fastrtps_c.h
[0.536s] -- Up-to-date: /home/sentry/Wolf-Moon/install/grid_map_msgs/include/grid_map_msgs/srv/detail/get_grid_map__rosidl_typesupport_fastrtps_c.h
[0.536s] -- Up-to-date: /home/sentry/Wolf-Moon/install/grid_map_msgs/include/grid_map_msgs/srv/detail/process_file__rosidl_typesupport_fastrtps_c.h
[0.536s] -- Up-to-date: /home/sentry/Wolf-Moon/install/grid_map_msgs/lib/libgrid_map_msgs__rosidl_typesupport_fastrtps_c.so
[0.536s] -- Up-to-date: /home/sentry/Wolf-Moon/install/grid_map_msgs/include/grid_map_msgs
[0.536s] -- Up-to-date: /home/sentry/Wolf-Moon/install/grid_map_msgs/include/grid_map_msgs/msg
[0.536s] -- Up-to-date: /home/sentry/Wolf-Moon/install/grid_map_msgs/include/grid_map_msgs/msg/detail
[0.536s] -- Up-to-date: /home/sentry/Wolf-Moon/install/grid_map_msgs/include/grid_map_msgs/msg/detail/grid_map__rosidl_typesupport_fastrtps_cpp.hpp
[0.537s] -- Up-to-date: /home/sentry/Wolf-Moon/install/grid_map_msgs/include/grid_map_msgs/msg/detail/dds_fastrtps
[0.537s] -- Up-to-date: /home/sentry/Wolf-Moon/install/grid_map_msgs/include/grid_map_msgs/msg/detail/grid_map_info__rosidl_typesupport_fastrtps_cpp.hpp
[0.537s] -- Up-to-date: /home/sentry/Wolf-Moon/install/grid_map_msgs/include/grid_map_msgs/msg/rosidl_typesupport_fastrtps_cpp__visibility_control.h
[0.537s] -- Up-to-date: /home/sentry/Wolf-Moon/install/grid_map_msgs/include/grid_map_msgs/srv
[0.537s] -- Up-to-date: /home/sentry/Wolf-Moon/install/grid_map_msgs/include/grid_map_msgs/srv/detail
[0.537s] -- Up-to-date: /home/sentry/Wolf-Moon/install/grid_map_msgs/include/grid_map_msgs/srv/detail/get_grid_map_info__rosidl_typesupport_fastrtps_cpp.hpp
[0.537s] -- Up-to-date: /home/sentry/Wolf-Moon/install/grid_map_msgs/include/grid_map_msgs/srv/detail/process_file__rosidl_typesupport_fastrtps_cpp.hpp
[0.537s] -- Up-to-date: /home/sentry/Wolf-Moon/install/grid_map_msgs/include/grid_map_msgs/srv/detail/set_grid_map__rosidl_typesupport_fastrtps_cpp.hpp
[0.537s] -- Up-to-date: /home/sentry/Wolf-Moon/install/grid_map_msgs/include/grid_map_msgs/srv/detail/get_grid_map__rosidl_typesupport_fastrtps_cpp.hpp
[0.537s] -- Up-to-date: /home/sentry/Wolf-Moon/install/grid_map_msgs/include/grid_map_msgs/srv/detail/dds_fastrtps
[0.537s] -- Up-to-date: /home/sentry/Wolf-Moon/install/grid_map_msgs/lib/libgrid_map_msgs__rosidl_typesupport_fastrtps_cpp.so
[0.537s] -- Up-to-date: /home/sentry/Wolf-Moon/install/grid_map_msgs/include/grid_map_msgs
[0.537s] -- Up-to-date: /home/sentry/Wolf-Moon/install/grid_map_msgs/include/grid_map_msgs/msg
[0.537s] -- Up-to-date: /home/sentry/Wolf-Moon/install/grid_map_msgs/include/grid_map_msgs/msg/rosidl_typesupport_introspection_c__visibility_control.h
[0.537s] -- Up-to-date: /home/sentry/Wolf-Moon/install/grid_map_msgs/include/grid_map_msgs/msg/detail
[0.537s] -- Up-to-date: /home/sentry/Wolf-Moon/install/grid_map_msgs/include/grid_map_msgs/msg/detail/grid_map_info__type_support.c
[0.537s] -- Up-to-date: /home/sentry/Wolf-Moon/install/grid_map_msgs/include/grid_map_msgs/msg/detail/grid_map__type_support.c
[0.537s] -- Up-to-date: /home/sentry/Wolf-Moon/install/grid_map_msgs/include/grid_map_msgs/msg/detail/grid_map__rosidl_typesupport_introspection_c.h
[0.537s] -- Up-to-date: /home/sentry/Wolf-Moon/install/grid_map_msgs/include/grid_map_msgs/msg/detail/grid_map_info__rosidl_typesupport_introspection_c.h
[0.538s] -- Up-to-date: /home/sentry/Wolf-Moon/install/grid_map_msgs/include/grid_map_msgs/srv
[0.538s] -- Up-to-date: /home/sentry/Wolf-Moon/install/grid_map_msgs/include/grid_map_msgs/srv/detail
[0.539s] -- Up-to-date: /home/sentry/Wolf-Moon/install/grid_map_msgs/include/grid_map_msgs/srv/detail/get_grid_map__rosidl_typesupport_introspection_c.h
[0.539s] -- Up-to-date: /home/sentry/Wolf-Moon/install/grid_map_msgs/include/grid_map_msgs/srv/detail/get_grid_map_info__rosidl_typesupport_introspection_c.h
[0.539s] -- Up-to-date: /home/sentry/Wolf-Moon/install/grid_map_msgs/include/grid_map_msgs/srv/detail/set_grid_map__rosidl_typesupport_introspection_c.h
[0.539s] -- Up-to-date: /home/sentry/Wolf-Moon/install/grid_map_msgs/include/grid_map_msgs/srv/detail/process_file__rosidl_typesupport_introspection_c.h
[0.539s] -- Up-to-date: /home/sentry/Wolf-Moon/install/grid_map_msgs/include/grid_map_msgs/srv/detail/process_file__type_support.c
[0.539s] -- Up-to-date: /home/sentry/Wolf-Moon/install/grid_map_msgs/include/grid_map_msgs/srv/detail/get_grid_map_info__type_support.c
[0.539s] -- Up-to-date: /home/sentry/Wolf-Moon/install/grid_map_msgs/include/grid_map_msgs/srv/detail/set_grid_map__type_support.c
[0.539s] -- Up-to-date: /home/sentry/Wolf-Moon/install/grid_map_msgs/include/grid_map_msgs/srv/detail/get_grid_map__type_support.c
[0.539s] -- Up-to-date: /home/sentry/Wolf-Moon/install/grid_map_msgs/lib/libgrid_map_msgs__rosidl_typesupport_introspection_c.so
[0.539s] -- Up-to-date: /home/sentry/Wolf-Moon/install/grid_map_msgs/lib/libgrid_map_msgs__rosidl_typesupport_c.so
[0.539s] -- Up-to-date: /home/sentry/Wolf-Moon/install/grid_map_msgs/include/grid_map_msgs
[0.539s] -- Up-to-date: /home/sentry/Wolf-Moon/install/grid_map_msgs/include/grid_map_msgs/msg
[0.539s] -- Up-to-date: /home/sentry/Wolf-Moon/install/grid_map_msgs/include/grid_map_msgs/msg/grid_map_info.hpp
[0.539s] -- Up-to-date: /home/sentry/Wolf-Moon/install/grid_map_msgs/include/grid_map_msgs/msg/detail
[0.539s] -- Up-to-date: /home/sentry/Wolf-Moon/install/grid_map_msgs/include/grid_map_msgs/msg/detail/grid_map_info__struct.hpp
[0.539s] -- Up-to-date: /home/sentry/Wolf-Moon/install/grid_map_msgs/include/grid_map_msgs/msg/detail/grid_map__builder.hpp
[0.539s] -- Up-to-date: /home/sentry/Wolf-Moon/install/grid_map_msgs/include/grid_map_msgs/msg/detail/grid_map_info__traits.hpp
[0.539s] -- Up-to-date: /home/sentry/Wolf-Moon/install/grid_map_msgs/include/grid_map_msgs/msg/detail/grid_map_info__builder.hpp
[0.539s] -- Up-to-date: /home/sentry/Wolf-Moon/install/grid_map_msgs/include/grid_map_msgs/msg/detail/grid_map__struct.hpp
[0.539s] -- Up-to-date: /home/sentry/Wolf-Moon/install/grid_map_msgs/include/grid_map_msgs/msg/detail/grid_map__traits.hpp
[0.539s] -- Up-to-date: /home/sentry/Wolf-Moon/install/grid_map_msgs/include/grid_map_msgs/msg/grid_map.hpp
[0.539s] -- Up-to-date: /home/sentry/Wolf-Moon/install/grid_map_msgs/include/grid_map_msgs/srv
[0.540s] -- Up-to-date: /home/sentry/Wolf-Moon/install/grid_map_msgs/include/grid_map_msgs/srv/set_grid_map.hpp
[0.540s] -- Up-to-date: /home/sentry/Wolf-Moon/install/grid_map_msgs/include/grid_map_msgs/srv/get_grid_map_info.hpp
[0.540s] -- Up-to-date: /home/sentry/Wolf-Moon/install/grid_map_msgs/include/grid_map_msgs/srv/get_grid_map.hpp
[0.540s] -- Up-to-date: /home/sentry/Wolf-Moon/install/grid_map_msgs/include/grid_map_msgs/srv/detail
[0.540s] -- Up-to-date: /home/sentry/Wolf-Moon/install/grid_map_msgs/include/grid_map_msgs/srv/detail/get_grid_map__builder.hpp
[0.540s] -- Up-to-date: /home/sentry/Wolf-Moon/install/grid_map_msgs/include/grid_map_msgs/srv/detail/process_file__struct.hpp
[0.540s] -- Up-to-date: /home/sentry/Wolf-Moon/install/grid_map_msgs/include/grid_map_msgs/srv/detail/get_grid_map__traits.hpp
[0.540s] -- Up-to-date: /home/sentry/Wolf-Moon/install/grid_map_msgs/include/grid_map_msgs/srv/detail/get_grid_map_info__struct.hpp
[0.540s] -- Up-to-date: /home/sentry/Wolf-Moon/install/grid_map_msgs/include/grid_map_msgs/srv/detail/process_file__traits.hpp
[0.540s] -- Up-to-date: /home/sentry/Wolf-Moon/install/grid_map_msgs/include/grid_map_msgs/srv/detail/get_grid_map_info__builder.hpp
[0.540s] -- Up-to-date: /home/sentry/Wolf-Moon/install/grid_map_msgs/include/grid_map_msgs/srv/detail/set_grid_map__traits.hpp
[0.540s] -- Up-to-date: /home/sentry/Wolf-Moon/install/grid_map_msgs/include/grid_map_msgs/srv/detail/process_file__builder.hpp
[0.540s] -- Up-to-date: /home/sentry/Wolf-Moon/install/grid_map_msgs/include/grid_map_msgs/srv/detail/set_grid_map__struct.hpp
[0.540s] -- Up-to-date: /home/sentry/Wolf-Moon/install/grid_map_msgs/include/grid_map_msgs/srv/detail/get_grid_map_info__traits.hpp
[0.540s] -- Up-to-date: /home/sentry/Wolf-Moon/install/grid_map_msgs/include/grid_map_msgs/srv/detail/get_grid_map__struct.hpp
[0.540s] -- Up-to-date: /home/sentry/Wolf-Moon/install/grid_map_msgs/include/grid_map_msgs/srv/detail/set_grid_map__builder.hpp
[0.540s] -- Up-to-date: /home/sentry/Wolf-Moon/install/grid_map_msgs/include/grid_map_msgs/srv/process_file.hpp
[0.540s] -- Up-to-date: /home/sentry/Wolf-Moon/install/grid_map_msgs/include/grid_map_msgs
[0.540s] -- Up-to-date: /home/sentry/Wolf-Moon/install/grid_map_msgs/include/grid_map_msgs/msg
[0.540s] -- Up-to-date: /home/sentry/Wolf-Moon/install/grid_map_msgs/include/grid_map_msgs/msg/detail
[0.540s] -- Up-to-date: /home/sentry/Wolf-Moon/install/grid_map_msgs/include/grid_map_msgs/msg/detail/grid_map__type_support.cpp
[0.541s] -- Up-to-date: /home/sentry/Wolf-Moon/install/grid_map_msgs/include/grid_map_msgs/msg/detail/grid_map__rosidl_typesupport_introspection_cpp.hpp
[0.541s] -- Up-to-date: /home/sentry/Wolf-Moon/install/grid_map_msgs/include/grid_map_msgs/msg/detail/grid_map_info__type_support.cpp
[0.541s] -- Up-to-date: /home/sentry/Wolf-Moon/install/grid_map_msgs/include/grid_map_msgs/msg/detail/grid_map_info__rosidl_typesupport_introspection_cpp.hpp
[0.541s] -- Up-to-date: /home/sentry/Wolf-Moon/install/grid_map_msgs/include/grid_map_msgs/srv
[0.541s] -- Up-to-date: /home/sentry/Wolf-Moon/install/grid_map_msgs/include/grid_map_msgs/srv/detail
[0.541s] -- Up-to-date: /home/sentry/Wolf-Moon/install/grid_map_msgs/include/grid_map_msgs/srv/detail/get_grid_map_info__rosidl_typesupport_introspection_cpp.hpp
[0.541s] -- Up-to-date: /home/sentry/Wolf-Moon/install/grid_map_msgs/include/grid_map_msgs/srv/detail/set_grid_map__rosidl_typesupport_introspection_cpp.hpp
[0.541s] -- Up-to-date: /home/sentry/Wolf-Moon/install/grid_map_msgs/include/grid_map_msgs/srv/detail/process_file__rosidl_typesupport_introspection_cpp.hpp
[0.541s] -- Up-to-date: /home/sentry/Wolf-Moon/install/grid_map_msgs/include/grid_map_msgs/srv/detail/get_grid_map__type_support.cpp
[0.541s] -- Up-to-date: /home/sentry/Wolf-Moon/install/grid_map_msgs/include/grid_map_msgs/srv/detail/process_file__type_support.cpp
[0.541s] -- Up-to-date: /home/sentry/Wolf-Moon/install/grid_map_msgs/include/grid_map_msgs/srv/detail/set_grid_map__type_support.cpp
[0.541s] -- Up-to-date: /home/sentry/Wolf-Moon/install/grid_map_msgs/include/grid_map_msgs/srv/detail/get_grid_map__rosidl_typesupport_introspection_cpp.hpp
[0.541s] -- Up-to-date: /home/sentry/Wolf-Moon/install/grid_map_msgs/include/grid_map_msgs/srv/detail/get_grid_map_info__type_support.cpp
[0.541s] -- Up-to-date: /home/sentry/Wolf-Moon/install/grid_map_msgs/lib/libgrid_map_msgs__rosidl_typesupport_introspection_cpp.so
[0.541s] -- Up-to-date: /home/sentry/Wolf-Moon/install/grid_map_msgs/lib/libgrid_map_msgs__rosidl_typesupport_cpp.so
[0.541s] -- Up-to-date: /home/sentry/Wolf-Moon/install/grid_map_msgs/share/grid_map_msgs/environment/pythonpath.sh
[0.541s] -- Up-to-date: /home/sentry/Wolf-Moon/install/grid_map_msgs/share/grid_map_msgs/environment/pythonpath.dsv
[0.541s] -- Up-to-date: /home/sentry/Wolf-Moon/install/grid_map_msgs/lib/python3.8/site-packages/grid_map_msgs/__init__.py
[0.588s] -- Up-to-date: /home/sentry/Wolf-Moon/install/grid_map_msgs/lib/python3.8/site-packages/grid_map_msgs/msg
[0.588s] -- Up-to-date: /home/sentry/Wolf-Moon/install/grid_map_msgs/lib/python3.8/site-packages/grid_map_msgs/msg/_grid_map_info.py
[0.589s] -- Up-to-date: /home/sentry/Wolf-Moon/install/grid_map_msgs/lib/python3.8/site-packages/grid_map_msgs/msg/_grid_map.py
[0.589s] -- Up-to-date: /home/sentry/Wolf-Moon/install/grid_map_msgs/lib/python3.8/site-packages/grid_map_msgs/msg/__init__.py
[0.589s] -- Up-to-date: /home/sentry/Wolf-Moon/install/grid_map_msgs/lib/python3.8/site-packages/grid_map_msgs/msg/_grid_map_s.c
[0.589s] -- Up-to-date: /home/sentry/Wolf-Moon/install/grid_map_msgs/lib/python3.8/site-packages/grid_map_msgs/msg/_grid_map_info_s.c
[0.590s] -- Up-to-date: /home/sentry/Wolf-Moon/install/grid_map_msgs/lib/python3.8/site-packages/grid_map_msgs/srv
[0.591s] -- Up-to-date: /home/sentry/Wolf-Moon/install/grid_map_msgs/lib/python3.8/site-packages/grid_map_msgs/srv/_process_file.py
[0.591s] -- Up-to-date: /home/sentry/Wolf-Moon/install/grid_map_msgs/lib/python3.8/site-packages/grid_map_msgs/srv/__init__.py
[0.591s] -- Up-to-date: /home/sentry/Wolf-Moon/install/grid_map_msgs/lib/python3.8/site-packages/grid_map_msgs/srv/_get_grid_map_info_s.c
[0.591s] -- Up-to-date: /home/sentry/Wolf-Moon/install/grid_map_msgs/lib/python3.8/site-packages/grid_map_msgs/srv/_get_grid_map_info.py
[0.592s] -- Up-to-date: /home/sentry/Wolf-Moon/install/grid_map_msgs/lib/python3.8/site-packages/grid_map_msgs/srv/_process_file_s.c
[0.592s] -- Up-to-date: /home/sentry/Wolf-Moon/install/grid_map_msgs/lib/python3.8/site-packages/grid_map_msgs/srv/_set_grid_map_s.c
[0.592s] -- Up-to-date: /home/sentry/Wolf-Moon/install/grid_map_msgs/lib/python3.8/site-packages/grid_map_msgs/srv/_get_grid_map_s.c
[0.592s] -- Up-to-date: /home/sentry/Wolf-Moon/install/grid_map_msgs/lib/python3.8/site-packages/grid_map_msgs/srv/_get_grid_map.py
[0.592s] -- Up-to-date: /home/sentry/Wolf-Moon/install/grid_map_msgs/lib/python3.8/site-packages/grid_map_msgs/srv/_set_grid_map.py
[0.592s] -- Up-to-date: /home/sentry/Wolf-Moon/install/grid_map_msgs/lib/python3.8/site-packages/grid_map_msgs/grid_map_msgs_s__rosidl_typesupport_fastrtps_c.cpython-38-x86_64-linux-gnu.so
[0.592s] -- Up-to-date: /home/sentry/Wolf-Moon/install/grid_map_msgs/lib/python3.8/site-packages/grid_map_msgs/grid_map_msgs_s__rosidl_typesupport_introspection_c.cpython-38-x86_64-linux-gnu.so
[0.592s] -- Up-to-date: /home/sentry/Wolf-Moon/install/grid_map_msgs/lib/python3.8/site-packages/grid_map_msgs/grid_map_msgs_s__rosidl_typesupport_c.cpython-38-x86_64-linux-gnu.so
[0.592s] -- Up-to-date: /home/sentry/Wolf-Moon/install/grid_map_msgs/lib/libgrid_map_msgs__python.so
[0.592s] -- Up-to-date: /home/sentry/Wolf-Moon/install/grid_map_msgs/share/grid_map_msgs/msg/GridMapInfo.idl
[0.592s] -- Up-to-date: /home/sentry/Wolf-Moon/install/grid_map_msgs/share/grid_map_msgs/msg/GridMap.idl
[0.593s] -- Up-to-date: /home/sentry/Wolf-Moon/install/grid_map_msgs/share/grid_map_msgs/srv/SetGridMap.idl
[0.593s] -- Up-to-date: /home/sentry/Wolf-Moon/install/grid_map_msgs/share/grid_map_msgs/srv/GetGridMap.idl
[0.593s] -- Up-to-date: /home/sentry/Wolf-Moon/install/grid_map_msgs/share/grid_map_msgs/srv/GetGridMapInfo.idl
[0.593s] -- Up-to-date: /home/sentry/Wolf-Moon/install/grid_map_msgs/share/grid_map_msgs/srv/ProcessFile.idl
[0.593s] -- Up-to-date: /home/sentry/Wolf-Moon/install/grid_map_msgs/share/grid_map_msgs/msg/GridMapInfo.msg
[0.593s] -- Up-to-date: /home/sentry/Wolf-Moon/install/grid_map_msgs/share/grid_map_msgs/msg/GridMap.msg
[0.594s] -- Up-to-date: /home/sentry/Wolf-Moon/install/grid_map_msgs/share/grid_map_msgs/srv/SetGridMap.srv
[0.594s] -- Up-to-date: /home/sentry/Wolf-Moon/install/grid_map_msgs/share/grid_map_msgs/srv/SetGridMap_Request.msg
[0.594s] -- Up-to-date: /home/sentry/Wolf-Moon/install/grid_map_msgs/share/grid_map_msgs/srv/SetGridMap_Response.msg
[0.594s] -- Up-to-date: /home/sentry/Wolf-Moon/install/grid_map_msgs/share/grid_map_msgs/srv/GetGridMap.srv
[0.594s] -- Up-to-date: /home/sentry/Wolf-Moon/install/grid_map_msgs/share/grid_map_msgs/srv/GetGridMap_Request.msg
[0.594s] -- Up-to-date: /home/sentry/Wolf-Moon/install/grid_map_msgs/share/grid_map_msgs/srv/GetGridMap_Response.msg
[0.594s] -- Up-to-date: /home/sentry/Wolf-Moon/install/grid_map_msgs/share/grid_map_msgs/srv/GetGridMapInfo.srv
[0.594s] -- Up-to-date: /home/sentry/Wolf-Moon/install/grid_map_msgs/share/grid_map_msgs/srv/GetGridMapInfo_Request.msg
[0.594s] -- Up-to-date: /home/sentry/Wolf-Moon/install/grid_map_msgs/share/grid_map_msgs/srv/GetGridMapInfo_Response.msg
[0.594s] -- Up-to-date: /home/sentry/Wolf-Moon/install/grid_map_msgs/share/grid_map_msgs/srv/ProcessFile.srv
[0.594s] -- Up-to-date: /home/sentry/Wolf-Moon/install/grid_map_msgs/share/grid_map_msgs/srv/ProcessFile_Request.msg
[0.595s] -- Up-to-date: /home/sentry/Wolf-Moon/install/grid_map_msgs/share/grid_map_msgs/srv/ProcessFile_Response.msg
[0.595s] -- Up-to-date: /home/sentry/Wolf-Moon/install/grid_map_msgs/share/ament_index/resource_index/package_run_dependencies/grid_map_msgs
[0.595s] -- Up-to-date: /home/sentry/Wolf-Moon/install/grid_map_msgs/share/ament_index/resource_index/parent_prefix_path/grid_map_msgs
[0.595s] -- Up-to-date: /home/sentry/Wolf-Moon/install/grid_map_msgs/share/grid_map_msgs/environment/ament_prefix_path.sh
[0.595s] -- Up-to-date: /home/sentry/Wolf-Moon/install/grid_map_msgs/share/grid_map_msgs/environment/ament_prefix_path.dsv
[0.595s] -- Up-to-date: /home/sentry/Wolf-Moon/install/grid_map_msgs/share/grid_map_msgs/environment/path.sh
[0.595s] -- Up-to-date: /home/sentry/Wolf-Moon/install/grid_map_msgs/share/grid_map_msgs/environment/path.dsv
[0.595s] -- Up-to-date: /home/sentry/Wolf-Moon/install/grid_map_msgs/share/grid_map_msgs/local_setup.bash
[0.595s] -- Up-to-date: /home/sentry/Wolf-Moon/install/grid_map_msgs/share/grid_map_msgs/local_setup.sh
[0.595s] -- Up-to-date: /home/sentry/Wolf-Moon/install/grid_map_msgs/share/grid_map_msgs/local_setup.zsh
[0.595s] -- Up-to-date: /home/sentry/Wolf-Moon/install/grid_map_msgs/share/grid_map_msgs/local_setup.dsv
[0.596s] -- Installing: /home/sentry/Wolf-Moon/install/grid_map_msgs/share/grid_map_msgs/package.dsv
[0.596s] -- Up-to-date: /home/sentry/Wolf-Moon/install/grid_map_msgs/share/ament_index/resource_index/packages/grid_map_msgs
[0.596s] -- Up-to-date: /home/sentry/Wolf-Moon/install/grid_map_msgs/share/grid_map_msgs/cmake/grid_map_msgs__rosidl_generator_cExport.cmake
[0.596s] -- Up-to-date: /home/sentry/Wolf-Moon/install/grid_map_msgs/share/grid_map_msgs/cmake/grid_map_msgs__rosidl_generator_cExport-release.cmake
[0.596s] -- Up-to-date: /home/sentry/Wolf-Moon/install/grid_map_msgs/share/grid_map_msgs/cmake/grid_map_msgs__rosidl_typesupport_introspection_cExport.cmake
[0.596s] -- Up-to-date: /home/sentry/Wolf-Moon/install/grid_map_msgs/share/grid_map_msgs/cmake/grid_map_msgs__rosidl_typesupport_introspection_cExport-release.cmake
[0.596s] -- Up-to-date: /home/sentry/Wolf-Moon/install/grid_map_msgs/share/grid_map_msgs/cmake/grid_map_msgs__rosidl_typesupport_cExport.cmake
[0.596s] -- Up-to-date: /home/sentry/Wolf-Moon/install/grid_map_msgs/share/grid_map_msgs/cmake/grid_map_msgs__rosidl_typesupport_cExport-release.cmake
[0.596s] -- Up-to-date: /home/sentry/Wolf-Moon/install/grid_map_msgs/share/grid_map_msgs/cmake/grid_map_msgs__rosidl_generator_cppExport.cmake
[0.596s] -- Up-to-date: /home/sentry/Wolf-Moon/install/grid_map_msgs/share/grid_map_msgs/cmake/grid_map_msgs__rosidl_typesupport_introspection_cppExport.cmake
[0.597s] -- Up-to-date: /home/sentry/Wolf-Moon/install/grid_map_msgs/share/grid_map_msgs/cmake/grid_map_msgs__rosidl_typesupport_introspection_cppExport-release.cmake
[0.597s] -- Up-to-date: /home/sentry/Wolf-Moon/install/grid_map_msgs/share/grid_map_msgs/cmake/grid_map_msgs__rosidl_typesupport_cppExport.cmake
[0.597s] -- Up-to-date: /home/sentry/Wolf-Moon/install/grid_map_msgs/share/grid_map_msgs/cmake/grid_map_msgs__rosidl_typesupport_cppExport-release.cmake
[0.597s] -- Up-to-date: /home/sentry/Wolf-Moon/install/grid_map_msgs/share/grid_map_msgs/cmake/rosidl_cmake-extras.cmake
[0.597s] -- Up-to-date: /home/sentry/Wolf-Moon/install/grid_map_msgs/share/grid_map_msgs/cmake/ament_cmake_export_dependencies-extras.cmake
[0.597s] -- Up-to-date: /home/sentry/Wolf-Moon/install/grid_map_msgs/share/grid_map_msgs/cmake/ament_cmake_export_libraries-extras.cmake
[0.597s] -- Up-to-date: /home/sentry/Wolf-Moon/install/grid_map_msgs/share/grid_map_msgs/cmake/ament_cmake_export_targets-extras.cmake
[0.597s] -- Up-to-date: /home/sentry/Wolf-Moon/install/grid_map_msgs/share/grid_map_msgs/cmake/ament_cmake_export_include_directories-extras.cmake
[0.597s] -- Up-to-date: /home/sentry/Wolf-Moon/install/grid_map_msgs/share/grid_map_msgs/cmake/rosidl_cmake_export_typesupport_libraries-extras.cmake
[0.597s] -- Up-to-date: /home/sentry/Wolf-Moon/install/grid_map_msgs/share/grid_map_msgs/cmake/rosidl_cmake_export_typesupport_targets-extras.cmake
[0.598s] -- Up-to-date: /home/sentry/Wolf-Moon/install/grid_map_msgs/share/grid_map_msgs/cmake/grid_map_msgsConfig.cmake
[0.598s] -- Up-to-date: /home/sentry/Wolf-Moon/install/grid_map_msgs/share/grid_map_msgs/cmake/grid_map_msgsConfig-version.cmake
[0.598s] -- Up-to-date: /home/sentry/Wolf-Moon/install/grid_map_msgs/share/grid_map_msgs/package.xml
[0.614s] Invoked command in '/home/sentry/Wolf-Moon/build/grid_map_msgs' returned '0': AMENT_PREFIX_PATH=/home/sentry/Wolf-Moon/install/grid_map_cmake_helpers:${AMENT_PREFIX_PATH} CMAKE_PREFIX_PATH=/home/sentry/Wolf-Moon/install/grid_map_cmake_helpers:/opt/ros/galactic /usr/bin/cmake --install /home/sentry/Wolf-Moon/build/grid_map_msgs
