[ 20%] Built target map_converter_node
[35m[1mScanning dependencies of target map_builder_node[0m
[ 30%] [32mBuilding CXX object CMakeFiles/map_builder_node.dir/src/map_builder_node.cpp.o[0m
In file included from [01m[K/home/sentry/Wolf-Moon/src/localization_mapping/src/../include/map_builder_node.hpp:40[m[K,
                 from [01m[K/home/sentry/Wolf-Moon/src/localization_mapping/src/map_builder_node.cpp:1[m[K:
[01m[K/home/sentry/Wolf-Moon/src/localization_mapping/src/../include/./ig_lio_c/icp_localizer.hpp:[m[K In constructor ‘[01m[KIG_LIO::IcpLocalizer::IcpLocalizer()[m[K’:
[01m[K/home/sentry/Wolf-Moon/src/localization_mapping/src/../include/./ig_lio_c/icp_localizer.hpp:30:16:[m[K [01;35m[Kwarning: [m[K‘[01m[KIG_LIO::IcpLocalizer::refine_resolution_[m[K’ will be initialized after [[01;35m[K-Wreorder[m[K]
   30 |         double [01;35m[Krefine_resolution_[m[K;
      |                [01;35m[K^~~~~~~~~~~~~~~~~~[m[K
[01m[K/home/sentry/Wolf-Moon/src/localization_mapping/src/../include/./ig_lio_c/icp_localizer.hpp:29:16:[m[K [01;35m[Kwarning: [m[K  ‘[01m[Kdouble IG_LIO::IcpLocalizer::rough_resolution_[m[K’ [[01;35m[K-Wreorder[m[K]
   29 |         double [01;35m[Krough_resolution_[m[K;
      |                [01;35m[K^~~~~~~~~~~~~~~~~[m[K
[01m[K/home/sentry/Wolf-Moon/src/localization_mapping/src/../include/./ig_lio_c/icp_localizer.hpp:36:9:[m[K [01;35m[Kwarning: [m[K  when initialized here [[01;35m[K-Wreorder[m[K]
   36 |         [01;35m[KIcpLocalizer[m[K()
      |         [01;35m[K^~~~~~~~~~~~[m[K
[01m[K/home/sentry/Wolf-Moon/src/localization_mapping/src/../include/./ig_lio_c/icp_localizer.hpp:32:13:[m[K [01;35m[Kwarning: [m[K‘[01m[KIG_LIO::IcpLocalizer::refine_iter_[m[K’ will be initialized after [[01;35m[K-Wreorder[m[K]
   32 |         int [01;35m[Krefine_iter_[m[K;
      |             [01;35m[K^~~~~~~~~~~~[m[K
[01m[K/home/sentry/Wolf-Moon/src/localization_mapping/src/../include/./ig_lio_c/icp_localizer.hpp:31:13:[m[K [01;35m[Kwarning: [m[K  ‘[01m[Kint IG_LIO::IcpLocalizer::rough_iter_[m[K’ [[01;35m[K-Wreorder[m[K]
   31 |         int [01;35m[Krough_iter_[m[K;
      |             [01;35m[K^~~~~~~~~~~[m[K
[01m[K/home/sentry/Wolf-Moon/src/localization_mapping/src/../include/./ig_lio_c/icp_localizer.hpp:36:9:[m[K [01;35m[Kwarning: [m[K  when initialized here [[01;35m[K-Wreorder[m[K]
   36 |         [01;35m[KIcpLocalizer[m[K()
      |         [01;35m[K^~~~~~~~~~~~[m[K
[01m[K/home/sentry/Wolf-Moon/src/localization_mapping/src/../include/./ig_lio_c/icp_localizer.hpp:[m[K In constructor ‘[01m[KIG_LIO::IcpLocalizer::IcpLocalizer(double, double, int, int, double)[m[K’:
[01m[K/home/sentry/Wolf-Moon/src/localization_mapping/src/../include/./ig_lio_c/icp_localizer.hpp:30:16:[m[K [01;35m[Kwarning: [m[K‘[01m[KIG_LIO::IcpLocalizer::refine_resolution_[m[K’ will be initialized after [[01;35m[K-Wreorder[m[K]
   30 |         double [01;35m[Krefine_resolution_[m[K;
      |                [01;35m[K^~~~~~~~~~~~~~~~~~[m[K
[01m[K/home/sentry/Wolf-Moon/src/localization_mapping/src/../include/./ig_lio_c/icp_localizer.hpp:29:16:[m[K [01;35m[Kwarning: [m[K  ‘[01m[Kdouble IG_LIO::IcpLocalizer::rough_resolution_[m[K’ [[01;35m[K-Wreorder[m[K]
   29 |         double [01;35m[Krough_resolution_[m[K;
      |                [01;35m[K^~~~~~~~~~~~~~~~~[m[K
[01m[K/home/sentry/Wolf-Moon/src/localization_mapping/src/../include/./ig_lio_c/icp_localizer.hpp:46:9:[m[K [01;35m[Kwarning: [m[K  when initialized here [[01;35m[K-Wreorder[m[K]
   46 |         [01;35m[KIcpLocalizer[m[K(double refine_resolution, double rough_resolution, int refine_iter, int rough_iter, double thresh)
      |         [01;35m[K^~~~~~~~~~~~[m[K
[01m[K/home/sentry/Wolf-Moon/src/localization_mapping/src/../include/./ig_lio_c/icp_localizer.hpp:32:13:[m[K [01;35m[Kwarning: [m[K‘[01m[KIG_LIO::IcpLocalizer::refine_iter_[m[K’ will be initialized after [[01;35m[K-Wreorder[m[K]
   32 |         int [01;35m[Krefine_iter_[m[K;
      |             [01;35m[K^~~~~~~~~~~~[m[K
[01m[K/home/sentry/Wolf-Moon/src/localization_mapping/src/../include/./ig_lio_c/icp_localizer.hpp:31:13:[m[K [01;35m[Kwarning: [m[K  ‘[01m[Kint IG_LIO::IcpLocalizer::rough_iter_[m[K’ [[01;35m[K-Wreorder[m[K]
   31 |         int [01;35m[Krough_iter_[m[K;
      |             [01;35m[K^~~~~~~~~~~[m[K
[01m[K/home/sentry/Wolf-Moon/src/localization_mapping/src/../include/./ig_lio_c/icp_localizer.hpp:46:9:[m[K [01;35m[Kwarning: [m[K  when initialized here [[01;35m[K-Wreorder[m[K]
   46 |         [01;35m[KIcpLocalizer[m[K(double refine_resolution, double rough_resolution, int refine_iter, int rough_iter, double thresh)
      |         [01;35m[K^~~~~~~~~~~~[m[K
[ 40%] [32m[1mLinking CXX executable map_builder_node[0m
[100%] Built target map_builder_node
-- Install configuration: "Release"
-- Installing: /home/sentry/Wolf-Moon/install/ig_lio_c/lib/ig_lio_c/map_builder_node
-- Set runtime path of "/home/sentry/Wolf-Moon/install/ig_lio_c/lib/ig_lio_c/map_builder_node" to ""
-- Up-to-date: /home/sentry/Wolf-Moon/install/ig_lio_c/lib/ig_lio_c/map_converter_node
-- Up-to-date: /home/sentry/Wolf-Moon/install/ig_lio_c/share/ig_lio_c/launch
-- Up-to-date: /home/sentry/Wolf-Moon/install/ig_lio_c/share/ig_lio_c/launch/map_mapping_launch.py
-- Up-to-date: /home/sentry/Wolf-Moon/install/ig_lio_c/share/ig_lio_c/config
-- Up-to-date: /home/sentry/Wolf-Moon/install/ig_lio_c/share/ig_lio_c/config/parameters.yaml
-- Up-to-date: /home/sentry/Wolf-Moon/install/ig_lio_c/share/ig_lio_c/config/config_fg.yaml
-- Up-to-date: /home/sentry/Wolf-Moon/install/ig_lio_c/share/ament_index/resource_index/package_run_dependencies/ig_lio_c
-- Up-to-date: /home/sentry/Wolf-Moon/install/ig_lio_c/share/ament_index/resource_index/parent_prefix_path/ig_lio_c
-- Up-to-date: /home/sentry/Wolf-Moon/install/ig_lio_c/share/ig_lio_c/environment/ament_prefix_path.sh
-- Up-to-date: /home/sentry/Wolf-Moon/install/ig_lio_c/share/ig_lio_c/environment/ament_prefix_path.dsv
-- Up-to-date: /home/sentry/Wolf-Moon/install/ig_lio_c/share/ig_lio_c/environment/path.sh
-- Up-to-date: /home/sentry/Wolf-Moon/install/ig_lio_c/share/ig_lio_c/environment/path.dsv
-- Up-to-date: /home/sentry/Wolf-Moon/install/ig_lio_c/share/ig_lio_c/local_setup.bash
-- Up-to-date: /home/sentry/Wolf-Moon/install/ig_lio_c/share/ig_lio_c/local_setup.sh
-- Up-to-date: /home/sentry/Wolf-Moon/install/ig_lio_c/share/ig_lio_c/local_setup.zsh
-- Up-to-date: /home/sentry/Wolf-Moon/install/ig_lio_c/share/ig_lio_c/local_setup.dsv
-- Installing: /home/sentry/Wolf-Moon/install/ig_lio_c/share/ig_lio_c/package.dsv
-- Up-to-date: /home/sentry/Wolf-Moon/install/ig_lio_c/share/ament_index/resource_index/packages/ig_lio_c
-- Up-to-date: /home/sentry/Wolf-Moon/install/ig_lio_c/share/ig_lio_c/cmake/ig_lio_cConfig.cmake
-- Up-to-date: /home/sentry/Wolf-Moon/install/ig_lio_c/share/ig_lio_c/cmake/ig_lio_cConfig-version.cmake
-- Up-to-date: /home/sentry/Wolf-Moon/install/ig_lio_c/share/ig_lio_c/package.xml
