[0.035s] Invoking command in '/home/sentry/Wolf-Moon/build/octomap_dynamic_map': /usr/bin/cmake --build /home/sentry/Wolf-Moon/build/octomap_dynamic_map -- -j12 -l12
[0.076s] 
[0.077s] 
[0.077s] -- octomap building as Release
[0.085s] -- Could NOT find Doxygen (missing: DOXYGEN_EXECUTABLE) 
[0.098s] 
[0.098s] 
[0.098s] -- Compile octomap using: make
[0.098s] -- Install octomap using: make install
[0.098s] --     (be sure to set the correct CMAKE_INSTALL_PREFIX before)
[0.098s] -- Compile API-documentation using: make docs
[0.099s] 
[0.123s] -- Eigen found (include: /usr/include/eigen3, version: 3.3.7)
[0.251s] -- The imported target "vtkParseOGLExt" references the file
[0.251s]    "/usr/bin/vtkParseOGLExt-7.1"
[0.251s] but this file does not exist.  Possible reasons include:
[0.251s] * The file was deleted, renamed, or moved to another location.
[0.251s] * An install or uninstall procedure did not complete successfully.
[0.251s] * The installation package was faulty and contained
[0.251s]    "/usr/lib/cmake/vtk-7.1/VTKTargets.cmake"
[0.251s] but not all the files it references.
[0.251s] 
[0.252s] -- The imported target "vtkRenderingPythonTkWidgets" references the file
[0.252s]    "/usr/lib/x86_64-linux-gnu/libvtkRenderingPythonTkWidgets.so"
[0.252s] but this file does not exist.  Possible reasons include:
[0.252s] * The file was deleted, renamed, or moved to another location.
[0.252s] * An install or uninstall procedure did not complete successfully.
[0.252s] * The installation package was faulty and contained
[0.252s]    "/usr/lib/cmake/vtk-7.1/VTKTargets.cmake"
[0.252s] but not all the files it references.
[0.253s] 
[0.253s] -- The imported target "vtk" references the file
[0.253s]    "/usr/bin/vtk"
[0.253s] but this file does not exist.  Possible reasons include:
[0.253s] * The file was deleted, renamed, or moved to another location.
[0.253s] * An install or uninstall procedure did not complete successfully.
[0.253s] * The installation package was faulty and contained
[0.253s]    "/usr/lib/cmake/vtk-7.1/VTKTargets.cmake"
[0.254s] but not all the files it references.
[0.254s] 
[0.254s] -- The imported target "pvtk" references the file
[0.254s]    "/usr/bin/pvtk"
[0.254s] but this file does not exist.  Possible reasons include:
[0.254s] * The file was deleted, renamed, or moved to another location.
[0.254s] * An install or uninstall procedure did not complete successfully.
[0.254s] * The installation package was faulty and contained
[0.255s]    "/usr/lib/cmake/vtk-7.1/VTKTargets.cmake"
[0.255s] but not all the files it references.
[0.255s] 
[0.281s] -- OpenNI found (include: /usr/include/ni, lib: /usr/lib/libOpenNI.so)
[0.289s] -- OpenNI2 found (include: /usr/include/openni2, lib: /usr/lib/libOpenNI2.so)
[0.290s] ** WARNING ** io features related to pcap will be disabled
[0.290s] ** WARNING ** io features related to png will be disabled
[0.325s] ** WARNING ** io features related to libusb-1.0 will be disabled
[0.326s] -- OpenNI found (include: /usr/include/ni, lib: /usr/lib/libOpenNI.so)
[0.329s] -- OpenNI2 found (include: /usr/include/openni2, lib: /usr/lib/libOpenNI2.so)
[0.340s] -- QHULL found (include: /usr/include, lib: optimized;/usr/lib/x86_64-linux-gnu/libqhull.so;debug;/usr/lib/x86_64-linux-gnu/libqhull.so)
[0.347s] -- OpenNI found (include: /usr/include/ni, lib: /usr/lib/libOpenNI.so)
[0.371s] -- looking for PCL_COMMON
[0.371s] -- looking for PCL_KDTREE
[0.371s] -- looking for PCL_OCTREE
[0.371s] -- looking for PCL_SEARCH
[0.372s] -- looking for PCL_SAMPLE_CONSENSUS
[0.372s] -- looking for PCL_FILTERS
[0.372s] -- looking for PCL_2D
[0.372s] -- looking for PCL_GEOMETRY
[0.372s] -- looking for PCL_IO
[0.372s] -- looking for PCL_FEATURES
[0.372s] -- looking for PCL_ML
[0.372s] -- looking for PCL_SEGMENTATION
[0.373s] -- looking for PCL_VISUALIZATION
[0.376s] -- looking for PCL_SURFACE
[0.376s] -- looking for PCL_REGISTRATION
[0.377s] -- looking for PCL_KEYPOINTS
[0.378s] -- looking for PCL_TRACKING
[0.379s] -- looking for PCL_RECOGNITION
[0.379s] -- looking for PCL_STEREO
[0.379s] -- looking for PCL_APPS
[0.382s] -- looking for PCL_IN_HAND_SCANNER
[0.382s] -- looking for PCL_POINT_CLOUD_EDITOR
[0.415s] -- looking for PCL_OUTOFCORE
[0.415s] -- looking for PCL_PEOPLE
[0.420s] -- Configuring done
[0.503s] -- Generating done
[0.525s] -- Build files have been written to: /home/sentry/Wolf-Moon/build/octomap_dynamic_map
[0.557s] [  1%] [32m[1mLinking CXX shared library /home/sentry/Wolf-Moon/src/ThirdParty/OCTOMAP/build/lib/liboctomath.so[0m
[0.559s] [  2%] [32m[1mLinking CXX static library /home/sentry/Wolf-Moon/src/ThirdParty/OCTOMAP/build/lib/liboctomath.a[0m
[0.608s] [  6%] Built target octomath-static
[0.616s] [  7%] [32m[1mLinking CXX static library /home/sentry/Wolf-Moon/src/ThirdParty/OCTOMAP/build/lib/liboctomap.a[0m
[0.627s] [ 11%] Built target octomath
[0.639s] [ 23%] Built target octomap-static
[0.648s] [ 24%] [32m[1mLinking CXX shared library /home/sentry/Wolf-Moon/src/ThirdParty/OCTOMAP/build/lib/liboctomap.so[0m
[0.735s] [ 35%] Built target octomap
[0.744s] [35m[1mScanning dependencies of target graph2tree[0m
[0.745s] [35m[1mScanning dependencies of target simple_example[0m
[0.752s] [35m[1mScanning dependencies of target octree2pointcloud[0m
[0.752s] [35m[1mScanning dependencies of target binvox2bt[0m
[0.752s] [35m[1mScanning dependencies of target bt2vrml[0m
[0.757s] [35m[1mScanning dependencies of target log2graph[0m
[0.757s] [ 37%] [32mBuilding CXX object octomap/src/CMakeFiles/graph2tree.dir/graph2tree.cpp.o[0m
[0.762s] [ 38%] [32mBuilding CXX object octomap/src/CMakeFiles/simple_example.dir/simple_example.cpp.o[0m
[0.763s] [35m[1mScanning dependencies of target edit_octree[0m
[0.767s] [35m[1mScanning dependencies of target eval_octree_accuracy[0m
[0.767s] [35m[1mScanning dependencies of target intersection_example[0m
[0.767s] [ 39%] [32mBuilding CXX object octomap/src/CMakeFiles/bt2vrml.dir/bt2vrml.cpp.o[0m
[0.768s] [35m[1mScanning dependencies of target convert_octree[0m
[0.773s] [ 41%] [32mBuilding CXX object octomap/src/CMakeFiles/octree2pointcloud.dir/octree2pointcloud.cpp.o[0m
[0.776s] [ 42%] [32m[1mLinking CXX executable /home/sentry/Wolf-Moon/src/ThirdParty/OCTOMAP/build/bin/compare_octrees[0m
[0.779s] [ 43%] [32m[1mLinking CXX shared library /home/sentry/Wolf-Moon/src/ThirdParty/OCTOMAP/lib/libdm_lib.so[0m
[0.780s] [ 44%] [32mBuilding CXX object octomap/src/CMakeFiles/log2graph.dir/log2graph.cpp.o[0m
[0.785s] [ 46%] [32mBuilding CXX object octomap/src/CMakeFiles/binvox2bt.dir/binvox2bt.cpp.o[0m
[0.788s] [ 47%] [32mBuilding CXX object octomap/src/CMakeFiles/edit_octree.dir/edit_octree.cpp.o[0m
[0.790s] [ 48%] [32mBuilding CXX object octomap/src/CMakeFiles/convert_octree.dir/convert_octree.cpp.o[0m
[0.805s] [ 50%] [32mBuilding CXX object octomap/src/CMakeFiles/eval_octree_accuracy.dir/eval_octree_accuracy.cpp.o[0m
[0.805s] [ 51%] [32mBuilding CXX object octomap/src/CMakeFiles/intersection_example.dir/intersection_example.cpp.o[0m
[0.993s] [ 52%] Built target compare_octrees
[1.053s] [ 53%] [32m[1mLinking CXX executable /home/sentry/Wolf-Moon/src/ThirdParty/OCTOMAP/build/bin/normals_example[0m
[1.233s] [ 55%] Built target normals_example
[1.269s] [ 56%] [32m[1mLinking CXX executable /home/sentry/Wolf-Moon/src/ThirdParty/OCTOMAP/build/bin/test_raycasting[0m
[1.480s] [ 57%] Built target test_raycasting
[1.645s] [ 58%] [32m[1mLinking CXX executable /home/sentry/Wolf-Moon/src/ThirdParty/OCTOMAP/build/bin/test_iterators[0m
[1.924s] [ 60%] Built target test_iterators
[1.940s] [ 61%] [32m[1mLinking CXX executable /home/sentry/Wolf-Moon/src/ThirdParty/OCTOMAP/build/bin/edit_octree[0m
[1.945s] [ 62%] [32m[1mLinking CXX executable /home/sentry/Wolf-Moon/src/ThirdParty/OCTOMAP/build/bin/log2graph[0m
[1.994s] [ 64%] [32m[1mLinking CXX executable /home/sentry/Wolf-Moon/src/ThirdParty/OCTOMAP/build/bin/test_scans[0m
[2.016s] [ 65%] [32m[1mLinking CXX executable /home/sentry/Wolf-Moon/src/ThirdParty/OCTOMAP/build/bin/bt2vrml[0m
[2.072s] [ 66%] Built target dm_lib
[2.086s] [ 66%] Built target log2graph
[2.098s] [ 66%] Built target edit_octree
[2.126s] [ 69%] [32m[1mLinking CXX executable /home/sentry/Wolf-Moon/src/ThirdParty/OCTOMAP/build/bin/test_pruning[0m
[2.126s] [ 67%] [32m[1mLinking CXX executable /home/sentry/Wolf-Moon/src/ThirdParty/OCTOMAP/build/bin/test_io[0m
[2.128s] [ 69%] Built target bt2vrml
[2.132s] [ 70%] Built target test_scans
[2.135s] [ 71%] [32m[1mLinking CXX executable /home/sentry/Wolf-Moon/src/ThirdParty/OCTOMAP/build/bin/test_bbx[0m
[2.158s] [ 73%] [32m[1mLinking CXX executable /home/sentry/Wolf-Moon/src/ThirdParty/OCTOMAP/build/bin/test_changedkeys[0m
[2.177s] [ 74%] [32m[1mLinking CXX executable /home/sentry/Wolf-Moon/src/ThirdParty/OCTOMAP/build/bin/test_color_tree[0m
[2.259s] [ 75%] [32m[1mLinking CXX executable /home/sentry/Wolf-Moon/src/ThirdParty/OCTOMAP/build/bin/binvox2bt[0m
[2.275s] [ 76%] Built target test_pruning
[2.287s] [ 78%] Built target test_io
[2.289s] [ 79%] Built target test_bbx
[2.319s] [ 80%] [32m[1mLinking CXX executable /home/sentry/Wolf-Moon/src/ThirdParty/OCTOMAP/build/bin/eval_octree_accuracy[0m
[2.335s] [ 82%] [32m[1mLinking CXX executable /home/sentry/Wolf-Moon/src/ThirdParty/OCTOMAP/build/bin/color_tree_histogram[0m
[2.337s] [ 83%] Built target test_changedkeys
[2.342s] [ 84%] Built target test_color_tree
[2.353s] [ 85%] [32m[1mLinking CXX executable /home/sentry/Wolf-Moon/src/ThirdParty/OCTOMAP/build/bin/unit_tests[0m
[2.353s] [ 87%] [32m[1mLinking CXX executable /home/sentry/Wolf-Moon/src/ThirdParty/OCTOMAP/build/bin/test_mapcollection[0m
[2.356s] [ 88%] [32m[1mLinking CXX executable /home/sentry/Wolf-Moon/src/ThirdParty/OCTOMAP/build/bin/convert_octree[0m
[2.378s] [ 88%] Built target binvox2bt
[2.412s] [ 89%] [32m[1mLinking CXX executable octomap_run[0m
[2.450s] [ 89%] Built target eval_octree_accuracy
[2.463s] [ 89%] Built target convert_octree
[2.464s] [ 91%] Built target test_mapcollection
[2.486s] [ 92%] Built target unit_tests
[2.502s] [ 93%] Built target color_tree_histogram
[2.569s] [ 94%] [32m[1mLinking CXX executable /home/sentry/Wolf-Moon/src/ThirdParty/OCTOMAP/build/bin/octree2pointcloud[0m
[2.642s] [ 94%] Built target octree2pointcloud
[3.057s] [ 96%] [32m[1mLinking CXX executable /home/sentry/Wolf-Moon/src/ThirdParty/OCTOMAP/build/bin/simple_example[0m
[3.122s] [ 96%] Built target simple_example
[3.206s] [ 97%] Built target octomap_run
[3.571s] [ 98%] [32m[1mLinking CXX executable /home/sentry/Wolf-Moon/src/ThirdParty/OCTOMAP/build/bin/graph2tree[0m
[3.623s] [ 98%] Built target graph2tree
[3.817s] [100%] [32m[1mLinking CXX executable /home/sentry/Wolf-Moon/src/ThirdParty/OCTOMAP/build/bin/intersection_example[0m
[3.868s] [100%] Built target intersection_example
[3.877s] Invoked command in '/home/sentry/Wolf-Moon/build/octomap_dynamic_map' returned '0': /usr/bin/cmake --build /home/sentry/Wolf-Moon/build/octomap_dynamic_map -- -j12 -l12
[3.880s] Invoking command in '/home/sentry/Wolf-Moon/build/octomap_dynamic_map': /usr/bin/cmake --install /home/sentry/Wolf-Moon/build/octomap_dynamic_map
[3.886s] -- Install configuration: "Release"
[3.886s] -- Installing: /home/sentry/Wolf-Moon/install/octomap_dynamic_map/include/octomap/AbstractOcTree.h
[3.886s] -- Installing: /home/sentry/Wolf-Moon/install/octomap_dynamic_map/include/octomap/AbstractOccupancyOcTree.h
[3.886s] -- Installing: /home/sentry/Wolf-Moon/install/octomap_dynamic_map/include/octomap/ColorOcTree.h
[3.886s] -- Installing: /home/sentry/Wolf-Moon/install/octomap_dynamic_map/include/octomap/CountingOcTree.h
[3.886s] -- Installing: /home/sentry/Wolf-Moon/install/octomap_dynamic_map/include/octomap/MCTables.h
[3.887s] -- Installing: /home/sentry/Wolf-Moon/install/octomap_dynamic_map/include/octomap/MapCollection.h
[3.887s] -- Installing: /home/sentry/Wolf-Moon/install/octomap_dynamic_map/include/octomap/MapCollection.hxx
[3.887s] -- Installing: /home/sentry/Wolf-Moon/install/octomap_dynamic_map/include/octomap/MapNode.h
[3.887s] -- Installing: /home/sentry/Wolf-Moon/install/octomap_dynamic_map/include/octomap/MapNode.hxx
[3.887s] -- Installing: /home/sentry/Wolf-Moon/install/octomap_dynamic_map/include/octomap/OcTree.h
[3.887s] -- Installing: /home/sentry/Wolf-Moon/install/octomap_dynamic_map/include/octomap/OcTreeBase.h
[3.887s] -- Installing: /home/sentry/Wolf-Moon/install/octomap_dynamic_map/include/octomap/OcTreeBaseImpl.h
[3.887s] -- Installing: /home/sentry/Wolf-Moon/install/octomap_dynamic_map/include/octomap/OcTreeBaseImpl.hxx
[3.887s] -- Installing: /home/sentry/Wolf-Moon/install/octomap_dynamic_map/include/octomap/OcTreeDataNode.h
[3.888s] -- Installing: /home/sentry/Wolf-Moon/install/octomap_dynamic_map/include/octomap/OcTreeDataNode.hxx
[3.888s] -- Installing: /home/sentry/Wolf-Moon/install/octomap_dynamic_map/include/octomap/OcTreeIterator.hxx
[3.888s] -- Installing: /home/sentry/Wolf-Moon/install/octomap_dynamic_map/include/octomap/OcTreeKey.h
[3.888s] -- Installing: /home/sentry/Wolf-Moon/install/octomap_dynamic_map/include/octomap/OcTreeNode.h
[3.888s] -- Installing: /home/sentry/Wolf-Moon/install/octomap_dynamic_map/include/octomap/OcTreeStamped.h
[3.888s] -- Installing: /home/sentry/Wolf-Moon/install/octomap_dynamic_map/include/octomap/OccupancyOcTreeBase.h
[3.888s] -- Installing: /home/sentry/Wolf-Moon/install/octomap_dynamic_map/include/octomap/OccupancyOcTreeBase.hxx
[3.888s] -- Installing: /home/sentry/Wolf-Moon/install/octomap_dynamic_map/include/octomap/Pointcloud.h
[3.888s] -- Installing: /home/sentry/Wolf-Moon/install/octomap_dynamic_map/include/octomap/ScanGraph.h
[3.888s] -- Installing: /home/sentry/Wolf-Moon/install/octomap_dynamic_map/include/octomap/octomap.h
[3.889s] -- Installing: /home/sentry/Wolf-Moon/install/octomap_dynamic_map/include/octomap/octomap_deprecated.h
[3.889s] -- Installing: /home/sentry/Wolf-Moon/install/octomap_dynamic_map/include/octomap/octomap_timing.h
[3.889s] -- Installing: /home/sentry/Wolf-Moon/install/octomap_dynamic_map/include/octomap/octomap_types.h
[3.889s] -- Installing: /home/sentry/Wolf-Moon/install/octomap_dynamic_map/include/octomap/octomap_utils.h
[3.889s] -- Installing: /home/sentry/Wolf-Moon/install/octomap_dynamic_map/include/octomap/math/Pose6D.h
[3.889s] -- Installing: /home/sentry/Wolf-Moon/install/octomap_dynamic_map/include/octomap/math/Quaternion.h
[3.889s] -- Installing: /home/sentry/Wolf-Moon/install/octomap_dynamic_map/include/octomap/math/Utils.h
[3.889s] -- Installing: /home/sentry/Wolf-Moon/install/octomap_dynamic_map/include/octomap/math/Vector3.h
[3.889s] -- Installing: /home/sentry/Wolf-Moon/install/octomap_dynamic_map/share/octomap/package.xml
[3.889s] -- Installing: /home/sentry/Wolf-Moon/install/octomap_dynamic_map/share/ament_index/resource_index/packages/octomap
[3.890s] -- Installing: /home/sentry/Wolf-Moon/install/octomap_dynamic_map/share/octomap/octomap-config.cmake
[3.890s] -- Installing: /home/sentry/Wolf-Moon/install/octomap_dynamic_map/share/octomap/octomap-config-version.cmake
[3.890s] -- Installing: /home/sentry/Wolf-Moon/install/octomap_dynamic_map/lib/pkgconfig/octomap.pc
[3.890s] -- Installing: /home/sentry/Wolf-Moon/install/octomap_dynamic_map/lib/liboctomath.so.1.9.8
[3.890s] -- Installing: /home/sentry/Wolf-Moon/install/octomap_dynamic_map/lib/liboctomath.so.1.9
[3.890s] -- Set runtime path of "/home/sentry/Wolf-Moon/install/octomap_dynamic_map/lib/liboctomath.so.1.9.8" to "/home/sentry/Wolf-Moon/install/octomap_dynamic_map/lib"
[3.890s] -- Installing: /home/sentry/Wolf-Moon/install/octomap_dynamic_map/lib/liboctomath.so
[3.890s] -- Installing: /home/sentry/Wolf-Moon/install/octomap_dynamic_map/lib/liboctomath.a
[3.890s] -- Installing: /home/sentry/Wolf-Moon/install/octomap_dynamic_map/lib/liboctomap.so.1.9.8
[3.890s] -- Installing: /home/sentry/Wolf-Moon/install/octomap_dynamic_map/lib/liboctomap.so.1.9
[3.891s] -- Set runtime path of "/home/sentry/Wolf-Moon/install/octomap_dynamic_map/lib/liboctomap.so.1.9.8" to "/home/sentry/Wolf-Moon/install/octomap_dynamic_map/lib"
[3.891s] -- Installing: /home/sentry/Wolf-Moon/install/octomap_dynamic_map/lib/liboctomap.so
[3.891s] -- Installing: /home/sentry/Wolf-Moon/install/octomap_dynamic_map/lib/liboctomap.a
[3.891s] -- Installing: /home/sentry/Wolf-Moon/install/octomap_dynamic_map/share/octomap/octomap-targets.cmake
[3.891s] -- Installing: /home/sentry/Wolf-Moon/install/octomap_dynamic_map/share/octomap/octomap-targets-release.cmake
[3.891s] -- Installing: /home/sentry/Wolf-Moon/install/octomap_dynamic_map/bin/graph2tree
[3.892s] -- Set runtime path of "/home/sentry/Wolf-Moon/install/octomap_dynamic_map/bin/graph2tree" to "/home/sentry/Wolf-Moon/install/octomap_dynamic_map/lib"
[3.892s] -- Installing: /home/sentry/Wolf-Moon/install/octomap_dynamic_map/bin/log2graph
[3.892s] -- Set runtime path of "/home/sentry/Wolf-Moon/install/octomap_dynamic_map/bin/log2graph" to "/home/sentry/Wolf-Moon/install/octomap_dynamic_map/lib"
[3.893s] -- Installing: /home/sentry/Wolf-Moon/install/octomap_dynamic_map/bin/binvox2bt
[3.893s] -- Set runtime path of "/home/sentry/Wolf-Moon/install/octomap_dynamic_map/bin/binvox2bt" to "/home/sentry/Wolf-Moon/install/octomap_dynamic_map/lib"
[3.893s] -- Installing: /home/sentry/Wolf-Moon/install/octomap_dynamic_map/bin/bt2vrml
[3.893s] -- Set runtime path of "/home/sentry/Wolf-Moon/install/octomap_dynamic_map/bin/bt2vrml" to "/home/sentry/Wolf-Moon/install/octomap_dynamic_map/lib"
[3.893s] -- Installing: /home/sentry/Wolf-Moon/install/octomap_dynamic_map/bin/edit_octree
[3.893s] -- Set runtime path of "/home/sentry/Wolf-Moon/install/octomap_dynamic_map/bin/edit_octree" to "/home/sentry/Wolf-Moon/install/octomap_dynamic_map/lib"
[3.893s] -- Installing: /home/sentry/Wolf-Moon/install/octomap_dynamic_map/bin/convert_octree
[3.893s] -- Set runtime path of "/home/sentry/Wolf-Moon/install/octomap_dynamic_map/bin/convert_octree" to "/home/sentry/Wolf-Moon/install/octomap_dynamic_map/lib"
[3.893s] -- Installing: /home/sentry/Wolf-Moon/install/octomap_dynamic_map/bin/eval_octree_accuracy
[3.893s] -- Set runtime path of "/home/sentry/Wolf-Moon/install/octomap_dynamic_map/bin/eval_octree_accuracy" to "/home/sentry/Wolf-Moon/install/octomap_dynamic_map/lib"
[3.893s] -- Installing: /home/sentry/Wolf-Moon/install/octomap_dynamic_map/bin/compare_octrees
[3.893s] -- Set runtime path of "/home/sentry/Wolf-Moon/install/octomap_dynamic_map/bin/compare_octrees" to "/home/sentry/Wolf-Moon/install/octomap_dynamic_map/lib"
[3.893s] Invoked command in '/home/sentry/Wolf-Moon/build/octomap_dynamic_map' returned '0': /usr/bin/cmake --install /home/sentry/Wolf-Moon/build/octomap_dynamic_map
