[0.067s] Invoking command in '/home/sentry/Wolf-Moon/build/auto_aim_interfaces': CMAKE_PREFIX_PATH=${CMAKE_PREFIX_PATH}:/home/sentry/Wolf-Moon/install/fake_msg_publisher:/opt/ros/galactic /usr/bin/cmake --build /home/sentry/Wolf-Moon/build/auto_aim_interfaces -- -j12 -l12
[0.210s] [ 11%] Built target auto_aim_interfaces__rosidl_generator_c
[0.270s] [ 12%] Built target auto_aim_interfaces__cpp
[0.277s] [ 24%] Built target auto_aim_interfaces__rosidl_typesupport_introspection_c
[0.311s] [ 35%] Built target auto_aim_interfaces__rosidl_typesupport_c
[0.398s] [ 46%] Built target auto_aim_interfaces__rosidl_typesupport_fastrtps_cpp
[0.440s] [ 58%] Built target auto_aim_interfaces__rosidl_typesupport_introspection_cpp
[0.479s] [ 69%] Built target auto_aim_interfaces__rosidl_typesupport_cpp
[0.582s] [ 81%] Built target auto_aim_interfaces__rosidl_typesupport_fastrtps_c
[0.723s] [ 81%] Built target auto_aim_interfaces
[0.797s] [ 82%] Built target auto_aim_interfaces__py
[0.929s] [ 92%] Built target auto_aim_interfaces__python
[1.013s] [ 94%] Built target auto_aim_interfaces__rosidl_typesupport_c__pyext
[1.054s] [ 97%] Built target auto_aim_interfaces__rosidl_typesupport_introspection_c__pyext
[1.059s] [100%] Built target auto_aim_interfaces__rosidl_typesupport_fastrtps_c__pyext
[1.100s] Invoked command in '/home/sentry/Wolf-Moon/build/auto_aim_interfaces' returned '0': CMAKE_PREFIX_PATH=${CMAKE_PREFIX_PATH}:/home/sentry/Wolf-Moon/install/fake_msg_publisher:/opt/ros/galactic /usr/bin/cmake --build /home/sentry/Wolf-Moon/build/auto_aim_interfaces -- -j12 -l12
[1.649s] Invoking command in '/home/sentry/Wolf-Moon/build/auto_aim_interfaces': CMAKE_PREFIX_PATH=${CMAKE_PREFIX_PATH}:/home/sentry/Wolf-Moon/install/fake_msg_publisher:/opt/ros/galactic /usr/bin/cmake --install /home/sentry/Wolf-Moon/build/auto_aim_interfaces
[1.668s] -- Install configuration: ""
[1.668s] -- Up-to-date: /home/sentry/Wolf-Moon/install/auto_aim_interfaces/share/ament_index/resource_index/rosidl_interfaces/auto_aim_interfaces
[1.669s] -- Up-to-date: /home/sentry/Wolf-Moon/install/auto_aim_interfaces/include/auto_aim_interfaces
[1.669s] -- Up-to-date: /home/sentry/Wolf-Moon/install/auto_aim_interfaces/include/auto_aim_interfaces/msg
[1.669s] -- Up-to-date: /home/sentry/Wolf-Moon/install/auto_aim_interfaces/include/auto_aim_interfaces/msg/uart.h
[1.669s] -- Up-to-date: /home/sentry/Wolf-Moon/install/auto_aim_interfaces/include/auto_aim_interfaces/msg/serial.h
[1.669s] -- Up-to-date: /home/sentry/Wolf-Moon/install/auto_aim_interfaces/include/auto_aim_interfaces/msg/state.h
[1.669s] -- Up-to-date: /home/sentry/Wolf-Moon/install/auto_aim_interfaces/include/auto_aim_interfaces/msg/point2f.h
[1.669s] -- Up-to-date: /home/sentry/Wolf-Moon/install/auto_aim_interfaces/include/auto_aim_interfaces/msg/armor.h
[1.669s] -- Up-to-date: /home/sentry/Wolf-Moon/install/auto_aim_interfaces/include/auto_aim_interfaces/msg/detail
[1.669s] -- Up-to-date: /home/sentry/Wolf-Moon/install/auto_aim_interfaces/include/auto_aim_interfaces/msg/detail/serial__functions.h
[1.670s] -- Up-to-date: /home/sentry/Wolf-Moon/install/auto_aim_interfaces/include/auto_aim_interfaces/msg/detail/uart__type_support.h
[1.670s] -- Up-to-date: /home/sentry/Wolf-Moon/install/auto_aim_interfaces/include/auto_aim_interfaces/msg/detail/serial__functions.c
[1.671s] -- Up-to-date: /home/sentry/Wolf-Moon/install/auto_aim_interfaces/include/auto_aim_interfaces/msg/detail/serial__type_support.h
[1.671s] -- Up-to-date: /home/sentry/Wolf-Moon/install/auto_aim_interfaces/include/auto_aim_interfaces/msg/detail/state__type_support.h
[1.671s] -- Up-to-date: /home/sentry/Wolf-Moon/install/auto_aim_interfaces/include/auto_aim_interfaces/msg/detail/armor__struct.h
[1.671s] -- Up-to-date: /home/sentry/Wolf-Moon/install/auto_aim_interfaces/include/auto_aim_interfaces/msg/detail/armor__functions.h
[1.671s] -- Up-to-date: /home/sentry/Wolf-Moon/install/auto_aim_interfaces/include/auto_aim_interfaces/msg/detail/gimbal__struct.h
[1.671s] -- Up-to-date: /home/sentry/Wolf-Moon/install/auto_aim_interfaces/include/auto_aim_interfaces/msg/detail/point2f__type_support.h
[1.671s] -- Up-to-date: /home/sentry/Wolf-Moon/install/auto_aim_interfaces/include/auto_aim_interfaces/msg/detail/armors__functions.c
[1.671s] -- Up-to-date: /home/sentry/Wolf-Moon/install/auto_aim_interfaces/include/auto_aim_interfaces/msg/detail/armors__type_support.h
[1.671s] -- Up-to-date: /home/sentry/Wolf-Moon/install/auto_aim_interfaces/include/auto_aim_interfaces/msg/detail/gimbal__type_support.h
[1.671s] -- Up-to-date: /home/sentry/Wolf-Moon/install/auto_aim_interfaces/include/auto_aim_interfaces/msg/detail/armors__struct.h
[1.671s] -- Up-to-date: /home/sentry/Wolf-Moon/install/auto_aim_interfaces/include/auto_aim_interfaces/msg/detail/point2f__functions.c
[1.672s] -- Up-to-date: /home/sentry/Wolf-Moon/install/auto_aim_interfaces/include/auto_aim_interfaces/msg/detail/gimbal__functions.h
[1.672s] -- Up-to-date: /home/sentry/Wolf-Moon/install/auto_aim_interfaces/include/auto_aim_interfaces/msg/detail/uart__functions.h
[1.672s] -- Up-to-date: /home/sentry/Wolf-Moon/install/auto_aim_interfaces/include/auto_aim_interfaces/msg/detail/uart__functions.c
[1.672s] -- Up-to-date: /home/sentry/Wolf-Moon/install/auto_aim_interfaces/include/auto_aim_interfaces/msg/detail/state__functions.c
[1.672s] -- Up-to-date: /home/sentry/Wolf-Moon/install/auto_aim_interfaces/include/auto_aim_interfaces/msg/detail/armors__functions.h
[1.672s] -- Up-to-date: /home/sentry/Wolf-Moon/install/auto_aim_interfaces/include/auto_aim_interfaces/msg/detail/armor__functions.c
[1.673s] -- Up-to-date: /home/sentry/Wolf-Moon/install/auto_aim_interfaces/include/auto_aim_interfaces/msg/detail/serial__struct.h
[1.673s] -- Up-to-date: /home/sentry/Wolf-Moon/install/auto_aim_interfaces/include/auto_aim_interfaces/msg/detail/point2f__functions.h
[1.673s] -- Up-to-date: /home/sentry/Wolf-Moon/install/auto_aim_interfaces/include/auto_aim_interfaces/msg/detail/gimbal__functions.c
[1.673s] -- Up-to-date: /home/sentry/Wolf-Moon/install/auto_aim_interfaces/include/auto_aim_interfaces/msg/detail/state__functions.h
[1.673s] -- Up-to-date: /home/sentry/Wolf-Moon/install/auto_aim_interfaces/include/auto_aim_interfaces/msg/detail/state__struct.h
[1.673s] -- Up-to-date: /home/sentry/Wolf-Moon/install/auto_aim_interfaces/include/auto_aim_interfaces/msg/detail/uart__struct.h
[1.673s] -- Up-to-date: /home/sentry/Wolf-Moon/install/auto_aim_interfaces/include/auto_aim_interfaces/msg/detail/armor__type_support.h
[1.673s] -- Up-to-date: /home/sentry/Wolf-Moon/install/auto_aim_interfaces/include/auto_aim_interfaces/msg/detail/point2f__struct.h
[1.673s] -- Up-to-date: /home/sentry/Wolf-Moon/install/auto_aim_interfaces/include/auto_aim_interfaces/msg/gimbal.h
[1.673s] -- Up-to-date: /home/sentry/Wolf-Moon/install/auto_aim_interfaces/include/auto_aim_interfaces/msg/armors.h
[1.673s] -- Up-to-date: /home/sentry/Wolf-Moon/install/auto_aim_interfaces/include/auto_aim_interfaces/msg/rosidl_generator_c__visibility_control.h
[1.673s] -- Up-to-date: /home/sentry/Wolf-Moon/install/auto_aim_interfaces/share/auto_aim_interfaces/environment/library_path.sh
[1.674s] -- Up-to-date: /home/sentry/Wolf-Moon/install/auto_aim_interfaces/share/auto_aim_interfaces/environment/library_path.dsv
[1.674s] -- Up-to-date: /home/sentry/Wolf-Moon/install/auto_aim_interfaces/lib/libauto_aim_interfaces__rosidl_generator_c.so
[1.674s] -- Up-to-date: /home/sentry/Wolf-Moon/install/auto_aim_interfaces/include/auto_aim_interfaces
[1.674s] -- Up-to-date: /home/sentry/Wolf-Moon/install/auto_aim_interfaces/include/auto_aim_interfaces/msg
[1.674s] -- Up-to-date: /home/sentry/Wolf-Moon/install/auto_aim_interfaces/include/auto_aim_interfaces/msg/detail
[1.674s] -- Up-to-date: /home/sentry/Wolf-Moon/install/auto_aim_interfaces/include/auto_aim_interfaces/msg/detail/armors__rosidl_typesupport_fastrtps_c.h
[1.674s] -- Up-to-date: /home/sentry/Wolf-Moon/install/auto_aim_interfaces/include/auto_aim_interfaces/msg/detail/serial__rosidl_typesupport_fastrtps_c.h
[1.674s] -- Up-to-date: /home/sentry/Wolf-Moon/install/auto_aim_interfaces/include/auto_aim_interfaces/msg/detail/armor__rosidl_typesupport_fastrtps_c.h
[1.674s] -- Up-to-date: /home/sentry/Wolf-Moon/install/auto_aim_interfaces/include/auto_aim_interfaces/msg/detail/gimbal__rosidl_typesupport_fastrtps_c.h
[1.674s] -- Up-to-date: /home/sentry/Wolf-Moon/install/auto_aim_interfaces/include/auto_aim_interfaces/msg/detail/uart__rosidl_typesupport_fastrtps_c.h
[1.674s] -- Up-to-date: /home/sentry/Wolf-Moon/install/auto_aim_interfaces/include/auto_aim_interfaces/msg/detail/point2f__rosidl_typesupport_fastrtps_c.h
[1.674s] -- Up-to-date: /home/sentry/Wolf-Moon/install/auto_aim_interfaces/include/auto_aim_interfaces/msg/detail/state__rosidl_typesupport_fastrtps_c.h
[1.675s] -- Up-to-date: /home/sentry/Wolf-Moon/install/auto_aim_interfaces/include/auto_aim_interfaces/msg/rosidl_typesupport_fastrtps_c__visibility_control.h
[1.675s] -- Up-to-date: /home/sentry/Wolf-Moon/install/auto_aim_interfaces/lib/libauto_aim_interfaces__rosidl_typesupport_fastrtps_c.so
[1.675s] -- Up-to-date: /home/sentry/Wolf-Moon/install/auto_aim_interfaces/include/auto_aim_interfaces
[1.675s] -- Up-to-date: /home/sentry/Wolf-Moon/install/auto_aim_interfaces/include/auto_aim_interfaces/msg
[1.675s] -- Up-to-date: /home/sentry/Wolf-Moon/install/auto_aim_interfaces/include/auto_aim_interfaces/msg/detail
[1.675s] -- Up-to-date: /home/sentry/Wolf-Moon/install/auto_aim_interfaces/include/auto_aim_interfaces/msg/detail/gimbal__rosidl_typesupport_fastrtps_cpp.hpp
[1.675s] -- Up-to-date: /home/sentry/Wolf-Moon/install/auto_aim_interfaces/include/auto_aim_interfaces/msg/detail/point2f__rosidl_typesupport_fastrtps_cpp.hpp
[1.675s] -- Up-to-date: /home/sentry/Wolf-Moon/install/auto_aim_interfaces/include/auto_aim_interfaces/msg/detail/uart__rosidl_typesupport_fastrtps_cpp.hpp
[1.675s] -- Up-to-date: /home/sentry/Wolf-Moon/install/auto_aim_interfaces/include/auto_aim_interfaces/msg/detail/armor__rosidl_typesupport_fastrtps_cpp.hpp
[1.675s] -- Up-to-date: /home/sentry/Wolf-Moon/install/auto_aim_interfaces/include/auto_aim_interfaces/msg/detail/armors__rosidl_typesupport_fastrtps_cpp.hpp
[1.675s] -- Up-to-date: /home/sentry/Wolf-Moon/install/auto_aim_interfaces/include/auto_aim_interfaces/msg/detail/serial__rosidl_typesupport_fastrtps_cpp.hpp
[1.675s] -- Up-to-date: /home/sentry/Wolf-Moon/install/auto_aim_interfaces/include/auto_aim_interfaces/msg/detail/dds_fastrtps
[1.675s] -- Up-to-date: /home/sentry/Wolf-Moon/install/auto_aim_interfaces/include/auto_aim_interfaces/msg/detail/state__rosidl_typesupport_fastrtps_cpp.hpp
[1.676s] -- Up-to-date: /home/sentry/Wolf-Moon/install/auto_aim_interfaces/include/auto_aim_interfaces/msg/rosidl_typesupport_fastrtps_cpp__visibility_control.h
[1.676s] -- Up-to-date: /home/sentry/Wolf-Moon/install/auto_aim_interfaces/lib/libauto_aim_interfaces__rosidl_typesupport_fastrtps_cpp.so
[1.676s] -- Up-to-date: /home/sentry/Wolf-Moon/install/auto_aim_interfaces/include/auto_aim_interfaces
[1.676s] -- Up-to-date: /home/sentry/Wolf-Moon/install/auto_aim_interfaces/include/auto_aim_interfaces/msg
[1.676s] -- Up-to-date: /home/sentry/Wolf-Moon/install/auto_aim_interfaces/include/auto_aim_interfaces/msg/rosidl_typesupport_introspection_c__visibility_control.h
[1.676s] -- Up-to-date: /home/sentry/Wolf-Moon/install/auto_aim_interfaces/include/auto_aim_interfaces/msg/detail
[1.677s] -- Up-to-date: /home/sentry/Wolf-Moon/install/auto_aim_interfaces/include/auto_aim_interfaces/msg/detail/gimbal__type_support.c
[1.677s] -- Up-to-date: /home/sentry/Wolf-Moon/install/auto_aim_interfaces/include/auto_aim_interfaces/msg/detail/uart__type_support.c
[1.677s] -- Up-to-date: /home/sentry/Wolf-Moon/install/auto_aim_interfaces/include/auto_aim_interfaces/msg/detail/serial__type_support.c
[1.677s] -- Up-to-date: /home/sentry/Wolf-Moon/install/auto_aim_interfaces/include/auto_aim_interfaces/msg/detail/state__rosidl_typesupport_introspection_c.h
[1.677s] -- Up-to-date: /home/sentry/Wolf-Moon/install/auto_aim_interfaces/include/auto_aim_interfaces/msg/detail/serial__rosidl_typesupport_introspection_c.h
[1.677s] -- Up-to-date: /home/sentry/Wolf-Moon/install/auto_aim_interfaces/include/auto_aim_interfaces/msg/detail/state__type_support.c
[1.677s] -- Up-to-date: /home/sentry/Wolf-Moon/install/auto_aim_interfaces/include/auto_aim_interfaces/msg/detail/gimbal__rosidl_typesupport_introspection_c.h
[1.678s] -- Up-to-date: /home/sentry/Wolf-Moon/install/auto_aim_interfaces/include/auto_aim_interfaces/msg/detail/point2f__rosidl_typesupport_introspection_c.h
[1.678s] -- Up-to-date: /home/sentry/Wolf-Moon/install/auto_aim_interfaces/include/auto_aim_interfaces/msg/detail/armors__rosidl_typesupport_introspection_c.h
[1.678s] -- Up-to-date: /home/sentry/Wolf-Moon/install/auto_aim_interfaces/include/auto_aim_interfaces/msg/detail/uart__rosidl_typesupport_introspection_c.h
[1.678s] -- Up-to-date: /home/sentry/Wolf-Moon/install/auto_aim_interfaces/include/auto_aim_interfaces/msg/detail/armor__type_support.c
[1.678s] -- Up-to-date: /home/sentry/Wolf-Moon/install/auto_aim_interfaces/include/auto_aim_interfaces/msg/detail/point2f__type_support.c
[1.678s] -- Up-to-date: /home/sentry/Wolf-Moon/install/auto_aim_interfaces/include/auto_aim_interfaces/msg/detail/armors__type_support.c
[1.678s] -- Up-to-date: /home/sentry/Wolf-Moon/install/auto_aim_interfaces/include/auto_aim_interfaces/msg/detail/armor__rosidl_typesupport_introspection_c.h
[1.679s] -- Up-to-date: /home/sentry/Wolf-Moon/install/auto_aim_interfaces/lib/libauto_aim_interfaces__rosidl_typesupport_introspection_c.so
[1.679s] -- Up-to-date: /home/sentry/Wolf-Moon/install/auto_aim_interfaces/lib/libauto_aim_interfaces__rosidl_typesupport_c.so
[1.679s] -- Up-to-date: /home/sentry/Wolf-Moon/install/auto_aim_interfaces/include/auto_aim_interfaces
[1.679s] -- Up-to-date: /home/sentry/Wolf-Moon/install/auto_aim_interfaces/include/auto_aim_interfaces/msg
[1.679s] -- Up-to-date: /home/sentry/Wolf-Moon/install/auto_aim_interfaces/include/auto_aim_interfaces/msg/gimbal.hpp
[1.679s] -- Up-to-date: /home/sentry/Wolf-Moon/install/auto_aim_interfaces/include/auto_aim_interfaces/msg/point2f.hpp
[1.679s] -- Up-to-date: /home/sentry/Wolf-Moon/install/auto_aim_interfaces/include/auto_aim_interfaces/msg/armors.hpp
[1.679s] -- Up-to-date: /home/sentry/Wolf-Moon/install/auto_aim_interfaces/include/auto_aim_interfaces/msg/serial.hpp
[1.679s] -- Up-to-date: /home/sentry/Wolf-Moon/install/auto_aim_interfaces/include/auto_aim_interfaces/msg/detail
[1.680s] -- Up-to-date: /home/sentry/Wolf-Moon/install/auto_aim_interfaces/include/auto_aim_interfaces/msg/detail/gimbal__struct.hpp
[1.680s] -- Up-to-date: /home/sentry/Wolf-Moon/install/auto_aim_interfaces/include/auto_aim_interfaces/msg/detail/serial__struct.hpp
[1.680s] -- Up-to-date: /home/sentry/Wolf-Moon/install/auto_aim_interfaces/include/auto_aim_interfaces/msg/detail/uart__traits.hpp
[1.681s] -- Up-to-date: /home/sentry/Wolf-Moon/install/auto_aim_interfaces/include/auto_aim_interfaces/msg/detail/state__struct.hpp
[1.681s] -- Up-to-date: /home/sentry/Wolf-Moon/install/auto_aim_interfaces/include/auto_aim_interfaces/msg/detail/armors__builder.hpp
[1.681s] -- Up-to-date: /home/sentry/Wolf-Moon/install/auto_aim_interfaces/include/auto_aim_interfaces/msg/detail/armors__traits.hpp
[1.681s] -- Up-to-date: /home/sentry/Wolf-Moon/install/auto_aim_interfaces/include/auto_aim_interfaces/msg/detail/serial__traits.hpp
[1.681s] -- Up-to-date: /home/sentry/Wolf-Moon/install/auto_aim_interfaces/include/auto_aim_interfaces/msg/detail/point2f__struct.hpp
[1.681s] -- Up-to-date: /home/sentry/Wolf-Moon/install/auto_aim_interfaces/include/auto_aim_interfaces/msg/detail/armor__struct.hpp
[1.682s] -- Up-to-date: /home/sentry/Wolf-Moon/install/auto_aim_interfaces/include/auto_aim_interfaces/msg/detail/point2f__traits.hpp
[1.682s] -- Up-to-date: /home/sentry/Wolf-Moon/install/auto_aim_interfaces/include/auto_aim_interfaces/msg/detail/gimbal__builder.hpp
[1.682s] -- Up-to-date: /home/sentry/Wolf-Moon/install/auto_aim_interfaces/include/auto_aim_interfaces/msg/detail/armor__builder.hpp
[1.682s] -- Up-to-date: /home/sentry/Wolf-Moon/install/auto_aim_interfaces/include/auto_aim_interfaces/msg/detail/gimbal__traits.hpp
[1.682s] -- Up-to-date: /home/sentry/Wolf-Moon/install/auto_aim_interfaces/include/auto_aim_interfaces/msg/detail/state__traits.hpp
[1.682s] -- Up-to-date: /home/sentry/Wolf-Moon/install/auto_aim_interfaces/include/auto_aim_interfaces/msg/detail/uart__builder.hpp
[1.682s] -- Up-to-date: /home/sentry/Wolf-Moon/install/auto_aim_interfaces/include/auto_aim_interfaces/msg/detail/armors__struct.hpp
[1.682s] -- Up-to-date: /home/sentry/Wolf-Moon/install/auto_aim_interfaces/include/auto_aim_interfaces/msg/detail/uart__struct.hpp
[1.682s] -- Up-to-date: /home/sentry/Wolf-Moon/install/auto_aim_interfaces/include/auto_aim_interfaces/msg/detail/point2f__builder.hpp
[1.682s] -- Up-to-date: /home/sentry/Wolf-Moon/install/auto_aim_interfaces/include/auto_aim_interfaces/msg/detail/state__builder.hpp
[1.683s] -- Up-to-date: /home/sentry/Wolf-Moon/install/auto_aim_interfaces/include/auto_aim_interfaces/msg/detail/armor__traits.hpp
[1.683s] -- Up-to-date: /home/sentry/Wolf-Moon/install/auto_aim_interfaces/include/auto_aim_interfaces/msg/detail/serial__builder.hpp
[1.683s] -- Up-to-date: /home/sentry/Wolf-Moon/install/auto_aim_interfaces/include/auto_aim_interfaces/msg/state.hpp
[1.683s] -- Up-to-date: /home/sentry/Wolf-Moon/install/auto_aim_interfaces/include/auto_aim_interfaces/msg/uart.hpp
[1.683s] -- Up-to-date: /home/sentry/Wolf-Moon/install/auto_aim_interfaces/include/auto_aim_interfaces/msg/armor.hpp
[1.683s] -- Up-to-date: /home/sentry/Wolf-Moon/install/auto_aim_interfaces/include/auto_aim_interfaces
[1.683s] -- Up-to-date: /home/sentry/Wolf-Moon/install/auto_aim_interfaces/include/auto_aim_interfaces/msg
[1.683s] -- Up-to-date: /home/sentry/Wolf-Moon/install/auto_aim_interfaces/include/auto_aim_interfaces/msg/detail
[1.683s] -- Up-to-date: /home/sentry/Wolf-Moon/install/auto_aim_interfaces/include/auto_aim_interfaces/msg/detail/gimbal__rosidl_typesupport_introspection_cpp.hpp
[1.684s] -- Up-to-date: /home/sentry/Wolf-Moon/install/auto_aim_interfaces/include/auto_aim_interfaces/msg/detail/armor__rosidl_typesupport_introspection_cpp.hpp
[1.684s] -- Up-to-date: /home/sentry/Wolf-Moon/install/auto_aim_interfaces/include/auto_aim_interfaces/msg/detail/point2f__rosidl_typesupport_introspection_cpp.hpp
[1.684s] -- Up-to-date: /home/sentry/Wolf-Moon/install/auto_aim_interfaces/include/auto_aim_interfaces/msg/detail/serial__rosidl_typesupport_introspection_cpp.hpp
[1.684s] -- Up-to-date: /home/sentry/Wolf-Moon/install/auto_aim_interfaces/include/auto_aim_interfaces/msg/detail/gimbal__type_support.cpp
[1.684s] -- Up-to-date: /home/sentry/Wolf-Moon/install/auto_aim_interfaces/include/auto_aim_interfaces/msg/detail/armor__type_support.cpp
[1.684s] -- Up-to-date: /home/sentry/Wolf-Moon/install/auto_aim_interfaces/include/auto_aim_interfaces/msg/detail/point2f__type_support.cpp
[1.685s] -- Up-to-date: /home/sentry/Wolf-Moon/install/auto_aim_interfaces/include/auto_aim_interfaces/msg/detail/armors__rosidl_typesupport_introspection_cpp.hpp
[1.685s] -- Up-to-date: /home/sentry/Wolf-Moon/install/auto_aim_interfaces/include/auto_aim_interfaces/msg/detail/uart__rosidl_typesupport_introspection_cpp.hpp
[1.686s] -- Up-to-date: /home/sentry/Wolf-Moon/install/auto_aim_interfaces/include/auto_aim_interfaces/msg/detail/state__type_support.cpp
[1.686s] -- Up-to-date: /home/sentry/Wolf-Moon/install/auto_aim_interfaces/include/auto_aim_interfaces/msg/detail/uart__type_support.cpp
[1.686s] -- Up-to-date: /home/sentry/Wolf-Moon/install/auto_aim_interfaces/include/auto_aim_interfaces/msg/detail/armors__type_support.cpp
[1.686s] -- Up-to-date: /home/sentry/Wolf-Moon/install/auto_aim_interfaces/include/auto_aim_interfaces/msg/detail/state__rosidl_typesupport_introspection_cpp.hpp
[1.686s] -- Up-to-date: /home/sentry/Wolf-Moon/install/auto_aim_interfaces/include/auto_aim_interfaces/msg/detail/serial__type_support.cpp
[1.686s] -- Up-to-date: /home/sentry/Wolf-Moon/install/auto_aim_interfaces/lib/libauto_aim_interfaces__rosidl_typesupport_introspection_cpp.so
[1.686s] -- Up-to-date: /home/sentry/Wolf-Moon/install/auto_aim_interfaces/lib/libauto_aim_interfaces__rosidl_typesupport_cpp.so
[1.687s] -- Up-to-date: /home/sentry/Wolf-Moon/install/auto_aim_interfaces/share/auto_aim_interfaces/environment/pythonpath.sh
[1.687s] -- Up-to-date: /home/sentry/Wolf-Moon/install/auto_aim_interfaces/share/auto_aim_interfaces/environment/pythonpath.dsv
[1.687s] -- Up-to-date: /home/sentry/Wolf-Moon/install/auto_aim_interfaces/lib/python3.8/site-packages/auto_aim_interfaces/__init__.py
[1.735s] -- Up-to-date: /home/sentry/Wolf-Moon/install/auto_aim_interfaces/lib/python3.8/site-packages/auto_aim_interfaces/msg
[1.735s] -- Up-to-date: /home/sentry/Wolf-Moon/install/auto_aim_interfaces/lib/python3.8/site-packages/auto_aim_interfaces/msg/_gimbal.py
[1.735s] -- Up-to-date: /home/sentry/Wolf-Moon/install/auto_aim_interfaces/lib/python3.8/site-packages/auto_aim_interfaces/msg/_state_s.c
[1.735s] -- Up-to-date: /home/sentry/Wolf-Moon/install/auto_aim_interfaces/lib/python3.8/site-packages/auto_aim_interfaces/msg/_armors.py
[1.735s] -- Up-to-date: /home/sentry/Wolf-Moon/install/auto_aim_interfaces/lib/python3.8/site-packages/auto_aim_interfaces/msg/__init__.py
[1.735s] -- Up-to-date: /home/sentry/Wolf-Moon/install/auto_aim_interfaces/lib/python3.8/site-packages/auto_aim_interfaces/msg/_state.py
[1.735s] -- Up-to-date: /home/sentry/Wolf-Moon/install/auto_aim_interfaces/lib/python3.8/site-packages/auto_aim_interfaces/msg/_serial.py
[1.735s] -- Up-to-date: /home/sentry/Wolf-Moon/install/auto_aim_interfaces/lib/python3.8/site-packages/auto_aim_interfaces/msg/_point2f.py
[1.736s] -- Up-to-date: /home/sentry/Wolf-Moon/install/auto_aim_interfaces/lib/python3.8/site-packages/auto_aim_interfaces/msg/_gimbal_s.c
[1.736s] -- Up-to-date: /home/sentry/Wolf-Moon/install/auto_aim_interfaces/lib/python3.8/site-packages/auto_aim_interfaces/msg/_armor.py
[1.736s] -- Up-to-date: /home/sentry/Wolf-Moon/install/auto_aim_interfaces/lib/python3.8/site-packages/auto_aim_interfaces/msg/_armors_s.c
[1.736s] -- Up-to-date: /home/sentry/Wolf-Moon/install/auto_aim_interfaces/lib/python3.8/site-packages/auto_aim_interfaces/msg/_serial_s.c
[1.736s] -- Up-to-date: /home/sentry/Wolf-Moon/install/auto_aim_interfaces/lib/python3.8/site-packages/auto_aim_interfaces/msg/_point2f_s.c
[1.736s] -- Up-to-date: /home/sentry/Wolf-Moon/install/auto_aim_interfaces/lib/python3.8/site-packages/auto_aim_interfaces/msg/_armor_s.c
[1.736s] -- Up-to-date: /home/sentry/Wolf-Moon/install/auto_aim_interfaces/lib/python3.8/site-packages/auto_aim_interfaces/msg/_uart_s.c
[1.736s] -- Up-to-date: /home/sentry/Wolf-Moon/install/auto_aim_interfaces/lib/python3.8/site-packages/auto_aim_interfaces/msg/_uart.py
[1.736s] -- Up-to-date: /home/sentry/Wolf-Moon/install/auto_aim_interfaces/lib/python3.8/site-packages/auto_aim_interfaces/auto_aim_interfaces_s__rosidl_typesupport_fastrtps_c.cpython-38-x86_64-linux-gnu.so
[1.736s] -- Up-to-date: /home/sentry/Wolf-Moon/install/auto_aim_interfaces/lib/python3.8/site-packages/auto_aim_interfaces/auto_aim_interfaces_s__rosidl_typesupport_introspection_c.cpython-38-x86_64-linux-gnu.so
[1.738s] -- Up-to-date: /home/sentry/Wolf-Moon/install/auto_aim_interfaces/lib/python3.8/site-packages/auto_aim_interfaces/auto_aim_interfaces_s__rosidl_typesupport_c.cpython-38-x86_64-linux-gnu.so
[1.740s] -- Up-to-date: /home/sentry/Wolf-Moon/install/auto_aim_interfaces/lib/libauto_aim_interfaces__python.so
[1.740s] -- Up-to-date: /home/sentry/Wolf-Moon/install/auto_aim_interfaces/share/auto_aim_interfaces/msg/Armor.idl
[1.740s] -- Up-to-date: /home/sentry/Wolf-Moon/install/auto_aim_interfaces/share/auto_aim_interfaces/msg/Armors.idl
[1.740s] -- Up-to-date: /home/sentry/Wolf-Moon/install/auto_aim_interfaces/share/auto_aim_interfaces/msg/Gimbal.idl
[1.740s] -- Up-to-date: /home/sentry/Wolf-Moon/install/auto_aim_interfaces/share/auto_aim_interfaces/msg/Serial.idl
[1.741s] -- Up-to-date: /home/sentry/Wolf-Moon/install/auto_aim_interfaces/share/auto_aim_interfaces/msg/Point2f.idl
[1.741s] -- Up-to-date: /home/sentry/Wolf-Moon/install/auto_aim_interfaces/share/auto_aim_interfaces/msg/State.idl
[1.741s] -- Up-to-date: /home/sentry/Wolf-Moon/install/auto_aim_interfaces/share/auto_aim_interfaces/msg/Uart.idl
[1.741s] -- Up-to-date: /home/sentry/Wolf-Moon/install/auto_aim_interfaces/share/auto_aim_interfaces/msg/Armor.msg
[1.741s] -- Up-to-date: /home/sentry/Wolf-Moon/install/auto_aim_interfaces/share/auto_aim_interfaces/msg/Armors.msg
[1.741s] -- Up-to-date: /home/sentry/Wolf-Moon/install/auto_aim_interfaces/share/auto_aim_interfaces/msg/Gimbal.msg
[1.741s] -- Up-to-date: /home/sentry/Wolf-Moon/install/auto_aim_interfaces/share/auto_aim_interfaces/msg/Serial.msg
[1.741s] -- Up-to-date: /home/sentry/Wolf-Moon/install/auto_aim_interfaces/share/auto_aim_interfaces/msg/Point2f.msg
[1.741s] -- Up-to-date: /home/sentry/Wolf-Moon/install/auto_aim_interfaces/share/auto_aim_interfaces/msg/State.msg
[1.742s] -- Up-to-date: /home/sentry/Wolf-Moon/install/auto_aim_interfaces/share/auto_aim_interfaces/msg/Uart.msg
[1.742s] -- Up-to-date: /home/sentry/Wolf-Moon/install/auto_aim_interfaces/share/ament_index/resource_index/package_run_dependencies/auto_aim_interfaces
[1.742s] -- Up-to-date: /home/sentry/Wolf-Moon/install/auto_aim_interfaces/share/ament_index/resource_index/parent_prefix_path/auto_aim_interfaces
[1.743s] -- Up-to-date: /home/sentry/Wolf-Moon/install/auto_aim_interfaces/share/auto_aim_interfaces/environment/ament_prefix_path.sh
[1.743s] -- Up-to-date: /home/sentry/Wolf-Moon/install/auto_aim_interfaces/share/auto_aim_interfaces/environment/ament_prefix_path.dsv
[1.747s] -- Up-to-date: /home/sentry/Wolf-Moon/install/auto_aim_interfaces/share/auto_aim_interfaces/environment/path.sh
[1.747s] -- Up-to-date: /home/sentry/Wolf-Moon/install/auto_aim_interfaces/share/auto_aim_interfaces/environment/path.dsv
[1.747s] -- Up-to-date: /home/sentry/Wolf-Moon/install/auto_aim_interfaces/share/auto_aim_interfaces/local_setup.bash
[1.747s] -- Up-to-date: /home/sentry/Wolf-Moon/install/auto_aim_interfaces/share/auto_aim_interfaces/local_setup.sh
[1.747s] -- Up-to-date: /home/sentry/Wolf-Moon/install/auto_aim_interfaces/share/auto_aim_interfaces/local_setup.zsh
[1.747s] -- Up-to-date: /home/sentry/Wolf-Moon/install/auto_aim_interfaces/share/auto_aim_interfaces/local_setup.dsv
[1.747s] -- Installing: /home/sentry/Wolf-Moon/install/auto_aim_interfaces/share/auto_aim_interfaces/package.dsv
[1.747s] -- Up-to-date: /home/sentry/Wolf-Moon/install/auto_aim_interfaces/share/ament_index/resource_index/packages/auto_aim_interfaces
[1.748s] -- Up-to-date: /home/sentry/Wolf-Moon/install/auto_aim_interfaces/share/auto_aim_interfaces/cmake/auto_aim_interfaces__rosidl_generator_cExport.cmake
[1.748s] -- Up-to-date: /home/sentry/Wolf-Moon/install/auto_aim_interfaces/share/auto_aim_interfaces/cmake/auto_aim_interfaces__rosidl_generator_cExport-noconfig.cmake
[1.748s] -- Up-to-date: /home/sentry/Wolf-Moon/install/auto_aim_interfaces/share/auto_aim_interfaces/cmake/auto_aim_interfaces__rosidl_typesupport_introspection_cExport.cmake
[1.748s] -- Up-to-date: /home/sentry/Wolf-Moon/install/auto_aim_interfaces/share/auto_aim_interfaces/cmake/auto_aim_interfaces__rosidl_typesupport_introspection_cExport-noconfig.cmake
[1.748s] -- Up-to-date: /home/sentry/Wolf-Moon/install/auto_aim_interfaces/share/auto_aim_interfaces/cmake/auto_aim_interfaces__rosidl_typesupport_cExport.cmake
[1.748s] -- Up-to-date: /home/sentry/Wolf-Moon/install/auto_aim_interfaces/share/auto_aim_interfaces/cmake/auto_aim_interfaces__rosidl_typesupport_cExport-noconfig.cmake
[1.748s] -- Up-to-date: /home/sentry/Wolf-Moon/install/auto_aim_interfaces/share/auto_aim_interfaces/cmake/auto_aim_interfaces__rosidl_generator_cppExport.cmake
[1.748s] -- Up-to-date: /home/sentry/Wolf-Moon/install/auto_aim_interfaces/share/auto_aim_interfaces/cmake/auto_aim_interfaces__rosidl_typesupport_introspection_cppExport.cmake
[1.748s] -- Up-to-date: /home/sentry/Wolf-Moon/install/auto_aim_interfaces/share/auto_aim_interfaces/cmake/auto_aim_interfaces__rosidl_typesupport_introspection_cppExport-noconfig.cmake
[1.748s] -- Up-to-date: /home/sentry/Wolf-Moon/install/auto_aim_interfaces/share/auto_aim_interfaces/cmake/auto_aim_interfaces__rosidl_typesupport_cppExport.cmake
[1.748s] -- Up-to-date: /home/sentry/Wolf-Moon/install/auto_aim_interfaces/share/auto_aim_interfaces/cmake/auto_aim_interfaces__rosidl_typesupport_cppExport-noconfig.cmake
[1.749s] -- Up-to-date: /home/sentry/Wolf-Moon/install/auto_aim_interfaces/share/auto_aim_interfaces/cmake/rosidl_cmake-extras.cmake
[1.749s] -- Up-to-date: /home/sentry/Wolf-Moon/install/auto_aim_interfaces/share/auto_aim_interfaces/cmake/ament_cmake_export_dependencies-extras.cmake
[1.749s] -- Up-to-date: /home/sentry/Wolf-Moon/install/auto_aim_interfaces/share/auto_aim_interfaces/cmake/ament_cmake_export_libraries-extras.cmake
[1.749s] -- Up-to-date: /home/sentry/Wolf-Moon/install/auto_aim_interfaces/share/auto_aim_interfaces/cmake/ament_cmake_export_targets-extras.cmake
[1.749s] -- Up-to-date: /home/sentry/Wolf-Moon/install/auto_aim_interfaces/share/auto_aim_interfaces/cmake/ament_cmake_export_include_directories-extras.cmake
[1.749s] -- Up-to-date: /home/sentry/Wolf-Moon/install/auto_aim_interfaces/share/auto_aim_interfaces/cmake/rosidl_cmake_export_typesupport_libraries-extras.cmake
[1.749s] -- Up-to-date: /home/sentry/Wolf-Moon/install/auto_aim_interfaces/share/auto_aim_interfaces/cmake/rosidl_cmake_export_typesupport_targets-extras.cmake
[1.749s] -- Up-to-date: /home/sentry/Wolf-Moon/install/auto_aim_interfaces/share/auto_aim_interfaces/cmake/auto_aim_interfacesConfig.cmake
[1.749s] -- Up-to-date: /home/sentry/Wolf-Moon/install/auto_aim_interfaces/share/auto_aim_interfaces/cmake/auto_aim_interfacesConfig-version.cmake
[1.749s] -- Up-to-date: /home/sentry/Wolf-Moon/install/auto_aim_interfaces/share/auto_aim_interfaces/package.xml
[1.752s] Invoked command in '/home/sentry/Wolf-Moon/build/auto_aim_interfaces' returned '0': CMAKE_PREFIX_PATH=${CMAKE_PREFIX_PATH}:/home/sentry/Wolf-Moon/install/fake_msg_publisher:/opt/ros/galactic /usr/bin/cmake --install /home/sentry/Wolf-Moon/build/auto_aim_interfaces
