[0.055s] Invoking command in '/home/sentry/Wolf-Moon/build/ig_lio_c_msgs': CMAKE_PREFIX_PATH=/opt/ros/galactic /usr/bin/cmake --build /home/sentry/Wolf-Moon/build/ig_lio_c_msgs -- -j12 -l12
[0.149s] [  4%] Built target ig_lio_c_msgs__cpp
[0.151s] [ 12%] Built target ig_lio_c_msgs__rosidl_generator_c
[0.209s] [ 23%] Built target ig_lio_c_msgs__rosidl_typesupport_introspection_cpp
[0.230s] [ 34%] Built target ig_lio_c_msgs__rosidl_typesupport_cpp
[0.234s] [ 44%] Built target ig_lio_c_msgs__rosidl_typesupport_fastrtps_cpp
[0.285s] [ 55%] Built target ig_lio_c_msgs__rosidl_typesupport_introspection_c
[0.285s] [ 65%] Built target ig_lio_c_msgs__rosidl_typesupport_c
[0.322s] [ 76%] Built target ig_lio_c_msgs__rosidl_typesupport_fastrtps_c
[0.376s] [ 76%] Built target ig_lio_c_msgs
[0.424s] [ 78%] Built target ig_lio_c_msgs__py
[0.459s] [ 87%] Built target ig_lio_c_msgs__python
[0.525s] [ 91%] Built target ig_lio_c_msgs__rosidl_typesupport_c__pyext
[0.543s] [ 95%] Built target ig_lio_c_msgs__rosidl_typesupport_fastrtps_c__pyext
[0.551s] [100%] Built target ig_lio_c_msgs__rosidl_typesupport_introspection_c__pyext
[0.577s] Invoked command in '/home/sentry/Wolf-Moon/build/ig_lio_c_msgs' returned '0': CMAKE_PREFIX_PATH=/opt/ros/galactic /usr/bin/cmake --build /home/sentry/Wolf-Moon/build/ig_lio_c_msgs -- -j12 -l12
[0.582s] Invoking command in '/home/sentry/Wolf-Moon/build/ig_lio_c_msgs': CMAKE_PREFIX_PATH=/opt/ros/galactic /usr/bin/cmake --install /home/sentry/Wolf-Moon/build/ig_lio_c_msgs
[0.602s] -- Install configuration: "Release"
[0.603s] -- Up-to-date: /home/sentry/Wolf-Moon/install/ig_lio_c_msgs/share/ament_index/resource_index/rosidl_interfaces/ig_lio_c_msgs
[0.603s] -- Up-to-date: /home/sentry/Wolf-Moon/install/ig_lio_c_msgs/include/ig_lio_c_msgs
[0.604s] -- Up-to-date: /home/sentry/Wolf-Moon/install/ig_lio_c_msgs/include/ig_lio_c_msgs/msg
[0.604s] -- Up-to-date: /home/sentry/Wolf-Moon/install/ig_lio_c_msgs/include/ig_lio_c_msgs/msg/rosidl_generator_c__visibility_control.h
[0.604s] -- Up-to-date: /home/sentry/Wolf-Moon/install/ig_lio_c_msgs/include/ig_lio_c_msgs/srv
[0.604s] -- Up-to-date: /home/sentry/Wolf-Moon/install/ig_lio_c_msgs/include/ig_lio_c_msgs/srv/re_loc.h
[0.605s] -- Up-to-date: /home/sentry/Wolf-Moon/install/ig_lio_c_msgs/include/ig_lio_c_msgs/srv/save_map.h
[0.605s] -- Up-to-date: /home/sentry/Wolf-Moon/install/ig_lio_c_msgs/include/ig_lio_c_msgs/srv/detail
[0.605s] -- Up-to-date: /home/sentry/Wolf-Moon/install/ig_lio_c_msgs/include/ig_lio_c_msgs/srv/detail/re_loc__type_support.h
[0.605s] -- Up-to-date: /home/sentry/Wolf-Moon/install/ig_lio_c_msgs/include/ig_lio_c_msgs/srv/detail/covert_map__functions.h
[0.605s] -- Up-to-date: /home/sentry/Wolf-Moon/install/ig_lio_c_msgs/include/ig_lio_c_msgs/srv/detail/re_loc__functions.h
[0.605s] -- Up-to-date: /home/sentry/Wolf-Moon/install/ig_lio_c_msgs/include/ig_lio_c_msgs/srv/detail/re_loc__struct.h
[0.605s] -- Up-to-date: /home/sentry/Wolf-Moon/install/ig_lio_c_msgs/include/ig_lio_c_msgs/srv/detail/save_map__struct.h
[0.605s] -- Up-to-date: /home/sentry/Wolf-Moon/install/ig_lio_c_msgs/include/ig_lio_c_msgs/srv/detail/re_loc__functions.c
[0.605s] -- Up-to-date: /home/sentry/Wolf-Moon/install/ig_lio_c_msgs/include/ig_lio_c_msgs/srv/detail/save_map__functions.h
[0.605s] -- Up-to-date: /home/sentry/Wolf-Moon/install/ig_lio_c_msgs/include/ig_lio_c_msgs/srv/detail/save_map__functions.c
[0.606s] -- Up-to-date: /home/sentry/Wolf-Moon/install/ig_lio_c_msgs/include/ig_lio_c_msgs/srv/detail/save_map__type_support.h
[0.606s] -- Up-to-date: /home/sentry/Wolf-Moon/install/ig_lio_c_msgs/include/ig_lio_c_msgs/srv/detail/covert_map__functions.c
[0.606s] -- Up-to-date: /home/sentry/Wolf-Moon/install/ig_lio_c_msgs/include/ig_lio_c_msgs/srv/detail/covert_map__struct.h
[0.606s] -- Up-to-date: /home/sentry/Wolf-Moon/install/ig_lio_c_msgs/include/ig_lio_c_msgs/srv/detail/covert_map__type_support.h
[0.606s] -- Up-to-date: /home/sentry/Wolf-Moon/install/ig_lio_c_msgs/include/ig_lio_c_msgs/srv/covert_map.h
[0.606s] -- Up-to-date: /home/sentry/Wolf-Moon/install/ig_lio_c_msgs/share/ig_lio_c_msgs/environment/library_path.sh
[0.606s] -- Up-to-date: /home/sentry/Wolf-Moon/install/ig_lio_c_msgs/share/ig_lio_c_msgs/environment/library_path.dsv
[0.606s] -- Up-to-date: /home/sentry/Wolf-Moon/install/ig_lio_c_msgs/lib/libig_lio_c_msgs__rosidl_generator_c.so
[0.606s] -- Up-to-date: /home/sentry/Wolf-Moon/install/ig_lio_c_msgs/include/ig_lio_c_msgs
[0.606s] -- Up-to-date: /home/sentry/Wolf-Moon/install/ig_lio_c_msgs/include/ig_lio_c_msgs/msg
[0.607s] -- Up-to-date: /home/sentry/Wolf-Moon/install/ig_lio_c_msgs/include/ig_lio_c_msgs/msg/rosidl_typesupport_fastrtps_c__visibility_control.h
[0.607s] -- Up-to-date: /home/sentry/Wolf-Moon/install/ig_lio_c_msgs/include/ig_lio_c_msgs/srv
[0.607s] -- Up-to-date: /home/sentry/Wolf-Moon/install/ig_lio_c_msgs/include/ig_lio_c_msgs/srv/detail
[0.607s] -- Up-to-date: /home/sentry/Wolf-Moon/install/ig_lio_c_msgs/include/ig_lio_c_msgs/srv/detail/covert_map__rosidl_typesupport_fastrtps_c.h
[0.607s] -- Up-to-date: /home/sentry/Wolf-Moon/install/ig_lio_c_msgs/include/ig_lio_c_msgs/srv/detail/save_map__rosidl_typesupport_fastrtps_c.h
[0.607s] -- Up-to-date: /home/sentry/Wolf-Moon/install/ig_lio_c_msgs/include/ig_lio_c_msgs/srv/detail/re_loc__rosidl_typesupport_fastrtps_c.h
[0.607s] -- Up-to-date: /home/sentry/Wolf-Moon/install/ig_lio_c_msgs/lib/libig_lio_c_msgs__rosidl_typesupport_fastrtps_c.so
[0.607s] -- Up-to-date: /home/sentry/Wolf-Moon/install/ig_lio_c_msgs/include/ig_lio_c_msgs
[0.607s] -- Up-to-date: /home/sentry/Wolf-Moon/install/ig_lio_c_msgs/include/ig_lio_c_msgs/msg
[0.607s] -- Up-to-date: /home/sentry/Wolf-Moon/install/ig_lio_c_msgs/include/ig_lio_c_msgs/msg/rosidl_typesupport_fastrtps_cpp__visibility_control.h
[0.607s] -- Up-to-date: /home/sentry/Wolf-Moon/install/ig_lio_c_msgs/include/ig_lio_c_msgs/srv
[0.609s] -- Up-to-date: /home/sentry/Wolf-Moon/install/ig_lio_c_msgs/include/ig_lio_c_msgs/srv/detail
[0.609s] -- Up-to-date: /home/sentry/Wolf-Moon/install/ig_lio_c_msgs/include/ig_lio_c_msgs/srv/detail/save_map__rosidl_typesupport_fastrtps_cpp.hpp
[0.610s] -- Up-to-date: /home/sentry/Wolf-Moon/install/ig_lio_c_msgs/include/ig_lio_c_msgs/srv/detail/re_loc__rosidl_typesupport_fastrtps_cpp.hpp
[0.610s] -- Up-to-date: /home/sentry/Wolf-Moon/install/ig_lio_c_msgs/include/ig_lio_c_msgs/srv/detail/covert_map__rosidl_typesupport_fastrtps_cpp.hpp
[0.610s] -- Up-to-date: /home/sentry/Wolf-Moon/install/ig_lio_c_msgs/include/ig_lio_c_msgs/srv/detail/dds_fastrtps
[0.610s] -- Up-to-date: /home/sentry/Wolf-Moon/install/ig_lio_c_msgs/lib/libig_lio_c_msgs__rosidl_typesupport_fastrtps_cpp.so
[0.611s] -- Up-to-date: /home/sentry/Wolf-Moon/install/ig_lio_c_msgs/include/ig_lio_c_msgs
[0.611s] -- Up-to-date: /home/sentry/Wolf-Moon/install/ig_lio_c_msgs/include/ig_lio_c_msgs/msg
[0.611s] -- Up-to-date: /home/sentry/Wolf-Moon/install/ig_lio_c_msgs/include/ig_lio_c_msgs/msg/rosidl_typesupport_introspection_c__visibility_control.h
[0.611s] -- Up-to-date: /home/sentry/Wolf-Moon/install/ig_lio_c_msgs/include/ig_lio_c_msgs/srv
[0.611s] -- Up-to-date: /home/sentry/Wolf-Moon/install/ig_lio_c_msgs/include/ig_lio_c_msgs/srv/detail
[0.616s] -- Up-to-date: /home/sentry/Wolf-Moon/install/ig_lio_c_msgs/include/ig_lio_c_msgs/srv/detail/re_loc__rosidl_typesupport_introspection_c.h
[0.617s] -- Up-to-date: /home/sentry/Wolf-Moon/install/ig_lio_c_msgs/include/ig_lio_c_msgs/srv/detail/save_map__rosidl_typesupport_introspection_c.h
[0.617s] -- Up-to-date: /home/sentry/Wolf-Moon/install/ig_lio_c_msgs/include/ig_lio_c_msgs/srv/detail/covert_map__rosidl_typesupport_introspection_c.h
[0.617s] -- Up-to-date: /home/sentry/Wolf-Moon/install/ig_lio_c_msgs/include/ig_lio_c_msgs/srv/detail/re_loc__type_support.c
[0.617s] -- Up-to-date: /home/sentry/Wolf-Moon/install/ig_lio_c_msgs/include/ig_lio_c_msgs/srv/detail/save_map__type_support.c
[0.617s] -- Up-to-date: /home/sentry/Wolf-Moon/install/ig_lio_c_msgs/include/ig_lio_c_msgs/srv/detail/covert_map__type_support.c
[0.617s] -- Up-to-date: /home/sentry/Wolf-Moon/install/ig_lio_c_msgs/lib/libig_lio_c_msgs__rosidl_typesupport_introspection_c.so
[0.617s] -- Up-to-date: /home/sentry/Wolf-Moon/install/ig_lio_c_msgs/lib/libig_lio_c_msgs__rosidl_typesupport_c.so
[0.618s] -- Up-to-date: /home/sentry/Wolf-Moon/install/ig_lio_c_msgs/include/ig_lio_c_msgs
[0.618s] -- Up-to-date: /home/sentry/Wolf-Moon/install/ig_lio_c_msgs/include/ig_lio_c_msgs/srv
[0.618s] -- Up-to-date: /home/sentry/Wolf-Moon/install/ig_lio_c_msgs/include/ig_lio_c_msgs/srv/re_loc.hpp
[0.618s] -- Up-to-date: /home/sentry/Wolf-Moon/install/ig_lio_c_msgs/include/ig_lio_c_msgs/srv/covert_map.hpp
[0.618s] -- Up-to-date: /home/sentry/Wolf-Moon/install/ig_lio_c_msgs/include/ig_lio_c_msgs/srv/save_map.hpp
[0.618s] -- Up-to-date: /home/sentry/Wolf-Moon/install/ig_lio_c_msgs/include/ig_lio_c_msgs/srv/detail
[0.628s] -- Up-to-date: /home/sentry/Wolf-Moon/install/ig_lio_c_msgs/include/ig_lio_c_msgs/srv/detail/covert_map__builder.hpp
[0.628s] -- Up-to-date: /home/sentry/Wolf-Moon/install/ig_lio_c_msgs/include/ig_lio_c_msgs/srv/detail/save_map__traits.hpp
[0.629s] -- Up-to-date: /home/sentry/Wolf-Moon/install/ig_lio_c_msgs/include/ig_lio_c_msgs/srv/detail/save_map__builder.hpp
[0.629s] -- Up-to-date: /home/sentry/Wolf-Moon/install/ig_lio_c_msgs/include/ig_lio_c_msgs/srv/detail/re_loc__struct.hpp
[0.629s] -- Up-to-date: /home/sentry/Wolf-Moon/install/ig_lio_c_msgs/include/ig_lio_c_msgs/srv/detail/covert_map__struct.hpp
[0.629s] -- Up-to-date: /home/sentry/Wolf-Moon/install/ig_lio_c_msgs/include/ig_lio_c_msgs/srv/detail/re_loc__builder.hpp
[0.629s] -- Up-to-date: /home/sentry/Wolf-Moon/install/ig_lio_c_msgs/include/ig_lio_c_msgs/srv/detail/covert_map__traits.hpp
[0.629s] -- Up-to-date: /home/sentry/Wolf-Moon/install/ig_lio_c_msgs/include/ig_lio_c_msgs/srv/detail/re_loc__traits.hpp
[0.629s] -- Up-to-date: /home/sentry/Wolf-Moon/install/ig_lio_c_msgs/include/ig_lio_c_msgs/srv/detail/save_map__struct.hpp
[0.629s] -- Up-to-date: /home/sentry/Wolf-Moon/install/ig_lio_c_msgs/include/ig_lio_c_msgs
[0.629s] -- Up-to-date: /home/sentry/Wolf-Moon/install/ig_lio_c_msgs/include/ig_lio_c_msgs/srv
[0.629s] -- Up-to-date: /home/sentry/Wolf-Moon/install/ig_lio_c_msgs/include/ig_lio_c_msgs/srv/detail
[0.629s] -- Up-to-date: /home/sentry/Wolf-Moon/install/ig_lio_c_msgs/include/ig_lio_c_msgs/srv/detail/re_loc__type_support.cpp
[0.630s] -- Up-to-date: /home/sentry/Wolf-Moon/install/ig_lio_c_msgs/include/ig_lio_c_msgs/srv/detail/save_map__type_support.cpp
[0.630s] -- Up-to-date: /home/sentry/Wolf-Moon/install/ig_lio_c_msgs/include/ig_lio_c_msgs/srv/detail/covert_map__type_support.cpp
[0.630s] -- Up-to-date: /home/sentry/Wolf-Moon/install/ig_lio_c_msgs/include/ig_lio_c_msgs/srv/detail/save_map__rosidl_typesupport_introspection_cpp.hpp
[0.630s] -- Up-to-date: /home/sentry/Wolf-Moon/install/ig_lio_c_msgs/include/ig_lio_c_msgs/srv/detail/covert_map__rosidl_typesupport_introspection_cpp.hpp
[0.630s] -- Up-to-date: /home/sentry/Wolf-Moon/install/ig_lio_c_msgs/include/ig_lio_c_msgs/srv/detail/re_loc__rosidl_typesupport_introspection_cpp.hpp
[0.630s] -- Up-to-date: /home/sentry/Wolf-Moon/install/ig_lio_c_msgs/lib/libig_lio_c_msgs__rosidl_typesupport_introspection_cpp.so
[0.630s] -- Up-to-date: /home/sentry/Wolf-Moon/install/ig_lio_c_msgs/lib/libig_lio_c_msgs__rosidl_typesupport_cpp.so
[0.630s] -- Up-to-date: /home/sentry/Wolf-Moon/install/ig_lio_c_msgs/share/ig_lio_c_msgs/environment/pythonpath.sh
[0.630s] -- Up-to-date: /home/sentry/Wolf-Moon/install/ig_lio_c_msgs/share/ig_lio_c_msgs/environment/pythonpath.dsv
[0.630s] -- Up-to-date: /home/sentry/Wolf-Moon/install/ig_lio_c_msgs/lib/python3.8/site-packages/ig_lio_c_msgs/__init__.py
[0.655s] -- Up-to-date: /home/sentry/Wolf-Moon/install/ig_lio_c_msgs/lib/python3.8/site-packages/ig_lio_c_msgs/srv
[0.655s] -- Up-to-date: /home/sentry/Wolf-Moon/install/ig_lio_c_msgs/lib/python3.8/site-packages/ig_lio_c_msgs/srv/__init__.py
[0.655s] -- Up-to-date: /home/sentry/Wolf-Moon/install/ig_lio_c_msgs/lib/python3.8/site-packages/ig_lio_c_msgs/srv/_save_map_s.c
[0.655s] -- Up-to-date: /home/sentry/Wolf-Moon/install/ig_lio_c_msgs/lib/python3.8/site-packages/ig_lio_c_msgs/srv/_covert_map_s.c
[0.655s] -- Up-to-date: /home/sentry/Wolf-Moon/install/ig_lio_c_msgs/lib/python3.8/site-packages/ig_lio_c_msgs/srv/_save_map.py
[0.655s] -- Up-to-date: /home/sentry/Wolf-Moon/install/ig_lio_c_msgs/lib/python3.8/site-packages/ig_lio_c_msgs/srv/_re_loc.py
[0.656s] -- Up-to-date: /home/sentry/Wolf-Moon/install/ig_lio_c_msgs/lib/python3.8/site-packages/ig_lio_c_msgs/srv/_re_loc_s.c
[0.656s] -- Up-to-date: /home/sentry/Wolf-Moon/install/ig_lio_c_msgs/lib/python3.8/site-packages/ig_lio_c_msgs/srv/_covert_map.py
[0.656s] -- Up-to-date: /home/sentry/Wolf-Moon/install/ig_lio_c_msgs/lib/python3.8/site-packages/ig_lio_c_msgs/ig_lio_c_msgs_s__rosidl_typesupport_fastrtps_c.cpython-38-x86_64-linux-gnu.so
[0.656s] -- Up-to-date: /home/sentry/Wolf-Moon/install/ig_lio_c_msgs/lib/python3.8/site-packages/ig_lio_c_msgs/ig_lio_c_msgs_s__rosidl_typesupport_introspection_c.cpython-38-x86_64-linux-gnu.so
[0.656s] -- Up-to-date: /home/sentry/Wolf-Moon/install/ig_lio_c_msgs/lib/python3.8/site-packages/ig_lio_c_msgs/ig_lio_c_msgs_s__rosidl_typesupport_c.cpython-38-x86_64-linux-gnu.so
[0.656s] -- Up-to-date: /home/sentry/Wolf-Moon/install/ig_lio_c_msgs/lib/libig_lio_c_msgs__python.so
[0.657s] -- Up-to-date: /home/sentry/Wolf-Moon/install/ig_lio_c_msgs/share/ig_lio_c_msgs/srv/CovertMap.idl
[0.657s] -- Up-to-date: /home/sentry/Wolf-Moon/install/ig_lio_c_msgs/share/ig_lio_c_msgs/srv/SaveMap.idl
[0.657s] -- Up-to-date: /home/sentry/Wolf-Moon/install/ig_lio_c_msgs/share/ig_lio_c_msgs/srv/ReLoc.idl
[0.658s] -- Up-to-date: /home/sentry/Wolf-Moon/install/ig_lio_c_msgs/share/ig_lio_c_msgs/srv/CovertMap.srv
[0.658s] -- Up-to-date: /home/sentry/Wolf-Moon/install/ig_lio_c_msgs/share/ig_lio_c_msgs/srv/CovertMap_Request.msg
[0.658s] -- Up-to-date: /home/sentry/Wolf-Moon/install/ig_lio_c_msgs/share/ig_lio_c_msgs/srv/CovertMap_Response.msg
[0.658s] -- Up-to-date: /home/sentry/Wolf-Moon/install/ig_lio_c_msgs/share/ig_lio_c_msgs/srv/SaveMap.srv
[0.658s] -- Up-to-date: /home/sentry/Wolf-Moon/install/ig_lio_c_msgs/share/ig_lio_c_msgs/srv/SaveMap_Request.msg
[0.658s] -- Up-to-date: /home/sentry/Wolf-Moon/install/ig_lio_c_msgs/share/ig_lio_c_msgs/srv/SaveMap_Response.msg
[0.658s] -- Up-to-date: /home/sentry/Wolf-Moon/install/ig_lio_c_msgs/share/ig_lio_c_msgs/srv/ReLoc.srv
[0.658s] -- Up-to-date: /home/sentry/Wolf-Moon/install/ig_lio_c_msgs/share/ig_lio_c_msgs/srv/ReLoc_Request.msg
[0.658s] -- Up-to-date: /home/sentry/Wolf-Moon/install/ig_lio_c_msgs/share/ig_lio_c_msgs/srv/ReLoc_Response.msg
[0.658s] -- Up-to-date: /home/sentry/Wolf-Moon/install/ig_lio_c_msgs/share/ament_index/resource_index/package_run_dependencies/ig_lio_c_msgs
[0.659s] -- Up-to-date: /home/sentry/Wolf-Moon/install/ig_lio_c_msgs/share/ament_index/resource_index/parent_prefix_path/ig_lio_c_msgs
[0.659s] -- Up-to-date: /home/sentry/Wolf-Moon/install/ig_lio_c_msgs/share/ig_lio_c_msgs/environment/ament_prefix_path.sh
[0.659s] -- Up-to-date: /home/sentry/Wolf-Moon/install/ig_lio_c_msgs/share/ig_lio_c_msgs/environment/ament_prefix_path.dsv
[0.659s] -- Up-to-date: /home/sentry/Wolf-Moon/install/ig_lio_c_msgs/share/ig_lio_c_msgs/environment/path.sh
[0.659s] -- Up-to-date: /home/sentry/Wolf-Moon/install/ig_lio_c_msgs/share/ig_lio_c_msgs/environment/path.dsv
[0.659s] -- Up-to-date: /home/sentry/Wolf-Moon/install/ig_lio_c_msgs/share/ig_lio_c_msgs/local_setup.bash
[0.659s] -- Up-to-date: /home/sentry/Wolf-Moon/install/ig_lio_c_msgs/share/ig_lio_c_msgs/local_setup.sh
[0.659s] -- Up-to-date: /home/sentry/Wolf-Moon/install/ig_lio_c_msgs/share/ig_lio_c_msgs/local_setup.zsh
[0.659s] -- Up-to-date: /home/sentry/Wolf-Moon/install/ig_lio_c_msgs/share/ig_lio_c_msgs/local_setup.dsv
[0.659s] -- Installing: /home/sentry/Wolf-Moon/install/ig_lio_c_msgs/share/ig_lio_c_msgs/package.dsv
[0.660s] -- Up-to-date: /home/sentry/Wolf-Moon/install/ig_lio_c_msgs/share/ament_index/resource_index/packages/ig_lio_c_msgs
[0.660s] -- Up-to-date: /home/sentry/Wolf-Moon/install/ig_lio_c_msgs/share/ig_lio_c_msgs/cmake/ig_lio_c_msgs__rosidl_generator_cExport.cmake
[0.660s] -- Up-to-date: /home/sentry/Wolf-Moon/install/ig_lio_c_msgs/share/ig_lio_c_msgs/cmake/ig_lio_c_msgs__rosidl_generator_cExport-release.cmake
[0.660s] -- Up-to-date: /home/sentry/Wolf-Moon/install/ig_lio_c_msgs/share/ig_lio_c_msgs/cmake/ig_lio_c_msgs__rosidl_typesupport_introspection_cExport.cmake
[0.660s] -- Up-to-date: /home/sentry/Wolf-Moon/install/ig_lio_c_msgs/share/ig_lio_c_msgs/cmake/ig_lio_c_msgs__rosidl_typesupport_introspection_cExport-release.cmake
[0.660s] -- Up-to-date: /home/sentry/Wolf-Moon/install/ig_lio_c_msgs/share/ig_lio_c_msgs/cmake/ig_lio_c_msgs__rosidl_typesupport_cExport.cmake
[0.660s] -- Up-to-date: /home/sentry/Wolf-Moon/install/ig_lio_c_msgs/share/ig_lio_c_msgs/cmake/ig_lio_c_msgs__rosidl_typesupport_cExport-release.cmake
[0.660s] -- Up-to-date: /home/sentry/Wolf-Moon/install/ig_lio_c_msgs/share/ig_lio_c_msgs/cmake/ig_lio_c_msgs__rosidl_generator_cppExport.cmake
[0.660s] -- Up-to-date: /home/sentry/Wolf-Moon/install/ig_lio_c_msgs/share/ig_lio_c_msgs/cmake/ig_lio_c_msgs__rosidl_typesupport_introspection_cppExport.cmake
[0.660s] -- Up-to-date: /home/sentry/Wolf-Moon/install/ig_lio_c_msgs/share/ig_lio_c_msgs/cmake/ig_lio_c_msgs__rosidl_typesupport_introspection_cppExport-release.cmake
[0.661s] -- Up-to-date: /home/sentry/Wolf-Moon/install/ig_lio_c_msgs/share/ig_lio_c_msgs/cmake/ig_lio_c_msgs__rosidl_typesupport_cppExport.cmake
[0.661s] -- Up-to-date: /home/sentry/Wolf-Moon/install/ig_lio_c_msgs/share/ig_lio_c_msgs/cmake/ig_lio_c_msgs__rosidl_typesupport_cppExport-release.cmake
[0.661s] -- Up-to-date: /home/sentry/Wolf-Moon/install/ig_lio_c_msgs/share/ig_lio_c_msgs/cmake/rosidl_cmake-extras.cmake
[0.661s] -- Up-to-date: /home/sentry/Wolf-Moon/install/ig_lio_c_msgs/share/ig_lio_c_msgs/cmake/ament_cmake_export_dependencies-extras.cmake
[0.661s] -- Up-to-date: /home/sentry/Wolf-Moon/install/ig_lio_c_msgs/share/ig_lio_c_msgs/cmake/ament_cmake_export_libraries-extras.cmake
[0.661s] -- Up-to-date: /home/sentry/Wolf-Moon/install/ig_lio_c_msgs/share/ig_lio_c_msgs/cmake/ament_cmake_export_targets-extras.cmake
[0.661s] -- Up-to-date: /home/sentry/Wolf-Moon/install/ig_lio_c_msgs/share/ig_lio_c_msgs/cmake/ament_cmake_export_include_directories-extras.cmake
[0.661s] -- Up-to-date: /home/sentry/Wolf-Moon/install/ig_lio_c_msgs/share/ig_lio_c_msgs/cmake/rosidl_cmake_export_typesupport_libraries-extras.cmake
[0.661s] -- Up-to-date: /home/sentry/Wolf-Moon/install/ig_lio_c_msgs/share/ig_lio_c_msgs/cmake/rosidl_cmake_export_typesupport_targets-extras.cmake
[0.662s] -- Up-to-date: /home/sentry/Wolf-Moon/install/ig_lio_c_msgs/share/ig_lio_c_msgs/cmake/ig_lio_c_msgsConfig.cmake
[0.662s] -- Up-to-date: /home/sentry/Wolf-Moon/install/ig_lio_c_msgs/share/ig_lio_c_msgs/cmake/ig_lio_c_msgsConfig-version.cmake
[0.662s] -- Up-to-date: /home/sentry/Wolf-Moon/install/ig_lio_c_msgs/share/ig_lio_c_msgs/package.xml
[0.733s] Invoked command in '/home/sentry/Wolf-Moon/build/ig_lio_c_msgs' returned '0': CMAKE_PREFIX_PATH=/opt/ros/galactic /usr/bin/cmake --install /home/sentry/Wolf-Moon/build/ig_lio_c_msgs
