[0.122s] Invoking command in '/home/sentry/Wolf-Moon/build/navigation_planning': CMAKE_PREFIX_PATH=/home/sentry/Wolf-Moon/install/nav2_costmap_2d:/home/sentry/Wolf-Moon/install/nav2_map_server:/home/sentry/Wolf-Moon/install/nav2_lifecycle_manager:/home/sentry/Wolf-Moon/install/grid_map_ros:/home/sentry/Wolf-Moon/install/nav2_util:/home/sentry/Wolf-Moon/install/grid_map_cv:/home/sentry/Wolf-Moon/install/nav2_voxel_grid:/home/sentry/Wolf-Moon/install/nav2_msgs:/home/sentry/Wolf-Moon/install/grid_map_msgs:/home/sentry/Wolf-Moon/install/grid_map_core:/home/sentry/Wolf-Moon/install/nav2_common:/home/sentry/Wolf-Moon/install/grid_map_cmake_helpers:/home/sentry/Wolf-Moon/install/cv_bridge:/home/sentry/Wolf-Moon/install/sentry_decision_v2:/home/sentry/Wolf-Moon/install/octomap_dynamic_map:/home/sentry/Wolf-Moon/install/navigation_planning:/home/sentry/Wolf-Moon/install/grid_map:/home/sentry/Wolf-Moon/install/grid_map_costmap_2d:/home/sentry/Wolf-Moon/install/nav2_behavior_tree:/home/sentry/Wolf-Moon/install/grid_map_demos:/home/sentry/Wolf-Moon/install/grid_map_visualization:/home/sentry/Wolf-Moon/install/grid_map_rviz_plugin:/home/sentry/Wolf-Moon/install/grid_map_pcl:/home/sentry/Wolf-Moon/install/grid_map_loader:/home/sentry/Wolf-Moon/install/grid_map_filters:/home/sentry/Wolf-Moon/install/livox_ros_driver2:/home/sentry/Wolf-Moon/install/ig_lio_c_msgs:/home/sentry/Wolf-Moon/install/ig_lio_c:/home/sentry/Wolf-Moon/install/grid_map_sdf:/home/sentry/Wolf-Moon/install/grid_map_octomap:/home/sentry/Wolf-Moon/install/auto_aim_interfaces:/home/sentry/Wolf-Moon/install/fake_msg_publisher:/opt/ros/galactic LD_LIBRARY_PATH=/home/sentry/Wolf-Moon/install/nav2_costmap_2d/lib:/home/sentry/Wolf-Moon/install/nav2_map_server/lib:/home/sentry/Wolf-Moon/install/nav2_lifecycle_manager/lib:/home/sentry/Wolf-Moon/install/grid_map_ros/lib:/home/sentry/Wolf-Moon/install/nav2_util/lib:/home/sentry/Wolf-Moon/install/grid_map_cv/lib:/home/sentry/Wolf-Moon/install/nav2_voxel_grid/lib:/home/sentry/Wolf-Moon/install/nav2_msgs/lib:/home/sentry/Wolf-Moon/install/grid_map_msgs/lib:/home/sentry/Wolf-Moon/install/cv_bridge/lib:/home/sentry/Wolf-Moon/install/octomap_dynamic_map/lib:/home/sentry/Wolf-Moon/install/nav2_behavior_tree/lib:/home/sentry/Wolf-Moon/install/grid_map_demos/lib:/home/sentry/Wolf-Moon/install/grid_map_visualization/lib:/home/sentry/Wolf-Moon/install/grid_map_rviz_plugin/lib:/home/sentry/Wolf-Moon/install/grid_map_pcl/lib:/home/sentry/Wolf-Moon/install/grid_map_loader/lib:/home/sentry/Wolf-Moon/install/grid_map_filters/lib:/home/sentry/Wolf-Moon/install/livox_ros_driver2/lib:/home/sentry/Wolf-Moon/install/ig_lio_c_msgs/lib:/home/sentry/Wolf-Moon/install/grid_map_sdf/lib:/home/sentry/Wolf-Moon/install/grid_map_octomap/lib:/home/sentry/Wolf-Moon/install/grid_map_core/lib:/home/sentry/Wolf-Moon/install/auto_aim_interfaces/lib:/opt/MVS/lib/64:/opt/MVS/lib/32:/home/sentry/Wolf-Moon/src/ThirdParty/OCTOMAP/lib:/home/sentry/TUP2024-Sentry-Framework/src/IG_LIO_SLAM/ThirdParty/octomap-Dynamic_point_cloud_removal/lib:/opt/intel/openvino_2022/tools/compile_tool:/opt/intel/openvino_2022/runtime/3rdparty/hddl/lib:/opt/intel/openvino_2022/runtime/lib/intel64:/opt/MVS/lib/64:/opt/MVS/lib/32:/usr/lib/x86_64-linux-gnu/gazebo-11/plugins:/opt/ros/galactic/opt/yaml_cpp_vendor/lib:/opt/ros/galactic/opt/rviz_ogre_vendor/lib:/opt/ros/galactic/lib/x86_64-linux-gnu:/opt/ros/galactic/lib:/home/sentry/Wolf-Moon/src/ThirdParty/OCTOMAP/lib:/home/sentry/TUP2024-Sentry-Framework/src/IG_LIO_SLAM/ThirdParty/octomap-Dynamic_point_cloud_removal/lib:/opt/intel/openvino_2022/tools/compile_tool:/opt/intel/openvino_2022/runtime/3rdparty/hddl/lib:/opt/intel/openvino_2022/runtime/lib/intel64:/opt/MVS/lib/64:/opt/MVS/lib/32:/opt/MVS/lib/64:/opt/MVS/lib/32:/usr/local/opencv4/lib:/usr/local/opencv4/lib PYTHONPATH=/home/sentry/Wolf-Moon/install/nav2_msgs/lib/python3.8/site-packages:/home/sentry/Wolf-Moon/install/grid_map_msgs/lib/python3.8/site-packages:/home/sentry/Wolf-Moon/install/nav2_common/lib/python3.8/site-packages:/home/sentry/Wolf-Moon/install/cv_bridge/lib/python3.8/site-packages:/home/sentry/Wolf-Moon/install/livox_ros_driver2/lib/python3.8/site-packages:/home/sentry/Wolf-Moon/install/ig_lio_c_msgs/lib/python3.8/site-packages:/home/sentry/Wolf-Moon/install/fake_msg_publisher/lib/python3.8/site-packages:/home/sentry/Wolf-Moon/install/auto_aim_interfaces/lib/python3.8/site-packages:/opt/intel/openvino_2022/python/python3.8:/opt/intel/openvino_2022/python/python3:/opt/ros/galactic/lib/python3.8/site-packages:/opt/intel/openvino_2022/python/python3.8:/opt/intel/openvino_2022/python/python3 /usr/bin/cmake --build /home/sentry/Wolf-Moon/build/navigation_planning -- -j12 -l12
[0.219s] [35m[1mScanning dependencies of target way_planner_node[0m
[0.351s] [ 50%] [32mBuilding CXX object CMakeFiles/way_planner_node.dir/src/way_planner_node.cpp.o[0m
[6.011s] [01m[K/home/sentry/Wolf-Moon/src/navigation_planning/src/way_planner_node.cpp:[m[K In member function ‘[01m[Kbool navigation::MapData::loadMapFromFile()[m[K’:
[6.011s] [01m[K/home/sentry/Wolf-Moon/src/navigation_planning/src/way_planner_node.cpp:81:36:[m[K [01;35m[Kwarning: [m[Kcomparison of integer expressions of different signedness: ‘[01m[Kunsigned int[m[K’ and ‘[01m[Kint[m[K’ [[01;35m[K-Wsign-compare[m[K]
[6.011s]    81 |         for (unsigned int y = 0; [01;35m[Ky < map_image.rows[m[K; ++y)
[6.011s]       |                                  [01;35m[K~~^~~~~~~~~~~~~~~~[m[K
[6.011s] [01m[K/home/sentry/Wolf-Moon/src/navigation_planning/src/way_planner_node.cpp:83:40:[m[K [01;35m[Kwarning: [m[Kcomparison of integer expressions of different signedness: ‘[01m[Kunsigned int[m[K’ and ‘[01m[Kint[m[K’ [[01;35m[K-Wsign-compare[m[K]
[6.011s]    83 |             for (unsigned int x = 0; [01;35m[Kx < map_image.cols[m[K; ++x)
[6.011s]       |                                      [01;35m[K~~^~~~~~~~~~~~~~~~[m[K
[6.012s] In file included from [01m[K/opt/ros/galactic/include/rclcpp/service.hpp:34[m[K,
[6.012s]                  from [01m[K/opt/ros/galactic/include/rclcpp/callback_group.hpp:25[m[K,
[6.012s]                  from [01m[K/opt/ros/galactic/include/rclcpp/any_executable.hpp:20[m[K,
[6.012s]                  from [01m[K/opt/ros/galactic/include/rclcpp/memory_strategy.hpp:25[m[K,
[6.012s]                  from [01m[K/opt/ros/galactic/include/rclcpp/memory_strategies.hpp:18[m[K,
[6.012s]                  from [01m[K/opt/ros/galactic/include/rclcpp/executor_options.hpp:20[m[K,
[6.012s]                  from [01m[K/opt/ros/galactic/include/rclcpp/executor.hpp:36[m[K,
[6.012s]                  from [01m[K/opt/ros/galactic/include/rclcpp/executors/multi_threaded_executor.hpp:26[m[K,
[6.012s]                  from [01m[K/opt/ros/galactic/include/rclcpp/executors.hpp:21[m[K,
[6.012s]                  from [01m[K/opt/ros/galactic/include/rclcpp/rclcpp.hpp:156[m[K,
[6.012s]                  from [01m[K/home/sentry/Wolf-Moon/src/navigation_planning/src/../include/way_planner_node.hpp:1[m[K,
[6.013s]                  from [01m[K/home/sentry/Wolf-Moon/src/navigation_planning/src/way_planner_node.cpp:1[m[K:
[6.013s] [01m[K/home/sentry/Wolf-Moon/src/navigation_planning/src/way_planner_node.cpp:100:34:[m[K [01;31m[Kerror: [m[K‘[01m[Kstruct navigation::MapData[m[K’ has no member named ‘[01m[Kget_logger[m[K’
[6.013s]   100 |         RCLCPP_INFO_STREAM(this->[01;31m[Kget_logger[m[K(), BLUE << "load map success" << RESET);
[6.013s]       |                                  [01;31m[K^~~~~~~~~~[m[K
[6.013s] [01m[K/home/sentry/Wolf-Moon/src/navigation_planning/src/way_planner_node.cpp:100:34:[m[K [01;31m[Kerror: [m[K‘[01m[Kstruct navigation::MapData[m[K’ has no member named ‘[01m[Kget_logger[m[K’
[6.013s] [01m[K/home/sentry/Wolf-Moon/src/navigation_planning/src/way_planner_node.cpp:100:9:[m[K [01;31m[Kerror: [m[Ktemplate argument 1 is invalid
[6.013s]   100 |         [01;31m[KRCLCPP_INFO_STREAM[m[K(this->get_logger(), BLUE << "load map success" << RESET);
[6.013s]       |         [01;31m[K^~~~~~~~~~~~~~~~~~[m[K
[6.013s] [01m[K/home/sentry/Wolf-Moon/src/navigation_planning/src/way_planner_node.cpp:100:9:[m[K [01;31m[Kerror: [m[Ktemplate argument 1 is invalid
[6.013s]   100 |         [01;31m[KRCLCPP_INFO_STREAM[m[K(this->get_logger(), BLUE << "load map success" << RESET);
[6.013s]       |         [01;31m[K^~~~~~~~~~~~~~~~~~[m[K
[6.013s] [01m[K/home/sentry/Wolf-Moon/src/navigation_planning/src/way_planner_node.cpp:100:9:[m[K [01;31m[Kerror: [m[Ktemplate argument 1 is invalid
[6.014s]   100 |         [01;31m[KRCLCPP_INFO_STREAM[m[K(this->get_logger(), BLUE << "load map success" << RESET);
[6.014s]       |         [01;31m[K^~~~~~~~~~~~~~~~~~[m[K
[6.014s] In file included from [01m[K/opt/ros/galactic/include/rclcpp/client.hpp:40[m[K,
[6.014s]                  from [01m[K/opt/ros/galactic/include/rclcpp/callback_group.hpp:23[m[K,
[6.014s]                  from [01m[K/opt/ros/galactic/include/rclcpp/any_executable.hpp:20[m[K,
[6.014s]                  from [01m[K/opt/ros/galactic/include/rclcpp/memory_strategy.hpp:25[m[K,
[6.014s]                  from [01m[K/opt/ros/galactic/include/rclcpp/memory_strategies.hpp:18[m[K,
[6.014s]                  from [01m[K/opt/ros/galactic/include/rclcpp/executor_options.hpp:20[m[K,
[6.014s]                  from [01m[K/opt/ros/galactic/include/rclcpp/executor.hpp:36[m[K,
[6.014s]                  from [01m[K/opt/ros/galactic/include/rclcpp/executors/multi_threaded_executor.hpp:26[m[K,
[6.014s]                  from [01m[K/opt/ros/galactic/include/rclcpp/executors.hpp:21[m[K,
[6.015s]                  from [01m[K/opt/ros/galactic/include/rclcpp/rclcpp.hpp:156[m[K,
[6.015s]                  from [01m[K/home/sentry/Wolf-Moon/src/navigation_planning/src/../include/way_planner_node.hpp:1[m[K,
[6.015s]                  from [01m[K/home/sentry/Wolf-Moon/src/navigation_planning/src/way_planner_node.cpp:1[m[K:
[6.015s] [01m[K/home/sentry/Wolf-Moon/src/navigation_planning/src/way_planner_node.cpp:100:34:[m[K [01;31m[Kerror: [m[K‘[01m[Kstruct navigation::MapData[m[K’ has no member named ‘[01m[Kget_logger[m[K’
[6.015s]   100 |         RCLCPP_INFO_STREAM(this->[01;31m[Kget_logger[m[K(), BLUE << "load map success" << RESET);
[6.015s]       |                                  [01;31m[K^~~~~~~~~~[m[K
[6.015s] [01m[K/home/sentry/Wolf-Moon/src/navigation_planning/src/way_planner_node.cpp:100:34:[m[K [01;31m[Kerror: [m[K‘[01m[Kstruct navigation::MapData[m[K’ has no member named ‘[01m[Kget_logger[m[K’
[6.015s]   100 |         RCLCPP_INFO_STREAM(this->[01;31m[Kget_logger[m[K(), BLUE << "load map success" << RESET);
[6.015s]       |                                  [01;31m[K^~~~~~~~~~[m[K
[6.063s] [01m[K/home/sentry/Wolf-Moon/src/navigation_planning/src/way_planner_node.cpp:[m[K In member function ‘[01m[Krclcpp_action::GoalResponse navigation::WayPlannerNode::handleGoal(const GoalUUID&, std::shared_ptr<const nav2_msgs::action::NavigateToPose_Goal_<std::allocator<void> > >)[m[K’:
[6.063s] [01m[K/home/sentry/Wolf-Moon/src/navigation_planning/src/way_planner_node.cpp:185:91:[m[K [01;35m[Kwarning: [m[Kunused parameter ‘[01m[Kuuid[m[K’ [[01;35m[K-Wunused-parameter[m[K]
[6.063s]   185 |     rclcpp_action::GoalResponse WayPlannerNode::handleGoal([01;35m[Kconst rclcpp_action::GoalUUID &uuid[m[K,
[6.063s]       |                                                            [01;35m[K~~~~~~~~~~~~~~~~~~~~~~~~~~~~~~~^~~~[m[K
[6.063s] [01m[K/home/sentry/Wolf-Moon/src/navigation_planning/src/way_planner_node.cpp:[m[K In member function ‘[01m[Kbool navigation::WayPlannerNode::isGoalValid(const PoseStamped&)[m[K’:
[6.063s] [01m[K/home/sentry/Wolf-Moon/src/navigation_planning/src/way_planner_node.cpp:201:77:[m[K [01;35m[Kwarning: [m[Kunused parameter ‘[01m[Kpose[m[K’ [[01;35m[K-Wunused-parameter[m[K]
[6.063s]   201 |     bool WayPlannerNode::isGoalValid([01;35m[Kconst geometry_msgs::msg::PoseStamped &pose[m[K)
[6.063s]       |                                      [01;35m[K~~~~~~~~~~~~~~~~~~~~~~~~~~~~~~~~~~~~~~~^~~~[m[K
[6.064s] [01m[K/home/sentry/Wolf-Moon/src/navigation_planning/src/way_planner_node.cpp:[m[K In member function ‘[01m[Krclcpp_action::CancelResponse navigation::WayPlannerNode::handleCancel(std::shared_ptr<rclcpp_action::ServerGoalHandle<nav2_msgs::action::NavigateToPose> >)[m[K’:
[6.064s] [01m[K/home/sentry/Wolf-Moon/src/navigation_planning/src/way_planner_node.cpp:206:154:[m[K [01;35m[Kwarning: [m[Kunused parameter ‘[01m[Kgoal_handle[m[K’ [[01;35m[K-Wunused-parameter[m[K]
[6.064s]   206 | ction::CancelResponse WayPlannerNode::handleCancel([01;35m[Kconst std::shared_ptr<rclcpp_action::ServerGoalHandle<nav2_msgs::action::NavigateToPose>> goal_handle[m[K)
[6.064s]       |                                                    [01;35m[K~~~~~~~~~~~~~~~~~~~~~~~~~~~~~~~~~~~~~~~~~~~~~~~~~~~~~~~~~~~~~~~~~~~~~~~~~~~~~~~~~~~~~~~~~~^~~~~~~~~~~[m[K
[6.064s] 
[10.634s] make[2]: *** [CMakeFiles/way_planner_node.dir/build.make:63: CMakeFiles/way_planner_node.dir/src/way_planner_node.cpp.o] Error 1
[10.635s] make[1]: *** [CMakeFiles/Makefile2:78: CMakeFiles/way_planner_node.dir/all] Error 2
[10.635s] make: *** [Makefile:141: all] Error 2
[10.637s] Invoked command in '/home/sentry/Wolf-Moon/build/navigation_planning' returned '2': CMAKE_PREFIX_PATH=/home/sentry/Wolf-Moon/install/nav2_costmap_2d:/home/sentry/Wolf-Moon/install/nav2_map_server:/home/sentry/Wolf-Moon/install/nav2_lifecycle_manager:/home/sentry/Wolf-Moon/install/grid_map_ros:/home/sentry/Wolf-Moon/install/nav2_util:/home/sentry/Wolf-Moon/install/grid_map_cv:/home/sentry/Wolf-Moon/install/nav2_voxel_grid:/home/sentry/Wolf-Moon/install/nav2_msgs:/home/sentry/Wolf-Moon/install/grid_map_msgs:/home/sentry/Wolf-Moon/install/grid_map_core:/home/sentry/Wolf-Moon/install/nav2_common:/home/sentry/Wolf-Moon/install/grid_map_cmake_helpers:/home/sentry/Wolf-Moon/install/cv_bridge:/home/sentry/Wolf-Moon/install/sentry_decision_v2:/home/sentry/Wolf-Moon/install/octomap_dynamic_map:/home/sentry/Wolf-Moon/install/navigation_planning:/home/sentry/Wolf-Moon/install/grid_map:/home/sentry/Wolf-Moon/install/grid_map_costmap_2d:/home/sentry/Wolf-Moon/install/nav2_behavior_tree:/home/sentry/Wolf-Moon/install/grid_map_demos:/home/sentry/Wolf-Moon/install/grid_map_visualization:/home/sentry/Wolf-Moon/install/grid_map_rviz_plugin:/home/sentry/Wolf-Moon/install/grid_map_pcl:/home/sentry/Wolf-Moon/install/grid_map_loader:/home/sentry/Wolf-Moon/install/grid_map_filters:/home/sentry/Wolf-Moon/install/livox_ros_driver2:/home/sentry/Wolf-Moon/install/ig_lio_c_msgs:/home/sentry/Wolf-Moon/install/ig_lio_c:/home/sentry/Wolf-Moon/install/grid_map_sdf:/home/sentry/Wolf-Moon/install/grid_map_octomap:/home/sentry/Wolf-Moon/install/auto_aim_interfaces:/home/sentry/Wolf-Moon/install/fake_msg_publisher:/opt/ros/galactic LD_LIBRARY_PATH=/home/sentry/Wolf-Moon/install/nav2_costmap_2d/lib:/home/sentry/Wolf-Moon/install/nav2_map_server/lib:/home/sentry/Wolf-Moon/install/nav2_lifecycle_manager/lib:/home/sentry/Wolf-Moon/install/grid_map_ros/lib:/home/sentry/Wolf-Moon/install/nav2_util/lib:/home/sentry/Wolf-Moon/install/grid_map_cv/lib:/home/sentry/Wolf-Moon/install/nav2_voxel_grid/lib:/home/sentry/Wolf-Moon/install/nav2_msgs/lib:/home/sentry/Wolf-Moon/install/grid_map_msgs/lib:/home/sentry/Wolf-Moon/install/cv_bridge/lib:/home/sentry/Wolf-Moon/install/octomap_dynamic_map/lib:/home/sentry/Wolf-Moon/install/nav2_behavior_tree/lib:/home/sentry/Wolf-Moon/install/grid_map_demos/lib:/home/sentry/Wolf-Moon/install/grid_map_visualization/lib:/home/sentry/Wolf-Moon/install/grid_map_rviz_plugin/lib:/home/sentry/Wolf-Moon/install/grid_map_pcl/lib:/home/sentry/Wolf-Moon/install/grid_map_loader/lib:/home/sentry/Wolf-Moon/install/grid_map_filters/lib:/home/sentry/Wolf-Moon/install/livox_ros_driver2/lib:/home/sentry/Wolf-Moon/install/ig_lio_c_msgs/lib:/home/sentry/Wolf-Moon/install/grid_map_sdf/lib:/home/sentry/Wolf-Moon/install/grid_map_octomap/lib:/home/sentry/Wolf-Moon/install/grid_map_core/lib:/home/sentry/Wolf-Moon/install/auto_aim_interfaces/lib:/opt/MVS/lib/64:/opt/MVS/lib/32:/home/sentry/Wolf-Moon/src/ThirdParty/OCTOMAP/lib:/home/sentry/TUP2024-Sentry-Framework/src/IG_LIO_SLAM/ThirdParty/octomap-Dynamic_point_cloud_removal/lib:/opt/intel/openvino_2022/tools/compile_tool:/opt/intel/openvino_2022/runtime/3rdparty/hddl/lib:/opt/intel/openvino_2022/runtime/lib/intel64:/opt/MVS/lib/64:/opt/MVS/lib/32:/usr/lib/x86_64-linux-gnu/gazebo-11/plugins:/opt/ros/galactic/opt/yaml_cpp_vendor/lib:/opt/ros/galactic/opt/rviz_ogre_vendor/lib:/opt/ros/galactic/lib/x86_64-linux-gnu:/opt/ros/galactic/lib:/home/sentry/Wolf-Moon/src/ThirdParty/OCTOMAP/lib:/home/sentry/TUP2024-Sentry-Framework/src/IG_LIO_SLAM/ThirdParty/octomap-Dynamic_point_cloud_removal/lib:/opt/intel/openvino_2022/tools/compile_tool:/opt/intel/openvino_2022/runtime/3rdparty/hddl/lib:/opt/intel/openvino_2022/runtime/lib/intel64:/opt/MVS/lib/64:/opt/MVS/lib/32:/opt/MVS/lib/64:/opt/MVS/lib/32:/usr/local/opencv4/lib:/usr/local/opencv4/lib PYTHONPATH=/home/sentry/Wolf-Moon/install/nav2_msgs/lib/python3.8/site-packages:/home/sentry/Wolf-Moon/install/grid_map_msgs/lib/python3.8/site-packages:/home/sentry/Wolf-Moon/install/nav2_common/lib/python3.8/site-packages:/home/sentry/Wolf-Moon/install/cv_bridge/lib/python3.8/site-packages:/home/sentry/Wolf-Moon/install/livox_ros_driver2/lib/python3.8/site-packages:/home/sentry/Wolf-Moon/install/ig_lio_c_msgs/lib/python3.8/site-packages:/home/sentry/Wolf-Moon/install/fake_msg_publisher/lib/python3.8/site-packages:/home/sentry/Wolf-Moon/install/auto_aim_interfaces/lib/python3.8/site-packages:/opt/intel/openvino_2022/python/python3.8:/opt/intel/openvino_2022/python/python3:/opt/ros/galactic/lib/python3.8/site-packages:/opt/intel/openvino_2022/python/python3.8:/opt/intel/openvino_2022/python/python3 /usr/bin/cmake --build /home/sentry/Wolf-Moon/build/navigation_planning -- -j12 -l12
