[0.017s] Invoking command in '/home/sentry/Wolf-Moon/build/nav2_util': AMENT_PREFIX_PATH=/home/sentry/Wolf-Moon/install/nav2_msgs:/home/sentry/Wolf-Moon/install/nav2_common:${AMENT_PREFIX_PATH} CMAKE_PREFIX_PATH=/home/sentry/Wolf-Moon/install/nav2_msgs:/home/sentry/Wolf-Moon/install/nav2_common:/opt/ros/galactic LD_LIBRARY_PATH=/home/sentry/Wolf-Moon/install/nav2_msgs/lib:/opt/MVS/lib/64:/opt/MVS/lib/32:/usr/lib/x86_64-linux-gnu/gazebo-11/plugins:/opt/ros/galactic/opt/yaml_cpp_vendor/lib:/opt/ros/galactic/opt/rviz_ogre_vendor/lib:/opt/ros/galactic/lib/x86_64-linux-gnu:/opt/ros/galactic/lib:/home/sentry/TUP2024-Sentry-Framework/src/IG_LIO_SLAM/ThirdParty/octomap-Dynamic_point_cloud_removal/lib:/opt/intel/openvino_2022/tools/compile_tool:/opt/intel/openvino_2022/runtime/3rdparty/hddl/lib:/opt/intel/openvino_2022/runtime/lib/intel64:/opt/MVS/lib/64:/opt/MVS/lib/32:/opt/MVS/lib/64:/opt/MVS/lib/32:/usr/local/opencv4/lib PYTHONPATH=/home/sentry/Wolf-Moon/install/nav2_msgs/lib/python3.8/site-packages:/home/sentry/Wolf-Moon/install/nav2_common/lib/python3.8/site-packages:/opt/ros/galactic/lib/python3.8/site-packages:/opt/intel/openvino_2022/python/python3.8:/opt/intel/openvino_2022/python/python3 /usr/bin/cmake --build /home/sentry/Wolf-Moon/build/nav2_util -- -j12 -l12
[0.076s] [  5%] Built target dump_params
[0.082s] [ 15%] Built target gtest
[0.082s] [ 15%] Built target gtest_main
[0.096s] [ 40%] Built target nav2_util_core
[0.108s] [ 45%] Built target test_execution_timer
[0.114s] [ 50%] Built target lifecycle_bringup
[0.123s] [ 55%] Built target test_string_utils
[0.130s] [ 70%] Built target test_lifecycle_node
[0.130s] [ 70%] Built target test_lifecycle_utils
[0.130s] [ 70%] Built target test_service_client
[0.134s] [ 75%] Built target test_odometry_utils
[0.143s] [ 80%] Built target test_robot_utils
[0.151s] [ 85%] Built target test_lifecycle_cli_node
[0.159s] [ 90%] Built target test_node_utils
[0.160s] [ 95%] Built target test_geometry_utils
[0.165s] [100%] Built target test_actions
[0.224s] Invoked command in '/home/sentry/Wolf-Moon/build/nav2_util' returned '0': AMENT_PREFIX_PATH=/home/sentry/Wolf-Moon/install/nav2_msgs:/home/sentry/Wolf-Moon/install/nav2_common:${AMENT_PREFIX_PATH} CMAKE_PREFIX_PATH=/home/sentry/Wolf-Moon/install/nav2_msgs:/home/sentry/Wolf-Moon/install/nav2_common:/opt/ros/galactic LD_LIBRARY_PATH=/home/sentry/Wolf-Moon/install/nav2_msgs/lib:/opt/MVS/lib/64:/opt/MVS/lib/32:/usr/lib/x86_64-linux-gnu/gazebo-11/plugins:/opt/ros/galactic/opt/yaml_cpp_vendor/lib:/opt/ros/galactic/opt/rviz_ogre_vendor/lib:/opt/ros/galactic/lib/x86_64-linux-gnu:/opt/ros/galactic/lib:/home/sentry/TUP2024-Sentry-Framework/src/IG_LIO_SLAM/ThirdParty/octomap-Dynamic_point_cloud_removal/lib:/opt/intel/openvino_2022/tools/compile_tool:/opt/intel/openvino_2022/runtime/3rdparty/hddl/lib:/opt/intel/openvino_2022/runtime/lib/intel64:/opt/MVS/lib/64:/opt/MVS/lib/32:/opt/MVS/lib/64:/opt/MVS/lib/32:/usr/local/opencv4/lib PYTHONPATH=/home/sentry/Wolf-Moon/install/nav2_msgs/lib/python3.8/site-packages:/home/sentry/Wolf-Moon/install/nav2_common/lib/python3.8/site-packages:/opt/ros/galactic/lib/python3.8/site-packages:/opt/intel/openvino_2022/python/python3.8:/opt/intel/openvino_2022/python/python3 /usr/bin/cmake --build /home/sentry/Wolf-Moon/build/nav2_util -- -j12 -l12
[0.228s] Invoking command in '/home/sentry/Wolf-Moon/build/nav2_util': AMENT_PREFIX_PATH=/home/sentry/Wolf-Moon/install/nav2_msgs:/home/sentry/Wolf-Moon/install/nav2_common:${AMENT_PREFIX_PATH} CMAKE_PREFIX_PATH=/home/sentry/Wolf-Moon/install/nav2_msgs:/home/sentry/Wolf-Moon/install/nav2_common:/opt/ros/galactic LD_LIBRARY_PATH=/home/sentry/Wolf-Moon/install/nav2_msgs/lib:/opt/MVS/lib/64:/opt/MVS/lib/32:/usr/lib/x86_64-linux-gnu/gazebo-11/plugins:/opt/ros/galactic/opt/yaml_cpp_vendor/lib:/opt/ros/galactic/opt/rviz_ogre_vendor/lib:/opt/ros/galactic/lib/x86_64-linux-gnu:/opt/ros/galactic/lib:/home/sentry/TUP2024-Sentry-Framework/src/IG_LIO_SLAM/ThirdParty/octomap-Dynamic_point_cloud_removal/lib:/opt/intel/openvino_2022/tools/compile_tool:/opt/intel/openvino_2022/runtime/3rdparty/hddl/lib:/opt/intel/openvino_2022/runtime/lib/intel64:/opt/MVS/lib/64:/opt/MVS/lib/32:/opt/MVS/lib/64:/opt/MVS/lib/32:/usr/local/opencv4/lib PYTHONPATH=/home/sentry/Wolf-Moon/install/nav2_msgs/lib/python3.8/site-packages:/home/sentry/Wolf-Moon/install/nav2_common/lib/python3.8/site-packages:/opt/ros/galactic/lib/python3.8/site-packages:/opt/intel/openvino_2022/python/python3.8:/opt/intel/openvino_2022/python/python3 /usr/bin/cmake --install /home/sentry/Wolf-Moon/build/nav2_util
[0.235s] -- Install configuration: "Release"
[0.235s] -- Installing: /home/sentry/Wolf-Moon/install/nav2_util/include/
[0.235s] -- Installing: /home/sentry/Wolf-Moon/install/nav2_util/include//nav2_util
[0.236s] -- Installing: /home/sentry/Wolf-Moon/install/nav2_util/include//nav2_util/service_client.hpp
[0.236s] -- Installing: /home/sentry/Wolf-Moon/install/nav2_util/include//nav2_util/geometry_utils.hpp
[0.236s] -- Installing: /home/sentry/Wolf-Moon/install/nav2_util/include//nav2_util/line_iterator.hpp
[0.238s] -- Installing: /home/sentry/Wolf-Moon/install/nav2_util/include//nav2_util/clear_entirely_costmap_service_client.hpp
[0.239s] -- Installing: /home/sentry/Wolf-Moon/install/nav2_util/include//nav2_util/costmap.hpp
[0.239s] -- Installing: /home/sentry/Wolf-Moon/install/nav2_util/include//nav2_util/string_utils.hpp
[0.239s] -- Installing: /home/sentry/Wolf-Moon/install/nav2_util/include//nav2_util/occ_grid_values.hpp
[0.239s] -- Installing: /home/sentry/Wolf-Moon/install/nav2_util/include//nav2_util/simple_action_server.hpp
[0.239s] -- Installing: /home/sentry/Wolf-Moon/install/nav2_util/include//nav2_util/node_utils.hpp
[0.239s] -- Installing: /home/sentry/Wolf-Moon/install/nav2_util/include//nav2_util/lifecycle_utils.hpp
[0.239s] -- Installing: /home/sentry/Wolf-Moon/install/nav2_util/include//nav2_util/node_thread.hpp
[0.239s] -- Installing: /home/sentry/Wolf-Moon/install/nav2_util/include//nav2_util/lifecycle_service_client.hpp
[0.240s] -- Installing: /home/sentry/Wolf-Moon/install/nav2_util/include//nav2_util/execution_timer.hpp
[0.240s] -- Installing: /home/sentry/Wolf-Moon/install/nav2_util/include//nav2_util/robot_utils.hpp
[0.240s] -- Installing: /home/sentry/Wolf-Moon/install/nav2_util/include//nav2_util/lifecycle_node.hpp
[0.240s] -- Installing: /home/sentry/Wolf-Moon/install/nav2_util/include//nav2_util/odometry_utils.hpp
[0.240s] -- Installing: /home/sentry/Wolf-Moon/install/nav2_util/share/nav2_util/environment/library_path.sh
[0.240s] -- Installing: /home/sentry/Wolf-Moon/install/nav2_util/share/nav2_util/environment/library_path.dsv
[0.240s] -- Installing: /home/sentry/Wolf-Moon/install/nav2_util/share/ament_index/resource_index/package_run_dependencies/nav2_util
[0.241s] -- Installing: /home/sentry/Wolf-Moon/install/nav2_util/share/ament_index/resource_index/parent_prefix_path/nav2_util
[0.241s] -- Installing: /home/sentry/Wolf-Moon/install/nav2_util/share/nav2_util/environment/ament_prefix_path.sh
[0.241s] -- Installing: /home/sentry/Wolf-Moon/install/nav2_util/share/nav2_util/environment/ament_prefix_path.dsv
[0.241s] -- Installing: /home/sentry/Wolf-Moon/install/nav2_util/share/nav2_util/environment/path.sh
[0.241s] -- Installing: /home/sentry/Wolf-Moon/install/nav2_util/share/nav2_util/environment/path.dsv
[0.241s] -- Installing: /home/sentry/Wolf-Moon/install/nav2_util/share/nav2_util/local_setup.bash
[0.241s] -- Installing: /home/sentry/Wolf-Moon/install/nav2_util/share/nav2_util/local_setup.sh
[0.242s] -- Installing: /home/sentry/Wolf-Moon/install/nav2_util/share/nav2_util/local_setup.zsh
[0.242s] -- Installing: /home/sentry/Wolf-Moon/install/nav2_util/share/nav2_util/local_setup.dsv
[0.242s] -- Installing: /home/sentry/Wolf-Moon/install/nav2_util/share/nav2_util/package.dsv
[0.242s] -- Installing: /home/sentry/Wolf-Moon/install/nav2_util/share/ament_index/resource_index/packages/nav2_util
[0.242s] -- Installing: /home/sentry/Wolf-Moon/install/nav2_util/share/nav2_util/cmake/ament_cmake_export_include_directories-extras.cmake
[0.242s] -- Installing: /home/sentry/Wolf-Moon/install/nav2_util/share/nav2_util/cmake/ament_cmake_export_libraries-extras.cmake
[0.242s] -- Installing: /home/sentry/Wolf-Moon/install/nav2_util/share/nav2_util/cmake/ament_cmake_export_dependencies-extras.cmake
[0.243s] -- Installing: /home/sentry/Wolf-Moon/install/nav2_util/share/nav2_util/cmake/nav2_utilConfig.cmake
[0.243s] -- Installing: /home/sentry/Wolf-Moon/install/nav2_util/share/nav2_util/cmake/nav2_utilConfig-version.cmake
[0.245s] -- Installing: /home/sentry/Wolf-Moon/install/nav2_util/share/nav2_util/package.xml
[0.245s] -- Installing: /home/sentry/Wolf-Moon/install/nav2_util/lib/libnav2_util_core.so
[0.245s] -- Set runtime path of "/home/sentry/Wolf-Moon/install/nav2_util/lib/libnav2_util_core.so" to ""
[0.245s] -- Installing: /home/sentry/Wolf-Moon/install/nav2_util/lib/nav2_util/lifecycle_bringup
[0.245s] -- Set runtime path of "/home/sentry/Wolf-Moon/install/nav2_util/lib/nav2_util/lifecycle_bringup" to ""
[0.246s] -- Installing: /home/sentry/Wolf-Moon/install/nav2_util/lib/nav2_util/dump_params
[0.246s] -- Set runtime path of "/home/sentry/Wolf-Moon/install/nav2_util/lib/nav2_util/dump_params" to ""
[0.268s] Invoked command in '/home/sentry/Wolf-Moon/build/nav2_util' returned '0': AMENT_PREFIX_PATH=/home/sentry/Wolf-Moon/install/nav2_msgs:/home/sentry/Wolf-Moon/install/nav2_common:${AMENT_PREFIX_PATH} CMAKE_PREFIX_PATH=/home/sentry/Wolf-Moon/install/nav2_msgs:/home/sentry/Wolf-Moon/install/nav2_common:/opt/ros/galactic LD_LIBRARY_PATH=/home/sentry/Wolf-Moon/install/nav2_msgs/lib:/opt/MVS/lib/64:/opt/MVS/lib/32:/usr/lib/x86_64-linux-gnu/gazebo-11/plugins:/opt/ros/galactic/opt/yaml_cpp_vendor/lib:/opt/ros/galactic/opt/rviz_ogre_vendor/lib:/opt/ros/galactic/lib/x86_64-linux-gnu:/opt/ros/galactic/lib:/home/sentry/TUP2024-Sentry-Framework/src/IG_LIO_SLAM/ThirdParty/octomap-Dynamic_point_cloud_removal/lib:/opt/intel/openvino_2022/tools/compile_tool:/opt/intel/openvino_2022/runtime/3rdparty/hddl/lib:/opt/intel/openvino_2022/runtime/lib/intel64:/opt/MVS/lib/64:/opt/MVS/lib/32:/opt/MVS/lib/64:/opt/MVS/lib/32:/usr/local/opencv4/lib PYTHONPATH=/home/sentry/Wolf-Moon/install/nav2_msgs/lib/python3.8/site-packages:/home/sentry/Wolf-Moon/install/nav2_common/lib/python3.8/site-packages:/opt/ros/galactic/lib/python3.8/site-packages:/opt/intel/openvino_2022/python/python3.8:/opt/intel/openvino_2022/python/python3 /usr/bin/cmake --install /home/sentry/Wolf-Moon/build/nav2_util
