-- Found ament_cmake: 1.1.6 (/opt/ros/galactic/share/ament_cmake/cmake)
-- Using PYTHON_EXECUTABLE: /usr/bin/python3
-- Found rclcpp: 9.2.2 (/opt/ros/galactic/share/rclcpp/cmake)
-- Using all available rosidl_typesupport_c: rosidl_typesupport_fastrtps_c;rosidl_typesupport_introspection_c
-- Found rosidl_adapter: 2.2.3 (/opt/ros/galactic/share/rosidl_adapter/cmake)
-- Using all available rosidl_typesupport_cpp: rosidl_typesupport_fastrtps_cpp;rosidl_typesupport_introspection_cpp
-- Found rmw_implementation_cmake: 3.3.1 (/opt/ros/galactic/share/rmw_implementation_cmake/cmake)
-- Found rmw_cyclonedds_cpp: 0.22.6 (/opt/ros/galactic/share/rmw_cyclonedds_cpp/cmake)
-- Using RMW implementation 'rmw_cyclonedds_cpp' as default
-- Found nav2_util: 1.0.12 (/home/sentry/Wolf-Moon/install/nav2_util/share/nav2_util/cmake)
-- Found eigen3_cmake_module: 0.1.1 (/opt/ros/galactic/share/eigen3_cmake_module/cmake)
-- Found nav2_lifecycle_manager: 1.0.12 (/home/sentry/Wolf-Moon/install/nav2_lifecycle_manager/share/nav2_lifecycle_manager/cmake)
-- Found nav2_behavior_tree: 1.0.12 (/home/sentry/Wolf-Moon/install/nav2_behavior_tree/share/nav2_behavior_tree/cmake)
-- Found robot_state_publisher: 2.5.3 (/opt/ros/galactic/share/robot_state_publisher/cmake)
-- Found rosidl_default_generators: 1.1.1 (/opt/ros/galactic/share/rosidl_default_generators/cmake)
-- Found auto_aim_interfaces: 0.0.0 (/home/sentry/Wolf-Moon/install/auto_aim_interfaces/share/auto_aim_interfaces/cmake)
-- Found visualization_msgs: 2.2.4 (/opt/ros/galactic/share/visualization_msgs/cmake)
-- Found ament_lint_auto: 0.10.7 (/opt/ros/galactic/share/ament_lint_auto/cmake)
-- Added test 'copyright' to check source files copyright and LICENSE
-- Added test 'cppcheck' to perform static code analysis on C / C++ code
-- Configured cppcheck include dirs: $<BUILD_INTERFACE:/home/sentry/Wolf-Moon/src/sentry_decision_v2/include>
-- Configured cppcheck exclude dirs and/or files: 
-- Added test 'cpplint' to check C / C++ code against the Google style
-- Configured cpplint exclude dirs and/or files: 
-- Added test 'flake8' to check Python code syntax and style conventions
-- Added test 'lint_cmake' to check CMake code style
-- Added test 'pep257' to check Python code against some of the style conventions in PEP 257
-- Added test 'uncrustify' to check C / C++ code style
-- Configured uncrustify additional arguments: 
-- Added test 'xmllint' to check XML markup files
-- Configuring done
-- Generating done
-- Build files have been written to: /home/sentry/Wolf-Moon/build/sentry_decision_v2
[35m[1mScanning dependencies of target decision_node[0m
[ 33%] [32mBuilding CXX object CMakeFiles/decision_node.dir/src/decision_node.cpp.o[0m
[ 66%] [32mBuilding CXX object CMakeFiles/decision_node.dir/src/Json/jsoncpp.cpp.o[0m
[100%] [32m[1mLinking CXX executable decision_node[0m
[100%] Built target decision_node
-- Install configuration: "Release"
-- Installing: /home/sentry/Wolf-Moon/install/sentry_decision_v2/lib/sentry_decision_v2/decision_node
-- Set runtime path of "/home/sentry/Wolf-Moon/install/sentry_decision_v2/lib/sentry_decision_v2/decision_node" to ""
-- Up-to-date: /home/sentry/Wolf-Moon/install/sentry_decision_v2/share/sentry_decision_v2/launch
-- Up-to-date: /home/sentry/Wolf-Moon/install/sentry_decision_v2/share/sentry_decision_v2/launch/launch.py
-- Up-to-date: /home/sentry/Wolf-Moon/install/sentry_decision_v2/share/sentry_decision_v2/JsonFiles
-- Up-to-date: /home/sentry/Wolf-Moon/install/sentry_decision_v2/share/sentry_decision_v2/JsonFiles/rmuc_decisions_test2.json
-- Up-to-date: /home/sentry/Wolf-Moon/install/sentry_decision_v2/share/sentry_decision_v2/JsonFiles/rmuc_decisions_test.json
-- Up-to-date: /home/sentry/Wolf-Moon/install/sentry_decision_v2/share/sentry_decision_v2/JsonFiles/rmuc_waypoints.json
-- Up-to-date: /home/sentry/Wolf-Moon/install/sentry_decision_v2/share/sentry_decision_v2/JsonFiles/rmuc_decisions_test3.json
-- Up-to-date: /home/sentry/Wolf-Moon/install/sentry_decision_v2/share/sentry_decision_v2/JsonFiles/default_decisions_2.json
-- Up-to-date: /home/sentry/Wolf-Moon/install/sentry_decision_v2/share/sentry_decision_v2/JsonFiles/default_waypoints.json
-- Up-to-date: /home/sentry/Wolf-Moon/install/sentry_decision_v2/share/sentry_decision_v2/JsonFiles/default_waypoints_2.json
-- Up-to-date: /home/sentry/Wolf-Moon/install/sentry_decision_v2/share/sentry_decision_v2/JsonFiles/default_decisions.json
-- Up-to-date: /home/sentry/Wolf-Moon/install/sentry_decision_v2/share/sentry_decision_v2/config
-- Up-to-date: /home/sentry/Wolf-Moon/install/sentry_decision_v2/share/sentry_decision_v2/config/parameters.yaml
-- Up-to-date: /home/sentry/Wolf-Moon/install/sentry_decision_v2/share/ament_index/resource_index/package_run_dependencies/sentry_decision_v2
-- Up-to-date: /home/sentry/Wolf-Moon/install/sentry_decision_v2/share/ament_index/resource_index/parent_prefix_path/sentry_decision_v2
-- Up-to-date: /home/sentry/Wolf-Moon/install/sentry_decision_v2/share/sentry_decision_v2/environment/ament_prefix_path.sh
-- Installing: /home/sentry/Wolf-Moon/install/sentry_decision_v2/share/sentry_decision_v2/environment/ament_prefix_path.dsv
-- Up-to-date: /home/sentry/Wolf-Moon/install/sentry_decision_v2/share/sentry_decision_v2/environment/path.sh
-- Installing: /home/sentry/Wolf-Moon/install/sentry_decision_v2/share/sentry_decision_v2/environment/path.dsv
-- Up-to-date: /home/sentry/Wolf-Moon/install/sentry_decision_v2/share/sentry_decision_v2/local_setup.bash
-- Up-to-date: /home/sentry/Wolf-Moon/install/sentry_decision_v2/share/sentry_decision_v2/local_setup.sh
-- Up-to-date: /home/sentry/Wolf-Moon/install/sentry_decision_v2/share/sentry_decision_v2/local_setup.zsh
-- Installing: /home/sentry/Wolf-Moon/install/sentry_decision_v2/share/sentry_decision_v2/local_setup.dsv
-- Installing: /home/sentry/Wolf-Moon/install/sentry_decision_v2/share/sentry_decision_v2/package.dsv
-- Up-to-date: /home/sentry/Wolf-Moon/install/sentry_decision_v2/share/ament_index/resource_index/packages/sentry_decision_v2
-- Up-to-date: /home/sentry/Wolf-Moon/install/sentry_decision_v2/share/sentry_decision_v2/cmake/sentry_decision_v2Config.cmake
-- Up-to-date: /home/sentry/Wolf-Moon/install/sentry_decision_v2/share/sentry_decision_v2/cmake/sentry_decision_v2Config-version.cmake
-- Up-to-date: /home/sentry/Wolf-Moon/install/sentry_decision_v2/share/sentry_decision_v2/package.xml
