[0.023s] Invoking command in '/home/sentry/Wolf-Moon/build/sentry_decision_v2': AMENT_PREFIX_PATH=/home/sentry/Wolf-Moon/install/nav2_lifecycle_manager:/home/sentry/Wolf-Moon/install/nav2_behavior_tree:/home/sentry/Wolf-Moon/install/nav2_util:/home/sentry/Wolf-Moon/install/nav2_msgs:/home/sentry/Wolf-Moon/install/nav2_common:/home/sentry/Wolf-Moon/install/auto_aim_interfaces:${AMENT_PREFIX_PATH} CMAKE_PREFIX_PATH=/home/sentry/Wolf-Moon/install/nav2_lifecycle_manager:/home/sentry/Wolf-Moon/install/nav2_behavior_tree:/home/sentry/Wolf-Moon/install/nav2_util:/home/sentry/Wolf-Moon/install/nav2_msgs:/home/sentry/Wolf-Moon/install/nav2_common:/home/sentry/Wolf-Moon/install/auto_aim_interfaces:/opt/ros/galactic LD_LIBRARY_PATH=/home/sentry/Wolf-Moon/install/nav2_lifecycle_manager/lib:/home/sentry/Wolf-Moon/install/nav2_behavior_tree/lib:/home/sentry/Wolf-Moon/install/nav2_util/lib:/home/sentry/Wolf-Moon/install/nav2_msgs/lib:/home/sentry/Wolf-Moon/install/auto_aim_interfaces/lib:/opt/MVS/lib/64:/opt/MVS/lib/32:/home/sentry/TUP2024-Sentry-Framework/src/IG_LIO_SLAM/ThirdParty/octomap-Dynamic_point_cloud_removal/lib:/opt/intel/openvino_2022/tools/compile_tool:/opt/intel/openvino_2022/runtime/3rdparty/hddl/lib:/opt/intel/openvino_2022/runtime/lib/intel64:/opt/MVS/lib/64:/opt/MVS/lib/32:/usr/lib/x86_64-linux-gnu/gazebo-11/plugins:/opt/ros/galactic/opt/yaml_cpp_vendor/lib:/opt/ros/galactic/opt/rviz_ogre_vendor/lib:/opt/ros/galactic/lib/x86_64-linux-gnu:/opt/ros/galactic/lib:/home/sentry/TUP2024-Sentry-Framework/src/IG_LIO_SLAM/ThirdParty/octomap-Dynamic_point_cloud_removal/lib:/opt/intel/openvino_2022/tools/compile_tool:/opt/intel/openvino_2022/runtime/3rdparty/hddl/lib:/opt/intel/openvino_2022/runtime/lib/intel64:/opt/MVS/lib/64:/opt/MVS/lib/32:/opt/MVS/lib/64:/opt/MVS/lib/32:/usr/local/opencv4/lib:/usr/local/opencv4/lib PYTHONPATH=/home/sentry/Wolf-Moon/install/nav2_msgs/lib/python3.8/site-packages:/home/sentry/Wolf-Moon/install/nav2_common/lib/python3.8/site-packages:/home/sentry/Wolf-Moon/install/auto_aim_interfaces/lib/python3.8/site-packages:/opt/intel/openvino_2022/python/python3.8:/opt/intel/openvino_2022/python/python3:/opt/ros/galactic/lib/python3.8/site-packages:/opt/intel/openvino_2022/python/python3.8:/opt/intel/openvino_2022/python/python3 /usr/bin/cmake --build /home/sentry/Wolf-Moon/build/sentry_decision_v2 -- -j12 -l12
[0.042s] -- Found ament_cmake: 1.1.6 (/opt/ros/galactic/share/ament_cmake/cmake)
[0.057s] -- Using PYTHON_EXECUTABLE: /usr/bin/python3
[0.101s] -- Found rclcpp: 9.2.2 (/opt/ros/galactic/share/rclcpp/cmake)
[0.126s] -- Using all available rosidl_typesupport_c: rosidl_typesupport_fastrtps_c;rosidl_typesupport_introspection_c
[0.128s] -- Found rosidl_adapter: 2.2.3 (/opt/ros/galactic/share/rosidl_adapter/cmake)
[0.221s] -- Using all available rosidl_typesupport_cpp: rosidl_typesupport_fastrtps_cpp;rosidl_typesupport_introspection_cpp
[0.256s] -- Found rmw_implementation_cmake: 3.3.1 (/opt/ros/galactic/share/rmw_implementation_cmake/cmake)
[0.257s] -- Found rmw_cyclonedds_cpp: 0.22.6 (/opt/ros/galactic/share/rmw_cyclonedds_cpp/cmake)
[0.269s] -- Using RMW implementation 'rmw_cyclonedds_cpp' as default
[0.367s] -- Found nav2_util: 1.0.12 (/home/sentry/Wolf-Moon/install/nav2_util/share/nav2_util/cmake)
[0.863s] -- Found eigen3_cmake_module: 0.1.1 (/opt/ros/galactic/share/eigen3_cmake_module/cmake)
[0.985s] -- Found nav2_lifecycle_manager: 1.0.12 (/home/sentry/Wolf-Moon/install/nav2_lifecycle_manager/share/nav2_lifecycle_manager/cmake)
[1.214s] -- Found nav2_behavior_tree: 1.0.12 (/home/sentry/Wolf-Moon/install/nav2_behavior_tree/share/nav2_behavior_tree/cmake)
[1.494s] -- Found robot_state_publisher: 2.5.3 (/opt/ros/galactic/share/robot_state_publisher/cmake)
[1.535s] -- Found rosidl_default_generators: 1.1.1 (/opt/ros/galactic/share/rosidl_default_generators/cmake)
[1.541s] -- Found auto_aim_interfaces: 0.0.0 (/home/sentry/Wolf-Moon/install/auto_aim_interfaces/share/auto_aim_interfaces/cmake)
[1.624s] -- Found visualization_msgs: 2.2.4 (/opt/ros/galactic/share/visualization_msgs/cmake)
[3.482s] -- Found ament_lint_auto: 0.10.7 (/opt/ros/galactic/share/ament_lint_auto/cmake)
[3.534s] -- Added test 'copyright' to check source files copyright and LICENSE
[3.535s] -- Added test 'cppcheck' to perform static code analysis on C / C++ code
[3.535s] -- Configured cppcheck include dirs: $<BUILD_INTERFACE:/home/sentry/Wolf-Moon/src/sentry_decision_v2/include>
[3.535s] -- Configured cppcheck exclude dirs and/or files: 
[3.536s] -- Added test 'cpplint' to check C / C++ code against the Google style
[3.536s] -- Configured cpplint exclude dirs and/or files: 
[3.536s] -- Added test 'flake8' to check Python code syntax and style conventions
[3.537s] -- Added test 'lint_cmake' to check CMake code style
[3.537s] -- Added test 'pep257' to check Python code against some of the style conventions in PEP 257
[3.538s] -- Added test 'uncrustify' to check C / C++ code style
[3.538s] -- Configured uncrustify additional arguments: 
[3.538s] -- Added test 'xmllint' to check XML markup files
[3.540s] -- Configuring done
[3.571s] -- Generating done
[3.585s] -- Build files have been written to: /home/sentry/Wolf-Moon/build/sentry_decision_v2
[3.610s] [35m[1mScanning dependencies of target decision_node[0m
[3.651s] [ 33%] [32mBuilding CXX object CMakeFiles/decision_node.dir/src/decision_node.cpp.o[0m
[19.322s] [ 66%] [32mBuilding CXX object CMakeFiles/decision_node.dir/src/Json/jsoncpp.cpp.o[0m
[22.565s] [100%] [32m[1mLinking CXX executable decision_node[0m
[22.818s] [100%] Built target decision_node
[22.826s] Invoked command in '/home/sentry/Wolf-Moon/build/sentry_decision_v2' returned '0': AMENT_PREFIX_PATH=/home/sentry/Wolf-Moon/install/nav2_lifecycle_manager:/home/sentry/Wolf-Moon/install/nav2_behavior_tree:/home/sentry/Wolf-Moon/install/nav2_util:/home/sentry/Wolf-Moon/install/nav2_msgs:/home/sentry/Wolf-Moon/install/nav2_common:/home/sentry/Wolf-Moon/install/auto_aim_interfaces:${AMENT_PREFIX_PATH} CMAKE_PREFIX_PATH=/home/sentry/Wolf-Moon/install/nav2_lifecycle_manager:/home/sentry/Wolf-Moon/install/nav2_behavior_tree:/home/sentry/Wolf-Moon/install/nav2_util:/home/sentry/Wolf-Moon/install/nav2_msgs:/home/sentry/Wolf-Moon/install/nav2_common:/home/sentry/Wolf-Moon/install/auto_aim_interfaces:/opt/ros/galactic LD_LIBRARY_PATH=/home/sentry/Wolf-Moon/install/nav2_lifecycle_manager/lib:/home/sentry/Wolf-Moon/install/nav2_behavior_tree/lib:/home/sentry/Wolf-Moon/install/nav2_util/lib:/home/sentry/Wolf-Moon/install/nav2_msgs/lib:/home/sentry/Wolf-Moon/install/auto_aim_interfaces/lib:/opt/MVS/lib/64:/opt/MVS/lib/32:/home/sentry/TUP2024-Sentry-Framework/src/IG_LIO_SLAM/ThirdParty/octomap-Dynamic_point_cloud_removal/lib:/opt/intel/openvino_2022/tools/compile_tool:/opt/intel/openvino_2022/runtime/3rdparty/hddl/lib:/opt/intel/openvino_2022/runtime/lib/intel64:/opt/MVS/lib/64:/opt/MVS/lib/32:/usr/lib/x86_64-linux-gnu/gazebo-11/plugins:/opt/ros/galactic/opt/yaml_cpp_vendor/lib:/opt/ros/galactic/opt/rviz_ogre_vendor/lib:/opt/ros/galactic/lib/x86_64-linux-gnu:/opt/ros/galactic/lib:/home/sentry/TUP2024-Sentry-Framework/src/IG_LIO_SLAM/ThirdParty/octomap-Dynamic_point_cloud_removal/lib:/opt/intel/openvino_2022/tools/compile_tool:/opt/intel/openvino_2022/runtime/3rdparty/hddl/lib:/opt/intel/openvino_2022/runtime/lib/intel64:/opt/MVS/lib/64:/opt/MVS/lib/32:/opt/MVS/lib/64:/opt/MVS/lib/32:/usr/local/opencv4/lib:/usr/local/opencv4/lib PYTHONPATH=/home/sentry/Wolf-Moon/install/nav2_msgs/lib/python3.8/site-packages:/home/sentry/Wolf-Moon/install/nav2_common/lib/python3.8/site-packages:/home/sentry/Wolf-Moon/install/auto_aim_interfaces/lib/python3.8/site-packages:/opt/intel/openvino_2022/python/python3.8:/opt/intel/openvino_2022/python/python3:/opt/ros/galactic/lib/python3.8/site-packages:/opt/intel/openvino_2022/python/python3.8:/opt/intel/openvino_2022/python/python3 /usr/bin/cmake --build /home/sentry/Wolf-Moon/build/sentry_decision_v2 -- -j12 -l12
[22.829s] Invoking command in '/home/sentry/Wolf-Moon/build/sentry_decision_v2': AMENT_PREFIX_PATH=/home/sentry/Wolf-Moon/install/nav2_lifecycle_manager:/home/sentry/Wolf-Moon/install/nav2_behavior_tree:/home/sentry/Wolf-Moon/install/nav2_util:/home/sentry/Wolf-Moon/install/nav2_msgs:/home/sentry/Wolf-Moon/install/nav2_common:/home/sentry/Wolf-Moon/install/auto_aim_interfaces:${AMENT_PREFIX_PATH} CMAKE_PREFIX_PATH=/home/sentry/Wolf-Moon/install/nav2_lifecycle_manager:/home/sentry/Wolf-Moon/install/nav2_behavior_tree:/home/sentry/Wolf-Moon/install/nav2_util:/home/sentry/Wolf-Moon/install/nav2_msgs:/home/sentry/Wolf-Moon/install/nav2_common:/home/sentry/Wolf-Moon/install/auto_aim_interfaces:/opt/ros/galactic LD_LIBRARY_PATH=/home/sentry/Wolf-Moon/install/nav2_lifecycle_manager/lib:/home/sentry/Wolf-Moon/install/nav2_behavior_tree/lib:/home/sentry/Wolf-Moon/install/nav2_util/lib:/home/sentry/Wolf-Moon/install/nav2_msgs/lib:/home/sentry/Wolf-Moon/install/auto_aim_interfaces/lib:/opt/MVS/lib/64:/opt/MVS/lib/32:/home/sentry/TUP2024-Sentry-Framework/src/IG_LIO_SLAM/ThirdParty/octomap-Dynamic_point_cloud_removal/lib:/opt/intel/openvino_2022/tools/compile_tool:/opt/intel/openvino_2022/runtime/3rdparty/hddl/lib:/opt/intel/openvino_2022/runtime/lib/intel64:/opt/MVS/lib/64:/opt/MVS/lib/32:/usr/lib/x86_64-linux-gnu/gazebo-11/plugins:/opt/ros/galactic/opt/yaml_cpp_vendor/lib:/opt/ros/galactic/opt/rviz_ogre_vendor/lib:/opt/ros/galactic/lib/x86_64-linux-gnu:/opt/ros/galactic/lib:/home/sentry/TUP2024-Sentry-Framework/src/IG_LIO_SLAM/ThirdParty/octomap-Dynamic_point_cloud_removal/lib:/opt/intel/openvino_2022/tools/compile_tool:/opt/intel/openvino_2022/runtime/3rdparty/hddl/lib:/opt/intel/openvino_2022/runtime/lib/intel64:/opt/MVS/lib/64:/opt/MVS/lib/32:/opt/MVS/lib/64:/opt/MVS/lib/32:/usr/local/opencv4/lib:/usr/local/opencv4/lib PYTHONPATH=/home/sentry/Wolf-Moon/install/nav2_msgs/lib/python3.8/site-packages:/home/sentry/Wolf-Moon/install/nav2_common/lib/python3.8/site-packages:/home/sentry/Wolf-Moon/install/auto_aim_interfaces/lib/python3.8/site-packages:/opt/intel/openvino_2022/python/python3.8:/opt/intel/openvino_2022/python/python3:/opt/ros/galactic/lib/python3.8/site-packages:/opt/intel/openvino_2022/python/python3.8:/opt/intel/openvino_2022/python/python3 /usr/bin/cmake --install /home/sentry/Wolf-Moon/build/sentry_decision_v2
[22.835s] -- Install configuration: "Release"
[22.835s] -- Installing: /home/sentry/Wolf-Moon/install/sentry_decision_v2/lib/sentry_decision_v2/decision_node
[22.836s] -- Set runtime path of "/home/sentry/Wolf-Moon/install/sentry_decision_v2/lib/sentry_decision_v2/decision_node" to ""
[22.836s] -- Up-to-date: /home/sentry/Wolf-Moon/install/sentry_decision_v2/share/sentry_decision_v2/launch
[22.837s] -- Up-to-date: /home/sentry/Wolf-Moon/install/sentry_decision_v2/share/sentry_decision_v2/launch/launch.py
[22.837s] -- Up-to-date: /home/sentry/Wolf-Moon/install/sentry_decision_v2/share/sentry_decision_v2/JsonFiles
[22.837s] -- Up-to-date: /home/sentry/Wolf-Moon/install/sentry_decision_v2/share/sentry_decision_v2/JsonFiles/rmuc_decisions_test2.json
[22.837s] -- Up-to-date: /home/sentry/Wolf-Moon/install/sentry_decision_v2/share/sentry_decision_v2/JsonFiles/rmuc_decisions_test.json
[22.837s] -- Up-to-date: /home/sentry/Wolf-Moon/install/sentry_decision_v2/share/sentry_decision_v2/JsonFiles/rmuc_waypoints.json
[22.837s] -- Up-to-date: /home/sentry/Wolf-Moon/install/sentry_decision_v2/share/sentry_decision_v2/JsonFiles/rmuc_decisions_test3.json
[22.837s] -- Up-to-date: /home/sentry/Wolf-Moon/install/sentry_decision_v2/share/sentry_decision_v2/JsonFiles/default_decisions_2.json
[22.838s] -- Up-to-date: /home/sentry/Wolf-Moon/install/sentry_decision_v2/share/sentry_decision_v2/JsonFiles/default_waypoints.json
[22.839s] -- Up-to-date: /home/sentry/Wolf-Moon/install/sentry_decision_v2/share/sentry_decision_v2/JsonFiles/default_waypoints_2.json
[22.840s] -- Up-to-date: /home/sentry/Wolf-Moon/install/sentry_decision_v2/share/sentry_decision_v2/JsonFiles/default_decisions.json
[22.840s] -- Up-to-date: /home/sentry/Wolf-Moon/install/sentry_decision_v2/share/sentry_decision_v2/config
[22.840s] -- Up-to-date: /home/sentry/Wolf-Moon/install/sentry_decision_v2/share/sentry_decision_v2/config/parameters.yaml
[22.840s] -- Up-to-date: /home/sentry/Wolf-Moon/install/sentry_decision_v2/share/ament_index/resource_index/package_run_dependencies/sentry_decision_v2
[22.840s] -- Up-to-date: /home/sentry/Wolf-Moon/install/sentry_decision_v2/share/ament_index/resource_index/parent_prefix_path/sentry_decision_v2
[22.840s] -- Up-to-date: /home/sentry/Wolf-Moon/install/sentry_decision_v2/share/sentry_decision_v2/environment/ament_prefix_path.sh
[22.840s] -- Installing: /home/sentry/Wolf-Moon/install/sentry_decision_v2/share/sentry_decision_v2/environment/ament_prefix_path.dsv
[22.840s] -- Up-to-date: /home/sentry/Wolf-Moon/install/sentry_decision_v2/share/sentry_decision_v2/environment/path.sh
[22.840s] -- Installing: /home/sentry/Wolf-Moon/install/sentry_decision_v2/share/sentry_decision_v2/environment/path.dsv
[22.840s] -- Up-to-date: /home/sentry/Wolf-Moon/install/sentry_decision_v2/share/sentry_decision_v2/local_setup.bash
[22.840s] -- Up-to-date: /home/sentry/Wolf-Moon/install/sentry_decision_v2/share/sentry_decision_v2/local_setup.sh
[22.840s] -- Up-to-date: /home/sentry/Wolf-Moon/install/sentry_decision_v2/share/sentry_decision_v2/local_setup.zsh
[22.840s] -- Installing: /home/sentry/Wolf-Moon/install/sentry_decision_v2/share/sentry_decision_v2/local_setup.dsv
[22.840s] -- Installing: /home/sentry/Wolf-Moon/install/sentry_decision_v2/share/sentry_decision_v2/package.dsv
[22.840s] -- Up-to-date: /home/sentry/Wolf-Moon/install/sentry_decision_v2/share/ament_index/resource_index/packages/sentry_decision_v2
[22.840s] -- Up-to-date: /home/sentry/Wolf-Moon/install/sentry_decision_v2/share/sentry_decision_v2/cmake/sentry_decision_v2Config.cmake
[22.840s] -- Up-to-date: /home/sentry/Wolf-Moon/install/sentry_decision_v2/share/sentry_decision_v2/cmake/sentry_decision_v2Config-version.cmake
[22.840s] -- Up-to-date: /home/sentry/Wolf-Moon/install/sentry_decision_v2/share/sentry_decision_v2/package.xml
[22.840s] Invoked command in '/home/sentry/Wolf-Moon/build/sentry_decision_v2' returned '0': AMENT_PREFIX_PATH=/home/sentry/Wolf-Moon/install/nav2_lifecycle_manager:/home/sentry/Wolf-Moon/install/nav2_behavior_tree:/home/sentry/Wolf-Moon/install/nav2_util:/home/sentry/Wolf-Moon/install/nav2_msgs:/home/sentry/Wolf-Moon/install/nav2_common:/home/sentry/Wolf-Moon/install/auto_aim_interfaces:${AMENT_PREFIX_PATH} CMAKE_PREFIX_PATH=/home/sentry/Wolf-Moon/install/nav2_lifecycle_manager:/home/sentry/Wolf-Moon/install/nav2_behavior_tree:/home/sentry/Wolf-Moon/install/nav2_util:/home/sentry/Wolf-Moon/install/nav2_msgs:/home/sentry/Wolf-Moon/install/nav2_common:/home/sentry/Wolf-Moon/install/auto_aim_interfaces:/opt/ros/galactic LD_LIBRARY_PATH=/home/sentry/Wolf-Moon/install/nav2_lifecycle_manager/lib:/home/sentry/Wolf-Moon/install/nav2_behavior_tree/lib:/home/sentry/Wolf-Moon/install/nav2_util/lib:/home/sentry/Wolf-Moon/install/nav2_msgs/lib:/home/sentry/Wolf-Moon/install/auto_aim_interfaces/lib:/opt/MVS/lib/64:/opt/MVS/lib/32:/home/sentry/TUP2024-Sentry-Framework/src/IG_LIO_SLAM/ThirdParty/octomap-Dynamic_point_cloud_removal/lib:/opt/intel/openvino_2022/tools/compile_tool:/opt/intel/openvino_2022/runtime/3rdparty/hddl/lib:/opt/intel/openvino_2022/runtime/lib/intel64:/opt/MVS/lib/64:/opt/MVS/lib/32:/usr/lib/x86_64-linux-gnu/gazebo-11/plugins:/opt/ros/galactic/opt/yaml_cpp_vendor/lib:/opt/ros/galactic/opt/rviz_ogre_vendor/lib:/opt/ros/galactic/lib/x86_64-linux-gnu:/opt/ros/galactic/lib:/home/sentry/TUP2024-Sentry-Framework/src/IG_LIO_SLAM/ThirdParty/octomap-Dynamic_point_cloud_removal/lib:/opt/intel/openvino_2022/tools/compile_tool:/opt/intel/openvino_2022/runtime/3rdparty/hddl/lib:/opt/intel/openvino_2022/runtime/lib/intel64:/opt/MVS/lib/64:/opt/MVS/lib/32:/opt/MVS/lib/64:/opt/MVS/lib/32:/usr/local/opencv4/lib:/usr/local/opencv4/lib PYTHONPATH=/home/sentry/Wolf-Moon/install/nav2_msgs/lib/python3.8/site-packages:/home/sentry/Wolf-Moon/install/nav2_common/lib/python3.8/site-packages:/home/sentry/Wolf-Moon/install/auto_aim_interfaces/lib/python3.8/site-packages:/opt/intel/openvino_2022/python/python3.8:/opt/intel/openvino_2022/python/python3:/opt/ros/galactic/lib/python3.8/site-packages:/opt/intel/openvino_2022/python/python3.8:/opt/intel/openvino_2022/python/python3 /usr/bin/cmake --install /home/sentry/Wolf-Moon/build/sentry_decision_v2
