[0.679s] Invoking command in '/home/sentry/Wolf-Moon/src/ros2_tools/src/rosbag_record': PYTHONPATH=/home/sentry/Wolf-Moon/build/rosbag_record/prefix_override:/usr/lib/python3/dist-packages/colcon_core/task/python/colcon_distutils_commands:/home/sentry/Wolf-Moon/install/rosbag_record/lib/python3.8/site-packages:${PYTHONPATH} /usr/bin/python3 -W ignore:setup.py install is deprecated -W ignore:easy_install command is deprecated setup.py egg_info --egg-base ../../../../build/rosbag_record build --build-base /home/sentry/Wolf-Moon/build/rosbag_record/build install --record /home/sentry/Wolf-Moon/build/rosbag_record/install.log --single-version-externally-managed install_data
[0.849s] running egg_info
[0.849s] writing ../../../../build/rosbag_record/rosbag_record.egg-info/PKG-INFO
[0.850s] writing dependency_links to ../../../../build/rosbag_record/rosbag_record.egg-info/dependency_links.txt
[0.850s] writing entry points to ../../../../build/rosbag_record/rosbag_record.egg-info/entry_points.txt
[0.850s] writing requirements to ../../../../build/rosbag_record/rosbag_record.egg-info/requires.txt
[0.850s] writing top-level names to ../../../../build/rosbag_record/rosbag_record.egg-info/top_level.txt
[0.894s] reading manifest file '../../../../build/rosbag_record/rosbag_record.egg-info/SOURCES.txt'
[0.895s] writing manifest file '../../../../build/rosbag_record/rosbag_record.egg-info/SOURCES.txt'
[0.895s] running build
[0.895s] running build_py
[0.895s] running install
[0.896s] running install_lib
[0.898s] running install_data
[0.898s] running install_egg_info
[0.901s] removing '/home/sentry/Wolf-Moon/install/rosbag_record/lib/python3.8/site-packages/rosbag_record-0.0.0-py3.8.egg-info' (and everything under it)
[0.902s] Copying ../../../../build/rosbag_record/rosbag_record.egg-info to /home/sentry/Wolf-Moon/install/rosbag_record/lib/python3.8/site-packages/rosbag_record-0.0.0-py3.8.egg-info
[0.902s] running install_scripts
[0.924s] Installing rosbag_record_helper script to /home/sentry/Wolf-Moon/install/rosbag_record/lib/rosbag_record
[0.924s] writing list of installed files to '/home/sentry/Wolf-Moon/build/rosbag_record/install.log'
[0.951s] Invoked command in '/home/sentry/Wolf-Moon/src/ros2_tools/src/rosbag_record' returned '0': PYTHONPATH=/home/sentry/Wolf-Moon/build/rosbag_record/prefix_override:/usr/lib/python3/dist-packages/colcon_core/task/python/colcon_distutils_commands:/home/sentry/Wolf-Moon/install/rosbag_record/lib/python3.8/site-packages:${PYTHONPATH} /usr/bin/python3 -W ignore:setup.py install is deprecated -W ignore:easy_install command is deprecated setup.py egg_info --egg-base ../../../../build/rosbag_record build --build-base /home/sentry/Wolf-Moon/build/rosbag_record/build install --record /home/sentry/Wolf-Moon/build/rosbag_record/install.log --single-version-externally-managed install_data
