[0.036s] Invoking command in '/home/sentry/Wolf-Moon/build/grid_map_octomap': AMENT_PREFIX_PATH=/home/sentry/Wolf-Moon/install/grid_map_core:/home/sentry/Wolf-Moon/install/grid_map_cmake_helpers:${AMENT_PREFIX_PATH} CMAKE_PREFIX_PATH=/home/sentry/Wolf-Moon/install/grid_map_core:/home/sentry/Wolf-Moon/install/grid_map_cmake_helpers:/opt/ros/galactic LD_LIBRARY_PATH=/home/sentry/Wolf-Moon/install/grid_map_core/lib:${LD_LIBRARY_PATH} /usr/bin/cmake --build /home/sentry/Wolf-Moon/build/grid_map_octomap -- -j12 -l12
[0.114s] [ 22%] Built target gtest
[0.124s] [ 44%] Built target gtest_main
[0.136s] [ 66%] Built target grid_map_octomap
[0.226s] [100%] Built target grid_map_octomap-test
[0.311s] Invoked command in '/home/sentry/Wolf-Moon/build/grid_map_octomap' returned '0': AMENT_PREFIX_PATH=/home/sentry/Wolf-Moon/install/grid_map_core:/home/sentry/Wolf-Moon/install/grid_map_cmake_helpers:${AMENT_PREFIX_PATH} CMAKE_PREFIX_PATH=/home/sentry/Wolf-Moon/install/grid_map_core:/home/sentry/Wolf-Moon/install/grid_map_cmake_helpers:/opt/ros/galactic LD_LIBRARY_PATH=/home/sentry/Wolf-Moon/install/grid_map_core/lib:${LD_LIBRARY_PATH} /usr/bin/cmake --build /home/sentry/Wolf-Moon/build/grid_map_octomap -- -j12 -l12
[0.312s] Invoking command in '/home/sentry/Wolf-Moon/build/grid_map_octomap': AMENT_PREFIX_PATH=/home/sentry/Wolf-Moon/install/grid_map_core:/home/sentry/Wolf-Moon/install/grid_map_cmake_helpers:${AMENT_PREFIX_PATH} CMAKE_PREFIX_PATH=/home/sentry/Wolf-Moon/install/grid_map_core:/home/sentry/Wolf-Moon/install/grid_map_cmake_helpers:/opt/ros/galactic LD_LIBRARY_PATH=/home/sentry/Wolf-Moon/install/grid_map_core/lib:${LD_LIBRARY_PATH} /usr/bin/cmake --install /home/sentry/Wolf-Moon/build/grid_map_octomap
[0.320s] -- Install configuration: ""
[0.320s] -- Up-to-date: /home/sentry/Wolf-Moon/install/grid_map_octomap/lib/libgrid_map_octomap.a
[0.321s] -- Up-to-date: /home/sentry/Wolf-Moon/install/grid_map_octomap/include/grid_map_octomap
[0.321s] -- Up-to-date: /home/sentry/Wolf-Moon/install/grid_map_octomap/include/grid_map_octomap/grid_map_octomap.hpp
[0.321s] -- Up-to-date: /home/sentry/Wolf-Moon/install/grid_map_octomap/include/grid_map_octomap/GridMapOctomapConverter.hpp
[0.322s] -- Up-to-date: /home/sentry/Wolf-Moon/install/grid_map_octomap/share/grid_map_octomap/environment/library_path.sh
[0.324s] -- Up-to-date: /home/sentry/Wolf-Moon/install/grid_map_octomap/share/grid_map_octomap/environment/library_path.dsv
[0.325s] -- Up-to-date: /home/sentry/Wolf-Moon/install/grid_map_octomap/share/ament_index/resource_index/package_run_dependencies/grid_map_octomap
[0.325s] -- Up-to-date: /home/sentry/Wolf-Moon/install/grid_map_octomap/share/ament_index/resource_index/parent_prefix_path/grid_map_octomap
[0.325s] -- Up-to-date: /home/sentry/Wolf-Moon/install/grid_map_octomap/share/grid_map_octomap/environment/ament_prefix_path.sh
[0.326s] -- Up-to-date: /home/sentry/Wolf-Moon/install/grid_map_octomap/share/grid_map_octomap/environment/ament_prefix_path.dsv
[0.326s] -- Up-to-date: /home/sentry/Wolf-Moon/install/grid_map_octomap/share/grid_map_octomap/environment/path.sh
[0.326s] -- Up-to-date: /home/sentry/Wolf-Moon/install/grid_map_octomap/share/grid_map_octomap/environment/path.dsv
[0.326s] -- Up-to-date: /home/sentry/Wolf-Moon/install/grid_map_octomap/share/grid_map_octomap/local_setup.bash
[0.326s] -- Up-to-date: /home/sentry/Wolf-Moon/install/grid_map_octomap/share/grid_map_octomap/local_setup.sh
[0.326s] -- Up-to-date: /home/sentry/Wolf-Moon/install/grid_map_octomap/share/grid_map_octomap/local_setup.zsh
[0.326s] -- Up-to-date: /home/sentry/Wolf-Moon/install/grid_map_octomap/share/grid_map_octomap/local_setup.dsv
[0.326s] -- Installing: /home/sentry/Wolf-Moon/install/grid_map_octomap/share/grid_map_octomap/package.dsv
[0.326s] -- Up-to-date: /home/sentry/Wolf-Moon/install/grid_map_octomap/share/ament_index/resource_index/packages/grid_map_octomap
[0.326s] -- Up-to-date: /home/sentry/Wolf-Moon/install/grid_map_octomap/share/grid_map_octomap/cmake/ament_cmake_export_dependencies-extras.cmake
[0.327s] -- Up-to-date: /home/sentry/Wolf-Moon/install/grid_map_octomap/share/grid_map_octomap/cmake/ament_cmake_export_include_directories-extras.cmake
[0.327s] -- Up-to-date: /home/sentry/Wolf-Moon/install/grid_map_octomap/share/grid_map_octomap/cmake/ament_cmake_export_libraries-extras.cmake
[0.327s] -- Up-to-date: /home/sentry/Wolf-Moon/install/grid_map_octomap/share/grid_map_octomap/cmake/grid_map_octomapConfig.cmake
[0.327s] -- Up-to-date: /home/sentry/Wolf-Moon/install/grid_map_octomap/share/grid_map_octomap/cmake/grid_map_octomapConfig-version.cmake
[0.327s] -- Up-to-date: /home/sentry/Wolf-Moon/install/grid_map_octomap/share/grid_map_octomap/package.xml
[0.365s] Invoked command in '/home/sentry/Wolf-Moon/build/grid_map_octomap' returned '0': AMENT_PREFIX_PATH=/home/sentry/Wolf-Moon/install/grid_map_core:/home/sentry/Wolf-Moon/install/grid_map_cmake_helpers:${AMENT_PREFIX_PATH} CMAKE_PREFIX_PATH=/home/sentry/Wolf-Moon/install/grid_map_core:/home/sentry/Wolf-Moon/install/grid_map_cmake_helpers:/opt/ros/galactic LD_LIBRARY_PATH=/home/sentry/Wolf-Moon/install/grid_map_core/lib:${LD_LIBRARY_PATH} /usr/bin/cmake --install /home/sentry/Wolf-Moon/build/grid_map_octomap
