[0.098s] Invoking command in '/home/sentry/Wolf-Moon/build/octomap_dynamic_map': /usr/bin/cmake --build /home/sentry/Wolf-Moon/build/octomap_dynamic_map -- -j12 -l12
[0.315s] [  5%] Built target octomath
[0.317s] [ 10%] Built target octomath-static
[0.376s] [ 23%] Built target octomap
[0.397s] [ 35%] Built target octomap-static
[0.530s] [ 38%] Built target dm_lib
[0.545s] [ 41%] Built target octree2pointcloud
[0.563s] [ 43%] Built target graph2tree
[0.571s] [ 46%] Built target binvox2bt
[0.576s] [ 48%] Built target simple_example
[0.593s] [ 51%] Built target log2graph
[0.663s] [ 53%] Built target compare_octrees
[0.666s] [ 56%] Built target normals_example
[0.682s] [ 58%] Built target eval_octree_accuracy
[0.721s] [ 61%] Built target test_raycasting
[0.732s] [ 64%] Built target test_iterators
[0.746s] [ 66%] Built target convert_octree
[0.843s] [ 69%] Built target edit_octree
[0.854s] [ 71%] Built target bt2vrml
[0.855s] [ 74%] Built target test_scans
[0.872s] [ 76%] Built target intersection_example
[0.872s] [ 79%] Built target test_pruning
[0.877s] [ 82%] Built target test_mapcollection
[0.958s] [ 84%] Built target color_tree_histogram
[0.979s] [ 89%] Built target unit_tests
[0.979s] [ 89%] Built target test_changedkeys
[0.980s] [ 92%] Built target test_color_tree
[1.012s] [ 94%] Built target test_bbx
[1.029s] [ 97%] Built target test_io
[1.119s] [100%] Built target octomap_run
[1.193s] Invoked command in '/home/sentry/Wolf-Moon/build/octomap_dynamic_map' returned '0': /usr/bin/cmake --build /home/sentry/Wolf-Moon/build/octomap_dynamic_map -- -j12 -l12
[1.197s] Invoking command in '/home/sentry/Wolf-Moon/build/octomap_dynamic_map': /usr/bin/cmake --install /home/sentry/Wolf-Moon/build/octomap_dynamic_map
[1.275s] -- Install configuration: "Release"
[1.275s] -- Up-to-date: /home/sentry/Wolf-Moon/install/octomap_dynamic_map/include/octomap/AbstractOcTree.h
[1.275s] -- Up-to-date: /home/sentry/Wolf-Moon/install/octomap_dynamic_map/include/octomap/AbstractOccupancyOcTree.h
[1.275s] -- Up-to-date: /home/sentry/Wolf-Moon/install/octomap_dynamic_map/include/octomap/ColorOcTree.h
[1.275s] -- Up-to-date: /home/sentry/Wolf-Moon/install/octomap_dynamic_map/include/octomap/CountingOcTree.h
[1.275s] -- Up-to-date: /home/sentry/Wolf-Moon/install/octomap_dynamic_map/include/octomap/MCTables.h
[1.275s] -- Up-to-date: /home/sentry/Wolf-Moon/install/octomap_dynamic_map/include/octomap/MapCollection.h
[1.275s] -- Up-to-date: /home/sentry/Wolf-Moon/install/octomap_dynamic_map/include/octomap/MapCollection.hxx
[1.275s] -- Up-to-date: /home/sentry/Wolf-Moon/install/octomap_dynamic_map/include/octomap/MapNode.h
[1.275s] -- Up-to-date: /home/sentry/Wolf-Moon/install/octomap_dynamic_map/include/octomap/MapNode.hxx
[1.275s] -- Up-to-date: /home/sentry/Wolf-Moon/install/octomap_dynamic_map/include/octomap/OcTree.h
[1.275s] -- Up-to-date: /home/sentry/Wolf-Moon/install/octomap_dynamic_map/include/octomap/OcTreeBase.h
[1.275s] -- Up-to-date: /home/sentry/Wolf-Moon/install/octomap_dynamic_map/include/octomap/OcTreeBaseImpl.h
[1.275s] -- Up-to-date: /home/sentry/Wolf-Moon/install/octomap_dynamic_map/include/octomap/OcTreeBaseImpl.hxx
[1.275s] -- Up-to-date: /home/sentry/Wolf-Moon/install/octomap_dynamic_map/include/octomap/OcTreeDataNode.h
[1.276s] -- Up-to-date: /home/sentry/Wolf-Moon/install/octomap_dynamic_map/include/octomap/OcTreeDataNode.hxx
[1.276s] -- Up-to-date: /home/sentry/Wolf-Moon/install/octomap_dynamic_map/include/octomap/OcTreeIterator.hxx
[1.276s] -- Up-to-date: /home/sentry/Wolf-Moon/install/octomap_dynamic_map/include/octomap/OcTreeKey.h
[1.276s] -- Up-to-date: /home/sentry/Wolf-Moon/install/octomap_dynamic_map/include/octomap/OcTreeNode.h
[1.276s] -- Up-to-date: /home/sentry/Wolf-Moon/install/octomap_dynamic_map/include/octomap/OcTreeStamped.h
[1.276s] -- Up-to-date: /home/sentry/Wolf-Moon/install/octomap_dynamic_map/include/octomap/OccupancyOcTreeBase.h
[1.276s] -- Up-to-date: /home/sentry/Wolf-Moon/install/octomap_dynamic_map/include/octomap/OccupancyOcTreeBase.hxx
[1.276s] -- Up-to-date: /home/sentry/Wolf-Moon/install/octomap_dynamic_map/include/octomap/Pointcloud.h
[1.276s] -- Up-to-date: /home/sentry/Wolf-Moon/install/octomap_dynamic_map/include/octomap/ScanGraph.h
[1.276s] -- Up-to-date: /home/sentry/Wolf-Moon/install/octomap_dynamic_map/include/octomap/octomap.h
[1.276s] -- Up-to-date: /home/sentry/Wolf-Moon/install/octomap_dynamic_map/include/octomap/octomap_deprecated.h
[1.276s] -- Up-to-date: /home/sentry/Wolf-Moon/install/octomap_dynamic_map/include/octomap/octomap_timing.h
[1.277s] -- Up-to-date: /home/sentry/Wolf-Moon/install/octomap_dynamic_map/include/octomap/octomap_types.h
[1.277s] -- Up-to-date: /home/sentry/Wolf-Moon/install/octomap_dynamic_map/include/octomap/octomap_utils.h
[1.277s] -- Up-to-date: /home/sentry/Wolf-Moon/install/octomap_dynamic_map/include/octomap/math/Pose6D.h
[1.277s] -- Up-to-date: /home/sentry/Wolf-Moon/install/octomap_dynamic_map/include/octomap/math/Quaternion.h
[1.277s] -- Up-to-date: /home/sentry/Wolf-Moon/install/octomap_dynamic_map/include/octomap/math/Utils.h
[1.277s] -- Up-to-date: /home/sentry/Wolf-Moon/install/octomap_dynamic_map/include/octomap/math/Vector3.h
[1.277s] -- Up-to-date: /home/sentry/Wolf-Moon/install/octomap_dynamic_map/share/octomap/package.xml
[1.277s] -- Up-to-date: /home/sentry/Wolf-Moon/install/octomap_dynamic_map/share/ament_index/resource_index/packages/octomap
[1.277s] -- Up-to-date: /home/sentry/Wolf-Moon/install/octomap_dynamic_map/share/octomap/octomap-config.cmake
[1.278s] -- Up-to-date: /home/sentry/Wolf-Moon/install/octomap_dynamic_map/share/octomap/octomap-config-version.cmake
[1.278s] -- Up-to-date: /home/sentry/Wolf-Moon/install/octomap_dynamic_map/lib/pkgconfig/octomap.pc
[1.278s] -- Up-to-date: /home/sentry/Wolf-Moon/install/octomap_dynamic_map/lib/liboctomath.so.1.9.8
[1.278s] -- Up-to-date: /home/sentry/Wolf-Moon/install/octomap_dynamic_map/lib/liboctomath.so.1.9
[1.278s] -- Up-to-date: /home/sentry/Wolf-Moon/install/octomap_dynamic_map/lib/liboctomath.so
[1.279s] -- Up-to-date: /home/sentry/Wolf-Moon/install/octomap_dynamic_map/lib/liboctomath.a
[1.279s] -- Up-to-date: /home/sentry/Wolf-Moon/install/octomap_dynamic_map/lib/liboctomap.so.1.9.8
[1.279s] -- Up-to-date: /home/sentry/Wolf-Moon/install/octomap_dynamic_map/lib/liboctomap.so.1.9
[1.279s] -- Up-to-date: /home/sentry/Wolf-Moon/install/octomap_dynamic_map/lib/liboctomap.so
[1.279s] -- Up-to-date: /home/sentry/Wolf-Moon/install/octomap_dynamic_map/lib/liboctomap.a
[1.279s] -- Up-to-date: /home/sentry/Wolf-Moon/install/octomap_dynamic_map/share/octomap/octomap-targets.cmake
[1.280s] -- Up-to-date: /home/sentry/Wolf-Moon/install/octomap_dynamic_map/share/octomap/octomap-targets-release.cmake
[1.280s] -- Up-to-date: /home/sentry/Wolf-Moon/install/octomap_dynamic_map/bin/graph2tree
[1.280s] -- Up-to-date: /home/sentry/Wolf-Moon/install/octomap_dynamic_map/bin/log2graph
[1.280s] -- Up-to-date: /home/sentry/Wolf-Moon/install/octomap_dynamic_map/bin/binvox2bt
[1.280s] -- Up-to-date: /home/sentry/Wolf-Moon/install/octomap_dynamic_map/bin/bt2vrml
[1.280s] -- Up-to-date: /home/sentry/Wolf-Moon/install/octomap_dynamic_map/bin/edit_octree
[1.288s] -- Up-to-date: /home/sentry/Wolf-Moon/install/octomap_dynamic_map/bin/convert_octree
[1.288s] -- Up-to-date: /home/sentry/Wolf-Moon/install/octomap_dynamic_map/bin/eval_octree_accuracy
[1.289s] -- Up-to-date: /home/sentry/Wolf-Moon/install/octomap_dynamic_map/bin/compare_octrees
[1.341s] Invoked command in '/home/sentry/Wolf-Moon/build/octomap_dynamic_map' returned '0': /usr/bin/cmake --install /home/sentry/Wolf-Moon/build/octomap_dynamic_map
