[0.175s] Invoking command in '/home/sentry/Wolf-Moon/build/nav2_msgs': CMAKE_PREFIX_PATH=/home/sentry/Wolf-Moon/install/nav2_common:/home/sentry/Wolf-Moon/install/sentry_decision_v2:/home/sentry/Wolf-Moon/install/octomap_dynamic_map:/home/sentry/Wolf-Moon/install/navigation_planning:/home/sentry/Wolf-Moon/install/grid_map:/home/sentry/Wolf-Moon/install/grid_map_costmap_2d:/home/sentry/Wolf-Moon/install/nav2_costmap_2d:/home/sentry/Wolf-Moon/install/nav2_voxel_grid:/home/sentry/Wolf-Moon/install/nav2_map_server:/home/sentry/Wolf-Moon/install/nav2_lifecycle_manager:/home/sentry/Wolf-Moon/install/nav2_behavior_tree:/home/sentry/Wolf-Moon/install/nav2_util:/home/sentry/Wolf-Moon/install/grid_map_demos:/home/sentry/Wolf-Moon/install/grid_map_visualization:/home/sentry/Wolf-Moon/install/grid_map_rviz_plugin:/home/sentry/Wolf-Moon/install/grid_map_pcl:/home/sentry/Wolf-Moon/install/grid_map_loader:/home/sentry/Wolf-Moon/install/grid_map_filters:/home/sentry/Wolf-Moon/install/grid_map_ros:/home/sentry/Wolf-Moon/install/nav2_msgs:/home/sentry/Wolf-Moon/install/livox_ros_driver2:/home/sentry/Wolf-Moon/install/ig_lio_c_msgs:/home/sentry/Wolf-Moon/install/ig_lio_c:/home/sentry/Wolf-Moon/install/grid_map_sdf:/home/sentry/Wolf-Moon/install/grid_map_octomap:/home/sentry/Wolf-Moon/install/grid_map_msgs:/home/sentry/Wolf-Moon/install/grid_map_cv:/home/sentry/Wolf-Moon/install/grid_map_core:/home/sentry/Wolf-Moon/install/grid_map_cmake_helpers:/home/sentry/Wolf-Moon/install/cv_bridge:/home/sentry/Wolf-Moon/install/auto_aim_interfaces:/home/sentry/Wolf-Moon/install/fake_msg_publisher:/opt/ros/galactic PYTHONPATH=/home/sentry/Wolf-Moon/install/nav2_common/lib/python3.8/site-packages:/home/sentry/Wolf-Moon/install/nav2_msgs/lib/python3.8/site-packages:/home/sentry/Wolf-Moon/install/livox_ros_driver2/lib/python3.8/site-packages:/home/sentry/Wolf-Moon/install/ig_lio_c_msgs/lib/python3.8/site-packages:/home/sentry/Wolf-Moon/install/grid_map_msgs/lib/python3.8/site-packages:/home/sentry/Wolf-Moon/install/fake_msg_publisher/lib/python3.8/site-packages:/home/sentry/Wolf-Moon/install/cv_bridge/lib/python3.8/site-packages:/home/sentry/Wolf-Moon/install/auto_aim_interfaces/lib/python3.8/site-packages:/opt/intel/openvino_2022/python/python3.8:/opt/intel/openvino_2022/python/python3:/opt/ros/galactic/lib/python3.8/site-packages:/opt/intel/openvino_2022/python/python3.8:/opt/intel/openvino_2022/python/python3 /usr/bin/cmake --build /home/sentry/Wolf-Moon/build/nav2_msgs -- -j12 -l12
[0.550s] [ 12%] Built target nav2_msgs__rosidl_generator_c
[0.696s] [ 12%] Built target nav2_msgs__cpp
[0.900s] [ 25%] Built target nav2_msgs__rosidl_typesupport_introspection_c
[1.041s] [ 37%] Built target nav2_msgs__rosidl_typesupport_fastrtps_cpp
[1.229s] [ 50%] Built target nav2_msgs__rosidl_typesupport_introspection_cpp
[1.367s] [ 62%] Built target nav2_msgs__rosidl_typesupport_fastrtps_c
[1.451s] [ 74%] Built target nav2_msgs__rosidl_typesupport_cpp
[1.508s] [ 86%] Built target nav2_msgs__rosidl_typesupport_c
[1.577s] [ 86%] Built target nav2_msgs
[1.630s] [ 86%] Built target nav2_msgs__py
[1.742s] [ 98%] Built target nav2_msgs__python
[1.828s] [ 98%] Built target nav2_msgs__rosidl_typesupport_introspection_c__pyext
[1.916s] [ 99%] Built target nav2_msgs__rosidl_typesupport_fastrtps_c__pyext
[1.961s] [100%] Built target nav2_msgs__rosidl_typesupport_c__pyext
[1.990s] Invoked command in '/home/sentry/Wolf-Moon/build/nav2_msgs' returned '0': CMAKE_PREFIX_PATH=/home/sentry/Wolf-Moon/install/nav2_common:/home/sentry/Wolf-Moon/install/sentry_decision_v2:/home/sentry/Wolf-Moon/install/octomap_dynamic_map:/home/sentry/Wolf-Moon/install/navigation_planning:/home/sentry/Wolf-Moon/install/grid_map:/home/sentry/Wolf-Moon/install/grid_map_costmap_2d:/home/sentry/Wolf-Moon/install/nav2_costmap_2d:/home/sentry/Wolf-Moon/install/nav2_voxel_grid:/home/sentry/Wolf-Moon/install/nav2_map_server:/home/sentry/Wolf-Moon/install/nav2_lifecycle_manager:/home/sentry/Wolf-Moon/install/nav2_behavior_tree:/home/sentry/Wolf-Moon/install/nav2_util:/home/sentry/Wolf-Moon/install/grid_map_demos:/home/sentry/Wolf-Moon/install/grid_map_visualization:/home/sentry/Wolf-Moon/install/grid_map_rviz_plugin:/home/sentry/Wolf-Moon/install/grid_map_pcl:/home/sentry/Wolf-Moon/install/grid_map_loader:/home/sentry/Wolf-Moon/install/grid_map_filters:/home/sentry/Wolf-Moon/install/grid_map_ros:/home/sentry/Wolf-Moon/install/nav2_msgs:/home/sentry/Wolf-Moon/install/livox_ros_driver2:/home/sentry/Wolf-Moon/install/ig_lio_c_msgs:/home/sentry/Wolf-Moon/install/ig_lio_c:/home/sentry/Wolf-Moon/install/grid_map_sdf:/home/sentry/Wolf-Moon/install/grid_map_octomap:/home/sentry/Wolf-Moon/install/grid_map_msgs:/home/sentry/Wolf-Moon/install/grid_map_cv:/home/sentry/Wolf-Moon/install/grid_map_core:/home/sentry/Wolf-Moon/install/grid_map_cmake_helpers:/home/sentry/Wolf-Moon/install/cv_bridge:/home/sentry/Wolf-Moon/install/auto_aim_interfaces:/home/sentry/Wolf-Moon/install/fake_msg_publisher:/opt/ros/galactic PYTHONPATH=/home/sentry/Wolf-Moon/install/nav2_common/lib/python3.8/site-packages:/home/sentry/Wolf-Moon/install/nav2_msgs/lib/python3.8/site-packages:/home/sentry/Wolf-Moon/install/livox_ros_driver2/lib/python3.8/site-packages:/home/sentry/Wolf-Moon/install/ig_lio_c_msgs/lib/python3.8/site-packages:/home/sentry/Wolf-Moon/install/grid_map_msgs/lib/python3.8/site-packages:/home/sentry/Wolf-Moon/install/fake_msg_publisher/lib/python3.8/site-packages:/home/sentry/Wolf-Moon/install/cv_bridge/lib/python3.8/site-packages:/home/sentry/Wolf-Moon/install/auto_aim_interfaces/lib/python3.8/site-packages:/opt/intel/openvino_2022/python/python3.8:/opt/intel/openvino_2022/python/python3:/opt/ros/galactic/lib/python3.8/site-packages:/opt/intel/openvino_2022/python/python3.8:/opt/intel/openvino_2022/python/python3 /usr/bin/cmake --build /home/sentry/Wolf-Moon/build/nav2_msgs -- -j12 -l12
[1.997s] Invoking command in '/home/sentry/Wolf-Moon/build/nav2_msgs': CMAKE_PREFIX_PATH=/home/sentry/Wolf-Moon/install/nav2_common:/home/sentry/Wolf-Moon/install/sentry_decision_v2:/home/sentry/Wolf-Moon/install/octomap_dynamic_map:/home/sentry/Wolf-Moon/install/navigation_planning:/home/sentry/Wolf-Moon/install/grid_map:/home/sentry/Wolf-Moon/install/grid_map_costmap_2d:/home/sentry/Wolf-Moon/install/nav2_costmap_2d:/home/sentry/Wolf-Moon/install/nav2_voxel_grid:/home/sentry/Wolf-Moon/install/nav2_map_server:/home/sentry/Wolf-Moon/install/nav2_lifecycle_manager:/home/sentry/Wolf-Moon/install/nav2_behavior_tree:/home/sentry/Wolf-Moon/install/nav2_util:/home/sentry/Wolf-Moon/install/grid_map_demos:/home/sentry/Wolf-Moon/install/grid_map_visualization:/home/sentry/Wolf-Moon/install/grid_map_rviz_plugin:/home/sentry/Wolf-Moon/install/grid_map_pcl:/home/sentry/Wolf-Moon/install/grid_map_loader:/home/sentry/Wolf-Moon/install/grid_map_filters:/home/sentry/Wolf-Moon/install/grid_map_ros:/home/sentry/Wolf-Moon/install/nav2_msgs:/home/sentry/Wolf-Moon/install/livox_ros_driver2:/home/sentry/Wolf-Moon/install/ig_lio_c_msgs:/home/sentry/Wolf-Moon/install/ig_lio_c:/home/sentry/Wolf-Moon/install/grid_map_sdf:/home/sentry/Wolf-Moon/install/grid_map_octomap:/home/sentry/Wolf-Moon/install/grid_map_msgs:/home/sentry/Wolf-Moon/install/grid_map_cv:/home/sentry/Wolf-Moon/install/grid_map_core:/home/sentry/Wolf-Moon/install/grid_map_cmake_helpers:/home/sentry/Wolf-Moon/install/cv_bridge:/home/sentry/Wolf-Moon/install/auto_aim_interfaces:/home/sentry/Wolf-Moon/install/fake_msg_publisher:/opt/ros/galactic PYTHONPATH=/home/sentry/Wolf-Moon/install/nav2_common/lib/python3.8/site-packages:/home/sentry/Wolf-Moon/install/nav2_msgs/lib/python3.8/site-packages:/home/sentry/Wolf-Moon/install/livox_ros_driver2/lib/python3.8/site-packages:/home/sentry/Wolf-Moon/install/ig_lio_c_msgs/lib/python3.8/site-packages:/home/sentry/Wolf-Moon/install/grid_map_msgs/lib/python3.8/site-packages:/home/sentry/Wolf-Moon/install/fake_msg_publisher/lib/python3.8/site-packages:/home/sentry/Wolf-Moon/install/cv_bridge/lib/python3.8/site-packages:/home/sentry/Wolf-Moon/install/auto_aim_interfaces/lib/python3.8/site-packages:/opt/intel/openvino_2022/python/python3.8:/opt/intel/openvino_2022/python/python3:/opt/ros/galactic/lib/python3.8/site-packages:/opt/intel/openvino_2022/python/python3.8:/opt/intel/openvino_2022/python/python3 /usr/bin/cmake --install /home/sentry/Wolf-Moon/build/nav2_msgs
[2.017s] -- Install configuration: "Release"
[2.018s] -- Up-to-date: /home/sentry/Wolf-Moon/install/nav2_msgs/share/ament_index/resource_index/rosidl_interfaces/nav2_msgs
[2.019s] -- Up-to-date: /home/sentry/Wolf-Moon/install/nav2_msgs/include/nav2_msgs
[2.019s] -- Up-to-date: /home/sentry/Wolf-Moon/install/nav2_msgs/include/nav2_msgs/msg
[2.019s] -- Up-to-date: /home/sentry/Wolf-Moon/install/nav2_msgs/include/nav2_msgs/msg/particle_cloud.h
[2.023s] -- Up-to-date: /home/sentry/Wolf-Moon/install/nav2_msgs/include/nav2_msgs/msg/behavior_tree_log.h
[2.026s] -- Up-to-date: /home/sentry/Wolf-Moon/install/nav2_msgs/include/nav2_msgs/msg/particle.h
[2.026s] -- Up-to-date: /home/sentry/Wolf-Moon/install/nav2_msgs/include/nav2_msgs/msg/speed_limit.h
[2.026s] -- Up-to-date: /home/sentry/Wolf-Moon/install/nav2_msgs/include/nav2_msgs/msg/costmap_meta_data.h
[2.026s] -- Up-to-date: /home/sentry/Wolf-Moon/install/nav2_msgs/include/nav2_msgs/msg/behavior_tree_status_change.h
[2.026s] -- Up-to-date: /home/sentry/Wolf-Moon/install/nav2_msgs/include/nav2_msgs/msg/detail
[2.026s] -- Up-to-date: /home/sentry/Wolf-Moon/install/nav2_msgs/include/nav2_msgs/msg/detail/costmap__functions.c
[2.027s] -- Up-to-date: /home/sentry/Wolf-Moon/install/nav2_msgs/include/nav2_msgs/msg/detail/behavior_tree_log__functions.h
[2.027s] -- Up-to-date: /home/sentry/Wolf-Moon/install/nav2_msgs/include/nav2_msgs/msg/detail/voxel_grid__functions.h
[2.027s] -- Up-to-date: /home/sentry/Wolf-Moon/install/nav2_msgs/include/nav2_msgs/msg/detail/speed_limit__functions.h
[2.027s] -- Up-to-date: /home/sentry/Wolf-Moon/install/nav2_msgs/include/nav2_msgs/msg/detail/costmap_filter_info__functions.c
[2.027s] -- Up-to-date: /home/sentry/Wolf-Moon/install/nav2_msgs/include/nav2_msgs/msg/detail/behavior_tree_log__type_support.h
[2.027s] -- Up-to-date: /home/sentry/Wolf-Moon/install/nav2_msgs/include/nav2_msgs/msg/detail/costmap_filter_info__struct.h
[2.027s] -- Up-to-date: /home/sentry/Wolf-Moon/install/nav2_msgs/include/nav2_msgs/msg/detail/particle_cloud__functions.c
[2.027s] -- Up-to-date: /home/sentry/Wolf-Moon/install/nav2_msgs/include/nav2_msgs/msg/detail/behavior_tree_log__struct.h
[2.027s] -- Up-to-date: /home/sentry/Wolf-Moon/install/nav2_msgs/include/nav2_msgs/msg/detail/costmap_filter_info__type_support.h
[2.027s] -- Up-to-date: /home/sentry/Wolf-Moon/install/nav2_msgs/include/nav2_msgs/msg/detail/particle_cloud__functions.h
[2.027s] -- Up-to-date: /home/sentry/Wolf-Moon/install/nav2_msgs/include/nav2_msgs/msg/detail/voxel_grid__functions.c
[2.027s] -- Up-to-date: /home/sentry/Wolf-Moon/install/nav2_msgs/include/nav2_msgs/msg/detail/particle__functions.c
[2.027s] -- Up-to-date: /home/sentry/Wolf-Moon/install/nav2_msgs/include/nav2_msgs/msg/detail/voxel_grid__struct.h
[2.027s] -- Up-to-date: /home/sentry/Wolf-Moon/install/nav2_msgs/include/nav2_msgs/msg/detail/speed_limit__functions.c
[2.027s] -- Up-to-date: /home/sentry/Wolf-Moon/install/nav2_msgs/include/nav2_msgs/msg/detail/costmap__type_support.h
[2.028s] -- Up-to-date: /home/sentry/Wolf-Moon/install/nav2_msgs/include/nav2_msgs/msg/detail/behavior_tree_status_change__struct.h
[2.028s] -- Up-to-date: /home/sentry/Wolf-Moon/install/nav2_msgs/include/nav2_msgs/msg/detail/costmap_meta_data__functions.h
[2.028s] -- Up-to-date: /home/sentry/Wolf-Moon/install/nav2_msgs/include/nav2_msgs/msg/detail/costmap_meta_data__functions.c
[2.028s] -- Up-to-date: /home/sentry/Wolf-Moon/install/nav2_msgs/include/nav2_msgs/msg/detail/behavior_tree_status_change__type_support.h
[2.028s] -- Up-to-date: /home/sentry/Wolf-Moon/install/nav2_msgs/include/nav2_msgs/msg/detail/particle__struct.h
[2.028s] -- Up-to-date: /home/sentry/Wolf-Moon/install/nav2_msgs/include/nav2_msgs/msg/detail/costmap_filter_info__functions.h
[2.028s] -- Up-to-date: /home/sentry/Wolf-Moon/install/nav2_msgs/include/nav2_msgs/msg/detail/costmap_meta_data__type_support.h
[2.028s] -- Up-to-date: /home/sentry/Wolf-Moon/install/nav2_msgs/include/nav2_msgs/msg/detail/particle_cloud__type_support.h
[2.028s] -- Up-to-date: /home/sentry/Wolf-Moon/install/nav2_msgs/include/nav2_msgs/msg/detail/speed_limit__type_support.h
[2.029s] -- Up-to-date: /home/sentry/Wolf-Moon/install/nav2_msgs/include/nav2_msgs/msg/detail/costmap__functions.h
[2.029s] -- Up-to-date: /home/sentry/Wolf-Moon/install/nav2_msgs/include/nav2_msgs/msg/detail/costmap_meta_data__struct.h
[2.029s] -- Up-to-date: /home/sentry/Wolf-Moon/install/nav2_msgs/include/nav2_msgs/msg/detail/speed_limit__struct.h
[2.029s] -- Up-to-date: /home/sentry/Wolf-Moon/install/nav2_msgs/include/nav2_msgs/msg/detail/behavior_tree_status_change__functions.c
[2.029s] -- Up-to-date: /home/sentry/Wolf-Moon/install/nav2_msgs/include/nav2_msgs/msg/detail/behavior_tree_status_change__functions.h
[2.029s] -- Up-to-date: /home/sentry/Wolf-Moon/install/nav2_msgs/include/nav2_msgs/msg/detail/particle__functions.h
[2.029s] -- Up-to-date: /home/sentry/Wolf-Moon/install/nav2_msgs/include/nav2_msgs/msg/detail/costmap__struct.h
[2.029s] -- Up-to-date: /home/sentry/Wolf-Moon/install/nav2_msgs/include/nav2_msgs/msg/detail/particle__type_support.h
[2.029s] -- Up-to-date: /home/sentry/Wolf-Moon/install/nav2_msgs/include/nav2_msgs/msg/detail/particle_cloud__struct.h
[2.029s] -- Up-to-date: /home/sentry/Wolf-Moon/install/nav2_msgs/include/nav2_msgs/msg/detail/behavior_tree_log__functions.c
[2.030s] -- Up-to-date: /home/sentry/Wolf-Moon/install/nav2_msgs/include/nav2_msgs/msg/detail/voxel_grid__type_support.h
[2.030s] -- Up-to-date: /home/sentry/Wolf-Moon/install/nav2_msgs/include/nav2_msgs/msg/costmap_filter_info.h
[2.030s] -- Up-to-date: /home/sentry/Wolf-Moon/install/nav2_msgs/include/nav2_msgs/msg/costmap.h
[2.030s] -- Up-to-date: /home/sentry/Wolf-Moon/install/nav2_msgs/include/nav2_msgs/msg/rosidl_generator_c__visibility_control.h
[2.030s] -- Up-to-date: /home/sentry/Wolf-Moon/install/nav2_msgs/include/nav2_msgs/msg/voxel_grid.h
[2.030s] -- Up-to-date: /home/sentry/Wolf-Moon/install/nav2_msgs/include/nav2_msgs/action
[2.035s] -- Up-to-date: /home/sentry/Wolf-Moon/install/nav2_msgs/include/nav2_msgs/action/compute_path_through_poses.h
[2.035s] -- Up-to-date: /home/sentry/Wolf-Moon/install/nav2_msgs/include/nav2_msgs/action/wait.h
[2.035s] -- Up-to-date: /home/sentry/Wolf-Moon/install/nav2_msgs/include/nav2_msgs/action/back_up.h
[2.035s] -- Up-to-date: /home/sentry/Wolf-Moon/install/nav2_msgs/include/nav2_msgs/action/compute_path_to_pose.h
[2.035s] -- Up-to-date: /home/sentry/Wolf-Moon/install/nav2_msgs/include/nav2_msgs/action/dummy_recovery.h
[2.035s] -- Up-to-date: /home/sentry/Wolf-Moon/install/nav2_msgs/include/nav2_msgs/action/detail
[2.035s] -- Up-to-date: /home/sentry/Wolf-Moon/install/nav2_msgs/include/nav2_msgs/action/detail/follow_path__functions.h
[2.035s] -- Up-to-date: /home/sentry/Wolf-Moon/install/nav2_msgs/include/nav2_msgs/action/detail/navigate_through_poses__functions.h
[2.035s] -- Up-to-date: /home/sentry/Wolf-Moon/install/nav2_msgs/include/nav2_msgs/action/detail/back_up__functions.h
[2.035s] -- Up-to-date: /home/sentry/Wolf-Moon/install/nav2_msgs/include/nav2_msgs/action/detail/navigate_to_pose__functions.h
[2.035s] -- Up-to-date: /home/sentry/Wolf-Moon/install/nav2_msgs/include/nav2_msgs/action/detail/follow_waypoints__struct.h
[2.035s] -- Up-to-date: /home/sentry/Wolf-Moon/install/nav2_msgs/include/nav2_msgs/action/detail/compute_path_to_pose__type_support.h
[2.035s] -- Up-to-date: /home/sentry/Wolf-Moon/install/nav2_msgs/include/nav2_msgs/action/detail/dummy_recovery__functions.c
[2.037s] -- Up-to-date: /home/sentry/Wolf-Moon/install/nav2_msgs/include/nav2_msgs/action/detail/compute_path_to_pose__functions.c
[2.037s] -- Up-to-date: /home/sentry/Wolf-Moon/install/nav2_msgs/include/nav2_msgs/action/detail/compute_path_to_pose__struct.h
[2.037s] -- Up-to-date: /home/sentry/Wolf-Moon/install/nav2_msgs/include/nav2_msgs/action/detail/navigate_to_pose__struct.h
[2.038s] -- Up-to-date: /home/sentry/Wolf-Moon/install/nav2_msgs/include/nav2_msgs/action/detail/spin__type_support.h
[2.038s] -- Up-to-date: /home/sentry/Wolf-Moon/install/nav2_msgs/include/nav2_msgs/action/detail/spin__functions.h
[2.038s] -- Up-to-date: /home/sentry/Wolf-Moon/install/nav2_msgs/include/nav2_msgs/action/detail/wait__type_support.h
[2.038s] -- Up-to-date: /home/sentry/Wolf-Moon/install/nav2_msgs/include/nav2_msgs/action/detail/follow_waypoints__type_support.h
[2.038s] -- Up-to-date: /home/sentry/Wolf-Moon/install/nav2_msgs/include/nav2_msgs/action/detail/wait__functions.c
[2.038s] -- Up-to-date: /home/sentry/Wolf-Moon/install/nav2_msgs/include/nav2_msgs/action/detail/dummy_recovery__struct.h
[2.038s] -- Up-to-date: /home/sentry/Wolf-Moon/install/nav2_msgs/include/nav2_msgs/action/detail/spin__functions.c
[2.039s] -- Up-to-date: /home/sentry/Wolf-Moon/install/nav2_msgs/include/nav2_msgs/action/detail/follow_path__struct.h
[2.039s] -- Up-to-date: /home/sentry/Wolf-Moon/install/nav2_msgs/include/nav2_msgs/action/detail/navigate_to_pose__functions.c
[2.039s] -- Up-to-date: /home/sentry/Wolf-Moon/install/nav2_msgs/include/nav2_msgs/action/detail/back_up__functions.c
[2.039s] -- Up-to-date: /home/sentry/Wolf-Moon/install/nav2_msgs/include/nav2_msgs/action/detail/compute_path_through_poses__struct.h
[2.039s] -- Up-to-date: /home/sentry/Wolf-Moon/install/nav2_msgs/include/nav2_msgs/action/detail/navigate_through_poses__functions.c
[2.039s] -- Up-to-date: /home/sentry/Wolf-Moon/install/nav2_msgs/include/nav2_msgs/action/detail/compute_path_to_pose__functions.h
[2.039s] -- Up-to-date: /home/sentry/Wolf-Moon/install/nav2_msgs/include/nav2_msgs/action/detail/follow_path__functions.c
[2.039s] -- Up-to-date: /home/sentry/Wolf-Moon/install/nav2_msgs/include/nav2_msgs/action/detail/navigate_through_poses__type_support.h
[2.039s] -- Up-to-date: /home/sentry/Wolf-Moon/install/nav2_msgs/include/nav2_msgs/action/detail/follow_path__type_support.h
[2.039s] -- Up-to-date: /home/sentry/Wolf-Moon/install/nav2_msgs/include/nav2_msgs/action/detail/back_up__struct.h
[2.039s] -- Up-to-date: /home/sentry/Wolf-Moon/install/nav2_msgs/include/nav2_msgs/action/detail/wait__functions.h
[2.040s] -- Up-to-date: /home/sentry/Wolf-Moon/install/nav2_msgs/include/nav2_msgs/action/detail/follow_waypoints__functions.c
[2.040s] -- Up-to-date: /home/sentry/Wolf-Moon/install/nav2_msgs/include/nav2_msgs/action/detail/navigate_to_pose__type_support.h
[2.041s] -- Up-to-date: /home/sentry/Wolf-Moon/install/nav2_msgs/include/nav2_msgs/action/detail/wait__struct.h
[2.042s] -- Up-to-date: /home/sentry/Wolf-Moon/install/nav2_msgs/include/nav2_msgs/action/detail/navigate_through_poses__struct.h
[2.042s] -- Up-to-date: /home/sentry/Wolf-Moon/install/nav2_msgs/include/nav2_msgs/action/detail/compute_path_through_poses__functions.h
[2.042s] -- Up-to-date: /home/sentry/Wolf-Moon/install/nav2_msgs/include/nav2_msgs/action/detail/dummy_recovery__functions.h
[2.043s] -- Up-to-date: /home/sentry/Wolf-Moon/install/nav2_msgs/include/nav2_msgs/action/detail/spin__struct.h
[2.043s] -- Up-to-date: /home/sentry/Wolf-Moon/install/nav2_msgs/include/nav2_msgs/action/detail/dummy_recovery__type_support.h
[2.043s] -- Up-to-date: /home/sentry/Wolf-Moon/install/nav2_msgs/include/nav2_msgs/action/detail/back_up__type_support.h
[2.044s] -- Up-to-date: /home/sentry/Wolf-Moon/install/nav2_msgs/include/nav2_msgs/action/detail/compute_path_through_poses__type_support.h
[2.045s] -- Up-to-date: /home/sentry/Wolf-Moon/install/nav2_msgs/include/nav2_msgs/action/detail/compute_path_through_poses__functions.c
[2.045s] -- Up-to-date: /home/sentry/Wolf-Moon/install/nav2_msgs/include/nav2_msgs/action/detail/follow_waypoints__functions.h
[2.045s] -- Up-to-date: /home/sentry/Wolf-Moon/install/nav2_msgs/include/nav2_msgs/action/navigate_through_poses.h
[2.047s] -- Up-to-date: /home/sentry/Wolf-Moon/install/nav2_msgs/include/nav2_msgs/action/follow_path.h
[2.048s] -- Up-to-date: /home/sentry/Wolf-Moon/install/nav2_msgs/include/nav2_msgs/action/navigate_to_pose.h
[2.048s] -- Up-to-date: /home/sentry/Wolf-Moon/install/nav2_msgs/include/nav2_msgs/action/spin.h
[2.048s] -- Up-to-date: /home/sentry/Wolf-Moon/install/nav2_msgs/include/nav2_msgs/action/follow_waypoints.h
[2.048s] -- Up-to-date: /home/sentry/Wolf-Moon/install/nav2_msgs/include/nav2_msgs/srv
[2.048s] -- Up-to-date: /home/sentry/Wolf-Moon/install/nav2_msgs/include/nav2_msgs/srv/load_map.h
[2.048s] -- Up-to-date: /home/sentry/Wolf-Moon/install/nav2_msgs/include/nav2_msgs/srv/manage_lifecycle_nodes.h
[2.048s] -- Up-to-date: /home/sentry/Wolf-Moon/install/nav2_msgs/include/nav2_msgs/srv/save_map.h
[2.048s] -- Up-to-date: /home/sentry/Wolf-Moon/install/nav2_msgs/include/nav2_msgs/srv/get_costmap.h
[2.048s] -- Up-to-date: /home/sentry/Wolf-Moon/install/nav2_msgs/include/nav2_msgs/srv/detail
[2.049s] -- Up-to-date: /home/sentry/Wolf-Moon/install/nav2_msgs/include/nav2_msgs/srv/detail/clear_costmap_except_region__functions.c
[2.049s] -- Up-to-date: /home/sentry/Wolf-Moon/install/nav2_msgs/include/nav2_msgs/srv/detail/manage_lifecycle_nodes__functions.c
[2.049s] -- Up-to-date: /home/sentry/Wolf-Moon/install/nav2_msgs/include/nav2_msgs/srv/detail/load_map__functions.c
[2.049s] -- Up-to-date: /home/sentry/Wolf-Moon/install/nav2_msgs/include/nav2_msgs/srv/detail/clear_costmap_except_region__type_support.h
[2.049s] -- Up-to-date: /home/sentry/Wolf-Moon/install/nav2_msgs/include/nav2_msgs/srv/detail/get_costmap__functions.h
[2.049s] -- Up-to-date: /home/sentry/Wolf-Moon/install/nav2_msgs/include/nav2_msgs/srv/detail/clear_costmap_around_robot__functions.h
[2.049s] -- Up-to-date: /home/sentry/Wolf-Moon/install/nav2_msgs/include/nav2_msgs/srv/detail/clear_entire_costmap__type_support.h
[2.049s] -- Up-to-date: /home/sentry/Wolf-Moon/install/nav2_msgs/include/nav2_msgs/srv/detail/clear_costmap_except_region__struct.h
[2.049s] -- Up-to-date: /home/sentry/Wolf-Moon/install/nav2_msgs/include/nav2_msgs/srv/detail/clear_entire_costmap__struct.h
[2.049s] -- Up-to-date: /home/sentry/Wolf-Moon/install/nav2_msgs/include/nav2_msgs/srv/detail/load_map__type_support.h
[2.049s] -- Up-to-date: /home/sentry/Wolf-Moon/install/nav2_msgs/include/nav2_msgs/srv/detail/manage_lifecycle_nodes__struct.h
[2.049s] -- Up-to-date: /home/sentry/Wolf-Moon/install/nav2_msgs/include/nav2_msgs/srv/detail/clear_entire_costmap__functions.c
[2.049s] -- Up-to-date: /home/sentry/Wolf-Moon/install/nav2_msgs/include/nav2_msgs/srv/detail/save_map__struct.h
[2.049s] -- Up-to-date: /home/sentry/Wolf-Moon/install/nav2_msgs/include/nav2_msgs/srv/detail/clear_costmap_around_robot__functions.c
[2.050s] -- Up-to-date: /home/sentry/Wolf-Moon/install/nav2_msgs/include/nav2_msgs/srv/detail/save_map__functions.h
[2.050s] -- Up-to-date: /home/sentry/Wolf-Moon/install/nav2_msgs/include/nav2_msgs/srv/detail/save_map__functions.c
[2.050s] -- Up-to-date: /home/sentry/Wolf-Moon/install/nav2_msgs/include/nav2_msgs/srv/detail/save_map__type_support.h
[2.050s] -- Up-to-date: /home/sentry/Wolf-Moon/install/nav2_msgs/include/nav2_msgs/srv/detail/get_costmap__type_support.h
[2.050s] -- Up-to-date: /home/sentry/Wolf-Moon/install/nav2_msgs/include/nav2_msgs/srv/detail/manage_lifecycle_nodes__functions.h
[2.050s] -- Up-to-date: /home/sentry/Wolf-Moon/install/nav2_msgs/include/nav2_msgs/srv/detail/clear_costmap_around_robot__struct.h
[2.050s] -- Up-to-date: /home/sentry/Wolf-Moon/install/nav2_msgs/include/nav2_msgs/srv/detail/get_costmap__struct.h
[2.050s] -- Up-to-date: /home/sentry/Wolf-Moon/install/nav2_msgs/include/nav2_msgs/srv/detail/get_costmap__functions.c
[2.050s] -- Up-to-date: /home/sentry/Wolf-Moon/install/nav2_msgs/include/nav2_msgs/srv/detail/load_map__struct.h
[2.050s] -- Up-to-date: /home/sentry/Wolf-Moon/install/nav2_msgs/include/nav2_msgs/srv/detail/load_map__functions.h
[2.050s] -- Up-to-date: /home/sentry/Wolf-Moon/install/nav2_msgs/include/nav2_msgs/srv/detail/clear_costmap_except_region__functions.h
[2.050s] -- Up-to-date: /home/sentry/Wolf-Moon/install/nav2_msgs/include/nav2_msgs/srv/detail/clear_entire_costmap__functions.h
[2.051s] -- Up-to-date: /home/sentry/Wolf-Moon/install/nav2_msgs/include/nav2_msgs/srv/detail/clear_costmap_around_robot__type_support.h
[2.051s] -- Up-to-date: /home/sentry/Wolf-Moon/install/nav2_msgs/include/nav2_msgs/srv/detail/manage_lifecycle_nodes__type_support.h
[2.051s] -- Up-to-date: /home/sentry/Wolf-Moon/install/nav2_msgs/include/nav2_msgs/srv/clear_costmap_except_region.h
[2.051s] -- Up-to-date: /home/sentry/Wolf-Moon/install/nav2_msgs/include/nav2_msgs/srv/clear_entire_costmap.h
[2.051s] -- Up-to-date: /home/sentry/Wolf-Moon/install/nav2_msgs/include/nav2_msgs/srv/clear_costmap_around_robot.h
[2.051s] -- Up-to-date: /home/sentry/Wolf-Moon/install/nav2_msgs/share/nav2_msgs/environment/library_path.sh
[2.051s] -- Up-to-date: /home/sentry/Wolf-Moon/install/nav2_msgs/share/nav2_msgs/environment/library_path.dsv
[2.051s] -- Up-to-date: /home/sentry/Wolf-Moon/install/nav2_msgs/lib/libnav2_msgs__rosidl_generator_c.so
[2.051s] -- Up-to-date: /home/sentry/Wolf-Moon/install/nav2_msgs/include/nav2_msgs
[2.052s] -- Up-to-date: /home/sentry/Wolf-Moon/install/nav2_msgs/include/nav2_msgs/msg
[2.052s] -- Up-to-date: /home/sentry/Wolf-Moon/install/nav2_msgs/include/nav2_msgs/msg/detail
[2.052s] -- Up-to-date: /home/sentry/Wolf-Moon/install/nav2_msgs/include/nav2_msgs/msg/detail/speed_limit__rosidl_typesupport_fastrtps_c.h
[2.052s] -- Up-to-date: /home/sentry/Wolf-Moon/install/nav2_msgs/include/nav2_msgs/msg/detail/behavior_tree_log__rosidl_typesupport_fastrtps_c.h
[2.052s] -- Up-to-date: /home/sentry/Wolf-Moon/install/nav2_msgs/include/nav2_msgs/msg/detail/particle__rosidl_typesupport_fastrtps_c.h
[2.052s] -- Up-to-date: /home/sentry/Wolf-Moon/install/nav2_msgs/include/nav2_msgs/msg/detail/costmap__rosidl_typesupport_fastrtps_c.h
[2.052s] -- Up-to-date: /home/sentry/Wolf-Moon/install/nav2_msgs/include/nav2_msgs/msg/detail/voxel_grid__rosidl_typesupport_fastrtps_c.h
[2.052s] -- Up-to-date: /home/sentry/Wolf-Moon/install/nav2_msgs/include/nav2_msgs/msg/detail/particle_cloud__rosidl_typesupport_fastrtps_c.h
[2.052s] -- Up-to-date: /home/sentry/Wolf-Moon/install/nav2_msgs/include/nav2_msgs/msg/detail/costmap_meta_data__rosidl_typesupport_fastrtps_c.h
[2.053s] -- Up-to-date: /home/sentry/Wolf-Moon/install/nav2_msgs/include/nav2_msgs/msg/detail/behavior_tree_status_change__rosidl_typesupport_fastrtps_c.h
[2.053s] -- Up-to-date: /home/sentry/Wolf-Moon/install/nav2_msgs/include/nav2_msgs/msg/detail/costmap_filter_info__rosidl_typesupport_fastrtps_c.h
[2.053s] -- Up-to-date: /home/sentry/Wolf-Moon/install/nav2_msgs/include/nav2_msgs/msg/rosidl_typesupport_fastrtps_c__visibility_control.h
[2.053s] -- Up-to-date: /home/sentry/Wolf-Moon/install/nav2_msgs/include/nav2_msgs/action
[2.053s] -- Up-to-date: /home/sentry/Wolf-Moon/install/nav2_msgs/include/nav2_msgs/action/detail
[2.053s] -- Up-to-date: /home/sentry/Wolf-Moon/install/nav2_msgs/include/nav2_msgs/action/detail/compute_path_to_pose__rosidl_typesupport_fastrtps_c.h
[2.053s] -- Up-to-date: /home/sentry/Wolf-Moon/install/nav2_msgs/include/nav2_msgs/action/detail/follow_path__rosidl_typesupport_fastrtps_c.h
[2.053s] -- Up-to-date: /home/sentry/Wolf-Moon/install/nav2_msgs/include/nav2_msgs/action/detail/dummy_recovery__rosidl_typesupport_fastrtps_c.h
[2.054s] -- Up-to-date: /home/sentry/Wolf-Moon/install/nav2_msgs/include/nav2_msgs/action/detail/spin__rosidl_typesupport_fastrtps_c.h
[2.054s] -- Up-to-date: /home/sentry/Wolf-Moon/install/nav2_msgs/include/nav2_msgs/action/detail/navigate_through_poses__rosidl_typesupport_fastrtps_c.h
[2.054s] -- Up-to-date: /home/sentry/Wolf-Moon/install/nav2_msgs/include/nav2_msgs/action/detail/compute_path_through_poses__rosidl_typesupport_fastrtps_c.h
[2.054s] -- Up-to-date: /home/sentry/Wolf-Moon/install/nav2_msgs/include/nav2_msgs/action/detail/wait__rosidl_typesupport_fastrtps_c.h
[2.054s] -- Up-to-date: /home/sentry/Wolf-Moon/install/nav2_msgs/include/nav2_msgs/action/detail/back_up__rosidl_typesupport_fastrtps_c.h
[2.054s] -- Up-to-date: /home/sentry/Wolf-Moon/install/nav2_msgs/include/nav2_msgs/action/detail/follow_waypoints__rosidl_typesupport_fastrtps_c.h
[2.054s] -- Up-to-date: /home/sentry/Wolf-Moon/install/nav2_msgs/include/nav2_msgs/action/detail/navigate_to_pose__rosidl_typesupport_fastrtps_c.h
[2.055s] -- Up-to-date: /home/sentry/Wolf-Moon/install/nav2_msgs/include/nav2_msgs/srv
[2.055s] -- Up-to-date: /home/sentry/Wolf-Moon/install/nav2_msgs/include/nav2_msgs/srv/detail
[2.055s] -- Up-to-date: /home/sentry/Wolf-Moon/install/nav2_msgs/include/nav2_msgs/srv/detail/get_costmap__rosidl_typesupport_fastrtps_c.h
[2.055s] -- Up-to-date: /home/sentry/Wolf-Moon/install/nav2_msgs/include/nav2_msgs/srv/detail/clear_costmap_around_robot__rosidl_typesupport_fastrtps_c.h
[2.055s] -- Up-to-date: /home/sentry/Wolf-Moon/install/nav2_msgs/include/nav2_msgs/srv/detail/manage_lifecycle_nodes__rosidl_typesupport_fastrtps_c.h
[2.055s] -- Up-to-date: /home/sentry/Wolf-Moon/install/nav2_msgs/include/nav2_msgs/srv/detail/save_map__rosidl_typesupport_fastrtps_c.h
[2.055s] -- Up-to-date: /home/sentry/Wolf-Moon/install/nav2_msgs/include/nav2_msgs/srv/detail/load_map__rosidl_typesupport_fastrtps_c.h
[2.055s] -- Up-to-date: /home/sentry/Wolf-Moon/install/nav2_msgs/include/nav2_msgs/srv/detail/clear_costmap_except_region__rosidl_typesupport_fastrtps_c.h
[2.055s] -- Up-to-date: /home/sentry/Wolf-Moon/install/nav2_msgs/include/nav2_msgs/srv/detail/clear_entire_costmap__rosidl_typesupport_fastrtps_c.h
[2.056s] -- Up-to-date: /home/sentry/Wolf-Moon/install/nav2_msgs/lib/libnav2_msgs__rosidl_typesupport_fastrtps_c.so
[2.056s] -- Up-to-date: /home/sentry/Wolf-Moon/install/nav2_msgs/include/nav2_msgs
[2.056s] -- Up-to-date: /home/sentry/Wolf-Moon/install/nav2_msgs/include/nav2_msgs/msg
[2.056s] -- Up-to-date: /home/sentry/Wolf-Moon/install/nav2_msgs/include/nav2_msgs/msg/detail
[2.056s] -- Up-to-date: /home/sentry/Wolf-Moon/install/nav2_msgs/include/nav2_msgs/msg/detail/behavior_tree_log__rosidl_typesupport_fastrtps_cpp.hpp
[2.056s] -- Up-to-date: /home/sentry/Wolf-Moon/install/nav2_msgs/include/nav2_msgs/msg/detail/behavior_tree_status_change__rosidl_typesupport_fastrtps_cpp.hpp
[2.056s] -- Up-to-date: /home/sentry/Wolf-Moon/install/nav2_msgs/include/nav2_msgs/msg/detail/costmap_meta_data__rosidl_typesupport_fastrtps_cpp.hpp
[2.056s] -- Up-to-date: /home/sentry/Wolf-Moon/install/nav2_msgs/include/nav2_msgs/msg/detail/particle_cloud__rosidl_typesupport_fastrtps_cpp.hpp
[2.056s] -- Up-to-date: /home/sentry/Wolf-Moon/install/nav2_msgs/include/nav2_msgs/msg/detail/particle__rosidl_typesupport_fastrtps_cpp.hpp
[2.057s] -- Up-to-date: /home/sentry/Wolf-Moon/install/nav2_msgs/include/nav2_msgs/msg/detail/voxel_grid__rosidl_typesupport_fastrtps_cpp.hpp
[2.057s] -- Up-to-date: /home/sentry/Wolf-Moon/install/nav2_msgs/include/nav2_msgs/msg/detail/speed_limit__rosidl_typesupport_fastrtps_cpp.hpp
[2.057s] -- Up-to-date: /home/sentry/Wolf-Moon/install/nav2_msgs/include/nav2_msgs/msg/detail/costmap_filter_info__rosidl_typesupport_fastrtps_cpp.hpp
[2.057s] -- Up-to-date: /home/sentry/Wolf-Moon/install/nav2_msgs/include/nav2_msgs/msg/detail/dds_fastrtps
[2.057s] -- Up-to-date: /home/sentry/Wolf-Moon/install/nav2_msgs/include/nav2_msgs/msg/detail/costmap__rosidl_typesupport_fastrtps_cpp.hpp
[2.057s] -- Up-to-date: /home/sentry/Wolf-Moon/install/nav2_msgs/include/nav2_msgs/msg/rosidl_typesupport_fastrtps_cpp__visibility_control.h
[2.057s] -- Up-to-date: /home/sentry/Wolf-Moon/install/nav2_msgs/include/nav2_msgs/action
[2.057s] -- Up-to-date: /home/sentry/Wolf-Moon/install/nav2_msgs/include/nav2_msgs/action/detail
[2.057s] -- Up-to-date: /home/sentry/Wolf-Moon/install/nav2_msgs/include/nav2_msgs/action/detail/follow_waypoints__rosidl_typesupport_fastrtps_cpp.hpp
[2.058s] -- Up-to-date: /home/sentry/Wolf-Moon/install/nav2_msgs/include/nav2_msgs/action/detail/navigate_to_pose__rosidl_typesupport_fastrtps_cpp.hpp
[2.058s] -- Up-to-date: /home/sentry/Wolf-Moon/install/nav2_msgs/include/nav2_msgs/action/detail/back_up__rosidl_typesupport_fastrtps_cpp.hpp
[2.058s] -- Up-to-date: /home/sentry/Wolf-Moon/install/nav2_msgs/include/nav2_msgs/action/detail/follow_path__rosidl_typesupport_fastrtps_cpp.hpp
[2.058s] -- Up-to-date: /home/sentry/Wolf-Moon/install/nav2_msgs/include/nav2_msgs/action/detail/compute_path_to_pose__rosidl_typesupport_fastrtps_cpp.hpp
[2.058s] -- Up-to-date: /home/sentry/Wolf-Moon/install/nav2_msgs/include/nav2_msgs/action/detail/spin__rosidl_typesupport_fastrtps_cpp.hpp
[2.058s] -- Up-to-date: /home/sentry/Wolf-Moon/install/nav2_msgs/include/nav2_msgs/action/detail/compute_path_through_poses__rosidl_typesupport_fastrtps_cpp.hpp
[2.058s] -- Up-to-date: /home/sentry/Wolf-Moon/install/nav2_msgs/include/nav2_msgs/action/detail/dummy_recovery__rosidl_typesupport_fastrtps_cpp.hpp
[2.059s] -- Up-to-date: /home/sentry/Wolf-Moon/install/nav2_msgs/include/nav2_msgs/action/detail/navigate_through_poses__rosidl_typesupport_fastrtps_cpp.hpp
[2.059s] -- Up-to-date: /home/sentry/Wolf-Moon/install/nav2_msgs/include/nav2_msgs/action/detail/dds_fastrtps
[2.059s] -- Up-to-date: /home/sentry/Wolf-Moon/install/nav2_msgs/include/nav2_msgs/action/detail/wait__rosidl_typesupport_fastrtps_cpp.hpp
[2.059s] -- Up-to-date: /home/sentry/Wolf-Moon/install/nav2_msgs/include/nav2_msgs/srv
[2.059s] -- Up-to-date: /home/sentry/Wolf-Moon/install/nav2_msgs/include/nav2_msgs/srv/detail
[2.059s] -- Up-to-date: /home/sentry/Wolf-Moon/install/nav2_msgs/include/nav2_msgs/srv/detail/clear_entire_costmap__rosidl_typesupport_fastrtps_cpp.hpp
[2.059s] -- Up-to-date: /home/sentry/Wolf-Moon/install/nav2_msgs/include/nav2_msgs/srv/detail/save_map__rosidl_typesupport_fastrtps_cpp.hpp
[2.059s] -- Up-to-date: /home/sentry/Wolf-Moon/install/nav2_msgs/include/nav2_msgs/srv/detail/clear_costmap_around_robot__rosidl_typesupport_fastrtps_cpp.hpp
[2.059s] -- Up-to-date: /home/sentry/Wolf-Moon/install/nav2_msgs/include/nav2_msgs/srv/detail/get_costmap__rosidl_typesupport_fastrtps_cpp.hpp
[2.059s] -- Up-to-date: /home/sentry/Wolf-Moon/install/nav2_msgs/include/nav2_msgs/srv/detail/manage_lifecycle_nodes__rosidl_typesupport_fastrtps_cpp.hpp
[2.059s] -- Up-to-date: /home/sentry/Wolf-Moon/install/nav2_msgs/include/nav2_msgs/srv/detail/dds_fastrtps
[2.059s] -- Up-to-date: /home/sentry/Wolf-Moon/install/nav2_msgs/include/nav2_msgs/srv/detail/load_map__rosidl_typesupport_fastrtps_cpp.hpp
[2.059s] -- Up-to-date: /home/sentry/Wolf-Moon/install/nav2_msgs/include/nav2_msgs/srv/detail/clear_costmap_except_region__rosidl_typesupport_fastrtps_cpp.hpp
[2.060s] -- Up-to-date: /home/sentry/Wolf-Moon/install/nav2_msgs/lib/libnav2_msgs__rosidl_typesupport_fastrtps_cpp.so
[2.060s] -- Up-to-date: /home/sentry/Wolf-Moon/install/nav2_msgs/include/nav2_msgs
[2.060s] -- Up-to-date: /home/sentry/Wolf-Moon/install/nav2_msgs/include/nav2_msgs/msg
[2.060s] -- Up-to-date: /home/sentry/Wolf-Moon/install/nav2_msgs/include/nav2_msgs/msg/rosidl_typesupport_introspection_c__visibility_control.h
[2.060s] -- Up-to-date: /home/sentry/Wolf-Moon/install/nav2_msgs/include/nav2_msgs/msg/detail
[2.060s] -- Up-to-date: /home/sentry/Wolf-Moon/install/nav2_msgs/include/nav2_msgs/msg/detail/costmap__rosidl_typesupport_introspection_c.h
[2.061s] -- Up-to-date: /home/sentry/Wolf-Moon/install/nav2_msgs/include/nav2_msgs/msg/detail/voxel_grid__rosidl_typesupport_introspection_c.h
[2.061s] -- Up-to-date: /home/sentry/Wolf-Moon/install/nav2_msgs/include/nav2_msgs/msg/detail/costmap_filter_info__type_support.c
[2.061s] -- Up-to-date: /home/sentry/Wolf-Moon/install/nav2_msgs/include/nav2_msgs/msg/detail/voxel_grid__type_support.c
[2.061s] -- Up-to-date: /home/sentry/Wolf-Moon/install/nav2_msgs/include/nav2_msgs/msg/detail/behavior_tree_log__rosidl_typesupport_introspection_c.h
[2.062s] -- Up-to-date: /home/sentry/Wolf-Moon/install/nav2_msgs/include/nav2_msgs/msg/detail/particle_cloud__rosidl_typesupport_introspection_c.h
[2.062s] -- Up-to-date: /home/sentry/Wolf-Moon/install/nav2_msgs/include/nav2_msgs/msg/detail/costmap_meta_data__type_support.c
[2.062s] -- Up-to-date: /home/sentry/Wolf-Moon/install/nav2_msgs/include/nav2_msgs/msg/detail/behavior_tree_status_change__rosidl_typesupport_introspection_c.h
[2.062s] -- Up-to-date: /home/sentry/Wolf-Moon/install/nav2_msgs/include/nav2_msgs/msg/detail/costmap__type_support.c
[2.062s] -- Up-to-date: /home/sentry/Wolf-Moon/install/nav2_msgs/include/nav2_msgs/msg/detail/particle_cloud__type_support.c
[2.063s] -- Up-to-date: /home/sentry/Wolf-Moon/install/nav2_msgs/include/nav2_msgs/msg/detail/costmap_filter_info__rosidl_typesupport_introspection_c.h
[2.063s] -- Up-to-date: /home/sentry/Wolf-Moon/install/nav2_msgs/include/nav2_msgs/msg/detail/particle__rosidl_typesupport_introspection_c.h
[2.063s] -- Up-to-date: /home/sentry/Wolf-Moon/install/nav2_msgs/include/nav2_msgs/msg/detail/behavior_tree_status_change__type_support.c
[2.063s] -- Up-to-date: /home/sentry/Wolf-Moon/install/nav2_msgs/include/nav2_msgs/msg/detail/behavior_tree_log__type_support.c
[2.063s] -- Up-to-date: /home/sentry/Wolf-Moon/install/nav2_msgs/include/nav2_msgs/msg/detail/particle__type_support.c
[2.063s] -- Up-to-date: /home/sentry/Wolf-Moon/install/nav2_msgs/include/nav2_msgs/msg/detail/speed_limit__rosidl_typesupport_introspection_c.h
[2.063s] -- Up-to-date: /home/sentry/Wolf-Moon/install/nav2_msgs/include/nav2_msgs/msg/detail/speed_limit__type_support.c
[2.063s] -- Up-to-date: /home/sentry/Wolf-Moon/install/nav2_msgs/include/nav2_msgs/msg/detail/costmap_meta_data__rosidl_typesupport_introspection_c.h
[2.064s] -- Up-to-date: /home/sentry/Wolf-Moon/install/nav2_msgs/include/nav2_msgs/action
[2.064s] -- Up-to-date: /home/sentry/Wolf-Moon/install/nav2_msgs/include/nav2_msgs/action/detail
[2.064s] -- Up-to-date: /home/sentry/Wolf-Moon/install/nav2_msgs/include/nav2_msgs/action/detail/wait__rosidl_typesupport_introspection_c.h
[2.064s] -- Up-to-date: /home/sentry/Wolf-Moon/install/nav2_msgs/include/nav2_msgs/action/detail/navigate_through_poses__type_support.c
[2.064s] -- Up-to-date: /home/sentry/Wolf-Moon/install/nav2_msgs/include/nav2_msgs/action/detail/compute_path_to_pose__type_support.c
[2.064s] -- Up-to-date: /home/sentry/Wolf-Moon/install/nav2_msgs/include/nav2_msgs/action/detail/compute_path_through_poses__type_support.c
[2.064s] -- Up-to-date: /home/sentry/Wolf-Moon/install/nav2_msgs/include/nav2_msgs/action/detail/wait__type_support.c
[2.065s] -- Up-to-date: /home/sentry/Wolf-Moon/install/nav2_msgs/include/nav2_msgs/action/detail/spin__rosidl_typesupport_introspection_c.h
[2.065s] -- Up-to-date: /home/sentry/Wolf-Moon/install/nav2_msgs/include/nav2_msgs/action/detail/navigate_to_pose__rosidl_typesupport_introspection_c.h
[2.065s] -- Up-to-date: /home/sentry/Wolf-Moon/install/nav2_msgs/include/nav2_msgs/action/detail/navigate_to_pose__type_support.c
[2.065s] -- Up-to-date: /home/sentry/Wolf-Moon/install/nav2_msgs/include/nav2_msgs/action/detail/follow_waypoints__type_support.c
[2.065s] -- Up-to-date: /home/sentry/Wolf-Moon/install/nav2_msgs/include/nav2_msgs/action/detail/spin__type_support.c
[2.065s] -- Up-to-date: /home/sentry/Wolf-Moon/install/nav2_msgs/include/nav2_msgs/action/detail/navigate_through_poses__rosidl_typesupport_introspection_c.h
[2.065s] -- Up-to-date: /home/sentry/Wolf-Moon/install/nav2_msgs/include/nav2_msgs/action/detail/follow_path__rosidl_typesupport_introspection_c.h
[2.065s] -- Up-to-date: /home/sentry/Wolf-Moon/install/nav2_msgs/include/nav2_msgs/action/detail/follow_waypoints__rosidl_typesupport_introspection_c.h
[2.065s] -- Up-to-date: /home/sentry/Wolf-Moon/install/nav2_msgs/include/nav2_msgs/action/detail/dummy_recovery__rosidl_typesupport_introspection_c.h
[2.065s] -- Up-to-date: /home/sentry/Wolf-Moon/install/nav2_msgs/include/nav2_msgs/action/detail/compute_path_to_pose__rosidl_typesupport_introspection_c.h
[2.066s] -- Up-to-date: /home/sentry/Wolf-Moon/install/nav2_msgs/include/nav2_msgs/action/detail/dummy_recovery__type_support.c
[2.066s] -- Up-to-date: /home/sentry/Wolf-Moon/install/nav2_msgs/include/nav2_msgs/action/detail/back_up__rosidl_typesupport_introspection_c.h
[2.066s] -- Up-to-date: /home/sentry/Wolf-Moon/install/nav2_msgs/include/nav2_msgs/action/detail/back_up__type_support.c
[2.066s] -- Up-to-date: /home/sentry/Wolf-Moon/install/nav2_msgs/include/nav2_msgs/action/detail/compute_path_through_poses__rosidl_typesupport_introspection_c.h
[2.066s] -- Up-to-date: /home/sentry/Wolf-Moon/install/nav2_msgs/include/nav2_msgs/action/detail/follow_path__type_support.c
[2.066s] -- Up-to-date: /home/sentry/Wolf-Moon/install/nav2_msgs/include/nav2_msgs/srv
[2.066s] -- Up-to-date: /home/sentry/Wolf-Moon/install/nav2_msgs/include/nav2_msgs/srv/detail
[2.066s] -- Up-to-date: /home/sentry/Wolf-Moon/install/nav2_msgs/include/nav2_msgs/srv/detail/save_map__rosidl_typesupport_introspection_c.h
[2.066s] -- Up-to-date: /home/sentry/Wolf-Moon/install/nav2_msgs/include/nav2_msgs/srv/detail/clear_costmap_around_robot__rosidl_typesupport_introspection_c.h
[2.066s] -- Up-to-date: /home/sentry/Wolf-Moon/install/nav2_msgs/include/nav2_msgs/srv/detail/load_map__type_support.c
[2.067s] -- Up-to-date: /home/sentry/Wolf-Moon/install/nav2_msgs/include/nav2_msgs/srv/detail/manage_lifecycle_nodes__type_support.c
[2.067s] -- Up-to-date: /home/sentry/Wolf-Moon/install/nav2_msgs/include/nav2_msgs/srv/detail/clear_entire_costmap__type_support.c
[2.067s] -- Up-to-date: /home/sentry/Wolf-Moon/install/nav2_msgs/include/nav2_msgs/srv/detail/get_costmap__rosidl_typesupport_introspection_c.h
[2.067s] -- Up-to-date: /home/sentry/Wolf-Moon/install/nav2_msgs/include/nav2_msgs/srv/detail/manage_lifecycle_nodes__rosidl_typesupport_introspection_c.h
[2.067s] -- Up-to-date: /home/sentry/Wolf-Moon/install/nav2_msgs/include/nav2_msgs/srv/detail/clear_costmap_except_region__type_support.c
[2.067s] -- Up-to-date: /home/sentry/Wolf-Moon/install/nav2_msgs/include/nav2_msgs/srv/detail/clear_costmap_except_region__rosidl_typesupport_introspection_c.h
[2.067s] -- Up-to-date: /home/sentry/Wolf-Moon/install/nav2_msgs/include/nav2_msgs/srv/detail/load_map__rosidl_typesupport_introspection_c.h
[2.067s] -- Up-to-date: /home/sentry/Wolf-Moon/install/nav2_msgs/include/nav2_msgs/srv/detail/get_costmap__type_support.c
[2.067s] -- Up-to-date: /home/sentry/Wolf-Moon/install/nav2_msgs/include/nav2_msgs/srv/detail/clear_costmap_around_robot__type_support.c
[2.067s] -- Up-to-date: /home/sentry/Wolf-Moon/install/nav2_msgs/include/nav2_msgs/srv/detail/save_map__type_support.c
[2.068s] -- Up-to-date: /home/sentry/Wolf-Moon/install/nav2_msgs/include/nav2_msgs/srv/detail/clear_entire_costmap__rosidl_typesupport_introspection_c.h
[2.068s] -- Up-to-date: /home/sentry/Wolf-Moon/install/nav2_msgs/lib/libnav2_msgs__rosidl_typesupport_introspection_c.so
[2.068s] -- Up-to-date: /home/sentry/Wolf-Moon/install/nav2_msgs/lib/libnav2_msgs__rosidl_typesupport_c.so
[2.068s] -- Up-to-date: /home/sentry/Wolf-Moon/install/nav2_msgs/include/nav2_msgs
[2.068s] -- Up-to-date: /home/sentry/Wolf-Moon/install/nav2_msgs/include/nav2_msgs/msg
[2.068s] -- Up-to-date: /home/sentry/Wolf-Moon/install/nav2_msgs/include/nav2_msgs/msg/costmap_meta_data.hpp
[2.068s] -- Up-to-date: /home/sentry/Wolf-Moon/install/nav2_msgs/include/nav2_msgs/msg/particle_cloud.hpp
[2.068s] -- Up-to-date: /home/sentry/Wolf-Moon/install/nav2_msgs/include/nav2_msgs/msg/costmap.hpp
[2.068s] -- Up-to-date: /home/sentry/Wolf-Moon/install/nav2_msgs/include/nav2_msgs/msg/speed_limit.hpp
[2.069s] -- Up-to-date: /home/sentry/Wolf-Moon/install/nav2_msgs/include/nav2_msgs/msg/detail
[2.069s] -- Up-to-date: /home/sentry/Wolf-Moon/install/nav2_msgs/include/nav2_msgs/msg/detail/costmap_filter_info__traits.hpp
[2.069s] -- Up-to-date: /home/sentry/Wolf-Moon/install/nav2_msgs/include/nav2_msgs/msg/detail/costmap__traits.hpp
[2.069s] -- Up-to-date: /home/sentry/Wolf-Moon/install/nav2_msgs/include/nav2_msgs/msg/detail/behavior_tree_log__traits.hpp
[2.069s] -- Up-to-date: /home/sentry/Wolf-Moon/install/nav2_msgs/include/nav2_msgs/msg/detail/behavior_tree_log__builder.hpp
[2.069s] -- Up-to-date: /home/sentry/Wolf-Moon/install/nav2_msgs/include/nav2_msgs/msg/detail/costmap_meta_data__traits.hpp
[2.069s] -- Up-to-date: /home/sentry/Wolf-Moon/install/nav2_msgs/include/nav2_msgs/msg/detail/speed_limit__struct.hpp
[2.069s] -- Up-to-date: /home/sentry/Wolf-Moon/install/nav2_msgs/include/nav2_msgs/msg/detail/costmap__builder.hpp
[2.069s] -- Up-to-date: /home/sentry/Wolf-Moon/install/nav2_msgs/include/nav2_msgs/msg/detail/costmap__struct.hpp
[2.069s] -- Up-to-date: /home/sentry/Wolf-Moon/install/nav2_msgs/include/nav2_msgs/msg/detail/costmap_meta_data__builder.hpp
[2.070s] -- Up-to-date: /home/sentry/Wolf-Moon/install/nav2_msgs/include/nav2_msgs/msg/detail/costmap_filter_info__struct.hpp
[2.070s] -- Up-to-date: /home/sentry/Wolf-Moon/install/nav2_msgs/include/nav2_msgs/msg/detail/behavior_tree_log__struct.hpp
[2.070s] -- Up-to-date: /home/sentry/Wolf-Moon/install/nav2_msgs/include/nav2_msgs/msg/detail/behavior_tree_status_change__traits.hpp
[2.070s] -- Up-to-date: /home/sentry/Wolf-Moon/install/nav2_msgs/include/nav2_msgs/msg/detail/particle__builder.hpp
[2.070s] -- Up-to-date: /home/sentry/Wolf-Moon/install/nav2_msgs/include/nav2_msgs/msg/detail/behavior_tree_status_change__builder.hpp
[2.070s] -- Up-to-date: /home/sentry/Wolf-Moon/install/nav2_msgs/include/nav2_msgs/msg/detail/particle__struct.hpp
[2.071s] -- Up-to-date: /home/sentry/Wolf-Moon/install/nav2_msgs/include/nav2_msgs/msg/detail/costmap_filter_info__builder.hpp
[2.071s] -- Up-to-date: /home/sentry/Wolf-Moon/install/nav2_msgs/include/nav2_msgs/msg/detail/particle_cloud__traits.hpp
[2.071s] -- Up-to-date: /home/sentry/Wolf-Moon/install/nav2_msgs/include/nav2_msgs/msg/detail/voxel_grid__struct.hpp
[2.071s] -- Up-to-date: /home/sentry/Wolf-Moon/install/nav2_msgs/include/nav2_msgs/msg/detail/particle__traits.hpp
[2.071s] -- Up-to-date: /home/sentry/Wolf-Moon/install/nav2_msgs/include/nav2_msgs/msg/detail/voxel_grid__builder.hpp
[2.071s] -- Up-to-date: /home/sentry/Wolf-Moon/install/nav2_msgs/include/nav2_msgs/msg/detail/particle_cloud__builder.hpp
[2.071s] -- Up-to-date: /home/sentry/Wolf-Moon/install/nav2_msgs/include/nav2_msgs/msg/detail/particle_cloud__struct.hpp
[2.071s] -- Up-to-date: /home/sentry/Wolf-Moon/install/nav2_msgs/include/nav2_msgs/msg/detail/speed_limit__builder.hpp
[2.071s] -- Up-to-date: /home/sentry/Wolf-Moon/install/nav2_msgs/include/nav2_msgs/msg/detail/speed_limit__traits.hpp
[2.072s] -- Up-to-date: /home/sentry/Wolf-Moon/install/nav2_msgs/include/nav2_msgs/msg/detail/behavior_tree_status_change__struct.hpp
[2.072s] -- Up-to-date: /home/sentry/Wolf-Moon/install/nav2_msgs/include/nav2_msgs/msg/detail/voxel_grid__traits.hpp
[2.072s] -- Up-to-date: /home/sentry/Wolf-Moon/install/nav2_msgs/include/nav2_msgs/msg/detail/costmap_meta_data__struct.hpp
[2.072s] -- Up-to-date: /home/sentry/Wolf-Moon/install/nav2_msgs/include/nav2_msgs/msg/particle.hpp
[2.072s] -- Up-to-date: /home/sentry/Wolf-Moon/install/nav2_msgs/include/nav2_msgs/msg/behavior_tree_status_change.hpp
[2.072s] -- Up-to-date: /home/sentry/Wolf-Moon/install/nav2_msgs/include/nav2_msgs/msg/voxel_grid.hpp
[2.072s] -- Up-to-date: /home/sentry/Wolf-Moon/install/nav2_msgs/include/nav2_msgs/msg/costmap_filter_info.hpp
[2.073s] -- Up-to-date: /home/sentry/Wolf-Moon/install/nav2_msgs/include/nav2_msgs/msg/behavior_tree_log.hpp
[2.073s] -- Up-to-date: /home/sentry/Wolf-Moon/install/nav2_msgs/include/nav2_msgs/action
[2.073s] -- Up-to-date: /home/sentry/Wolf-Moon/install/nav2_msgs/include/nav2_msgs/action/follow_path.hpp
[2.073s] -- Up-to-date: /home/sentry/Wolf-Moon/install/nav2_msgs/include/nav2_msgs/action/navigate_to_pose.hpp
[2.073s] -- Up-to-date: /home/sentry/Wolf-Moon/install/nav2_msgs/include/nav2_msgs/action/follow_waypoints.hpp
[2.073s] -- Up-to-date: /home/sentry/Wolf-Moon/install/nav2_msgs/include/nav2_msgs/action/navigate_through_poses.hpp
[2.073s] -- Up-to-date: /home/sentry/Wolf-Moon/install/nav2_msgs/include/nav2_msgs/action/compute_path_to_pose.hpp
[2.073s] -- Up-to-date: /home/sentry/Wolf-Moon/install/nav2_msgs/include/nav2_msgs/action/dummy_recovery.hpp
[2.073s] -- Up-to-date: /home/sentry/Wolf-Moon/install/nav2_msgs/include/nav2_msgs/action/spin.hpp
[2.073s] -- Up-to-date: /home/sentry/Wolf-Moon/install/nav2_msgs/include/nav2_msgs/action/wait.hpp
[2.073s] -- Up-to-date: /home/sentry/Wolf-Moon/install/nav2_msgs/include/nav2_msgs/action/detail
[2.074s] -- Up-to-date: /home/sentry/Wolf-Moon/install/nav2_msgs/include/nav2_msgs/action/detail/navigate_to_pose__builder.hpp
[2.074s] -- Up-to-date: /home/sentry/Wolf-Moon/install/nav2_msgs/include/nav2_msgs/action/detail/follow_path__builder.hpp
[2.074s] -- Up-to-date: /home/sentry/Wolf-Moon/install/nav2_msgs/include/nav2_msgs/action/detail/spin__traits.hpp
[2.074s] -- Up-to-date: /home/sentry/Wolf-Moon/install/nav2_msgs/include/nav2_msgs/action/detail/compute_path_through_poses__struct.hpp
[2.074s] -- Up-to-date: /home/sentry/Wolf-Moon/install/nav2_msgs/include/nav2_msgs/action/detail/navigate_through_poses__traits.hpp
[2.075s] -- Up-to-date: /home/sentry/Wolf-Moon/install/nav2_msgs/include/nav2_msgs/action/detail/wait__builder.hpp
[2.075s] -- Up-to-date: /home/sentry/Wolf-Moon/install/nav2_msgs/include/nav2_msgs/action/detail/dummy_recovery__struct.hpp
[2.075s] -- Up-to-date: /home/sentry/Wolf-Moon/install/nav2_msgs/include/nav2_msgs/action/detail/compute_path_to_pose__builder.hpp
[2.075s] -- Up-to-date: /home/sentry/Wolf-Moon/install/nav2_msgs/include/nav2_msgs/action/detail/navigate_through_poses__struct.hpp
[2.075s] -- Up-to-date: /home/sentry/Wolf-Moon/install/nav2_msgs/include/nav2_msgs/action/detail/navigate_to_pose__traits.hpp
[2.075s] -- Up-to-date: /home/sentry/Wolf-Moon/install/nav2_msgs/include/nav2_msgs/action/detail/follow_path__traits.hpp
[2.075s] -- Up-to-date: /home/sentry/Wolf-Moon/install/nav2_msgs/include/nav2_msgs/action/detail/wait__struct.hpp
[2.075s] -- Up-to-date: /home/sentry/Wolf-Moon/install/nav2_msgs/include/nav2_msgs/action/detail/back_up__builder.hpp
[2.076s] -- Up-to-date: /home/sentry/Wolf-Moon/install/nav2_msgs/include/nav2_msgs/action/detail/wait__traits.hpp
[2.076s] -- Up-to-date: /home/sentry/Wolf-Moon/install/nav2_msgs/include/nav2_msgs/action/detail/spin__struct.hpp
[2.076s] -- Up-to-date: /home/sentry/Wolf-Moon/install/nav2_msgs/include/nav2_msgs/action/detail/spin__builder.hpp
[2.076s] -- Up-to-date: /home/sentry/Wolf-Moon/install/nav2_msgs/include/nav2_msgs/action/detail/navigate_through_poses__builder.hpp
[2.076s] -- Up-to-date: /home/sentry/Wolf-Moon/install/nav2_msgs/include/nav2_msgs/action/detail/follow_waypoints__struct.hpp
[2.076s] -- Up-to-date: /home/sentry/Wolf-Moon/install/nav2_msgs/include/nav2_msgs/action/detail/compute_path_through_poses__builder.hpp
[2.076s] -- Up-to-date: /home/sentry/Wolf-Moon/install/nav2_msgs/include/nav2_msgs/action/detail/compute_path_through_poses__traits.hpp
[2.076s] -- Up-to-date: /home/sentry/Wolf-Moon/install/nav2_msgs/include/nav2_msgs/action/detail/follow_path__struct.hpp
[2.076s] -- Up-to-date: /home/sentry/Wolf-Moon/install/nav2_msgs/include/nav2_msgs/action/detail/compute_path_to_pose__struct.hpp
[2.076s] -- Up-to-date: /home/sentry/Wolf-Moon/install/nav2_msgs/include/nav2_msgs/action/detail/dummy_recovery__traits.hpp
[2.077s] -- Up-to-date: /home/sentry/Wolf-Moon/install/nav2_msgs/include/nav2_msgs/action/detail/follow_waypoints__builder.hpp
[2.077s] -- Up-to-date: /home/sentry/Wolf-Moon/install/nav2_msgs/include/nav2_msgs/action/detail/follow_waypoints__traits.hpp
[2.077s] -- Up-to-date: /home/sentry/Wolf-Moon/install/nav2_msgs/include/nav2_msgs/action/detail/compute_path_to_pose__traits.hpp
[2.077s] -- Up-to-date: /home/sentry/Wolf-Moon/install/nav2_msgs/include/nav2_msgs/action/detail/back_up__struct.hpp
[2.077s] -- Up-to-date: /home/sentry/Wolf-Moon/install/nav2_msgs/include/nav2_msgs/action/detail/dummy_recovery__builder.hpp
[2.077s] -- Up-to-date: /home/sentry/Wolf-Moon/install/nav2_msgs/include/nav2_msgs/action/detail/back_up__traits.hpp
[2.077s] -- Up-to-date: /home/sentry/Wolf-Moon/install/nav2_msgs/include/nav2_msgs/action/detail/navigate_to_pose__struct.hpp
[2.077s] -- Up-to-date: /home/sentry/Wolf-Moon/install/nav2_msgs/include/nav2_msgs/action/compute_path_through_poses.hpp
[2.077s] -- Up-to-date: /home/sentry/Wolf-Moon/install/nav2_msgs/include/nav2_msgs/action/back_up.hpp
[2.077s] -- Up-to-date: /home/sentry/Wolf-Moon/install/nav2_msgs/include/nav2_msgs/srv
[2.077s] -- Up-to-date: /home/sentry/Wolf-Moon/install/nav2_msgs/include/nav2_msgs/srv/save_map.hpp
[2.077s] -- Up-to-date: /home/sentry/Wolf-Moon/install/nav2_msgs/include/nav2_msgs/srv/clear_entire_costmap.hpp
[2.078s] -- Up-to-date: /home/sentry/Wolf-Moon/install/nav2_msgs/include/nav2_msgs/srv/detail
[2.078s] -- Up-to-date: /home/sentry/Wolf-Moon/install/nav2_msgs/include/nav2_msgs/srv/detail/clear_entire_costmap__struct.hpp
[2.078s] -- Up-to-date: /home/sentry/Wolf-Moon/install/nav2_msgs/include/nav2_msgs/srv/detail/clear_costmap_except_region__struct.hpp
[2.078s] -- Up-to-date: /home/sentry/Wolf-Moon/install/nav2_msgs/include/nav2_msgs/srv/detail/load_map__builder.hpp
[2.078s] -- Up-to-date: /home/sentry/Wolf-Moon/install/nav2_msgs/include/nav2_msgs/srv/detail/clear_entire_costmap__traits.hpp
[2.078s] -- Up-to-date: /home/sentry/Wolf-Moon/install/nav2_msgs/include/nav2_msgs/srv/detail/save_map__traits.hpp
[2.078s] -- Up-to-date: /home/sentry/Wolf-Moon/install/nav2_msgs/include/nav2_msgs/srv/detail/clear_costmap_around_robot__traits.hpp
[2.078s] -- Up-to-date: /home/sentry/Wolf-Moon/install/nav2_msgs/include/nav2_msgs/srv/detail/clear_costmap_except_region__traits.hpp
[2.078s] -- Up-to-date: /home/sentry/Wolf-Moon/install/nav2_msgs/include/nav2_msgs/srv/detail/save_map__builder.hpp
[2.078s] -- Up-to-date: /home/sentry/Wolf-Moon/install/nav2_msgs/include/nav2_msgs/srv/detail/load_map__struct.hpp
[2.078s] -- Up-to-date: /home/sentry/Wolf-Moon/install/nav2_msgs/include/nav2_msgs/srv/detail/manage_lifecycle_nodes__builder.hpp
[2.078s] -- Up-to-date: /home/sentry/Wolf-Moon/install/nav2_msgs/include/nav2_msgs/srv/detail/clear_entire_costmap__builder.hpp
[2.078s] -- Up-to-date: /home/sentry/Wolf-Moon/install/nav2_msgs/include/nav2_msgs/srv/detail/load_map__traits.hpp
[2.079s] -- Up-to-date: /home/sentry/Wolf-Moon/install/nav2_msgs/include/nav2_msgs/srv/detail/manage_lifecycle_nodes__traits.hpp
[2.079s] -- Up-to-date: /home/sentry/Wolf-Moon/install/nav2_msgs/include/nav2_msgs/srv/detail/clear_costmap_around_robot__builder.hpp
[2.079s] -- Up-to-date: /home/sentry/Wolf-Moon/install/nav2_msgs/include/nav2_msgs/srv/detail/get_costmap__traits.hpp
[2.079s] -- Up-to-date: /home/sentry/Wolf-Moon/install/nav2_msgs/include/nav2_msgs/srv/detail/manage_lifecycle_nodes__struct.hpp
[2.079s] -- Up-to-date: /home/sentry/Wolf-Moon/install/nav2_msgs/include/nav2_msgs/srv/detail/get_costmap__struct.hpp
[2.079s] -- Up-to-date: /home/sentry/Wolf-Moon/install/nav2_msgs/include/nav2_msgs/srv/detail/clear_costmap_except_region__builder.hpp
[2.079s] -- Up-to-date: /home/sentry/Wolf-Moon/install/nav2_msgs/include/nav2_msgs/srv/detail/get_costmap__builder.hpp
[2.079s] -- Up-to-date: /home/sentry/Wolf-Moon/install/nav2_msgs/include/nav2_msgs/srv/detail/save_map__struct.hpp
[2.080s] -- Up-to-date: /home/sentry/Wolf-Moon/install/nav2_msgs/include/nav2_msgs/srv/detail/clear_costmap_around_robot__struct.hpp
[2.080s] -- Up-to-date: /home/sentry/Wolf-Moon/install/nav2_msgs/include/nav2_msgs/srv/clear_costmap_around_robot.hpp
[2.080s] -- Up-to-date: /home/sentry/Wolf-Moon/install/nav2_msgs/include/nav2_msgs/srv/manage_lifecycle_nodes.hpp
[2.080s] -- Up-to-date: /home/sentry/Wolf-Moon/install/nav2_msgs/include/nav2_msgs/srv/clear_costmap_except_region.hpp
[2.080s] -- Up-to-date: /home/sentry/Wolf-Moon/install/nav2_msgs/include/nav2_msgs/srv/get_costmap.hpp
[2.080s] -- Up-to-date: /home/sentry/Wolf-Moon/install/nav2_msgs/include/nav2_msgs/srv/load_map.hpp
[2.080s] -- Up-to-date: /home/sentry/Wolf-Moon/install/nav2_msgs/include/nav2_msgs
[2.080s] -- Up-to-date: /home/sentry/Wolf-Moon/install/nav2_msgs/include/nav2_msgs/msg
[2.080s] -- Up-to-date: /home/sentry/Wolf-Moon/install/nav2_msgs/include/nav2_msgs/msg/detail
[2.081s] -- Up-to-date: /home/sentry/Wolf-Moon/install/nav2_msgs/include/nav2_msgs/msg/detail/speed_limit__type_support.cpp
[2.081s] -- Up-to-date: /home/sentry/Wolf-Moon/install/nav2_msgs/include/nav2_msgs/msg/detail/behavior_tree_log__type_support.cpp
[2.081s] -- Up-to-date: /home/sentry/Wolf-Moon/install/nav2_msgs/include/nav2_msgs/msg/detail/costmap_filter_info__type_support.cpp
[2.081s] -- Up-to-date: /home/sentry/Wolf-Moon/install/nav2_msgs/include/nav2_msgs/msg/detail/speed_limit__rosidl_typesupport_introspection_cpp.hpp
[2.081s] -- Up-to-date: /home/sentry/Wolf-Moon/install/nav2_msgs/include/nav2_msgs/msg/detail/costmap_meta_data__type_support.cpp
[2.081s] -- Up-to-date: /home/sentry/Wolf-Moon/install/nav2_msgs/include/nav2_msgs/msg/detail/behavior_tree_status_change__type_support.cpp
[2.081s] -- Up-to-date: /home/sentry/Wolf-Moon/install/nav2_msgs/include/nav2_msgs/msg/detail/particle__rosidl_typesupport_introspection_cpp.hpp
[2.081s] -- Up-to-date: /home/sentry/Wolf-Moon/install/nav2_msgs/include/nav2_msgs/msg/detail/behavior_tree_log__rosidl_typesupport_introspection_cpp.hpp
[2.082s] -- Up-to-date: /home/sentry/Wolf-Moon/install/nav2_msgs/include/nav2_msgs/msg/detail/particle_cloud__rosidl_typesupport_introspection_cpp.hpp
[2.082s] -- Up-to-date: /home/sentry/Wolf-Moon/install/nav2_msgs/include/nav2_msgs/msg/detail/costmap_filter_info__rosidl_typesupport_introspection_cpp.hpp
[2.082s] -- Up-to-date: /home/sentry/Wolf-Moon/install/nav2_msgs/include/nav2_msgs/msg/detail/particle__type_support.cpp
[2.082s] -- Up-to-date: /home/sentry/Wolf-Moon/install/nav2_msgs/include/nav2_msgs/msg/detail/costmap__type_support.cpp
[2.082s] -- Up-to-date: /home/sentry/Wolf-Moon/install/nav2_msgs/include/nav2_msgs/msg/detail/particle_cloud__type_support.cpp
[2.082s] -- Up-to-date: /home/sentry/Wolf-Moon/install/nav2_msgs/include/nav2_msgs/msg/detail/voxel_grid__rosidl_typesupport_introspection_cpp.hpp
[2.082s] -- Up-to-date: /home/sentry/Wolf-Moon/install/nav2_msgs/include/nav2_msgs/msg/detail/costmap_meta_data__rosidl_typesupport_introspection_cpp.hpp
[2.082s] -- Up-to-date: /home/sentry/Wolf-Moon/install/nav2_msgs/include/nav2_msgs/msg/detail/behavior_tree_status_change__rosidl_typesupport_introspection_cpp.hpp
[2.083s] -- Up-to-date: /home/sentry/Wolf-Moon/install/nav2_msgs/include/nav2_msgs/msg/detail/costmap__rosidl_typesupport_introspection_cpp.hpp
[2.083s] -- Up-to-date: /home/sentry/Wolf-Moon/install/nav2_msgs/include/nav2_msgs/msg/detail/voxel_grid__type_support.cpp
[2.083s] -- Up-to-date: /home/sentry/Wolf-Moon/install/nav2_msgs/include/nav2_msgs/action
[2.083s] -- Up-to-date: /home/sentry/Wolf-Moon/install/nav2_msgs/include/nav2_msgs/action/detail
[2.083s] -- Up-to-date: /home/sentry/Wolf-Moon/install/nav2_msgs/include/nav2_msgs/action/detail/spin__type_support.cpp
[2.083s] -- Up-to-date: /home/sentry/Wolf-Moon/install/nav2_msgs/include/nav2_msgs/action/detail/dummy_recovery__type_support.cpp
[2.083s] -- Up-to-date: /home/sentry/Wolf-Moon/install/nav2_msgs/include/nav2_msgs/action/detail/compute_path_through_poses__type_support.cpp
[2.083s] -- Up-to-date: /home/sentry/Wolf-Moon/install/nav2_msgs/include/nav2_msgs/action/detail/navigate_through_poses__rosidl_typesupport_introspection_cpp.hpp
[2.083s] -- Up-to-date: /home/sentry/Wolf-Moon/install/nav2_msgs/include/nav2_msgs/action/detail/wait__type_support.cpp
[2.084s] -- Up-to-date: /home/sentry/Wolf-Moon/install/nav2_msgs/include/nav2_msgs/action/detail/back_up__type_support.cpp
[2.084s] -- Up-to-date: /home/sentry/Wolf-Moon/install/nav2_msgs/include/nav2_msgs/action/detail/navigate_to_pose__rosidl_typesupport_introspection_cpp.hpp
[2.084s] -- Up-to-date: /home/sentry/Wolf-Moon/install/nav2_msgs/include/nav2_msgs/action/detail/follow_path__type_support.cpp
[2.084s] -- Up-to-date: /home/sentry/Wolf-Moon/install/nav2_msgs/include/nav2_msgs/action/detail/navigate_to_pose__type_support.cpp
[2.084s] -- Up-to-date: /home/sentry/Wolf-Moon/install/nav2_msgs/include/nav2_msgs/action/detail/spin__rosidl_typesupport_introspection_cpp.hpp
[2.084s] -- Up-to-date: /home/sentry/Wolf-Moon/install/nav2_msgs/include/nav2_msgs/action/detail/compute_path_to_pose__type_support.cpp
[2.085s] -- Up-to-date: /home/sentry/Wolf-Moon/install/nav2_msgs/include/nav2_msgs/action/detail/wait__rosidl_typesupport_introspection_cpp.hpp
[2.085s] -- Up-to-date: /home/sentry/Wolf-Moon/install/nav2_msgs/include/nav2_msgs/action/detail/follow_path__rosidl_typesupport_introspection_cpp.hpp
[2.085s] -- Up-to-date: /home/sentry/Wolf-Moon/install/nav2_msgs/include/nav2_msgs/action/detail/compute_path_through_poses__rosidl_typesupport_introspection_cpp.hpp
[2.085s] -- Up-to-date: /home/sentry/Wolf-Moon/install/nav2_msgs/include/nav2_msgs/action/detail/navigate_through_poses__type_support.cpp
[2.085s] -- Up-to-date: /home/sentry/Wolf-Moon/install/nav2_msgs/include/nav2_msgs/action/detail/follow_waypoints__rosidl_typesupport_introspection_cpp.hpp
[2.085s] -- Up-to-date: /home/sentry/Wolf-Moon/install/nav2_msgs/include/nav2_msgs/action/detail/back_up__rosidl_typesupport_introspection_cpp.hpp
[2.085s] -- Up-to-date: /home/sentry/Wolf-Moon/install/nav2_msgs/include/nav2_msgs/action/detail/follow_waypoints__type_support.cpp
[2.085s] -- Up-to-date: /home/sentry/Wolf-Moon/install/nav2_msgs/include/nav2_msgs/action/detail/dummy_recovery__rosidl_typesupport_introspection_cpp.hpp
[2.085s] -- Up-to-date: /home/sentry/Wolf-Moon/install/nav2_msgs/include/nav2_msgs/action/detail/compute_path_to_pose__rosidl_typesupport_introspection_cpp.hpp
[2.085s] -- Up-to-date: /home/sentry/Wolf-Moon/install/nav2_msgs/include/nav2_msgs/srv
[2.086s] -- Up-to-date: /home/sentry/Wolf-Moon/install/nav2_msgs/include/nav2_msgs/srv/detail
[2.086s] -- Up-to-date: /home/sentry/Wolf-Moon/install/nav2_msgs/include/nav2_msgs/srv/detail/clear_costmap_around_robot__type_support.cpp
[2.086s] -- Up-to-date: /home/sentry/Wolf-Moon/install/nav2_msgs/include/nav2_msgs/srv/detail/get_costmap__type_support.cpp
[2.086s] -- Up-to-date: /home/sentry/Wolf-Moon/install/nav2_msgs/include/nav2_msgs/srv/detail/load_map__rosidl_typesupport_introspection_cpp.hpp
[2.086s] -- Up-to-date: /home/sentry/Wolf-Moon/install/nav2_msgs/include/nav2_msgs/srv/detail/manage_lifecycle_nodes__type_support.cpp
[2.086s] -- Up-to-date: /home/sentry/Wolf-Moon/install/nav2_msgs/include/nav2_msgs/srv/detail/manage_lifecycle_nodes__rosidl_typesupport_introspection_cpp.hpp
[2.086s] -- Up-to-date: /home/sentry/Wolf-Moon/install/nav2_msgs/include/nav2_msgs/srv/detail/save_map__type_support.cpp
[2.086s] -- Up-to-date: /home/sentry/Wolf-Moon/install/nav2_msgs/include/nav2_msgs/srv/detail/load_map__type_support.cpp
[2.086s] -- Up-to-date: /home/sentry/Wolf-Moon/install/nav2_msgs/include/nav2_msgs/srv/detail/clear_costmap_except_region__type_support.cpp
[2.087s] -- Up-to-date: /home/sentry/Wolf-Moon/install/nav2_msgs/include/nav2_msgs/srv/detail/clear_entire_costmap__type_support.cpp
[2.087s] -- Up-to-date: /home/sentry/Wolf-Moon/install/nav2_msgs/include/nav2_msgs/srv/detail/save_map__rosidl_typesupport_introspection_cpp.hpp
[2.087s] -- Up-to-date: /home/sentry/Wolf-Moon/install/nav2_msgs/include/nav2_msgs/srv/detail/get_costmap__rosidl_typesupport_introspection_cpp.hpp
[2.087s] -- Up-to-date: /home/sentry/Wolf-Moon/install/nav2_msgs/include/nav2_msgs/srv/detail/clear_costmap_around_robot__rosidl_typesupport_introspection_cpp.hpp
[2.087s] -- Up-to-date: /home/sentry/Wolf-Moon/install/nav2_msgs/include/nav2_msgs/srv/detail/clear_entire_costmap__rosidl_typesupport_introspection_cpp.hpp
[2.087s] -- Up-to-date: /home/sentry/Wolf-Moon/install/nav2_msgs/include/nav2_msgs/srv/detail/clear_costmap_except_region__rosidl_typesupport_introspection_cpp.hpp
[2.087s] -- Up-to-date: /home/sentry/Wolf-Moon/install/nav2_msgs/lib/libnav2_msgs__rosidl_typesupport_introspection_cpp.so
[2.087s] -- Up-to-date: /home/sentry/Wolf-Moon/install/nav2_msgs/lib/libnav2_msgs__rosidl_typesupport_cpp.so
[2.087s] -- Up-to-date: /home/sentry/Wolf-Moon/install/nav2_msgs/share/nav2_msgs/environment/pythonpath.sh
[2.087s] -- Up-to-date: /home/sentry/Wolf-Moon/install/nav2_msgs/share/nav2_msgs/environment/pythonpath.dsv
[2.088s] -- Up-to-date: /home/sentry/Wolf-Moon/install/nav2_msgs/lib/python3.8/site-packages/nav2_msgs/__init__.py
[2.108s] -- Up-to-date: /home/sentry/Wolf-Moon/install/nav2_msgs/lib/python3.8/site-packages/nav2_msgs/msg
[2.108s] -- Up-to-date: /home/sentry/Wolf-Moon/install/nav2_msgs/lib/python3.8/site-packages/nav2_msgs/msg/_costmap_filter_info_s.c
[2.108s] -- Up-to-date: /home/sentry/Wolf-Moon/install/nav2_msgs/lib/python3.8/site-packages/nav2_msgs/msg/_behavior_tree_log.py
[2.109s] -- Up-to-date: /home/sentry/Wolf-Moon/install/nav2_msgs/lib/python3.8/site-packages/nav2_msgs/msg/__init__.py
[2.109s] -- Up-to-date: /home/sentry/Wolf-Moon/install/nav2_msgs/lib/python3.8/site-packages/nav2_msgs/msg/_costmap_meta_data.py
[2.110s] -- Up-to-date: /home/sentry/Wolf-Moon/install/nav2_msgs/lib/python3.8/site-packages/nav2_msgs/msg/_costmap.py
[2.110s] -- Up-to-date: /home/sentry/Wolf-Moon/install/nav2_msgs/lib/python3.8/site-packages/nav2_msgs/msg/_particle_cloud_s.c
[2.110s] -- Up-to-date: /home/sentry/Wolf-Moon/install/nav2_msgs/lib/python3.8/site-packages/nav2_msgs/msg/_speed_limit_s.c
[2.110s] -- Up-to-date: /home/sentry/Wolf-Moon/install/nav2_msgs/lib/python3.8/site-packages/nav2_msgs/msg/_costmap_filter_info.py
[2.110s] -- Up-to-date: /home/sentry/Wolf-Moon/install/nav2_msgs/lib/python3.8/site-packages/nav2_msgs/msg/_speed_limit.py
[2.110s] -- Up-to-date: /home/sentry/Wolf-Moon/install/nav2_msgs/lib/python3.8/site-packages/nav2_msgs/msg/_behavior_tree_status_change_s.c
[2.111s] -- Up-to-date: /home/sentry/Wolf-Moon/install/nav2_msgs/lib/python3.8/site-packages/nav2_msgs/msg/_particle.py
[2.111s] -- Up-to-date: /home/sentry/Wolf-Moon/install/nav2_msgs/lib/python3.8/site-packages/nav2_msgs/msg/_particle_s.c
[2.111s] -- Up-to-date: /home/sentry/Wolf-Moon/install/nav2_msgs/lib/python3.8/site-packages/nav2_msgs/msg/_behavior_tree_status_change.py
[2.111s] -- Up-to-date: /home/sentry/Wolf-Moon/install/nav2_msgs/lib/python3.8/site-packages/nav2_msgs/msg/_particle_cloud.py
[2.111s] -- Up-to-date: /home/sentry/Wolf-Moon/install/nav2_msgs/lib/python3.8/site-packages/nav2_msgs/msg/_behavior_tree_log_s.c
[2.111s] -- Up-to-date: /home/sentry/Wolf-Moon/install/nav2_msgs/lib/python3.8/site-packages/nav2_msgs/msg/_voxel_grid_s.c
[2.111s] -- Up-to-date: /home/sentry/Wolf-Moon/install/nav2_msgs/lib/python3.8/site-packages/nav2_msgs/msg/_costmap_meta_data_s.c
[2.111s] -- Up-to-date: /home/sentry/Wolf-Moon/install/nav2_msgs/lib/python3.8/site-packages/nav2_msgs/msg/_costmap_s.c
[2.111s] -- Up-to-date: /home/sentry/Wolf-Moon/install/nav2_msgs/lib/python3.8/site-packages/nav2_msgs/msg/_voxel_grid.py
[2.111s] -- Up-to-date: /home/sentry/Wolf-Moon/install/nav2_msgs/lib/python3.8/site-packages/nav2_msgs/srv
[2.111s] -- Up-to-date: /home/sentry/Wolf-Moon/install/nav2_msgs/lib/python3.8/site-packages/nav2_msgs/srv/_clear_entire_costmap.py
[2.112s] -- Up-to-date: /home/sentry/Wolf-Moon/install/nav2_msgs/lib/python3.8/site-packages/nav2_msgs/srv/_clear_costmap_around_robot.py
[2.112s] -- Up-to-date: /home/sentry/Wolf-Moon/install/nav2_msgs/lib/python3.8/site-packages/nav2_msgs/srv/__init__.py
[2.112s] -- Up-to-date: /home/sentry/Wolf-Moon/install/nav2_msgs/lib/python3.8/site-packages/nav2_msgs/srv/_save_map_s.c
[2.112s] -- Up-to-date: /home/sentry/Wolf-Moon/install/nav2_msgs/lib/python3.8/site-packages/nav2_msgs/srv/_save_map.py
[2.112s] -- Up-to-date: /home/sentry/Wolf-Moon/install/nav2_msgs/lib/python3.8/site-packages/nav2_msgs/srv/_clear_costmap_except_region.py
[2.112s] -- Up-to-date: /home/sentry/Wolf-Moon/install/nav2_msgs/lib/python3.8/site-packages/nav2_msgs/srv/_clear_entire_costmap_s.c
[2.112s] -- Up-to-date: /home/sentry/Wolf-Moon/install/nav2_msgs/lib/python3.8/site-packages/nav2_msgs/srv/_manage_lifecycle_nodes.py
[2.112s] -- Up-to-date: /home/sentry/Wolf-Moon/install/nav2_msgs/lib/python3.8/site-packages/nav2_msgs/srv/_get_costmap_s.c
[2.112s] -- Up-to-date: /home/sentry/Wolf-Moon/install/nav2_msgs/lib/python3.8/site-packages/nav2_msgs/srv/_manage_lifecycle_nodes_s.c
[2.112s] -- Up-to-date: /home/sentry/Wolf-Moon/install/nav2_msgs/lib/python3.8/site-packages/nav2_msgs/srv/_load_map_s.c
[2.112s] -- Up-to-date: /home/sentry/Wolf-Moon/install/nav2_msgs/lib/python3.8/site-packages/nav2_msgs/srv/_clear_costmap_except_region_s.c
[2.112s] -- Up-to-date: /home/sentry/Wolf-Moon/install/nav2_msgs/lib/python3.8/site-packages/nav2_msgs/srv/_clear_costmap_around_robot_s.c
[2.112s] -- Up-to-date: /home/sentry/Wolf-Moon/install/nav2_msgs/lib/python3.8/site-packages/nav2_msgs/srv/_load_map.py
[2.113s] -- Up-to-date: /home/sentry/Wolf-Moon/install/nav2_msgs/lib/python3.8/site-packages/nav2_msgs/srv/_get_costmap.py
[2.113s] -- Up-to-date: /home/sentry/Wolf-Moon/install/nav2_msgs/lib/python3.8/site-packages/nav2_msgs/action
[2.113s] -- Up-to-date: /home/sentry/Wolf-Moon/install/nav2_msgs/lib/python3.8/site-packages/nav2_msgs/action/_navigate_to_pose_s.c
[2.113s] -- Up-to-date: /home/sentry/Wolf-Moon/install/nav2_msgs/lib/python3.8/site-packages/nav2_msgs/action/_navigate_through_poses_s.c
[2.113s] -- Up-to-date: /home/sentry/Wolf-Moon/install/nav2_msgs/lib/python3.8/site-packages/nav2_msgs/action/_follow_waypoints.py
[2.114s] -- Up-to-date: /home/sentry/Wolf-Moon/install/nav2_msgs/lib/python3.8/site-packages/nav2_msgs/action/_back_up.py
[2.114s] -- Up-to-date: /home/sentry/Wolf-Moon/install/nav2_msgs/lib/python3.8/site-packages/nav2_msgs/action/__init__.py
[2.114s] -- Up-to-date: /home/sentry/Wolf-Moon/install/nav2_msgs/lib/python3.8/site-packages/nav2_msgs/action/_compute_path_to_pose_s.c
[2.114s] -- Up-to-date: /home/sentry/Wolf-Moon/install/nav2_msgs/lib/python3.8/site-packages/nav2_msgs/action/_spin.py
[2.114s] -- Up-to-date: /home/sentry/Wolf-Moon/install/nav2_msgs/lib/python3.8/site-packages/nav2_msgs/action/_wait_s.c
[2.114s] -- Up-to-date: /home/sentry/Wolf-Moon/install/nav2_msgs/lib/python3.8/site-packages/nav2_msgs/action/_back_up_s.c
[2.114s] -- Up-to-date: /home/sentry/Wolf-Moon/install/nav2_msgs/lib/python3.8/site-packages/nav2_msgs/action/_navigate_through_poses.py
[2.114s] -- Up-to-date: /home/sentry/Wolf-Moon/install/nav2_msgs/lib/python3.8/site-packages/nav2_msgs/action/_compute_path_through_poses.py
[2.114s] -- Up-to-date: /home/sentry/Wolf-Moon/install/nav2_msgs/lib/python3.8/site-packages/nav2_msgs/action/_compute_path_through_poses_s.c
[2.114s] -- Up-to-date: /home/sentry/Wolf-Moon/install/nav2_msgs/lib/python3.8/site-packages/nav2_msgs/action/_compute_path_to_pose.py
[2.114s] -- Up-to-date: /home/sentry/Wolf-Moon/install/nav2_msgs/lib/python3.8/site-packages/nav2_msgs/action/_wait.py
[2.114s] -- Up-to-date: /home/sentry/Wolf-Moon/install/nav2_msgs/lib/python3.8/site-packages/nav2_msgs/action/_follow_waypoints_s.c
[2.114s] -- Up-to-date: /home/sentry/Wolf-Moon/install/nav2_msgs/lib/python3.8/site-packages/nav2_msgs/action/_navigate_to_pose.py
[2.114s] -- Up-to-date: /home/sentry/Wolf-Moon/install/nav2_msgs/lib/python3.8/site-packages/nav2_msgs/action/_spin_s.c
[2.115s] -- Up-to-date: /home/sentry/Wolf-Moon/install/nav2_msgs/lib/python3.8/site-packages/nav2_msgs/action/_dummy_recovery_s.c
[2.115s] -- Up-to-date: /home/sentry/Wolf-Moon/install/nav2_msgs/lib/python3.8/site-packages/nav2_msgs/action/_follow_path_s.c
[2.115s] -- Up-to-date: /home/sentry/Wolf-Moon/install/nav2_msgs/lib/python3.8/site-packages/nav2_msgs/action/_dummy_recovery.py
[2.115s] -- Up-to-date: /home/sentry/Wolf-Moon/install/nav2_msgs/lib/python3.8/site-packages/nav2_msgs/action/_follow_path.py
[2.115s] -- Up-to-date: /home/sentry/Wolf-Moon/install/nav2_msgs/lib/python3.8/site-packages/nav2_msgs/nav2_msgs_s__rosidl_typesupport_fastrtps_c.cpython-38-x86_64-linux-gnu.so
[2.115s] -- Up-to-date: /home/sentry/Wolf-Moon/install/nav2_msgs/lib/python3.8/site-packages/nav2_msgs/nav2_msgs_s__rosidl_typesupport_introspection_c.cpython-38-x86_64-linux-gnu.so
[2.115s] -- Up-to-date: /home/sentry/Wolf-Moon/install/nav2_msgs/lib/python3.8/site-packages/nav2_msgs/nav2_msgs_s__rosidl_typesupport_c.cpython-38-x86_64-linux-gnu.so
[2.115s] -- Up-to-date: /home/sentry/Wolf-Moon/install/nav2_msgs/lib/libnav2_msgs__python.so
[2.115s] -- Up-to-date: /home/sentry/Wolf-Moon/install/nav2_msgs/share/nav2_msgs/msg/Costmap.idl
[2.115s] -- Up-to-date: /home/sentry/Wolf-Moon/install/nav2_msgs/share/nav2_msgs/msg/CostmapMetaData.idl
[2.115s] -- Up-to-date: /home/sentry/Wolf-Moon/install/nav2_msgs/share/nav2_msgs/msg/CostmapFilterInfo.idl
[2.115s] -- Up-to-date: /home/sentry/Wolf-Moon/install/nav2_msgs/share/nav2_msgs/msg/SpeedLimit.idl
[2.115s] -- Up-to-date: /home/sentry/Wolf-Moon/install/nav2_msgs/share/nav2_msgs/msg/VoxelGrid.idl
[2.115s] -- Up-to-date: /home/sentry/Wolf-Moon/install/nav2_msgs/share/nav2_msgs/msg/BehaviorTreeStatusChange.idl
[2.115s] -- Up-to-date: /home/sentry/Wolf-Moon/install/nav2_msgs/share/nav2_msgs/msg/BehaviorTreeLog.idl
[2.116s] -- Up-to-date: /home/sentry/Wolf-Moon/install/nav2_msgs/share/nav2_msgs/msg/Particle.idl
[2.116s] -- Up-to-date: /home/sentry/Wolf-Moon/install/nav2_msgs/share/nav2_msgs/msg/ParticleCloud.idl
[2.116s] -- Up-to-date: /home/sentry/Wolf-Moon/install/nav2_msgs/share/nav2_msgs/srv/GetCostmap.idl
[2.116s] -- Up-to-date: /home/sentry/Wolf-Moon/install/nav2_msgs/share/nav2_msgs/srv/ClearCostmapExceptRegion.idl
[2.116s] -- Up-to-date: /home/sentry/Wolf-Moon/install/nav2_msgs/share/nav2_msgs/srv/ClearCostmapAroundRobot.idl
[2.116s] -- Up-to-date: /home/sentry/Wolf-Moon/install/nav2_msgs/share/nav2_msgs/srv/ClearEntireCostmap.idl
[2.116s] -- Up-to-date: /home/sentry/Wolf-Moon/install/nav2_msgs/share/nav2_msgs/srv/ManageLifecycleNodes.idl
[2.117s] -- Up-to-date: /home/sentry/Wolf-Moon/install/nav2_msgs/share/nav2_msgs/srv/LoadMap.idl
[2.117s] -- Up-to-date: /home/sentry/Wolf-Moon/install/nav2_msgs/share/nav2_msgs/srv/SaveMap.idl
[2.117s] -- Up-to-date: /home/sentry/Wolf-Moon/install/nav2_msgs/share/nav2_msgs/action/BackUp.idl
[2.118s] -- Up-to-date: /home/sentry/Wolf-Moon/install/nav2_msgs/share/nav2_msgs/action/ComputePathToPose.idl
[2.118s] -- Up-to-date: /home/sentry/Wolf-Moon/install/nav2_msgs/share/nav2_msgs/action/ComputePathThroughPoses.idl
[2.119s] -- Up-to-date: /home/sentry/Wolf-Moon/install/nav2_msgs/share/nav2_msgs/action/FollowPath.idl
[2.119s] -- Up-to-date: /home/sentry/Wolf-Moon/install/nav2_msgs/share/nav2_msgs/action/NavigateToPose.idl
[2.119s] -- Up-to-date: /home/sentry/Wolf-Moon/install/nav2_msgs/share/nav2_msgs/action/NavigateThroughPoses.idl
[2.119s] -- Up-to-date: /home/sentry/Wolf-Moon/install/nav2_msgs/share/nav2_msgs/action/Wait.idl
[2.119s] -- Up-to-date: /home/sentry/Wolf-Moon/install/nav2_msgs/share/nav2_msgs/action/Spin.idl
[2.119s] -- Up-to-date: /home/sentry/Wolf-Moon/install/nav2_msgs/share/nav2_msgs/action/DummyRecovery.idl
[2.119s] -- Up-to-date: /home/sentry/Wolf-Moon/install/nav2_msgs/share/nav2_msgs/action/FollowWaypoints.idl
[2.119s] -- Up-to-date: /home/sentry/Wolf-Moon/install/nav2_msgs/share/nav2_msgs/msg/Costmap.msg
[2.120s] -- Up-to-date: /home/sentry/Wolf-Moon/install/nav2_msgs/share/nav2_msgs/msg/CostmapMetaData.msg
[2.120s] -- Up-to-date: /home/sentry/Wolf-Moon/install/nav2_msgs/share/nav2_msgs/msg/CostmapFilterInfo.msg
[2.120s] -- Up-to-date: /home/sentry/Wolf-Moon/install/nav2_msgs/share/nav2_msgs/msg/SpeedLimit.msg
[2.120s] -- Up-to-date: /home/sentry/Wolf-Moon/install/nav2_msgs/share/nav2_msgs/msg/VoxelGrid.msg
[2.120s] -- Up-to-date: /home/sentry/Wolf-Moon/install/nav2_msgs/share/nav2_msgs/msg/BehaviorTreeStatusChange.msg
[2.120s] -- Up-to-date: /home/sentry/Wolf-Moon/install/nav2_msgs/share/nav2_msgs/msg/BehaviorTreeLog.msg
[2.120s] -- Up-to-date: /home/sentry/Wolf-Moon/install/nav2_msgs/share/nav2_msgs/msg/Particle.msg
[2.120s] -- Up-to-date: /home/sentry/Wolf-Moon/install/nav2_msgs/share/nav2_msgs/msg/ParticleCloud.msg
[2.121s] -- Up-to-date: /home/sentry/Wolf-Moon/install/nav2_msgs/share/nav2_msgs/srv/GetCostmap.srv
[2.121s] -- Up-to-date: /home/sentry/Wolf-Moon/install/nav2_msgs/share/nav2_msgs/srv/GetCostmap_Request.msg
[2.121s] -- Up-to-date: /home/sentry/Wolf-Moon/install/nav2_msgs/share/nav2_msgs/srv/GetCostmap_Response.msg
[2.123s] -- Up-to-date: /home/sentry/Wolf-Moon/install/nav2_msgs/share/nav2_msgs/srv/ClearCostmapExceptRegion.srv
[2.123s] -- Up-to-date: /home/sentry/Wolf-Moon/install/nav2_msgs/share/nav2_msgs/srv/ClearCostmapExceptRegion_Request.msg
[2.123s] -- Up-to-date: /home/sentry/Wolf-Moon/install/nav2_msgs/share/nav2_msgs/srv/ClearCostmapExceptRegion_Response.msg
[2.123s] -- Up-to-date: /home/sentry/Wolf-Moon/install/nav2_msgs/share/nav2_msgs/srv/ClearCostmapAroundRobot.srv
[2.124s] -- Up-to-date: /home/sentry/Wolf-Moon/install/nav2_msgs/share/nav2_msgs/srv/ClearCostmapAroundRobot_Request.msg
[2.124s] -- Up-to-date: /home/sentry/Wolf-Moon/install/nav2_msgs/share/nav2_msgs/srv/ClearCostmapAroundRobot_Response.msg
[2.124s] -- Up-to-date: /home/sentry/Wolf-Moon/install/nav2_msgs/share/nav2_msgs/srv/ClearEntireCostmap.srv
[2.124s] -- Up-to-date: /home/sentry/Wolf-Moon/install/nav2_msgs/share/nav2_msgs/srv/ClearEntireCostmap_Request.msg
[2.125s] -- Up-to-date: /home/sentry/Wolf-Moon/install/nav2_msgs/share/nav2_msgs/srv/ClearEntireCostmap_Response.msg
[2.125s] -- Up-to-date: /home/sentry/Wolf-Moon/install/nav2_msgs/share/nav2_msgs/srv/ManageLifecycleNodes.srv
[2.126s] -- Up-to-date: /home/sentry/Wolf-Moon/install/nav2_msgs/share/nav2_msgs/srv/ManageLifecycleNodes_Request.msg
[2.127s] -- Up-to-date: /home/sentry/Wolf-Moon/install/nav2_msgs/share/nav2_msgs/srv/ManageLifecycleNodes_Response.msg
[2.130s] -- Up-to-date: /home/sentry/Wolf-Moon/install/nav2_msgs/share/nav2_msgs/srv/LoadMap.srv
[2.130s] -- Up-to-date: /home/sentry/Wolf-Moon/install/nav2_msgs/share/nav2_msgs/srv/LoadMap_Request.msg
[2.130s] -- Up-to-date: /home/sentry/Wolf-Moon/install/nav2_msgs/share/nav2_msgs/srv/LoadMap_Response.msg
[2.130s] -- Up-to-date: /home/sentry/Wolf-Moon/install/nav2_msgs/share/nav2_msgs/srv/SaveMap.srv
[2.130s] -- Up-to-date: /home/sentry/Wolf-Moon/install/nav2_msgs/share/nav2_msgs/srv/SaveMap_Request.msg
[2.131s] -- Up-to-date: /home/sentry/Wolf-Moon/install/nav2_msgs/share/nav2_msgs/srv/SaveMap_Response.msg
[2.131s] -- Up-to-date: /home/sentry/Wolf-Moon/install/nav2_msgs/share/nav2_msgs/action/BackUp.action
[2.131s] -- Up-to-date: /home/sentry/Wolf-Moon/install/nav2_msgs/share/nav2_msgs/action/ComputePathToPose.action
[2.131s] -- Up-to-date: /home/sentry/Wolf-Moon/install/nav2_msgs/share/nav2_msgs/action/ComputePathThroughPoses.action
[2.131s] -- Up-to-date: /home/sentry/Wolf-Moon/install/nav2_msgs/share/nav2_msgs/action/FollowPath.action
[2.131s] -- Up-to-date: /home/sentry/Wolf-Moon/install/nav2_msgs/share/nav2_msgs/action/NavigateToPose.action
[2.131s] -- Up-to-date: /home/sentry/Wolf-Moon/install/nav2_msgs/share/nav2_msgs/action/NavigateThroughPoses.action
[2.131s] -- Up-to-date: /home/sentry/Wolf-Moon/install/nav2_msgs/share/nav2_msgs/action/Wait.action
[2.131s] -- Up-to-date: /home/sentry/Wolf-Moon/install/nav2_msgs/share/nav2_msgs/action/Spin.action
[2.131s] -- Up-to-date: /home/sentry/Wolf-Moon/install/nav2_msgs/share/nav2_msgs/action/DummyRecovery.action
[2.131s] -- Up-to-date: /home/sentry/Wolf-Moon/install/nav2_msgs/share/nav2_msgs/action/FollowWaypoints.action
[2.131s] -- Up-to-date: /home/sentry/Wolf-Moon/install/nav2_msgs/share/ament_index/resource_index/package_run_dependencies/nav2_msgs
[2.131s] -- Up-to-date: /home/sentry/Wolf-Moon/install/nav2_msgs/share/ament_index/resource_index/parent_prefix_path/nav2_msgs
[2.132s] -- Up-to-date: /home/sentry/Wolf-Moon/install/nav2_msgs/share/nav2_msgs/environment/ament_prefix_path.sh
[2.132s] -- Up-to-date: /home/sentry/Wolf-Moon/install/nav2_msgs/share/nav2_msgs/environment/ament_prefix_path.dsv
[2.132s] -- Up-to-date: /home/sentry/Wolf-Moon/install/nav2_msgs/share/nav2_msgs/environment/path.sh
[2.132s] -- Up-to-date: /home/sentry/Wolf-Moon/install/nav2_msgs/share/nav2_msgs/environment/path.dsv
[2.132s] -- Up-to-date: /home/sentry/Wolf-Moon/install/nav2_msgs/share/nav2_msgs/local_setup.bash
[2.132s] -- Up-to-date: /home/sentry/Wolf-Moon/install/nav2_msgs/share/nav2_msgs/local_setup.sh
[2.132s] -- Up-to-date: /home/sentry/Wolf-Moon/install/nav2_msgs/share/nav2_msgs/local_setup.zsh
[2.132s] -- Up-to-date: /home/sentry/Wolf-Moon/install/nav2_msgs/share/nav2_msgs/local_setup.dsv
[2.133s] -- Installing: /home/sentry/Wolf-Moon/install/nav2_msgs/share/nav2_msgs/package.dsv
[2.133s] -- Up-to-date: /home/sentry/Wolf-Moon/install/nav2_msgs/share/ament_index/resource_index/packages/nav2_msgs
[2.133s] -- Up-to-date: /home/sentry/Wolf-Moon/install/nav2_msgs/share/nav2_msgs/cmake/nav2_msgs__rosidl_generator_cExport.cmake
[2.133s] -- Up-to-date: /home/sentry/Wolf-Moon/install/nav2_msgs/share/nav2_msgs/cmake/nav2_msgs__rosidl_generator_cExport-release.cmake
[2.133s] -- Up-to-date: /home/sentry/Wolf-Moon/install/nav2_msgs/share/nav2_msgs/cmake/nav2_msgs__rosidl_typesupport_introspection_cExport.cmake
[2.134s] -- Up-to-date: /home/sentry/Wolf-Moon/install/nav2_msgs/share/nav2_msgs/cmake/nav2_msgs__rosidl_typesupport_introspection_cExport-release.cmake
[2.134s] -- Up-to-date: /home/sentry/Wolf-Moon/install/nav2_msgs/share/nav2_msgs/cmake/nav2_msgs__rosidl_typesupport_cExport.cmake
[2.134s] -- Up-to-date: /home/sentry/Wolf-Moon/install/nav2_msgs/share/nav2_msgs/cmake/nav2_msgs__rosidl_typesupport_cExport-release.cmake
[2.143s] -- Up-to-date: /home/sentry/Wolf-Moon/install/nav2_msgs/share/nav2_msgs/cmake/nav2_msgs__rosidl_generator_cppExport.cmake
[2.144s] -- Up-to-date: /home/sentry/Wolf-Moon/install/nav2_msgs/share/nav2_msgs/cmake/nav2_msgs__rosidl_typesupport_introspection_cppExport.cmake
[2.144s] -- Up-to-date: /home/sentry/Wolf-Moon/install/nav2_msgs/share/nav2_msgs/cmake/nav2_msgs__rosidl_typesupport_introspection_cppExport-release.cmake
[2.144s] -- Up-to-date: /home/sentry/Wolf-Moon/install/nav2_msgs/share/nav2_msgs/cmake/nav2_msgs__rosidl_typesupport_cppExport.cmake
[2.144s] -- Up-to-date: /home/sentry/Wolf-Moon/install/nav2_msgs/share/nav2_msgs/cmake/nav2_msgs__rosidl_typesupport_cppExport-release.cmake
[2.144s] -- Up-to-date: /home/sentry/Wolf-Moon/install/nav2_msgs/share/nav2_msgs/cmake/rosidl_cmake-extras.cmake
[2.144s] -- Up-to-date: /home/sentry/Wolf-Moon/install/nav2_msgs/share/nav2_msgs/cmake/ament_cmake_export_dependencies-extras.cmake
[2.144s] -- Up-to-date: /home/sentry/Wolf-Moon/install/nav2_msgs/share/nav2_msgs/cmake/ament_cmake_export_libraries-extras.cmake
[2.144s] -- Up-to-date: /home/sentry/Wolf-Moon/install/nav2_msgs/share/nav2_msgs/cmake/ament_cmake_export_targets-extras.cmake
[2.144s] -- Up-to-date: /home/sentry/Wolf-Moon/install/nav2_msgs/share/nav2_msgs/cmake/ament_cmake_export_include_directories-extras.cmake
[2.145s] -- Up-to-date: /home/sentry/Wolf-Moon/install/nav2_msgs/share/nav2_msgs/cmake/rosidl_cmake_export_typesupport_libraries-extras.cmake
[2.145s] -- Up-to-date: /home/sentry/Wolf-Moon/install/nav2_msgs/share/nav2_msgs/cmake/rosidl_cmake_export_typesupport_targets-extras.cmake
[2.145s] -- Up-to-date: /home/sentry/Wolf-Moon/install/nav2_msgs/share/nav2_msgs/cmake/nav2_msgsConfig.cmake
[2.145s] -- Up-to-date: /home/sentry/Wolf-Moon/install/nav2_msgs/share/nav2_msgs/cmake/nav2_msgsConfig-version.cmake
[2.145s] -- Up-to-date: /home/sentry/Wolf-Moon/install/nav2_msgs/share/nav2_msgs/package.xml
[2.148s] Invoked command in '/home/sentry/Wolf-Moon/build/nav2_msgs' returned '0': CMAKE_PREFIX_PATH=/home/sentry/Wolf-Moon/install/nav2_common:/home/sentry/Wolf-Moon/install/sentry_decision_v2:/home/sentry/Wolf-Moon/install/octomap_dynamic_map:/home/sentry/Wolf-Moon/install/navigation_planning:/home/sentry/Wolf-Moon/install/grid_map:/home/sentry/Wolf-Moon/install/grid_map_costmap_2d:/home/sentry/Wolf-Moon/install/nav2_costmap_2d:/home/sentry/Wolf-Moon/install/nav2_voxel_grid:/home/sentry/Wolf-Moon/install/nav2_map_server:/home/sentry/Wolf-Moon/install/nav2_lifecycle_manager:/home/sentry/Wolf-Moon/install/nav2_behavior_tree:/home/sentry/Wolf-Moon/install/nav2_util:/home/sentry/Wolf-Moon/install/grid_map_demos:/home/sentry/Wolf-Moon/install/grid_map_visualization:/home/sentry/Wolf-Moon/install/grid_map_rviz_plugin:/home/sentry/Wolf-Moon/install/grid_map_pcl:/home/sentry/Wolf-Moon/install/grid_map_loader:/home/sentry/Wolf-Moon/install/grid_map_filters:/home/sentry/Wolf-Moon/install/grid_map_ros:/home/sentry/Wolf-Moon/install/nav2_msgs:/home/sentry/Wolf-Moon/install/livox_ros_driver2:/home/sentry/Wolf-Moon/install/ig_lio_c_msgs:/home/sentry/Wolf-Moon/install/ig_lio_c:/home/sentry/Wolf-Moon/install/grid_map_sdf:/home/sentry/Wolf-Moon/install/grid_map_octomap:/home/sentry/Wolf-Moon/install/grid_map_msgs:/home/sentry/Wolf-Moon/install/grid_map_cv:/home/sentry/Wolf-Moon/install/grid_map_core:/home/sentry/Wolf-Moon/install/grid_map_cmake_helpers:/home/sentry/Wolf-Moon/install/cv_bridge:/home/sentry/Wolf-Moon/install/auto_aim_interfaces:/home/sentry/Wolf-Moon/install/fake_msg_publisher:/opt/ros/galactic PYTHONPATH=/home/sentry/Wolf-Moon/install/nav2_common/lib/python3.8/site-packages:/home/sentry/Wolf-Moon/install/nav2_msgs/lib/python3.8/site-packages:/home/sentry/Wolf-Moon/install/livox_ros_driver2/lib/python3.8/site-packages:/home/sentry/Wolf-Moon/install/ig_lio_c_msgs/lib/python3.8/site-packages:/home/sentry/Wolf-Moon/install/grid_map_msgs/lib/python3.8/site-packages:/home/sentry/Wolf-Moon/install/fake_msg_publisher/lib/python3.8/site-packages:/home/sentry/Wolf-Moon/install/cv_bridge/lib/python3.8/site-packages:/home/sentry/Wolf-Moon/install/auto_aim_interfaces/lib/python3.8/site-packages:/opt/intel/openvino_2022/python/python3.8:/opt/intel/openvino_2022/python/python3:/opt/ros/galactic/lib/python3.8/site-packages:/opt/intel/openvino_2022/python/python3.8:/opt/intel/openvino_2022/python/python3 /usr/bin/cmake --install /home/sentry/Wolf-Moon/build/nav2_msgs
