[0.085s] Invoking command in '/home/sentry/Wolf-Moon/build/ig_lio_c_msgs': CMAKE_PREFIX_PATH=${CMAKE_PREFIX_PATH}:/home/sentry/Wolf-Moon/install/fake_msg_publisher:/opt/ros/galactic /usr/bin/cmake --build /home/sentry/Wolf-Moon/build/ig_lio_c_msgs -- -j12 -l12
[0.263s] [  2%] Built target ig_lio_c_msgs__cpp
[0.383s] [ 12%] Built target ig_lio_c_msgs__rosidl_generator_c
[0.482s] [ 23%] Built target ig_lio_c_msgs__rosidl_typesupport_cpp
[0.576s] [ 34%] Built target ig_lio_c_msgs__rosidl_typesupport_c
[0.623s] [ 44%] Built target ig_lio_c_msgs__rosidl_typesupport_introspection_c
[0.775s] [ 55%] Built target ig_lio_c_msgs__rosidl_typesupport_fastrtps_cpp
[0.909s] [ 65%] Built target ig_lio_c_msgs__rosidl_typesupport_introspection_cpp
[1.008s] [ 76%] Built target ig_lio_c_msgs__rosidl_typesupport_fastrtps_c
[1.088s] [ 76%] Built target ig_lio_c_msgs
[1.199s] [ 78%] Built target ig_lio_c_msgs__py
[1.314s] [ 87%] Built target ig_lio_c_msgs__python
[1.454s] [ 91%] Built target ig_lio_c_msgs__rosidl_typesupport_c__pyext
[1.551s] [ 95%] Built target ig_lio_c_msgs__rosidl_typesupport_fastrtps_c__pyext
[1.644s] [100%] Built target ig_lio_c_msgs__rosidl_typesupport_introspection_c__pyext
[1.722s] Invoked command in '/home/sentry/Wolf-Moon/build/ig_lio_c_msgs' returned '0': CMAKE_PREFIX_PATH=${CMAKE_PREFIX_PATH}:/home/sentry/Wolf-Moon/install/fake_msg_publisher:/opt/ros/galactic /usr/bin/cmake --build /home/sentry/Wolf-Moon/build/ig_lio_c_msgs -- -j12 -l12
[1.723s] Invoking command in '/home/sentry/Wolf-Moon/build/ig_lio_c_msgs': CMAKE_PREFIX_PATH=${CMAKE_PREFIX_PATH}:/home/sentry/Wolf-Moon/install/fake_msg_publisher:/opt/ros/galactic /usr/bin/cmake --install /home/sentry/Wolf-Moon/build/ig_lio_c_msgs
[1.751s] -- Install configuration: "Release"
[1.751s] -- Up-to-date: /home/sentry/Wolf-Moon/install/ig_lio_c_msgs/share/ament_index/resource_index/rosidl_interfaces/ig_lio_c_msgs
[1.751s] -- Up-to-date: /home/sentry/Wolf-Moon/install/ig_lio_c_msgs/include/ig_lio_c_msgs
[1.766s] -- Up-to-date: /home/sentry/Wolf-Moon/install/ig_lio_c_msgs/include/ig_lio_c_msgs/msg
[1.766s] -- Up-to-date: /home/sentry/Wolf-Moon/install/ig_lio_c_msgs/include/ig_lio_c_msgs/msg/rosidl_generator_c__visibility_control.h
[1.766s] -- Up-to-date: /home/sentry/Wolf-Moon/install/ig_lio_c_msgs/include/ig_lio_c_msgs/srv
[1.766s] -- Up-to-date: /home/sentry/Wolf-Moon/install/ig_lio_c_msgs/include/ig_lio_c_msgs/srv/re_loc.h
[1.766s] -- Up-to-date: /home/sentry/Wolf-Moon/install/ig_lio_c_msgs/include/ig_lio_c_msgs/srv/save_map.h
[1.767s] -- Up-to-date: /home/sentry/Wolf-Moon/install/ig_lio_c_msgs/include/ig_lio_c_msgs/srv/detail
[1.767s] -- Up-to-date: /home/sentry/Wolf-Moon/install/ig_lio_c_msgs/include/ig_lio_c_msgs/srv/detail/re_loc__type_support.h
[1.767s] -- Up-to-date: /home/sentry/Wolf-Moon/install/ig_lio_c_msgs/include/ig_lio_c_msgs/srv/detail/covert_map__functions.h
[1.767s] -- Up-to-date: /home/sentry/Wolf-Moon/install/ig_lio_c_msgs/include/ig_lio_c_msgs/srv/detail/re_loc__functions.h
[1.767s] -- Up-to-date: /home/sentry/Wolf-Moon/install/ig_lio_c_msgs/include/ig_lio_c_msgs/srv/detail/re_loc__struct.h
[1.767s] -- Up-to-date: /home/sentry/Wolf-Moon/install/ig_lio_c_msgs/include/ig_lio_c_msgs/srv/detail/save_map__struct.h
[1.767s] -- Up-to-date: /home/sentry/Wolf-Moon/install/ig_lio_c_msgs/include/ig_lio_c_msgs/srv/detail/re_loc__functions.c
[1.767s] -- Up-to-date: /home/sentry/Wolf-Moon/install/ig_lio_c_msgs/include/ig_lio_c_msgs/srv/detail/save_map__functions.h
[1.768s] -- Up-to-date: /home/sentry/Wolf-Moon/install/ig_lio_c_msgs/include/ig_lio_c_msgs/srv/detail/save_map__functions.c
[1.768s] -- Up-to-date: /home/sentry/Wolf-Moon/install/ig_lio_c_msgs/include/ig_lio_c_msgs/srv/detail/save_map__type_support.h
[1.768s] -- Up-to-date: /home/sentry/Wolf-Moon/install/ig_lio_c_msgs/include/ig_lio_c_msgs/srv/detail/covert_map__functions.c
[1.768s] -- Up-to-date: /home/sentry/Wolf-Moon/install/ig_lio_c_msgs/include/ig_lio_c_msgs/srv/detail/covert_map__struct.h
[1.768s] -- Up-to-date: /home/sentry/Wolf-Moon/install/ig_lio_c_msgs/include/ig_lio_c_msgs/srv/detail/covert_map__type_support.h
[1.768s] -- Up-to-date: /home/sentry/Wolf-Moon/install/ig_lio_c_msgs/include/ig_lio_c_msgs/srv/covert_map.h
[1.768s] -- Up-to-date: /home/sentry/Wolf-Moon/install/ig_lio_c_msgs/share/ig_lio_c_msgs/environment/library_path.sh
[1.768s] -- Up-to-date: /home/sentry/Wolf-Moon/install/ig_lio_c_msgs/share/ig_lio_c_msgs/environment/library_path.dsv
[1.769s] -- Up-to-date: /home/sentry/Wolf-Moon/install/ig_lio_c_msgs/lib/libig_lio_c_msgs__rosidl_generator_c.so
[1.769s] -- Up-to-date: /home/sentry/Wolf-Moon/install/ig_lio_c_msgs/include/ig_lio_c_msgs
[1.769s] -- Up-to-date: /home/sentry/Wolf-Moon/install/ig_lio_c_msgs/include/ig_lio_c_msgs/msg
[1.769s] -- Up-to-date: /home/sentry/Wolf-Moon/install/ig_lio_c_msgs/include/ig_lio_c_msgs/msg/rosidl_typesupport_fastrtps_c__visibility_control.h
[1.769s] -- Up-to-date: /home/sentry/Wolf-Moon/install/ig_lio_c_msgs/include/ig_lio_c_msgs/srv
[1.769s] -- Up-to-date: /home/sentry/Wolf-Moon/install/ig_lio_c_msgs/include/ig_lio_c_msgs/srv/detail
[1.769s] -- Up-to-date: /home/sentry/Wolf-Moon/install/ig_lio_c_msgs/include/ig_lio_c_msgs/srv/detail/covert_map__rosidl_typesupport_fastrtps_c.h
[1.769s] -- Up-to-date: /home/sentry/Wolf-Moon/install/ig_lio_c_msgs/include/ig_lio_c_msgs/srv/detail/save_map__rosidl_typesupport_fastrtps_c.h
[1.770s] -- Up-to-date: /home/sentry/Wolf-Moon/install/ig_lio_c_msgs/include/ig_lio_c_msgs/srv/detail/re_loc__rosidl_typesupport_fastrtps_c.h
[1.770s] -- Up-to-date: /home/sentry/Wolf-Moon/install/ig_lio_c_msgs/lib/libig_lio_c_msgs__rosidl_typesupport_fastrtps_c.so
[1.770s] -- Up-to-date: /home/sentry/Wolf-Moon/install/ig_lio_c_msgs/include/ig_lio_c_msgs
[1.770s] -- Up-to-date: /home/sentry/Wolf-Moon/install/ig_lio_c_msgs/include/ig_lio_c_msgs/msg
[1.770s] -- Up-to-date: /home/sentry/Wolf-Moon/install/ig_lio_c_msgs/include/ig_lio_c_msgs/msg/rosidl_typesupport_fastrtps_cpp__visibility_control.h
[1.770s] -- Up-to-date: /home/sentry/Wolf-Moon/install/ig_lio_c_msgs/include/ig_lio_c_msgs/srv
[1.770s] -- Up-to-date: /home/sentry/Wolf-Moon/install/ig_lio_c_msgs/include/ig_lio_c_msgs/srv/detail
[1.770s] -- Up-to-date: /home/sentry/Wolf-Moon/install/ig_lio_c_msgs/include/ig_lio_c_msgs/srv/detail/save_map__rosidl_typesupport_fastrtps_cpp.hpp
[1.770s] -- Up-to-date: /home/sentry/Wolf-Moon/install/ig_lio_c_msgs/include/ig_lio_c_msgs/srv/detail/re_loc__rosidl_typesupport_fastrtps_cpp.hpp
[1.771s] -- Up-to-date: /home/sentry/Wolf-Moon/install/ig_lio_c_msgs/include/ig_lio_c_msgs/srv/detail/covert_map__rosidl_typesupport_fastrtps_cpp.hpp
[1.771s] -- Up-to-date: /home/sentry/Wolf-Moon/install/ig_lio_c_msgs/include/ig_lio_c_msgs/srv/detail/dds_fastrtps
[1.771s] -- Up-to-date: /home/sentry/Wolf-Moon/install/ig_lio_c_msgs/lib/libig_lio_c_msgs__rosidl_typesupport_fastrtps_cpp.so
[1.771s] -- Up-to-date: /home/sentry/Wolf-Moon/install/ig_lio_c_msgs/include/ig_lio_c_msgs
[1.771s] -- Up-to-date: /home/sentry/Wolf-Moon/install/ig_lio_c_msgs/include/ig_lio_c_msgs/msg
[1.771s] -- Up-to-date: /home/sentry/Wolf-Moon/install/ig_lio_c_msgs/include/ig_lio_c_msgs/msg/rosidl_typesupport_introspection_c__visibility_control.h
[1.771s] -- Up-to-date: /home/sentry/Wolf-Moon/install/ig_lio_c_msgs/include/ig_lio_c_msgs/srv
[1.771s] -- Up-to-date: /home/sentry/Wolf-Moon/install/ig_lio_c_msgs/include/ig_lio_c_msgs/srv/detail
[1.771s] -- Up-to-date: /home/sentry/Wolf-Moon/install/ig_lio_c_msgs/include/ig_lio_c_msgs/srv/detail/re_loc__rosidl_typesupport_introspection_c.h
[1.772s] -- Up-to-date: /home/sentry/Wolf-Moon/install/ig_lio_c_msgs/include/ig_lio_c_msgs/srv/detail/save_map__rosidl_typesupport_introspection_c.h
[1.772s] -- Up-to-date: /home/sentry/Wolf-Moon/install/ig_lio_c_msgs/include/ig_lio_c_msgs/srv/detail/covert_map__rosidl_typesupport_introspection_c.h
[1.772s] -- Up-to-date: /home/sentry/Wolf-Moon/install/ig_lio_c_msgs/include/ig_lio_c_msgs/srv/detail/re_loc__type_support.c
[1.772s] -- Up-to-date: /home/sentry/Wolf-Moon/install/ig_lio_c_msgs/include/ig_lio_c_msgs/srv/detail/save_map__type_support.c
[1.772s] -- Up-to-date: /home/sentry/Wolf-Moon/install/ig_lio_c_msgs/include/ig_lio_c_msgs/srv/detail/covert_map__type_support.c
[1.772s] -- Up-to-date: /home/sentry/Wolf-Moon/install/ig_lio_c_msgs/lib/libig_lio_c_msgs__rosidl_typesupport_introspection_c.so
[1.772s] -- Up-to-date: /home/sentry/Wolf-Moon/install/ig_lio_c_msgs/lib/libig_lio_c_msgs__rosidl_typesupport_c.so
[1.772s] -- Up-to-date: /home/sentry/Wolf-Moon/install/ig_lio_c_msgs/include/ig_lio_c_msgs
[1.773s] -- Up-to-date: /home/sentry/Wolf-Moon/install/ig_lio_c_msgs/include/ig_lio_c_msgs/srv
[1.773s] -- Up-to-date: /home/sentry/Wolf-Moon/install/ig_lio_c_msgs/include/ig_lio_c_msgs/srv/re_loc.hpp
[1.773s] -- Up-to-date: /home/sentry/Wolf-Moon/install/ig_lio_c_msgs/include/ig_lio_c_msgs/srv/covert_map.hpp
[1.773s] -- Up-to-date: /home/sentry/Wolf-Moon/install/ig_lio_c_msgs/include/ig_lio_c_msgs/srv/save_map.hpp
[1.773s] -- Up-to-date: /home/sentry/Wolf-Moon/install/ig_lio_c_msgs/include/ig_lio_c_msgs/srv/detail
[1.773s] -- Up-to-date: /home/sentry/Wolf-Moon/install/ig_lio_c_msgs/include/ig_lio_c_msgs/srv/detail/covert_map__builder.hpp
[1.773s] -- Up-to-date: /home/sentry/Wolf-Moon/install/ig_lio_c_msgs/include/ig_lio_c_msgs/srv/detail/save_map__traits.hpp
[1.773s] -- Up-to-date: /home/sentry/Wolf-Moon/install/ig_lio_c_msgs/include/ig_lio_c_msgs/srv/detail/save_map__builder.hpp
[1.773s] -- Up-to-date: /home/sentry/Wolf-Moon/install/ig_lio_c_msgs/include/ig_lio_c_msgs/srv/detail/re_loc__struct.hpp
[1.774s] -- Up-to-date: /home/sentry/Wolf-Moon/install/ig_lio_c_msgs/include/ig_lio_c_msgs/srv/detail/covert_map__struct.hpp
[1.774s] -- Up-to-date: /home/sentry/Wolf-Moon/install/ig_lio_c_msgs/include/ig_lio_c_msgs/srv/detail/re_loc__builder.hpp
[1.774s] -- Up-to-date: /home/sentry/Wolf-Moon/install/ig_lio_c_msgs/include/ig_lio_c_msgs/srv/detail/covert_map__traits.hpp
[1.774s] -- Up-to-date: /home/sentry/Wolf-Moon/install/ig_lio_c_msgs/include/ig_lio_c_msgs/srv/detail/re_loc__traits.hpp
[1.774s] -- Up-to-date: /home/sentry/Wolf-Moon/install/ig_lio_c_msgs/include/ig_lio_c_msgs/srv/detail/save_map__struct.hpp
[1.774s] -- Up-to-date: /home/sentry/Wolf-Moon/install/ig_lio_c_msgs/include/ig_lio_c_msgs
[1.774s] -- Up-to-date: /home/sentry/Wolf-Moon/install/ig_lio_c_msgs/include/ig_lio_c_msgs/srv
[1.774s] -- Up-to-date: /home/sentry/Wolf-Moon/install/ig_lio_c_msgs/include/ig_lio_c_msgs/srv/detail
[1.774s] -- Up-to-date: /home/sentry/Wolf-Moon/install/ig_lio_c_msgs/include/ig_lio_c_msgs/srv/detail/re_loc__type_support.cpp
[1.775s] -- Up-to-date: /home/sentry/Wolf-Moon/install/ig_lio_c_msgs/include/ig_lio_c_msgs/srv/detail/save_map__type_support.cpp
[1.775s] -- Up-to-date: /home/sentry/Wolf-Moon/install/ig_lio_c_msgs/include/ig_lio_c_msgs/srv/detail/covert_map__type_support.cpp
[1.775s] -- Up-to-date: /home/sentry/Wolf-Moon/install/ig_lio_c_msgs/include/ig_lio_c_msgs/srv/detail/save_map__rosidl_typesupport_introspection_cpp.hpp
[1.775s] -- Up-to-date: /home/sentry/Wolf-Moon/install/ig_lio_c_msgs/include/ig_lio_c_msgs/srv/detail/covert_map__rosidl_typesupport_introspection_cpp.hpp
[1.775s] -- Up-to-date: /home/sentry/Wolf-Moon/install/ig_lio_c_msgs/include/ig_lio_c_msgs/srv/detail/re_loc__rosidl_typesupport_introspection_cpp.hpp
[1.795s] -- Up-to-date: /home/sentry/Wolf-Moon/install/ig_lio_c_msgs/lib/libig_lio_c_msgs__rosidl_typesupport_introspection_cpp.so
[1.807s] -- Up-to-date: /home/sentry/Wolf-Moon/install/ig_lio_c_msgs/lib/libig_lio_c_msgs__rosidl_typesupport_cpp.so
[1.812s] -- Up-to-date: /home/sentry/Wolf-Moon/install/ig_lio_c_msgs/share/ig_lio_c_msgs/environment/pythonpath.sh
[1.813s] -- Up-to-date: /home/sentry/Wolf-Moon/install/ig_lio_c_msgs/share/ig_lio_c_msgs/environment/pythonpath.dsv
[1.813s] -- Up-to-date: /home/sentry/Wolf-Moon/install/ig_lio_c_msgs/lib/python3.8/site-packages/ig_lio_c_msgs/__init__.py
[1.867s] -- Up-to-date: /home/sentry/Wolf-Moon/install/ig_lio_c_msgs/lib/python3.8/site-packages/ig_lio_c_msgs/srv
[1.867s] -- Up-to-date: /home/sentry/Wolf-Moon/install/ig_lio_c_msgs/lib/python3.8/site-packages/ig_lio_c_msgs/srv/__init__.py
[1.868s] -- Up-to-date: /home/sentry/Wolf-Moon/install/ig_lio_c_msgs/lib/python3.8/site-packages/ig_lio_c_msgs/srv/_save_map_s.c
[1.868s] -- Up-to-date: /home/sentry/Wolf-Moon/install/ig_lio_c_msgs/lib/python3.8/site-packages/ig_lio_c_msgs/srv/_covert_map_s.c
[1.868s] -- Up-to-date: /home/sentry/Wolf-Moon/install/ig_lio_c_msgs/lib/python3.8/site-packages/ig_lio_c_msgs/srv/_save_map.py
[1.868s] -- Up-to-date: /home/sentry/Wolf-Moon/install/ig_lio_c_msgs/lib/python3.8/site-packages/ig_lio_c_msgs/srv/_re_loc.py
[1.868s] -- Up-to-date: /home/sentry/Wolf-Moon/install/ig_lio_c_msgs/lib/python3.8/site-packages/ig_lio_c_msgs/srv/_re_loc_s.c
[1.868s] -- Up-to-date: /home/sentry/Wolf-Moon/install/ig_lio_c_msgs/lib/python3.8/site-packages/ig_lio_c_msgs/srv/_covert_map.py
[1.868s] -- Up-to-date: /home/sentry/Wolf-Moon/install/ig_lio_c_msgs/lib/python3.8/site-packages/ig_lio_c_msgs/ig_lio_c_msgs_s__rosidl_typesupport_fastrtps_c.cpython-38-x86_64-linux-gnu.so
[1.870s] -- Up-to-date: /home/sentry/Wolf-Moon/install/ig_lio_c_msgs/lib/python3.8/site-packages/ig_lio_c_msgs/ig_lio_c_msgs_s__rosidl_typesupport_introspection_c.cpython-38-x86_64-linux-gnu.so
[1.903s] -- Up-to-date: /home/sentry/Wolf-Moon/install/ig_lio_c_msgs/lib/python3.8/site-packages/ig_lio_c_msgs/ig_lio_c_msgs_s__rosidl_typesupport_c.cpython-38-x86_64-linux-gnu.so
[1.903s] -- Up-to-date: /home/sentry/Wolf-Moon/install/ig_lio_c_msgs/lib/libig_lio_c_msgs__python.so
[1.903s] -- Up-to-date: /home/sentry/Wolf-Moon/install/ig_lio_c_msgs/share/ig_lio_c_msgs/srv/CovertMap.idl
[1.904s] -- Up-to-date: /home/sentry/Wolf-Moon/install/ig_lio_c_msgs/share/ig_lio_c_msgs/srv/SaveMap.idl
[1.904s] -- Up-to-date: /home/sentry/Wolf-Moon/install/ig_lio_c_msgs/share/ig_lio_c_msgs/srv/ReLoc.idl
[1.904s] -- Up-to-date: /home/sentry/Wolf-Moon/install/ig_lio_c_msgs/share/ig_lio_c_msgs/srv/CovertMap.srv
[1.904s] -- Up-to-date: /home/sentry/Wolf-Moon/install/ig_lio_c_msgs/share/ig_lio_c_msgs/srv/CovertMap_Request.msg
[1.904s] -- Up-to-date: /home/sentry/Wolf-Moon/install/ig_lio_c_msgs/share/ig_lio_c_msgs/srv/CovertMap_Response.msg
[1.904s] -- Up-to-date: /home/sentry/Wolf-Moon/install/ig_lio_c_msgs/share/ig_lio_c_msgs/srv/SaveMap.srv
[1.904s] -- Up-to-date: /home/sentry/Wolf-Moon/install/ig_lio_c_msgs/share/ig_lio_c_msgs/srv/SaveMap_Request.msg
[1.904s] -- Up-to-date: /home/sentry/Wolf-Moon/install/ig_lio_c_msgs/share/ig_lio_c_msgs/srv/SaveMap_Response.msg
[1.905s] -- Up-to-date: /home/sentry/Wolf-Moon/install/ig_lio_c_msgs/share/ig_lio_c_msgs/srv/ReLoc.srv
[1.905s] -- Up-to-date: /home/sentry/Wolf-Moon/install/ig_lio_c_msgs/share/ig_lio_c_msgs/srv/ReLoc_Request.msg
[1.905s] -- Up-to-date: /home/sentry/Wolf-Moon/install/ig_lio_c_msgs/share/ig_lio_c_msgs/srv/ReLoc_Response.msg
[1.905s] -- Up-to-date: /home/sentry/Wolf-Moon/install/ig_lio_c_msgs/share/ament_index/resource_index/package_run_dependencies/ig_lio_c_msgs
[1.905s] -- Up-to-date: /home/sentry/Wolf-Moon/install/ig_lio_c_msgs/share/ament_index/resource_index/parent_prefix_path/ig_lio_c_msgs
[1.905s] -- Up-to-date: /home/sentry/Wolf-Moon/install/ig_lio_c_msgs/share/ig_lio_c_msgs/environment/ament_prefix_path.sh
[1.905s] -- Up-to-date: /home/sentry/Wolf-Moon/install/ig_lio_c_msgs/share/ig_lio_c_msgs/environment/ament_prefix_path.dsv
[1.905s] -- Up-to-date: /home/sentry/Wolf-Moon/install/ig_lio_c_msgs/share/ig_lio_c_msgs/environment/path.sh
[1.905s] -- Up-to-date: /home/sentry/Wolf-Moon/install/ig_lio_c_msgs/share/ig_lio_c_msgs/environment/path.dsv
[1.906s] -- Up-to-date: /home/sentry/Wolf-Moon/install/ig_lio_c_msgs/share/ig_lio_c_msgs/local_setup.bash
[1.906s] -- Up-to-date: /home/sentry/Wolf-Moon/install/ig_lio_c_msgs/share/ig_lio_c_msgs/local_setup.sh
[1.906s] -- Up-to-date: /home/sentry/Wolf-Moon/install/ig_lio_c_msgs/share/ig_lio_c_msgs/local_setup.zsh
[1.906s] -- Up-to-date: /home/sentry/Wolf-Moon/install/ig_lio_c_msgs/share/ig_lio_c_msgs/local_setup.dsv
[1.906s] -- Installing: /home/sentry/Wolf-Moon/install/ig_lio_c_msgs/share/ig_lio_c_msgs/package.dsv
[1.906s] -- Up-to-date: /home/sentry/Wolf-Moon/install/ig_lio_c_msgs/share/ament_index/resource_index/packages/ig_lio_c_msgs
[1.906s] -- Up-to-date: /home/sentry/Wolf-Moon/install/ig_lio_c_msgs/share/ig_lio_c_msgs/cmake/ig_lio_c_msgs__rosidl_generator_cExport.cmake
[1.906s] -- Up-to-date: /home/sentry/Wolf-Moon/install/ig_lio_c_msgs/share/ig_lio_c_msgs/cmake/ig_lio_c_msgs__rosidl_generator_cExport-release.cmake
[1.907s] -- Up-to-date: /home/sentry/Wolf-Moon/install/ig_lio_c_msgs/share/ig_lio_c_msgs/cmake/ig_lio_c_msgs__rosidl_typesupport_introspection_cExport.cmake
[1.907s] -- Up-to-date: /home/sentry/Wolf-Moon/install/ig_lio_c_msgs/share/ig_lio_c_msgs/cmake/ig_lio_c_msgs__rosidl_typesupport_introspection_cExport-release.cmake
[1.907s] -- Up-to-date: /home/sentry/Wolf-Moon/install/ig_lio_c_msgs/share/ig_lio_c_msgs/cmake/ig_lio_c_msgs__rosidl_typesupport_cExport.cmake
[1.907s] -- Up-to-date: /home/sentry/Wolf-Moon/install/ig_lio_c_msgs/share/ig_lio_c_msgs/cmake/ig_lio_c_msgs__rosidl_typesupport_cExport-release.cmake
[1.907s] -- Up-to-date: /home/sentry/Wolf-Moon/install/ig_lio_c_msgs/share/ig_lio_c_msgs/cmake/ig_lio_c_msgs__rosidl_generator_cppExport.cmake
[1.907s] -- Up-to-date: /home/sentry/Wolf-Moon/install/ig_lio_c_msgs/share/ig_lio_c_msgs/cmake/ig_lio_c_msgs__rosidl_typesupport_introspection_cppExport.cmake
[1.908s] -- Up-to-date: /home/sentry/Wolf-Moon/install/ig_lio_c_msgs/share/ig_lio_c_msgs/cmake/ig_lio_c_msgs__rosidl_typesupport_introspection_cppExport-release.cmake
[1.908s] -- Up-to-date: /home/sentry/Wolf-Moon/install/ig_lio_c_msgs/share/ig_lio_c_msgs/cmake/ig_lio_c_msgs__rosidl_typesupport_cppExport.cmake
[1.909s] -- Up-to-date: /home/sentry/Wolf-Moon/install/ig_lio_c_msgs/share/ig_lio_c_msgs/cmake/ig_lio_c_msgs__rosidl_typesupport_cppExport-release.cmake
[1.909s] -- Up-to-date: /home/sentry/Wolf-Moon/install/ig_lio_c_msgs/share/ig_lio_c_msgs/cmake/rosidl_cmake-extras.cmake
[1.909s] -- Up-to-date: /home/sentry/Wolf-Moon/install/ig_lio_c_msgs/share/ig_lio_c_msgs/cmake/ament_cmake_export_dependencies-extras.cmake
[1.909s] -- Up-to-date: /home/sentry/Wolf-Moon/install/ig_lio_c_msgs/share/ig_lio_c_msgs/cmake/ament_cmake_export_libraries-extras.cmake
[1.909s] -- Up-to-date: /home/sentry/Wolf-Moon/install/ig_lio_c_msgs/share/ig_lio_c_msgs/cmake/ament_cmake_export_targets-extras.cmake
[1.909s] -- Up-to-date: /home/sentry/Wolf-Moon/install/ig_lio_c_msgs/share/ig_lio_c_msgs/cmake/ament_cmake_export_include_directories-extras.cmake
[1.910s] -- Up-to-date: /home/sentry/Wolf-Moon/install/ig_lio_c_msgs/share/ig_lio_c_msgs/cmake/rosidl_cmake_export_typesupport_libraries-extras.cmake
[1.910s] -- Up-to-date: /home/sentry/Wolf-Moon/install/ig_lio_c_msgs/share/ig_lio_c_msgs/cmake/rosidl_cmake_export_typesupport_targets-extras.cmake
[1.910s] -- Up-to-date: /home/sentry/Wolf-Moon/install/ig_lio_c_msgs/share/ig_lio_c_msgs/cmake/ig_lio_c_msgsConfig.cmake
[1.910s] -- Up-to-date: /home/sentry/Wolf-Moon/install/ig_lio_c_msgs/share/ig_lio_c_msgs/cmake/ig_lio_c_msgsConfig-version.cmake
[1.910s] -- Up-to-date: /home/sentry/Wolf-Moon/install/ig_lio_c_msgs/share/ig_lio_c_msgs/package.xml
[2.003s] Invoked command in '/home/sentry/Wolf-Moon/build/ig_lio_c_msgs' returned '0': CMAKE_PREFIX_PATH=${CMAKE_PREFIX_PATH}:/home/sentry/Wolf-Moon/install/fake_msg_publisher:/opt/ros/galactic /usr/bin/cmake --install /home/sentry/Wolf-Moon/build/ig_lio_c_msgs
