[  5%] Built target octomath
[ 10%] Built target octomath-static
[ 23%] Built target octomap
[ 35%] Built target octomap-static
[ 38%] Built target eval_octree_accuracy
[ 41%] Built target compare_octrees
[ 43%] Built target normals_example
[ 46%] Built target test_raycasting
[ 48%] Built target test_iterators
[ 51%] Built target test_scans
[ 53%] Built target test_pruning
[ 56%] Built target test_io
[ 58%] Built target test_bbx
[ 61%] Built target test_changedkeys
[ 64%] Built target test_color_tree
[ 66%] Built target color_tree_histogram
[ 69%] Built target test_mapcollection
[ 71%] Built target unit_tests
[ 74%] Built target convert_octree
[ 76%] Built target edit_octree
make[1]: *** [CMakeFiles/Makefile2:1349: octomap/src/CMakeFiles/bt2vrml.dir/all] Interrupt
make: *** [Makefile:152: all] Interrupt
[ 79%] Built target bt2vrml
