[0.064s] Invoking command in '/home/sentry/Wolf-Moon/build/octomap_dynamic_map': /usr/bin/cmake --build /home/sentry/Wolf-Moon/build/octomap_dynamic_map -- -j12 -l12
[0.195s] [  5%] Built target octomath
[0.248s] [ 10%] Built target octomath-static
[0.321s] [ 23%] Built target octomap
[0.392s] [ 35%] Built target octomap-static
[0.495s] [ 38%] Built target eval_octree_accuracy
[0.561s] [ 41%] Built target compare_octrees
[0.616s] [ 43%] Built target normals_example
[0.695s] [ 46%] Built target test_raycasting
[0.787s] [ 48%] Built target test_iterators
[0.822s] [ 51%] Built target test_scans
[0.879s] [ 53%] Built target test_pruning
[0.973s] [ 56%] Built target test_io
[1.058s] [ 58%] Built target test_bbx
[1.169s] [ 61%] Built target test_changedkeys
[1.251s] [ 64%] Built target test_color_tree
[1.311s] [ 66%] Built target color_tree_histogram
[1.341s] [ 69%] Built target test_mapcollection
[1.382s] [ 71%] Built target unit_tests
[1.487s] [ 74%] Built target convert_octree
[1.531s] [ 76%] Built target edit_octree
[1.581s] make[1]: *** [CMakeFiles/Makefile2:1349: octomap/src/CMakeFiles/bt2vrml.dir/all] Interrupt
[1.581s] make: *** [Makefile:152: all] Interrupt
[1.583s] [ 79%] Built target bt2vrml
