[0.750s] Invoking command in '/home/sentry/Wolf-Moon/src/ros2_tools/src/rosbag_record': PYTHONPATH=/home/sentry/Wolf-Moon/build/rosbag_record/prefix_override:/usr/lib/python3/dist-packages/colcon_core/task/python/colcon_distutils_commands:/home/sentry/Wolf-Moon/install/rosbag_record/lib/python3.8/site-packages:${PYTHONPATH} /usr/bin/python3 -W ignore:setup.py install is deprecated -W ignore:easy_install command is deprecated setup.py egg_info --egg-base ../../../../build/rosbag_record build --build-base /home/sentry/Wolf-Moon/build/rosbag_record/build install --record /home/sentry/Wolf-Moon/build/rosbag_record/install.log --single-version-externally-managed install_data
[0.950s] running egg_info
[0.951s] creating ../../../../build/rosbag_record/rosbag_record.egg-info
[0.951s] writing ../../../../build/rosbag_record/rosbag_record.egg-info/PKG-INFO
[0.951s] writing dependency_links to ../../../../build/rosbag_record/rosbag_record.egg-info/dependency_links.txt
[0.951s] writing entry points to ../../../../build/rosbag_record/rosbag_record.egg-info/entry_points.txt
[0.951s] writing requirements to ../../../../build/rosbag_record/rosbag_record.egg-info/requires.txt
[0.951s] writing top-level names to ../../../../build/rosbag_record/rosbag_record.egg-info/top_level.txt
[0.955s] writing manifest file '../../../../build/rosbag_record/rosbag_record.egg-info/SOURCES.txt'
[0.975s] reading manifest file '../../../../build/rosbag_record/rosbag_record.egg-info/SOURCES.txt'
[0.976s] writing manifest file '../../../../build/rosbag_record/rosbag_record.egg-info/SOURCES.txt'
[0.976s] running build
[0.976s] running build_py
[0.976s] creating /home/sentry/Wolf-Moon/build/rosbag_record/build
[0.976s] creating /home/sentry/Wolf-Moon/build/rosbag_record/build/lib
[0.976s] creating /home/sentry/Wolf-Moon/build/rosbag_record/build/lib/rosbag_record
[0.976s] copying rosbag_record/__init__.py -> /home/sentry/Wolf-Moon/build/rosbag_record/build/lib/rosbag_record
[0.977s] copying rosbag_record/rosbag_record_helper.py -> /home/sentry/Wolf-Moon/build/rosbag_record/build/lib/rosbag_record
[0.977s] running install
[0.977s] running install_lib
[0.977s] creating /home/sentry/Wolf-Moon/install/rosbag_record/lib/python3.8/site-packages/rosbag_record
[0.978s] copying /home/sentry/Wolf-Moon/build/rosbag_record/build/lib/rosbag_record/__init__.py -> /home/sentry/Wolf-Moon/install/rosbag_record/lib/python3.8/site-packages/rosbag_record
[0.978s] copying /home/sentry/Wolf-Moon/build/rosbag_record/build/lib/rosbag_record/rosbag_record_helper.py -> /home/sentry/Wolf-Moon/install/rosbag_record/lib/python3.8/site-packages/rosbag_record
[0.978s] byte-compiling /home/sentry/Wolf-Moon/install/rosbag_record/lib/python3.8/site-packages/rosbag_record/__init__.py to __init__.cpython-38.pyc
[0.979s] byte-compiling /home/sentry/Wolf-Moon/install/rosbag_record/lib/python3.8/site-packages/rosbag_record/rosbag_record_helper.py to rosbag_record_helper.cpython-38.pyc
[0.979s] running install_data
[0.980s] creating /home/sentry/Wolf-Moon/install/rosbag_record/share/ament_index
[0.980s] creating /home/sentry/Wolf-Moon/install/rosbag_record/share/ament_index/resource_index
[0.980s] creating /home/sentry/Wolf-Moon/install/rosbag_record/share/ament_index/resource_index/packages
[0.980s] copying resource/rosbag_record -> /home/sentry/Wolf-Moon/install/rosbag_record/share/ament_index/resource_index/packages
[0.980s] copying package.xml -> /home/sentry/Wolf-Moon/install/rosbag_record/share/rosbag_record
[0.980s] running install_egg_info
[0.981s] Copying ../../../../build/rosbag_record/rosbag_record.egg-info to /home/sentry/Wolf-Moon/install/rosbag_record/lib/python3.8/site-packages/rosbag_record-0.0.0-py3.8.egg-info
[0.982s] running install_scripts
[0.998s] Installing rosbag_record_helper script to /home/sentry/Wolf-Moon/install/rosbag_record/lib/rosbag_record
[0.998s] writing list of installed files to '/home/sentry/Wolf-Moon/build/rosbag_record/install.log'
[1.021s] Invoked command in '/home/sentry/Wolf-Moon/src/ros2_tools/src/rosbag_record' returned '0': PYTHONPATH=/home/sentry/Wolf-Moon/build/rosbag_record/prefix_override:/usr/lib/python3/dist-packages/colcon_core/task/python/colcon_distutils_commands:/home/sentry/Wolf-Moon/install/rosbag_record/lib/python3.8/site-packages:${PYTHONPATH} /usr/bin/python3 -W ignore:setup.py install is deprecated -W ignore:easy_install command is deprecated setup.py egg_info --egg-base ../../../../build/rosbag_record build --build-base /home/sentry/Wolf-Moon/build/rosbag_record/build install --record /home/sentry/Wolf-Moon/build/rosbag_record/install.log --single-version-externally-managed install_data
