[0.033s] Invoking command in '/home/sentry/Wolf-Moon/build/ig_lio_c_msgs': CMAKE_PREFIX_PATH=/opt/ros/galactic /usr/bin/cmake --build /home/sentry/Wolf-Moon/build/ig_lio_c_msgs -- -j12 -l12
[0.082s] [  2%] Built target ig_lio_c_msgs__cpp
[0.090s] [ 12%] Built target ig_lio_c_msgs__rosidl_generator_c
[0.132s] [ 23%] Built target ig_lio_c_msgs__rosidl_typesupport_introspection_cpp
[0.150s] [ 34%] Built target ig_lio_c_msgs__rosidl_typesupport_fastrtps_cpp
[0.157s] [ 44%] Built target ig_lio_c_msgs__rosidl_typesupport_c
[0.166s] [ 55%] Built target ig_lio_c_msgs__rosidl_typesupport_cpp
[0.171s] [ 65%] Built target ig_lio_c_msgs__rosidl_typesupport_introspection_c
[0.184s] [ 76%] Built target ig_lio_c_msgs__rosidl_typesupport_fastrtps_c
[0.204s] [ 76%] Built target ig_lio_c_msgs
[0.236s] [ 78%] Built target ig_lio_c_msgs__py
[0.273s] [ 87%] Built target ig_lio_c_msgs__python
[0.301s] [ 91%] Built target ig_lio_c_msgs__rosidl_typesupport_c__pyext
[0.333s] [ 95%] Built target ig_lio_c_msgs__rosidl_typesupport_introspection_c__pyext
[0.334s] [100%] Built target ig_lio_c_msgs__rosidl_typesupport_fastrtps_c__pyext
[0.351s] Invoked command in '/home/sentry/Wolf-Moon/build/ig_lio_c_msgs' returned '0': CMAKE_PREFIX_PATH=/opt/ros/galactic /usr/bin/cmake --build /home/sentry/Wolf-Moon/build/ig_lio_c_msgs -- -j12 -l12
[0.355s] Invoking command in '/home/sentry/Wolf-Moon/build/ig_lio_c_msgs': CMAKE_PREFIX_PATH=/opt/ros/galactic /usr/bin/cmake --install /home/sentry/Wolf-Moon/build/ig_lio_c_msgs
[0.368s] -- Install configuration: "Release"
[0.369s] -- Up-to-date: /home/sentry/Wolf-Moon/install/ig_lio_c_msgs/share/ament_index/resource_index/rosidl_interfaces/ig_lio_c_msgs
[0.369s] -- Up-to-date: /home/sentry/Wolf-Moon/install/ig_lio_c_msgs/include/ig_lio_c_msgs
[0.369s] -- Up-to-date: /home/sentry/Wolf-Moon/install/ig_lio_c_msgs/include/ig_lio_c_msgs/msg
[0.369s] -- Up-to-date: /home/sentry/Wolf-Moon/install/ig_lio_c_msgs/include/ig_lio_c_msgs/msg/rosidl_generator_c__visibility_control.h
[0.369s] -- Up-to-date: /home/sentry/Wolf-Moon/install/ig_lio_c_msgs/include/ig_lio_c_msgs/srv
[0.369s] -- Up-to-date: /home/sentry/Wolf-Moon/install/ig_lio_c_msgs/include/ig_lio_c_msgs/srv/re_loc.h
[0.369s] -- Up-to-date: /home/sentry/Wolf-Moon/install/ig_lio_c_msgs/include/ig_lio_c_msgs/srv/save_map.h
[0.369s] -- Up-to-date: /home/sentry/Wolf-Moon/install/ig_lio_c_msgs/include/ig_lio_c_msgs/srv/detail
[0.370s] -- Up-to-date: /home/sentry/Wolf-Moon/install/ig_lio_c_msgs/include/ig_lio_c_msgs/srv/detail/re_loc__type_support.h
[0.370s] -- Up-to-date: /home/sentry/Wolf-Moon/install/ig_lio_c_msgs/include/ig_lio_c_msgs/srv/detail/covert_map__functions.h
[0.370s] -- Up-to-date: /home/sentry/Wolf-Moon/install/ig_lio_c_msgs/include/ig_lio_c_msgs/srv/detail/re_loc__functions.h
[0.371s] -- Up-to-date: /home/sentry/Wolf-Moon/install/ig_lio_c_msgs/include/ig_lio_c_msgs/srv/detail/re_loc__struct.h
[0.372s] -- Up-to-date: /home/sentry/Wolf-Moon/install/ig_lio_c_msgs/include/ig_lio_c_msgs/srv/detail/save_map__struct.h
[0.373s] -- Up-to-date: /home/sentry/Wolf-Moon/install/ig_lio_c_msgs/include/ig_lio_c_msgs/srv/detail/re_loc__functions.c
[0.373s] -- Up-to-date: /home/sentry/Wolf-Moon/install/ig_lio_c_msgs/include/ig_lio_c_msgs/srv/detail/save_map__functions.h
[0.374s] -- Up-to-date: /home/sentry/Wolf-Moon/install/ig_lio_c_msgs/include/ig_lio_c_msgs/srv/detail/save_map__functions.c
[0.374s] -- Up-to-date: /home/sentry/Wolf-Moon/install/ig_lio_c_msgs/include/ig_lio_c_msgs/srv/detail/save_map__type_support.h
[0.374s] -- Up-to-date: /home/sentry/Wolf-Moon/install/ig_lio_c_msgs/include/ig_lio_c_msgs/srv/detail/covert_map__functions.c
[0.374s] -- Up-to-date: /home/sentry/Wolf-Moon/install/ig_lio_c_msgs/include/ig_lio_c_msgs/srv/detail/covert_map__struct.h
[0.374s] -- Up-to-date: /home/sentry/Wolf-Moon/install/ig_lio_c_msgs/include/ig_lio_c_msgs/srv/detail/covert_map__type_support.h
[0.374s] -- Up-to-date: /home/sentry/Wolf-Moon/install/ig_lio_c_msgs/include/ig_lio_c_msgs/srv/covert_map.h
[0.375s] -- Up-to-date: /home/sentry/Wolf-Moon/install/ig_lio_c_msgs/share/ig_lio_c_msgs/environment/library_path.sh
[0.375s] -- Up-to-date: /home/sentry/Wolf-Moon/install/ig_lio_c_msgs/share/ig_lio_c_msgs/environment/library_path.dsv
[0.375s] -- Up-to-date: /home/sentry/Wolf-Moon/install/ig_lio_c_msgs/lib/libig_lio_c_msgs__rosidl_generator_c.so
[0.375s] -- Up-to-date: /home/sentry/Wolf-Moon/install/ig_lio_c_msgs/include/ig_lio_c_msgs
[0.375s] -- Up-to-date: /home/sentry/Wolf-Moon/install/ig_lio_c_msgs/include/ig_lio_c_msgs/msg
[0.375s] -- Up-to-date: /home/sentry/Wolf-Moon/install/ig_lio_c_msgs/include/ig_lio_c_msgs/msg/rosidl_typesupport_fastrtps_c__visibility_control.h
[0.375s] -- Up-to-date: /home/sentry/Wolf-Moon/install/ig_lio_c_msgs/include/ig_lio_c_msgs/srv
[0.375s] -- Up-to-date: /home/sentry/Wolf-Moon/install/ig_lio_c_msgs/include/ig_lio_c_msgs/srv/detail
[0.375s] -- Up-to-date: /home/sentry/Wolf-Moon/install/ig_lio_c_msgs/include/ig_lio_c_msgs/srv/detail/covert_map__rosidl_typesupport_fastrtps_c.h
[0.375s] -- Up-to-date: /home/sentry/Wolf-Moon/install/ig_lio_c_msgs/include/ig_lio_c_msgs/srv/detail/save_map__rosidl_typesupport_fastrtps_c.h
[0.375s] -- Up-to-date: /home/sentry/Wolf-Moon/install/ig_lio_c_msgs/include/ig_lio_c_msgs/srv/detail/re_loc__rosidl_typesupport_fastrtps_c.h
[0.375s] -- Up-to-date: /home/sentry/Wolf-Moon/install/ig_lio_c_msgs/lib/libig_lio_c_msgs__rosidl_typesupport_fastrtps_c.so
[0.375s] -- Up-to-date: /home/sentry/Wolf-Moon/install/ig_lio_c_msgs/include/ig_lio_c_msgs
[0.375s] -- Up-to-date: /home/sentry/Wolf-Moon/install/ig_lio_c_msgs/include/ig_lio_c_msgs/msg
[0.376s] -- Up-to-date: /home/sentry/Wolf-Moon/install/ig_lio_c_msgs/include/ig_lio_c_msgs/msg/rosidl_typesupport_fastrtps_cpp__visibility_control.h
[0.376s] -- Up-to-date: /home/sentry/Wolf-Moon/install/ig_lio_c_msgs/include/ig_lio_c_msgs/srv
[0.376s] -- Up-to-date: /home/sentry/Wolf-Moon/install/ig_lio_c_msgs/include/ig_lio_c_msgs/srv/detail
[0.376s] -- Up-to-date: /home/sentry/Wolf-Moon/install/ig_lio_c_msgs/include/ig_lio_c_msgs/srv/detail/save_map__rosidl_typesupport_fastrtps_cpp.hpp
[0.376s] -- Up-to-date: /home/sentry/Wolf-Moon/install/ig_lio_c_msgs/include/ig_lio_c_msgs/srv/detail/re_loc__rosidl_typesupport_fastrtps_cpp.hpp
[0.376s] -- Up-to-date: /home/sentry/Wolf-Moon/install/ig_lio_c_msgs/include/ig_lio_c_msgs/srv/detail/covert_map__rosidl_typesupport_fastrtps_cpp.hpp
[0.376s] -- Up-to-date: /home/sentry/Wolf-Moon/install/ig_lio_c_msgs/include/ig_lio_c_msgs/srv/detail/dds_fastrtps
[0.376s] -- Up-to-date: /home/sentry/Wolf-Moon/install/ig_lio_c_msgs/lib/libig_lio_c_msgs__rosidl_typesupport_fastrtps_cpp.so
[0.376s] -- Up-to-date: /home/sentry/Wolf-Moon/install/ig_lio_c_msgs/include/ig_lio_c_msgs
[0.376s] -- Up-to-date: /home/sentry/Wolf-Moon/install/ig_lio_c_msgs/include/ig_lio_c_msgs/msg
[0.376s] -- Up-to-date: /home/sentry/Wolf-Moon/install/ig_lio_c_msgs/include/ig_lio_c_msgs/msg/rosidl_typesupport_introspection_c__visibility_control.h
[0.376s] -- Up-to-date: /home/sentry/Wolf-Moon/install/ig_lio_c_msgs/include/ig_lio_c_msgs/srv
[0.376s] -- Up-to-date: /home/sentry/Wolf-Moon/install/ig_lio_c_msgs/include/ig_lio_c_msgs/srv/detail
[0.376s] -- Up-to-date: /home/sentry/Wolf-Moon/install/ig_lio_c_msgs/include/ig_lio_c_msgs/srv/detail/re_loc__rosidl_typesupport_introspection_c.h
[0.376s] -- Up-to-date: /home/sentry/Wolf-Moon/install/ig_lio_c_msgs/include/ig_lio_c_msgs/srv/detail/save_map__rosidl_typesupport_introspection_c.h
[0.376s] -- Up-to-date: /home/sentry/Wolf-Moon/install/ig_lio_c_msgs/include/ig_lio_c_msgs/srv/detail/covert_map__rosidl_typesupport_introspection_c.h
[0.376s] -- Up-to-date: /home/sentry/Wolf-Moon/install/ig_lio_c_msgs/include/ig_lio_c_msgs/srv/detail/re_loc__type_support.c
[0.377s] -- Up-to-date: /home/sentry/Wolf-Moon/install/ig_lio_c_msgs/include/ig_lio_c_msgs/srv/detail/save_map__type_support.c
[0.377s] -- Up-to-date: /home/sentry/Wolf-Moon/install/ig_lio_c_msgs/include/ig_lio_c_msgs/srv/detail/covert_map__type_support.c
[0.377s] -- Up-to-date: /home/sentry/Wolf-Moon/install/ig_lio_c_msgs/lib/libig_lio_c_msgs__rosidl_typesupport_introspection_c.so
[0.377s] -- Up-to-date: /home/sentry/Wolf-Moon/install/ig_lio_c_msgs/lib/libig_lio_c_msgs__rosidl_typesupport_c.so
[0.377s] -- Up-to-date: /home/sentry/Wolf-Moon/install/ig_lio_c_msgs/include/ig_lio_c_msgs
[0.377s] -- Up-to-date: /home/sentry/Wolf-Moon/install/ig_lio_c_msgs/include/ig_lio_c_msgs/srv
[0.377s] -- Up-to-date: /home/sentry/Wolf-Moon/install/ig_lio_c_msgs/include/ig_lio_c_msgs/srv/re_loc.hpp
[0.377s] -- Up-to-date: /home/sentry/Wolf-Moon/install/ig_lio_c_msgs/include/ig_lio_c_msgs/srv/covert_map.hpp
[0.377s] -- Up-to-date: /home/sentry/Wolf-Moon/install/ig_lio_c_msgs/include/ig_lio_c_msgs/srv/save_map.hpp
[0.377s] -- Up-to-date: /home/sentry/Wolf-Moon/install/ig_lio_c_msgs/include/ig_lio_c_msgs/srv/detail
[0.377s] -- Up-to-date: /home/sentry/Wolf-Moon/install/ig_lio_c_msgs/include/ig_lio_c_msgs/srv/detail/covert_map__builder.hpp
[0.377s] -- Up-to-date: /home/sentry/Wolf-Moon/install/ig_lio_c_msgs/include/ig_lio_c_msgs/srv/detail/save_map__traits.hpp
[0.377s] -- Up-to-date: /home/sentry/Wolf-Moon/install/ig_lio_c_msgs/include/ig_lio_c_msgs/srv/detail/save_map__builder.hpp
[0.377s] -- Up-to-date: /home/sentry/Wolf-Moon/install/ig_lio_c_msgs/include/ig_lio_c_msgs/srv/detail/re_loc__struct.hpp
[0.377s] -- Up-to-date: /home/sentry/Wolf-Moon/install/ig_lio_c_msgs/include/ig_lio_c_msgs/srv/detail/covert_map__struct.hpp
[0.377s] -- Up-to-date: /home/sentry/Wolf-Moon/install/ig_lio_c_msgs/include/ig_lio_c_msgs/srv/detail/re_loc__builder.hpp
[0.377s] -- Up-to-date: /home/sentry/Wolf-Moon/install/ig_lio_c_msgs/include/ig_lio_c_msgs/srv/detail/covert_map__traits.hpp
[0.378s] -- Up-to-date: /home/sentry/Wolf-Moon/install/ig_lio_c_msgs/include/ig_lio_c_msgs/srv/detail/re_loc__traits.hpp
[0.378s] -- Up-to-date: /home/sentry/Wolf-Moon/install/ig_lio_c_msgs/include/ig_lio_c_msgs/srv/detail/save_map__struct.hpp
[0.378s] -- Up-to-date: /home/sentry/Wolf-Moon/install/ig_lio_c_msgs/include/ig_lio_c_msgs
[0.378s] -- Up-to-date: /home/sentry/Wolf-Moon/install/ig_lio_c_msgs/include/ig_lio_c_msgs/srv
[0.378s] -- Up-to-date: /home/sentry/Wolf-Moon/install/ig_lio_c_msgs/include/ig_lio_c_msgs/srv/detail
[0.378s] -- Up-to-date: /home/sentry/Wolf-Moon/install/ig_lio_c_msgs/include/ig_lio_c_msgs/srv/detail/re_loc__type_support.cpp
[0.378s] -- Up-to-date: /home/sentry/Wolf-Moon/install/ig_lio_c_msgs/include/ig_lio_c_msgs/srv/detail/save_map__type_support.cpp
[0.378s] -- Up-to-date: /home/sentry/Wolf-Moon/install/ig_lio_c_msgs/include/ig_lio_c_msgs/srv/detail/covert_map__type_support.cpp
[0.378s] -- Up-to-date: /home/sentry/Wolf-Moon/install/ig_lio_c_msgs/include/ig_lio_c_msgs/srv/detail/save_map__rosidl_typesupport_introspection_cpp.hpp
[0.378s] -- Up-to-date: /home/sentry/Wolf-Moon/install/ig_lio_c_msgs/include/ig_lio_c_msgs/srv/detail/covert_map__rosidl_typesupport_introspection_cpp.hpp
[0.378s] -- Up-to-date: /home/sentry/Wolf-Moon/install/ig_lio_c_msgs/include/ig_lio_c_msgs/srv/detail/re_loc__rosidl_typesupport_introspection_cpp.hpp
[0.378s] -- Up-to-date: /home/sentry/Wolf-Moon/install/ig_lio_c_msgs/lib/libig_lio_c_msgs__rosidl_typesupport_introspection_cpp.so
[0.378s] -- Up-to-date: /home/sentry/Wolf-Moon/install/ig_lio_c_msgs/lib/libig_lio_c_msgs__rosidl_typesupport_cpp.so
[0.378s] -- Up-to-date: /home/sentry/Wolf-Moon/install/ig_lio_c_msgs/share/ig_lio_c_msgs/environment/pythonpath.sh
[0.378s] -- Up-to-date: /home/sentry/Wolf-Moon/install/ig_lio_c_msgs/share/ig_lio_c_msgs/environment/pythonpath.dsv
[0.378s] -- Up-to-date: /home/sentry/Wolf-Moon/install/ig_lio_c_msgs/lib/python3.8/site-packages/ig_lio_c_msgs/__init__.py
[0.397s] -- Up-to-date: /home/sentry/Wolf-Moon/install/ig_lio_c_msgs/lib/python3.8/site-packages/ig_lio_c_msgs/srv
[0.398s] -- Up-to-date: /home/sentry/Wolf-Moon/install/ig_lio_c_msgs/lib/python3.8/site-packages/ig_lio_c_msgs/srv/__init__.py
[0.398s] -- Up-to-date: /home/sentry/Wolf-Moon/install/ig_lio_c_msgs/lib/python3.8/site-packages/ig_lio_c_msgs/srv/_save_map_s.c
[0.398s] -- Up-to-date: /home/sentry/Wolf-Moon/install/ig_lio_c_msgs/lib/python3.8/site-packages/ig_lio_c_msgs/srv/_covert_map_s.c
[0.398s] -- Up-to-date: /home/sentry/Wolf-Moon/install/ig_lio_c_msgs/lib/python3.8/site-packages/ig_lio_c_msgs/srv/_save_map.py
[0.399s] -- Up-to-date: /home/sentry/Wolf-Moon/install/ig_lio_c_msgs/lib/python3.8/site-packages/ig_lio_c_msgs/srv/_re_loc.py
[0.399s] -- Up-to-date: /home/sentry/Wolf-Moon/install/ig_lio_c_msgs/lib/python3.8/site-packages/ig_lio_c_msgs/srv/_re_loc_s.c
[0.399s] -- Up-to-date: /home/sentry/Wolf-Moon/install/ig_lio_c_msgs/lib/python3.8/site-packages/ig_lio_c_msgs/srv/_covert_map.py
[0.399s] -- Up-to-date: /home/sentry/Wolf-Moon/install/ig_lio_c_msgs/lib/python3.8/site-packages/ig_lio_c_msgs/ig_lio_c_msgs_s__rosidl_typesupport_fastrtps_c.cpython-38-x86_64-linux-gnu.so
[0.400s] -- Up-to-date: /home/sentry/Wolf-Moon/install/ig_lio_c_msgs/lib/python3.8/site-packages/ig_lio_c_msgs/ig_lio_c_msgs_s__rosidl_typesupport_introspection_c.cpython-38-x86_64-linux-gnu.so
[0.400s] -- Up-to-date: /home/sentry/Wolf-Moon/install/ig_lio_c_msgs/lib/python3.8/site-packages/ig_lio_c_msgs/ig_lio_c_msgs_s__rosidl_typesupport_c.cpython-38-x86_64-linux-gnu.so
[0.400s] -- Up-to-date: /home/sentry/Wolf-Moon/install/ig_lio_c_msgs/lib/libig_lio_c_msgs__python.so
[0.400s] -- Up-to-date: /home/sentry/Wolf-Moon/install/ig_lio_c_msgs/share/ig_lio_c_msgs/srv/CovertMap.idl
[0.400s] -- Up-to-date: /home/sentry/Wolf-Moon/install/ig_lio_c_msgs/share/ig_lio_c_msgs/srv/SaveMap.idl
[0.400s] -- Up-to-date: /home/sentry/Wolf-Moon/install/ig_lio_c_msgs/share/ig_lio_c_msgs/srv/ReLoc.idl
[0.400s] -- Up-to-date: /home/sentry/Wolf-Moon/install/ig_lio_c_msgs/share/ig_lio_c_msgs/srv/CovertMap.srv
[0.401s] -- Up-to-date: /home/sentry/Wolf-Moon/install/ig_lio_c_msgs/share/ig_lio_c_msgs/srv/CovertMap_Request.msg
[0.401s] -- Up-to-date: /home/sentry/Wolf-Moon/install/ig_lio_c_msgs/share/ig_lio_c_msgs/srv/CovertMap_Response.msg
[0.401s] -- Up-to-date: /home/sentry/Wolf-Moon/install/ig_lio_c_msgs/share/ig_lio_c_msgs/srv/SaveMap.srv
[0.401s] -- Up-to-date: /home/sentry/Wolf-Moon/install/ig_lio_c_msgs/share/ig_lio_c_msgs/srv/SaveMap_Request.msg
[0.401s] -- Up-to-date: /home/sentry/Wolf-Moon/install/ig_lio_c_msgs/share/ig_lio_c_msgs/srv/SaveMap_Response.msg
[0.401s] -- Up-to-date: /home/sentry/Wolf-Moon/install/ig_lio_c_msgs/share/ig_lio_c_msgs/srv/ReLoc.srv
[0.401s] -- Up-to-date: /home/sentry/Wolf-Moon/install/ig_lio_c_msgs/share/ig_lio_c_msgs/srv/ReLoc_Request.msg
[0.401s] -- Up-to-date: /home/sentry/Wolf-Moon/install/ig_lio_c_msgs/share/ig_lio_c_msgs/srv/ReLoc_Response.msg
[0.401s] -- Up-to-date: /home/sentry/Wolf-Moon/install/ig_lio_c_msgs/share/ament_index/resource_index/package_run_dependencies/ig_lio_c_msgs
[0.401s] -- Up-to-date: /home/sentry/Wolf-Moon/install/ig_lio_c_msgs/share/ament_index/resource_index/parent_prefix_path/ig_lio_c_msgs
[0.401s] -- Up-to-date: /home/sentry/Wolf-Moon/install/ig_lio_c_msgs/share/ig_lio_c_msgs/environment/ament_prefix_path.sh
[0.401s] -- Up-to-date: /home/sentry/Wolf-Moon/install/ig_lio_c_msgs/share/ig_lio_c_msgs/environment/ament_prefix_path.dsv
[0.401s] -- Up-to-date: /home/sentry/Wolf-Moon/install/ig_lio_c_msgs/share/ig_lio_c_msgs/environment/path.sh
[0.401s] -- Up-to-date: /home/sentry/Wolf-Moon/install/ig_lio_c_msgs/share/ig_lio_c_msgs/environment/path.dsv
[0.402s] -- Up-to-date: /home/sentry/Wolf-Moon/install/ig_lio_c_msgs/share/ig_lio_c_msgs/local_setup.bash
[0.402s] -- Up-to-date: /home/sentry/Wolf-Moon/install/ig_lio_c_msgs/share/ig_lio_c_msgs/local_setup.sh
[0.402s] -- Up-to-date: /home/sentry/Wolf-Moon/install/ig_lio_c_msgs/share/ig_lio_c_msgs/local_setup.zsh
[0.402s] -- Up-to-date: /home/sentry/Wolf-Moon/install/ig_lio_c_msgs/share/ig_lio_c_msgs/local_setup.dsv
[0.402s] -- Installing: /home/sentry/Wolf-Moon/install/ig_lio_c_msgs/share/ig_lio_c_msgs/package.dsv
[0.402s] -- Up-to-date: /home/sentry/Wolf-Moon/install/ig_lio_c_msgs/share/ament_index/resource_index/packages/ig_lio_c_msgs
[0.404s] -- Up-to-date: /home/sentry/Wolf-Moon/install/ig_lio_c_msgs/share/ig_lio_c_msgs/cmake/ig_lio_c_msgs__rosidl_generator_cExport.cmake
[0.409s] -- Up-to-date: /home/sentry/Wolf-Moon/install/ig_lio_c_msgs/share/ig_lio_c_msgs/cmake/ig_lio_c_msgs__rosidl_generator_cExport-release.cmake
[0.409s] -- Up-to-date: /home/sentry/Wolf-Moon/install/ig_lio_c_msgs/share/ig_lio_c_msgs/cmake/ig_lio_c_msgs__rosidl_typesupport_introspection_cExport.cmake
[0.415s] -- Up-to-date: /home/sentry/Wolf-Moon/install/ig_lio_c_msgs/share/ig_lio_c_msgs/cmake/ig_lio_c_msgs__rosidl_typesupport_introspection_cExport-release.cmake
[0.415s] -- Up-to-date: /home/sentry/Wolf-Moon/install/ig_lio_c_msgs/share/ig_lio_c_msgs/cmake/ig_lio_c_msgs__rosidl_typesupport_cExport.cmake
[0.415s] -- Up-to-date: /home/sentry/Wolf-Moon/install/ig_lio_c_msgs/share/ig_lio_c_msgs/cmake/ig_lio_c_msgs__rosidl_typesupport_cExport-release.cmake
[0.416s] -- Up-to-date: /home/sentry/Wolf-Moon/install/ig_lio_c_msgs/share/ig_lio_c_msgs/cmake/ig_lio_c_msgs__rosidl_generator_cppExport.cmake
[0.417s] -- Up-to-date: /home/sentry/Wolf-Moon/install/ig_lio_c_msgs/share/ig_lio_c_msgs/cmake/ig_lio_c_msgs__rosidl_typesupport_introspection_cppExport.cmake
[0.417s] -- Up-to-date: /home/sentry/Wolf-Moon/install/ig_lio_c_msgs/share/ig_lio_c_msgs/cmake/ig_lio_c_msgs__rosidl_typesupport_introspection_cppExport-release.cmake
[0.417s] -- Up-to-date: /home/sentry/Wolf-Moon/install/ig_lio_c_msgs/share/ig_lio_c_msgs/cmake/ig_lio_c_msgs__rosidl_typesupport_cppExport.cmake
[0.417s] -- Up-to-date: /home/sentry/Wolf-Moon/install/ig_lio_c_msgs/share/ig_lio_c_msgs/cmake/ig_lio_c_msgs__rosidl_typesupport_cppExport-release.cmake
[0.417s] -- Up-to-date: /home/sentry/Wolf-Moon/install/ig_lio_c_msgs/share/ig_lio_c_msgs/cmake/rosidl_cmake-extras.cmake
[0.417s] -- Up-to-date: /home/sentry/Wolf-Moon/install/ig_lio_c_msgs/share/ig_lio_c_msgs/cmake/ament_cmake_export_dependencies-extras.cmake
[0.417s] -- Up-to-date: /home/sentry/Wolf-Moon/install/ig_lio_c_msgs/share/ig_lio_c_msgs/cmake/ament_cmake_export_libraries-extras.cmake
[0.418s] -- Up-to-date: /home/sentry/Wolf-Moon/install/ig_lio_c_msgs/share/ig_lio_c_msgs/cmake/ament_cmake_export_targets-extras.cmake
[0.418s] -- Up-to-date: /home/sentry/Wolf-Moon/install/ig_lio_c_msgs/share/ig_lio_c_msgs/cmake/ament_cmake_export_include_directories-extras.cmake
[0.419s] -- Up-to-date: /home/sentry/Wolf-Moon/install/ig_lio_c_msgs/share/ig_lio_c_msgs/cmake/rosidl_cmake_export_typesupport_libraries-extras.cmake
[0.420s] -- Up-to-date: /home/sentry/Wolf-Moon/install/ig_lio_c_msgs/share/ig_lio_c_msgs/cmake/rosidl_cmake_export_typesupport_targets-extras.cmake
[0.420s] -- Up-to-date: /home/sentry/Wolf-Moon/install/ig_lio_c_msgs/share/ig_lio_c_msgs/cmake/ig_lio_c_msgsConfig.cmake
[0.423s] -- Up-to-date: /home/sentry/Wolf-Moon/install/ig_lio_c_msgs/share/ig_lio_c_msgs/cmake/ig_lio_c_msgsConfig-version.cmake
[0.423s] -- Up-to-date: /home/sentry/Wolf-Moon/install/ig_lio_c_msgs/share/ig_lio_c_msgs/package.xml
[0.429s] Invoked command in '/home/sentry/Wolf-Moon/build/ig_lio_c_msgs' returned '0': CMAKE_PREFIX_PATH=/opt/ros/galactic /usr/bin/cmake --install /home/sentry/Wolf-Moon/build/ig_lio_c_msgs
