-- Found ament_cmake: 1.1.6 (/opt/ros/galactic/share/ament_cmake/cmake)
-- Using PYTHON_EXECUTABLE: /usr/bin/python3
-- Found nav2_common: 1.0.12 (/home/sentry/Wolf-Moon/install/nav2_common/share/nav2_common/cmake)
-- Found rclcpp: 9.2.2 (/opt/ros/galactic/share/rclcpp/cmake)
-- Using all available rosidl_typesupport_c: rosidl_typesupport_fastrtps_c;rosidl_typesupport_introspection_c
-- Found rosidl_adapter: 2.2.3 (/opt/ros/galactic/share/rosidl_adapter/cmake)
-- Using all available rosidl_typesupport_cpp: rosidl_typesupport_fastrtps_cpp;rosidl_typesupport_introspection_cpp
-- Found rmw_implementation_cmake: 3.3.1 (/opt/ros/galactic/share/rmw_implementation_cmake/cmake)
-- Found rmw_cyclonedds_cpp: 0.22.6 (/opt/ros/galactic/share/rmw_cyclonedds_cpp/cmake)
-- Using RMW implementation 'rmw_cyclonedds_cpp' as default
-- Found rclcpp_action: 9.2.2 (/opt/ros/galactic/share/rclcpp_action/cmake)
-- Found rclcpp_lifecycle: 9.2.2 (/opt/ros/galactic/share/rclcpp_lifecycle/cmake)
-- Found geometry_msgs: 2.2.4 (/opt/ros/galactic/share/geometry_msgs/cmake)
-- Found sensor_msgs: 2.2.4 (/opt/ros/galactic/share/sensor_msgs/cmake)
-- Found nav2_msgs: 1.0.12 (/home/sentry/Wolf-Moon/install/nav2_msgs/share/nav2_msgs/cmake)
-- Found tf2_ros: 0.17.5 (/opt/ros/galactic/share/tf2_ros/cmake)
-- Found tf2_geometry_msgs: 0.17.5 (/opt/ros/galactic/share/tf2_geometry_msgs/cmake)
-- Found eigen3_cmake_module: 0.1.1 (/opt/ros/galactic/share/eigen3_cmake_module/cmake)
-- Found std_srvs: 2.2.4 (/opt/ros/galactic/share/std_srvs/cmake)
-- Found nav2_util: 1.0.12 (/home/sentry/Wolf-Moon/install/nav2_util/share/nav2_util/cmake)
-- Found ament_lint_auto: 0.10.7 (/opt/ros/galactic/share/ament_lint_auto/cmake)
-- Found gtest sources under '/opt/ros/galactic/src/gtest_vendor': C++ tests using 'Google Test' will be built
-- Added test 'copyright' to check source files copyright and LICENSE
-- Added test 'cppcheck' to perform static code analysis on C / C++ code
-- Configured cppcheck include dirs: /home/sentry/Wolf-Moon/src/ThirdParty/navigation2/nav2_behavior_tree/include
-- Configured cppcheck exclude dirs and/or files: 
-- Added test 'cpplint' to check C / C++ code against the Google style
-- Configured cpplint exclude dirs and/or files: 
-- Added test 'lint_cmake' to check CMake code style
-- Added test 'uncrustify' to check C / C++ code style
-- Configured uncrustify additional arguments: 
-- Added test 'xmllint' to check XML markup files
-- Configuring done
-- Generating done
-- Build files have been written to: /home/sentry/Wolf-Moon/build/nav2_behavior_tree
[35m[1mScanning dependencies of target nav2_single_trigger_bt_node[0m
[35m[1mScanning dependencies of target nav2_controller_selector_bt_node[0m
[35m[1mScanning dependencies of target nav2_goal_updated_controller_bt_node[0m
[35m[1mScanning dependencies of target nav2_goal_checker_selector_bt_node[0m
[35m[1mScanning dependencies of target nav2_planner_selector_bt_node[0m
[35m[1mScanning dependencies of target nav2_spin_action_bt_node[0m
[35m[1mScanning dependencies of target nav2_transform_available_condition_bt_node[0m
[35m[1mScanning dependencies of target nav2_pipeline_sequence_bt_node[0m
make[2]: Warning: File '/home/sentry/Wolf-Moon/src/ThirdParty/navigation2/nav2_behavior_tree/plugins/decorator/single_trigger_node.cpp' has modification time 178314 s in the future
[35m[1mScanning dependencies of target nav2_wait_action_bt_node[0m
[35m[1mScanning dependencies of target nav2_compute_path_through_poses_action_bt_node[0m
make[2]: Warning: File '/home/sentry/Wolf-Moon/src/ThirdParty/navigation2/nav2_behavior_tree/plugins/control/pipeline_sequence.cpp' has modification time 178314 s in the future
[  1%] [32mBuilding CXX object CMakeFiles/nav2_pipeline_sequence_bt_node.dir/plugins/control/pipeline_sequence.cpp.o[0m
make[2]: Warning: File '/home/sentry/Wolf-Moon/src/ThirdParty/navigation2/nav2_behavior_tree/plugins/decorator/goal_updated_controller.cpp' has modification time 178314 s in the future
make[2]: Warning: File '/home/sentry/Wolf-Moon/src/ThirdParty/navigation2/nav2_behavior_tree/plugins/action/goal_checker_selector_node.cpp' has modification time 178314 s in the future
[35m[1mScanning dependencies of target nav2_compute_path_to_pose_action_bt_node[0m
[  2%] [32mBuilding CXX object CMakeFiles/nav2_single_trigger_bt_node.dir/plugins/decorator/single_trigger_node.cpp.o[0m
make[2]: Warning: File '/home/sentry/Wolf-Moon/src/ThirdParty/navigation2/nav2_behavior_tree/plugins/action/controller_selector_node.cpp' has modification time 178314 s in the future
make[2]: Warning: File '/home/sentry/Wolf-Moon/src/ThirdParty/navigation2/nav2_behavior_tree/plugins/action/planner_selector_node.cpp' has modification time 178314 s in the future
[  3%] [32mBuilding CXX object CMakeFiles/nav2_goal_updated_controller_bt_node.dir/plugins/decorator/goal_updated_controller.cpp.o[0m
make[2]: Warning: File '/home/sentry/Wolf-Moon/src/ThirdParty/navigation2/nav2_behavior_tree/plugins/action/wait_action.cpp' has modification time 178314 s in the future
[  4%] [32mBuilding CXX object CMakeFiles/nav2_goal_checker_selector_bt_node.dir/plugins/action/goal_checker_selector_node.cpp.o[0m
[  4%] [32mBuilding CXX object CMakeFiles/nav2_controller_selector_bt_node.dir/plugins/action/controller_selector_node.cpp.o[0m
make[2]: Warning: File '/home/sentry/Wolf-Moon/src/ThirdParty/navigation2/nav2_behavior_tree/plugins/condition/transform_available_condition.cpp' has modification time 178314 s in the future
make[2]: Warning: File '/home/sentry/Wolf-Moon/src/ThirdParty/navigation2/nav2_behavior_tree/plugins/action/spin_action.cpp' has modification time 178314 s in the future
make[2]: Warning: File '/home/sentry/Wolf-Moon/src/ThirdParty/navigation2/nav2_behavior_tree/plugins/action/compute_path_through_poses_action.cpp' has modification time 178314 s in the future
[  5%] [32mBuilding CXX object CMakeFiles/nav2_planner_selector_bt_node.dir/plugins/action/planner_selector_node.cpp.o[0m
make[2]: Warning: File '/home/sentry/Wolf-Moon/src/ThirdParty/navigation2/nav2_behavior_tree/plugins/action/compute_path_to_pose_action.cpp' has modification time 178314 s in the future
[  6%] [32mBuilding CXX object CMakeFiles/nav2_spin_action_bt_node.dir/plugins/action/spin_action.cpp.o[0m
[  7%] [32mBuilding CXX object CMakeFiles/nav2_transform_available_condition_bt_node.dir/plugins/condition/transform_available_condition.cpp.o[0m
[  7%] [32mBuilding CXX object CMakeFiles/nav2_compute_path_through_poses_action_bt_node.dir/plugins/action/compute_path_through_poses_action.cpp.o[0m
[35m[1mScanning dependencies of target nav2_goal_updated_condition_bt_node[0m
[  8%] [32mBuilding CXX object CMakeFiles/nav2_wait_action_bt_node.dir/plugins/action/wait_action.cpp.o[0m
[  9%] [32mBuilding CXX object CMakeFiles/nav2_compute_path_to_pose_action_bt_node.dir/plugins/action/compute_path_to_pose_action.cpp.o[0m
make[2]: Warning: File '/home/sentry/Wolf-Moon/src/ThirdParty/navigation2/nav2_behavior_tree/plugins/condition/goal_updated_condition.cpp' has modification time 178314 s in the future
[ 10%] [32mBuilding CXX object CMakeFiles/nav2_goal_updated_condition_bt_node.dir/plugins/condition/goal_updated_condition.cpp.o[0m
[ 11%] [32m[1mLinking CXX shared library libnav2_single_trigger_bt_node.so[0m
make[2]: warning:  Clock skew detected.  Your build may be incomplete.
[ 11%] Built target nav2_single_trigger_bt_node
[35m[1mScanning dependencies of target nav2_is_stuck_condition_bt_node[0m
make[2]: Warning: File '/home/sentry/Wolf-Moon/src/ThirdParty/navigation2/nav2_behavior_tree/plugins/condition/is_stuck_condition.cpp' has modification time 178311 s in the future
[ 11%] [32mBuilding CXX object CMakeFiles/nav2_is_stuck_condition_bt_node.dir/plugins/condition/is_stuck_condition.cpp.o[0m
[ 11%] [32m[1mLinking CXX shared library libnav2_pipeline_sequence_bt_node.so[0m
make[2]: warning:  Clock skew detected.  Your build may be incomplete.
[ 11%] Built target nav2_pipeline_sequence_bt_node
[35m[1mScanning dependencies of target nav2_behavior_tree[0m
make[2]: Warning: File '/home/sentry/Wolf-Moon/src/ThirdParty/navigation2/nav2_behavior_tree/src/behavior_tree_engine.cpp' has modification time 178310 s in the future
[ 12%] [32mBuilding CXX object CMakeFiles/nav2_behavior_tree.dir/src/behavior_tree_engine.cpp.o[0m
[ 13%] [32m[1mLinking CXX shared library libnav2_goal_updated_condition_bt_node.so[0m
make[2]: warning:  Clock skew detected.  Your build may be incomplete.
[ 13%] Built target nav2_goal_updated_condition_bt_node
[35m[1mScanning dependencies of target nav2_goal_updater_node_bt_node[0m
make[2]: Warning: File '/home/sentry/Wolf-Moon/src/ThirdParty/navigation2/nav2_behavior_tree/plugins/decorator/goal_updater_node.cpp' has modification time 178308 s in the future
[ 14%] [32mBuilding CXX object CMakeFiles/nav2_goal_updater_node_bt_node.dir/plugins/decorator/goal_updater_node.cpp.o[0m
[ 14%] [32m[1mLinking CXX shared library libnav2_goal_updated_controller_bt_node.so[0m
make[2]: warning:  Clock skew detected.  Your build may be incomplete.
[ 14%] Built target nav2_goal_updated_controller_bt_node
[35m[1mScanning dependencies of target nav2_follow_path_action_bt_node[0m
make[2]: Warning: File '/home/sentry/Wolf-Moon/src/ThirdParty/navigation2/nav2_behavior_tree/plugins/action/follow_path_action.cpp' has modification time 178307 s in the future
[ 15%] [32mBuilding CXX object CMakeFiles/nav2_follow_path_action_bt_node.dir/plugins/action/follow_path_action.cpp.o[0m
[ 15%] [32m[1mLinking CXX shared library libnav2_transform_available_condition_bt_node.so[0m
make[2]: warning:  Clock skew detected.  Your build may be incomplete.
[ 15%] Built target nav2_transform_available_condition_bt_node
[35m[1mScanning dependencies of target nav2_goal_reached_condition_bt_node[0m
make[2]: Warning: File '/home/sentry/Wolf-Moon/src/ThirdParty/navigation2/nav2_behavior_tree/plugins/condition/goal_reached_condition.cpp' has modification time 178306 s in the future
[ 16%] [32mBuilding CXX object CMakeFiles/nav2_goal_reached_condition_bt_node.dir/plugins/condition/goal_reached_condition.cpp.o[0m
[ 16%] [32m[1mLinking CXX shared library libnav2_behavior_tree.so[0m
make[2]: warning:  Clock skew detected.  Your build may be incomplete.
[ 16%] Built target nav2_behavior_tree
[35m[1mScanning dependencies of target nav2_round_robin_node_bt_node[0m
make[2]: Warning: File '/home/sentry/Wolf-Moon/src/ThirdParty/navigation2/nav2_behavior_tree/plugins/control/round_robin_node.cpp' has modification time 178303 s in the future
[ 16%] [32mBuilding CXX object CMakeFiles/nav2_round_robin_node_bt_node.dir/plugins/control/round_robin_node.cpp.o[0m
[ 17%] [32m[1mLinking CXX shared library libnav2_compute_path_through_poses_action_bt_node.so[0m
[ 17%] [32m[1mLinking CXX shared library libnav2_wait_action_bt_node.so[0m
[ 17%] [32m[1mLinking CXX shared library libnav2_spin_action_bt_node.so[0m
make[2]: warning:  Clock skew detected.  Your build may be incomplete.
[ 17%] Built target nav2_wait_action_bt_node
make[2]: warning:  Clock skew detected.  Your build may be incomplete.
[35m[1mScanning dependencies of target nav2_navigate_through_poses_action_bt_node[0m
[ 17%] Built target nav2_compute_path_through_poses_action_bt_node
[35m[1mScanning dependencies of target nav2_remove_passed_goals_action_bt_node[0m
make[2]: Warning: File '/home/sentry/Wolf-Moon/src/ThirdParty/navigation2/nav2_behavior_tree/plugins/action/navigate_through_poses_action.cpp' has modification time 178303 s in the future
make[2]: Warning: File '/home/sentry/Wolf-Moon/src/ThirdParty/navigation2/nav2_behavior_tree/plugins/action/remove_passed_goals_action.cpp' has modification time 178303 s in the future
[ 18%] [32mBuilding CXX object CMakeFiles/nav2_navigate_through_poses_action_bt_node.dir/plugins/action/navigate_through_poses_action.cpp.o[0m
[ 19%] [32mBuilding CXX object CMakeFiles/nav2_remove_passed_goals_action_bt_node.dir/plugins/action/remove_passed_goals_action.cpp.o[0m
make[2]: warning:  Clock skew detected.  Your build may be incomplete.
[ 19%] Built target nav2_spin_action_bt_node
[35m[1mScanning dependencies of target nav2_initial_pose_received_condition_bt_node[0m
make[2]: Warning: File '/home/sentry/Wolf-Moon/src/ThirdParty/navigation2/nav2_behavior_tree/plugins/condition/initial_pose_received_condition.cpp' has modification time 178303 s in the future
[ 19%] [32mBuilding CXX object CMakeFiles/nav2_initial_pose_received_condition_bt_node.dir/plugins/condition/initial_pose_received_condition.cpp.o[0m
[ 20%] [32m[1mLinking CXX shared library libnav2_compute_path_to_pose_action_bt_node.so[0m
make[2]: warning:  Clock skew detected.  Your build may be incomplete.
[ 20%] Built target nav2_compute_path_to_pose_action_bt_node
[35m[1mScanning dependencies of target nav2_time_expired_condition_bt_node[0m
make[2]: Warning: File '/home/sentry/Wolf-Moon/src/ThirdParty/navigation2/nav2_behavior_tree/plugins/condition/time_expired_condition.cpp' has modification time 178302 s in the future
[ 21%] [32mBuilding CXX object CMakeFiles/nav2_time_expired_condition_bt_node.dir/plugins/condition/time_expired_condition.cpp.o[0m
[ 22%] [32m[1mLinking CXX shared library libnav2_round_robin_node_bt_node.so[0m
make[2]: warning:  Clock skew detected.  Your build may be incomplete.
[ 22%] Built target nav2_round_robin_node_bt_node
[35m[1mScanning dependencies of target nav2_distance_traveled_condition_bt_node[0m
make[2]: Warning: File '/home/sentry/Wolf-Moon/src/ThirdParty/navigation2/nav2_behavior_tree/plugins/condition/distance_traveled_condition.cpp' has modification time 178300 s in the future
[ 22%] [32mBuilding CXX object CMakeFiles/nav2_distance_traveled_condition_bt_node.dir/plugins/condition/distance_traveled_condition.cpp.o[0m
[ 23%] [32m[1mLinking CXX shared library libnav2_initial_pose_received_condition_bt_node.so[0m
make[2]: warning:  Clock skew detected.  Your build may be incomplete.
[ 23%] Built target nav2_initial_pose_received_condition_bt_node
[35m[1mScanning dependencies of target nav2_is_battery_low_condition_bt_node[0m
make[2]: Warning: File '/home/sentry/Wolf-Moon/src/ThirdParty/navigation2/nav2_behavior_tree/plugins/condition/is_battery_low_condition.cpp' has modification time 178300 s in the future
[ 24%] [32mBuilding CXX object CMakeFiles/nav2_is_battery_low_condition_bt_node.dir/plugins/condition/is_battery_low_condition.cpp.o[0m
[ 25%] [32m[1mLinking CXX shared library libnav2_controller_selector_bt_node.so[0m
make[2]: warning:  Clock skew detected.  Your build may be incomplete.
[ 25%] Built target nav2_controller_selector_bt_node
[35m[1mScanning dependencies of target nav2_reinitialize_global_localization_service_bt_node[0m
make[2]: Warning: File '/home/sentry/Wolf-Moon/src/ThirdParty/navigation2/nav2_behavior_tree/plugins/action/reinitialize_global_localization_service.cpp' has modification time 178298 s in the future
[ 25%] [32mBuilding CXX object CMakeFiles/nav2_reinitialize_global_localization_service_bt_node.dir/plugins/action/reinitialize_global_localization_service.cpp.o[0m
[ 26%] [32m[1mLinking CXX shared library libnav2_planner_selector_bt_node.so[0m
[ 27%] [32m[1mLinking CXX shared library libnav2_goal_checker_selector_bt_node.so[0m
make[2]: warning:  Clock skew detected.  Your build may be incomplete.
[ 27%] Built target nav2_planner_selector_bt_node
make[2]: warning:  Clock skew detected.  Your build may be incomplete.
[35m[1mScanning dependencies of target nav2_rate_controller_bt_node[0m
make[2]: Warning: File '/home/sentry/Wolf-Moon/src/ThirdParty/navigation2/nav2_behavior_tree/plugins/decorator/rate_controller.cpp' has modification time 178298 s in the future
[ 27%] Built target nav2_goal_checker_selector_bt_node
[ 28%] [32mBuilding CXX object CMakeFiles/nav2_rate_controller_bt_node.dir/plugins/decorator/rate_controller.cpp.o[0m
[35m[1mScanning dependencies of target nav2_distance_controller_bt_node[0m
make[2]: Warning: File '/home/sentry/Wolf-Moon/src/ThirdParty/navigation2/nav2_behavior_tree/plugins/decorator/distance_controller.cpp' has modification time 178298 s in the future
[ 29%] [32mBuilding CXX object CMakeFiles/nav2_distance_controller_bt_node.dir/plugins/decorator/distance_controller.cpp.o[0m
[ 29%] [32m[1mLinking CXX shared library libnav2_goal_reached_condition_bt_node.so[0m
make[2]: warning:  Clock skew detected.  Your build may be incomplete.
[ 29%] Built target nav2_goal_reached_condition_bt_node
[35m[1mScanning dependencies of target nav2_clear_costmap_service_bt_node[0m
make[2]: Warning: File '/home/sentry/Wolf-Moon/src/ThirdParty/navigation2/nav2_behavior_tree/plugins/action/clear_costmap_service.cpp' has modification time 178297 s in the future
[ 30%] [32mBuilding CXX object CMakeFiles/nav2_clear_costmap_service_bt_node.dir/plugins/action/clear_costmap_service.cpp.o[0m
[ 31%] [32m[1mLinking CXX shared library libnav2_remove_passed_goals_action_bt_node.so[0m
[ 32%] [32m[1mLinking CXX shared library libnav2_time_expired_condition_bt_node.so[0m
[ 32%] [32m[1mLinking CXX shared library libnav2_follow_path_action_bt_node.so[0m
make[2]: warning:  Clock skew detected.  Your build may be incomplete.
make[2]: warning:  Clock skew detected.  Your build may be incomplete.
[ 32%] Built target nav2_remove_passed_goals_action_bt_node
[ 32%] Built target nav2_time_expired_condition_bt_node
[35m[1mScanning dependencies of target nav2_speed_controller_bt_node[0m
[35m[1mScanning dependencies of target nav2_truncate_path_action_bt_node[0m
make[2]: Warning: File '/home/sentry/Wolf-Moon/src/ThirdParty/navigation2/nav2_behavior_tree/plugins/decorator/speed_controller.cpp' has modification time 178296 s in the future
make[2]: Warning: File '/home/sentry/Wolf-Moon/src/ThirdParty/navigation2/nav2_behavior_tree/plugins/action/truncate_path_action.cpp' has modification time 178296 s in the future
[ 32%] [32mBuilding CXX object CMakeFiles/nav2_speed_controller_bt_node.dir/plugins/decorator/speed_controller.cpp.o[0m
[ 33%] [32mBuilding CXX object CMakeFiles/nav2_truncate_path_action_bt_node.dir/plugins/action/truncate_path_action.cpp.o[0m
make[2]: warning:  Clock skew detected.  Your build may be incomplete.
[ 33%] Built target nav2_follow_path_action_bt_node
[35m[1mScanning dependencies of target nav2_navigate_to_pose_action_bt_node[0m
make[2]: Warning: File '/home/sentry/Wolf-Moon/src/ThirdParty/navigation2/nav2_behavior_tree/plugins/action/navigate_to_pose_action.cpp' has modification time 178296 s in the future
[ 34%] [32mBuilding CXX object CMakeFiles/nav2_navigate_to_pose_action_bt_node.dir/plugins/action/navigate_to_pose_action.cpp.o[0m
[ 35%] [32m[1mLinking CXX shared library libnav2_is_stuck_condition_bt_node.so[0m
make[2]: warning:  Clock skew detected.  Your build may be incomplete.
[ 35%] [32m[1mLinking CXX shared library libnav2_rate_controller_bt_node.so[0m
[ 35%] Built target nav2_is_stuck_condition_bt_node
[35m[1mScanning dependencies of target nav2_back_up_action_bt_node[0m
make[2]: Warning: File '/home/sentry/Wolf-Moon/src/ThirdParty/navigation2/nav2_behavior_tree/plugins/action/back_up_action.cpp' has modification time 178295 s in the future
[ 36%] [32mBuilding CXX object CMakeFiles/nav2_back_up_action_bt_node.dir/plugins/action/back_up_action.cpp.o[0m
make[2]: warning:  Clock skew detected.  Your build may be incomplete.
[ 36%] Built target nav2_rate_controller_bt_node
[35m[1mScanning dependencies of target nav2_recovery_node_bt_node[0m
make[2]: Warning: File '/home/sentry/Wolf-Moon/src/ThirdParty/navigation2/nav2_behavior_tree/plugins/control/recovery_node.cpp' has modification time 178294 s in the future
[ 37%] [32mBuilding CXX object CMakeFiles/nav2_recovery_node_bt_node.dir/plugins/control/recovery_node.cpp.o[0m
[ 38%] [32m[1mLinking CXX shared library libnav2_distance_traveled_condition_bt_node.so[0m
make[2]: warning:  Clock skew detected.  Your build may be incomplete.
[ 38%] Built target nav2_distance_traveled_condition_bt_node
[35m[1mScanning dependencies of target gtest[0m
[ 38%] [32mBuilding CXX object gtest/CMakeFiles/gtest.dir/src/gtest-all.cc.o[0m
[ 38%] [32m[1mLinking CXX shared library libnav2_navigate_through_poses_action_bt_node.so[0m
make[2]: warning:  Clock skew detected.  Your build may be incomplete.
[ 38%] Built target nav2_navigate_through_poses_action_bt_node
[35m[1mScanning dependencies of target gtest_main[0m
[ 39%] [32mBuilding CXX object gtest/CMakeFiles/gtest_main.dir/src/gtest_main.cc.o[0m
[ 40%] [32m[1mLinking CXX shared library libnav2_goal_updater_node_bt_node.so[0m
[ 41%] [32m[1mLinking CXX shared library libnav2_reinitialize_global_localization_service_bt_node.so[0m
[ 42%] [32m[1mLinking CXX shared library libnav2_recovery_node_bt_node.so[0m
make[2]: warning:  Clock skew detected.  Your build may be incomplete.
[ 42%] Built target nav2_reinitialize_global_localization_service_bt_node
make[2]: warning:  Clock skew detected.  Your build may be incomplete.
[ 43%] [32m[1mLinking CXX shared library libnav2_distance_controller_bt_node.so[0m
[ 43%] Built target nav2_goal_updater_node_bt_node
make[2]: warning:  Clock skew detected.  Your build may be incomplete.
[ 43%] Built target nav2_recovery_node_bt_node
make[2]: warning:  Clock skew detected.  Your build may be incomplete.
[ 43%] Built target nav2_distance_controller_bt_node
[ 43%] [32m[1mLinking CXX static library libgtest_main.a[0m
[ 43%] Built target gtest_main
[ 44%] [32m[1mLinking CXX shared library libnav2_truncate_path_action_bt_node.so[0m
[ 45%] [32m[1mLinking CXX shared library libnav2_speed_controller_bt_node.so[0m
make[2]: warning:  Clock skew detected.  Your build may be incomplete.
[ 45%] Built target nav2_truncate_path_action_bt_node
make[2]: warning:  Clock skew detected.  Your build may be incomplete.
[ 45%] Built target nav2_speed_controller_bt_node
[ 46%] [32m[1mLinking CXX shared library libnav2_clear_costmap_service_bt_node.so[0m
make[2]: warning:  Clock skew detected.  Your build may be incomplete.
[ 46%] Built target nav2_clear_costmap_service_bt_node
[ 47%] [32m[1mLinking CXX shared library libnav2_navigate_to_pose_action_bt_node.so[0m
[ 48%] [32m[1mLinking CXX shared library libnav2_is_battery_low_condition_bt_node.so[0m
make[2]: warning:  Clock skew detected.  Your build may be incomplete.
[ 48%] Built target nav2_is_battery_low_condition_bt_node
make[2]: warning:  Clock skew detected.  Your build may be incomplete.
[ 48%] Built target nav2_navigate_to_pose_action_bt_node
[ 49%] [32m[1mLinking CXX shared library libnav2_back_up_action_bt_node.so[0m
make[2]: warning:  Clock skew detected.  Your build may be incomplete.
[ 49%] Built target nav2_back_up_action_bt_node
[ 50%] [32m[1mLinking CXX static library libgtest.a[0m
[ 50%] Built target gtest
[35m[1mScanning dependencies of target test_bt_conversions[0m
[35m[1mScanning dependencies of target test_condition_distance_traveled[0m
[35m[1mScanning dependencies of target test_condition_goal_updated[0m
[35m[1mScanning dependencies of target test_condition_time_expired[0m
[35m[1mScanning dependencies of target test_condition_initial_pose_received[0m
[35m[1mScanning dependencies of target test_condition_is_battery_low[0m
make[2]: Warning: File '/home/sentry/Wolf-Moon/src/ThirdParty/navigation2/nav2_behavior_tree/test/test_bt_conversions.cpp' has modification time 178285 s in the future
[ 51%] [32mBuilding CXX object test/CMakeFiles/test_bt_conversions.dir/test_bt_conversions.cpp.o[0m
make[2]: Warning: File '/home/sentry/Wolf-Moon/src/ThirdParty/navigation2/nav2_behavior_tree/test/plugins/condition/test_distance_traveled.cpp' has modification time 178285 s in the future
[ 51%] [32mBuilding CXX object test/plugins/condition/CMakeFiles/test_condition_distance_traveled.dir/test_distance_traveled.cpp.o[0m
make[2]: Warning: File '/home/sentry/Wolf-Moon/src/ThirdParty/navigation2/nav2_behavior_tree/test/plugins/condition/test_is_battery_low.cpp' has modification time 178285 s in the future
make[2]: Warning: File '/home/sentry/Wolf-Moon/src/ThirdParty/navigation2/nav2_behavior_tree/test/plugins/condition/test_initial_pose_received.cpp' has modification time 178285 s in the future
make[2]: Warning: File '/home/sentry/Wolf-Moon/src/ThirdParty/navigation2/nav2_behavior_tree/test/plugins/condition/test_goal_updated.cpp' has modification time 178285 s in the future
make[2]: Warning: File '/home/sentry/Wolf-Moon/src/ThirdParty/navigation2/nav2_behavior_tree/test/plugins/condition/test_time_expired.cpp' has modification time 178285 s in the future
[ 53%] [32mBuilding CXX object test/plugins/condition/CMakeFiles/test_condition_initial_pose_received.dir/test_initial_pose_received.cpp.o[0m
[ 53%] [32mBuilding CXX object test/plugins/condition/CMakeFiles/test_condition_is_battery_low.dir/test_is_battery_low.cpp.o[0m
[ 53%] [32mBuilding CXX object test/plugins/condition/CMakeFiles/test_condition_goal_updated.dir/test_goal_updated.cpp.o[0m
[ 54%] [32mBuilding CXX object test/plugins/condition/CMakeFiles/test_condition_time_expired.dir/test_time_expired.cpp.o[0m
[35m[1mScanning dependencies of target test_goal_updated_controller[0m
[35m[1mScanning dependencies of target test_single_trigger_node[0m
[35m[1mScanning dependencies of target test_goal_updater_node[0m
[35m[1mScanning dependencies of target test_condition_goal_reached[0m
make[2]: Warning: File '/home/sentry/Wolf-Moon/src/ThirdParty/navigation2/nav2_behavior_tree/test/plugins/decorator/test_goal_updater_node.cpp' has modification time 178284 s in the future
make[2]: Warning: File '/home/sentry/Wolf-Moon/src/ThirdParty/navigation2/nav2_behavior_tree/test/plugins/decorator/test_single_trigger_node.cpp' has modification time 178284 s in the future
make[2]: Warning: File '/home/sentry/Wolf-Moon/src/ThirdParty/navigation2/nav2_behavior_tree/test/plugins/decorator/test_goal_updated_controller.cpp' has modification time 178284 s in the future
[ 55%] [32mBuilding CXX object test/plugins/decorator/CMakeFiles/test_goal_updater_node.dir/test_goal_updater_node.cpp.o[0m
[ 55%] [32mBuilding CXX object test/plugins/decorator/CMakeFiles/test_single_trigger_node.dir/test_single_trigger_node.cpp.o[0m
make[2]: Warning: File '/home/sentry/Wolf-Moon/src/ThirdParty/navigation2/nav2_behavior_tree/test/plugins/condition/test_goal_reached.cpp' has modification time 178284 s in the future
[ 56%] [32mBuilding CXX object test/plugins/decorator/CMakeFiles/test_goal_updated_controller.dir/test_goal_updated_controller.cpp.o[0m
[ 57%] [32mBuilding CXX object test/plugins/condition/CMakeFiles/test_condition_goal_reached.dir/test_goal_reached.cpp.o[0m
[35m[1mScanning dependencies of target test_condition_transform_available[0m
[35m[1mScanning dependencies of target test_condition_is_stuck[0m
make[2]: Warning: File '/home/sentry/Wolf-Moon/src/ThirdParty/navigation2/nav2_behavior_tree/test/plugins/condition/test_transform_available.cpp' has modification time 178283 s in the future
make[2]: Warning: File '/home/sentry/Wolf-Moon/src/ThirdParty/navigation2/nav2_behavior_tree/test/plugins/condition/test_is_stuck.cpp' has modification time 178283 s in the future
[ 57%] [32mBuilding CXX object test/plugins/condition/CMakeFiles/test_condition_transform_available.dir/test_transform_available.cpp.o[0m
[ 58%] [32mBuilding CXX object test/plugins/condition/CMakeFiles/test_condition_is_stuck.dir/test_is_stuck.cpp.o[0m
[ 59%] [32m[1mLinking CXX executable test_bt_conversions[0m
make[2]: warning:  Clock skew detected.  Your build may be incomplete.
[ 59%] Built target test_bt_conversions
[35m[1mScanning dependencies of target test_decorator_rate_controller[0m
make[2]: Warning: File '/home/sentry/Wolf-Moon/src/ThirdParty/navigation2/nav2_behavior_tree/test/plugins/decorator/test_rate_controller.cpp' has modification time 178278 s in the future
[ 60%] [32mBuilding CXX object test/plugins/decorator/CMakeFiles/test_decorator_rate_controller.dir/test_rate_controller.cpp.o[0m
[ 60%] [32m[1mLinking CXX executable test_condition_initial_pose_received[0m
make[2]: warning:  Clock skew detected.  Your build may be incomplete.
[ 60%] Built target test_condition_initial_pose_received
[ 61%] [32m[1mLinking CXX executable test_condition_time_expired[0m
[35m[1mScanning dependencies of target test_decorator_speed_controller[0m
make[2]: Warning: File '/home/sentry/Wolf-Moon/src/ThirdParty/navigation2/nav2_behavior_tree/test/plugins/decorator/test_speed_controller.cpp' has modification time 178276 s in the future
[ 62%] [32mBuilding CXX object test/plugins/decorator/CMakeFiles/test_decorator_speed_controller.dir/test_speed_controller.cpp.o[0m
make[2]: warning:  Clock skew detected.  Your build may be incomplete.
[ 62%] Built target test_condition_time_expired
[35m[1mScanning dependencies of target test_decorator_distance_controller[0m
make[2]: Warning: File '/home/sentry/Wolf-Moon/src/ThirdParty/navigation2/nav2_behavior_tree/test/plugins/decorator/test_distance_controller.cpp' has modification time 178275 s in the future
[ 63%] [32mBuilding CXX object test/plugins/decorator/CMakeFiles/test_decorator_distance_controller.dir/test_distance_controller.cpp.o[0m
[ 64%] [32m[1mLinking CXX executable test_condition_distance_traveled[0m
make[2]: warning:  Clock skew detected.  Your build may be incomplete.
[ 64%] Built target test_condition_distance_traveled
[35m[1mScanning dependencies of target test_control_round_robin_node[0m
make[2]: Warning: File '/home/sentry/Wolf-Moon/src/ThirdParty/navigation2/nav2_behavior_tree/test/plugins/control/test_round_robin_node.cpp' has modification time 178274 s in the future
[ 65%] [32mBuilding CXX object test/plugins/control/CMakeFiles/test_control_round_robin_node.dir/test_round_robin_node.cpp.o[0m
[ 66%] [32m[1mLinking CXX executable test_condition_is_battery_low[0m
[ 67%] [32m[1mLinking CXX executable test_condition_goal_updated[0m
[ 68%] [32m[1mLinking CXX executable test_goal_updater_node[0m
make[2]: warning:  Clock skew detected.  Your build may be incomplete.
[ 68%] Built target test_condition_is_battery_low
[35m[1mScanning dependencies of target test_control_pipeline_sequence[0m
[ 69%] [32m[1mLinking CXX executable test_condition_transform_available[0m
make[2]: Warning: File '/home/sentry/Wolf-Moon/src/ThirdParty/navigation2/nav2_behavior_tree/test/plugins/control/test_pipeline_sequence.cpp' has modification time 178272 s in the future
[ 70%] [32mBuilding CXX object test/plugins/control/CMakeFiles/test_control_pipeline_sequence.dir/test_pipeline_sequence.cpp.o[0m
make[2]: warning:  Clock skew detected.  Your build may be incomplete.
[ 70%] Built target test_condition_goal_updated
[35m[1mScanning dependencies of target test_control_recovery_node[0m
make[2]: Warning: File '/home/sentry/Wolf-Moon/src/ThirdParty/navigation2/nav2_behavior_tree/test/plugins/control/test_recovery_node.cpp' has modification time 178272 s in the future
make[2]: warning:  Clock skew detected.  Your build may be incomplete.
[ 70%] Built target test_goal_updater_node
[ 70%] [32mBuilding CXX object test/plugins/control/CMakeFiles/test_control_recovery_node.dir/test_recovery_node.cpp.o[0m
[35m[1mScanning dependencies of target test_goal_checker_selector_node[0m
make[2]: Warning: File '/home/sentry/Wolf-Moon/src/ThirdParty/navigation2/nav2_behavior_tree/test/plugins/action/test_goal_checker_selector_node.cpp' has modification time 178272 s in the future
make[2]: warning:  Clock skew detected.  Your build may be incomplete.
[ 70%] Built target test_condition_transform_available
[ 71%] [32mBuilding CXX object test/plugins/action/CMakeFiles/test_goal_checker_selector_node.dir/test_goal_checker_selector_node.cpp.o[0m
[35m[1mScanning dependencies of target test_controller_selector_node[0m
make[2]: Warning: File '/home/sentry/Wolf-Moon/src/ThirdParty/navigation2/nav2_behavior_tree/test/plugins/action/test_controller_selector_node.cpp' has modification time 178272 s in the future
[ 71%] [32mBuilding CXX object test/plugins/action/CMakeFiles/test_controller_selector_node.dir/test_controller_selector_node.cpp.o[0m
[ 72%] [32m[1mLinking CXX executable test_single_trigger_node[0m
[ 72%] [32m[1mLinking CXX executable test_condition_is_stuck[0m
[ 73%] [32m[1mLinking CXX executable test_condition_goal_reached[0m
make[2]: warning:  Clock skew detected.  Your build may be incomplete.
[ 73%] Built target test_single_trigger_node
[35m[1mScanning dependencies of target test_planner_selector_node[0m
[ 73%] [32m[1mLinking CXX executable test_goal_updated_controller[0m
make[2]: Warning: File '/home/sentry/Wolf-Moon/src/ThirdParty/navigation2/nav2_behavior_tree/test/plugins/action/test_planner_selector_node.cpp' has modification time 178271 s in the future
make[2]: warning:  Clock skew detected.  Your build may be incomplete.
[ 73%] Built target test_condition_is_stuck
[ 73%] [32mBuilding CXX object test/plugins/action/CMakeFiles/test_planner_selector_node.dir/test_planner_selector_node.cpp.o[0m
[35m[1mScanning dependencies of target test_action_spin_action[0m
make[2]: Warning: File '/home/sentry/Wolf-Moon/src/ThirdParty/navigation2/nav2_behavior_tree/test/plugins/action/test_spin_action.cpp' has modification time 178271 s in the future
[ 74%] [32mBuilding CXX object test/plugins/action/CMakeFiles/test_action_spin_action.dir/test_spin_action.cpp.o[0m
make[2]: warning:  Clock skew detected.  Your build may be incomplete.
[ 74%] Built target test_condition_goal_reached
[35m[1mScanning dependencies of target test_bt_action_node[0m
make[2]: Warning: File '/home/sentry/Wolf-Moon/src/ThirdParty/navigation2/nav2_behavior_tree/test/plugins/action/test_bt_action_node.cpp' has modification time 178271 s in the future
[ 74%] [32mBuilding CXX object test/plugins/action/CMakeFiles/test_bt_action_node.dir/test_bt_action_node.cpp.o[0m
make[2]: warning:  Clock skew detected.  Your build may be incomplete.
[ 74%] Built target test_goal_updated_controller
[35m[1mScanning dependencies of target test_action_back_up_action[0m
make[2]: Warning: File '/home/sentry/Wolf-Moon/src/ThirdParty/navigation2/nav2_behavior_tree/test/plugins/action/test_back_up_action.cpp' has modification time 178271 s in the future
[ 75%] [32mBuilding CXX object test/plugins/action/CMakeFiles/test_action_back_up_action.dir/test_back_up_action.cpp.o[0m
[ 76%] [32m[1mLinking CXX executable test_decorator_rate_controller[0m
make[2]: warning:  Clock skew detected.  Your build may be incomplete.
[ 76%] Built target test_decorator_rate_controller
[ 76%] [32m[1mLinking CXX executable test_decorator_distance_controller[0m
make[2]: warning:  Clock skew detected.  Your build may be incomplete.
[ 76%] Built target test_decorator_distance_controller
[ 77%] [32m[1mLinking CXX executable test_control_pipeline_sequence[0m
make[2]: warning:  Clock skew detected.  Your build may be incomplete.
[ 77%] Built target test_control_pipeline_sequence
[ 78%] [32m[1mLinking CXX executable test_goal_checker_selector_node[0m
make[2]: warning:  Clock skew detected.  Your build may be incomplete.
[ 78%] Built target test_goal_checker_selector_node
[ 79%] [32m[1mLinking CXX executable test_controller_selector_node[0m
[ 80%] [32m[1mLinking CXX executable test_control_recovery_node[0m
make[2]: warning:  Clock skew detected.  Your build may be incomplete.
[ 80%] Built target test_controller_selector_node
make[2]: warning:  Clock skew detected.  Your build may be incomplete.
[ 80%] Built target test_control_recovery_node
[ 80%] [32m[1mLinking CXX executable test_decorator_speed_controller[0m
[ 81%] [32m[1mLinking CXX executable test_control_round_robin_node[0m
make[2]: warning:  Clock skew detected.  Your build may be incomplete.
[ 81%] Built target test_decorator_speed_controller
make[2]: warning:  Clock skew detected.  Your build may be incomplete.
[ 81%] Built target test_control_round_robin_node
[ 81%] [32m[1mLinking CXX executable test_action_spin_action[0m
make[2]: warning:  Clock skew detected.  Your build may be incomplete.
[ 81%] Built target test_action_spin_action
[ 82%] [32m[1mLinking CXX executable test_planner_selector_node[0m
make[2]: warning:  Clock skew detected.  Your build may be incomplete.
[ 82%] Built target test_planner_selector_node
[ 83%] [32m[1mLinking CXX executable test_action_back_up_action[0m
make[2]: warning:  Clock skew detected.  Your build may be incomplete.
[ 83%] Built target test_action_back_up_action
[ 84%] [32m[1mLinking CXX executable test_bt_action_node[0m
make[2]: warning:  Clock skew detected.  Your build may be incomplete.
[ 84%] Built target test_bt_action_node
[35m[1mScanning dependencies of target test_remove_passed_goals_action[0m
make[2]: Warning: File '/home/sentry/Wolf-Moon/src/ThirdParty/navigation2/nav2_behavior_tree/test/plugins/action/test_remove_passed_goals_action.cpp' has modification time 178259 s in the future
[ 85%] [32mBuilding CXX object test/plugins/action/CMakeFiles/test_remove_passed_goals_action.dir/test_remove_passed_goals_action.cpp.o[0m
[ 86%] [32m[1mLinking CXX executable test_remove_passed_goals_action[0m
make[2]: warning:  Clock skew detected.  Your build may be incomplete.
[ 86%] Built target test_remove_passed_goals_action
[35m[1mScanning dependencies of target test_action_navigate_to_pose_action[0m
[35m[1mScanning dependencies of target test_truncate_path_action[0m
[35m[1mScanning dependencies of target test_action_navigate_through_poses_action[0m
make[2]: Warning: File '/home/sentry/Wolf-Moon/src/ThirdParty/navigation2/nav2_behavior_tree/test/plugins/action/test_navigate_to_pose_action.cpp' has modification time 178253 s in the future
make[2]: Warning: File '/home/sentry/Wolf-Moon/src/ThirdParty/navigation2/nav2_behavior_tree/test/plugins/action/test_truncate_path_action.cpp' has modification time 178253 s in the future
[ 87%] [32mBuilding CXX object test/plugins/action/CMakeFiles/test_truncate_path_action.dir/test_truncate_path_action.cpp.o[0m
[ 88%] [32mBuilding CXX object test/plugins/action/CMakeFiles/test_action_navigate_to_pose_action.dir/test_navigate_to_pose_action.cpp.o[0m
make[2]: Warning: File '/home/sentry/Wolf-Moon/src/ThirdParty/navigation2/nav2_behavior_tree/test/plugins/action/test_navigate_through_poses_action.cpp' has modification time 178253 s in the future
[ 89%] [32mBuilding CXX object test/plugins/action/CMakeFiles/test_action_navigate_through_poses_action.dir/test_navigate_through_poses_action.cpp.o[0m
[ 90%] [32m[1mLinking CXX executable test_truncate_path_action[0m
make[2]: warning:  Clock skew detected.  Your build may be incomplete.
[ 90%] Built target test_truncate_path_action
[35m[1mScanning dependencies of target test_action_follow_path_action[0m
[35m[1mScanning dependencies of target test_action_compute_path_to_pose_action[0m
[35m[1mScanning dependencies of target test_action_compute_path_through_poses_action[0m
make[2]: Warning: File '/home/sentry/Wolf-Moon/src/ThirdParty/navigation2/nav2_behavior_tree/test/plugins/action/test_follow_path_action.cpp' has modification time 178250 s in the future
[ 91%] [32mBuilding CXX object test/plugins/action/CMakeFiles/test_action_follow_path_action.dir/test_follow_path_action.cpp.o[0m
make[2]: Warning: File '/home/sentry/Wolf-Moon/src/ThirdParty/navigation2/nav2_behavior_tree/test/plugins/action/test_compute_path_to_pose_action.cpp' has modification time 178250 s in the future
make[2]: Warning: File '/home/sentry/Wolf-Moon/src/ThirdParty/navigation2/nav2_behavior_tree/test/plugins/action/test_compute_path_through_poses_action.cpp' has modification time 178250 s in the future
[ 92%] [32mBuilding CXX object test/plugins/action/CMakeFiles/test_action_compute_path_through_poses_action.dir/test_compute_path_through_poses_action.cpp.o[0m
[ 92%] [32mBuilding CXX object test/plugins/action/CMakeFiles/test_action_compute_path_to_pose_action.dir/test_compute_path_to_pose_action.cpp.o[0m
[ 92%] [32m[1mLinking CXX executable test_action_navigate_to_pose_action[0m
make[2]: warning:  Clock skew detected.  Your build may be incomplete.
[ 92%] Built target test_action_navigate_to_pose_action
[35m[1mScanning dependencies of target test_action_reinitialize_global_localization_service[0m
[35m[1mScanning dependencies of target test_action_wait_action[0m
[35m[1mScanning dependencies of target test_action_clear_costmap_service[0m
make[2]: Warning: File '/home/sentry/Wolf-Moon/src/ThirdParty/navigation2/nav2_behavior_tree/test/plugins/action/test_reinitialize_global_localization_service.cpp' has modification time 178248 s in the future
[ 93%] [32mBuilding CXX object test/plugins/action/CMakeFiles/test_action_reinitialize_global_localization_service.dir/test_reinitialize_global_localization_service.cpp.o[0m
make[2]: Warning: File '/home/sentry/Wolf-Moon/src/ThirdParty/navigation2/nav2_behavior_tree/test/plugins/action/test_wait_action.cpp' has modification time 178248 s in the future
make[2]: Warning: File '/home/sentry/Wolf-Moon/src/ThirdParty/navigation2/nav2_behavior_tree/test/plugins/action/test_clear_costmap_service.cpp' has modification time 178248 s in the future
[ 94%] [32mBuilding CXX object test/plugins/action/CMakeFiles/test_action_wait_action.dir/test_wait_action.cpp.o[0m
[ 94%] [32mBuilding CXX object test/plugins/action/CMakeFiles/test_action_clear_costmap_service.dir/test_clear_costmap_service.cpp.o[0m
[ 95%] [32m[1mLinking CXX executable test_action_navigate_through_poses_action[0m
make[2]: warning:  Clock skew detected.  Your build may be incomplete.
[ 95%] Built target test_action_navigate_through_poses_action
[ 96%] [32m[1mLinking CXX executable test_action_reinitialize_global_localization_service[0m
make[2]: warning:  Clock skew detected.  Your build may be incomplete.
[ 96%] Built target test_action_reinitialize_global_localization_service
[ 97%] [32m[1mLinking CXX executable test_action_clear_costmap_service[0m
[ 98%] [32m[1mLinking CXX executable test_action_compute_path_through_poses_action[0m
make[2]: warning:  Clock skew detected.  Your build may be incomplete.
[ 98%] Built target test_action_clear_costmap_service
make[2]: warning:  Clock skew detected.  Your build may be incomplete.
[ 98%] Built target test_action_compute_path_through_poses_action
[ 99%] [32m[1mLinking CXX executable test_action_compute_path_to_pose_action[0m
make[2]: warning:  Clock skew detected.  Your build may be incomplete.
[ 99%] Built target test_action_compute_path_to_pose_action
[ 99%] [32m[1mLinking CXX executable test_action_follow_path_action[0m
make[2]: warning:  Clock skew detected.  Your build may be incomplete.
[ 99%] Built target test_action_follow_path_action
[100%] [32m[1mLinking CXX executable test_action_wait_action[0m
make[2]: warning:  Clock skew detected.  Your build may be incomplete.
[100%] Built target test_action_wait_action
