[0.078s] Invoking command in '/home/sentry/Wolf-Moon/build/nav2_behavior_tree': AMENT_PREFIX_PATH=/home/sentry/Wolf-Moon/install/nav2_util:/home/sentry/Wolf-Moon/install/nav2_msgs:/home/sentry/Wolf-Moon/install/nav2_common:${AMENT_PREFIX_PATH} CMAKE_PREFIX_PATH=/home/sentry/Wolf-Moon/install/nav2_util:/home/sentry/Wolf-Moon/install/nav2_msgs:/home/sentry/Wolf-Moon/install/nav2_common:/opt/ros/galactic LD_LIBRARY_PATH=/home/sentry/Wolf-Moon/install/nav2_util/lib:/home/sentry/Wolf-Moon/install/nav2_msgs/lib:/opt/MVS/lib/64:/opt/MVS/lib/32:/usr/lib/x86_64-linux-gnu/gazebo-11/plugins:/opt/ros/galactic/opt/yaml_cpp_vendor/lib:/opt/ros/galactic/opt/rviz_ogre_vendor/lib:/opt/ros/galactic/lib/x86_64-linux-gnu:/opt/ros/galactic/lib:/home/sentry/TUP2024-Sentry-Framework/src/IG_LIO_SLAM/ThirdParty/octomap-Dynamic_point_cloud_removal/lib:/opt/intel/openvino_2022/tools/compile_tool:/opt/intel/openvino_2022/runtime/3rdparty/hddl/lib:/opt/intel/openvino_2022/runtime/lib/intel64:/opt/MVS/lib/64:/opt/MVS/lib/32:/opt/MVS/lib/64:/opt/MVS/lib/32:/usr/local/opencv4/lib PYTHONPATH=/home/sentry/Wolf-Moon/install/nav2_msgs/lib/python3.8/site-packages:/home/sentry/Wolf-Moon/install/nav2_common/lib/python3.8/site-packages:/opt/ros/galactic/lib/python3.8/site-packages:/opt/intel/openvino_2022/python/python3.8:/opt/intel/openvino_2022/python/python3 /usr/bin/cmake --build /home/sentry/Wolf-Moon/build/nav2_behavior_tree -- -j12 -l12
[0.268s] -- Found ament_cmake: 1.1.6 (/opt/ros/galactic/share/ament_cmake/cmake)
[0.271s] -- Using PYTHON_EXECUTABLE: /usr/bin/python3
[0.271s] -- Found nav2_common: 1.0.12 (/home/sentry/Wolf-Moon/install/nav2_common/share/nav2_common/cmake)
[0.271s] -- Found rclcpp: 9.2.2 (/opt/ros/galactic/share/rclcpp/cmake)
[0.271s] -- Using all available rosidl_typesupport_c: rosidl_typesupport_fastrtps_c;rosidl_typesupport_introspection_c
[0.271s] -- Found rosidl_adapter: 2.2.3 (/opt/ros/galactic/share/rosidl_adapter/cmake)
[0.354s] -- Using all available rosidl_typesupport_cpp: rosidl_typesupport_fastrtps_cpp;rosidl_typesupport_introspection_cpp
[0.396s] -- Found rmw_implementation_cmake: 3.3.1 (/opt/ros/galactic/share/rmw_implementation_cmake/cmake)
[0.398s] -- Found rmw_cyclonedds_cpp: 0.22.6 (/opt/ros/galactic/share/rmw_cyclonedds_cpp/cmake)
[0.411s] -- Using RMW implementation 'rmw_cyclonedds_cpp' as default
[0.519s] -- Found rclcpp_action: 9.2.2 (/opt/ros/galactic/share/rclcpp_action/cmake)
[0.571s] -- Found rclcpp_lifecycle: 9.2.2 (/opt/ros/galactic/share/rclcpp_lifecycle/cmake)
[0.592s] -- Found geometry_msgs: 2.2.4 (/opt/ros/galactic/share/geometry_msgs/cmake)
[0.616s] -- Found sensor_msgs: 2.2.4 (/opt/ros/galactic/share/sensor_msgs/cmake)
[0.665s] -- Found nav2_msgs: 1.0.12 (/home/sentry/Wolf-Moon/install/nav2_msgs/share/nav2_msgs/cmake)
[0.879s] -- Found tf2_ros: 0.17.5 (/opt/ros/galactic/share/tf2_ros/cmake)
[1.063s] -- Found tf2_geometry_msgs: 0.17.5 (/opt/ros/galactic/share/tf2_geometry_msgs/cmake)
[1.068s] -- Found eigen3_cmake_module: 0.1.1 (/opt/ros/galactic/share/eigen3_cmake_module/cmake)
[1.086s] -- Found std_srvs: 2.2.4 (/opt/ros/galactic/share/std_srvs/cmake)
[1.093s] -- Found nav2_util: 1.0.12 (/home/sentry/Wolf-Moon/install/nav2_util/share/nav2_util/cmake)
[7.505s] -- Found ament_lint_auto: 0.10.7 (/opt/ros/galactic/share/ament_lint_auto/cmake)
[7.599s] -- Found gtest sources under '/opt/ros/galactic/src/gtest_vendor': C++ tests using 'Google Test' will be built
[15.642s] -- Added test 'copyright' to check source files copyright and LICENSE
[15.648s] -- Added test 'cppcheck' to perform static code analysis on C / C++ code
[15.652s] -- Configured cppcheck include dirs: /home/sentry/Wolf-Moon/src/ThirdParty/navigation2/nav2_behavior_tree/include
[15.652s] -- Configured cppcheck exclude dirs and/or files: 
[15.658s] -- Added test 'cpplint' to check C / C++ code against the Google style
[15.658s] -- Configured cpplint exclude dirs and/or files: 
[15.660s] -- Added test 'lint_cmake' to check CMake code style
[15.666s] -- Added test 'uncrustify' to check C / C++ code style
[15.667s] -- Configured uncrustify additional arguments: 
[15.667s] -- Added test 'xmllint' to check XML markup files
[15.675s] -- Configuring done
[17.790s] -- Generating done
[19.096s] -- Build files have been written to: /home/sentry/Wolf-Moon/build/nav2_behavior_tree
[19.153s] [35m[1mScanning dependencies of target nav2_single_trigger_bt_node[0m
[19.153s] [35m[1mScanning dependencies of target nav2_controller_selector_bt_node[0m
[19.155s] [35m[1mScanning dependencies of target nav2_goal_updated_controller_bt_node[0m
[19.155s] [35m[1mScanning dependencies of target nav2_goal_checker_selector_bt_node[0m
[19.158s] [35m[1mScanning dependencies of target nav2_planner_selector_bt_node[0m
[19.161s] [35m[1mScanning dependencies of target nav2_spin_action_bt_node[0m
[19.173s] [35m[1mScanning dependencies of target nav2_transform_available_condition_bt_node[0m
[19.176s] [35m[1mScanning dependencies of target nav2_pipeline_sequence_bt_node[0m
[19.187s] make[2]: Warning: File '/home/sentry/Wolf-Moon/src/ThirdParty/navigation2/nav2_behavior_tree/plugins/decorator/single_trigger_node.cpp' has modification time 178314 s in the future
[19.197s] [35m[1mScanning dependencies of target nav2_wait_action_bt_node[0m
[19.197s] [35m[1mScanning dependencies of target nav2_compute_path_through_poses_action_bt_node[0m
[19.198s] make[2]: Warning: File '/home/sentry/Wolf-Moon/src/ThirdParty/navigation2/nav2_behavior_tree/plugins/control/pipeline_sequence.cpp' has modification time 178314 s in the future
[19.211s] [  1%] [32mBuilding CXX object CMakeFiles/nav2_pipeline_sequence_bt_node.dir/plugins/control/pipeline_sequence.cpp.o[0m
[19.216s] make[2]: Warning: File '/home/sentry/Wolf-Moon/src/ThirdParty/navigation2/nav2_behavior_tree/plugins/decorator/goal_updated_controller.cpp' has modification time 178314 s in the future
[19.226s] make[2]: Warning: File '/home/sentry/Wolf-Moon/src/ThirdParty/navigation2/nav2_behavior_tree/plugins/action/goal_checker_selector_node.cpp' has modification time 178314 s in the future
[19.226s] [35m[1mScanning dependencies of target nav2_compute_path_to_pose_action_bt_node[0m
[19.230s] [  2%] [32mBuilding CXX object CMakeFiles/nav2_single_trigger_bt_node.dir/plugins/decorator/single_trigger_node.cpp.o[0m
[19.235s] make[2]: Warning: File '/home/sentry/Wolf-Moon/src/ThirdParty/navigation2/nav2_behavior_tree/plugins/action/controller_selector_node.cpp' has modification time 178314 s in the future
[19.244s] make[2]: Warning: File '/home/sentry/Wolf-Moon/src/ThirdParty/navigation2/nav2_behavior_tree/plugins/action/planner_selector_node.cpp' has modification time 178314 s in the future
[19.249s] [  3%] [32mBuilding CXX object CMakeFiles/nav2_goal_updated_controller_bt_node.dir/plugins/decorator/goal_updated_controller.cpp.o[0m
[19.259s] make[2]: Warning: File '/home/sentry/Wolf-Moon/src/ThirdParty/navigation2/nav2_behavior_tree/plugins/action/wait_action.cpp' has modification time 178314 s in the future
[19.259s] [  4%] [32mBuilding CXX object CMakeFiles/nav2_goal_checker_selector_bt_node.dir/plugins/action/goal_checker_selector_node.cpp.o[0m
[19.261s] [  4%] [32mBuilding CXX object CMakeFiles/nav2_controller_selector_bt_node.dir/plugins/action/controller_selector_node.cpp.o[0m
[19.274s] make[2]: Warning: File '/home/sentry/Wolf-Moon/src/ThirdParty/navigation2/nav2_behavior_tree/plugins/condition/transform_available_condition.cpp' has modification time 178314 s in the future
[19.280s] make[2]: Warning: File '/home/sentry/Wolf-Moon/src/ThirdParty/navigation2/nav2_behavior_tree/plugins/action/spin_action.cpp' has modification time 178314 s in the future
[19.286s] make[2]: Warning: File '/home/sentry/Wolf-Moon/src/ThirdParty/navigation2/nav2_behavior_tree/plugins/action/compute_path_through_poses_action.cpp' has modification time 178314 s in the future
[19.287s] [  5%] [32mBuilding CXX object CMakeFiles/nav2_planner_selector_bt_node.dir/plugins/action/planner_selector_node.cpp.o[0m
[19.292s] make[2]: Warning: File '/home/sentry/Wolf-Moon/src/ThirdParty/navigation2/nav2_behavior_tree/plugins/action/compute_path_to_pose_action.cpp' has modification time 178314 s in the future
[19.332s] [  6%] [32mBuilding CXX object CMakeFiles/nav2_spin_action_bt_node.dir/plugins/action/spin_action.cpp.o[0m
[19.332s] [  7%] [32mBuilding CXX object CMakeFiles/nav2_transform_available_condition_bt_node.dir/plugins/condition/transform_available_condition.cpp.o[0m
[19.333s] [  7%] [32mBuilding CXX object CMakeFiles/nav2_compute_path_through_poses_action_bt_node.dir/plugins/action/compute_path_through_poses_action.cpp.o[0m
[19.336s] [35m[1mScanning dependencies of target nav2_goal_updated_condition_bt_node[0m
[19.336s] [  8%] [32mBuilding CXX object CMakeFiles/nav2_wait_action_bt_node.dir/plugins/action/wait_action.cpp.o[0m
[19.359s] [  9%] [32mBuilding CXX object CMakeFiles/nav2_compute_path_to_pose_action_bt_node.dir/plugins/action/compute_path_to_pose_action.cpp.o[0m
[19.371s] make[2]: Warning: File '/home/sentry/Wolf-Moon/src/ThirdParty/navigation2/nav2_behavior_tree/plugins/condition/goal_updated_condition.cpp' has modification time 178314 s in the future
[19.436s] [ 10%] [32mBuilding CXX object CMakeFiles/nav2_goal_updated_condition_bt_node.dir/plugins/condition/goal_updated_condition.cpp.o[0m
[21.672s] [ 11%] [32m[1mLinking CXX shared library libnav2_single_trigger_bt_node.so[0m
[22.084s] make[2]: warning:  Clock skew detected.  Your build may be incomplete.
[22.127s] [ 11%] Built target nav2_single_trigger_bt_node
[22.180s] [35m[1mScanning dependencies of target nav2_is_stuck_condition_bt_node[0m
[22.300s] make[2]: Warning: File '/home/sentry/Wolf-Moon/src/ThirdParty/navigation2/nav2_behavior_tree/plugins/condition/is_stuck_condition.cpp' has modification time 178311 s in the future
[22.360s] [ 11%] [32mBuilding CXX object CMakeFiles/nav2_is_stuck_condition_bt_node.dir/plugins/condition/is_stuck_condition.cpp.o[0m
[23.215s] [ 11%] [32m[1mLinking CXX shared library libnav2_pipeline_sequence_bt_node.so[0m
[23.501s] make[2]: warning:  Clock skew detected.  Your build may be incomplete.
[23.559s] [ 11%] Built target nav2_pipeline_sequence_bt_node
[23.636s] [35m[1mScanning dependencies of target nav2_behavior_tree[0m
[23.704s] make[2]: Warning: File '/home/sentry/Wolf-Moon/src/ThirdParty/navigation2/nav2_behavior_tree/src/behavior_tree_engine.cpp' has modification time 178310 s in the future
[23.744s] [ 12%] [32mBuilding CXX object CMakeFiles/nav2_behavior_tree.dir/src/behavior_tree_engine.cpp.o[0m
[24.795s] [ 13%] [32m[1mLinking CXX shared library libnav2_goal_updated_condition_bt_node.so[0m
[25.186s] make[2]: warning:  Clock skew detected.  Your build may be incomplete.
[25.223s] [ 13%] Built target nav2_goal_updated_condition_bt_node
[25.284s] [35m[1mScanning dependencies of target nav2_goal_updater_node_bt_node[0m
[25.344s] make[2]: Warning: File '/home/sentry/Wolf-Moon/src/ThirdParty/navigation2/nav2_behavior_tree/plugins/decorator/goal_updater_node.cpp' has modification time 178308 s in the future
[25.390s] [ 14%] [32mBuilding CXX object CMakeFiles/nav2_goal_updater_node_bt_node.dir/plugins/decorator/goal_updater_node.cpp.o[0m
[26.378s] [ 14%] [32m[1mLinking CXX shared library libnav2_goal_updated_controller_bt_node.so[0m
[26.656s] make[2]: warning:  Clock skew detected.  Your build may be incomplete.
[26.682s] [ 14%] Built target nav2_goal_updated_controller_bt_node
[26.733s] [35m[1mScanning dependencies of target nav2_follow_path_action_bt_node[0m
[26.824s] make[2]: Warning: File '/home/sentry/Wolf-Moon/src/ThirdParty/navigation2/nav2_behavior_tree/plugins/action/follow_path_action.cpp' has modification time 178307 s in the future
[26.864s] [ 15%] [32mBuilding CXX object CMakeFiles/nav2_follow_path_action_bt_node.dir/plugins/action/follow_path_action.cpp.o[0m
[26.969s] [ 15%] [32m[1mLinking CXX shared library libnav2_transform_available_condition_bt_node.so[0m
[27.294s] make[2]: warning:  Clock skew detected.  Your build may be incomplete.
[27.307s] [ 15%] Built target nav2_transform_available_condition_bt_node
[27.323s] [35m[1mScanning dependencies of target nav2_goal_reached_condition_bt_node[0m
[27.378s] make[2]: Warning: File '/home/sentry/Wolf-Moon/src/ThirdParty/navigation2/nav2_behavior_tree/plugins/condition/goal_reached_condition.cpp' has modification time 178306 s in the future
[27.407s] [ 16%] [32mBuilding CXX object CMakeFiles/nav2_goal_reached_condition_bt_node.dir/plugins/condition/goal_reached_condition.cpp.o[0m
[29.544s] [ 16%] [32m[1mLinking CXX shared library libnav2_behavior_tree.so[0m
[30.101s] make[2]: warning:  Clock skew detected.  Your build may be incomplete.
[30.143s] [ 16%] Built target nav2_behavior_tree
[30.161s] [35m[1mScanning dependencies of target nav2_round_robin_node_bt_node[0m
[30.171s] make[2]: Warning: File '/home/sentry/Wolf-Moon/src/ThirdParty/navigation2/nav2_behavior_tree/plugins/control/round_robin_node.cpp' has modification time 178303 s in the future
[30.216s] [ 16%] [32mBuilding CXX object CMakeFiles/nav2_round_robin_node_bt_node.dir/plugins/control/round_robin_node.cpp.o[0m
[30.256s] [ 17%] [32m[1mLinking CXX shared library libnav2_compute_path_through_poses_action_bt_node.so[0m
[30.267s] [ 17%] [32m[1mLinking CXX shared library libnav2_wait_action_bt_node.so[0m
[30.464s] [ 17%] [32m[1mLinking CXX shared library libnav2_spin_action_bt_node.so[0m
[30.516s] make[2]: warning:  Clock skew detected.  Your build may be incomplete.
[30.527s] [ 17%] Built target nav2_wait_action_bt_node
[30.546s] make[2]: warning:  Clock skew detected.  Your build may be incomplete.
[30.553s] [35m[1mScanning dependencies of target nav2_navigate_through_poses_action_bt_node[0m
[30.559s] [ 17%] Built target nav2_compute_path_through_poses_action_bt_node
[30.576s] [35m[1mScanning dependencies of target nav2_remove_passed_goals_action_bt_node[0m
[30.599s] make[2]: Warning: File '/home/sentry/Wolf-Moon/src/ThirdParty/navigation2/nav2_behavior_tree/plugins/action/navigate_through_poses_action.cpp' has modification time 178303 s in the future
[30.632s] make[2]: Warning: File '/home/sentry/Wolf-Moon/src/ThirdParty/navigation2/nav2_behavior_tree/plugins/action/remove_passed_goals_action.cpp' has modification time 178303 s in the future
[30.656s] [ 18%] [32mBuilding CXX object CMakeFiles/nav2_navigate_through_poses_action_bt_node.dir/plugins/action/navigate_through_poses_action.cpp.o[0m
[30.677s] [ 19%] [32mBuilding CXX object CMakeFiles/nav2_remove_passed_goals_action_bt_node.dir/plugins/action/remove_passed_goals_action.cpp.o[0m
[30.708s] make[2]: warning:  Clock skew detected.  Your build may be incomplete.
[30.719s] [ 19%] Built target nav2_spin_action_bt_node
[30.745s] [35m[1mScanning dependencies of target nav2_initial_pose_received_condition_bt_node[0m
[30.754s] make[2]: Warning: File '/home/sentry/Wolf-Moon/src/ThirdParty/navigation2/nav2_behavior_tree/plugins/condition/initial_pose_received_condition.cpp' has modification time 178303 s in the future
[30.786s] [ 19%] [32mBuilding CXX object CMakeFiles/nav2_initial_pose_received_condition_bt_node.dir/plugins/condition/initial_pose_received_condition.cpp.o[0m
[30.951s] [ 20%] [32m[1mLinking CXX shared library libnav2_compute_path_to_pose_action_bt_node.so[0m
[31.211s] make[2]: warning:  Clock skew detected.  Your build may be incomplete.
[31.222s] [ 20%] Built target nav2_compute_path_to_pose_action_bt_node
[31.249s] [35m[1mScanning dependencies of target nav2_time_expired_condition_bt_node[0m
[31.288s] make[2]: Warning: File '/home/sentry/Wolf-Moon/src/ThirdParty/navigation2/nav2_behavior_tree/plugins/condition/time_expired_condition.cpp' has modification time 178302 s in the future
[31.325s] [ 21%] [32mBuilding CXX object CMakeFiles/nav2_time_expired_condition_bt_node.dir/plugins/condition/time_expired_condition.cpp.o[0m
[32.916s] [ 22%] [32m[1mLinking CXX shared library libnav2_round_robin_node_bt_node.so[0m
[33.093s] make[2]: warning:  Clock skew detected.  Your build may be incomplete.
[33.105s] [ 22%] Built target nav2_round_robin_node_bt_node
[33.121s] [35m[1mScanning dependencies of target nav2_distance_traveled_condition_bt_node[0m
[33.174s] make[2]: Warning: File '/home/sentry/Wolf-Moon/src/ThirdParty/navigation2/nav2_behavior_tree/plugins/condition/distance_traveled_condition.cpp' has modification time 178300 s in the future
[33.203s] [ 22%] [32mBuilding CXX object CMakeFiles/nav2_distance_traveled_condition_bt_node.dir/plugins/condition/distance_traveled_condition.cpp.o[0m
[33.403s] [ 23%] [32m[1mLinking CXX shared library libnav2_initial_pose_received_condition_bt_node.so[0m
[33.608s] make[2]: warning:  Clock skew detected.  Your build may be incomplete.
[33.623s] [ 23%] Built target nav2_initial_pose_received_condition_bt_node
[33.640s] [35m[1mScanning dependencies of target nav2_is_battery_low_condition_bt_node[0m
[33.733s] make[2]: Warning: File '/home/sentry/Wolf-Moon/src/ThirdParty/navigation2/nav2_behavior_tree/plugins/condition/is_battery_low_condition.cpp' has modification time 178300 s in the future
[33.770s] [ 24%] [32mBuilding CXX object CMakeFiles/nav2_is_battery_low_condition_bt_node.dir/plugins/condition/is_battery_low_condition.cpp.o[0m
[35.029s] [ 25%] [32m[1mLinking CXX shared library libnav2_controller_selector_bt_node.so[0m
[35.285s] make[2]: warning:  Clock skew detected.  Your build may be incomplete.
[35.296s] [ 25%] Built target nav2_controller_selector_bt_node
[35.325s] [35m[1mScanning dependencies of target nav2_reinitialize_global_localization_service_bt_node[0m
[35.364s] make[2]: Warning: File '/home/sentry/Wolf-Moon/src/ThirdParty/navigation2/nav2_behavior_tree/plugins/action/reinitialize_global_localization_service.cpp' has modification time 178298 s in the future
[35.405s] [ 25%] [32mBuilding CXX object CMakeFiles/nav2_reinitialize_global_localization_service_bt_node.dir/plugins/action/reinitialize_global_localization_service.cpp.o[0m
[35.506s] [ 26%] [32m[1mLinking CXX shared library libnav2_planner_selector_bt_node.so[0m
[35.534s] [ 27%] [32m[1mLinking CXX shared library libnav2_goal_checker_selector_bt_node.so[0m
[35.761s] make[2]: warning:  Clock skew detected.  Your build may be incomplete.
[35.771s] [ 27%] Built target nav2_planner_selector_bt_node
[35.800s] make[2]: warning:  Clock skew detected.  Your build may be incomplete.
[35.802s] [35m[1mScanning dependencies of target nav2_rate_controller_bt_node[0m
[35.810s] make[2]: Warning: File '/home/sentry/Wolf-Moon/src/ThirdParty/navigation2/nav2_behavior_tree/plugins/decorator/rate_controller.cpp' has modification time 178298 s in the future
[35.812s] [ 27%] Built target nav2_goal_checker_selector_bt_node
[35.823s] [ 28%] [32mBuilding CXX object CMakeFiles/nav2_rate_controller_bt_node.dir/plugins/decorator/rate_controller.cpp.o[0m
[35.830s] [35m[1mScanning dependencies of target nav2_distance_controller_bt_node[0m
[35.875s] make[2]: Warning: File '/home/sentry/Wolf-Moon/src/ThirdParty/navigation2/nav2_behavior_tree/plugins/decorator/distance_controller.cpp' has modification time 178298 s in the future
[35.914s] [ 29%] [32mBuilding CXX object CMakeFiles/nav2_distance_controller_bt_node.dir/plugins/decorator/distance_controller.cpp.o[0m
[36.138s] [ 29%] [32m[1mLinking CXX shared library libnav2_goal_reached_condition_bt_node.so[0m
[36.409s] make[2]: warning:  Clock skew detected.  Your build may be incomplete.
[36.423s] [ 29%] Built target nav2_goal_reached_condition_bt_node
[36.439s] [35m[1mScanning dependencies of target nav2_clear_costmap_service_bt_node[0m
[36.490s] make[2]: Warning: File '/home/sentry/Wolf-Moon/src/ThirdParty/navigation2/nav2_behavior_tree/plugins/action/clear_costmap_service.cpp' has modification time 178297 s in the future
[36.518s] [ 30%] [32mBuilding CXX object CMakeFiles/nav2_clear_costmap_service_bt_node.dir/plugins/action/clear_costmap_service.cpp.o[0m
[37.145s] [ 31%] [32m[1mLinking CXX shared library libnav2_remove_passed_goals_action_bt_node.so[0m
[37.214s] [ 32%] [32m[1mLinking CXX shared library libnav2_time_expired_condition_bt_node.so[0m
[37.322s] [ 32%] [32m[1mLinking CXX shared library libnav2_follow_path_action_bt_node.so[0m
[37.441s] make[2]: warning:  Clock skew detected.  Your build may be incomplete.
[37.448s] make[2]: warning:  Clock skew detected.  Your build may be incomplete.
[37.455s] [ 32%] Built target nav2_remove_passed_goals_action_bt_node
[37.459s] [ 32%] Built target nav2_time_expired_condition_bt_node
[37.471s] [35m[1mScanning dependencies of target nav2_speed_controller_bt_node[0m
[37.486s] [35m[1mScanning dependencies of target nav2_truncate_path_action_bt_node[0m
[37.533s] make[2]: Warning: File '/home/sentry/Wolf-Moon/src/ThirdParty/navigation2/nav2_behavior_tree/plugins/decorator/speed_controller.cpp' has modification time 178296 s in the future
[37.541s] make[2]: Warning: File '/home/sentry/Wolf-Moon/src/ThirdParty/navigation2/nav2_behavior_tree/plugins/action/truncate_path_action.cpp' has modification time 178296 s in the future
[37.552s] [ 32%] [32mBuilding CXX object CMakeFiles/nav2_speed_controller_bt_node.dir/plugins/decorator/speed_controller.cpp.o[0m
[37.575s] [ 33%] [32mBuilding CXX object CMakeFiles/nav2_truncate_path_action_bt_node.dir/plugins/action/truncate_path_action.cpp.o[0m
[37.613s] make[2]: warning:  Clock skew detected.  Your build may be incomplete.
[37.627s] [ 33%] Built target nav2_follow_path_action_bt_node
[37.644s] [35m[1mScanning dependencies of target nav2_navigate_to_pose_action_bt_node[0m
[37.702s] make[2]: Warning: File '/home/sentry/Wolf-Moon/src/ThirdParty/navigation2/nav2_behavior_tree/plugins/action/navigate_to_pose_action.cpp' has modification time 178296 s in the future
[37.733s] [ 34%] [32mBuilding CXX object CMakeFiles/nav2_navigate_to_pose_action_bt_node.dir/plugins/action/navigate_to_pose_action.cpp.o[0m
[38.408s] [ 35%] [32m[1mLinking CXX shared library libnav2_is_stuck_condition_bt_node.so[0m
[38.723s] make[2]: warning:  Clock skew detected.  Your build may be incomplete.
[38.734s] [ 35%] [32m[1mLinking CXX shared library libnav2_rate_controller_bt_node.so[0m
[38.736s] [ 35%] Built target nav2_is_stuck_condition_bt_node
[38.753s] [35m[1mScanning dependencies of target nav2_back_up_action_bt_node[0m
[38.809s] make[2]: Warning: File '/home/sentry/Wolf-Moon/src/ThirdParty/navigation2/nav2_behavior_tree/plugins/action/back_up_action.cpp' has modification time 178295 s in the future
[38.838s] [ 36%] [32mBuilding CXX object CMakeFiles/nav2_back_up_action_bt_node.dir/plugins/action/back_up_action.cpp.o[0m
[38.905s] make[2]: warning:  Clock skew detected.  Your build may be incomplete.
[38.917s] [ 36%] Built target nav2_rate_controller_bt_node
[38.945s] [35m[1mScanning dependencies of target nav2_recovery_node_bt_node[0m
[38.953s] make[2]: Warning: File '/home/sentry/Wolf-Moon/src/ThirdParty/navigation2/nav2_behavior_tree/plugins/control/recovery_node.cpp' has modification time 178294 s in the future
[38.985s] [ 37%] [32mBuilding CXX object CMakeFiles/nav2_recovery_node_bt_node.dir/plugins/control/recovery_node.cpp.o[0m
[40.974s] [ 38%] [32m[1mLinking CXX shared library libnav2_distance_traveled_condition_bt_node.so[0m
[41.262s] make[2]: warning:  Clock skew detected.  Your build may be incomplete.
[41.276s] [ 38%] Built target nav2_distance_traveled_condition_bt_node
[41.291s] [35m[1mScanning dependencies of target gtest[0m
[41.318s] [ 38%] [32mBuilding CXX object gtest/CMakeFiles/gtest.dir/src/gtest-all.cc.o[0m
[41.326s] [ 38%] [32m[1mLinking CXX shared library libnav2_navigate_through_poses_action_bt_node.so[0m
[41.617s] make[2]: warning:  Clock skew detected.  Your build may be incomplete.
[41.631s] [ 38%] Built target nav2_navigate_through_poses_action_bt_node
[41.647s] [35m[1mScanning dependencies of target gtest_main[0m
[41.668s] [ 39%] [32mBuilding CXX object gtest/CMakeFiles/gtest_main.dir/src/gtest_main.cc.o[0m
[41.770s] [ 40%] [32m[1mLinking CXX shared library libnav2_goal_updater_node_bt_node.so[0m
[41.819s] [ 41%] [32m[1mLinking CXX shared library libnav2_reinitialize_global_localization_service_bt_node.so[0m
[41.933s] [ 42%] [32m[1mLinking CXX shared library libnav2_recovery_node_bt_node.so[0m
[42.043s] make[2]: warning:  Clock skew detected.  Your build may be incomplete.
[42.055s] [ 42%] Built target nav2_reinitialize_global_localization_service_bt_node
[42.095s] make[2]: warning:  Clock skew detected.  Your build may be incomplete.
[42.105s] [ 43%] [32m[1mLinking CXX shared library libnav2_distance_controller_bt_node.so[0m
[42.106s] [ 43%] Built target nav2_goal_updater_node_bt_node
[42.106s] make[2]: warning:  Clock skew detected.  Your build may be incomplete.
[42.113s] [ 43%] Built target nav2_recovery_node_bt_node
[42.358s] make[2]: warning:  Clock skew detected.  Your build may be incomplete.
[42.370s] [ 43%] Built target nav2_distance_controller_bt_node
[42.657s] [ 43%] [32m[1mLinking CXX static library libgtest_main.a[0m
[42.682s] [ 43%] Built target gtest_main
[43.907s] [ 44%] [32m[1mLinking CXX shared library libnav2_truncate_path_action_bt_node.so[0m
[44.111s] [ 45%] [32m[1mLinking CXX shared library libnav2_speed_controller_bt_node.so[0m
[44.138s] make[2]: warning:  Clock skew detected.  Your build may be incomplete.
[44.150s] [ 45%] Built target nav2_truncate_path_action_bt_node
[44.246s] make[2]: warning:  Clock skew detected.  Your build may be incomplete.
[44.253s] [ 45%] Built target nav2_speed_controller_bt_node
[44.833s] [ 46%] [32m[1mLinking CXX shared library libnav2_clear_costmap_service_bt_node.so[0m
[44.963s] make[2]: warning:  Clock skew detected.  Your build may be incomplete.
[44.970s] [ 46%] Built target nav2_clear_costmap_service_bt_node
[46.728s] [ 47%] [32m[1mLinking CXX shared library libnav2_navigate_to_pose_action_bt_node.so[0m
[46.753s] [ 48%] [32m[1mLinking CXX shared library libnav2_is_battery_low_condition_bt_node.so[0m
[46.879s] make[2]: warning:  Clock skew detected.  Your build may be incomplete.
[46.885s] [ 48%] Built target nav2_is_battery_low_condition_bt_node
[46.915s] make[2]: warning:  Clock skew detected.  Your build may be incomplete.
[46.921s] [ 48%] Built target nav2_navigate_to_pose_action_bt_node
[47.240s] [ 49%] [32m[1mLinking CXX shared library libnav2_back_up_action_bt_node.so[0m
[47.355s] make[2]: warning:  Clock skew detected.  Your build may be incomplete.
[47.361s] [ 49%] Built target nav2_back_up_action_bt_node
[48.118s] [ 50%] [32m[1mLinking CXX static library libgtest.a[0m
[48.140s] [ 50%] Built target gtest
[48.152s] [35m[1mScanning dependencies of target test_bt_conversions[0m
[48.152s] [35m[1mScanning dependencies of target test_condition_distance_traveled[0m
[48.161s] [35m[1mScanning dependencies of target test_condition_goal_updated[0m
[48.161s] [35m[1mScanning dependencies of target test_condition_time_expired[0m
[48.161s] [35m[1mScanning dependencies of target test_condition_initial_pose_received[0m
[48.161s] [35m[1mScanning dependencies of target test_condition_is_battery_low[0m
[48.169s] make[2]: Warning: File '/home/sentry/Wolf-Moon/src/ThirdParty/navigation2/nav2_behavior_tree/test/test_bt_conversions.cpp' has modification time 178285 s in the future
[48.183s] [ 51%] [32mBuilding CXX object test/CMakeFiles/test_bt_conversions.dir/test_bt_conversions.cpp.o[0m
[48.190s] make[2]: Warning: File '/home/sentry/Wolf-Moon/src/ThirdParty/navigation2/nav2_behavior_tree/test/plugins/condition/test_distance_traveled.cpp' has modification time 178285 s in the future
[48.199s] [ 51%] [32mBuilding CXX object test/plugins/condition/CMakeFiles/test_condition_distance_traveled.dir/test_distance_traveled.cpp.o[0m
[48.220s] make[2]: Warning: File '/home/sentry/Wolf-Moon/src/ThirdParty/navigation2/nav2_behavior_tree/test/plugins/condition/test_is_battery_low.cpp' has modification time 178285 s in the future
[48.220s] make[2]: Warning: File '/home/sentry/Wolf-Moon/src/ThirdParty/navigation2/nav2_behavior_tree/test/plugins/condition/test_initial_pose_received.cpp' has modification time 178285 s in the future
[48.222s] make[2]: Warning: File '/home/sentry/Wolf-Moon/src/ThirdParty/navigation2/nav2_behavior_tree/test/plugins/condition/test_goal_updated.cpp' has modification time 178285 s in the future
[48.222s] make[2]: Warning: File '/home/sentry/Wolf-Moon/src/ThirdParty/navigation2/nav2_behavior_tree/test/plugins/condition/test_time_expired.cpp' has modification time 178285 s in the future
[48.237s] [ 53%] [32mBuilding CXX object test/plugins/condition/CMakeFiles/test_condition_initial_pose_received.dir/test_initial_pose_received.cpp.o[0m
[48.237s] [ 53%] [32mBuilding CXX object test/plugins/condition/CMakeFiles/test_condition_is_battery_low.dir/test_is_battery_low.cpp.o[0m
[48.238s] [ 53%] [32mBuilding CXX object test/plugins/condition/CMakeFiles/test_condition_goal_updated.dir/test_goal_updated.cpp.o[0m
[48.239s] [ 54%] [32mBuilding CXX object test/plugins/condition/CMakeFiles/test_condition_time_expired.dir/test_time_expired.cpp.o[0m
[49.234s] [35m[1mScanning dependencies of target test_goal_updated_controller[0m
[49.235s] [35m[1mScanning dependencies of target test_single_trigger_node[0m
[49.235s] [35m[1mScanning dependencies of target test_goal_updater_node[0m
[49.235s] [35m[1mScanning dependencies of target test_condition_goal_reached[0m
[49.288s] make[2]: Warning: File '/home/sentry/Wolf-Moon/src/ThirdParty/navigation2/nav2_behavior_tree/test/plugins/decorator/test_goal_updater_node.cpp' has modification time 178284 s in the future
[49.292s] make[2]: Warning: File '/home/sentry/Wolf-Moon/src/ThirdParty/navigation2/nav2_behavior_tree/test/plugins/decorator/test_single_trigger_node.cpp' has modification time 178284 s in the future
[49.293s] make[2]: Warning: File '/home/sentry/Wolf-Moon/src/ThirdParty/navigation2/nav2_behavior_tree/test/plugins/decorator/test_goal_updated_controller.cpp' has modification time 178284 s in the future
[49.304s] [ 55%] [32mBuilding CXX object test/plugins/decorator/CMakeFiles/test_goal_updater_node.dir/test_goal_updater_node.cpp.o[0m
[49.310s] [ 55%] [32mBuilding CXX object test/plugins/decorator/CMakeFiles/test_single_trigger_node.dir/test_single_trigger_node.cpp.o[0m
[49.312s] make[2]: Warning: File '/home/sentry/Wolf-Moon/src/ThirdParty/navigation2/nav2_behavior_tree/test/plugins/condition/test_goal_reached.cpp' has modification time 178284 s in the future
[49.315s] [ 56%] [32mBuilding CXX object test/plugins/decorator/CMakeFiles/test_goal_updated_controller.dir/test_goal_updated_controller.cpp.o[0m
[49.331s] [ 57%] [32mBuilding CXX object test/plugins/condition/CMakeFiles/test_condition_goal_reached.dir/test_goal_reached.cpp.o[0m
[50.322s] [35m[1mScanning dependencies of target test_condition_transform_available[0m
[50.335s] [35m[1mScanning dependencies of target test_condition_is_stuck[0m
[50.379s] make[2]: Warning: File '/home/sentry/Wolf-Moon/src/ThirdParty/navigation2/nav2_behavior_tree/test/plugins/condition/test_transform_available.cpp' has modification time 178283 s in the future
[50.403s] make[2]: Warning: File '/home/sentry/Wolf-Moon/src/ThirdParty/navigation2/nav2_behavior_tree/test/plugins/condition/test_is_stuck.cpp' has modification time 178283 s in the future
[50.408s] [ 57%] [32mBuilding CXX object test/plugins/condition/CMakeFiles/test_condition_transform_available.dir/test_transform_available.cpp.o[0m
[50.447s] [ 58%] [32mBuilding CXX object test/plugins/condition/CMakeFiles/test_condition_is_stuck.dir/test_is_stuck.cpp.o[0m
[54.715s] [ 59%] [32m[1mLinking CXX executable test_bt_conversions[0m
[55.149s] make[2]: warning:  Clock skew detected.  Your build may be incomplete.
[55.160s] [ 59%] Built target test_bt_conversions
[55.190s] [35m[1mScanning dependencies of target test_decorator_rate_controller[0m
[55.240s] make[2]: Warning: File '/home/sentry/Wolf-Moon/src/ThirdParty/navigation2/nav2_behavior_tree/test/plugins/decorator/test_rate_controller.cpp' has modification time 178278 s in the future
[55.278s] [ 60%] [32mBuilding CXX object test/plugins/decorator/CMakeFiles/test_decorator_rate_controller.dir/test_rate_controller.cpp.o[0m
[57.172s] [ 60%] [32m[1mLinking CXX executable test_condition_initial_pose_received[0m
[57.566s] make[2]: warning:  Clock skew detected.  Your build may be incomplete.
[57.580s] [ 60%] Built target test_condition_initial_pose_received
[57.596s] [ 61%] [32m[1mLinking CXX executable test_condition_time_expired[0m
[57.596s] [35m[1mScanning dependencies of target test_decorator_speed_controller[0m
[57.669s] make[2]: Warning: File '/home/sentry/Wolf-Moon/src/ThirdParty/navigation2/nav2_behavior_tree/test/plugins/decorator/test_speed_controller.cpp' has modification time 178276 s in the future
[57.702s] [ 62%] [32mBuilding CXX object test/plugins/decorator/CMakeFiles/test_decorator_speed_controller.dir/test_speed_controller.cpp.o[0m
[57.939s] make[2]: warning:  Clock skew detected.  Your build may be incomplete.
[57.950s] [ 62%] Built target test_condition_time_expired
[57.977s] [35m[1mScanning dependencies of target test_decorator_distance_controller[0m
[58.030s] make[2]: Warning: File '/home/sentry/Wolf-Moon/src/ThirdParty/navigation2/nav2_behavior_tree/test/plugins/decorator/test_distance_controller.cpp' has modification time 178275 s in the future
[58.069s] [ 63%] [32mBuilding CXX object test/plugins/decorator/CMakeFiles/test_decorator_distance_controller.dir/test_distance_controller.cpp.o[0m
[59.316s] [ 64%] [32m[1mLinking CXX executable test_condition_distance_traveled[0m
[59.724s] make[2]: warning:  Clock skew detected.  Your build may be incomplete.
[59.738s] [ 64%] Built target test_condition_distance_traveled
[59.755s] [35m[1mScanning dependencies of target test_control_round_robin_node[0m
[59.821s] make[2]: Warning: File '/home/sentry/Wolf-Moon/src/ThirdParty/navigation2/nav2_behavior_tree/test/plugins/control/test_round_robin_node.cpp' has modification time 178274 s in the future
[59.852s] [ 65%] [32mBuilding CXX object test/plugins/control/CMakeFiles/test_control_round_robin_node.dir/test_round_robin_node.cpp.o[0m
[60.464s] [ 66%] [32m[1mLinking CXX executable test_condition_is_battery_low[0m
[60.553s] [ 67%] [32m[1mLinking CXX executable test_condition_goal_updated[0m
[60.779s] [ 68%] [32m[1mLinking CXX executable test_goal_updater_node[0m
[60.789s] make[2]: warning:  Clock skew detected.  Your build may be incomplete.
[60.800s] [ 68%] Built target test_condition_is_battery_low
[60.831s] [35m[1mScanning dependencies of target test_control_pipeline_sequence[0m
[60.863s] [ 69%] [32m[1mLinking CXX executable test_condition_transform_available[0m
[60.899s] make[2]: Warning: File '/home/sentry/Wolf-Moon/src/ThirdParty/navigation2/nav2_behavior_tree/test/plugins/control/test_pipeline_sequence.cpp' has modification time 178272 s in the future
[60.931s] [ 70%] [32mBuilding CXX object test/plugins/control/CMakeFiles/test_control_pipeline_sequence.dir/test_pipeline_sequence.cpp.o[0m
[60.973s] make[2]: warning:  Clock skew detected.  Your build may be incomplete.
[60.988s] [ 70%] Built target test_condition_goal_updated
[61.006s] [35m[1mScanning dependencies of target test_control_recovery_node[0m
[61.079s] make[2]: Warning: File '/home/sentry/Wolf-Moon/src/ThirdParty/navigation2/nav2_behavior_tree/test/plugins/control/test_recovery_node.cpp' has modification time 178272 s in the future
[61.093s] make[2]: warning:  Clock skew detected.  Your build may be incomplete.
[61.108s] [ 70%] Built target test_goal_updater_node
[61.112s] [ 70%] [32mBuilding CXX object test/plugins/control/CMakeFiles/test_control_recovery_node.dir/test_recovery_node.cpp.o[0m
[61.126s] [35m[1mScanning dependencies of target test_goal_checker_selector_node[0m
[61.195s] make[2]: Warning: File '/home/sentry/Wolf-Moon/src/ThirdParty/navigation2/nav2_behavior_tree/test/plugins/action/test_goal_checker_selector_node.cpp' has modification time 178272 s in the future
[61.212s] make[2]: warning:  Clock skew detected.  Your build may be incomplete.
[61.224s] [ 70%] Built target test_condition_transform_available
[61.228s] [ 71%] [32mBuilding CXX object test/plugins/action/CMakeFiles/test_goal_checker_selector_node.dir/test_goal_checker_selector_node.cpp.o[0m
[61.242s] [35m[1mScanning dependencies of target test_controller_selector_node[0m
[61.311s] make[2]: Warning: File '/home/sentry/Wolf-Moon/src/ThirdParty/navigation2/nav2_behavior_tree/test/plugins/action/test_controller_selector_node.cpp' has modification time 178272 s in the future
[61.341s] [ 71%] [32mBuilding CXX object test/plugins/action/CMakeFiles/test_controller_selector_node.dir/test_controller_selector_node.cpp.o[0m
[61.506s] [ 72%] [32m[1mLinking CXX executable test_single_trigger_node[0m
[61.660s] [ 72%] [32m[1mLinking CXX executable test_condition_is_stuck[0m
[61.817s] [ 73%] [32m[1mLinking CXX executable test_condition_goal_reached[0m
[61.946s] make[2]: warning:  Clock skew detected.  Your build may be incomplete.
[61.961s] [ 73%] Built target test_single_trigger_node
[61.980s] [35m[1mScanning dependencies of target test_planner_selector_node[0m
[62.016s] [ 73%] [32m[1mLinking CXX executable test_goal_updated_controller[0m
[62.047s] make[2]: Warning: File '/home/sentry/Wolf-Moon/src/ThirdParty/navigation2/nav2_behavior_tree/test/plugins/action/test_planner_selector_node.cpp' has modification time 178271 s in the future
[62.048s] make[2]: warning:  Clock skew detected.  Your build may be incomplete.
[62.060s] [ 73%] Built target test_condition_is_stuck
[62.080s] [ 73%] [32mBuilding CXX object test/plugins/action/CMakeFiles/test_planner_selector_node.dir/test_planner_selector_node.cpp.o[0m
[62.093s] [35m[1mScanning dependencies of target test_action_spin_action[0m
[62.151s] make[2]: Warning: File '/home/sentry/Wolf-Moon/src/ThirdParty/navigation2/nav2_behavior_tree/test/plugins/action/test_spin_action.cpp' has modification time 178271 s in the future
[62.195s] [ 74%] [32mBuilding CXX object test/plugins/action/CMakeFiles/test_action_spin_action.dir/test_spin_action.cpp.o[0m
[62.266s] make[2]: warning:  Clock skew detected.  Your build may be incomplete.
[62.281s] [ 74%] Built target test_condition_goal_reached
[62.298s] [35m[1mScanning dependencies of target test_bt_action_node[0m
[62.363s] make[2]: Warning: File '/home/sentry/Wolf-Moon/src/ThirdParty/navigation2/nav2_behavior_tree/test/plugins/action/test_bt_action_node.cpp' has modification time 178271 s in the future
[62.395s] [ 74%] [32mBuilding CXX object test/plugins/action/CMakeFiles/test_bt_action_node.dir/test_bt_action_node.cpp.o[0m
[62.457s] make[2]: warning:  Clock skew detected.  Your build may be incomplete.
[62.472s] [ 74%] Built target test_goal_updated_controller
[62.490s] [35m[1mScanning dependencies of target test_action_back_up_action[0m
[62.554s] make[2]: Warning: File '/home/sentry/Wolf-Moon/src/ThirdParty/navigation2/nav2_behavior_tree/test/plugins/action/test_back_up_action.cpp' has modification time 178271 s in the future
[62.587s] [ 75%] [32mBuilding CXX object test/plugins/action/CMakeFiles/test_action_back_up_action.dir/test_back_up_action.cpp.o[0m
[66.737s] [ 76%] [32m[1mLinking CXX executable test_decorator_rate_controller[0m
[67.076s] make[2]: warning:  Clock skew detected.  Your build may be incomplete.
[67.087s] [ 76%] Built target test_decorator_rate_controller
[68.661s] [ 76%] [32m[1mLinking CXX executable test_decorator_distance_controller[0m
[69.041s] make[2]: warning:  Clock skew detected.  Your build may be incomplete.
[69.052s] [ 76%] Built target test_decorator_distance_controller
[69.945s] [ 77%] [32m[1mLinking CXX executable test_control_pipeline_sequence[0m
[70.329s] make[2]: warning:  Clock skew detected.  Your build may be incomplete.
[70.340s] [ 77%] Built target test_control_pipeline_sequence
[70.762s] [ 78%] [32m[1mLinking CXX executable test_goal_checker_selector_node[0m
[71.082s] make[2]: warning:  Clock skew detected.  Your build may be incomplete.
[71.094s] [ 78%] Built target test_goal_checker_selector_node
[71.568s] [ 79%] [32m[1mLinking CXX executable test_controller_selector_node[0m
[71.734s] [ 80%] [32m[1mLinking CXX executable test_control_recovery_node[0m
[71.756s] make[2]: warning:  Clock skew detected.  Your build may be incomplete.
[71.763s] [ 80%] Built target test_controller_selector_node
[71.941s] make[2]: warning:  Clock skew detected.  Your build may be incomplete.
[71.948s] [ 80%] Built target test_control_recovery_node
[71.978s] [ 80%] [32m[1mLinking CXX executable test_decorator_speed_controller[0m
[72.127s] [ 81%] [32m[1mLinking CXX executable test_control_round_robin_node[0m
[72.164s] make[2]: warning:  Clock skew detected.  Your build may be incomplete.
[72.170s] [ 81%] Built target test_decorator_speed_controller
[72.326s] make[2]: warning:  Clock skew detected.  Your build may be incomplete.
[72.333s] [ 81%] Built target test_control_round_robin_node
[72.774s] [ 81%] [32m[1mLinking CXX executable test_action_spin_action[0m
[72.927s] make[2]: warning:  Clock skew detected.  Your build may be incomplete.
[72.933s] [ 81%] Built target test_action_spin_action
[73.192s] [ 82%] [32m[1mLinking CXX executable test_planner_selector_node[0m
[73.451s] make[2]: warning:  Clock skew detected.  Your build may be incomplete.
[73.457s] [ 82%] Built target test_planner_selector_node
[73.491s] [ 83%] [32m[1mLinking CXX executable test_action_back_up_action[0m
[73.643s] make[2]: warning:  Clock skew detected.  Your build may be incomplete.
[73.649s] [ 83%] Built target test_action_back_up_action
[74.462s] [ 84%] [32m[1mLinking CXX executable test_bt_action_node[0m
[74.610s] make[2]: warning:  Clock skew detected.  Your build may be incomplete.
[74.616s] [ 84%] Built target test_bt_action_node
[74.623s] [35m[1mScanning dependencies of target test_remove_passed_goals_action[0m
[74.649s] make[2]: Warning: File '/home/sentry/Wolf-Moon/src/ThirdParty/navigation2/nav2_behavior_tree/test/plugins/action/test_remove_passed_goals_action.cpp' has modification time 178259 s in the future
[74.658s] [ 85%] [32mBuilding CXX object test/plugins/action/CMakeFiles/test_remove_passed_goals_action.dir/test_remove_passed_goals_action.cpp.o[0m
[79.704s] [ 86%] [32m[1mLinking CXX executable test_remove_passed_goals_action[0m
[79.860s] make[2]: warning:  Clock skew detected.  Your build may be incomplete.
[79.866s] [ 86%] Built target test_remove_passed_goals_action
[79.873s] [35m[1mScanning dependencies of target test_action_navigate_to_pose_action[0m
[79.873s] [35m[1mScanning dependencies of target test_truncate_path_action[0m
[79.879s] [35m[1mScanning dependencies of target test_action_navigate_through_poses_action[0m
[79.898s] make[2]: Warning: File '/home/sentry/Wolf-Moon/src/ThirdParty/navigation2/nav2_behavior_tree/test/plugins/action/test_navigate_to_pose_action.cpp' has modification time 178253 s in the future
[79.899s] make[2]: Warning: File '/home/sentry/Wolf-Moon/src/ThirdParty/navigation2/nav2_behavior_tree/test/plugins/action/test_truncate_path_action.cpp' has modification time 178253 s in the future
[79.909s] [ 87%] [32mBuilding CXX object test/plugins/action/CMakeFiles/test_truncate_path_action.dir/test_truncate_path_action.cpp.o[0m
[79.910s] [ 88%] [32mBuilding CXX object test/plugins/action/CMakeFiles/test_action_navigate_to_pose_action.dir/test_navigate_to_pose_action.cpp.o[0m
[79.928s] make[2]: Warning: File '/home/sentry/Wolf-Moon/src/ThirdParty/navigation2/nav2_behavior_tree/test/plugins/action/test_navigate_through_poses_action.cpp' has modification time 178253 s in the future
[79.945s] [ 89%] [32mBuilding CXX object test/plugins/action/CMakeFiles/test_action_navigate_through_poses_action.dir/test_navigate_through_poses_action.cpp.o[0m
[83.521s] [ 90%] [32m[1mLinking CXX executable test_truncate_path_action[0m
[83.665s] make[2]: warning:  Clock skew detected.  Your build may be incomplete.
[83.671s] [ 90%] Built target test_truncate_path_action
[83.678s] [35m[1mScanning dependencies of target test_action_follow_path_action[0m
[83.685s] [35m[1mScanning dependencies of target test_action_compute_path_to_pose_action[0m
[83.685s] [35m[1mScanning dependencies of target test_action_compute_path_through_poses_action[0m
[83.702s] make[2]: Warning: File '/home/sentry/Wolf-Moon/src/ThirdParty/navigation2/nav2_behavior_tree/test/plugins/action/test_follow_path_action.cpp' has modification time 178250 s in the future
[83.712s] [ 91%] [32mBuilding CXX object test/plugins/action/CMakeFiles/test_action_follow_path_action.dir/test_follow_path_action.cpp.o[0m
[83.737s] make[2]: Warning: File '/home/sentry/Wolf-Moon/src/ThirdParty/navigation2/nav2_behavior_tree/test/plugins/action/test_compute_path_to_pose_action.cpp' has modification time 178250 s in the future
[83.737s] make[2]: Warning: File '/home/sentry/Wolf-Moon/src/ThirdParty/navigation2/nav2_behavior_tree/test/plugins/action/test_compute_path_through_poses_action.cpp' has modification time 178250 s in the future
[83.754s] [ 92%] [32mBuilding CXX object test/plugins/action/CMakeFiles/test_action_compute_path_through_poses_action.dir/test_compute_path_through_poses_action.cpp.o[0m
[83.754s] [ 92%] [32mBuilding CXX object test/plugins/action/CMakeFiles/test_action_compute_path_to_pose_action.dir/test_compute_path_to_pose_action.cpp.o[0m
[85.080s] [ 92%] [32m[1mLinking CXX executable test_action_navigate_to_pose_action[0m
[85.239s] make[2]: warning:  Clock skew detected.  Your build may be incomplete.
[85.245s] [ 92%] Built target test_action_navigate_to_pose_action
[85.253s] [35m[1mScanning dependencies of target test_action_reinitialize_global_localization_service[0m
[85.259s] [35m[1mScanning dependencies of target test_action_wait_action[0m
[85.259s] [35m[1mScanning dependencies of target test_action_clear_costmap_service[0m
[85.275s] make[2]: Warning: File '/home/sentry/Wolf-Moon/src/ThirdParty/navigation2/nav2_behavior_tree/test/plugins/action/test_reinitialize_global_localization_service.cpp' has modification time 178248 s in the future
[85.290s] [ 93%] [32mBuilding CXX object test/plugins/action/CMakeFiles/test_action_reinitialize_global_localization_service.dir/test_reinitialize_global_localization_service.cpp.o[0m
[85.298s] make[2]: Warning: File '/home/sentry/Wolf-Moon/src/ThirdParty/navigation2/nav2_behavior_tree/test/plugins/action/test_wait_action.cpp' has modification time 178248 s in the future
[85.306s] make[2]: Warning: File '/home/sentry/Wolf-Moon/src/ThirdParty/navigation2/nav2_behavior_tree/test/plugins/action/test_clear_costmap_service.cpp' has modification time 178248 s in the future
[85.312s] [ 94%] [32mBuilding CXX object test/plugins/action/CMakeFiles/test_action_wait_action.dir/test_wait_action.cpp.o[0m
[85.323s] [ 94%] [32mBuilding CXX object test/plugins/action/CMakeFiles/test_action_clear_costmap_service.dir/test_clear_costmap_service.cpp.o[0m
[88.002s] [ 95%] [32m[1mLinking CXX executable test_action_navigate_through_poses_action[0m
[88.303s] make[2]: warning:  Clock skew detected.  Your build may be incomplete.
[88.314s] [ 95%] Built target test_action_navigate_through_poses_action
[90.429s] [ 96%] [32m[1mLinking CXX executable test_action_reinitialize_global_localization_service[0m
[90.688s] make[2]: warning:  Clock skew detected.  Your build may be incomplete.
[90.699s] [ 96%] Built target test_action_reinitialize_global_localization_service
[91.409s] [ 97%] [32m[1mLinking CXX executable test_action_clear_costmap_service[0m
[91.529s] [ 98%] [32m[1mLinking CXX executable test_action_compute_path_through_poses_action[0m
[91.570s] make[2]: warning:  Clock skew detected.  Your build may be incomplete.
[91.576s] [ 98%] Built target test_action_clear_costmap_service
[91.684s] make[2]: warning:  Clock skew detected.  Your build may be incomplete.
[91.690s] [ 98%] Built target test_action_compute_path_through_poses_action
[92.206s] [ 99%] [32m[1mLinking CXX executable test_action_compute_path_to_pose_action[0m
[92.358s] make[2]: warning:  Clock skew detected.  Your build may be incomplete.
[92.364s] [ 99%] Built target test_action_compute_path_to_pose_action
[92.391s] [ 99%] [32m[1mLinking CXX executable test_action_follow_path_action[0m
[92.542s] make[2]: warning:  Clock skew detected.  Your build may be incomplete.
[92.548s] [ 99%] Built target test_action_follow_path_action
[93.339s] [100%] [32m[1mLinking CXX executable test_action_wait_action[0m
[93.484s] make[2]: warning:  Clock skew detected.  Your build may be incomplete.
[93.490s] [100%] Built target test_action_wait_action
