[01m[K/home/sentry/Wolf-Moon/src/navigation_planning/src/way_planner_node.cpp:[m[K In member function ‘[01m[Kbool navigation::MapData::loadMapFromFile()[m[K’:
[01m[K/home/sentry/Wolf-Moon/src/navigation_planning/src/way_planner_node.cpp:81:36:[m[K [01;35m[Kwarning: [m[Kcomparison of integer expressions of different signedness: ‘[01m[Kunsigned int[m[K’ and ‘[01m[Kint[m[K’ [[01;35m[K-Wsign-compare[m[K]
   81 |         for (unsigned int y = 0; [01;35m[Ky < map_image.rows[m[K; ++y)
      |                                  [01;35m[K~~^~~~~~~~~~~~~~~~[m[K
[01m[K/home/sentry/Wolf-Moon/src/navigation_planning/src/way_planner_node.cpp:83:40:[m[K [01;35m[Kwarning: [m[Kcomparison of integer expressions of different signedness: ‘[01m[Kunsigned int[m[K’ and ‘[01m[Kint[m[K’ [[01;35m[K-Wsign-compare[m[K]
   83 |             for (unsigned int x = 0; [01;35m[Kx < map_image.cols[m[K; ++x)
      |                                      [01;35m[K~~^~~~~~~~~~~~~~~~[m[K
[01m[K/home/sentry/Wolf-Moon/src/navigation_planning/src/way_planner_node.cpp:[m[K In member function ‘[01m[Krclcpp_action::GoalResponse navigation::WayPlannerNode::handleGoal(const GoalUUID&, std::shared_ptr<const nav2_msgs::action::NavigateToPose_Goal_<std::allocator<void> > >)[m[K’:
[01m[K/home/sentry/Wolf-Moon/src/navigation_planning/src/way_planner_node.cpp:180:91:[m[K [01;35m[Kwarning: [m[Kunused parameter ‘[01m[Kuuid[m[K’ [[01;35m[K-Wunused-parameter[m[K]
  180 |     rclcpp_action::GoalResponse WayPlannerNode::handleGoal([01;35m[Kconst rclcpp_action::GoalUUID &uuid[m[K,
      |                                                            [01;35m[K~~~~~~~~~~~~~~~~~~~~~~~~~~~~~~~^~~~[m[K
[01m[K/home/sentry/Wolf-Moon/src/navigation_planning/src/way_planner_node.cpp:[m[K In member function ‘[01m[Kbool navigation::WayPlannerNode::isGoalValid(const PoseStamped&)[m[K’:
[01m[K/home/sentry/Wolf-Moon/src/navigation_planning/src/way_planner_node.cpp:196:77:[m[K [01;35m[Kwarning: [m[Kunused parameter ‘[01m[Kpose[m[K’ [[01;35m[K-Wunused-parameter[m[K]
  196 |     bool WayPlannerNode::isGoalValid([01;35m[Kconst geometry_msgs::msg::PoseStamped &pose[m[K)
      |                                      [01;35m[K~~~~~~~~~~~~~~~~~~~~~~~~~~~~~~~~~~~~~~~^~~~[m[K
[01m[K/home/sentry/Wolf-Moon/src/navigation_planning/src/way_planner_node.cpp:[m[K In member function ‘[01m[Krclcpp_action::CancelResponse navigation::WayPlannerNode::handleCancel(std::shared_ptr<rclcpp_action::ServerGoalHandle<nav2_msgs::action::NavigateToPose> >)[m[K’:
[01m[K/home/sentry/Wolf-Moon/src/navigation_planning/src/way_planner_node.cpp:201:154:[m[K [01;35m[Kwarning: [m[Kunused parameter ‘[01m[Kgoal_handle[m[K’ [[01;35m[K-Wunused-parameter[m[K]
  201 | ction::CancelResponse WayPlannerNode::handleCancel([01;35m[Kconst std::shared_ptr<rclcpp_action::ServerGoalHandle<nav2_msgs::action::NavigateToPose>> goal_handle[m[K)
      |                                                    [01;35m[K~~~~~~~~~~~~~~~~~~~~~~~~~~~~~~~~~~~~~~~~~~~~~~~~~~~~~~~~~~~~~~~~~~~~~~~~~~~~~~~~~~~~~~~~~~^~~~~~~~~~~[m[K

In file included from [01m[K/usr/include/x86_64-linux-gnu/c++/9/bits/c++allocator.h:33[m[K,
                 from [01m[K/usr/include/c++/9/bits/allocator.h:46[m[K,
                 from [01m[K/usr/include/c++/9/memory:63[m[K,
                 from [01m[K/opt/ros/galactic/include/rclcpp/rclcpp.hpp:154[m[K,
                 from [01m[K/home/sentry/Wolf-Moon/src/navigation_planning/src/../include/way_planner_node.hpp:1[m[K,
                 from [01m[K/home/sentry/Wolf-Moon/src/navigation_planning/src/way_planner_node.cpp:1[m[K:
/usr/include/c++/9/ext/new_allocator.h: In instantiation of ‘[01m[Kvoid __gnu_cxx::new_allocator<_Tp>::construct(_Up*, _Args&& ...) [with _Up = navigation::WayPlannerNode; _Args = {rclcpp::NodeOptions&}; _Tp = navigation::WayPlannerNode][m[K’:
[01m[K/usr/include/c++/9/bits/alloc_traits.h:483:4:[m[K   required from ‘[01m[Kstatic void std::allocator_traits<std::allocator<_Tp1> >::construct(std::allocator_traits<std::allocator<_Tp1> >::allocator_type&, _Up*, _Args&& ...) [with _Up = navigation::WayPlannerNode; _Args = {rclcpp::NodeOptions&}; _Tp = navigation::WayPlannerNode; std::allocator_traits<std::allocator<_Tp1> >::allocator_type = std::allocator<navigation::WayPlannerNode>][m[K’
[01m[K/usr/include/c++/9/bits/shared_ptr_base.h:548:39:[m[K   required from ‘[01m[Kstd::_Sp_counted_ptr_inplace<_Tp, _Alloc, _Lp>::_Sp_counted_ptr_inplace(_Alloc, _Args&& ...) [with _Args = {rclcpp::NodeOptions&}; _Tp = navigation::WayPlannerNode; _Alloc = std::allocator<navigation::WayPlannerNode>; __gnu_cxx::_Lock_policy _Lp = __gnu_cxx::_S_atomic][m[K’
[01m[K/usr/include/c++/9/bits/shared_ptr_base.h:679:16:[m[K   required from ‘[01m[Kstd::__shared_count<_Lp>::__shared_count(_Tp*&, std::_Sp_alloc_shared_tag<_Alloc>, _Args&& ...) [with _Tp = navigation::WayPlannerNode; _Alloc = std::allocator<navigation::WayPlannerNode>; _Args = {rclcpp::NodeOptions&}; __gnu_cxx::_Lock_policy _Lp = __gnu_cxx::_S_atomic][m[K’
[01m[K/usr/include/c++/9/bits/shared_ptr_base.h:1344:71:[m[K   required from ‘[01m[Kstd::__shared_ptr<_Tp, _Lp>::__shared_ptr(std::_Sp_alloc_shared_tag<_Tp>, _Args&& ...) [with _Alloc = std::allocator<navigation::WayPlannerNode>; _Args = {rclcpp::NodeOptions&}; _Tp = navigation::WayPlannerNode; __gnu_cxx::_Lock_policy _Lp = __gnu_cxx::_S_atomic][m[K’
[01m[K/usr/include/c++/9/bits/shared_ptr.h:359:59:[m[K   required from ‘[01m[Kstd::shared_ptr<_Tp>::shared_ptr(std::_Sp_alloc_shared_tag<_Tp>, _Args&& ...) [with _Alloc = std::allocator<navigation::WayPlannerNode>; _Args = {rclcpp::NodeOptions&}; _Tp = navigation::WayPlannerNode][m[K’
[01m[K/usr/include/c++/9/bits/shared_ptr.h:701:14:[m[K   required from ‘[01m[Kstd::shared_ptr<_Tp> std::allocate_shared(const _Alloc&, _Args&& ...) [with _Tp = navigation::WayPlannerNode; _Alloc = std::allocator<navigation::WayPlannerNode>; _Args = {rclcpp::NodeOptions&}][m[K’
[01m[K/usr/include/c++/9/bits/shared_ptr.h:717:39:[m[K   required from ‘[01m[Kstd::shared_ptr<_Tp> std::make_shared(_Args&& ...) [with _Tp = navigation::WayPlannerNode; _Args = {rclcpp::NodeOptions&}][m[K’
[01m[K/home/sentry/Wolf-Moon/src/navigation_planning/src/way_planner_node.cpp:385:72:[m[K   required from here
[01m[K/usr/include/c++/9/ext/new_allocator.h:146:4:[m[K [01;31m[Kerror: [m[K‘[01m[Knavigation::WayPlannerNode::WayPlannerNode(const rclcpp::NodeOptions&)[m[K’ is private within this context
  146 |  { [01;31m[K::new((void *)__p) _Up(std::forward<_Args>(__args)...)[m[K; }
      |    [01;31m[K^~~~~~~~~~~~~~~~~~~~~~~~~~~~~~~~~~~~~~~~~~~~~~~~~~~~~~[m[K
[01m[K/home/sentry/Wolf-Moon/src/navigation_planning/src/way_planner_node.cpp:103:5:[m[K [01;36m[Knote: [m[Kdeclared private here
  103 |     [01;36m[KWayPlannerNode[m[K::WayPlannerNode(const rclcpp::NodeOptions &options) : rclcpp::Node("way_planner_node", options)
      |     [01;36m[K^~~~~~~~~~~~~~[m[K
In file included from [01m[K/usr/include/x86_64-linux-gnu/c++/9/bits/c++allocator.h:33[m[K,
                 from [01m[K/usr/include/c++/9/bits/allocator.h:46[m[K,
                 from [01m[K/usr/include/c++/9/memory:63[m[K,
                 from [01m[K/opt/ros/galactic/include/rclcpp/rclcpp.hpp:154[m[K,
                 from [01m[K/home/sentry/Wolf-Moon/src/navigation_planning/src/../include/way_planner_node.hpp:1[m[K,
                 from [01m[K/home/sentry/Wolf-Moon/src/navigation_planning/src/way_planner_node.cpp:1[m[K:
/usr/include/c++/9/ext/new_allocator.h: In instantiation of ‘[01m[Kvoid __gnu_cxx::new_allocator<_Tp>::destroy(_Up*) [with _Up = navigation::WayPlannerNode; _Tp = navigation::WayPlannerNode][m[K’:
[01m[K/usr/include/c++/9/bits/alloc_traits.h:496:4:[m[K   required from ‘[01m[Kstatic void std::allocator_traits<std::allocator<_Tp1> >::destroy(std::allocator_traits<std::allocator<_Tp1> >::allocator_type&, _Up*) [with _Up = navigation::WayPlannerNode; _Tp = navigation::WayPlannerNode; std::allocator_traits<std::allocator<_Tp1> >::allocator_type = std::allocator<navigation::WayPlannerNode>][m[K’
[01m[K/usr/include/c++/9/bits/shared_ptr_base.h:557:35:[m[K   required from ‘[01m[Kvoid std::_Sp_counted_ptr_inplace<_Tp, _Alloc, _Lp>::_M_dispose() [with _Tp = navigation::WayPlannerNode; _Alloc = std::allocator<navigation::WayPlannerNode>; __gnu_cxx::_Lock_policy _Lp = __gnu_cxx::_S_atomic][m[K’
[01m[K/usr/include/c++/9/bits/shared_ptr_base.h:555:7:[m[K   required from here
[01m[K/usr/include/c++/9/ext/new_allocator.h:152:4:[m[K [01;31m[Kerror: [m[K‘[01m[Kvirtual navigation::WayPlannerNode::~WayPlannerNode()[m[K’ is private within this context
  152 |  { [01;31m[K__p[m[K->~_Up(); }
      |    [01;31m[K^~~[m[K
[01m[K/home/sentry/Wolf-Moon/src/navigation_planning/src/way_planner_node.cpp:118:5:[m[K [01;36m[Knote: [m[Kdeclared private here
  118 |     [01;36m[KWayPlannerNode[m[K::~WayPlannerNode()
      |     [01;36m[K^~~~~~~~~~~~~~[m[K
In file included from [01m[K/usr/include/x86_64-linux-gnu/c++/9/bits/c++allocator.h:33[m[K,
                 from [01m[K/usr/include/c++/9/bits/allocator.h:46[m[K,
                 from [01m[K/usr/include/c++/9/memory:63[m[K,
                 from [01m[K/opt/ros/galactic/include/rclcpp/rclcpp.hpp:154[m[K,
                 from [01m[K/home/sentry/Wolf-Moon/src/navigation_planning/src/../include/way_planner_node.hpp:1[m[K,
                 from [01m[K/home/sentry/Wolf-Moon/src/navigation_planning/src/way_planner_node.cpp:1[m[K:
/usr/include/c++/9/ext/new_allocator.h: In instantiation of ‘[01m[Kvoid __gnu_cxx::new_allocator<_Tp>::construct(_Up*, _Args&& ...) [with _Up = navigation::WayPlannerNode; _Args = {const rclcpp::NodeOptions&}; _Tp = navigation::WayPlannerNode][m[K’:
[01m[K/usr/include/c++/9/bits/alloc_traits.h:483:4:[m[K   required from ‘[01m[Kstatic void std::allocator_traits<std::allocator<_Tp1> >::construct(std::allocator_traits<std::allocator<_Tp1> >::allocator_type&, _Up*, _Args&& ...) [with _Up = navigation::WayPlannerNode; _Args = {const rclcpp::NodeOptions&}; _Tp = navigation::WayPlannerNode; std::allocator_traits<std::allocator<_Tp1> >::allocator_type = std::allocator<navigation::WayPlannerNode>][m[K’
[01m[K/usr/include/c++/9/bits/shared_ptr_base.h:548:39:[m[K   required from ‘[01m[Kstd::_Sp_counted_ptr_inplace<_Tp, _Alloc, _Lp>::_Sp_counted_ptr_inplace(_Alloc, _Args&& ...) [with _Args = {const rclcpp::NodeOptions&}; _Tp = navigation::WayPlannerNode; _Alloc = std::allocator<navigation::WayPlannerNode>; __gnu_cxx::_Lock_policy _Lp = __gnu_cxx::_S_atomic][m[K’
[01m[K/usr/include/c++/9/bits/shared_ptr_base.h:679:16:[m[K   required from ‘[01m[Kstd::__shared_count<_Lp>::__shared_count(_Tp*&, std::_Sp_alloc_shared_tag<_Alloc>, _Args&& ...) [with _Tp = navigation::WayPlannerNode; _Alloc = std::allocator<navigation::WayPlannerNode>; _Args = {const rclcpp::NodeOptions&}; __gnu_cxx::_Lock_policy _Lp = __gnu_cxx::_S_atomic][m[K’
[01m[K/usr/include/c++/9/bits/shared_ptr_base.h:1344:71:[m[K   required from ‘[01m[Kstd::__shared_ptr<_Tp, _Lp>::__shared_ptr(std::_Sp_alloc_shared_tag<_Tp>, _Args&& ...) [with _Alloc = std::allocator<navigation::WayPlannerNode>; _Args = {const rclcpp::NodeOptions&}; _Tp = navigation::WayPlannerNode; __gnu_cxx::_Lock_policy _Lp = __gnu_cxx::_S_atomic][m[K’
[01m[K/usr/include/c++/9/bits/shared_ptr.h:359:59:[m[K   required from ‘[01m[Kstd::shared_ptr<_Tp>::shared_ptr(std::_Sp_alloc_shared_tag<_Tp>, _Args&& ...) [with _Alloc = std::allocator<navigation::WayPlannerNode>; _Args = {const rclcpp::NodeOptions&}; _Tp = navigation::WayPlannerNode][m[K’
[01m[K/usr/include/c++/9/bits/shared_ptr.h:701:14:[m[K   required from ‘[01m[Kstd::shared_ptr<_Tp> std::allocate_shared(const _Alloc&, _Args&& ...) [with _Tp = navigation::WayPlannerNode; _Alloc = std::allocator<navigation::WayPlannerNode>; _Args = {const rclcpp::NodeOptions&}][m[K’
[01m[K/usr/include/c++/9/bits/shared_ptr.h:717:39:[m[K   required from ‘[01m[Kstd::shared_ptr<_Tp> std::make_shared(_Args&& ...) [with _Tp = navigation::WayPlannerNode; _Args = {const rclcpp::NodeOptions&}][m[K’
[01m[K/opt/ros/galactic/include/rclcpp_components/node_factory_template.hpp:45:40:[m[K   required from ‘[01m[Krclcpp_components::NodeInstanceWrapper rclcpp_components::NodeFactoryTemplate<NodeT>::create_node_instance(const rclcpp::NodeOptions&) [with NodeT = navigation::WayPlannerNode][m[K’
[01m[K/opt/ros/galactic/include/rclcpp_components/node_factory_template.hpp:43:3:[m[K   required from here
[01m[K/usr/include/c++/9/ext/new_allocator.h:146:4:[m[K [01;31m[Kerror: [m[K‘[01m[Knavigation::WayPlannerNode::WayPlannerNode(const rclcpp::NodeOptions&)[m[K’ is private within this context
  146 |  { [01;31m[K::new((void *)__p) _Up(std::forward<_Args>(__args)...)[m[K; }
      |    [01;31m[K^~~~~~~~~~~~~~~~~~~~~~~~~~~~~~~~~~~~~~~~~~~~~~~~~~~~~~[m[K
[01m[K/home/sentry/Wolf-Moon/src/navigation_planning/src/way_planner_node.cpp:103:5:[m[K [01;36m[Knote: [m[Kdeclared private here
  103 |     [01;36m[KWayPlannerNode[m[K::WayPlannerNode(const rclcpp::NodeOptions &options) : rclcpp::Node("way_planner_node", options)
      |     [01;36m[K^~~~~~~~~~~~~~[m[K
make[2]: *** [CMakeFiles/way_planner_node.dir/build.make:63: CMakeFiles/way_planner_node.dir/src/way_planner_node.cpp.o] Error 1
make[1]: *** [CMakeFiles/Makefile2:78: CMakeFiles/way_planner_node.dir/all] Error 2
make: *** [Makefile:141: all] Error 2
