Traceback (most recent call last):
  File "/opt/ros/galactic/lib/rosidl_typesupport_c/rosidl_typesupport_c", line 28, in <module>
    sys.exit(main())
make[2]: *** [CMakeFiles/auto_aim_interfaces__rosidl_typesupport_fastrtps_cpp.dir/build.make:274: CMakeFiles/auto_aim_interfaces__rosidl_typesupport_fastrtps_cpp.dir/rosidl_typesupport_fastrtps_cpp/auto_aim_interfaces/msg/detail/dds_fastrtps/state__type_support.cpp.o] Interrupt
make[2]: *** [CMakeFiles/auto_aim_interfaces__rosidl_typesupport_fastrtps_cpp.dir/build.make:235: CMakeFiles/auto_aim_interfaces__rosidl_typesupport_fastrtps_cpp.dir/rosidl_typesupport_fastrtps_cpp/auto_aim_interfaces/msg/detail/dds_fastrtps/gimbal__type_support.cpp.o] Interrupt
make[2]: *** [CMakeFiles/auto_aim_interfaces__rosidl_typesupport_fastrtps_cpp.dir/build.make:287: CMakeFiles/auto_aim_interfaces__rosidl_typesupport_fastrtps_cpp.dir/rosidl_typesupport_fastrtps_cpp/auto_aim_interfaces/msg/detail/dds_fastrtps/uart__type_support.cpp.o] Interrupt
  File "/opt/ros/galactic/lib/rosidl_typesupport_c/rosidl_typesupport_c", line 24, in main
    generate_c(args.generator_arguments_file, args.typesupports)
  File "/opt/ros/galactic/lib/python3.8/site-packages/rosidl_typesupport_c/__init__.py", line 28, in generate_c
    return generate_files(
  File "/opt/ros/galactic/lib/python3.8/site-packages/rosidl_cmake/__init__.py", line 74, in generate_files
    idl_file = parse_idl_file(locator)
  File "/opt/ros/galactic/lib/python3.8/site-packages/rosidl_parser/parser.py", line 64, in parse_idl_file
    content = parse_idl_string(string, png_file=png_file)
  File "/opt/ros/galactic/lib/python3.8/site-packages/rosidl_parser/parser.py", line 72, in parse_idl_string
    tree = get_ast_from_idl_string(idl_string)
  File "/opt/ros/galactic/lib/python3.8/site-packages/rosidl_parser/parser.py", line 88, in get_ast_from_idl_string
    _parser = Lark(grammar, start='specification')
  File "/usr/lib/python3/dist-packages/lark/lark.py", line 213, in __init__
    self.parser = self._build_parser()
  File "/usr/lib/python3/dist-packages/lark/lark.py", line 233, in _build_parser
    return self.parser_class(self.lexer_conf, parser_conf, options=self.options)
  File "/usr/lib/python3/dist-packages/lark/parser_frontends.py", line 165, in __init__
    self.parser = xearley.Parser(parser_conf,
  File "/usr/lib/python3/dist-packages/lark/parsers/xearley.py", line 28, in __init__
    BaseParser.__init__(self, parser_conf, term_matcher, resolve_ambiguity, debug)
  File "/usr/lib/python3/dist-packages/lark/parsers/earley.py", line 42, in __init__
make[2]: *** [CMakeFiles/auto_aim_interfaces__rosidl_typesupport_introspection_cpp.dir/build.make:274: CMakeFiles/auto_aim_interfaces__rosidl_typesupport_introspection_cpp.dir/rosidl_typesupport_introspection_cpp/auto_aim_interfaces/msg/detail/state__type_support.cpp.o] Interrupt
make[2]: *** [CMakeFiles/auto_aim_interfaces__rosidl_typesupport_introspection_cpp.dir/build.make:287: CMakeFiles/auto_aim_interfaces__rosidl_typesupport_introspection_cpp.dir/rosidl_typesupport_introspection_cpp/auto_aim_interfaces/msg/detail/uart__type_support.cpp.o] Interrupt
make[2]: *** wait: No child processes.  Stop.
make[2]: *** Waiting for unfinished jobs....
make[2]: *** wait: No child processes.  Stop.
    self.predictions[rule.origin] = [x.rule for x in analysis.expand_rule(rule.origin)]
  File "/usr/lib/python3/dist-packages/lark/parsers/grammar_analysis.py", line 182, in expand_rule
make[1]: *** [CMakeFiles/Makefile2:469: CMakeFiles/auto_aim_interfaces__rosidl_typesupport_introspection_cpp.dir/all] Error 2
    for _ in bfs([source_rule], _expand_rule):
  File "/usr/lib/python3/dist-packages/lark/utils.py", line 30, in bfs
make[2]: *** [CMakeFiles/auto_aim_interfaces__rosidl_typesupport_introspection_c.dir/build.make:373: CMakeFiles/auto_aim_interfaces__rosidl_typesupport_introspection_c.dir/depend] Interrupt
make[1]: *** [CMakeFiles/Makefile2:414: CMakeFiles/auto_aim_interfaces__rosidl_typesupport_introspection_c.dir/all] Interrupt
    for next_node in expand(node):
  File "/usr/lib/python3/dist-packages/lark/parsers/grammar_analysis.py", line 173, in _expand_rule
    for r in rules_by_origin[rule]:
  File "/usr/lib/python3/dist-packages/lark/grammar.py", line 15, in __eq__
    return self.is_term == other.is_term and self.name == other.name
KeyboardInterrupt
make[2]: *** [CMakeFiles/auto_aim_interfaces__rosidl_typesupport_c.dir/build.make:163: rosidl_typesupport_c/auto_aim_interfaces/msg/armor__type_support.cpp] Interrupt
make[1]: *** [CMakeFiles/Makefile2:441: CMakeFiles/auto_aim_interfaces__rosidl_typesupport_c.dir/all] Interrupt
make[1]: *** wait: No child processes.  Stop.
make[1]: *** Waiting for unfinished jobs....
make[1]: *** wait: No child processes.  Stop.
make: *** [Makefile:141: all] Error 2
