[0.037s] Invoking command in '/home/sentry/Wolf-Moon/build/auto_aim_interfaces': CMAKE_PREFIX_PATH=/opt/ros/galactic /usr/bin/cmake /home/sentry/Wolf-Moon/src/auto_aim_interfaces -DCMAKE_INSTALL_PREFIX=/home/sentry/Wolf-Moon/install/auto_aim_interfaces
[0.280s] -- Found ament_cmake: 1.1.6 (/opt/ros/galactic/share/ament_cmake/cmake)
[0.280s] -- Found PythonInterp: /usr/bin/python3 (found suitable version "3.8.10", minimum required is "3") 
[0.283s] -- Using PYTHON_EXECUTABLE: /usr/bin/python3
[0.284s] -- Found rosidl_default_generators: 1.1.1 (/opt/ros/galactic/share/rosidl_default_generators/cmake)
[0.285s] -- Using all available rosidl_typesupport_c: rosidl_typesupport_fastrtps_c;rosidl_typesupport_introspection_c
[0.286s] -- Found rosidl_adapter: 2.2.3 (/opt/ros/galactic/share/rosidl_adapter/cmake)
[0.286s] -- Using all available rosidl_typesupport_cpp: rosidl_typesupport_fastrtps_cpp;rosidl_typesupport_introspection_cpp
[0.287s] -- Found geometry_msgs: 2.2.4 (/opt/ros/galactic/share/geometry_msgs/cmake)
[0.328s] -- Found sensor_msgs: 2.2.4 (/opt/ros/galactic/share/sensor_msgs/cmake)
[0.395s] -- Found PythonInterp: /usr/bin/python3 (found version "3.8.10") 
[0.667s] -- Found ament_cmake_ros: 0.9.2 (/opt/ros/galactic/share/ament_cmake_ros/cmake)
[0.953s] -- Using all available rosidl_typesupport_c: rosidl_typesupport_fastrtps_c;rosidl_typesupport_introspection_c
[1.060s] -- Using all available rosidl_typesupport_cpp: rosidl_typesupport_fastrtps_cpp;rosidl_typesupport_introspection_cpp
[1.082s] -- Found PythonInterp: /usr/bin/python3 (found suitable version "3.8.10", minimum required is "3.5") 
[1.082s] -- Found python_cmake_module: 0.8.1 (/opt/ros/galactic/share/python_cmake_module/cmake)
[1.100s] -- Using PYTHON_EXECUTABLE: /usr/bin/python3
[1.100s] -- Using PYTHON_INCLUDE_DIRS: /usr/include/python3.8
[1.100s] -- Using PYTHON_LIBRARIES: /usr/lib/x86_64-linux-gnu/libpython3.8.so
[1.205s] -- Configuring done
[1.298s] -- Generating done
[1.327s] -- Build files have been written to: /home/sentry/Wolf-Moon/build/auto_aim_interfaces
[1.336s] Invoked command in '/home/sentry/Wolf-Moon/build/auto_aim_interfaces' returned '0': CMAKE_PREFIX_PATH=/opt/ros/galactic /usr/bin/cmake /home/sentry/Wolf-Moon/src/auto_aim_interfaces -DCMAKE_INSTALL_PREFIX=/home/sentry/Wolf-Moon/install/auto_aim_interfaces
[1.340s] Invoking command in '/home/sentry/Wolf-Moon/build/auto_aim_interfaces': CMAKE_PREFIX_PATH=/opt/ros/galactic /usr/bin/cmake --build /home/sentry/Wolf-Moon/build/auto_aim_interfaces -- -j12 -l12
[1.397s] [  1%] Built target auto_aim_interfaces__cpp
[1.422s] [  3%] [32mBuilding CXX object CMakeFiles/auto_aim_interfaces__rosidl_typesupport_cpp.dir/rosidl_typesupport_cpp/auto_aim_interfaces/msg/serial__type_support.cpp.o[0m
[1.422s] [ 13%] Built target auto_aim_interfaces__rosidl_generator_c
[1.423s] [ 15%] [32mBuilding CXX object CMakeFiles/auto_aim_interfaces__rosidl_typesupport_cpp.dir/rosidl_typesupport_cpp/auto_aim_interfaces/msg/uart__type_support.cpp.o[0m
[1.434s] [ 17%] [32mBuilding CXX object CMakeFiles/auto_aim_interfaces__rosidl_typesupport_introspection_cpp.dir/rosidl_typesupport_introspection_cpp/auto_aim_interfaces/msg/detail/armors__type_support.cpp.o[0m
[1.434s] [ 17%] [32mBuilding CXX object CMakeFiles/auto_aim_interfaces__rosidl_typesupport_fastrtps_cpp.dir/rosidl_typesupport_fastrtps_cpp/auto_aim_interfaces/msg/detail/dds_fastrtps/gimbal__type_support.cpp.o[0m
[1.434s] [ 18%] [32mBuilding CXX object CMakeFiles/auto_aim_interfaces__rosidl_typesupport_fastrtps_cpp.dir/rosidl_typesupport_fastrtps_cpp/auto_aim_interfaces/msg/detail/dds_fastrtps/armors__type_support.cpp.o[0m
[1.435s] [ 20%] [32mBuilding CXX object CMakeFiles/auto_aim_interfaces__rosidl_typesupport_fastrtps_cpp.dir/rosidl_typesupport_fastrtps_cpp/auto_aim_interfaces/msg/detail/dds_fastrtps/armor__type_support.cpp.o[0m
[1.438s] [ 21%] [32mBuilding CXX object CMakeFiles/auto_aim_interfaces__rosidl_typesupport_introspection_cpp.dir/rosidl_typesupport_introspection_cpp/auto_aim_interfaces/msg/detail/serial__type_support.cpp.o[0m
[1.439s] [ 22%] [32mBuilding CXX object CMakeFiles/auto_aim_interfaces__rosidl_typesupport_introspection_cpp.dir/rosidl_typesupport_introspection_cpp/auto_aim_interfaces/msg/detail/gimbal__type_support.cpp.o[0m
[1.441s] [ 24%] [32mBuilding CXX object CMakeFiles/auto_aim_interfaces__rosidl_typesupport_fastrtps_cpp.dir/rosidl_typesupport_fastrtps_cpp/auto_aim_interfaces/msg/detail/dds_fastrtps/point2f__type_support.cpp.o[0m
[1.441s] [ 25%] [32mBuilding CXX object CMakeFiles/auto_aim_interfaces__rosidl_typesupport_fastrtps_cpp.dir/rosidl_typesupport_fastrtps_cpp/auto_aim_interfaces/msg/detail/dds_fastrtps/serial__type_support.cpp.o[0m
[1.451s] [ 26%] [34m[1mGenerating C introspection for ROS interfaces[0m
[1.454s] [ 27%] [32mBuilding CXX object CMakeFiles/auto_aim_interfaces__rosidl_typesupport_introspection_cpp.dir/rosidl_typesupport_introspection_cpp/auto_aim_interfaces/msg/detail/armor__type_support.cpp.o[0m
[1.774s] [ 29%] [32mBuilding CXX object CMakeFiles/auto_aim_interfaces__rosidl_typesupport_fastrtps_cpp.dir/rosidl_typesupport_fastrtps_cpp/auto_aim_interfaces/msg/detail/dds_fastrtps/state__type_support.cpp.o[0m
[1.847s] [ 30%] [32m[1mLinking CXX shared library libauto_aim_interfaces__rosidl_typesupport_cpp.so[0m
[1.912s] [ 31%] [32mBuilding CXX object CMakeFiles/auto_aim_interfaces__rosidl_typesupport_fastrtps_cpp.dir/rosidl_typesupport_fastrtps_cpp/auto_aim_interfaces/msg/detail/dds_fastrtps/uart__type_support.cpp.o[0m
[1.949s] [ 39%] Built target auto_aim_interfaces__rosidl_typesupport_cpp
[1.972s] [ 40%] [34m[1mGenerating C type support dispatch for ROS interfaces[0m
[1.986s] [ 41%] [32mBuilding CXX object CMakeFiles/auto_aim_interfaces__rosidl_typesupport_introspection_cpp.dir/rosidl_typesupport_introspection_cpp/auto_aim_interfaces/msg/detail/point2f__type_support.cpp.o[0m
[2.178s] [ 43%] [32mBuilding CXX object CMakeFiles/auto_aim_interfaces__rosidl_typesupport_introspection_cpp.dir/rosidl_typesupport_introspection_cpp/auto_aim_interfaces/msg/detail/state__type_support.cpp.o[0m
[2.184s] [ 44%] [32mBuilding CXX object CMakeFiles/auto_aim_interfaces__rosidl_typesupport_introspection_cpp.dir/rosidl_typesupport_introspection_cpp/auto_aim_interfaces/msg/detail/uart__type_support.cpp.o[0m
[2.284s] [35m[1mScanning dependencies of target auto_aim_interfaces__rosidl_typesupport_introspection_c[0m
[2.310s] Traceback (most recent call last):
[2.311s]   File "/opt/ros/galactic/lib/rosidl_typesupport_c/rosidl_typesupport_c", line 28, in <module>
[2.321s]     sys.exit(main())
[2.322s] make[2]: *** [CMakeFiles/auto_aim_interfaces__rosidl_typesupport_fastrtps_cpp.dir/build.make:274: CMakeFiles/auto_aim_interfaces__rosidl_typesupport_fastrtps_cpp.dir/rosidl_typesupport_fastrtps_cpp/auto_aim_interfaces/msg/detail/dds_fastrtps/state__type_support.cpp.o] Interrupt
[2.323s] make[2]: *** [CMakeFiles/auto_aim_interfaces__rosidl_typesupport_fastrtps_cpp.dir/build.make:235: CMakeFiles/auto_aim_interfaces__rosidl_typesupport_fastrtps_cpp.dir/rosidl_typesupport_fastrtps_cpp/auto_aim_interfaces/msg/detail/dds_fastrtps/gimbal__type_support.cpp.o] Interrupt
[2.324s] make[2]: *** [CMakeFiles/auto_aim_interfaces__rosidl_typesupport_fastrtps_cpp.dir/build.make:287: CMakeFiles/auto_aim_interfaces__rosidl_typesupport_fastrtps_cpp.dir/rosidl_typesupport_fastrtps_cpp/auto_aim_interfaces/msg/detail/dds_fastrtps/uart__type_support.cpp.o] Interrupt
[2.325s]   File "/opt/ros/galactic/lib/rosidl_typesupport_c/rosidl_typesupport_c", line 24, in main
[2.325s]     generate_c(args.generator_arguments_file, args.typesupports)
[2.325s]   File "/opt/ros/galactic/lib/python3.8/site-packages/rosidl_typesupport_c/__init__.py", line 28, in generate_c
[2.325s]     return generate_files(
[2.325s]   File "/opt/ros/galactic/lib/python3.8/site-packages/rosidl_cmake/__init__.py", line 74, in generate_files
[2.325s]     idl_file = parse_idl_file(locator)
[2.326s]   File "/opt/ros/galactic/lib/python3.8/site-packages/rosidl_parser/parser.py", line 64, in parse_idl_file
[2.326s]     content = parse_idl_string(string, png_file=png_file)
[2.326s]   File "/opt/ros/galactic/lib/python3.8/site-packages/rosidl_parser/parser.py", line 72, in parse_idl_string
[2.326s]     tree = get_ast_from_idl_string(idl_string)
[2.326s]   File "/opt/ros/galactic/lib/python3.8/site-packages/rosidl_parser/parser.py", line 88, in get_ast_from_idl_string
[2.326s]     _parser = Lark(grammar, start='specification')
[2.326s]   File "/usr/lib/python3/dist-packages/lark/lark.py", line 213, in __init__
[2.326s]     self.parser = self._build_parser()
[2.326s]   File "/usr/lib/python3/dist-packages/lark/lark.py", line 233, in _build_parser
[2.326s]     return self.parser_class(self.lexer_conf, parser_conf, options=self.options)
[2.326s]   File "/usr/lib/python3/dist-packages/lark/parser_frontends.py", line 165, in __init__
[2.326s]     self.parser = xearley.Parser(parser_conf,
[2.327s]   File "/usr/lib/python3/dist-packages/lark/parsers/xearley.py", line 28, in __init__
[2.327s]     BaseParser.__init__(self, parser_conf, term_matcher, resolve_ambiguity, debug)
[2.327s]   File "/usr/lib/python3/dist-packages/lark/parsers/earley.py", line 42, in __init__
[2.327s] make[2]: *** [CMakeFiles/auto_aim_interfaces__rosidl_typesupport_introspection_cpp.dir/build.make:274: CMakeFiles/auto_aim_interfaces__rosidl_typesupport_introspection_cpp.dir/rosidl_typesupport_introspection_cpp/auto_aim_interfaces/msg/detail/state__type_support.cpp.o] Interrupt
[2.328s] make[2]: *** [CMakeFiles/auto_aim_interfaces__rosidl_typesupport_introspection_cpp.dir/build.make:287: CMakeFiles/auto_aim_interfaces__rosidl_typesupport_introspection_cpp.dir/rosidl_typesupport_introspection_cpp/auto_aim_interfaces/msg/detail/uart__type_support.cpp.o] Interrupt
[2.329s] make[2]: *** wait: No child processes.  Stop.
[2.329s] make[2]: *** Waiting for unfinished jobs....
[2.329s] make[2]: *** wait: No child processes.  Stop.
[2.330s]     self.predictions[rule.origin] = [x.rule for x in analysis.expand_rule(rule.origin)]
[2.330s]   File "/usr/lib/python3/dist-packages/lark/parsers/grammar_analysis.py", line 182, in expand_rule
[2.330s] make[1]: *** [CMakeFiles/Makefile2:469: CMakeFiles/auto_aim_interfaces__rosidl_typesupport_introspection_cpp.dir/all] Error 2
[2.331s]     for _ in bfs([source_rule], _expand_rule):
[2.331s]   File "/usr/lib/python3/dist-packages/lark/utils.py", line 30, in bfs
[2.331s] make[2]: *** [CMakeFiles/auto_aim_interfaces__rosidl_typesupport_introspection_c.dir/build.make:373: CMakeFiles/auto_aim_interfaces__rosidl_typesupport_introspection_c.dir/depend] Interrupt
[2.332s] make[1]: *** [CMakeFiles/Makefile2:414: CMakeFiles/auto_aim_interfaces__rosidl_typesupport_introspection_c.dir/all] Interrupt
[2.332s]     for next_node in expand(node):
[2.332s]   File "/usr/lib/python3/dist-packages/lark/parsers/grammar_analysis.py", line 173, in _expand_rule
[2.332s]     for r in rules_by_origin[rule]:
[2.333s]   File "/usr/lib/python3/dist-packages/lark/grammar.py", line 15, in __eq__
[2.333s]     return self.is_term == other.is_term and self.name == other.name
[2.333s] KeyboardInterrupt
[2.334s] make[2]: *** [CMakeFiles/auto_aim_interfaces__rosidl_typesupport_c.dir/build.make:163: rosidl_typesupport_c/auto_aim_interfaces/msg/armor__type_support.cpp] Interrupt
[2.334s] make[1]: *** [CMakeFiles/Makefile2:441: CMakeFiles/auto_aim_interfaces__rosidl_typesupport_c.dir/all] Interrupt
[2.335s] make[1]: *** wait: No child processes.  Stop.
[2.336s] make[1]: *** Waiting for unfinished jobs....
[2.336s] make[1]: *** wait: No child processes.  Stop.
[2.336s] make: *** [Makefile:141: all] Error 2
