[0.036s] Invoking command in '/home/sentry/Wolf-Moon/build/SharedMemoryVideo': /usr/bin/cmake /home/sentry/Wolf-Moon/src/shm_video_transmission -DROS_EDITION=ROS2 -DHUMBLE_ROS= -DCMAKE_INSTALL_PREFIX=/home/sentry/Wolf-Moon/install/SharedMemoryVideo
[0.323s] -- The C compiler identification is GNU 9.4.0
[0.461s] -- The CXX compiler identification is GNU 9.4.0
[0.469s] -- Check for working C compiler: /usr/bin/cc
[0.554s] -- Check for working C compiler: /usr/bin/cc -- works
[0.555s] -- Detecting C compiler ABI info
[0.601s] -- Detecting C compiler ABI info - done
[0.619s] -- Detecting C compile features
[0.619s] -- Detecting C compile features - done
[0.623s] -- Check for working CXX compiler: /usr/bin/c++
[0.718s] -- Check for working CXX compiler: /usr/bin/c++ -- works
[0.719s] -- Detecting CXX compiler ABI info
[0.782s] -- Detecting CXX compiler ABI info - done
[0.797s] -- Detecting CXX compile features
[0.797s] -- Detecting CXX compile features - done
[0.816s] -- Found OpenCV: /usr/local/opencv4 (found version "4.6.0") 
[0.829s] -- Found Boost: /usr/lib/x86_64-linux-gnu/cmake/Boost-1.71.0/BoostConfig.cmake (found version "1.71.0") found components: system filesystem 
[0.832s] -- Configuring done
[0.844s] -- Generating done
[0.845s] CMake Warning:
[0.845s]   Manually-specified variables were not used by the project:
[0.845s] 
[0.845s]     HUMBLE_ROS
[0.845s]     ROS_EDITION
[0.845s] 
[0.845s] 
[0.850s] -- Build files have been written to: /home/sentry/Wolf-Moon/build/SharedMemoryVideo
[0.856s] Invoked command in '/home/sentry/Wolf-Moon/build/SharedMemoryVideo' returned '0': /usr/bin/cmake /home/sentry/Wolf-Moon/src/shm_video_transmission -DROS_EDITION=ROS2 -DHUMBLE_ROS= -DCMAKE_INSTALL_PREFIX=/home/sentry/Wolf-Moon/install/SharedMemoryVideo
[0.858s] Invoking command in '/home/sentry/Wolf-Moon/build/SharedMemoryVideo': /usr/bin/cmake --build /home/sentry/Wolf-Moon/build/SharedMemoryVideo -- -j12 -l12
[0.882s] [35m[1mScanning dependencies of target receiver[0m
[0.887s] [35m[1mScanning dependencies of target sender[0m
[0.943s] [ 25%] [32mBuilding CXX object CMakeFiles/receiver.dir/demo_receiver.cpp.o[0m
[0.946s] [ 50%] [32mBuilding CXX object CMakeFiles/sender.dir/demo_sender.cpp.o[0m
[3.969s] make[2]: *** [CMakeFiles/receiver.dir/build.make:63: CMakeFiles/receiver.dir/demo_receiver.cpp.o] Interrupt
[3.969s] make[1]: *** [CMakeFiles/Makefile2:78: CMakeFiles/receiver.dir/all] Interrupt
[3.969s] make[2]: *** [CMakeFiles/sender.dir/build.make:63: CMakeFiles/sender.dir/demo_sender.cpp.o] Interrupt
[3.969s] make[1]: *** [CMakeFiles/Makefile2:105: CMakeFiles/sender.dir/all] Interrupt
[3.969s] make: *** [Makefile:84: all] Interrupt
[3.984s] Invoked command in '/home/sentry/Wolf-Moon/build/SharedMemoryVideo' returned '-2': /usr/bin/cmake --build /home/sentry/Wolf-Moon/build/SharedMemoryVideo -- -j12 -l12
