[0.034s] Invoking command in '/home/sentry/Wolf-Moon/build/cv_bridge': CMAKE_PREFIX_PATH=/opt/ros/galactic /usr/bin/cmake /home/sentry/Wolf-Moon/src/cv_bridge -DCMAKE_INSTALL_PREFIX=/home/sentry/Wolf-Moon/install/cv_bridge
[0.285s] -- The C compiler identification is GNU 9.4.0
[0.286s] -- The CXX compiler identification is GNU 9.4.0
[0.286s] -- Check for working C compiler: /usr/bin/cc
[0.286s] -- Check for working C compiler: /usr/bin/cc -- works
[0.286s] -- Detecting C compiler ABI info
[0.305s] -- Detecting C compiler ABI info - done
[0.319s] -- Detecting C compile features
[0.320s] -- Detecting C compile features - done
[0.323s] -- Check for working CXX compiler: /usr/bin/c++
[0.419s] -- Check for working CXX compiler: /usr/bin/c++ -- works
[0.423s] -- Detecting CXX compiler ABI info
[0.482s] -- Detecting CXX compiler ABI info - done
[0.497s] -- Detecting CXX compile features
[0.498s] -- Detecting CXX compile features - done
[0.502s] -- Found ament_cmake_ros: 0.9.2 (/opt/ros/galactic/share/ament_cmake_ros/cmake)
[0.541s] -- Found PythonInterp: /usr/bin/python3 (found suitable version "3.8.10", minimum required is "3") 
[0.542s] -- Using PYTHON_EXECUTABLE: /usr/bin/python3
[0.625s] -- Found PythonLibs: /usr/lib/x86_64-linux-gnu/libpython3.8.so (found version "3.8.10") 
[0.633s] -- Boost_VERSION_STRING: 1.71.0
[0.639s] -- Found Boost: /usr/lib/x86_64-linux-gnu/cmake/Boost-1.71.0/BoostConfig.cmake (found version "1.71.0") found components: python38 
[0.642s] -- Found rcpputils: 2.2.2 (/opt/ros/galactic/share/rcpputils/cmake)
[0.652s] -- Found sensor_msgs: 2.2.4 (/opt/ros/galactic/share/sensor_msgs/cmake)
[0.672s] -- Using all available rosidl_typesupport_c: rosidl_typesupport_fastrtps_c;rosidl_typesupport_introspection_c
[0.679s] -- Found rosidl_adapter: 2.2.3 (/opt/ros/galactic/share/rosidl_adapter/cmake)
[0.780s] -- Found OpenSSL: /usr/lib/x86_64-linux-gnu/libcrypto.so (found version "1.1.1f")  
[0.821s] -- Found FastRTPS: /opt/ros/galactic/include  
[0.913s] -- Using all available rosidl_typesupport_cpp: rosidl_typesupport_fastrtps_cpp;rosidl_typesupport_introspection_cpp
[1.190s] -- Performing Test COMPILER_HAS_HIDDEN_VISIBILITY
[1.262s] -- Performing Test COMPILER_HAS_HIDDEN_VISIBILITY - Success
[1.263s] -- Performing Test COMPILER_HAS_HIDDEN_INLINE_VISIBILITY
[1.325s] -- Performing Test COMPILER_HAS_HIDDEN_INLINE_VISIBILITY - Success
[1.325s] -- Performing Test COMPILER_HAS_DEPRECATED_ATTR
[1.379s] -- Performing Test COMPILER_HAS_DEPRECATED_ATTR - Success
[1.426s] -- Found PythonInterp: /usr/bin/python3 (found version "3.8.10") 
[1.432s] -- Found PythonLibs: /usr/lib/x86_64-linux-gnu/libpython3.8.so (found suitable version "3.8.10", minimum required is "3.8") 
[1.665s] -- Found ament_lint_auto: 0.10.7 (/opt/ros/galactic/share/ament_lint_auto/cmake)
[1.826s] -- Found gtest sources under '/opt/ros/galactic/src/gtest_vendor': C++ tests using 'Google Test' will be built
[1.837s] -- Looking for pthread.h
[2.079s] -- Looking for pthread.h - found
[2.079s] -- Performing Test CMAKE_HAVE_LIBC_PTHREAD
[2.271s] -- Performing Test CMAKE_HAVE_LIBC_PTHREAD - Failed
[2.271s] -- Check if compiler accepts -pthread
