-- Found ament_cmake: 1.1.6 (/opt/ros/galactic/share/ament_cmake/cmake)
-- Using PYTHON_EXECUTABLE: /usr/bin/python3
-- Found nav2_common: 1.0.12 (/home/sentry/Wolf-Moon/install/nav2_common/share/nav2_common/cmake)
-- Found rclcpp: 9.2.2 (/opt/ros/galactic/share/rclcpp/cmake)
-- Using all available rosidl_typesupport_c: rosidl_typesupport_fastrtps_c;rosidl_typesupport_introspection_c
-- Found rosidl_adapter: 2.2.3 (/opt/ros/galactic/share/rosidl_adapter/cmake)
-- Using all available rosidl_typesupport_cpp: rosidl_typesupport_fastrtps_cpp;rosidl_typesupport_introspection_cpp
-- Found rmw_implementation_cmake: 3.3.1 (/opt/ros/galactic/share/rmw_implementation_cmake/cmake)
-- Found rmw_cyclonedds_cpp: 0.22.6 (/opt/ros/galactic/share/rmw_cyclonedds_cpp/cmake)
-- Using RMW implementation 'rmw_cyclonedds_cpp' as default
-- Found rclcpp_action: 9.2.2 (/opt/ros/galactic/share/rclcpp_action/cmake)
-- Found rclcpp_lifecycle: 9.2.2 (/opt/ros/galactic/share/rclcpp_lifecycle/cmake)
-- Found geometry_msgs: 2.2.4 (/opt/ros/galactic/share/geometry_msgs/cmake)
-- Found sensor_msgs: 2.2.4 (/opt/ros/galactic/share/sensor_msgs/cmake)
-- Found nav2_msgs: 1.0.12 (/home/sentry/Wolf-Moon/install/nav2_msgs/share/nav2_msgs/cmake)
-- Found tf2_ros: 0.17.5 (/opt/ros/galactic/share/tf2_ros/cmake)
-- Found tf2_geometry_msgs: 0.17.5 (/opt/ros/galactic/share/tf2_geometry_msgs/cmake)
-- Found eigen3_cmake_module: 0.1.1 (/opt/ros/galactic/share/eigen3_cmake_module/cmake)
-- Found std_srvs: 2.2.4 (/opt/ros/galactic/share/std_srvs/cmake)
-- Found nav2_util: 1.0.12 (/home/sentry/Wolf-Moon/install/nav2_util/share/nav2_util/cmake)
-- Found ament_lint_auto: 0.10.7 (/opt/ros/galactic/share/ament_lint_auto/cmake)
-- Found gtest sources under '/opt/ros/galactic/src/gtest_vendor': C++ tests using 'Google Test' will be built
-- Added test 'copyright' to check source files copyright and LICENSE
-- Added test 'cppcheck' to perform static code analysis on C / C++ code
-- Configured cppcheck include dirs: /home/sentry/Wolf-Moon/src/ThirdParty/navigation2/nav2_behavior_tree/include
-- Configured cppcheck exclude dirs and/or files: 
-- Added test 'cpplint' to check C / C++ code against the Google style
-- Configured cpplint exclude dirs and/or files: 
-- Added test 'lint_cmake' to check CMake code style
-- Added test 'uncrustify' to check C / C++ code style
-- Configured uncrustify additional arguments: 
-- Added test 'xmllint' to check XML markup files
-- Configuring done
-- Generating done
-- Build files have been written to: /home/sentry/Wolf-Moon/build/nav2_behavior_tree
[35m[1mScanning dependencies of target nav2_controller_selector_bt_node[0m
[35m[1mScanning dependencies of target nav2_goal_updated_controller_bt_node[0m
[35m[1mScanning dependencies of target nav2_planner_selector_bt_node[0m
[35m[1mScanning dependencies of target nav2_pipeline_sequence_bt_node[0m
[35m[1mScanning dependencies of target nav2_transform_available_condition_bt_node[0m
[35m[1mScanning dependencies of target nav2_single_trigger_bt_node[0m
[35m[1mScanning dependencies of target nav2_wait_action_bt_node[0m
[35m[1mScanning dependencies of target nav2_goal_checker_selector_bt_node[0m
[35m[1mScanning dependencies of target nav2_compute_path_through_poses_action_bt_node[0m
make[2]: Warning: File '/home/sentry/Wolf-Moon/src/ThirdParty/navigation2/nav2_behavior_tree/plugins/control/pipeline_sequence.cpp' has modification time 177428 s in the future
[35m[1mScanning dependencies of target nav2_spin_action_bt_node[0m
make[2]: Warning: File '/home/sentry/Wolf-Moon/src/ThirdParty/navigation2/nav2_behavior_tree/plugins/decorator/single_trigger_node.cpp' has modification time 177428 s in the future
make[2]: Warning: File '/home/sentry/Wolf-Moon/src/ThirdParty/navigation2/nav2_behavior_tree/plugins/action/controller_selector_node.cpp' has modification time 177428 s in the future
make[2]: Warning: File '/home/sentry/Wolf-Moon/src/ThirdParty/navigation2/nav2_behavior_tree/plugins/decorator/goal_updated_controller.cpp' has modification time 177428 s in the future
[  1%] [32mBuilding CXX object CMakeFiles/nav2_pipeline_sequence_bt_node.dir/plugins/control/pipeline_sequence.cpp.o[0m
[  2%] [32mBuilding CXX object CMakeFiles/nav2_single_trigger_bt_node.dir/plugins/decorator/single_trigger_node.cpp.o[0m
make[2]: Warning: File '/home/sentry/Wolf-Moon/src/ThirdParty/navigation2/nav2_behavior_tree/plugins/action/planner_selector_node.cpp' has modification time 177428 s in the future
[  2%] [32mBuilding CXX object CMakeFiles/nav2_controller_selector_bt_node.dir/plugins/action/controller_selector_node.cpp.o[0m
make[2]: Warning: File '/home/sentry/Wolf-Moon/src/ThirdParty/navigation2/nav2_behavior_tree/plugins/action/wait_action.cpp' has modification time 177428 s in the future
make[2]: Warning: File '/home/sentry/Wolf-Moon/src/ThirdParty/navigation2/nav2_behavior_tree/plugins/action/goal_checker_selector_node.cpp' has modification time 177428 s in the future
make[2]: Warning: File '/home/sentry/Wolf-Moon/src/ThirdParty/navigation2/nav2_behavior_tree/plugins/condition/transform_available_condition.cpp' has modification time 177428 s in the future
make[2]: Warning: File '/home/sentry/Wolf-Moon/src/ThirdParty/navigation2/nav2_behavior_tree/plugins/action/compute_path_through_poses_action.cpp' has modification time 177428 s in the future
make[2]: Warning: File '/home/sentry/Wolf-Moon/src/ThirdParty/navigation2/nav2_behavior_tree/plugins/action/spin_action.cpp' has modification time 177428 s in the future
[  3%] [32mBuilding CXX object CMakeFiles/nav2_goal_updated_controller_bt_node.dir/plugins/decorator/goal_updated_controller.cpp.o[0m
[  4%] [32mBuilding CXX object CMakeFiles/nav2_goal_checker_selector_bt_node.dir/plugins/action/goal_checker_selector_node.cpp.o[0m
[  5%] [32mBuilding CXX object CMakeFiles/nav2_transform_available_condition_bt_node.dir/plugins/condition/transform_available_condition.cpp.o[0m
[  6%] [32mBuilding CXX object CMakeFiles/nav2_wait_action_bt_node.dir/plugins/action/wait_action.cpp.o[0m
[  7%] [32mBuilding CXX object CMakeFiles/nav2_spin_action_bt_node.dir/plugins/action/spin_action.cpp.o[0m
[  7%] [32mBuilding CXX object CMakeFiles/nav2_compute_path_through_poses_action_bt_node.dir/plugins/action/compute_path_through_poses_action.cpp.o[0m
[  8%] [32mBuilding CXX object CMakeFiles/nav2_planner_selector_bt_node.dir/plugins/action/planner_selector_node.cpp.o[0m
[35m[1mScanning dependencies of target nav2_goal_updated_condition_bt_node[0m
[35m[1mScanning dependencies of target nav2_compute_path_to_pose_action_bt_node[0m
make[2]: Warning: File '/home/sentry/Wolf-Moon/src/ThirdParty/navigation2/nav2_behavior_tree/plugins/condition/goal_updated_condition.cpp' has modification time 177426 s in the future
make[2]: Warning: File '/home/sentry/Wolf-Moon/src/ThirdParty/navigation2/nav2_behavior_tree/plugins/action/compute_path_to_pose_action.cpp' has modification time 177426 s in the future
[  9%] [32mBuilding CXX object CMakeFiles/nav2_goal_updated_condition_bt_node.dir/plugins/condition/goal_updated_condition.cpp.o[0m
[ 10%] [32mBuilding CXX object CMakeFiles/nav2_compute_path_to_pose_action_bt_node.dir/plugins/action/compute_path_to_pose_action.cpp.o[0m
[ 10%] [32m[1mLinking CXX shared library libnav2_pipeline_sequence_bt_node.so[0m
make[2]: warning:  Clock skew detected.  Your build may be incomplete.
[ 10%] Built target nav2_pipeline_sequence_bt_node
[35m[1mScanning dependencies of target nav2_is_stuck_condition_bt_node[0m
make[2]: Warning: File '/home/sentry/Wolf-Moon/src/ThirdParty/navigation2/nav2_behavior_tree/plugins/condition/is_stuck_condition.cpp' has modification time 177424 s in the future
[ 10%] [32mBuilding CXX object CMakeFiles/nav2_is_stuck_condition_bt_node.dir/plugins/condition/is_stuck_condition.cpp.o[0m
[ 11%] [32m[1mLinking CXX shared library libnav2_single_trigger_bt_node.so[0m
make[2]: warning:  Clock skew detected.  Your build may be incomplete.
[ 11%] Built target nav2_single_trigger_bt_node
[35m[1mScanning dependencies of target nav2_behavior_tree[0m
make[2]: Warning: File '/home/sentry/Wolf-Moon/src/ThirdParty/navigation2/nav2_behavior_tree/src/behavior_tree_engine.cpp' has modification time 177423 s in the future
[ 12%] [32mBuilding CXX object CMakeFiles/nav2_behavior_tree.dir/src/behavior_tree_engine.cpp.o[0m
[ 13%] [32m[1mLinking CXX shared library libnav2_goal_updated_condition_bt_node.so[0m
make[2]: warning:  Clock skew detected.  Your build may be incomplete.
[ 13%] Built target nav2_goal_updated_condition_bt_node
[35m[1mScanning dependencies of target nav2_goal_updater_node_bt_node[0m
make[2]: Warning: File '/home/sentry/Wolf-Moon/src/ThirdParty/navigation2/nav2_behavior_tree/plugins/decorator/goal_updater_node.cpp' has modification time 177422 s in the future
[ 14%] [32mBuilding CXX object CMakeFiles/nav2_goal_updater_node_bt_node.dir/plugins/decorator/goal_updater_node.cpp.o[0m
[ 14%] [32m[1mLinking CXX shared library libnav2_goal_updated_controller_bt_node.so[0m
make[2]: warning:  Clock skew detected.  Your build may be incomplete.
[ 14%] Built target nav2_goal_updated_controller_bt_node
[35m[1mScanning dependencies of target nav2_follow_path_action_bt_node[0m
make[2]: Warning: File '/home/sentry/Wolf-Moon/src/ThirdParty/navigation2/nav2_behavior_tree/plugins/action/follow_path_action.cpp' has modification time 177419 s in the future
[ 15%] [32mBuilding CXX object CMakeFiles/nav2_follow_path_action_bt_node.dir/plugins/action/follow_path_action.cpp.o[0m
[ 15%] [32m[1mLinking CXX shared library libnav2_transform_available_condition_bt_node.so[0m
make[2]: warning:  Clock skew detected.  Your build may be incomplete.
[ 15%] Built target nav2_transform_available_condition_bt_node
[35m[1mScanning dependencies of target nav2_goal_reached_condition_bt_node[0m
make[2]: Warning: File '/home/sentry/Wolf-Moon/src/ThirdParty/navigation2/nav2_behavior_tree/plugins/condition/goal_reached_condition.cpp' has modification time 177419 s in the future
[ 16%] [32mBuilding CXX object CMakeFiles/nav2_goal_reached_condition_bt_node.dir/plugins/condition/goal_reached_condition.cpp.o[0m
[ 16%] [32m[1mLinking CXX shared library libnav2_behavior_tree.so[0m
[ 16%] [32m[1mLinking CXX shared library libnav2_spin_action_bt_node.so[0m
make[2]: warning:  Clock skew detected.  Your build may be incomplete.
[ 16%] Built target nav2_behavior_tree
[35m[1mScanning dependencies of target nav2_round_robin_node_bt_node[0m
make[2]: warning:  Clock skew detected.  Your build may be incomplete.
make[2]: Warning: File '/home/sentry/Wolf-Moon/src/ThirdParty/navigation2/nav2_behavior_tree/plugins/control/round_robin_node.cpp' has modification time 177416 s in the future
[ 16%] Built target nav2_spin_action_bt_node
[ 16%] [32mBuilding CXX object CMakeFiles/nav2_round_robin_node_bt_node.dir/plugins/control/round_robin_node.cpp.o[0m
[35m[1mScanning dependencies of target nav2_navigate_through_poses_action_bt_node[0m
make[2]: Warning: File '/home/sentry/Wolf-Moon/src/ThirdParty/navigation2/nav2_behavior_tree/plugins/action/navigate_through_poses_action.cpp' has modification time 177416 s in the future
[ 17%] [32mBuilding CXX object CMakeFiles/nav2_navigate_through_poses_action_bt_node.dir/plugins/action/navigate_through_poses_action.cpp.o[0m
[ 17%] [32m[1mLinking CXX shared library libnav2_wait_action_bt_node.so[0m
[ 18%] [32m[1mLinking CXX shared library libnav2_compute_path_through_poses_action_bt_node.so[0m
make[2]: warning:  Clock skew detected.  Your build may be incomplete.
[ 18%] Built target nav2_wait_action_bt_node
make[2]: warning:  Clock skew detected.  Your build may be incomplete.
[ 18%] Built target nav2_compute_path_through_poses_action_bt_node
[ 19%] [32m[1mLinking CXX shared library libnav2_compute_path_to_pose_action_bt_node.so[0m
make[2]: warning:  Clock skew detected.  Your build may be incomplete.
[ 19%] Built target nav2_compute_path_to_pose_action_bt_node
[ 20%] [32m[1mLinking CXX shared library libnav2_round_robin_node_bt_node.so[0m
make[2]: warning:  Clock skew detected.  Your build may be incomplete.
[ 20%] Built target nav2_round_robin_node_bt_node
[ 21%] [32m[1mLinking CXX shared library libnav2_planner_selector_bt_node.so[0m
[ 22%] [32m[1mLinking CXX shared library libnav2_goal_checker_selector_bt_node.so[0m
make[2]: warning:  Clock skew detected.  Your build may be incomplete.
[ 22%] Built target nav2_planner_selector_bt_node
[ 22%] [32m[1mLinking CXX shared library libnav2_goal_reached_condition_bt_node.so[0m
[ 22%] [32m[1mLinking CXX shared library libnav2_follow_path_action_bt_node.so[0m
[ 23%] [32m[1mLinking CXX shared library libnav2_controller_selector_bt_node.so[0m
make[2]: warning:  Clock skew detected.  Your build may be incomplete.
[ 23%] Built target nav2_goal_checker_selector_bt_node
make[2]: warning:  Clock skew detected.  Your build may be incomplete.
[ 23%] Built target nav2_follow_path_action_bt_node
make[2]: warning:  Clock skew detected.  Your build may be incomplete.
[ 23%] Built target nav2_goal_reached_condition_bt_node
make[2]: warning:  Clock skew detected.  Your build may be incomplete.
[ 23%] Built target nav2_controller_selector_bt_node
[ 24%] [32m[1mLinking CXX shared library libnav2_is_stuck_condition_bt_node.so[0m
make[2]: warning:  Clock skew detected.  Your build may be incomplete.
[ 24%] Built target nav2_is_stuck_condition_bt_node
[ 24%] [32m[1mLinking CXX shared library libnav2_navigate_through_poses_action_bt_node.so[0m
make[2]: warning:  Clock skew detected.  Your build may be incomplete.
[ 24%] Built target nav2_navigate_through_poses_action_bt_node
[ 25%] [32m[1mLinking CXX shared library libnav2_goal_updater_node_bt_node.so[0m
make[2]: warning:  Clock skew detected.  Your build may be incomplete.
[ 25%] Built target nav2_goal_updater_node_bt_node
[35m[1mScanning dependencies of target nav2_truncate_path_action_bt_node[0m
make[2]: Warning: File '/home/sentry/Wolf-Moon/src/ThirdParty/navigation2/nav2_behavior_tree/plugins/action/truncate_path_action.cpp' has modification time 177405 s in the future
[ 26%] [32mBuilding CXX object CMakeFiles/nav2_truncate_path_action_bt_node.dir/plugins/action/truncate_path_action.cpp.o[0m
[35m[1mScanning dependencies of target nav2_navigate_to_pose_action_bt_node[0m
make[2]: Warning: File '/home/sentry/Wolf-Moon/src/ThirdParty/navigation2/nav2_behavior_tree/plugins/action/navigate_to_pose_action.cpp' has modification time 177404 s in the future
[ 27%] [32mBuilding CXX object CMakeFiles/nav2_navigate_to_pose_action_bt_node.dir/plugins/action/navigate_to_pose_action.cpp.o[0m
[35m[1mScanning dependencies of target nav2_speed_controller_bt_node[0m
make[2]: Warning: File '/home/sentry/Wolf-Moon/src/ThirdParty/navigation2/nav2_behavior_tree/plugins/decorator/speed_controller.cpp' has modification time 177403 s in the future
[ 27%] [32mBuilding CXX object CMakeFiles/nav2_speed_controller_bt_node.dir/plugins/decorator/speed_controller.cpp.o[0m
[35m[1mScanning dependencies of target nav2_clear_costmap_service_bt_node[0m
make[2]: Warning: File '/home/sentry/Wolf-Moon/src/ThirdParty/navigation2/nav2_behavior_tree/plugins/action/clear_costmap_service.cpp' has modification time 177402 s in the future
[ 28%] [32mBuilding CXX object CMakeFiles/nav2_clear_costmap_service_bt_node.dir/plugins/action/clear_costmap_service.cpp.o[0m
[ 29%] [32m[1mLinking CXX shared library libnav2_truncate_path_action_bt_node.so[0m
make[2]: warning:  Clock skew detected.  Your build may be incomplete.
[ 29%] Built target nav2_truncate_path_action_bt_node
[35m[1mScanning dependencies of target nav2_distance_controller_bt_node[0m
make[2]: Warning: File '/home/sentry/Wolf-Moon/src/ThirdParty/navigation2/nav2_behavior_tree/plugins/decorator/distance_controller.cpp' has modification time 177401 s in the future
[35m[1mScanning dependencies of target nav2_back_up_action_bt_node[0m
[ 30%] [32mBuilding CXX object CMakeFiles/nav2_distance_controller_bt_node.dir/plugins/decorator/distance_controller.cpp.o[0m
make[2]: Warning: File '/home/sentry/Wolf-Moon/src/ThirdParty/navigation2/nav2_behavior_tree/plugins/action/back_up_action.cpp' has modification time 177401 s in the future
[ 31%] [32mBuilding CXX object CMakeFiles/nav2_back_up_action_bt_node.dir/plugins/action/back_up_action.cpp.o[0m
[35m[1mScanning dependencies of target nav2_rate_controller_bt_node[0m
make[2]: Warning: File '/home/sentry/Wolf-Moon/src/ThirdParty/navigation2/nav2_behavior_tree/plugins/decorator/rate_controller.cpp' has modification time 177400 s in the future
[ 32%] [32mBuilding CXX object CMakeFiles/nav2_rate_controller_bt_node.dir/plugins/decorator/rate_controller.cpp.o[0m
[35m[1mScanning dependencies of target nav2_reinitialize_global_localization_service_bt_node[0m
make[2]: Warning: File '/home/sentry/Wolf-Moon/src/ThirdParty/navigation2/nav2_behavior_tree/plugins/action/reinitialize_global_localization_service.cpp' has modification time 177399 s in the future
[ 32%] [32mBuilding CXX object CMakeFiles/nav2_reinitialize_global_localization_service_bt_node.dir/plugins/action/reinitialize_global_localization_service.cpp.o[0m
[35m[1mScanning dependencies of target nav2_is_battery_low_condition_bt_node[0m
make[2]: Warning: File '/home/sentry/Wolf-Moon/src/ThirdParty/navigation2/nav2_behavior_tree/plugins/condition/is_battery_low_condition.cpp' has modification time 177398 s in the future
[ 33%] [32mBuilding CXX object CMakeFiles/nav2_is_battery_low_condition_bt_node.dir/plugins/condition/is_battery_low_condition.cpp.o[0m
[ 34%] [32m[1mLinking CXX shared library libnav2_navigate_to_pose_action_bt_node.so[0m
make[2]: warning:  Clock skew detected.  Your build may be incomplete.
[ 34%] Built target nav2_navigate_to_pose_action_bt_node
[35m[1mScanning dependencies of target nav2_distance_traveled_condition_bt_node[0m
make[2]: Warning: File '/home/sentry/Wolf-Moon/src/ThirdParty/navigation2/nav2_behavior_tree/plugins/condition/distance_traveled_condition.cpp' has modification time 177398 s in the future
[ 34%] [32mBuilding CXX object CMakeFiles/nav2_distance_traveled_condition_bt_node.dir/plugins/condition/distance_traveled_condition.cpp.o[0m
[ 34%] [32m[1mLinking CXX shared library libnav2_rate_controller_bt_node.so[0m
make[2]: warning:  Clock skew detected.  Your build may be incomplete.
[ 34%] Built target nav2_rate_controller_bt_node
[35m[1mScanning dependencies of target nav2_recovery_node_bt_node[0m
make[2]: Warning: File '/home/sentry/Wolf-Moon/src/ThirdParty/navigation2/nav2_behavior_tree/plugins/control/recovery_node.cpp' has modification time 177397 s in the future
[35m[1mScanning dependencies of target nav2_time_expired_condition_bt_node[0m
[ 35%] [32mBuilding CXX object CMakeFiles/nav2_recovery_node_bt_node.dir/plugins/control/recovery_node.cpp.o[0m
make[2]: Warning: File '/home/sentry/Wolf-Moon/src/ThirdParty/navigation2/nav2_behavior_tree/plugins/condition/time_expired_condition.cpp' has modification time 177397 s in the future
[ 36%] [32mBuilding CXX object CMakeFiles/nav2_time_expired_condition_bt_node.dir/plugins/condition/time_expired_condition.cpp.o[0m
[ 37%] [32m[1mLinking CXX shared library libnav2_speed_controller_bt_node.so[0m
make[2]: warning:  Clock skew detected.  Your build may be incomplete.
[ 37%] Built target nav2_speed_controller_bt_node
[35m[1mScanning dependencies of target nav2_initial_pose_received_condition_bt_node[0m
[ 38%] Built target gtest
make[2]: Warning: File '/home/sentry/Wolf-Moon/src/ThirdParty/navigation2/nav2_behavior_tree/plugins/condition/initial_pose_received_condition.cpp' has modification time 177396 s in the future
[ 38%] [32mBuilding CXX object CMakeFiles/nav2_initial_pose_received_condition_bt_node.dir/plugins/condition/initial_pose_received_condition.cpp.o[0m
[ 39%] Built target gtest_main
[35m[1mScanning dependencies of target nav2_remove_passed_goals_action_bt_node[0m
make[2]: Warning: File '/home/sentry/Wolf-Moon/src/ThirdParty/navigation2/nav2_behavior_tree/plugins/action/remove_passed_goals_action.cpp' has modification time 177396 s in the future
[ 40%] [32mBuilding CXX object CMakeFiles/nav2_remove_passed_goals_action_bt_node.dir/plugins/action/remove_passed_goals_action.cpp.o[0m
[35m[1mScanning dependencies of target test_condition_goal_updated[0m
make[2]: Warning: File '/home/sentry/Wolf-Moon/src/ThirdParty/navigation2/nav2_behavior_tree/test/plugins/condition/test_goal_updated.cpp' has modification time 177395 s in the future
[ 40%] [32mBuilding CXX object test/plugins/condition/CMakeFiles/test_condition_goal_updated.dir/test_goal_updated.cpp.o[0m
[ 41%] [32m[1mLinking CXX shared library libnav2_distance_controller_bt_node.so[0m
make[2]: warning:  Clock skew detected.  Your build may be incomplete.
[ 41%] Built target nav2_distance_controller_bt_node
[ 42%] [32m[1mLinking CXX shared library libnav2_initial_pose_received_condition_bt_node.so[0m
make[2]: warning:  Clock skew detected.  Your build may be incomplete.
[ 42%] Built target nav2_initial_pose_received_condition_bt_node
[ 43%] [32m[1mLinking CXX shared library libnav2_recovery_node_bt_node.so[0m
make[2]: warning:  Clock skew detected.  Your build may be incomplete.
[ 43%] Built target nav2_recovery_node_bt_node
[ 44%] [32m[1mLinking CXX shared library libnav2_reinitialize_global_localization_service_bt_node.so[0m
[ 45%] [32m[1mLinking CXX shared library libnav2_back_up_action_bt_node.so[0m
[ 46%] [32m[1mLinking CXX shared library libnav2_clear_costmap_service_bt_node.so[0m
make[2]: warning:  Clock skew detected.  Your build may be incomplete.
[ 46%] Built target nav2_reinitialize_global_localization_service_bt_node
make[2]: warning:  Clock skew detected.  Your build may be incomplete.
[ 46%] Built target nav2_back_up_action_bt_node
make[2]: warning:  Clock skew detected.  Your build may be incomplete.
[ 46%] Built target nav2_clear_costmap_service_bt_node
[ 47%] [32m[1mLinking CXX shared library libnav2_time_expired_condition_bt_node.so[0m
make[2]: warning:  Clock skew detected.  Your build may be incomplete.
[ 47%] Built target nav2_time_expired_condition_bt_node
[ 48%] [32m[1mLinking CXX shared library libnav2_distance_traveled_condition_bt_node.so[0m
make[2]: warning:  Clock skew detected.  Your build may be incomplete.
[ 48%] Built target nav2_distance_traveled_condition_bt_node
[ 49%] [32m[1mLinking CXX shared library libnav2_remove_passed_goals_action_bt_node.so[0m
make[2]: warning:  Clock skew detected.  Your build may be incomplete.
[ 49%] Built target nav2_remove_passed_goals_action_bt_node
[ 50%] [32m[1mLinking CXX executable test_condition_goal_updated[0m
make[2]: warning:  Clock skew detected.  Your build may be incomplete.
[ 50%] Built target test_condition_goal_updated
[ 51%] [32m[1mLinking CXX shared library libnav2_is_battery_low_condition_bt_node.so[0m
make[2]: warning:  Clock skew detected.  Your build may be incomplete.
[ 51%] Built target nav2_is_battery_low_condition_bt_node
[35m[1mScanning dependencies of target test_control_round_robin_node[0m
make[2]: Warning: File '/home/sentry/Wolf-Moon/src/ThirdParty/navigation2/nav2_behavior_tree/test/plugins/control/test_round_robin_node.cpp' has modification time 177387 s in the future
[ 52%] [32mBuilding CXX object test/plugins/control/CMakeFiles/test_control_round_robin_node.dir/test_round_robin_node.cpp.o[0m
[ 53%] [32m[1mLinking CXX executable test_control_round_robin_node[0m
make[2]: warning:  Clock skew detected.  Your build may be incomplete.
[ 53%] Built target test_control_round_robin_node
[35m[1mScanning dependencies of target test_control_pipeline_sequence[0m
make[2]: Warning: File '/home/sentry/Wolf-Moon/src/ThirdParty/navigation2/nav2_behavior_tree/test/plugins/control/test_pipeline_sequence.cpp' has modification time 177382 s in the future
[ 54%] [32mBuilding CXX object test/plugins/control/CMakeFiles/test_control_pipeline_sequence.dir/test_pipeline_sequence.cpp.o[0m
[ 55%] [32m[1mLinking CXX executable test_control_pipeline_sequence[0m
make[2]: warning:  Clock skew detected.  Your build may be incomplete.
[ 55%] Built target test_control_pipeline_sequence
[35m[1mScanning dependencies of target test_control_recovery_node[0m
make[2]: Warning: File '/home/sentry/Wolf-Moon/src/ThirdParty/navigation2/nav2_behavior_tree/test/plugins/control/test_recovery_node.cpp' has modification time 177377 s in the future
[ 55%] [32mBuilding CXX object test/plugins/control/CMakeFiles/test_control_recovery_node.dir/test_recovery_node.cpp.o[0m
[35m[1mScanning dependencies of target test_goal_checker_selector_node[0m
make[2]: Warning: File '/home/sentry/Wolf-Moon/src/ThirdParty/navigation2/nav2_behavior_tree/test/plugins/action/test_goal_checker_selector_node.cpp' has modification time 177374 s in the future
[35m[1mScanning dependencies of target test_decorator_distance_controller[0m
[ 56%] [32mBuilding CXX object test/plugins/action/CMakeFiles/test_goal_checker_selector_node.dir/test_goal_checker_selector_node.cpp.o[0m
make[2]: Warning: File '/home/sentry/Wolf-Moon/src/ThirdParty/navigation2/nav2_behavior_tree/test/plugins/decorator/test_distance_controller.cpp' has modification time 177374 s in the future
[ 57%] [32mBuilding CXX object test/plugins/decorator/CMakeFiles/test_decorator_distance_controller.dir/test_distance_controller.cpp.o[0m
[35m[1mScanning dependencies of target test_decorator_speed_controller[0m
make[2]: Warning: File '/home/sentry/Wolf-Moon/src/ThirdParty/navigation2/nav2_behavior_tree/test/plugins/decorator/test_speed_controller.cpp' has modification time 177373 s in the future
[ 58%] [32mBuilding CXX object test/plugins/decorator/CMakeFiles/test_decorator_speed_controller.dir/test_speed_controller.cpp.o[0m
[35m[1mScanning dependencies of target test_decorator_rate_controller[0m
make[2]: Warning: File '/home/sentry/Wolf-Moon/src/ThirdParty/navigation2/nav2_behavior_tree/test/plugins/decorator/test_rate_controller.cpp' has modification time 177372 s in the future
[ 59%] [32mBuilding CXX object test/plugins/decorator/CMakeFiles/test_decorator_rate_controller.dir/test_rate_controller.cpp.o[0m
[35m[1mScanning dependencies of target test_goal_updated_controller[0m
make[2]: Warning: File '/home/sentry/Wolf-Moon/src/ThirdParty/navigation2/nav2_behavior_tree/test/plugins/decorator/test_goal_updated_controller.cpp' has modification time 177371 s in the future
[ 60%] [32mBuilding CXX object test/plugins/decorator/CMakeFiles/test_goal_updated_controller.dir/test_goal_updated_controller.cpp.o[0m
[35m[1mScanning dependencies of target test_goal_updater_node[0m
make[2]: Warning: File '/home/sentry/Wolf-Moon/src/ThirdParty/navigation2/nav2_behavior_tree/test/plugins/decorator/test_goal_updater_node.cpp' has modification time 177370 s in the future
[ 61%] [32mBuilding CXX object test/plugins/decorator/CMakeFiles/test_goal_updater_node.dir/test_goal_updater_node.cpp.o[0m
[ 62%] [32m[1mLinking CXX executable test_control_recovery_node[0m
make[2]: warning:  Clock skew detected.  Your build may be incomplete.
[ 62%] Built target test_control_recovery_node
[35m[1mScanning dependencies of target test_single_trigger_node[0m
make[2]: Warning: File '/home/sentry/Wolf-Moon/src/ThirdParty/navigation2/nav2_behavior_tree/test/plugins/decorator/test_single_trigger_node.cpp' has modification time 177370 s in the future
[ 62%] [32mBuilding CXX object test/plugins/decorator/CMakeFiles/test_single_trigger_node.dir/test_single_trigger_node.cpp.o[0m
[35m[1mScanning dependencies of target test_controller_selector_node[0m
make[2]: Warning: File '/home/sentry/Wolf-Moon/src/ThirdParty/navigation2/nav2_behavior_tree/test/plugins/action/test_controller_selector_node.cpp' has modification time 177369 s in the future
[ 62%] [32mBuilding CXX object test/plugins/action/CMakeFiles/test_controller_selector_node.dir/test_controller_selector_node.cpp.o[0m
[35m[1mScanning dependencies of target test_condition_goal_reached[0m
make[2]: Warning: File '/home/sentry/Wolf-Moon/src/ThirdParty/navigation2/nav2_behavior_tree/test/plugins/condition/test_goal_reached.cpp' has modification time 177368 s in the future
[ 63%] [32mBuilding CXX object test/plugins/condition/CMakeFiles/test_condition_goal_reached.dir/test_goal_reached.cpp.o[0m
[ 63%] [32m[1mLinking CXX executable test_decorator_distance_controller[0m
make[2]: warning:  Clock skew detected.  Your build may be incomplete.
[ 63%] Built target test_decorator_distance_controller
[35m[1mScanning dependencies of target test_condition_is_stuck[0m
[35m[1mScanning dependencies of target test_condition_transform_available[0m
make[2]: Warning: File '/home/sentry/Wolf-Moon/src/ThirdParty/navigation2/nav2_behavior_tree/test/plugins/condition/test_is_stuck.cpp' has modification time 177367 s in the future
make[2]: Warning: File '/home/sentry/Wolf-Moon/src/ThirdParty/navigation2/nav2_behavior_tree/test/plugins/condition/test_transform_available.cpp' has modification time 177367 s in the future
[ 63%] [32mBuilding CXX object test/plugins/condition/CMakeFiles/test_condition_transform_available.dir/test_transform_available.cpp.o[0m
[ 64%] [32mBuilding CXX object test/plugins/condition/CMakeFiles/test_condition_is_stuck.dir/test_is_stuck.cpp.o[0m
[35m[1mScanning dependencies of target test_planner_selector_node[0m
make[2]: Warning: File '/home/sentry/Wolf-Moon/src/ThirdParty/navigation2/nav2_behavior_tree/test/plugins/action/test_planner_selector_node.cpp' has modification time 177366 s in the future
[ 64%] [32mBuilding CXX object test/plugins/action/CMakeFiles/test_planner_selector_node.dir/test_planner_selector_node.cpp.o[0m
[ 65%] [32m[1mLinking CXX executable test_goal_checker_selector_node[0m
[ 65%] [32m[1mLinking CXX executable test_decorator_speed_controller[0m
make[2]: warning:  Clock skew detected.  Your build may be incomplete.
[ 65%] Built target test_goal_checker_selector_node
[35m[1mScanning dependencies of target test_bt_conversions[0m
[35m[1mScanning dependencies of target test_action_spin_action[0m
make[2]: Warning: File '/home/sentry/Wolf-Moon/src/ThirdParty/navigation2/nav2_behavior_tree/test/test_bt_conversions.cpp' has modification time 177365 s in the future
make[2]: Warning: File '/home/sentry/Wolf-Moon/src/ThirdParty/navigation2/nav2_behavior_tree/test/plugins/action/test_spin_action.cpp' has modification time 177365 s in the future
[ 66%] [32mBuilding CXX object test/CMakeFiles/test_bt_conversions.dir/test_bt_conversions.cpp.o[0m
[ 67%] [32mBuilding CXX object test/plugins/action/CMakeFiles/test_action_spin_action.dir/test_spin_action.cpp.o[0m
make[2]: warning:  Clock skew detected.  Your build may be incomplete.
[ 67%] Built target test_decorator_speed_controller
[35m[1mScanning dependencies of target test_bt_action_node[0m
make[2]: Warning: File '/home/sentry/Wolf-Moon/src/ThirdParty/navigation2/nav2_behavior_tree/test/plugins/action/test_bt_action_node.cpp' has modification time 177365 s in the future
[ 67%] [32mBuilding CXX object test/plugins/action/CMakeFiles/test_bt_action_node.dir/test_bt_action_node.cpp.o[0m
[ 68%] [32m[1mLinking CXX executable test_decorator_rate_controller[0m
make[2]: warning:  Clock skew detected.  Your build may be incomplete.
[ 68%] Built target test_decorator_rate_controller
[ 68%] [32m[1mLinking CXX executable test_goal_updated_controller[0m
make[2]: warning:  Clock skew detected.  Your build may be incomplete.
[ 68%] Built target test_goal_updated_controller
[ 69%] [32m[1mLinking CXX executable test_goal_updater_node[0m
[ 70%] [32m[1mLinking CXX executable test_bt_conversions[0m
make[2]: warning:  Clock skew detected.  Your build may be incomplete.
[ 70%] Built target test_goal_updater_node
[ 71%] [32m[1mLinking CXX executable test_controller_selector_node[0m
[ 72%] [32m[1mLinking CXX executable test_single_trigger_node[0m
make[2]: warning:  Clock skew detected.  Your build may be incomplete.
[ 72%] Built target test_bt_conversions
make[2]: warning:  Clock skew detected.  Your build may be incomplete.
[ 72%] Built target test_controller_selector_node
make[2]: warning:  Clock skew detected.  Your build may be incomplete.
[ 72%] Built target test_single_trigger_node
[ 73%] [32m[1mLinking CXX executable test_condition_transform_available[0m
make[2]: warning:  Clock skew detected.  Your build may be incomplete.
[ 73%] Built target test_condition_transform_available
[ 74%] [32m[1mLinking CXX executable test_condition_goal_reached[0m
[ 74%] [32m[1mLinking CXX executable test_action_spin_action[0m
make[2]: warning:  Clock skew detected.  Your build may be incomplete.
[ 74%] Built target test_action_spin_action
make[2]: warning:  Clock skew detected.  Your build may be incomplete.
[ 75%] [32m[1mLinking CXX executable test_planner_selector_node[0m
[ 75%] Built target test_condition_goal_reached
make[2]: warning:  Clock skew detected.  Your build may be incomplete.
[ 75%] Built target test_planner_selector_node
[ 75%] [32m[1mLinking CXX executable test_condition_is_stuck[0m
make[2]: warning:  Clock skew detected.  Your build may be incomplete.
[ 75%] Built target test_condition_is_stuck
[ 76%] [32m[1mLinking CXX executable test_bt_action_node[0m
make[2]: warning:  Clock skew detected.  Your build may be incomplete.
[ 76%] Built target test_bt_action_node
[35m[1mScanning dependencies of target test_remove_passed_goals_action[0m
make[2]: Warning: File '/home/sentry/Wolf-Moon/src/ThirdParty/navigation2/nav2_behavior_tree/test/plugins/action/test_remove_passed_goals_action.cpp' has modification time 177353 s in the future
[ 77%] [32mBuilding CXX object test/plugins/action/CMakeFiles/test_remove_passed_goals_action.dir/test_remove_passed_goals_action.cpp.o[0m
[ 78%] [32m[1mLinking CXX executable test_remove_passed_goals_action[0m
make[2]: warning:  Clock skew detected.  Your build may be incomplete.
[ 78%] Built target test_remove_passed_goals_action
[35m[1mScanning dependencies of target test_condition_distance_traveled[0m
make[2]: Warning: File '/home/sentry/Wolf-Moon/src/ThirdParty/navigation2/nav2_behavior_tree/test/plugins/condition/test_distance_traveled.cpp' has modification time 177347 s in the future
[ 78%] [32mBuilding CXX object test/plugins/condition/CMakeFiles/test_condition_distance_traveled.dir/test_distance_traveled.cpp.o[0m
[ 79%] [32m[1mLinking CXX executable test_condition_distance_traveled[0m
make[2]: warning:  Clock skew detected.  Your build may be incomplete.
[ 79%] Built target test_condition_distance_traveled
[35m[1mScanning dependencies of target test_condition_time_expired[0m
make[2]: Warning: File '/home/sentry/Wolf-Moon/src/ThirdParty/navigation2/nav2_behavior_tree/test/plugins/condition/test_time_expired.cpp' has modification time 177342 s in the future
[ 80%] [32mBuilding CXX object test/plugins/condition/CMakeFiles/test_condition_time_expired.dir/test_time_expired.cpp.o[0m
[ 81%] [32m[1mLinking CXX executable test_condition_time_expired[0m
make[2]: warning:  Clock skew detected.  Your build may be incomplete.
[ 81%] Built target test_condition_time_expired
[35m[1mScanning dependencies of target test_condition_initial_pose_received[0m
make[2]: Warning: File '/home/sentry/Wolf-Moon/src/ThirdParty/navigation2/nav2_behavior_tree/test/plugins/condition/test_initial_pose_received.cpp' has modification time 177337 s in the future
[ 82%] [32mBuilding CXX object test/plugins/condition/CMakeFiles/test_condition_initial_pose_received.dir/test_initial_pose_received.cpp.o[0m
[ 82%] [32m[1mLinking CXX executable test_condition_initial_pose_received[0m
make[2]: warning:  Clock skew detected.  Your build may be incomplete.
[ 82%] Built target test_condition_initial_pose_received
[35m[1mScanning dependencies of target test_action_navigate_to_pose_action[0m
[35m[1mScanning dependencies of target test_condition_is_battery_low[0m
make[2]: Warning: File '/home/sentry/Wolf-Moon/src/ThirdParty/navigation2/nav2_behavior_tree/test/plugins/action/test_navigate_to_pose_action.cpp' has modification time 177332 s in the future
make[2]: Warning: File '/home/sentry/Wolf-Moon/src/ThirdParty/navigation2/nav2_behavior_tree/test/plugins/condition/test_is_battery_low.cpp' has modification time 177332 s in the future
[ 83%] [32mBuilding CXX object test/plugins/action/CMakeFiles/test_action_navigate_to_pose_action.dir/test_navigate_to_pose_action.cpp.o[0m
[ 84%] [32mBuilding CXX object test/plugins/condition/CMakeFiles/test_condition_is_battery_low.dir/test_is_battery_low.cpp.o[0m
[ 84%] [32m[1mLinking CXX executable test_action_navigate_to_pose_action[0m
make[2]: warning:  Clock skew detected.  Your build may be incomplete.
[ 84%] Built target test_action_navigate_to_pose_action
[35m[1mScanning dependencies of target test_truncate_path_action[0m
[35m[1mScanning dependencies of target test_action_follow_path_action[0m
[35m[1mScanning dependencies of target test_action_navigate_through_poses_action[0m
make[2]: Warning: File '/home/sentry/Wolf-Moon/src/ThirdParty/navigation2/nav2_behavior_tree/test/plugins/action/test_truncate_path_action.cpp' has modification time 177327 s in the future
[ 85%] [32mBuilding CXX object test/plugins/action/CMakeFiles/test_truncate_path_action.dir/test_truncate_path_action.cpp.o[0m
make[2]: Warning: File '/home/sentry/Wolf-Moon/src/ThirdParty/navigation2/nav2_behavior_tree/test/plugins/action/test_navigate_through_poses_action.cpp' has modification time 177327 s in the future
make[2]: Warning: File '/home/sentry/Wolf-Moon/src/ThirdParty/navigation2/nav2_behavior_tree/test/plugins/action/test_follow_path_action.cpp' has modification time 177327 s in the future
[ 86%] [32mBuilding CXX object test/plugins/action/CMakeFiles/test_action_navigate_through_poses_action.dir/test_navigate_through_poses_action.cpp.o[0m
[ 87%] [32mBuilding CXX object test/plugins/action/CMakeFiles/test_action_follow_path_action.dir/test_follow_path_action.cpp.o[0m
[ 88%] [32m[1mLinking CXX executable test_condition_is_battery_low[0m
make[2]: warning:  Clock skew detected.  Your build may be incomplete.
[ 88%] Built target test_condition_is_battery_low
[35m[1mScanning dependencies of target test_action_compute_path_to_pose_action[0m
[35m[1mScanning dependencies of target test_action_compute_path_through_poses_action[0m
make[2]: Warning: File '/home/sentry/Wolf-Moon/src/ThirdParty/navigation2/nav2_behavior_tree/test/plugins/action/test_compute_path_to_pose_action.cpp' has modification time 177326 s in the future
[ 88%] [32mBuilding CXX object test/plugins/action/CMakeFiles/test_action_compute_path_to_pose_action.dir/test_compute_path_to_pose_action.cpp.o[0m
make[2]: Warning: File '/home/sentry/Wolf-Moon/src/ThirdParty/navigation2/nav2_behavior_tree/test/plugins/action/test_compute_path_through_poses_action.cpp' has modification time 177326 s in the future
[ 89%] [32mBuilding CXX object test/plugins/action/CMakeFiles/test_action_compute_path_through_poses_action.dir/test_compute_path_through_poses_action.cpp.o[0m
[ 89%] [32m[1mLinking CXX executable test_action_follow_path_action[0m
make[2]: warning:  Clock skew detected.  Your build may be incomplete.
[ 89%] Built target test_action_follow_path_action
[ 90%] [32m[1mLinking CXX executable test_truncate_path_action[0m
make[2]: warning:  Clock skew detected.  Your build may be incomplete.
[ 90%] Built target test_truncate_path_action
[ 91%] [32m[1mLinking CXX executable test_action_navigate_through_poses_action[0m
make[2]: warning:  Clock skew detected.  Your build may be incomplete.
[ 91%] Built target test_action_navigate_through_poses_action
[ 92%] [32m[1mLinking CXX executable test_action_compute_path_to_pose_action[0m
make[2]: warning:  Clock skew detected.  Your build may be incomplete.
[ 92%] Built target test_action_compute_path_to_pose_action
[35m[1mScanning dependencies of target test_action_reinitialize_global_localization_service[0m
make[2]: Warning: File '/home/sentry/Wolf-Moon/src/ThirdParty/navigation2/nav2_behavior_tree/test/plugins/action/test_reinitialize_global_localization_service.cpp' has modification time 177318 s in the future
[ 93%] [32mBuilding CXX object test/plugins/action/CMakeFiles/test_action_reinitialize_global_localization_service.dir/test_reinitialize_global_localization_service.cpp.o[0m
[ 94%] [32m[1mLinking CXX executable test_action_compute_path_through_poses_action[0m
make[2]: warning:  Clock skew detected.  Your build may be incomplete.
[ 94%] Built target test_action_compute_path_through_poses_action
[35m[1mScanning dependencies of target test_action_clear_costmap_service[0m
make[2]: Warning: File '/home/sentry/Wolf-Moon/src/ThirdParty/navigation2/nav2_behavior_tree/test/plugins/action/test_clear_costmap_service.cpp' has modification time 177318 s in the future
[ 94%] [32mBuilding CXX object test/plugins/action/CMakeFiles/test_action_clear_costmap_service.dir/test_clear_costmap_service.cpp.o[0m
[ 95%] [32m[1mLinking CXX executable test_action_reinitialize_global_localization_service[0m
make[2]: warning:  Clock skew detected.  Your build may be incomplete.
[ 95%] Built target test_action_reinitialize_global_localization_service
[35m[1mScanning dependencies of target test_action_wait_action[0m
[35m[1mScanning dependencies of target test_action_back_up_action[0m
make[2]: Warning: File '/home/sentry/Wolf-Moon/src/ThirdParty/navigation2/nav2_behavior_tree/test/plugins/action/test_wait_action.cpp' has modification time 177314 s in the future
[ 96%] [32mBuilding CXX object test/plugins/action/CMakeFiles/test_action_wait_action.dir/test_wait_action.cpp.o[0m
make[2]: Warning: File '/home/sentry/Wolf-Moon/src/ThirdParty/navigation2/nav2_behavior_tree/test/plugins/action/test_back_up_action.cpp' has modification time 177314 s in the future
[ 97%] [32mBuilding CXX object test/plugins/action/CMakeFiles/test_action_back_up_action.dir/test_back_up_action.cpp.o[0m
[ 98%] [32m[1mLinking CXX executable test_action_clear_costmap_service[0m
make[2]: warning:  Clock skew detected.  Your build may be incomplete.
[ 98%] Built target test_action_clear_costmap_service
[ 99%] [32m[1mLinking CXX executable test_action_wait_action[0m
make[2]: warning:  Clock skew detected.  Your build may be incomplete.
[ 99%] Built target test_action_wait_action
[100%] [32m[1mLinking CXX executable test_action_back_up_action[0m
make[2]: warning:  Clock skew detected.  Your build may be incomplete.
[100%] Built target test_action_back_up_action
-- Install configuration: "Release"
-- Installing: /home/sentry/Wolf-Moon/install/nav2_behavior_tree/lib/libnav2_behavior_tree.so
-- Set runtime path of "/home/sentry/Wolf-Moon/install/nav2_behavior_tree/lib/libnav2_behavior_tree.so" to ""
-- Installing: /home/sentry/Wolf-Moon/install/nav2_behavior_tree/lib/libnav2_compute_path_to_pose_action_bt_node.so
-- Set runtime path of "/home/sentry/Wolf-Moon/install/nav2_behavior_tree/lib/libnav2_compute_path_to_pose_action_bt_node.so" to ""
-- Installing: /home/sentry/Wolf-Moon/install/nav2_behavior_tree/lib/libnav2_compute_path_through_poses_action_bt_node.so
-- Set runtime path of "/home/sentry/Wolf-Moon/install/nav2_behavior_tree/lib/libnav2_compute_path_through_poses_action_bt_node.so" to ""
-- Installing: /home/sentry/Wolf-Moon/install/nav2_behavior_tree/lib/libnav2_follow_path_action_bt_node.so
-- Set runtime path of "/home/sentry/Wolf-Moon/install/nav2_behavior_tree/lib/libnav2_follow_path_action_bt_node.so" to ""
-- Installing: /home/sentry/Wolf-Moon/install/nav2_behavior_tree/lib/libnav2_back_up_action_bt_node.so
-- Set runtime path of "/home/sentry/Wolf-Moon/install/nav2_behavior_tree/lib/libnav2_back_up_action_bt_node.so" to ""
-- Installing: /home/sentry/Wolf-Moon/install/nav2_behavior_tree/lib/libnav2_spin_action_bt_node.so
-- Set runtime path of "/home/sentry/Wolf-Moon/install/nav2_behavior_tree/lib/libnav2_spin_action_bt_node.so" to ""
-- Installing: /home/sentry/Wolf-Moon/install/nav2_behavior_tree/lib/libnav2_wait_action_bt_node.so
-- Set runtime path of "/home/sentry/Wolf-Moon/install/nav2_behavior_tree/lib/libnav2_wait_action_bt_node.so" to ""
-- Installing: /home/sentry/Wolf-Moon/install/nav2_behavior_tree/lib/libnav2_clear_costmap_service_bt_node.so
-- Set runtime path of "/home/sentry/Wolf-Moon/install/nav2_behavior_tree/lib/libnav2_clear_costmap_service_bt_node.so" to ""
-- Installing: /home/sentry/Wolf-Moon/install/nav2_behavior_tree/lib/libnav2_is_stuck_condition_bt_node.so
-- Set runtime path of "/home/sentry/Wolf-Moon/install/nav2_behavior_tree/lib/libnav2_is_stuck_condition_bt_node.so" to ""
-- Installing: /home/sentry/Wolf-Moon/install/nav2_behavior_tree/lib/libnav2_transform_available_condition_bt_node.so
-- Set runtime path of "/home/sentry/Wolf-Moon/install/nav2_behavior_tree/lib/libnav2_transform_available_condition_bt_node.so" to ""
-- Installing: /home/sentry/Wolf-Moon/install/nav2_behavior_tree/lib/libnav2_goal_reached_condition_bt_node.so
-- Set runtime path of "/home/sentry/Wolf-Moon/install/nav2_behavior_tree/lib/libnav2_goal_reached_condition_bt_node.so" to ""
-- Installing: /home/sentry/Wolf-Moon/install/nav2_behavior_tree/lib/libnav2_goal_updated_condition_bt_node.so
-- Set runtime path of "/home/sentry/Wolf-Moon/install/nav2_behavior_tree/lib/libnav2_goal_updated_condition_bt_node.so" to ""
-- Installing: /home/sentry/Wolf-Moon/install/nav2_behavior_tree/lib/libnav2_time_expired_condition_bt_node.so
-- Set runtime path of "/home/sentry/Wolf-Moon/install/nav2_behavior_tree/lib/libnav2_time_expired_condition_bt_node.so" to ""
-- Installing: /home/sentry/Wolf-Moon/install/nav2_behavior_tree/lib/libnav2_distance_traveled_condition_bt_node.so
-- Set runtime path of "/home/sentry/Wolf-Moon/install/nav2_behavior_tree/lib/libnav2_distance_traveled_condition_bt_node.so" to ""
-- Installing: /home/sentry/Wolf-Moon/install/nav2_behavior_tree/lib/libnav2_initial_pose_received_condition_bt_node.so
-- Set runtime path of "/home/sentry/Wolf-Moon/install/nav2_behavior_tree/lib/libnav2_initial_pose_received_condition_bt_node.so" to ""
-- Installing: /home/sentry/Wolf-Moon/install/nav2_behavior_tree/lib/libnav2_is_battery_low_condition_bt_node.so
-- Set runtime path of "/home/sentry/Wolf-Moon/install/nav2_behavior_tree/lib/libnav2_is_battery_low_condition_bt_node.so" to ""
-- Installing: /home/sentry/Wolf-Moon/install/nav2_behavior_tree/lib/libnav2_reinitialize_global_localization_service_bt_node.so
-- Set runtime path of "/home/sentry/Wolf-Moon/install/nav2_behavior_tree/lib/libnav2_reinitialize_global_localization_service_bt_node.so" to ""
-- Installing: /home/sentry/Wolf-Moon/install/nav2_behavior_tree/lib/libnav2_rate_controller_bt_node.so
-- Set runtime path of "/home/sentry/Wolf-Moon/install/nav2_behavior_tree/lib/libnav2_rate_controller_bt_node.so" to ""
-- Installing: /home/sentry/Wolf-Moon/install/nav2_behavior_tree/lib/libnav2_distance_controller_bt_node.so
-- Set runtime path of "/home/sentry/Wolf-Moon/install/nav2_behavior_tree/lib/libnav2_distance_controller_bt_node.so" to ""
-- Installing: /home/sentry/Wolf-Moon/install/nav2_behavior_tree/lib/libnav2_speed_controller_bt_node.so
-- Set runtime path of "/home/sentry/Wolf-Moon/install/nav2_behavior_tree/lib/libnav2_speed_controller_bt_node.so" to ""
-- Installing: /home/sentry/Wolf-Moon/install/nav2_behavior_tree/lib/libnav2_truncate_path_action_bt_node.so
-- Set runtime path of "/home/sentry/Wolf-Moon/install/nav2_behavior_tree/lib/libnav2_truncate_path_action_bt_node.so" to ""
-- Installing: /home/sentry/Wolf-Moon/install/nav2_behavior_tree/lib/libnav2_goal_updater_node_bt_node.so
-- Set runtime path of "/home/sentry/Wolf-Moon/install/nav2_behavior_tree/lib/libnav2_goal_updater_node_bt_node.so" to ""
-- Installing: /home/sentry/Wolf-Moon/install/nav2_behavior_tree/lib/libnav2_recovery_node_bt_node.so
-- Set runtime path of "/home/sentry/Wolf-Moon/install/nav2_behavior_tree/lib/libnav2_recovery_node_bt_node.so" to ""
-- Installing: /home/sentry/Wolf-Moon/install/nav2_behavior_tree/lib/libnav2_navigate_to_pose_action_bt_node.so
-- Set runtime path of "/home/sentry/Wolf-Moon/install/nav2_behavior_tree/lib/libnav2_navigate_to_pose_action_bt_node.so" to ""
-- Installing: /home/sentry/Wolf-Moon/install/nav2_behavior_tree/lib/libnav2_navigate_through_poses_action_bt_node.so
-- Set runtime path of "/home/sentry/Wolf-Moon/install/nav2_behavior_tree/lib/libnav2_navigate_through_poses_action_bt_node.so" to ""
-- Installing: /home/sentry/Wolf-Moon/install/nav2_behavior_tree/lib/libnav2_remove_passed_goals_action_bt_node.so
-- Set runtime path of "/home/sentry/Wolf-Moon/install/nav2_behavior_tree/lib/libnav2_remove_passed_goals_action_bt_node.so" to ""
-- Installing: /home/sentry/Wolf-Moon/install/nav2_behavior_tree/lib/libnav2_pipeline_sequence_bt_node.so
-- Set runtime path of "/home/sentry/Wolf-Moon/install/nav2_behavior_tree/lib/libnav2_pipeline_sequence_bt_node.so" to ""
-- Installing: /home/sentry/Wolf-Moon/install/nav2_behavior_tree/lib/libnav2_round_robin_node_bt_node.so
-- Set runtime path of "/home/sentry/Wolf-Moon/install/nav2_behavior_tree/lib/libnav2_round_robin_node_bt_node.so" to ""
-- Installing: /home/sentry/Wolf-Moon/install/nav2_behavior_tree/lib/libnav2_single_trigger_bt_node.so
-- Set runtime path of "/home/sentry/Wolf-Moon/install/nav2_behavior_tree/lib/libnav2_single_trigger_bt_node.so" to ""
-- Installing: /home/sentry/Wolf-Moon/install/nav2_behavior_tree/lib/libnav2_planner_selector_bt_node.so
-- Set runtime path of "/home/sentry/Wolf-Moon/install/nav2_behavior_tree/lib/libnav2_planner_selector_bt_node.so" to ""
-- Installing: /home/sentry/Wolf-Moon/install/nav2_behavior_tree/lib/libnav2_controller_selector_bt_node.so
-- Set runtime path of "/home/sentry/Wolf-Moon/install/nav2_behavior_tree/lib/libnav2_controller_selector_bt_node.so" to ""
-- Installing: /home/sentry/Wolf-Moon/install/nav2_behavior_tree/lib/libnav2_goal_checker_selector_bt_node.so
-- Set runtime path of "/home/sentry/Wolf-Moon/install/nav2_behavior_tree/lib/libnav2_goal_checker_selector_bt_node.so" to ""
-- Installing: /home/sentry/Wolf-Moon/install/nav2_behavior_tree/lib/libnav2_goal_updated_controller_bt_node.so
-- Set runtime path of "/home/sentry/Wolf-Moon/install/nav2_behavior_tree/lib/libnav2_goal_updated_controller_bt_node.so" to ""
-- Up-to-date: /home/sentry/Wolf-Moon/install/nav2_behavior_tree/include/
-- Up-to-date: /home/sentry/Wolf-Moon/install/nav2_behavior_tree/include//nav2_behavior_tree
-- Up-to-date: /home/sentry/Wolf-Moon/install/nav2_behavior_tree/include//nav2_behavior_tree/behavior_tree_engine.hpp
-- Up-to-date: /home/sentry/Wolf-Moon/install/nav2_behavior_tree/include//nav2_behavior_tree/bt_service_node.hpp
-- Up-to-date: /home/sentry/Wolf-Moon/install/nav2_behavior_tree/include//nav2_behavior_tree/bt_action_node.hpp
-- Up-to-date: /home/sentry/Wolf-Moon/install/nav2_behavior_tree/include//nav2_behavior_tree/plugins
-- Up-to-date: /home/sentry/Wolf-Moon/install/nav2_behavior_tree/include//nav2_behavior_tree/plugins/control
-- Up-to-date: /home/sentry/Wolf-Moon/install/nav2_behavior_tree/include//nav2_behavior_tree/plugins/control/recovery_node.hpp
-- Up-to-date: /home/sentry/Wolf-Moon/install/nav2_behavior_tree/include//nav2_behavior_tree/plugins/control/pipeline_sequence.hpp
-- Up-to-date: /home/sentry/Wolf-Moon/install/nav2_behavior_tree/include//nav2_behavior_tree/plugins/control/round_robin_node.hpp
-- Up-to-date: /home/sentry/Wolf-Moon/install/nav2_behavior_tree/include//nav2_behavior_tree/plugins/condition
-- Up-to-date: /home/sentry/Wolf-Moon/install/nav2_behavior_tree/include//nav2_behavior_tree/plugins/condition/distance_traveled_condition.hpp
-- Up-to-date: /home/sentry/Wolf-Moon/install/nav2_behavior_tree/include//nav2_behavior_tree/plugins/condition/initial_pose_received_condition.hpp
-- Up-to-date: /home/sentry/Wolf-Moon/install/nav2_behavior_tree/include//nav2_behavior_tree/plugins/condition/goal_updated_condition.hpp
-- Up-to-date: /home/sentry/Wolf-Moon/install/nav2_behavior_tree/include//nav2_behavior_tree/plugins/condition/is_stuck_condition.hpp
-- Up-to-date: /home/sentry/Wolf-Moon/install/nav2_behavior_tree/include//nav2_behavior_tree/plugins/condition/is_battery_low_condition.hpp
-- Up-to-date: /home/sentry/Wolf-Moon/install/nav2_behavior_tree/include//nav2_behavior_tree/plugins/condition/goal_reached_condition.hpp
-- Up-to-date: /home/sentry/Wolf-Moon/install/nav2_behavior_tree/include//nav2_behavior_tree/plugins/condition/time_expired_condition.hpp
-- Up-to-date: /home/sentry/Wolf-Moon/install/nav2_behavior_tree/include//nav2_behavior_tree/plugins/condition/transform_available_condition.hpp
-- Up-to-date: /home/sentry/Wolf-Moon/install/nav2_behavior_tree/include//nav2_behavior_tree/plugins/decorator
-- Up-to-date: /home/sentry/Wolf-Moon/install/nav2_behavior_tree/include//nav2_behavior_tree/plugins/decorator/speed_controller.hpp
-- Up-to-date: /home/sentry/Wolf-Moon/install/nav2_behavior_tree/include//nav2_behavior_tree/plugins/decorator/goal_updated_controller.hpp
-- Up-to-date: /home/sentry/Wolf-Moon/install/nav2_behavior_tree/include//nav2_behavior_tree/plugins/decorator/single_trigger_node.hpp
-- Up-to-date: /home/sentry/Wolf-Moon/install/nav2_behavior_tree/include//nav2_behavior_tree/plugins/decorator/distance_controller.hpp
-- Up-to-date: /home/sentry/Wolf-Moon/install/nav2_behavior_tree/include//nav2_behavior_tree/plugins/decorator/goal_updater_node.hpp
-- Up-to-date: /home/sentry/Wolf-Moon/install/nav2_behavior_tree/include//nav2_behavior_tree/plugins/decorator/rate_controller.hpp
-- Up-to-date: /home/sentry/Wolf-Moon/install/nav2_behavior_tree/include//nav2_behavior_tree/plugins/action
-- Up-to-date: /home/sentry/Wolf-Moon/install/nav2_behavior_tree/include//nav2_behavior_tree/plugins/action/wait_action.hpp
-- Up-to-date: /home/sentry/Wolf-Moon/install/nav2_behavior_tree/include//nav2_behavior_tree/plugins/action/spin_action.hpp
-- Up-to-date: /home/sentry/Wolf-Moon/install/nav2_behavior_tree/include//nav2_behavior_tree/plugins/action/clear_costmap_service.hpp
-- Up-to-date: /home/sentry/Wolf-Moon/install/nav2_behavior_tree/include//nav2_behavior_tree/plugins/action/reinitialize_global_localization_service.hpp
-- Up-to-date: /home/sentry/Wolf-Moon/install/nav2_behavior_tree/include//nav2_behavior_tree/plugins/action/truncate_path_action.hpp
-- Up-to-date: /home/sentry/Wolf-Moon/install/nav2_behavior_tree/include//nav2_behavior_tree/plugins/action/controller_selector_node.hpp
-- Up-to-date: /home/sentry/Wolf-Moon/install/nav2_behavior_tree/include//nav2_behavior_tree/plugins/action/goal_checker_selector_node.hpp
-- Up-to-date: /home/sentry/Wolf-Moon/install/nav2_behavior_tree/include//nav2_behavior_tree/plugins/action/navigate_through_poses_action.hpp
-- Up-to-date: /home/sentry/Wolf-Moon/install/nav2_behavior_tree/include//nav2_behavior_tree/plugins/action/remove_passed_goals_action.hpp
-- Up-to-date: /home/sentry/Wolf-Moon/install/nav2_behavior_tree/include//nav2_behavior_tree/plugins/action/compute_path_through_poses_action.hpp
-- Up-to-date: /home/sentry/Wolf-Moon/install/nav2_behavior_tree/include//nav2_behavior_tree/plugins/action/planner_selector_node.hpp
-- Up-to-date: /home/sentry/Wolf-Moon/install/nav2_behavior_tree/include//nav2_behavior_tree/plugins/action/back_up_action.hpp
-- Up-to-date: /home/sentry/Wolf-Moon/install/nav2_behavior_tree/include//nav2_behavior_tree/plugins/action/compute_path_to_pose_action.hpp
-- Up-to-date: /home/sentry/Wolf-Moon/install/nav2_behavior_tree/include//nav2_behavior_tree/plugins/action/navigate_to_pose_action.hpp
-- Up-to-date: /home/sentry/Wolf-Moon/install/nav2_behavior_tree/include//nav2_behavior_tree/plugins/action/follow_path_action.hpp
-- Up-to-date: /home/sentry/Wolf-Moon/install/nav2_behavior_tree/include//nav2_behavior_tree/bt_action_server_impl.hpp
-- Up-to-date: /home/sentry/Wolf-Moon/install/nav2_behavior_tree/include//nav2_behavior_tree/bt_action_server.hpp
-- Up-to-date: /home/sentry/Wolf-Moon/install/nav2_behavior_tree/include//nav2_behavior_tree/ros_topic_logger.hpp
-- Up-to-date: /home/sentry/Wolf-Moon/install/nav2_behavior_tree/include//nav2_behavior_tree/bt_conversions.hpp
-- Up-to-date: /home/sentry/Wolf-Moon/install/nav2_behavior_tree/share/nav2_behavior_tree/nav2_tree_nodes.xml
-- Up-to-date: /home/sentry/Wolf-Moon/install/nav2_behavior_tree/share/nav2_behavior_tree/environment/library_path.sh
-- Installing: /home/sentry/Wolf-Moon/install/nav2_behavior_tree/share/nav2_behavior_tree/environment/library_path.dsv
-- Up-to-date: /home/sentry/Wolf-Moon/install/nav2_behavior_tree/share/ament_index/resource_index/package_run_dependencies/nav2_behavior_tree
-- Up-to-date: /home/sentry/Wolf-Moon/install/nav2_behavior_tree/share/ament_index/resource_index/parent_prefix_path/nav2_behavior_tree
-- Up-to-date: /home/sentry/Wolf-Moon/install/nav2_behavior_tree/share/nav2_behavior_tree/environment/ament_prefix_path.sh
-- Installing: /home/sentry/Wolf-Moon/install/nav2_behavior_tree/share/nav2_behavior_tree/environment/ament_prefix_path.dsv
-- Up-to-date: /home/sentry/Wolf-Moon/install/nav2_behavior_tree/share/nav2_behavior_tree/environment/path.sh
-- Installing: /home/sentry/Wolf-Moon/install/nav2_behavior_tree/share/nav2_behavior_tree/environment/path.dsv
-- Up-to-date: /home/sentry/Wolf-Moon/install/nav2_behavior_tree/share/nav2_behavior_tree/local_setup.bash
-- Up-to-date: /home/sentry/Wolf-Moon/install/nav2_behavior_tree/share/nav2_behavior_tree/local_setup.sh
-- Up-to-date: /home/sentry/Wolf-Moon/install/nav2_behavior_tree/share/nav2_behavior_tree/local_setup.zsh
-- Installing: /home/sentry/Wolf-Moon/install/nav2_behavior_tree/share/nav2_behavior_tree/local_setup.dsv
-- Installing: /home/sentry/Wolf-Moon/install/nav2_behavior_tree/share/nav2_behavior_tree/package.dsv
-- Up-to-date: /home/sentry/Wolf-Moon/install/nav2_behavior_tree/share/ament_index/resource_index/packages/nav2_behavior_tree
-- Up-to-date: /home/sentry/Wolf-Moon/install/nav2_behavior_tree/share/nav2_behavior_tree/cmake/ament_cmake_export_include_directories-extras.cmake
-- Up-to-date: /home/sentry/Wolf-Moon/install/nav2_behavior_tree/share/nav2_behavior_tree/cmake/ament_cmake_export_libraries-extras.cmake
-- Up-to-date: /home/sentry/Wolf-Moon/install/nav2_behavior_tree/share/nav2_behavior_tree/cmake/ament_cmake_export_dependencies-extras.cmake
-- Up-to-date: /home/sentry/Wolf-Moon/install/nav2_behavior_tree/share/nav2_behavior_tree/cmake/nav2_behavior_treeConfig.cmake
-- Up-to-date: /home/sentry/Wolf-Moon/install/nav2_behavior_tree/share/nav2_behavior_tree/cmake/nav2_behavior_treeConfig-version.cmake
-- Up-to-date: /home/sentry/Wolf-Moon/install/nav2_behavior_tree/share/nav2_behavior_tree/package.xml
