[0.065s] Invoking command in '/home/sentry/Wolf-Moon/build/nav2_behavior_tree': AMENT_PREFIX_PATH=/home/sentry/Wolf-Moon/install/nav2_util:/home/sentry/Wolf-Moon/install/nav2_msgs:/home/sentry/Wolf-Moon/install/nav2_common:${AMENT_PREFIX_PATH} CMAKE_PREFIX_PATH=/home/sentry/Wolf-Moon/install/nav2_util:/home/sentry/Wolf-Moon/install/nav2_msgs:/home/sentry/Wolf-Moon/install/nav2_common:/opt/ros/galactic LD_LIBRARY_PATH=/home/sentry/Wolf-Moon/install/nav2_util/lib:/home/sentry/Wolf-Moon/install/nav2_msgs/lib:/opt/MVS/lib/64:/opt/MVS/lib/32:/home/sentry/TUP2024-Sentry-Framework/src/IG_LIO_SLAM/ThirdParty/octomap-Dynamic_point_cloud_removal/lib:/opt/intel/openvino_2022/tools/compile_tool:/opt/intel/openvino_2022/runtime/3rdparty/hddl/lib:/opt/intel/openvino_2022/runtime/lib/intel64:/opt/MVS/lib/64:/opt/MVS/lib/32:/usr/lib/x86_64-linux-gnu/gazebo-11/plugins:/opt/ros/galactic/opt/yaml_cpp_vendor/lib:/opt/ros/galactic/opt/rviz_ogre_vendor/lib:/opt/ros/galactic/lib/x86_64-linux-gnu:/opt/ros/galactic/lib:/home/sentry/TUP2024-Sentry-Framework/src/IG_LIO_SLAM/ThirdParty/octomap-Dynamic_point_cloud_removal/lib:/opt/intel/openvino_2022/tools/compile_tool:/opt/intel/openvino_2022/runtime/3rdparty/hddl/lib:/opt/intel/openvino_2022/runtime/lib/intel64:/opt/MVS/lib/64:/opt/MVS/lib/32:/opt/MVS/lib/64:/opt/MVS/lib/32:/usr/local/opencv4/lib:/usr/local/opencv4/lib PYTHONPATH=/home/sentry/Wolf-Moon/install/nav2_msgs/lib/python3.8/site-packages:/home/sentry/Wolf-Moon/install/nav2_common/lib/python3.8/site-packages:/opt/intel/openvino_2022/python/python3.8:/opt/intel/openvino_2022/python/python3:/opt/ros/galactic/lib/python3.8/site-packages:/opt/intel/openvino_2022/python/python3.8:/opt/intel/openvino_2022/python/python3 /usr/bin/cmake --build /home/sentry/Wolf-Moon/build/nav2_behavior_tree -- -j12 -l12
[0.124s] -- Found ament_cmake: 1.1.6 (/opt/ros/galactic/share/ament_cmake/cmake)
[0.167s] -- Using PYTHON_EXECUTABLE: /usr/bin/python3
[0.248s] -- Found nav2_common: 1.0.12 (/home/sentry/Wolf-Moon/install/nav2_common/share/nav2_common/cmake)
[0.255s] -- Found rclcpp: 9.2.2 (/opt/ros/galactic/share/rclcpp/cmake)
[0.315s] -- Using all available rosidl_typesupport_c: rosidl_typesupport_fastrtps_c;rosidl_typesupport_introspection_c
[0.322s] -- Found rosidl_adapter: 2.2.3 (/opt/ros/galactic/share/rosidl_adapter/cmake)
[0.513s] -- Using all available rosidl_typesupport_cpp: rosidl_typesupport_fastrtps_cpp;rosidl_typesupport_introspection_cpp
[0.582s] -- Found rmw_implementation_cmake: 3.3.1 (/opt/ros/galactic/share/rmw_implementation_cmake/cmake)
[0.586s] -- Found rmw_cyclonedds_cpp: 0.22.6 (/opt/ros/galactic/share/rmw_cyclonedds_cpp/cmake)
[0.609s] -- Using RMW implementation 'rmw_cyclonedds_cpp' as default
[0.777s] -- Found rclcpp_action: 9.2.2 (/opt/ros/galactic/share/rclcpp_action/cmake)
[0.834s] -- Found rclcpp_lifecycle: 9.2.2 (/opt/ros/galactic/share/rclcpp_lifecycle/cmake)
[0.861s] -- Found geometry_msgs: 2.2.4 (/opt/ros/galactic/share/geometry_msgs/cmake)
[0.886s] -- Found sensor_msgs: 2.2.4 (/opt/ros/galactic/share/sensor_msgs/cmake)
[0.950s] -- Found nav2_msgs: 1.0.12 (/home/sentry/Wolf-Moon/install/nav2_msgs/share/nav2_msgs/cmake)
[1.168s] -- Found tf2_ros: 0.17.5 (/opt/ros/galactic/share/tf2_ros/cmake)
[1.352s] -- Found tf2_geometry_msgs: 0.17.5 (/opt/ros/galactic/share/tf2_geometry_msgs/cmake)
[1.356s] -- Found eigen3_cmake_module: 0.1.1 (/opt/ros/galactic/share/eigen3_cmake_module/cmake)
[1.374s] -- Found std_srvs: 2.2.4 (/opt/ros/galactic/share/std_srvs/cmake)
[1.380s] -- Found nav2_util: 1.0.12 (/home/sentry/Wolf-Moon/install/nav2_util/share/nav2_util/cmake)
[8.320s] -- Found ament_lint_auto: 0.10.7 (/opt/ros/galactic/share/ament_lint_auto/cmake)
[8.478s] -- Found gtest sources under '/opt/ros/galactic/src/gtest_vendor': C++ tests using 'Google Test' will be built
[16.244s] -- Added test 'copyright' to check source files copyright and LICENSE
[16.250s] -- Added test 'cppcheck' to perform static code analysis on C / C++ code
[16.254s] -- Configured cppcheck include dirs: /home/sentry/Wolf-Moon/src/ThirdParty/navigation2/nav2_behavior_tree/include
[16.254s] -- Configured cppcheck exclude dirs and/or files: 
[16.260s] -- Added test 'cpplint' to check C / C++ code against the Google style
[16.260s] -- Configured cpplint exclude dirs and/or files: 
[16.262s] -- Added test 'lint_cmake' to check CMake code style
[16.268s] -- Added test 'uncrustify' to check C / C++ code style
[16.269s] -- Configured uncrustify additional arguments: 
[16.270s] -- Added test 'xmllint' to check XML markup files
[16.277s] -- Configuring done
[18.104s] -- Generating done
[18.715s] -- Build files have been written to: /home/sentry/Wolf-Moon/build/nav2_behavior_tree
[18.776s] [35m[1mScanning dependencies of target nav2_controller_selector_bt_node[0m
[18.776s] [35m[1mScanning dependencies of target nav2_goal_updated_controller_bt_node[0m
[18.776s] [35m[1mScanning dependencies of target nav2_planner_selector_bt_node[0m
[18.776s] [35m[1mScanning dependencies of target nav2_pipeline_sequence_bt_node[0m
[18.777s] [35m[1mScanning dependencies of target nav2_transform_available_condition_bt_node[0m
[18.780s] [35m[1mScanning dependencies of target nav2_single_trigger_bt_node[0m
[18.784s] [35m[1mScanning dependencies of target nav2_wait_action_bt_node[0m
[18.788s] [35m[1mScanning dependencies of target nav2_goal_checker_selector_bt_node[0m
[18.794s] [35m[1mScanning dependencies of target nav2_compute_path_through_poses_action_bt_node[0m
[18.795s] make[2]: Warning: File '/home/sentry/Wolf-Moon/src/ThirdParty/navigation2/nav2_behavior_tree/plugins/control/pipeline_sequence.cpp' has modification time 177428 s in the future
[18.795s] [35m[1mScanning dependencies of target nav2_spin_action_bt_node[0m
[18.797s] make[2]: Warning: File '/home/sentry/Wolf-Moon/src/ThirdParty/navigation2/nav2_behavior_tree/plugins/decorator/single_trigger_node.cpp' has modification time 177428 s in the future
[18.806s] make[2]: Warning: File '/home/sentry/Wolf-Moon/src/ThirdParty/navigation2/nav2_behavior_tree/plugins/action/controller_selector_node.cpp' has modification time 177428 s in the future
[18.808s] make[2]: Warning: File '/home/sentry/Wolf-Moon/src/ThirdParty/navigation2/nav2_behavior_tree/plugins/decorator/goal_updated_controller.cpp' has modification time 177428 s in the future
[18.812s] [  1%] [32mBuilding CXX object CMakeFiles/nav2_pipeline_sequence_bt_node.dir/plugins/control/pipeline_sequence.cpp.o[0m
[18.812s] [  2%] [32mBuilding CXX object CMakeFiles/nav2_single_trigger_bt_node.dir/plugins/decorator/single_trigger_node.cpp.o[0m
[18.817s] make[2]: Warning: File '/home/sentry/Wolf-Moon/src/ThirdParty/navigation2/nav2_behavior_tree/plugins/action/planner_selector_node.cpp' has modification time 177428 s in the future
[18.821s] [  2%] [32mBuilding CXX object CMakeFiles/nav2_controller_selector_bt_node.dir/plugins/action/controller_selector_node.cpp.o[0m
[18.825s] make[2]: Warning: File '/home/sentry/Wolf-Moon/src/ThirdParty/navigation2/nav2_behavior_tree/plugins/action/wait_action.cpp' has modification time 177428 s in the future
[18.825s] make[2]: Warning: File '/home/sentry/Wolf-Moon/src/ThirdParty/navigation2/nav2_behavior_tree/plugins/action/goal_checker_selector_node.cpp' has modification time 177428 s in the future
[18.825s] make[2]: Warning: File '/home/sentry/Wolf-Moon/src/ThirdParty/navigation2/nav2_behavior_tree/plugins/condition/transform_available_condition.cpp' has modification time 177428 s in the future
[18.827s] make[2]: Warning: File '/home/sentry/Wolf-Moon/src/ThirdParty/navigation2/nav2_behavior_tree/plugins/action/compute_path_through_poses_action.cpp' has modification time 177428 s in the future
[18.827s] make[2]: Warning: File '/home/sentry/Wolf-Moon/src/ThirdParty/navigation2/nav2_behavior_tree/plugins/action/spin_action.cpp' has modification time 177428 s in the future
[18.828s] [  3%] [32mBuilding CXX object CMakeFiles/nav2_goal_updated_controller_bt_node.dir/plugins/decorator/goal_updated_controller.cpp.o[0m
[18.842s] [  4%] [32mBuilding CXX object CMakeFiles/nav2_goal_checker_selector_bt_node.dir/plugins/action/goal_checker_selector_node.cpp.o[0m
[18.849s] [  5%] [32mBuilding CXX object CMakeFiles/nav2_transform_available_condition_bt_node.dir/plugins/condition/transform_available_condition.cpp.o[0m
[18.851s] [  6%] [32mBuilding CXX object CMakeFiles/nav2_wait_action_bt_node.dir/plugins/action/wait_action.cpp.o[0m
[18.855s] [  7%] [32mBuilding CXX object CMakeFiles/nav2_spin_action_bt_node.dir/plugins/action/spin_action.cpp.o[0m
[18.869s] [  7%] [32mBuilding CXX object CMakeFiles/nav2_compute_path_through_poses_action_bt_node.dir/plugins/action/compute_path_through_poses_action.cpp.o[0m
[18.889s] [  8%] [32mBuilding CXX object CMakeFiles/nav2_planner_selector_bt_node.dir/plugins/action/planner_selector_node.cpp.o[0m
[19.882s] [35m[1mScanning dependencies of target nav2_goal_updated_condition_bt_node[0m
[19.884s] [35m[1mScanning dependencies of target nav2_compute_path_to_pose_action_bt_node[0m
[19.932s] make[2]: Warning: File '/home/sentry/Wolf-Moon/src/ThirdParty/navigation2/nav2_behavior_tree/plugins/condition/goal_updated_condition.cpp' has modification time 177426 s in the future
[19.948s] make[2]: Warning: File '/home/sentry/Wolf-Moon/src/ThirdParty/navigation2/nav2_behavior_tree/plugins/action/compute_path_to_pose_action.cpp' has modification time 177426 s in the future
[19.980s] [  9%] [32mBuilding CXX object CMakeFiles/nav2_goal_updated_condition_bt_node.dir/plugins/condition/goal_updated_condition.cpp.o[0m
[19.996s] [ 10%] [32mBuilding CXX object CMakeFiles/nav2_compute_path_to_pose_action_bt_node.dir/plugins/action/compute_path_to_pose_action.cpp.o[0m
[21.938s] [ 10%] [32m[1mLinking CXX shared library libnav2_pipeline_sequence_bt_node.so[0m
[22.147s] make[2]: warning:  Clock skew detected.  Your build may be incomplete.
[22.161s] [ 10%] Built target nav2_pipeline_sequence_bt_node
[22.200s] [35m[1mScanning dependencies of target nav2_is_stuck_condition_bt_node[0m
[22.273s] make[2]: Warning: File '/home/sentry/Wolf-Moon/src/ThirdParty/navigation2/nav2_behavior_tree/plugins/condition/is_stuck_condition.cpp' has modification time 177424 s in the future
[22.308s] [ 10%] [32mBuilding CXX object CMakeFiles/nav2_is_stuck_condition_bt_node.dir/plugins/condition/is_stuck_condition.cpp.o[0m
[22.822s] [ 11%] [32m[1mLinking CXX shared library libnav2_single_trigger_bt_node.so[0m
[23.055s] make[2]: warning:  Clock skew detected.  Your build may be incomplete.
[23.071s] [ 11%] Built target nav2_single_trigger_bt_node
[23.092s] [35m[1mScanning dependencies of target nav2_behavior_tree[0m
[23.140s] make[2]: Warning: File '/home/sentry/Wolf-Moon/src/ThirdParty/navigation2/nav2_behavior_tree/src/behavior_tree_engine.cpp' has modification time 177423 s in the future
[23.207s] [ 12%] [32mBuilding CXX object CMakeFiles/nav2_behavior_tree.dir/src/behavior_tree_engine.cpp.o[0m
[24.177s] [ 13%] [32m[1mLinking CXX shared library libnav2_goal_updated_condition_bt_node.so[0m
[24.374s] make[2]: warning:  Clock skew detected.  Your build may be incomplete.
[24.386s] [ 13%] Built target nav2_goal_updated_condition_bt_node
[24.405s] [35m[1mScanning dependencies of target nav2_goal_updater_node_bt_node[0m
[24.472s] make[2]: Warning: File '/home/sentry/Wolf-Moon/src/ThirdParty/navigation2/nav2_behavior_tree/plugins/decorator/goal_updater_node.cpp' has modification time 177422 s in the future
[24.516s] [ 14%] [32mBuilding CXX object CMakeFiles/nav2_goal_updater_node_bt_node.dir/plugins/decorator/goal_updater_node.cpp.o[0m
[26.673s] [ 14%] [32m[1mLinking CXX shared library libnav2_goal_updated_controller_bt_node.so[0m
[26.905s] make[2]: warning:  Clock skew detected.  Your build may be incomplete.
[26.920s] [ 14%] Built target nav2_goal_updated_controller_bt_node
[26.942s] [35m[1mScanning dependencies of target nav2_follow_path_action_bt_node[0m
[27.037s] make[2]: Warning: File '/home/sentry/Wolf-Moon/src/ThirdParty/navigation2/nav2_behavior_tree/plugins/action/follow_path_action.cpp' has modification time 177419 s in the future
[27.094s] [ 15%] [32mBuilding CXX object CMakeFiles/nav2_follow_path_action_bt_node.dir/plugins/action/follow_path_action.cpp.o[0m
[27.268s] [ 15%] [32m[1mLinking CXX shared library libnav2_transform_available_condition_bt_node.so[0m
[27.534s] make[2]: warning:  Clock skew detected.  Your build may be incomplete.
[27.548s] [ 15%] Built target nav2_transform_available_condition_bt_node
[27.569s] [35m[1mScanning dependencies of target nav2_goal_reached_condition_bt_node[0m
[27.637s] make[2]: Warning: File '/home/sentry/Wolf-Moon/src/ThirdParty/navigation2/nav2_behavior_tree/plugins/condition/goal_reached_condition.cpp' has modification time 177419 s in the future
[27.686s] [ 16%] [32mBuilding CXX object CMakeFiles/nav2_goal_reached_condition_bt_node.dir/plugins/condition/goal_reached_condition.cpp.o[0m
[29.944s] [ 16%] [32m[1mLinking CXX shared library libnav2_behavior_tree.so[0m
[29.982s] [ 16%] [32m[1mLinking CXX shared library libnav2_spin_action_bt_node.so[0m
[30.417s] make[2]: warning:  Clock skew detected.  Your build may be incomplete.
[30.468s] [ 16%] Built target nav2_behavior_tree
[30.547s] [35m[1mScanning dependencies of target nav2_round_robin_node_bt_node[0m
[30.556s] make[2]: warning:  Clock skew detected.  Your build may be incomplete.
[30.560s] make[2]: Warning: File '/home/sentry/Wolf-Moon/src/ThirdParty/navigation2/nav2_behavior_tree/plugins/control/round_robin_node.cpp' has modification time 177416 s in the future
[30.586s] [ 16%] Built target nav2_spin_action_bt_node
[30.597s] [ 16%] [32mBuilding CXX object CMakeFiles/nav2_round_robin_node_bt_node.dir/plugins/control/round_robin_node.cpp.o[0m
[30.642s] [35m[1mScanning dependencies of target nav2_navigate_through_poses_action_bt_node[0m
[30.751s] make[2]: Warning: File '/home/sentry/Wolf-Moon/src/ThirdParty/navigation2/nav2_behavior_tree/plugins/action/navigate_through_poses_action.cpp' has modification time 177416 s in the future
[30.800s] [ 17%] [32mBuilding CXX object CMakeFiles/nav2_navigate_through_poses_action_bt_node.dir/plugins/action/navigate_through_poses_action.cpp.o[0m
[31.339s] [ 17%] [32m[1mLinking CXX shared library libnav2_wait_action_bt_node.so[0m
[31.738s] [ 18%] [32m[1mLinking CXX shared library libnav2_compute_path_through_poses_action_bt_node.so[0m
[31.981s] make[2]: warning:  Clock skew detected.  Your build may be incomplete.
[32.032s] [ 18%] Built target nav2_wait_action_bt_node
[32.084s] make[2]: warning:  Clock skew detected.  Your build may be incomplete.
[32.100s] [ 18%] Built target nav2_compute_path_through_poses_action_bt_node
[32.910s] [ 19%] [32m[1mLinking CXX shared library libnav2_compute_path_to_pose_action_bt_node.so[0m
[33.291s] make[2]: warning:  Clock skew detected.  Your build may be incomplete.
[33.317s] [ 19%] Built target nav2_compute_path_to_pose_action_bt_node
[33.577s] [ 20%] [32m[1mLinking CXX shared library libnav2_round_robin_node_bt_node.so[0m
[33.758s] make[2]: warning:  Clock skew detected.  Your build may be incomplete.
[33.771s] [ 20%] Built target nav2_round_robin_node_bt_node
[35.865s] [ 21%] [32m[1mLinking CXX shared library libnav2_planner_selector_bt_node.so[0m
[36.053s] [ 22%] [32m[1mLinking CXX shared library libnav2_goal_checker_selector_bt_node.so[0m
[36.169s] make[2]: warning:  Clock skew detected.  Your build may be incomplete.
[36.182s] [ 22%] Built target nav2_planner_selector_bt_node
[36.219s] [ 22%] [32m[1mLinking CXX shared library libnav2_goal_reached_condition_bt_node.so[0m
[36.260s] [ 22%] [32m[1mLinking CXX shared library libnav2_follow_path_action_bt_node.so[0m
[36.340s] [ 23%] [32m[1mLinking CXX shared library libnav2_controller_selector_bt_node.so[0m
[36.373s] make[2]: warning:  Clock skew detected.  Your build may be incomplete.
[36.386s] [ 23%] Built target nav2_goal_checker_selector_bt_node
[36.436s] make[2]: warning:  Clock skew detected.  Your build may be incomplete.
[36.449s] [ 23%] Built target nav2_follow_path_action_bt_node
[36.502s] make[2]: warning:  Clock skew detected.  Your build may be incomplete.
[36.516s] [ 23%] Built target nav2_goal_reached_condition_bt_node
[36.616s] make[2]: warning:  Clock skew detected.  Your build may be incomplete.
[36.628s] [ 23%] Built target nav2_controller_selector_bt_node
[37.709s] [ 24%] [32m[1mLinking CXX shared library libnav2_is_stuck_condition_bt_node.so[0m
[37.862s] make[2]: warning:  Clock skew detected.  Your build may be incomplete.
[37.868s] [ 24%] Built target nav2_is_stuck_condition_bt_node
[39.593s] [ 24%] [32m[1mLinking CXX shared library libnav2_navigate_through_poses_action_bt_node.so[0m
[39.725s] make[2]: warning:  Clock skew detected.  Your build may be incomplete.
[39.732s] [ 24%] Built target nav2_navigate_through_poses_action_bt_node
[41.190s] [ 25%] [32m[1mLinking CXX shared library libnav2_goal_updater_node_bt_node.so[0m
[41.335s] make[2]: warning:  Clock skew detected.  Your build may be incomplete.
[41.345s] [ 25%] Built target nav2_goal_updater_node_bt_node
[41.356s] [35m[1mScanning dependencies of target nav2_truncate_path_action_bt_node[0m
[41.370s] make[2]: Warning: File '/home/sentry/Wolf-Moon/src/ThirdParty/navigation2/nav2_behavior_tree/plugins/action/truncate_path_action.cpp' has modification time 177405 s in the future
[41.383s] [ 26%] [32mBuilding CXX object CMakeFiles/nav2_truncate_path_action_bt_node.dir/plugins/action/truncate_path_action.cpp.o[0m
[42.386s] [35m[1mScanning dependencies of target nav2_navigate_to_pose_action_bt_node[0m
[42.416s] make[2]: Warning: File '/home/sentry/Wolf-Moon/src/ThirdParty/navigation2/nav2_behavior_tree/plugins/action/navigate_to_pose_action.cpp' has modification time 177404 s in the future
[42.439s] [ 27%] [32mBuilding CXX object CMakeFiles/nav2_navigate_to_pose_action_bt_node.dir/plugins/action/navigate_to_pose_action.cpp.o[0m
[43.429s] [35m[1mScanning dependencies of target nav2_speed_controller_bt_node[0m
[43.463s] make[2]: Warning: File '/home/sentry/Wolf-Moon/src/ThirdParty/navigation2/nav2_behavior_tree/plugins/decorator/speed_controller.cpp' has modification time 177403 s in the future
[43.479s] [ 27%] [32mBuilding CXX object CMakeFiles/nav2_speed_controller_bt_node.dir/plugins/decorator/speed_controller.cpp.o[0m
[44.475s] [35m[1mScanning dependencies of target nav2_clear_costmap_service_bt_node[0m
[44.503s] make[2]: Warning: File '/home/sentry/Wolf-Moon/src/ThirdParty/navigation2/nav2_behavior_tree/plugins/action/clear_costmap_service.cpp' has modification time 177402 s in the future
[44.518s] [ 28%] [32mBuilding CXX object CMakeFiles/nav2_clear_costmap_service_bt_node.dir/plugins/action/clear_costmap_service.cpp.o[0m
[44.624s] [ 29%] [32m[1mLinking CXX shared library libnav2_truncate_path_action_bt_node.so[0m
[44.828s] make[2]: warning:  Clock skew detected.  Your build may be incomplete.
[44.841s] [ 29%] Built target nav2_truncate_path_action_bt_node
[44.859s] [35m[1mScanning dependencies of target nav2_distance_controller_bt_node[0m
[44.889s] make[2]: Warning: File '/home/sentry/Wolf-Moon/src/ThirdParty/navigation2/nav2_behavior_tree/plugins/decorator/distance_controller.cpp' has modification time 177401 s in the future
[44.903s] [35m[1mScanning dependencies of target nav2_back_up_action_bt_node[0m
[44.908s] [ 30%] [32mBuilding CXX object CMakeFiles/nav2_distance_controller_bt_node.dir/plugins/decorator/distance_controller.cpp.o[0m
[44.942s] make[2]: Warning: File '/home/sentry/Wolf-Moon/src/ThirdParty/navigation2/nav2_behavior_tree/plugins/action/back_up_action.cpp' has modification time 177401 s in the future
[44.960s] [ 31%] [32mBuilding CXX object CMakeFiles/nav2_back_up_action_bt_node.dir/plugins/action/back_up_action.cpp.o[0m
[45.956s] [35m[1mScanning dependencies of target nav2_rate_controller_bt_node[0m
[45.963s] make[2]: Warning: File '/home/sentry/Wolf-Moon/src/ThirdParty/navigation2/nav2_behavior_tree/plugins/decorator/rate_controller.cpp' has modification time 177400 s in the future
[45.974s] [ 32%] [32mBuilding CXX object CMakeFiles/nav2_rate_controller_bt_node.dir/plugins/decorator/rate_controller.cpp.o[0m
[46.979s] [35m[1mScanning dependencies of target nav2_reinitialize_global_localization_service_bt_node[0m
[47.008s] make[2]: Warning: File '/home/sentry/Wolf-Moon/src/ThirdParty/navigation2/nav2_behavior_tree/plugins/action/reinitialize_global_localization_service.cpp' has modification time 177399 s in the future
[47.025s] [ 32%] [32mBuilding CXX object CMakeFiles/nav2_reinitialize_global_localization_service_bt_node.dir/plugins/action/reinitialize_global_localization_service.cpp.o[0m
[48.022s] [35m[1mScanning dependencies of target nav2_is_battery_low_condition_bt_node[0m
[48.086s] make[2]: Warning: File '/home/sentry/Wolf-Moon/src/ThirdParty/navigation2/nav2_behavior_tree/plugins/condition/is_battery_low_condition.cpp' has modification time 177398 s in the future
[48.119s] [ 33%] [32mBuilding CXX object CMakeFiles/nav2_is_battery_low_condition_bt_node.dir/plugins/condition/is_battery_low_condition.cpp.o[0m
[48.237s] [ 34%] [32m[1mLinking CXX shared library libnav2_navigate_to_pose_action_bt_node.so[0m
[48.495s] make[2]: warning:  Clock skew detected.  Your build may be incomplete.
[48.507s] [ 34%] Built target nav2_navigate_to_pose_action_bt_node
[48.525s] [35m[1mScanning dependencies of target nav2_distance_traveled_condition_bt_node[0m
[48.576s] make[2]: Warning: File '/home/sentry/Wolf-Moon/src/ThirdParty/navigation2/nav2_behavior_tree/plugins/condition/distance_traveled_condition.cpp' has modification time 177398 s in the future
[48.595s] [ 34%] [32mBuilding CXX object CMakeFiles/nav2_distance_traveled_condition_bt_node.dir/plugins/condition/distance_traveled_condition.cpp.o[0m
[49.093s] [ 34%] [32m[1mLinking CXX shared library libnav2_rate_controller_bt_node.so[0m
[49.274s] make[2]: warning:  Clock skew detected.  Your build may be incomplete.
[49.295s] [ 34%] Built target nav2_rate_controller_bt_node
[49.299s] [35m[1mScanning dependencies of target nav2_recovery_node_bt_node[0m
[49.308s] make[2]: Warning: File '/home/sentry/Wolf-Moon/src/ThirdParty/navigation2/nav2_behavior_tree/plugins/control/recovery_node.cpp' has modification time 177397 s in the future
[49.315s] [35m[1mScanning dependencies of target nav2_time_expired_condition_bt_node[0m
[49.327s] [ 35%] [32mBuilding CXX object CMakeFiles/nav2_recovery_node_bt_node.dir/plugins/control/recovery_node.cpp.o[0m
[49.352s] make[2]: Warning: File '/home/sentry/Wolf-Moon/src/ThirdParty/navigation2/nav2_behavior_tree/plugins/condition/time_expired_condition.cpp' has modification time 177397 s in the future
[49.391s] [ 36%] [32mBuilding CXX object CMakeFiles/nav2_time_expired_condition_bt_node.dir/plugins/condition/time_expired_condition.cpp.o[0m
[49.948s] [ 37%] [32m[1mLinking CXX shared library libnav2_speed_controller_bt_node.so[0m
[50.149s] make[2]: warning:  Clock skew detected.  Your build may be incomplete.
[50.165s] [ 37%] Built target nav2_speed_controller_bt_node
[50.216s] [35m[1mScanning dependencies of target nav2_initial_pose_received_condition_bt_node[0m
[50.220s] [ 38%] Built target gtest
[50.223s] make[2]: Warning: File '/home/sentry/Wolf-Moon/src/ThirdParty/navigation2/nav2_behavior_tree/plugins/condition/initial_pose_received_condition.cpp' has modification time 177396 s in the future
[50.240s] [ 38%] [32mBuilding CXX object CMakeFiles/nav2_initial_pose_received_condition_bt_node.dir/plugins/condition/initial_pose_received_condition.cpp.o[0m
[50.289s] [ 39%] Built target gtest_main
[50.342s] [35m[1mScanning dependencies of target nav2_remove_passed_goals_action_bt_node[0m
[50.426s] make[2]: Warning: File '/home/sentry/Wolf-Moon/src/ThirdParty/navigation2/nav2_behavior_tree/plugins/action/remove_passed_goals_action.cpp' has modification time 177396 s in the future
[50.492s] [ 40%] [32mBuilding CXX object CMakeFiles/nav2_remove_passed_goals_action_bt_node.dir/plugins/action/remove_passed_goals_action.cpp.o[0m
[51.438s] [35m[1mScanning dependencies of target test_condition_goal_updated[0m
[51.506s] make[2]: Warning: File '/home/sentry/Wolf-Moon/src/ThirdParty/navigation2/nav2_behavior_tree/test/plugins/condition/test_goal_updated.cpp' has modification time 177395 s in the future
[51.541s] [ 40%] [32mBuilding CXX object test/plugins/condition/CMakeFiles/test_condition_goal_updated.dir/test_goal_updated.cpp.o[0m
[51.867s] [ 41%] [32m[1mLinking CXX shared library libnav2_distance_controller_bt_node.so[0m
[52.212s] make[2]: warning:  Clock skew detected.  Your build may be incomplete.
[52.237s] [ 41%] Built target nav2_distance_controller_bt_node
[52.924s] [ 42%] [32m[1mLinking CXX shared library libnav2_initial_pose_received_condition_bt_node.so[0m
[53.115s] make[2]: warning:  Clock skew detected.  Your build may be incomplete.
[53.129s] [ 42%] Built target nav2_initial_pose_received_condition_bt_node
[53.307s] [ 43%] [32m[1mLinking CXX shared library libnav2_recovery_node_bt_node.so[0m
[53.509s] make[2]: warning:  Clock skew detected.  Your build may be incomplete.
[53.522s] [ 43%] Built target nav2_recovery_node_bt_node
[54.186s] [ 44%] [32m[1mLinking CXX shared library libnav2_reinitialize_global_localization_service_bt_node.so[0m
[54.211s] [ 45%] [32m[1mLinking CXX shared library libnav2_back_up_action_bt_node.so[0m
[54.429s] [ 46%] [32m[1mLinking CXX shared library libnav2_clear_costmap_service_bt_node.so[0m
[54.454s] make[2]: warning:  Clock skew detected.  Your build may be incomplete.
[54.466s] [ 46%] Built target nav2_reinitialize_global_localization_service_bt_node
[54.521s] make[2]: warning:  Clock skew detected.  Your build may be incomplete.
[54.552s] [ 46%] Built target nav2_back_up_action_bt_node
[54.698s] make[2]: warning:  Clock skew detected.  Your build may be incomplete.
[54.710s] [ 46%] Built target nav2_clear_costmap_service_bt_node
[55.097s] [ 47%] [32m[1mLinking CXX shared library libnav2_time_expired_condition_bt_node.so[0m
[55.218s] make[2]: warning:  Clock skew detected.  Your build may be incomplete.
[55.224s] [ 47%] Built target nav2_time_expired_condition_bt_node
[56.113s] [ 48%] [32m[1mLinking CXX shared library libnav2_distance_traveled_condition_bt_node.so[0m
[56.344s] make[2]: warning:  Clock skew detected.  Your build may be incomplete.
[56.355s] [ 48%] Built target nav2_distance_traveled_condition_bt_node
[57.768s] [ 49%] [32m[1mLinking CXX shared library libnav2_remove_passed_goals_action_bt_node.so[0m
[57.983s] make[2]: warning:  Clock skew detected.  Your build may be incomplete.
[57.995s] [ 49%] Built target nav2_remove_passed_goals_action_bt_node
[58.422s] [ 50%] [32m[1mLinking CXX executable test_condition_goal_updated[0m
[58.719s] make[2]: warning:  Clock skew detected.  Your build may be incomplete.
[58.730s] [ 50%] Built target test_condition_goal_updated
[58.848s] [ 51%] [32m[1mLinking CXX shared library libnav2_is_battery_low_condition_bt_node.so[0m
[58.978s] make[2]: warning:  Clock skew detected.  Your build may be incomplete.
[58.984s] [ 51%] Built target nav2_is_battery_low_condition_bt_node
[58.995s] [35m[1mScanning dependencies of target test_control_round_robin_node[0m
[59.015s] make[2]: Warning: File '/home/sentry/Wolf-Moon/src/ThirdParty/navigation2/nav2_behavior_tree/test/plugins/control/test_round_robin_node.cpp' has modification time 177387 s in the future
[59.028s] [ 52%] [32mBuilding CXX object test/plugins/control/CMakeFiles/test_control_round_robin_node.dir/test_round_robin_node.cpp.o[0m
[64.214s] [ 53%] [32m[1mLinking CXX executable test_control_round_robin_node[0m
[64.390s] make[2]: warning:  Clock skew detected.  Your build may be incomplete.
[64.396s] [ 53%] Built target test_control_round_robin_node
[64.405s] [35m[1mScanning dependencies of target test_control_pipeline_sequence[0m
[64.427s] make[2]: Warning: File '/home/sentry/Wolf-Moon/src/ThirdParty/navigation2/nav2_behavior_tree/test/plugins/control/test_pipeline_sequence.cpp' has modification time 177382 s in the future
[64.439s] [ 54%] [32mBuilding CXX object test/plugins/control/CMakeFiles/test_control_pipeline_sequence.dir/test_pipeline_sequence.cpp.o[0m
[69.672s] [ 55%] [32m[1mLinking CXX executable test_control_pipeline_sequence[0m
[69.831s] make[2]: warning:  Clock skew detected.  Your build may be incomplete.
[69.837s] [ 55%] Built target test_control_pipeline_sequence
[69.849s] [35m[1mScanning dependencies of target test_control_recovery_node[0m
[69.866s] make[2]: Warning: File '/home/sentry/Wolf-Moon/src/ThirdParty/navigation2/nav2_behavior_tree/test/plugins/control/test_recovery_node.cpp' has modification time 177377 s in the future
[69.877s] [ 55%] [32mBuilding CXX object test/plugins/control/CMakeFiles/test_control_recovery_node.dir/test_recovery_node.cpp.o[0m
[71.876s] [35m[1mScanning dependencies of target test_goal_checker_selector_node[0m
[71.893s] make[2]: Warning: File '/home/sentry/Wolf-Moon/src/ThirdParty/navigation2/nav2_behavior_tree/test/plugins/action/test_goal_checker_selector_node.cpp' has modification time 177374 s in the future
[71.905s] [35m[1mScanning dependencies of target test_decorator_distance_controller[0m
[71.910s] [ 56%] [32mBuilding CXX object test/plugins/action/CMakeFiles/test_goal_checker_selector_node.dir/test_goal_checker_selector_node.cpp.o[0m
[71.942s] make[2]: Warning: File '/home/sentry/Wolf-Moon/src/ThirdParty/navigation2/nav2_behavior_tree/test/plugins/decorator/test_distance_controller.cpp' has modification time 177374 s in the future
[71.963s] [ 57%] [32mBuilding CXX object test/plugins/decorator/CMakeFiles/test_decorator_distance_controller.dir/test_distance_controller.cpp.o[0m
[72.955s] [35m[1mScanning dependencies of target test_decorator_speed_controller[0m
[72.994s] make[2]: Warning: File '/home/sentry/Wolf-Moon/src/ThirdParty/navigation2/nav2_behavior_tree/test/plugins/decorator/test_speed_controller.cpp' has modification time 177373 s in the future
[73.013s] [ 58%] [32mBuilding CXX object test/plugins/decorator/CMakeFiles/test_decorator_speed_controller.dir/test_speed_controller.cpp.o[0m
[74.008s] [35m[1mScanning dependencies of target test_decorator_rate_controller[0m
[74.043s] make[2]: Warning: File '/home/sentry/Wolf-Moon/src/ThirdParty/navigation2/nav2_behavior_tree/test/plugins/decorator/test_rate_controller.cpp' has modification time 177372 s in the future
[74.069s] [ 59%] [32mBuilding CXX object test/plugins/decorator/CMakeFiles/test_decorator_rate_controller.dir/test_rate_controller.cpp.o[0m
[75.058s] [35m[1mScanning dependencies of target test_goal_updated_controller[0m
[75.098s] make[2]: Warning: File '/home/sentry/Wolf-Moon/src/ThirdParty/navigation2/nav2_behavior_tree/test/plugins/decorator/test_goal_updated_controller.cpp' has modification time 177371 s in the future
[75.118s] [ 60%] [32mBuilding CXX object test/plugins/decorator/CMakeFiles/test_goal_updated_controller.dir/test_goal_updated_controller.cpp.o[0m
[76.110s] [35m[1mScanning dependencies of target test_goal_updater_node[0m
[76.144s] make[2]: Warning: File '/home/sentry/Wolf-Moon/src/ThirdParty/navigation2/nav2_behavior_tree/test/plugins/decorator/test_goal_updater_node.cpp' has modification time 177370 s in the future
[76.169s] [ 61%] [32mBuilding CXX object test/plugins/decorator/CMakeFiles/test_goal_updater_node.dir/test_goal_updater_node.cpp.o[0m
[76.362s] [ 62%] [32m[1mLinking CXX executable test_control_recovery_node[0m
[76.599s] make[2]: warning:  Clock skew detected.  Your build may be incomplete.
[76.611s] [ 62%] Built target test_control_recovery_node
[76.628s] [35m[1mScanning dependencies of target test_single_trigger_node[0m
[76.681s] make[2]: Warning: File '/home/sentry/Wolf-Moon/src/ThirdParty/navigation2/nav2_behavior_tree/test/plugins/decorator/test_single_trigger_node.cpp' has modification time 177370 s in the future
[76.699s] [ 62%] [32mBuilding CXX object test/plugins/decorator/CMakeFiles/test_single_trigger_node.dir/test_single_trigger_node.cpp.o[0m
[77.698s] [35m[1mScanning dependencies of target test_controller_selector_node[0m
[77.739s] make[2]: Warning: File '/home/sentry/Wolf-Moon/src/ThirdParty/navigation2/nav2_behavior_tree/test/plugins/action/test_controller_selector_node.cpp' has modification time 177369 s in the future
[77.763s] [ 62%] [32mBuilding CXX object test/plugins/action/CMakeFiles/test_controller_selector_node.dir/test_controller_selector_node.cpp.o[0m
[78.754s] [35m[1mScanning dependencies of target test_condition_goal_reached[0m
[78.824s] make[2]: Warning: File '/home/sentry/Wolf-Moon/src/ThirdParty/navigation2/nav2_behavior_tree/test/plugins/condition/test_goal_reached.cpp' has modification time 177368 s in the future
[78.858s] [ 63%] [32mBuilding CXX object test/plugins/condition/CMakeFiles/test_condition_goal_reached.dir/test_goal_reached.cpp.o[0m
[79.275s] [ 63%] [32m[1mLinking CXX executable test_decorator_distance_controller[0m
[79.657s] make[2]: warning:  Clock skew detected.  Your build may be incomplete.
[79.670s] [ 63%] Built target test_decorator_distance_controller
[79.684s] [35m[1mScanning dependencies of target test_condition_is_stuck[0m
[79.703s] [35m[1mScanning dependencies of target test_condition_transform_available[0m
[79.740s] make[2]: Warning: File '/home/sentry/Wolf-Moon/src/ThirdParty/navigation2/nav2_behavior_tree/test/plugins/condition/test_is_stuck.cpp' has modification time 177367 s in the future
[79.741s] make[2]: Warning: File '/home/sentry/Wolf-Moon/src/ThirdParty/navigation2/nav2_behavior_tree/test/plugins/condition/test_transform_available.cpp' has modification time 177367 s in the future
[79.795s] [ 63%] [32mBuilding CXX object test/plugins/condition/CMakeFiles/test_condition_transform_available.dir/test_transform_available.cpp.o[0m
[79.797s] [ 64%] [32mBuilding CXX object test/plugins/condition/CMakeFiles/test_condition_is_stuck.dir/test_is_stuck.cpp.o[0m
[80.779s] [35m[1mScanning dependencies of target test_planner_selector_node[0m
[80.824s] make[2]: Warning: File '/home/sentry/Wolf-Moon/src/ThirdParty/navigation2/nav2_behavior_tree/test/plugins/action/test_planner_selector_node.cpp' has modification time 177366 s in the future
[80.876s] [ 64%] [32mBuilding CXX object test/plugins/action/CMakeFiles/test_planner_selector_node.dir/test_planner_selector_node.cpp.o[0m
[80.932s] [ 65%] [32m[1mLinking CXX executable test_goal_checker_selector_node[0m
[80.945s] [ 65%] [32m[1mLinking CXX executable test_decorator_speed_controller[0m
[81.361s] make[2]: warning:  Clock skew detected.  Your build may be incomplete.
[81.372s] [ 65%] Built target test_goal_checker_selector_node
[81.380s] [35m[1mScanning dependencies of target test_bt_conversions[0m
[81.409s] [35m[1mScanning dependencies of target test_action_spin_action[0m
[81.409s] make[2]: Warning: File '/home/sentry/Wolf-Moon/src/ThirdParty/navigation2/nav2_behavior_tree/test/test_bt_conversions.cpp' has modification time 177365 s in the future
[81.428s] make[2]: Warning: File '/home/sentry/Wolf-Moon/src/ThirdParty/navigation2/nav2_behavior_tree/test/plugins/action/test_spin_action.cpp' has modification time 177365 s in the future
[81.452s] [ 66%] [32mBuilding CXX object test/CMakeFiles/test_bt_conversions.dir/test_bt_conversions.cpp.o[0m
[81.461s] [ 67%] [32mBuilding CXX object test/plugins/action/CMakeFiles/test_action_spin_action.dir/test_spin_action.cpp.o[0m
[81.468s] make[2]: warning:  Clock skew detected.  Your build may be incomplete.
[81.482s] [ 67%] Built target test_decorator_speed_controller
[81.556s] [35m[1mScanning dependencies of target test_bt_action_node[0m
[81.631s] make[2]: Warning: File '/home/sentry/Wolf-Moon/src/ThirdParty/navigation2/nav2_behavior_tree/test/plugins/action/test_bt_action_node.cpp' has modification time 177365 s in the future
[81.694s] [ 67%] [32mBuilding CXX object test/plugins/action/CMakeFiles/test_bt_action_node.dir/test_bt_action_node.cpp.o[0m
[82.834s] [ 68%] [32m[1mLinking CXX executable test_decorator_rate_controller[0m
[83.271s] make[2]: warning:  Clock skew detected.  Your build may be incomplete.
[83.289s] [ 68%] Built target test_decorator_rate_controller
[87.086s] [ 68%] [32m[1mLinking CXX executable test_goal_updated_controller[0m
[87.473s] make[2]: warning:  Clock skew detected.  Your build may be incomplete.
[87.488s] [ 68%] Built target test_goal_updated_controller
[87.882s] [ 69%] [32m[1mLinking CXX executable test_goal_updater_node[0m
[88.147s] [ 70%] [32m[1mLinking CXX executable test_bt_conversions[0m
[88.202s] make[2]: warning:  Clock skew detected.  Your build may be incomplete.
[88.236s] [ 70%] Built target test_goal_updater_node
[88.408s] [ 71%] [32m[1mLinking CXX executable test_controller_selector_node[0m
[88.494s] [ 72%] [32m[1mLinking CXX executable test_single_trigger_node[0m
[88.528s] make[2]: warning:  Clock skew detected.  Your build may be incomplete.
[88.545s] [ 72%] Built target test_bt_conversions
[88.746s] make[2]: warning:  Clock skew detected.  Your build may be incomplete.
[88.758s] [ 72%] Built target test_controller_selector_node
[88.858s] make[2]: warning:  Clock skew detected.  Your build may be incomplete.
[88.871s] [ 72%] Built target test_single_trigger_node
[90.712s] [ 73%] [32m[1mLinking CXX executable test_condition_transform_available[0m
[90.917s] make[2]: warning:  Clock skew detected.  Your build may be incomplete.
[90.924s] [ 73%] Built target test_condition_transform_available
[91.211s] [ 74%] [32m[1mLinking CXX executable test_condition_goal_reached[0m
[91.274s] [ 74%] [32m[1mLinking CXX executable test_action_spin_action[0m
[91.452s] make[2]: warning:  Clock skew detected.  Your build may be incomplete.
[91.461s] [ 74%] Built target test_action_spin_action
[91.522s] make[2]: warning:  Clock skew detected.  Your build may be incomplete.
[91.523s] [ 75%] [32m[1mLinking CXX executable test_planner_selector_node[0m
[91.533s] [ 75%] Built target test_condition_goal_reached
[91.689s] make[2]: warning:  Clock skew detected.  Your build may be incomplete.
[91.695s] [ 75%] Built target test_planner_selector_node
[91.774s] [ 75%] [32m[1mLinking CXX executable test_condition_is_stuck[0m
[91.950s] make[2]: warning:  Clock skew detected.  Your build may be incomplete.
[91.958s] [ 75%] Built target test_condition_is_stuck
[93.484s] [ 76%] [32m[1mLinking CXX executable test_bt_action_node[0m
[93.636s] make[2]: warning:  Clock skew detected.  Your build may be incomplete.
[93.642s] [ 76%] Built target test_bt_action_node
[93.651s] [35m[1mScanning dependencies of target test_remove_passed_goals_action[0m
[93.671s] make[2]: Warning: File '/home/sentry/Wolf-Moon/src/ThirdParty/navigation2/nav2_behavior_tree/test/plugins/action/test_remove_passed_goals_action.cpp' has modification time 177353 s in the future
[93.681s] [ 77%] [32mBuilding CXX object test/plugins/action/CMakeFiles/test_remove_passed_goals_action.dir/test_remove_passed_goals_action.cpp.o[0m
[98.968s] [ 78%] [32m[1mLinking CXX executable test_remove_passed_goals_action[0m
[99.135s] make[2]: warning:  Clock skew detected.  Your build may be incomplete.
[99.141s] [ 78%] Built target test_remove_passed_goals_action
[99.150s] [35m[1mScanning dependencies of target test_condition_distance_traveled[0m
[99.167s] make[2]: Warning: File '/home/sentry/Wolf-Moon/src/ThirdParty/navigation2/nav2_behavior_tree/test/plugins/condition/test_distance_traveled.cpp' has modification time 177347 s in the future
[99.182s] [ 78%] [32mBuilding CXX object test/plugins/condition/CMakeFiles/test_condition_distance_traveled.dir/test_distance_traveled.cpp.o[0m
[104.064s] [ 79%] [32m[1mLinking CXX executable test_condition_distance_traveled[0m
[104.229s] make[2]: warning:  Clock skew detected.  Your build may be incomplete.
[104.236s] [ 79%] Built target test_condition_distance_traveled
[104.245s] [35m[1mScanning dependencies of target test_condition_time_expired[0m
[104.261s] make[2]: Warning: File '/home/sentry/Wolf-Moon/src/ThirdParty/navigation2/nav2_behavior_tree/test/plugins/condition/test_time_expired.cpp' has modification time 177342 s in the future
[104.274s] [ 80%] [32mBuilding CXX object test/plugins/condition/CMakeFiles/test_condition_time_expired.dir/test_time_expired.cpp.o[0m
[109.173s] [ 81%] [32m[1mLinking CXX executable test_condition_time_expired[0m
[109.338s] make[2]: warning:  Clock skew detected.  Your build may be incomplete.
[109.343s] [ 81%] Built target test_condition_time_expired
[109.352s] [35m[1mScanning dependencies of target test_condition_initial_pose_received[0m
[109.368s] make[2]: Warning: File '/home/sentry/Wolf-Moon/src/ThirdParty/navigation2/nav2_behavior_tree/test/plugins/condition/test_initial_pose_received.cpp' has modification time 177337 s in the future
[109.377s] [ 82%] [32mBuilding CXX object test/plugins/condition/CMakeFiles/test_condition_initial_pose_received.dir/test_initial_pose_received.cpp.o[0m
[114.195s] [ 82%] [32m[1mLinking CXX executable test_condition_initial_pose_received[0m
[114.359s] make[2]: warning:  Clock skew detected.  Your build may be incomplete.
[114.365s] [ 82%] Built target test_condition_initial_pose_received
[114.374s] [35m[1mScanning dependencies of target test_action_navigate_to_pose_action[0m
[114.374s] [35m[1mScanning dependencies of target test_condition_is_battery_low[0m
[114.390s] make[2]: Warning: File '/home/sentry/Wolf-Moon/src/ThirdParty/navigation2/nav2_behavior_tree/test/plugins/action/test_navigate_to_pose_action.cpp' has modification time 177332 s in the future
[114.392s] make[2]: Warning: File '/home/sentry/Wolf-Moon/src/ThirdParty/navigation2/nav2_behavior_tree/test/plugins/condition/test_is_battery_low.cpp' has modification time 177332 s in the future
[114.403s] [ 83%] [32mBuilding CXX object test/plugins/action/CMakeFiles/test_action_navigate_to_pose_action.dir/test_navigate_to_pose_action.cpp.o[0m
[114.404s] [ 84%] [32mBuilding CXX object test/plugins/condition/CMakeFiles/test_condition_is_battery_low.dir/test_is_battery_low.cpp.o[0m
[119.126s] [ 84%] [32m[1mLinking CXX executable test_action_navigate_to_pose_action[0m
[119.280s] make[2]: warning:  Clock skew detected.  Your build may be incomplete.
[119.286s] [ 84%] Built target test_action_navigate_to_pose_action
[119.295s] [35m[1mScanning dependencies of target test_truncate_path_action[0m
[119.303s] [35m[1mScanning dependencies of target test_action_follow_path_action[0m
[119.303s] [35m[1mScanning dependencies of target test_action_navigate_through_poses_action[0m
[119.311s] make[2]: Warning: File '/home/sentry/Wolf-Moon/src/ThirdParty/navigation2/nav2_behavior_tree/test/plugins/action/test_truncate_path_action.cpp' has modification time 177327 s in the future
[119.325s] [ 85%] [32mBuilding CXX object test/plugins/action/CMakeFiles/test_truncate_path_action.dir/test_truncate_path_action.cpp.o[0m
[119.328s] make[2]: Warning: File '/home/sentry/Wolf-Moon/src/ThirdParty/navigation2/nav2_behavior_tree/test/plugins/action/test_navigate_through_poses_action.cpp' has modification time 177327 s in the future
[119.337s] make[2]: Warning: File '/home/sentry/Wolf-Moon/src/ThirdParty/navigation2/nav2_behavior_tree/test/plugins/action/test_follow_path_action.cpp' has modification time 177327 s in the future
[119.342s] [ 86%] [32mBuilding CXX object test/plugins/action/CMakeFiles/test_action_navigate_through_poses_action.dir/test_navigate_through_poses_action.cpp.o[0m
[119.347s] [ 87%] [32mBuilding CXX object test/plugins/action/CMakeFiles/test_action_follow_path_action.dir/test_follow_path_action.cpp.o[0m
[119.987s] [ 88%] [32m[1mLinking CXX executable test_condition_is_battery_low[0m
[120.151s] make[2]: warning:  Clock skew detected.  Your build may be incomplete.
[120.160s] [ 88%] Built target test_condition_is_battery_low
[120.176s] [35m[1mScanning dependencies of target test_action_compute_path_to_pose_action[0m
[120.181s] [35m[1mScanning dependencies of target test_action_compute_path_through_poses_action[0m
[120.193s] make[2]: Warning: File '/home/sentry/Wolf-Moon/src/ThirdParty/navigation2/nav2_behavior_tree/test/plugins/action/test_compute_path_to_pose_action.cpp' has modification time 177326 s in the future
[120.207s] [ 88%] [32mBuilding CXX object test/plugins/action/CMakeFiles/test_action_compute_path_to_pose_action.dir/test_compute_path_to_pose_action.cpp.o[0m
[120.215s] make[2]: Warning: File '/home/sentry/Wolf-Moon/src/ThirdParty/navigation2/nav2_behavior_tree/test/plugins/action/test_compute_path_through_poses_action.cpp' has modification time 177326 s in the future
[120.232s] [ 89%] [32mBuilding CXX object test/plugins/action/CMakeFiles/test_action_compute_path_through_poses_action.dir/test_compute_path_through_poses_action.cpp.o[0m
[124.841s] [ 89%] [32m[1mLinking CXX executable test_action_follow_path_action[0m
[125.011s] make[2]: warning:  Clock skew detected.  Your build may be incomplete.
[125.017s] [ 89%] Built target test_action_follow_path_action
[125.209s] [ 90%] [32m[1mLinking CXX executable test_truncate_path_action[0m
[125.363s] make[2]: warning:  Clock skew detected.  Your build may be incomplete.
[125.374s] [ 90%] Built target test_truncate_path_action
[126.281s] [ 91%] [32m[1mLinking CXX executable test_action_navigate_through_poses_action[0m
[126.438s] make[2]: warning:  Clock skew detected.  Your build may be incomplete.
[126.444s] [ 91%] Built target test_action_navigate_through_poses_action
[127.767s] [ 92%] [32m[1mLinking CXX executable test_action_compute_path_to_pose_action[0m
[127.929s] make[2]: warning:  Clock skew detected.  Your build may be incomplete.
[127.935s] [ 92%] Built target test_action_compute_path_to_pose_action
[127.943s] [35m[1mScanning dependencies of target test_action_reinitialize_global_localization_service[0m
[127.957s] make[2]: Warning: File '/home/sentry/Wolf-Moon/src/ThirdParty/navigation2/nav2_behavior_tree/test/plugins/action/test_reinitialize_global_localization_service.cpp' has modification time 177318 s in the future
[127.971s] [ 93%] [32mBuilding CXX object test/plugins/action/CMakeFiles/test_action_reinitialize_global_localization_service.dir/test_reinitialize_global_localization_service.cpp.o[0m
[128.643s] [ 94%] [32m[1mLinking CXX executable test_action_compute_path_through_poses_action[0m
[128.801s] make[2]: warning:  Clock skew detected.  Your build may be incomplete.
[128.807s] [ 94%] Built target test_action_compute_path_through_poses_action
[128.816s] [35m[1mScanning dependencies of target test_action_clear_costmap_service[0m
[128.830s] make[2]: Warning: File '/home/sentry/Wolf-Moon/src/ThirdParty/navigation2/nav2_behavior_tree/test/plugins/action/test_clear_costmap_service.cpp' has modification time 177318 s in the future
[128.843s] [ 94%] [32mBuilding CXX object test/plugins/action/CMakeFiles/test_action_clear_costmap_service.dir/test_clear_costmap_service.cpp.o[0m
[131.812s] [ 95%] [32m[1mLinking CXX executable test_action_reinitialize_global_localization_service[0m
[131.956s] make[2]: warning:  Clock skew detected.  Your build may be incomplete.
[131.962s] [ 95%] Built target test_action_reinitialize_global_localization_service
[131.970s] [35m[1mScanning dependencies of target test_action_wait_action[0m
[131.977s] [35m[1mScanning dependencies of target test_action_back_up_action[0m
[131.985s] make[2]: Warning: File '/home/sentry/Wolf-Moon/src/ThirdParty/navigation2/nav2_behavior_tree/test/plugins/action/test_wait_action.cpp' has modification time 177314 s in the future
[132.000s] [ 96%] [32mBuilding CXX object test/plugins/action/CMakeFiles/test_action_wait_action.dir/test_wait_action.cpp.o[0m
[132.006s] make[2]: Warning: File '/home/sentry/Wolf-Moon/src/ThirdParty/navigation2/nav2_behavior_tree/test/plugins/action/test_back_up_action.cpp' has modification time 177314 s in the future
[132.022s] [ 97%] [32mBuilding CXX object test/plugins/action/CMakeFiles/test_action_back_up_action.dir/test_back_up_action.cpp.o[0m
[134.398s] [ 98%] [32m[1mLinking CXX executable test_action_clear_costmap_service[0m
[134.577s] make[2]: warning:  Clock skew detected.  Your build may be incomplete.
[134.583s] [ 98%] Built target test_action_clear_costmap_service
[136.934s] [ 99%] [32m[1mLinking CXX executable test_action_wait_action[0m
[137.086s] make[2]: warning:  Clock skew detected.  Your build may be incomplete.
[137.092s] [ 99%] Built target test_action_wait_action
[137.545s] [100%] [32m[1mLinking CXX executable test_action_back_up_action[0m
[137.694s] make[2]: warning:  Clock skew detected.  Your build may be incomplete.
[137.701s] [100%] Built target test_action_back_up_action
[137.716s] Invoked command in '/home/sentry/Wolf-Moon/build/nav2_behavior_tree' returned '0': AMENT_PREFIX_PATH=/home/sentry/Wolf-Moon/install/nav2_util:/home/sentry/Wolf-Moon/install/nav2_msgs:/home/sentry/Wolf-Moon/install/nav2_common:${AMENT_PREFIX_PATH} CMAKE_PREFIX_PATH=/home/sentry/Wolf-Moon/install/nav2_util:/home/sentry/Wolf-Moon/install/nav2_msgs:/home/sentry/Wolf-Moon/install/nav2_common:/opt/ros/galactic LD_LIBRARY_PATH=/home/sentry/Wolf-Moon/install/nav2_util/lib:/home/sentry/Wolf-Moon/install/nav2_msgs/lib:/opt/MVS/lib/64:/opt/MVS/lib/32:/home/sentry/TUP2024-Sentry-Framework/src/IG_LIO_SLAM/ThirdParty/octomap-Dynamic_point_cloud_removal/lib:/opt/intel/openvino_2022/tools/compile_tool:/opt/intel/openvino_2022/runtime/3rdparty/hddl/lib:/opt/intel/openvino_2022/runtime/lib/intel64:/opt/MVS/lib/64:/opt/MVS/lib/32:/usr/lib/x86_64-linux-gnu/gazebo-11/plugins:/opt/ros/galactic/opt/yaml_cpp_vendor/lib:/opt/ros/galactic/opt/rviz_ogre_vendor/lib:/opt/ros/galactic/lib/x86_64-linux-gnu:/opt/ros/galactic/lib:/home/sentry/TUP2024-Sentry-Framework/src/IG_LIO_SLAM/ThirdParty/octomap-Dynamic_point_cloud_removal/lib:/opt/intel/openvino_2022/tools/compile_tool:/opt/intel/openvino_2022/runtime/3rdparty/hddl/lib:/opt/intel/openvino_2022/runtime/lib/intel64:/opt/MVS/lib/64:/opt/MVS/lib/32:/opt/MVS/lib/64:/opt/MVS/lib/32:/usr/local/opencv4/lib:/usr/local/opencv4/lib PYTHONPATH=/home/sentry/Wolf-Moon/install/nav2_msgs/lib/python3.8/site-packages:/home/sentry/Wolf-Moon/install/nav2_common/lib/python3.8/site-packages:/opt/intel/openvino_2022/python/python3.8:/opt/intel/openvino_2022/python/python3:/opt/ros/galactic/lib/python3.8/site-packages:/opt/intel/openvino_2022/python/python3.8:/opt/intel/openvino_2022/python/python3 /usr/bin/cmake --build /home/sentry/Wolf-Moon/build/nav2_behavior_tree -- -j12 -l12
[137.717s] Invoking command in '/home/sentry/Wolf-Moon/build/nav2_behavior_tree': AMENT_PREFIX_PATH=/home/sentry/Wolf-Moon/install/nav2_util:/home/sentry/Wolf-Moon/install/nav2_msgs:/home/sentry/Wolf-Moon/install/nav2_common:${AMENT_PREFIX_PATH} CMAKE_PREFIX_PATH=/home/sentry/Wolf-Moon/install/nav2_util:/home/sentry/Wolf-Moon/install/nav2_msgs:/home/sentry/Wolf-Moon/install/nav2_common:/opt/ros/galactic LD_LIBRARY_PATH=/home/sentry/Wolf-Moon/install/nav2_util/lib:/home/sentry/Wolf-Moon/install/nav2_msgs/lib:/opt/MVS/lib/64:/opt/MVS/lib/32:/home/sentry/TUP2024-Sentry-Framework/src/IG_LIO_SLAM/ThirdParty/octomap-Dynamic_point_cloud_removal/lib:/opt/intel/openvino_2022/tools/compile_tool:/opt/intel/openvino_2022/runtime/3rdparty/hddl/lib:/opt/intel/openvino_2022/runtime/lib/intel64:/opt/MVS/lib/64:/opt/MVS/lib/32:/usr/lib/x86_64-linux-gnu/gazebo-11/plugins:/opt/ros/galactic/opt/yaml_cpp_vendor/lib:/opt/ros/galactic/opt/rviz_ogre_vendor/lib:/opt/ros/galactic/lib/x86_64-linux-gnu:/opt/ros/galactic/lib:/home/sentry/TUP2024-Sentry-Framework/src/IG_LIO_SLAM/ThirdParty/octomap-Dynamic_point_cloud_removal/lib:/opt/intel/openvino_2022/tools/compile_tool:/opt/intel/openvino_2022/runtime/3rdparty/hddl/lib:/opt/intel/openvino_2022/runtime/lib/intel64:/opt/MVS/lib/64:/opt/MVS/lib/32:/opt/MVS/lib/64:/opt/MVS/lib/32:/usr/local/opencv4/lib:/usr/local/opencv4/lib PYTHONPATH=/home/sentry/Wolf-Moon/install/nav2_msgs/lib/python3.8/site-packages:/home/sentry/Wolf-Moon/install/nav2_common/lib/python3.8/site-packages:/opt/intel/openvino_2022/python/python3.8:/opt/intel/openvino_2022/python/python3:/opt/ros/galactic/lib/python3.8/site-packages:/opt/intel/openvino_2022/python/python3.8:/opt/intel/openvino_2022/python/python3 /usr/bin/cmake --install /home/sentry/Wolf-Moon/build/nav2_behavior_tree
[137.726s] -- Install configuration: "Release"
[137.726s] -- Installing: /home/sentry/Wolf-Moon/install/nav2_behavior_tree/lib/libnav2_behavior_tree.so
[137.726s] -- Set runtime path of "/home/sentry/Wolf-Moon/install/nav2_behavior_tree/lib/libnav2_behavior_tree.so" to ""
[137.726s] -- Installing: /home/sentry/Wolf-Moon/install/nav2_behavior_tree/lib/libnav2_compute_path_to_pose_action_bt_node.so
[137.726s] -- Set runtime path of "/home/sentry/Wolf-Moon/install/nav2_behavior_tree/lib/libnav2_compute_path_to_pose_action_bt_node.so" to ""
[137.726s] -- Installing: /home/sentry/Wolf-Moon/install/nav2_behavior_tree/lib/libnav2_compute_path_through_poses_action_bt_node.so
[137.727s] -- Set runtime path of "/home/sentry/Wolf-Moon/install/nav2_behavior_tree/lib/libnav2_compute_path_through_poses_action_bt_node.so" to ""
[137.727s] -- Installing: /home/sentry/Wolf-Moon/install/nav2_behavior_tree/lib/libnav2_follow_path_action_bt_node.so
[137.727s] -- Set runtime path of "/home/sentry/Wolf-Moon/install/nav2_behavior_tree/lib/libnav2_follow_path_action_bt_node.so" to ""
[137.727s] -- Installing: /home/sentry/Wolf-Moon/install/nav2_behavior_tree/lib/libnav2_back_up_action_bt_node.so
[137.728s] -- Set runtime path of "/home/sentry/Wolf-Moon/install/nav2_behavior_tree/lib/libnav2_back_up_action_bt_node.so" to ""
[137.728s] -- Installing: /home/sentry/Wolf-Moon/install/nav2_behavior_tree/lib/libnav2_spin_action_bt_node.so
[137.728s] -- Set runtime path of "/home/sentry/Wolf-Moon/install/nav2_behavior_tree/lib/libnav2_spin_action_bt_node.so" to ""
[137.728s] -- Installing: /home/sentry/Wolf-Moon/install/nav2_behavior_tree/lib/libnav2_wait_action_bt_node.so
[137.729s] -- Set runtime path of "/home/sentry/Wolf-Moon/install/nav2_behavior_tree/lib/libnav2_wait_action_bt_node.so" to ""
[137.729s] -- Installing: /home/sentry/Wolf-Moon/install/nav2_behavior_tree/lib/libnav2_clear_costmap_service_bt_node.so
[137.729s] -- Set runtime path of "/home/sentry/Wolf-Moon/install/nav2_behavior_tree/lib/libnav2_clear_costmap_service_bt_node.so" to ""
[137.729s] -- Installing: /home/sentry/Wolf-Moon/install/nav2_behavior_tree/lib/libnav2_is_stuck_condition_bt_node.so
[137.730s] -- Set runtime path of "/home/sentry/Wolf-Moon/install/nav2_behavior_tree/lib/libnav2_is_stuck_condition_bt_node.so" to ""
[137.730s] -- Installing: /home/sentry/Wolf-Moon/install/nav2_behavior_tree/lib/libnav2_transform_available_condition_bt_node.so
[137.730s] -- Set runtime path of "/home/sentry/Wolf-Moon/install/nav2_behavior_tree/lib/libnav2_transform_available_condition_bt_node.so" to ""
[137.730s] -- Installing: /home/sentry/Wolf-Moon/install/nav2_behavior_tree/lib/libnav2_goal_reached_condition_bt_node.so
[137.730s] -- Set runtime path of "/home/sentry/Wolf-Moon/install/nav2_behavior_tree/lib/libnav2_goal_reached_condition_bt_node.so" to ""
[137.731s] -- Installing: /home/sentry/Wolf-Moon/install/nav2_behavior_tree/lib/libnav2_goal_updated_condition_bt_node.so
[137.731s] -- Set runtime path of "/home/sentry/Wolf-Moon/install/nav2_behavior_tree/lib/libnav2_goal_updated_condition_bt_node.so" to ""
[137.731s] -- Installing: /home/sentry/Wolf-Moon/install/nav2_behavior_tree/lib/libnav2_time_expired_condition_bt_node.so
[137.731s] -- Set runtime path of "/home/sentry/Wolf-Moon/install/nav2_behavior_tree/lib/libnav2_time_expired_condition_bt_node.so" to ""
[137.731s] -- Installing: /home/sentry/Wolf-Moon/install/nav2_behavior_tree/lib/libnav2_distance_traveled_condition_bt_node.so
[137.731s] -- Set runtime path of "/home/sentry/Wolf-Moon/install/nav2_behavior_tree/lib/libnav2_distance_traveled_condition_bt_node.so" to ""
[137.731s] -- Installing: /home/sentry/Wolf-Moon/install/nav2_behavior_tree/lib/libnav2_initial_pose_received_condition_bt_node.so
[137.732s] -- Set runtime path of "/home/sentry/Wolf-Moon/install/nav2_behavior_tree/lib/libnav2_initial_pose_received_condition_bt_node.so" to ""
[137.732s] -- Installing: /home/sentry/Wolf-Moon/install/nav2_behavior_tree/lib/libnav2_is_battery_low_condition_bt_node.so
[137.732s] -- Set runtime path of "/home/sentry/Wolf-Moon/install/nav2_behavior_tree/lib/libnav2_is_battery_low_condition_bt_node.so" to ""
[137.732s] -- Installing: /home/sentry/Wolf-Moon/install/nav2_behavior_tree/lib/libnav2_reinitialize_global_localization_service_bt_node.so
[137.733s] -- Set runtime path of "/home/sentry/Wolf-Moon/install/nav2_behavior_tree/lib/libnav2_reinitialize_global_localization_service_bt_node.so" to ""
[137.733s] -- Installing: /home/sentry/Wolf-Moon/install/nav2_behavior_tree/lib/libnav2_rate_controller_bt_node.so
[137.733s] -- Set runtime path of "/home/sentry/Wolf-Moon/install/nav2_behavior_tree/lib/libnav2_rate_controller_bt_node.so" to ""
[137.733s] -- Installing: /home/sentry/Wolf-Moon/install/nav2_behavior_tree/lib/libnav2_distance_controller_bt_node.so
[137.733s] -- Set runtime path of "/home/sentry/Wolf-Moon/install/nav2_behavior_tree/lib/libnav2_distance_controller_bt_node.so" to ""
[137.733s] -- Installing: /home/sentry/Wolf-Moon/install/nav2_behavior_tree/lib/libnav2_speed_controller_bt_node.so
[137.734s] -- Set runtime path of "/home/sentry/Wolf-Moon/install/nav2_behavior_tree/lib/libnav2_speed_controller_bt_node.so" to ""
[137.734s] -- Installing: /home/sentry/Wolf-Moon/install/nav2_behavior_tree/lib/libnav2_truncate_path_action_bt_node.so
[137.734s] -- Set runtime path of "/home/sentry/Wolf-Moon/install/nav2_behavior_tree/lib/libnav2_truncate_path_action_bt_node.so" to ""
[137.734s] -- Installing: /home/sentry/Wolf-Moon/install/nav2_behavior_tree/lib/libnav2_goal_updater_node_bt_node.so
[137.735s] -- Set runtime path of "/home/sentry/Wolf-Moon/install/nav2_behavior_tree/lib/libnav2_goal_updater_node_bt_node.so" to ""
[137.735s] -- Installing: /home/sentry/Wolf-Moon/install/nav2_behavior_tree/lib/libnav2_recovery_node_bt_node.so
[137.735s] -- Set runtime path of "/home/sentry/Wolf-Moon/install/nav2_behavior_tree/lib/libnav2_recovery_node_bt_node.so" to ""
[137.735s] -- Installing: /home/sentry/Wolf-Moon/install/nav2_behavior_tree/lib/libnav2_navigate_to_pose_action_bt_node.so
[137.735s] -- Set runtime path of "/home/sentry/Wolf-Moon/install/nav2_behavior_tree/lib/libnav2_navigate_to_pose_action_bt_node.so" to ""
[137.736s] -- Installing: /home/sentry/Wolf-Moon/install/nav2_behavior_tree/lib/libnav2_navigate_through_poses_action_bt_node.so
[137.736s] -- Set runtime path of "/home/sentry/Wolf-Moon/install/nav2_behavior_tree/lib/libnav2_navigate_through_poses_action_bt_node.so" to ""
[137.736s] -- Installing: /home/sentry/Wolf-Moon/install/nav2_behavior_tree/lib/libnav2_remove_passed_goals_action_bt_node.so
[137.736s] -- Set runtime path of "/home/sentry/Wolf-Moon/install/nav2_behavior_tree/lib/libnav2_remove_passed_goals_action_bt_node.so" to ""
[137.736s] -- Installing: /home/sentry/Wolf-Moon/install/nav2_behavior_tree/lib/libnav2_pipeline_sequence_bt_node.so
[137.737s] -- Set runtime path of "/home/sentry/Wolf-Moon/install/nav2_behavior_tree/lib/libnav2_pipeline_sequence_bt_node.so" to ""
[137.737s] -- Installing: /home/sentry/Wolf-Moon/install/nav2_behavior_tree/lib/libnav2_round_robin_node_bt_node.so
[137.737s] -- Set runtime path of "/home/sentry/Wolf-Moon/install/nav2_behavior_tree/lib/libnav2_round_robin_node_bt_node.so" to ""
[137.737s] -- Installing: /home/sentry/Wolf-Moon/install/nav2_behavior_tree/lib/libnav2_single_trigger_bt_node.so
[137.737s] -- Set runtime path of "/home/sentry/Wolf-Moon/install/nav2_behavior_tree/lib/libnav2_single_trigger_bt_node.so" to ""
[137.737s] -- Installing: /home/sentry/Wolf-Moon/install/nav2_behavior_tree/lib/libnav2_planner_selector_bt_node.so
[137.738s] -- Set runtime path of "/home/sentry/Wolf-Moon/install/nav2_behavior_tree/lib/libnav2_planner_selector_bt_node.so" to ""
[137.738s] -- Installing: /home/sentry/Wolf-Moon/install/nav2_behavior_tree/lib/libnav2_controller_selector_bt_node.so
[137.738s] -- Set runtime path of "/home/sentry/Wolf-Moon/install/nav2_behavior_tree/lib/libnav2_controller_selector_bt_node.so" to ""
[137.738s] -- Installing: /home/sentry/Wolf-Moon/install/nav2_behavior_tree/lib/libnav2_goal_checker_selector_bt_node.so
[137.739s] -- Set runtime path of "/home/sentry/Wolf-Moon/install/nav2_behavior_tree/lib/libnav2_goal_checker_selector_bt_node.so" to ""
[137.739s] -- Installing: /home/sentry/Wolf-Moon/install/nav2_behavior_tree/lib/libnav2_goal_updated_controller_bt_node.so
[137.739s] -- Set runtime path of "/home/sentry/Wolf-Moon/install/nav2_behavior_tree/lib/libnav2_goal_updated_controller_bt_node.so" to ""
[137.740s] -- Up-to-date: /home/sentry/Wolf-Moon/install/nav2_behavior_tree/include/
[137.740s] -- Up-to-date: /home/sentry/Wolf-Moon/install/nav2_behavior_tree/include//nav2_behavior_tree
[137.740s] -- Up-to-date: /home/sentry/Wolf-Moon/install/nav2_behavior_tree/include//nav2_behavior_tree/behavior_tree_engine.hpp
[137.740s] -- Up-to-date: /home/sentry/Wolf-Moon/install/nav2_behavior_tree/include//nav2_behavior_tree/bt_service_node.hpp
[137.740s] -- Up-to-date: /home/sentry/Wolf-Moon/install/nav2_behavior_tree/include//nav2_behavior_tree/bt_action_node.hpp
[137.740s] -- Up-to-date: /home/sentry/Wolf-Moon/install/nav2_behavior_tree/include//nav2_behavior_tree/plugins
[137.741s] -- Up-to-date: /home/sentry/Wolf-Moon/install/nav2_behavior_tree/include//nav2_behavior_tree/plugins/control
[137.741s] -- Up-to-date: /home/sentry/Wolf-Moon/install/nav2_behavior_tree/include//nav2_behavior_tree/plugins/control/recovery_node.hpp
[137.741s] -- Up-to-date: /home/sentry/Wolf-Moon/install/nav2_behavior_tree/include//nav2_behavior_tree/plugins/control/pipeline_sequence.hpp
[137.741s] -- Up-to-date: /home/sentry/Wolf-Moon/install/nav2_behavior_tree/include//nav2_behavior_tree/plugins/control/round_robin_node.hpp
[137.741s] -- Up-to-date: /home/sentry/Wolf-Moon/install/nav2_behavior_tree/include//nav2_behavior_tree/plugins/condition
[137.741s] -- Up-to-date: /home/sentry/Wolf-Moon/install/nav2_behavior_tree/include//nav2_behavior_tree/plugins/condition/distance_traveled_condition.hpp
[137.741s] -- Up-to-date: /home/sentry/Wolf-Moon/install/nav2_behavior_tree/include//nav2_behavior_tree/plugins/condition/initial_pose_received_condition.hpp
[137.741s] -- Up-to-date: /home/sentry/Wolf-Moon/install/nav2_behavior_tree/include//nav2_behavior_tree/plugins/condition/goal_updated_condition.hpp
[137.741s] -- Up-to-date: /home/sentry/Wolf-Moon/install/nav2_behavior_tree/include//nav2_behavior_tree/plugins/condition/is_stuck_condition.hpp
[137.741s] -- Up-to-date: /home/sentry/Wolf-Moon/install/nav2_behavior_tree/include//nav2_behavior_tree/plugins/condition/is_battery_low_condition.hpp
[137.741s] -- Up-to-date: /home/sentry/Wolf-Moon/install/nav2_behavior_tree/include//nav2_behavior_tree/plugins/condition/goal_reached_condition.hpp
[137.741s] -- Up-to-date: /home/sentry/Wolf-Moon/install/nav2_behavior_tree/include//nav2_behavior_tree/plugins/condition/time_expired_condition.hpp
[137.741s] -- Up-to-date: /home/sentry/Wolf-Moon/install/nav2_behavior_tree/include//nav2_behavior_tree/plugins/condition/transform_available_condition.hpp
[137.742s] -- Up-to-date: /home/sentry/Wolf-Moon/install/nav2_behavior_tree/include//nav2_behavior_tree/plugins/decorator
[137.742s] -- Up-to-date: /home/sentry/Wolf-Moon/install/nav2_behavior_tree/include//nav2_behavior_tree/plugins/decorator/speed_controller.hpp
[137.743s] -- Up-to-date: /home/sentry/Wolf-Moon/install/nav2_behavior_tree/include//nav2_behavior_tree/plugins/decorator/goal_updated_controller.hpp
[137.743s] -- Up-to-date: /home/sentry/Wolf-Moon/install/nav2_behavior_tree/include//nav2_behavior_tree/plugins/decorator/single_trigger_node.hpp
[137.744s] -- Up-to-date: /home/sentry/Wolf-Moon/install/nav2_behavior_tree/include//nav2_behavior_tree/plugins/decorator/distance_controller.hpp
[137.744s] -- Up-to-date: /home/sentry/Wolf-Moon/install/nav2_behavior_tree/include//nav2_behavior_tree/plugins/decorator/goal_updater_node.hpp
[137.744s] -- Up-to-date: /home/sentry/Wolf-Moon/install/nav2_behavior_tree/include//nav2_behavior_tree/plugins/decorator/rate_controller.hpp
[137.744s] -- Up-to-date: /home/sentry/Wolf-Moon/install/nav2_behavior_tree/include//nav2_behavior_tree/plugins/action
[137.744s] -- Up-to-date: /home/sentry/Wolf-Moon/install/nav2_behavior_tree/include//nav2_behavior_tree/plugins/action/wait_action.hpp
[137.745s] -- Up-to-date: /home/sentry/Wolf-Moon/install/nav2_behavior_tree/include//nav2_behavior_tree/plugins/action/spin_action.hpp
[137.745s] -- Up-to-date: /home/sentry/Wolf-Moon/install/nav2_behavior_tree/include//nav2_behavior_tree/plugins/action/clear_costmap_service.hpp
[137.745s] -- Up-to-date: /home/sentry/Wolf-Moon/install/nav2_behavior_tree/include//nav2_behavior_tree/plugins/action/reinitialize_global_localization_service.hpp
[137.745s] -- Up-to-date: /home/sentry/Wolf-Moon/install/nav2_behavior_tree/include//nav2_behavior_tree/plugins/action/truncate_path_action.hpp
[137.745s] -- Up-to-date: /home/sentry/Wolf-Moon/install/nav2_behavior_tree/include//nav2_behavior_tree/plugins/action/controller_selector_node.hpp
[137.745s] -- Up-to-date: /home/sentry/Wolf-Moon/install/nav2_behavior_tree/include//nav2_behavior_tree/plugins/action/goal_checker_selector_node.hpp
[137.745s] -- Up-to-date: /home/sentry/Wolf-Moon/install/nav2_behavior_tree/include//nav2_behavior_tree/plugins/action/navigate_through_poses_action.hpp
[137.745s] -- Up-to-date: /home/sentry/Wolf-Moon/install/nav2_behavior_tree/include//nav2_behavior_tree/plugins/action/remove_passed_goals_action.hpp
[137.746s] -- Up-to-date: /home/sentry/Wolf-Moon/install/nav2_behavior_tree/include//nav2_behavior_tree/plugins/action/compute_path_through_poses_action.hpp
[137.746s] -- Up-to-date: /home/sentry/Wolf-Moon/install/nav2_behavior_tree/include//nav2_behavior_tree/plugins/action/planner_selector_node.hpp
[137.746s] -- Up-to-date: /home/sentry/Wolf-Moon/install/nav2_behavior_tree/include//nav2_behavior_tree/plugins/action/back_up_action.hpp
[137.746s] -- Up-to-date: /home/sentry/Wolf-Moon/install/nav2_behavior_tree/include//nav2_behavior_tree/plugins/action/compute_path_to_pose_action.hpp
[137.747s] -- Up-to-date: /home/sentry/Wolf-Moon/install/nav2_behavior_tree/include//nav2_behavior_tree/plugins/action/navigate_to_pose_action.hpp
[137.747s] -- Up-to-date: /home/sentry/Wolf-Moon/install/nav2_behavior_tree/include//nav2_behavior_tree/plugins/action/follow_path_action.hpp
[137.747s] -- Up-to-date: /home/sentry/Wolf-Moon/install/nav2_behavior_tree/include//nav2_behavior_tree/bt_action_server_impl.hpp
[137.747s] -- Up-to-date: /home/sentry/Wolf-Moon/install/nav2_behavior_tree/include//nav2_behavior_tree/bt_action_server.hpp
[137.748s] -- Up-to-date: /home/sentry/Wolf-Moon/install/nav2_behavior_tree/include//nav2_behavior_tree/ros_topic_logger.hpp
[137.748s] -- Up-to-date: /home/sentry/Wolf-Moon/install/nav2_behavior_tree/include//nav2_behavior_tree/bt_conversions.hpp
[137.748s] -- Up-to-date: /home/sentry/Wolf-Moon/install/nav2_behavior_tree/share/nav2_behavior_tree/nav2_tree_nodes.xml
[137.748s] -- Up-to-date: /home/sentry/Wolf-Moon/install/nav2_behavior_tree/share/nav2_behavior_tree/environment/library_path.sh
[137.749s] -- Installing: /home/sentry/Wolf-Moon/install/nav2_behavior_tree/share/nav2_behavior_tree/environment/library_path.dsv
[137.749s] -- Up-to-date: /home/sentry/Wolf-Moon/install/nav2_behavior_tree/share/ament_index/resource_index/package_run_dependencies/nav2_behavior_tree
[137.749s] -- Up-to-date: /home/sentry/Wolf-Moon/install/nav2_behavior_tree/share/ament_index/resource_index/parent_prefix_path/nav2_behavior_tree
[137.749s] -- Up-to-date: /home/sentry/Wolf-Moon/install/nav2_behavior_tree/share/nav2_behavior_tree/environment/ament_prefix_path.sh
[137.750s] -- Installing: /home/sentry/Wolf-Moon/install/nav2_behavior_tree/share/nav2_behavior_tree/environment/ament_prefix_path.dsv
[137.750s] -- Up-to-date: /home/sentry/Wolf-Moon/install/nav2_behavior_tree/share/nav2_behavior_tree/environment/path.sh
[137.750s] -- Installing: /home/sentry/Wolf-Moon/install/nav2_behavior_tree/share/nav2_behavior_tree/environment/path.dsv
[137.750s] -- Up-to-date: /home/sentry/Wolf-Moon/install/nav2_behavior_tree/share/nav2_behavior_tree/local_setup.bash
[137.751s] -- Up-to-date: /home/sentry/Wolf-Moon/install/nav2_behavior_tree/share/nav2_behavior_tree/local_setup.sh
[137.751s] -- Up-to-date: /home/sentry/Wolf-Moon/install/nav2_behavior_tree/share/nav2_behavior_tree/local_setup.zsh
[137.751s] -- Installing: /home/sentry/Wolf-Moon/install/nav2_behavior_tree/share/nav2_behavior_tree/local_setup.dsv
[137.751s] -- Installing: /home/sentry/Wolf-Moon/install/nav2_behavior_tree/share/nav2_behavior_tree/package.dsv
[137.751s] -- Up-to-date: /home/sentry/Wolf-Moon/install/nav2_behavior_tree/share/ament_index/resource_index/packages/nav2_behavior_tree
[137.752s] -- Up-to-date: /home/sentry/Wolf-Moon/install/nav2_behavior_tree/share/nav2_behavior_tree/cmake/ament_cmake_export_include_directories-extras.cmake
[137.752s] -- Up-to-date: /home/sentry/Wolf-Moon/install/nav2_behavior_tree/share/nav2_behavior_tree/cmake/ament_cmake_export_libraries-extras.cmake
[137.753s] -- Up-to-date: /home/sentry/Wolf-Moon/install/nav2_behavior_tree/share/nav2_behavior_tree/cmake/ament_cmake_export_dependencies-extras.cmake
[137.753s] -- Up-to-date: /home/sentry/Wolf-Moon/install/nav2_behavior_tree/share/nav2_behavior_tree/cmake/nav2_behavior_treeConfig.cmake
[137.753s] -- Up-to-date: /home/sentry/Wolf-Moon/install/nav2_behavior_tree/share/nav2_behavior_tree/cmake/nav2_behavior_treeConfig-version.cmake
[137.754s] -- Up-to-date: /home/sentry/Wolf-Moon/install/nav2_behavior_tree/share/nav2_behavior_tree/package.xml
[137.754s] Invoked command in '/home/sentry/Wolf-Moon/build/nav2_behavior_tree' returned '0': AMENT_PREFIX_PATH=/home/sentry/Wolf-Moon/install/nav2_util:/home/sentry/Wolf-Moon/install/nav2_msgs:/home/sentry/Wolf-Moon/install/nav2_common:${AMENT_PREFIX_PATH} CMAKE_PREFIX_PATH=/home/sentry/Wolf-Moon/install/nav2_util:/home/sentry/Wolf-Moon/install/nav2_msgs:/home/sentry/Wolf-Moon/install/nav2_common:/opt/ros/galactic LD_LIBRARY_PATH=/home/sentry/Wolf-Moon/install/nav2_util/lib:/home/sentry/Wolf-Moon/install/nav2_msgs/lib:/opt/MVS/lib/64:/opt/MVS/lib/32:/home/sentry/TUP2024-Sentry-Framework/src/IG_LIO_SLAM/ThirdParty/octomap-Dynamic_point_cloud_removal/lib:/opt/intel/openvino_2022/tools/compile_tool:/opt/intel/openvino_2022/runtime/3rdparty/hddl/lib:/opt/intel/openvino_2022/runtime/lib/intel64:/opt/MVS/lib/64:/opt/MVS/lib/32:/usr/lib/x86_64-linux-gnu/gazebo-11/plugins:/opt/ros/galactic/opt/yaml_cpp_vendor/lib:/opt/ros/galactic/opt/rviz_ogre_vendor/lib:/opt/ros/galactic/lib/x86_64-linux-gnu:/opt/ros/galactic/lib:/home/sentry/TUP2024-Sentry-Framework/src/IG_LIO_SLAM/ThirdParty/octomap-Dynamic_point_cloud_removal/lib:/opt/intel/openvino_2022/tools/compile_tool:/opt/intel/openvino_2022/runtime/3rdparty/hddl/lib:/opt/intel/openvino_2022/runtime/lib/intel64:/opt/MVS/lib/64:/opt/MVS/lib/32:/opt/MVS/lib/64:/opt/MVS/lib/32:/usr/local/opencv4/lib:/usr/local/opencv4/lib PYTHONPATH=/home/sentry/Wolf-Moon/install/nav2_msgs/lib/python3.8/site-packages:/home/sentry/Wolf-Moon/install/nav2_common/lib/python3.8/site-packages:/opt/intel/openvino_2022/python/python3.8:/opt/intel/openvino_2022/python/python3:/opt/ros/galactic/lib/python3.8/site-packages:/opt/intel/openvino_2022/python/python3.8:/opt/intel/openvino_2022/python/python3 /usr/bin/cmake --install /home/sentry/Wolf-Moon/build/nav2_behavior_tree
