[0.061s] Invoking command in '/home/sentry/Wolf-Moon/build/grid_map_pcl': AMENT_PREFIX_PATH=/home/sentry/Wolf-Moon/install/grid_map_ros:/home/sentry/Wolf-Moon/install/grid_map_cv:/home/sentry/Wolf-Moon/install/nav2_msgs:/home/sentry/Wolf-Moon/install/grid_map_msgs:/home/sentry/Wolf-Moon/install/grid_map_core:/home/sentry/Wolf-Moon/install/nav2_common:/home/sentry/Wolf-Moon/install/grid_map_cmake_helpers:/home/sentry/Wolf-Moon/install/cv_bridge:${AMENT_PREFIX_PATH} CMAKE_PREFIX_PATH=/home/sentry/Wolf-Moon/install/grid_map_ros:/home/sentry/Wolf-Moon/install/grid_map_cv:/home/sentry/Wolf-Moon/install/nav2_msgs:/home/sentry/Wolf-Moon/install/grid_map_msgs:/home/sentry/Wolf-Moon/install/grid_map_core:/home/sentry/Wolf-Moon/install/nav2_common:/home/sentry/Wolf-Moon/install/grid_map_cmake_helpers:/home/sentry/Wolf-Moon/install/cv_bridge:/opt/ros/galactic LD_LIBRARY_PATH=/home/sentry/Wolf-Moon/install/grid_map_ros/lib:/home/sentry/Wolf-Moon/install/grid_map_cv/lib:/home/sentry/Wolf-Moon/install/nav2_msgs/lib:/home/sentry/Wolf-Moon/install/grid_map_msgs/lib:/home/sentry/Wolf-Moon/install/grid_map_core/lib:/home/sentry/Wolf-Moon/install/cv_bridge/lib:/opt/MVS/lib/64:/opt/MVS/lib/32:/usr/lib/x86_64-linux-gnu/gazebo-11/plugins:/opt/ros/galactic/opt/yaml_cpp_vendor/lib:/opt/ros/galactic/opt/rviz_ogre_vendor/lib:/opt/ros/galactic/lib/x86_64-linux-gnu:/opt/ros/galactic/lib:/home/sentry/TUP2024-Sentry-Framework/src/IG_LIO_SLAM/ThirdParty/octomap-Dynamic_point_cloud_removal/lib:/opt/intel/openvino_2022/tools/compile_tool:/opt/intel/openvino_2022/runtime/3rdparty/hddl/lib:/opt/intel/openvino_2022/runtime/lib/intel64:/opt/MVS/lib/64:/opt/MVS/lib/32:/opt/MVS/lib/64:/opt/MVS/lib/32:/usr/local/opencv4/lib PYTHONPATH=/home/sentry/Wolf-Moon/install/nav2_msgs/lib/python3.8/site-packages:/home/sentry/Wolf-Moon/install/grid_map_msgs/lib/python3.8/site-packages:/home/sentry/Wolf-Moon/install/nav2_common/lib/python3.8/site-packages:/home/sentry/Wolf-Moon/install/cv_bridge/lib/python3.8/site-packages:/opt/ros/galactic/lib/python3.8/site-packages:/opt/intel/openvino_2022/python/python3.8:/opt/intel/openvino_2022/python/python3 /usr/bin/cmake --build /home/sentry/Wolf-Moon/build/grid_map_pcl -- -j12 -l12
[0.122s] [35m[1mScanning dependencies of target grid_map_pcl[0m
[0.136s] [35m[1mScanning dependencies of target gtest[0m
[0.157s] [  5%] [32mBuilding CXX object gtest/CMakeFiles/gtest.dir/src/gtest-all.cc.o[0m
[0.164s] [35m[1mScanning dependencies of target gtest_main[0m
[0.233s] [ 10%] [32mBuilding CXX object gtest/CMakeFiles/gtest_main.dir/src/gtest_main.cc.o[0m
[0.338s] [ 15%] [32mBuilding CXX object CMakeFiles/grid_map_pcl.dir/src/PclLoaderParameters.cpp.o[0m
[0.353s] [ 21%] [32mBuilding CXX object CMakeFiles/grid_map_pcl.dir/src/GridMapPclLoader.cpp.o[0m
[0.381s] [ 26%] [32mBuilding CXX object CMakeFiles/grid_map_pcl.dir/src/PointcloudProcessor.cpp.o[0m
[0.404s] [ 31%] [32mBuilding CXX object CMakeFiles/grid_map_pcl.dir/src/GridMapPclConverter.cpp.o[0m
[0.432s] [ 36%] [32mBuilding CXX object CMakeFiles/grid_map_pcl.dir/src/helpers.cpp.o[0m
[4.653s] [ 42%] [32m[1mLinking CXX static library libgtest_main.a[0m
[4.913s] [ 42%] Built target gtest_main
[26.442s] [ 47%] [32m[1mLinking CXX static library libgtest.a[0m
[26.497s] [ 47%] Built target gtest
[37.621s] [ 52%] [32m[1mLinking CXX shared library libgrid_map_pcl.so[0m
[41.184s] [ 52%] Built target grid_map_pcl
[41.236s] [35m[1mScanning dependencies of target grid_map_pcl-test[0m
[41.643s] [ 57%] [32mBuilding CXX object CMakeFiles/grid_map_pcl-test.dir/test/GridMapPclLoaderTest.cpp.o[0m
[57.862s] [ 63%] [32mBuilding CXX object CMakeFiles/grid_map_pcl-test.dir/test/test_grid_map_pcl.cpp.o[0m
[60.263s] [ 68%] [32mBuilding CXX object CMakeFiles/grid_map_pcl-test.dir/test/test_helpers.cpp.o[0m
[66.960s] [ 73%] [32mBuilding CXX object CMakeFiles/grid_map_pcl-test.dir/test/PointcloudProcessorTest.cpp.o[0m
[70.726s] [ 78%] [32mBuilding CXX object CMakeFiles/grid_map_pcl-test.dir/test/PointcloudCreator.cpp.o[0m
[72.641s] [ 84%] [32mBuilding CXX object CMakeFiles/grid_map_pcl-test.dir/test/HelpersTest.cpp.o[0m
[76.133s] [ 89%] [32m[1mLinking CXX executable grid_map_pcl-test[0m
[76.717s] [ 89%] Built target grid_map_pcl-test
[76.725s] [35m[1mScanning dependencies of target grid_map_pcl_loader_node[0m
[76.785s] [ 94%] [32mBuilding CXX object CMakeFiles/grid_map_pcl_loader_node.dir/src/grid_map_pcl_loader_node.cpp.o[0m
[84.246s] [100%] [32m[1mLinking CXX executable grid_map_pcl_loader_node[0m
[84.796s] [100%] Built target grid_map_pcl_loader_node
