[0.020s] Invoking command in '/home/sentry/Wolf-Moon/build/nav2_util': AMENT_PREFIX_PATH=/home/sentry/Wolf-Moon/install/nav2_msgs:/home/sentry/Wolf-Moon/install/nav2_common:${AMENT_PREFIX_PATH} CMAKE_PREFIX_PATH=/home/sentry/Wolf-Moon/install/nav2_msgs:/home/sentry/Wolf-Moon/install/nav2_common:/opt/ros/galactic LD_LIBRARY_PATH=/home/sentry/Wolf-Moon/install/nav2_msgs/lib:/opt/MVS/lib/64:/opt/MVS/lib/32:/home/sentry/TUP2024-Sentry-Framework/src/IG_LIO_SLAM/ThirdParty/octomap-Dynamic_point_cloud_removal/lib:/opt/intel/openvino_2022/tools/compile_tool:/opt/intel/openvino_2022/runtime/3rdparty/hddl/lib:/opt/intel/openvino_2022/runtime/lib/intel64:/opt/MVS/lib/64:/opt/MVS/lib/32:/usr/lib/x86_64-linux-gnu/gazebo-11/plugins:/opt/ros/galactic/opt/yaml_cpp_vendor/lib:/opt/ros/galactic/opt/rviz_ogre_vendor/lib:/opt/ros/galactic/lib/x86_64-linux-gnu:/opt/ros/galactic/lib:/home/sentry/TUP2024-Sentry-Framework/src/IG_LIO_SLAM/ThirdParty/octomap-Dynamic_point_cloud_removal/lib:/opt/intel/openvino_2022/tools/compile_tool:/opt/intel/openvino_2022/runtime/3rdparty/hddl/lib:/opt/intel/openvino_2022/runtime/lib/intel64:/opt/MVS/lib/64:/opt/MVS/lib/32:/opt/MVS/lib/64:/opt/MVS/lib/32:/usr/local/opencv4/lib:/usr/local/opencv4/lib PYTHONPATH=/home/sentry/Wolf-Moon/install/nav2_msgs/lib/python3.8/site-packages:/home/sentry/Wolf-Moon/install/nav2_common/lib/python3.8/site-packages:/opt/intel/openvino_2022/python/python3.8:/opt/intel/openvino_2022/python/python3:/opt/ros/galactic/lib/python3.8/site-packages:/opt/intel/openvino_2022/python/python3.8:/opt/intel/openvino_2022/python/python3 /usr/bin/cmake --build /home/sentry/Wolf-Moon/build/nav2_util -- -j12 -l12
[0.097s] [  5%] Built target gtest_main
[0.115s] [ 10%] Built target gtest
[0.118s] [ 15%] Built target dump_params
[0.135s] [ 40%] Built target nav2_util_core
[0.155s] [ 45%] Built target test_execution_timer
[0.218s] [ 57%] Built target lifecycle_bringup
[0.218s] [ 60%] Built target test_service_client
[0.219s] [ 60%] Built target test_node_utils
[0.219s] [ 65%] Built target test_lifecycle_utils
[0.220s] [ 70%] Built target test_lifecycle_node
[0.222s] [ 75%] Built target test_actions
[0.225s] [ 80%] Built target test_string_utils
[0.232s] [ 85%] Built target test_robot_utils
[0.263s] [ 90%] Built target test_geometry_utils
[0.267s] [ 95%] Built target test_odometry_utils
[0.275s] [100%] Built target test_lifecycle_cli_node
[0.294s] Invoked command in '/home/sentry/Wolf-Moon/build/nav2_util' returned '0': AMENT_PREFIX_PATH=/home/sentry/Wolf-Moon/install/nav2_msgs:/home/sentry/Wolf-Moon/install/nav2_common:${AMENT_PREFIX_PATH} CMAKE_PREFIX_PATH=/home/sentry/Wolf-Moon/install/nav2_msgs:/home/sentry/Wolf-Moon/install/nav2_common:/opt/ros/galactic LD_LIBRARY_PATH=/home/sentry/Wolf-Moon/install/nav2_msgs/lib:/opt/MVS/lib/64:/opt/MVS/lib/32:/home/sentry/TUP2024-Sentry-Framework/src/IG_LIO_SLAM/ThirdParty/octomap-Dynamic_point_cloud_removal/lib:/opt/intel/openvino_2022/tools/compile_tool:/opt/intel/openvino_2022/runtime/3rdparty/hddl/lib:/opt/intel/openvino_2022/runtime/lib/intel64:/opt/MVS/lib/64:/opt/MVS/lib/32:/usr/lib/x86_64-linux-gnu/gazebo-11/plugins:/opt/ros/galactic/opt/yaml_cpp_vendor/lib:/opt/ros/galactic/opt/rviz_ogre_vendor/lib:/opt/ros/galactic/lib/x86_64-linux-gnu:/opt/ros/galactic/lib:/home/sentry/TUP2024-Sentry-Framework/src/IG_LIO_SLAM/ThirdParty/octomap-Dynamic_point_cloud_removal/lib:/opt/intel/openvino_2022/tools/compile_tool:/opt/intel/openvino_2022/runtime/3rdparty/hddl/lib:/opt/intel/openvino_2022/runtime/lib/intel64:/opt/MVS/lib/64:/opt/MVS/lib/32:/opt/MVS/lib/64:/opt/MVS/lib/32:/usr/local/opencv4/lib:/usr/local/opencv4/lib PYTHONPATH=/home/sentry/Wolf-Moon/install/nav2_msgs/lib/python3.8/site-packages:/home/sentry/Wolf-Moon/install/nav2_common/lib/python3.8/site-packages:/opt/intel/openvino_2022/python/python3.8:/opt/intel/openvino_2022/python/python3:/opt/ros/galactic/lib/python3.8/site-packages:/opt/intel/openvino_2022/python/python3.8:/opt/intel/openvino_2022/python/python3 /usr/bin/cmake --build /home/sentry/Wolf-Moon/build/nav2_util -- -j12 -l12
[0.297s] Invoking command in '/home/sentry/Wolf-Moon/build/nav2_util': AMENT_PREFIX_PATH=/home/sentry/Wolf-Moon/install/nav2_msgs:/home/sentry/Wolf-Moon/install/nav2_common:${AMENT_PREFIX_PATH} CMAKE_PREFIX_PATH=/home/sentry/Wolf-Moon/install/nav2_msgs:/home/sentry/Wolf-Moon/install/nav2_common:/opt/ros/galactic LD_LIBRARY_PATH=/home/sentry/Wolf-Moon/install/nav2_msgs/lib:/opt/MVS/lib/64:/opt/MVS/lib/32:/home/sentry/TUP2024-Sentry-Framework/src/IG_LIO_SLAM/ThirdParty/octomap-Dynamic_point_cloud_removal/lib:/opt/intel/openvino_2022/tools/compile_tool:/opt/intel/openvino_2022/runtime/3rdparty/hddl/lib:/opt/intel/openvino_2022/runtime/lib/intel64:/opt/MVS/lib/64:/opt/MVS/lib/32:/usr/lib/x86_64-linux-gnu/gazebo-11/plugins:/opt/ros/galactic/opt/yaml_cpp_vendor/lib:/opt/ros/galactic/opt/rviz_ogre_vendor/lib:/opt/ros/galactic/lib/x86_64-linux-gnu:/opt/ros/galactic/lib:/home/sentry/TUP2024-Sentry-Framework/src/IG_LIO_SLAM/ThirdParty/octomap-Dynamic_point_cloud_removal/lib:/opt/intel/openvino_2022/tools/compile_tool:/opt/intel/openvino_2022/runtime/3rdparty/hddl/lib:/opt/intel/openvino_2022/runtime/lib/intel64:/opt/MVS/lib/64:/opt/MVS/lib/32:/opt/MVS/lib/64:/opt/MVS/lib/32:/usr/local/opencv4/lib:/usr/local/opencv4/lib PYTHONPATH=/home/sentry/Wolf-Moon/install/nav2_msgs/lib/python3.8/site-packages:/home/sentry/Wolf-Moon/install/nav2_common/lib/python3.8/site-packages:/opt/intel/openvino_2022/python/python3.8:/opt/intel/openvino_2022/python/python3:/opt/ros/galactic/lib/python3.8/site-packages:/opt/intel/openvino_2022/python/python3.8:/opt/intel/openvino_2022/python/python3 /usr/bin/cmake --install /home/sentry/Wolf-Moon/build/nav2_util
[0.306s] -- Install configuration: "Release"
[0.307s] -- Up-to-date: /home/sentry/Wolf-Moon/install/nav2_util/include/
[0.307s] -- Up-to-date: /home/sentry/Wolf-Moon/install/nav2_util/include//nav2_util
[0.307s] -- Up-to-date: /home/sentry/Wolf-Moon/install/nav2_util/include//nav2_util/service_client.hpp
[0.308s] -- Up-to-date: /home/sentry/Wolf-Moon/install/nav2_util/include//nav2_util/geometry_utils.hpp
[0.308s] -- Up-to-date: /home/sentry/Wolf-Moon/install/nav2_util/include//nav2_util/line_iterator.hpp
[0.309s] -- Up-to-date: /home/sentry/Wolf-Moon/install/nav2_util/include//nav2_util/clear_entirely_costmap_service_client.hpp
[0.309s] -- Up-to-date: /home/sentry/Wolf-Moon/install/nav2_util/include//nav2_util/costmap.hpp
[0.309s] -- Up-to-date: /home/sentry/Wolf-Moon/install/nav2_util/include//nav2_util/string_utils.hpp
[0.310s] -- Up-to-date: /home/sentry/Wolf-Moon/install/nav2_util/include//nav2_util/occ_grid_values.hpp
[0.310s] -- Up-to-date: /home/sentry/Wolf-Moon/install/nav2_util/include//nav2_util/simple_action_server.hpp
[0.310s] -- Up-to-date: /home/sentry/Wolf-Moon/install/nav2_util/include//nav2_util/node_utils.hpp
[0.311s] -- Up-to-date: /home/sentry/Wolf-Moon/install/nav2_util/include//nav2_util/lifecycle_utils.hpp
[0.311s] -- Up-to-date: /home/sentry/Wolf-Moon/install/nav2_util/include//nav2_util/node_thread.hpp
[0.312s] -- Up-to-date: /home/sentry/Wolf-Moon/install/nav2_util/include//nav2_util/lifecycle_service_client.hpp
[0.312s] -- Up-to-date: /home/sentry/Wolf-Moon/install/nav2_util/include//nav2_util/execution_timer.hpp
[0.313s] -- Up-to-date: /home/sentry/Wolf-Moon/install/nav2_util/include//nav2_util/robot_utils.hpp
[0.313s] -- Up-to-date: /home/sentry/Wolf-Moon/install/nav2_util/include//nav2_util/lifecycle_node.hpp
[0.313s] -- Up-to-date: /home/sentry/Wolf-Moon/install/nav2_util/include//nav2_util/odometry_utils.hpp
[0.313s] -- Up-to-date: /home/sentry/Wolf-Moon/install/nav2_util/share/nav2_util/environment/library_path.sh
[0.314s] -- Up-to-date: /home/sentry/Wolf-Moon/install/nav2_util/share/nav2_util/environment/library_path.dsv
[0.315s] -- Up-to-date: /home/sentry/Wolf-Moon/install/nav2_util/share/ament_index/resource_index/package_run_dependencies/nav2_util
[0.315s] -- Up-to-date: /home/sentry/Wolf-Moon/install/nav2_util/share/ament_index/resource_index/parent_prefix_path/nav2_util
[0.316s] -- Up-to-date: /home/sentry/Wolf-Moon/install/nav2_util/share/nav2_util/environment/ament_prefix_path.sh
[0.316s] -- Up-to-date: /home/sentry/Wolf-Moon/install/nav2_util/share/nav2_util/environment/ament_prefix_path.dsv
[0.316s] -- Up-to-date: /home/sentry/Wolf-Moon/install/nav2_util/share/nav2_util/environment/path.sh
[0.317s] -- Up-to-date: /home/sentry/Wolf-Moon/install/nav2_util/share/nav2_util/environment/path.dsv
[0.317s] -- Up-to-date: /home/sentry/Wolf-Moon/install/nav2_util/share/nav2_util/local_setup.bash
[0.317s] -- Up-to-date: /home/sentry/Wolf-Moon/install/nav2_util/share/nav2_util/local_setup.sh
[0.318s] -- Up-to-date: /home/sentry/Wolf-Moon/install/nav2_util/share/nav2_util/local_setup.zsh
[0.318s] -- Up-to-date: /home/sentry/Wolf-Moon/install/nav2_util/share/nav2_util/local_setup.dsv
[0.318s] -- Installing: /home/sentry/Wolf-Moon/install/nav2_util/share/nav2_util/package.dsv
[0.318s] -- Up-to-date: /home/sentry/Wolf-Moon/install/nav2_util/share/ament_index/resource_index/packages/nav2_util
[0.319s] -- Up-to-date: /home/sentry/Wolf-Moon/install/nav2_util/share/nav2_util/cmake/ament_cmake_export_include_directories-extras.cmake
[0.319s] -- Up-to-date: /home/sentry/Wolf-Moon/install/nav2_util/share/nav2_util/cmake/ament_cmake_export_libraries-extras.cmake
[0.319s] -- Up-to-date: /home/sentry/Wolf-Moon/install/nav2_util/share/nav2_util/cmake/ament_cmake_export_dependencies-extras.cmake
[0.319s] -- Up-to-date: /home/sentry/Wolf-Moon/install/nav2_util/share/nav2_util/cmake/nav2_utilConfig.cmake
[0.319s] -- Up-to-date: /home/sentry/Wolf-Moon/install/nav2_util/share/nav2_util/cmake/nav2_utilConfig-version.cmake
[0.319s] -- Up-to-date: /home/sentry/Wolf-Moon/install/nav2_util/share/nav2_util/package.xml
[0.319s] -- Up-to-date: /home/sentry/Wolf-Moon/install/nav2_util/lib/libnav2_util_core.so
[0.319s] -- Up-to-date: /home/sentry/Wolf-Moon/install/nav2_util/lib/nav2_util/lifecycle_bringup
[0.320s] -- Up-to-date: /home/sentry/Wolf-Moon/install/nav2_util/lib/nav2_util/dump_params
[0.371s] Invoked command in '/home/sentry/Wolf-Moon/build/nav2_util' returned '0': AMENT_PREFIX_PATH=/home/sentry/Wolf-Moon/install/nav2_msgs:/home/sentry/Wolf-Moon/install/nav2_common:${AMENT_PREFIX_PATH} CMAKE_PREFIX_PATH=/home/sentry/Wolf-Moon/install/nav2_msgs:/home/sentry/Wolf-Moon/install/nav2_common:/opt/ros/galactic LD_LIBRARY_PATH=/home/sentry/Wolf-Moon/install/nav2_msgs/lib:/opt/MVS/lib/64:/opt/MVS/lib/32:/home/sentry/TUP2024-Sentry-Framework/src/IG_LIO_SLAM/ThirdParty/octomap-Dynamic_point_cloud_removal/lib:/opt/intel/openvino_2022/tools/compile_tool:/opt/intel/openvino_2022/runtime/3rdparty/hddl/lib:/opt/intel/openvino_2022/runtime/lib/intel64:/opt/MVS/lib/64:/opt/MVS/lib/32:/usr/lib/x86_64-linux-gnu/gazebo-11/plugins:/opt/ros/galactic/opt/yaml_cpp_vendor/lib:/opt/ros/galactic/opt/rviz_ogre_vendor/lib:/opt/ros/galactic/lib/x86_64-linux-gnu:/opt/ros/galactic/lib:/home/sentry/TUP2024-Sentry-Framework/src/IG_LIO_SLAM/ThirdParty/octomap-Dynamic_point_cloud_removal/lib:/opt/intel/openvino_2022/tools/compile_tool:/opt/intel/openvino_2022/runtime/3rdparty/hddl/lib:/opt/intel/openvino_2022/runtime/lib/intel64:/opt/MVS/lib/64:/opt/MVS/lib/32:/opt/MVS/lib/64:/opt/MVS/lib/32:/usr/local/opencv4/lib:/usr/local/opencv4/lib PYTHONPATH=/home/sentry/Wolf-Moon/install/nav2_msgs/lib/python3.8/site-packages:/home/sentry/Wolf-Moon/install/nav2_common/lib/python3.8/site-packages:/opt/intel/openvino_2022/python/python3.8:/opt/intel/openvino_2022/python/python3:/opt/ros/galactic/lib/python3.8/site-packages:/opt/intel/openvino_2022/python/python3.8:/opt/intel/openvino_2022/python/python3 /usr/bin/cmake --install /home/sentry/Wolf-Moon/build/nav2_util
