[0.097s] Invoking command in '/home/sentry/Wolf-Moon/build/auto_aim_interfaces': CMAKE_PREFIX_PATH=${CMAKE_PREFIX_PATH}:/home/sentry/Wolf-Moon/install/fake_msg_publisher:/opt/ros/galactic /usr/bin/cmake --build /home/sentry/Wolf-Moon/build/auto_aim_interfaces -- -j12 -l12
[0.267s] [  1%] Built target auto_aim_interfaces__cpp
[0.371s] [ 12%] Built target auto_aim_interfaces__rosidl_generator_c
[0.442s] [ 24%] Built target auto_aim_interfaces__rosidl_typesupport_introspection_cpp
[0.526s] [ 35%] Built target auto_aim_interfaces__rosidl_typesupport_c
[0.631s] [ 46%] Built target auto_aim_interfaces__rosidl_typesupport_introspection_c
[0.721s] [ 58%] Built target auto_aim_interfaces__rosidl_typesupport_fastrtps_cpp
[0.817s] [ 69%] Built target auto_aim_interfaces__rosidl_typesupport_cpp
[0.899s] [ 81%] Built target auto_aim_interfaces__rosidl_typesupport_fastrtps_c
[0.976s] [ 81%] Built target auto_aim_interfaces
[1.080s] [ 82%] Built target auto_aim_interfaces__py
[1.296s] [ 92%] Built target auto_aim_interfaces__python
[1.396s] [ 94%] Built target auto_aim_interfaces__rosidl_typesupport_c__pyext
[1.495s] [ 97%] Built target auto_aim_interfaces__rosidl_typesupport_introspection_c__pyext
[1.605s] [100%] Built target auto_aim_interfaces__rosidl_typesupport_fastrtps_c__pyext
[1.652s] Invoked command in '/home/sentry/Wolf-Moon/build/auto_aim_interfaces' returned '0': CMAKE_PREFIX_PATH=${CMAKE_PREFIX_PATH}:/home/sentry/Wolf-Moon/install/fake_msg_publisher:/opt/ros/galactic /usr/bin/cmake --build /home/sentry/Wolf-Moon/build/auto_aim_interfaces -- -j12 -l12
[2.777s] Invoking command in '/home/sentry/Wolf-Moon/build/auto_aim_interfaces': CMAKE_PREFIX_PATH=${CMAKE_PREFIX_PATH}:/home/sentry/Wolf-Moon/install/fake_msg_publisher:/opt/ros/galactic /usr/bin/cmake --install /home/sentry/Wolf-Moon/build/auto_aim_interfaces
[2.790s] -- Install configuration: ""
[2.790s] -- Up-to-date: /home/sentry/Wolf-Moon/install/auto_aim_interfaces/share/ament_index/resource_index/rosidl_interfaces/auto_aim_interfaces
[2.791s] -- Up-to-date: /home/sentry/Wolf-Moon/install/auto_aim_interfaces/include/auto_aim_interfaces
[2.791s] -- Up-to-date: /home/sentry/Wolf-Moon/install/auto_aim_interfaces/include/auto_aim_interfaces/msg
[2.791s] -- Up-to-date: /home/sentry/Wolf-Moon/install/auto_aim_interfaces/include/auto_aim_interfaces/msg/uart.h
[2.791s] -- Up-to-date: /home/sentry/Wolf-Moon/install/auto_aim_interfaces/include/auto_aim_interfaces/msg/serial.h
[2.791s] -- Up-to-date: /home/sentry/Wolf-Moon/install/auto_aim_interfaces/include/auto_aim_interfaces/msg/state.h
[2.791s] -- Up-to-date: /home/sentry/Wolf-Moon/install/auto_aim_interfaces/include/auto_aim_interfaces/msg/point2f.h
[2.791s] -- Up-to-date: /home/sentry/Wolf-Moon/install/auto_aim_interfaces/include/auto_aim_interfaces/msg/armor.h
[2.791s] -- Up-to-date: /home/sentry/Wolf-Moon/install/auto_aim_interfaces/include/auto_aim_interfaces/msg/detail
[2.792s] -- Up-to-date: /home/sentry/Wolf-Moon/install/auto_aim_interfaces/include/auto_aim_interfaces/msg/detail/serial__functions.h
[2.792s] -- Up-to-date: /home/sentry/Wolf-Moon/install/auto_aim_interfaces/include/auto_aim_interfaces/msg/detail/uart__type_support.h
[2.792s] -- Up-to-date: /home/sentry/Wolf-Moon/install/auto_aim_interfaces/include/auto_aim_interfaces/msg/detail/serial__functions.c
[2.792s] -- Up-to-date: /home/sentry/Wolf-Moon/install/auto_aim_interfaces/include/auto_aim_interfaces/msg/detail/serial__type_support.h
[2.792s] -- Up-to-date: /home/sentry/Wolf-Moon/install/auto_aim_interfaces/include/auto_aim_interfaces/msg/detail/state__type_support.h
[2.792s] -- Up-to-date: /home/sentry/Wolf-Moon/install/auto_aim_interfaces/include/auto_aim_interfaces/msg/detail/armor__struct.h
[2.792s] -- Up-to-date: /home/sentry/Wolf-Moon/install/auto_aim_interfaces/include/auto_aim_interfaces/msg/detail/armor__functions.h
[2.792s] -- Up-to-date: /home/sentry/Wolf-Moon/install/auto_aim_interfaces/include/auto_aim_interfaces/msg/detail/gimbal__struct.h
[2.792s] -- Up-to-date: /home/sentry/Wolf-Moon/install/auto_aim_interfaces/include/auto_aim_interfaces/msg/detail/point2f__type_support.h
[2.792s] -- Up-to-date: /home/sentry/Wolf-Moon/install/auto_aim_interfaces/include/auto_aim_interfaces/msg/detail/armors__functions.c
[2.793s] -- Up-to-date: /home/sentry/Wolf-Moon/install/auto_aim_interfaces/include/auto_aim_interfaces/msg/detail/armors__type_support.h
[2.793s] -- Up-to-date: /home/sentry/Wolf-Moon/install/auto_aim_interfaces/include/auto_aim_interfaces/msg/detail/gimbal__type_support.h
[2.793s] -- Up-to-date: /home/sentry/Wolf-Moon/install/auto_aim_interfaces/include/auto_aim_interfaces/msg/detail/armors__struct.h
[2.793s] -- Up-to-date: /home/sentry/Wolf-Moon/install/auto_aim_interfaces/include/auto_aim_interfaces/msg/detail/point2f__functions.c
[2.793s] -- Up-to-date: /home/sentry/Wolf-Moon/install/auto_aim_interfaces/include/auto_aim_interfaces/msg/detail/gimbal__functions.h
[2.793s] -- Up-to-date: /home/sentry/Wolf-Moon/install/auto_aim_interfaces/include/auto_aim_interfaces/msg/detail/uart__functions.h
[2.793s] -- Up-to-date: /home/sentry/Wolf-Moon/install/auto_aim_interfaces/include/auto_aim_interfaces/msg/detail/uart__functions.c
[2.793s] -- Up-to-date: /home/sentry/Wolf-Moon/install/auto_aim_interfaces/include/auto_aim_interfaces/msg/detail/state__functions.c
[2.793s] -- Up-to-date: /home/sentry/Wolf-Moon/install/auto_aim_interfaces/include/auto_aim_interfaces/msg/detail/armors__functions.h
[2.793s] -- Up-to-date: /home/sentry/Wolf-Moon/install/auto_aim_interfaces/include/auto_aim_interfaces/msg/detail/armor__functions.c
[2.794s] -- Up-to-date: /home/sentry/Wolf-Moon/install/auto_aim_interfaces/include/auto_aim_interfaces/msg/detail/serial__struct.h
[2.794s] -- Up-to-date: /home/sentry/Wolf-Moon/install/auto_aim_interfaces/include/auto_aim_interfaces/msg/detail/point2f__functions.h
[2.794s] -- Up-to-date: /home/sentry/Wolf-Moon/install/auto_aim_interfaces/include/auto_aim_interfaces/msg/detail/gimbal__functions.c
[2.794s] -- Up-to-date: /home/sentry/Wolf-Moon/install/auto_aim_interfaces/include/auto_aim_interfaces/msg/detail/state__functions.h
[2.794s] -- Up-to-date: /home/sentry/Wolf-Moon/install/auto_aim_interfaces/include/auto_aim_interfaces/msg/detail/state__struct.h
[2.794s] -- Up-to-date: /home/sentry/Wolf-Moon/install/auto_aim_interfaces/include/auto_aim_interfaces/msg/detail/uart__struct.h
[2.794s] -- Up-to-date: /home/sentry/Wolf-Moon/install/auto_aim_interfaces/include/auto_aim_interfaces/msg/detail/armor__type_support.h
[2.794s] -- Up-to-date: /home/sentry/Wolf-Moon/install/auto_aim_interfaces/include/auto_aim_interfaces/msg/detail/point2f__struct.h
[2.794s] -- Up-to-date: /home/sentry/Wolf-Moon/install/auto_aim_interfaces/include/auto_aim_interfaces/msg/gimbal.h
[2.794s] -- Up-to-date: /home/sentry/Wolf-Moon/install/auto_aim_interfaces/include/auto_aim_interfaces/msg/armors.h
[2.794s] -- Up-to-date: /home/sentry/Wolf-Moon/install/auto_aim_interfaces/include/auto_aim_interfaces/msg/rosidl_generator_c__visibility_control.h
[2.795s] -- Up-to-date: /home/sentry/Wolf-Moon/install/auto_aim_interfaces/share/auto_aim_interfaces/environment/library_path.sh
[2.795s] -- Up-to-date: /home/sentry/Wolf-Moon/install/auto_aim_interfaces/share/auto_aim_interfaces/environment/library_path.dsv
[2.795s] -- Up-to-date: /home/sentry/Wolf-Moon/install/auto_aim_interfaces/lib/libauto_aim_interfaces__rosidl_generator_c.so
[2.795s] -- Up-to-date: /home/sentry/Wolf-Moon/install/auto_aim_interfaces/include/auto_aim_interfaces
[2.795s] -- Up-to-date: /home/sentry/Wolf-Moon/install/auto_aim_interfaces/include/auto_aim_interfaces/msg
[2.795s] -- Up-to-date: /home/sentry/Wolf-Moon/install/auto_aim_interfaces/include/auto_aim_interfaces/msg/detail
[2.795s] -- Up-to-date: /home/sentry/Wolf-Moon/install/auto_aim_interfaces/include/auto_aim_interfaces/msg/detail/armors__rosidl_typesupport_fastrtps_c.h
[2.795s] -- Up-to-date: /home/sentry/Wolf-Moon/install/auto_aim_interfaces/include/auto_aim_interfaces/msg/detail/serial__rosidl_typesupport_fastrtps_c.h
[2.795s] -- Up-to-date: /home/sentry/Wolf-Moon/install/auto_aim_interfaces/include/auto_aim_interfaces/msg/detail/armor__rosidl_typesupport_fastrtps_c.h
[2.795s] -- Up-to-date: /home/sentry/Wolf-Moon/install/auto_aim_interfaces/include/auto_aim_interfaces/msg/detail/gimbal__rosidl_typesupport_fastrtps_c.h
[2.795s] -- Up-to-date: /home/sentry/Wolf-Moon/install/auto_aim_interfaces/include/auto_aim_interfaces/msg/detail/uart__rosidl_typesupport_fastrtps_c.h
[2.796s] -- Up-to-date: /home/sentry/Wolf-Moon/install/auto_aim_interfaces/include/auto_aim_interfaces/msg/detail/point2f__rosidl_typesupport_fastrtps_c.h
[2.796s] -- Up-to-date: /home/sentry/Wolf-Moon/install/auto_aim_interfaces/include/auto_aim_interfaces/msg/detail/state__rosidl_typesupport_fastrtps_c.h
[2.796s] -- Up-to-date: /home/sentry/Wolf-Moon/install/auto_aim_interfaces/include/auto_aim_interfaces/msg/rosidl_typesupport_fastrtps_c__visibility_control.h
[2.796s] -- Up-to-date: /home/sentry/Wolf-Moon/install/auto_aim_interfaces/lib/libauto_aim_interfaces__rosidl_typesupport_fastrtps_c.so
[2.796s] -- Up-to-date: /home/sentry/Wolf-Moon/install/auto_aim_interfaces/include/auto_aim_interfaces
[2.796s] -- Up-to-date: /home/sentry/Wolf-Moon/install/auto_aim_interfaces/include/auto_aim_interfaces/msg
[2.796s] -- Up-to-date: /home/sentry/Wolf-Moon/install/auto_aim_interfaces/include/auto_aim_interfaces/msg/detail
[2.796s] -- Up-to-date: /home/sentry/Wolf-Moon/install/auto_aim_interfaces/include/auto_aim_interfaces/msg/detail/gimbal__rosidl_typesupport_fastrtps_cpp.hpp
[2.797s] -- Up-to-date: /home/sentry/Wolf-Moon/install/auto_aim_interfaces/include/auto_aim_interfaces/msg/detail/point2f__rosidl_typesupport_fastrtps_cpp.hpp
[2.797s] -- Up-to-date: /home/sentry/Wolf-Moon/install/auto_aim_interfaces/include/auto_aim_interfaces/msg/detail/uart__rosidl_typesupport_fastrtps_cpp.hpp
[2.797s] -- Up-to-date: /home/sentry/Wolf-Moon/install/auto_aim_interfaces/include/auto_aim_interfaces/msg/detail/armor__rosidl_typesupport_fastrtps_cpp.hpp
[2.797s] -- Up-to-date: /home/sentry/Wolf-Moon/install/auto_aim_interfaces/include/auto_aim_interfaces/msg/detail/armors__rosidl_typesupport_fastrtps_cpp.hpp
[2.797s] -- Up-to-date: /home/sentry/Wolf-Moon/install/auto_aim_interfaces/include/auto_aim_interfaces/msg/detail/serial__rosidl_typesupport_fastrtps_cpp.hpp
[2.797s] -- Up-to-date: /home/sentry/Wolf-Moon/install/auto_aim_interfaces/include/auto_aim_interfaces/msg/detail/dds_fastrtps
[2.797s] -- Up-to-date: /home/sentry/Wolf-Moon/install/auto_aim_interfaces/include/auto_aim_interfaces/msg/detail/state__rosidl_typesupport_fastrtps_cpp.hpp
[2.797s] -- Up-to-date: /home/sentry/Wolf-Moon/install/auto_aim_interfaces/include/auto_aim_interfaces/msg/rosidl_typesupport_fastrtps_cpp__visibility_control.h
[2.797s] -- Up-to-date: /home/sentry/Wolf-Moon/install/auto_aim_interfaces/lib/libauto_aim_interfaces__rosidl_typesupport_fastrtps_cpp.so
[2.798s] -- Up-to-date: /home/sentry/Wolf-Moon/install/auto_aim_interfaces/include/auto_aim_interfaces
[2.798s] -- Up-to-date: /home/sentry/Wolf-Moon/install/auto_aim_interfaces/include/auto_aim_interfaces/msg
[2.798s] -- Up-to-date: /home/sentry/Wolf-Moon/install/auto_aim_interfaces/include/auto_aim_interfaces/msg/rosidl_typesupport_introspection_c__visibility_control.h
[2.798s] -- Up-to-date: /home/sentry/Wolf-Moon/install/auto_aim_interfaces/include/auto_aim_interfaces/msg/detail
[2.798s] -- Up-to-date: /home/sentry/Wolf-Moon/install/auto_aim_interfaces/include/auto_aim_interfaces/msg/detail/gimbal__type_support.c
[2.798s] -- Up-to-date: /home/sentry/Wolf-Moon/install/auto_aim_interfaces/include/auto_aim_interfaces/msg/detail/uart__type_support.c
[2.798s] -- Up-to-date: /home/sentry/Wolf-Moon/install/auto_aim_interfaces/include/auto_aim_interfaces/msg/detail/serial__type_support.c
[2.798s] -- Up-to-date: /home/sentry/Wolf-Moon/install/auto_aim_interfaces/include/auto_aim_interfaces/msg/detail/state__rosidl_typesupport_introspection_c.h
[2.798s] -- Up-to-date: /home/sentry/Wolf-Moon/install/auto_aim_interfaces/include/auto_aim_interfaces/msg/detail/serial__rosidl_typesupport_introspection_c.h
[2.798s] -- Up-to-date: /home/sentry/Wolf-Moon/install/auto_aim_interfaces/include/auto_aim_interfaces/msg/detail/state__type_support.c
[2.799s] -- Up-to-date: /home/sentry/Wolf-Moon/install/auto_aim_interfaces/include/auto_aim_interfaces/msg/detail/gimbal__rosidl_typesupport_introspection_c.h
[2.799s] -- Up-to-date: /home/sentry/Wolf-Moon/install/auto_aim_interfaces/include/auto_aim_interfaces/msg/detail/point2f__rosidl_typesupport_introspection_c.h
[2.799s] -- Up-to-date: /home/sentry/Wolf-Moon/install/auto_aim_interfaces/include/auto_aim_interfaces/msg/detail/armors__rosidl_typesupport_introspection_c.h
[2.799s] -- Up-to-date: /home/sentry/Wolf-Moon/install/auto_aim_interfaces/include/auto_aim_interfaces/msg/detail/uart__rosidl_typesupport_introspection_c.h
[2.799s] -- Up-to-date: /home/sentry/Wolf-Moon/install/auto_aim_interfaces/include/auto_aim_interfaces/msg/detail/armor__type_support.c
[2.799s] -- Up-to-date: /home/sentry/Wolf-Moon/install/auto_aim_interfaces/include/auto_aim_interfaces/msg/detail/point2f__type_support.c
[2.799s] -- Up-to-date: /home/sentry/Wolf-Moon/install/auto_aim_interfaces/include/auto_aim_interfaces/msg/detail/armors__type_support.c
[2.799s] -- Up-to-date: /home/sentry/Wolf-Moon/install/auto_aim_interfaces/include/auto_aim_interfaces/msg/detail/armor__rosidl_typesupport_introspection_c.h
[2.799s] -- Up-to-date: /home/sentry/Wolf-Moon/install/auto_aim_interfaces/lib/libauto_aim_interfaces__rosidl_typesupport_introspection_c.so
[2.799s] -- Up-to-date: /home/sentry/Wolf-Moon/install/auto_aim_interfaces/lib/libauto_aim_interfaces__rosidl_typesupport_c.so
[2.800s] -- Up-to-date: /home/sentry/Wolf-Moon/install/auto_aim_interfaces/include/auto_aim_interfaces
[2.800s] -- Up-to-date: /home/sentry/Wolf-Moon/install/auto_aim_interfaces/include/auto_aim_interfaces/msg
[2.800s] -- Up-to-date: /home/sentry/Wolf-Moon/install/auto_aim_interfaces/include/auto_aim_interfaces/msg/gimbal.hpp
[2.800s] -- Up-to-date: /home/sentry/Wolf-Moon/install/auto_aim_interfaces/include/auto_aim_interfaces/msg/point2f.hpp
[2.800s] -- Up-to-date: /home/sentry/Wolf-Moon/install/auto_aim_interfaces/include/auto_aim_interfaces/msg/armors.hpp
[2.800s] -- Up-to-date: /home/sentry/Wolf-Moon/install/auto_aim_interfaces/include/auto_aim_interfaces/msg/serial.hpp
[2.800s] -- Up-to-date: /home/sentry/Wolf-Moon/install/auto_aim_interfaces/include/auto_aim_interfaces/msg/detail
[2.800s] -- Up-to-date: /home/sentry/Wolf-Moon/install/auto_aim_interfaces/include/auto_aim_interfaces/msg/detail/gimbal__struct.hpp
[2.800s] -- Up-to-date: /home/sentry/Wolf-Moon/install/auto_aim_interfaces/include/auto_aim_interfaces/msg/detail/serial__struct.hpp
[2.800s] -- Up-to-date: /home/sentry/Wolf-Moon/install/auto_aim_interfaces/include/auto_aim_interfaces/msg/detail/uart__traits.hpp
[2.800s] -- Up-to-date: /home/sentry/Wolf-Moon/install/auto_aim_interfaces/include/auto_aim_interfaces/msg/detail/state__struct.hpp
[2.801s] -- Up-to-date: /home/sentry/Wolf-Moon/install/auto_aim_interfaces/include/auto_aim_interfaces/msg/detail/armors__builder.hpp
[2.801s] -- Up-to-date: /home/sentry/Wolf-Moon/install/auto_aim_interfaces/include/auto_aim_interfaces/msg/detail/armors__traits.hpp
[2.801s] -- Up-to-date: /home/sentry/Wolf-Moon/install/auto_aim_interfaces/include/auto_aim_interfaces/msg/detail/serial__traits.hpp
[2.801s] -- Up-to-date: /home/sentry/Wolf-Moon/install/auto_aim_interfaces/include/auto_aim_interfaces/msg/detail/point2f__struct.hpp
[2.801s] -- Up-to-date: /home/sentry/Wolf-Moon/install/auto_aim_interfaces/include/auto_aim_interfaces/msg/detail/armor__struct.hpp
[2.801s] -- Up-to-date: /home/sentry/Wolf-Moon/install/auto_aim_interfaces/include/auto_aim_interfaces/msg/detail/point2f__traits.hpp
[2.801s] -- Up-to-date: /home/sentry/Wolf-Moon/install/auto_aim_interfaces/include/auto_aim_interfaces/msg/detail/gimbal__builder.hpp
[2.801s] -- Up-to-date: /home/sentry/Wolf-Moon/install/auto_aim_interfaces/include/auto_aim_interfaces/msg/detail/armor__builder.hpp
[2.801s] -- Up-to-date: /home/sentry/Wolf-Moon/install/auto_aim_interfaces/include/auto_aim_interfaces/msg/detail/gimbal__traits.hpp
[2.801s] -- Up-to-date: /home/sentry/Wolf-Moon/install/auto_aim_interfaces/include/auto_aim_interfaces/msg/detail/state__traits.hpp
[2.801s] -- Up-to-date: /home/sentry/Wolf-Moon/install/auto_aim_interfaces/include/auto_aim_interfaces/msg/detail/uart__builder.hpp
[2.802s] -- Up-to-date: /home/sentry/Wolf-Moon/install/auto_aim_interfaces/include/auto_aim_interfaces/msg/detail/armors__struct.hpp
[2.802s] -- Up-to-date: /home/sentry/Wolf-Moon/install/auto_aim_interfaces/include/auto_aim_interfaces/msg/detail/uart__struct.hpp
[2.802s] -- Up-to-date: /home/sentry/Wolf-Moon/install/auto_aim_interfaces/include/auto_aim_interfaces/msg/detail/point2f__builder.hpp
[2.802s] -- Up-to-date: /home/sentry/Wolf-Moon/install/auto_aim_interfaces/include/auto_aim_interfaces/msg/detail/state__builder.hpp
[2.802s] -- Up-to-date: /home/sentry/Wolf-Moon/install/auto_aim_interfaces/include/auto_aim_interfaces/msg/detail/armor__traits.hpp
[2.802s] -- Up-to-date: /home/sentry/Wolf-Moon/install/auto_aim_interfaces/include/auto_aim_interfaces/msg/detail/serial__builder.hpp
[2.802s] -- Up-to-date: /home/sentry/Wolf-Moon/install/auto_aim_interfaces/include/auto_aim_interfaces/msg/state.hpp
[2.802s] -- Up-to-date: /home/sentry/Wolf-Moon/install/auto_aim_interfaces/include/auto_aim_interfaces/msg/uart.hpp
[2.802s] -- Up-to-date: /home/sentry/Wolf-Moon/install/auto_aim_interfaces/include/auto_aim_interfaces/msg/armor.hpp
[2.802s] -- Up-to-date: /home/sentry/Wolf-Moon/install/auto_aim_interfaces/include/auto_aim_interfaces
[2.803s] -- Up-to-date: /home/sentry/Wolf-Moon/install/auto_aim_interfaces/include/auto_aim_interfaces/msg
[2.803s] -- Up-to-date: /home/sentry/Wolf-Moon/install/auto_aim_interfaces/include/auto_aim_interfaces/msg/detail
[2.803s] -- Up-to-date: /home/sentry/Wolf-Moon/install/auto_aim_interfaces/include/auto_aim_interfaces/msg/detail/gimbal__rosidl_typesupport_introspection_cpp.hpp
[2.803s] -- Up-to-date: /home/sentry/Wolf-Moon/install/auto_aim_interfaces/include/auto_aim_interfaces/msg/detail/armor__rosidl_typesupport_introspection_cpp.hpp
[2.803s] -- Up-to-date: /home/sentry/Wolf-Moon/install/auto_aim_interfaces/include/auto_aim_interfaces/msg/detail/point2f__rosidl_typesupport_introspection_cpp.hpp
[2.803s] -- Up-to-date: /home/sentry/Wolf-Moon/install/auto_aim_interfaces/include/auto_aim_interfaces/msg/detail/serial__rosidl_typesupport_introspection_cpp.hpp
[2.803s] -- Up-to-date: /home/sentry/Wolf-Moon/install/auto_aim_interfaces/include/auto_aim_interfaces/msg/detail/gimbal__type_support.cpp
[2.803s] -- Up-to-date: /home/sentry/Wolf-Moon/install/auto_aim_interfaces/include/auto_aim_interfaces/msg/detail/armor__type_support.cpp
[2.803s] -- Up-to-date: /home/sentry/Wolf-Moon/install/auto_aim_interfaces/include/auto_aim_interfaces/msg/detail/point2f__type_support.cpp
[2.803s] -- Up-to-date: /home/sentry/Wolf-Moon/install/auto_aim_interfaces/include/auto_aim_interfaces/msg/detail/armors__rosidl_typesupport_introspection_cpp.hpp
[2.804s] -- Up-to-date: /home/sentry/Wolf-Moon/install/auto_aim_interfaces/include/auto_aim_interfaces/msg/detail/uart__rosidl_typesupport_introspection_cpp.hpp
[2.804s] -- Up-to-date: /home/sentry/Wolf-Moon/install/auto_aim_interfaces/include/auto_aim_interfaces/msg/detail/state__type_support.cpp
[2.804s] -- Up-to-date: /home/sentry/Wolf-Moon/install/auto_aim_interfaces/include/auto_aim_interfaces/msg/detail/uart__type_support.cpp
[2.804s] -- Up-to-date: /home/sentry/Wolf-Moon/install/auto_aim_interfaces/include/auto_aim_interfaces/msg/detail/armors__type_support.cpp
[2.804s] -- Up-to-date: /home/sentry/Wolf-Moon/install/auto_aim_interfaces/include/auto_aim_interfaces/msg/detail/state__rosidl_typesupport_introspection_cpp.hpp
[2.804s] -- Up-to-date: /home/sentry/Wolf-Moon/install/auto_aim_interfaces/include/auto_aim_interfaces/msg/detail/serial__type_support.cpp
[2.804s] -- Up-to-date: /home/sentry/Wolf-Moon/install/auto_aim_interfaces/lib/libauto_aim_interfaces__rosidl_typesupport_introspection_cpp.so
[2.804s] -- Up-to-date: /home/sentry/Wolf-Moon/install/auto_aim_interfaces/lib/libauto_aim_interfaces__rosidl_typesupport_cpp.so
[2.804s] -- Up-to-date: /home/sentry/Wolf-Moon/install/auto_aim_interfaces/share/auto_aim_interfaces/environment/pythonpath.sh
[2.805s] -- Up-to-date: /home/sentry/Wolf-Moon/install/auto_aim_interfaces/share/auto_aim_interfaces/environment/pythonpath.dsv
[2.805s] -- Up-to-date: /home/sentry/Wolf-Moon/install/auto_aim_interfaces/lib/python3.8/site-packages/auto_aim_interfaces/__init__.py
[2.856s] -- Up-to-date: /home/sentry/Wolf-Moon/install/auto_aim_interfaces/lib/python3.8/site-packages/auto_aim_interfaces/msg
[2.856s] -- Up-to-date: /home/sentry/Wolf-Moon/install/auto_aim_interfaces/lib/python3.8/site-packages/auto_aim_interfaces/msg/_gimbal.py
[2.856s] -- Up-to-date: /home/sentry/Wolf-Moon/install/auto_aim_interfaces/lib/python3.8/site-packages/auto_aim_interfaces/msg/_state_s.c
[2.856s] -- Up-to-date: /home/sentry/Wolf-Moon/install/auto_aim_interfaces/lib/python3.8/site-packages/auto_aim_interfaces/msg/_armors.py
[2.856s] -- Up-to-date: /home/sentry/Wolf-Moon/install/auto_aim_interfaces/lib/python3.8/site-packages/auto_aim_interfaces/msg/__init__.py
[2.856s] -- Up-to-date: /home/sentry/Wolf-Moon/install/auto_aim_interfaces/lib/python3.8/site-packages/auto_aim_interfaces/msg/_state.py
[2.857s] -- Up-to-date: /home/sentry/Wolf-Moon/install/auto_aim_interfaces/lib/python3.8/site-packages/auto_aim_interfaces/msg/_serial.py
[2.857s] -- Up-to-date: /home/sentry/Wolf-Moon/install/auto_aim_interfaces/lib/python3.8/site-packages/auto_aim_interfaces/msg/_point2f.py
[2.857s] -- Up-to-date: /home/sentry/Wolf-Moon/install/auto_aim_interfaces/lib/python3.8/site-packages/auto_aim_interfaces/msg/_gimbal_s.c
[2.857s] -- Up-to-date: /home/sentry/Wolf-Moon/install/auto_aim_interfaces/lib/python3.8/site-packages/auto_aim_interfaces/msg/_armor.py
[2.857s] -- Up-to-date: /home/sentry/Wolf-Moon/install/auto_aim_interfaces/lib/python3.8/site-packages/auto_aim_interfaces/msg/_armors_s.c
[2.857s] -- Up-to-date: /home/sentry/Wolf-Moon/install/auto_aim_interfaces/lib/python3.8/site-packages/auto_aim_interfaces/msg/_serial_s.c
[2.857s] -- Up-to-date: /home/sentry/Wolf-Moon/install/auto_aim_interfaces/lib/python3.8/site-packages/auto_aim_interfaces/msg/_point2f_s.c
[2.858s] -- Up-to-date: /home/sentry/Wolf-Moon/install/auto_aim_interfaces/lib/python3.8/site-packages/auto_aim_interfaces/msg/_armor_s.c
[2.858s] -- Up-to-date: /home/sentry/Wolf-Moon/install/auto_aim_interfaces/lib/python3.8/site-packages/auto_aim_interfaces/msg/_uart_s.c
[2.858s] -- Up-to-date: /home/sentry/Wolf-Moon/install/auto_aim_interfaces/lib/python3.8/site-packages/auto_aim_interfaces/msg/_uart.py
[2.858s] -- Up-to-date: /home/sentry/Wolf-Moon/install/auto_aim_interfaces/lib/python3.8/site-packages/auto_aim_interfaces/auto_aim_interfaces_s__rosidl_typesupport_fastrtps_c.cpython-38-x86_64-linux-gnu.so
[2.858s] -- Up-to-date: /home/sentry/Wolf-Moon/install/auto_aim_interfaces/lib/python3.8/site-packages/auto_aim_interfaces/auto_aim_interfaces_s__rosidl_typesupport_introspection_c.cpython-38-x86_64-linux-gnu.so
[2.859s] -- Up-to-date: /home/sentry/Wolf-Moon/install/auto_aim_interfaces/lib/python3.8/site-packages/auto_aim_interfaces/auto_aim_interfaces_s__rosidl_typesupport_c.cpython-38-x86_64-linux-gnu.so
[2.860s] -- Up-to-date: /home/sentry/Wolf-Moon/install/auto_aim_interfaces/lib/libauto_aim_interfaces__python.so
[2.860s] -- Up-to-date: /home/sentry/Wolf-Moon/install/auto_aim_interfaces/share/auto_aim_interfaces/msg/Armor.idl
[2.860s] -- Up-to-date: /home/sentry/Wolf-Moon/install/auto_aim_interfaces/share/auto_aim_interfaces/msg/Armors.idl
[2.861s] -- Up-to-date: /home/sentry/Wolf-Moon/install/auto_aim_interfaces/share/auto_aim_interfaces/msg/Gimbal.idl
[2.861s] -- Up-to-date: /home/sentry/Wolf-Moon/install/auto_aim_interfaces/share/auto_aim_interfaces/msg/Serial.idl
[2.861s] -- Up-to-date: /home/sentry/Wolf-Moon/install/auto_aim_interfaces/share/auto_aim_interfaces/msg/Point2f.idl
[2.864s] -- Up-to-date: /home/sentry/Wolf-Moon/install/auto_aim_interfaces/share/auto_aim_interfaces/msg/State.idl
[2.864s] -- Up-to-date: /home/sentry/Wolf-Moon/install/auto_aim_interfaces/share/auto_aim_interfaces/msg/Uart.idl
[2.864s] -- Up-to-date: /home/sentry/Wolf-Moon/install/auto_aim_interfaces/share/auto_aim_interfaces/msg/Armor.msg
[2.864s] -- Up-to-date: /home/sentry/Wolf-Moon/install/auto_aim_interfaces/share/auto_aim_interfaces/msg/Armors.msg
[2.864s] -- Up-to-date: /home/sentry/Wolf-Moon/install/auto_aim_interfaces/share/auto_aim_interfaces/msg/Gimbal.msg
[2.865s] -- Up-to-date: /home/sentry/Wolf-Moon/install/auto_aim_interfaces/share/auto_aim_interfaces/msg/Serial.msg
[2.865s] -- Up-to-date: /home/sentry/Wolf-Moon/install/auto_aim_interfaces/share/auto_aim_interfaces/msg/Point2f.msg
[2.865s] -- Up-to-date: /home/sentry/Wolf-Moon/install/auto_aim_interfaces/share/auto_aim_interfaces/msg/State.msg
[2.865s] -- Up-to-date: /home/sentry/Wolf-Moon/install/auto_aim_interfaces/share/auto_aim_interfaces/msg/Uart.msg
[2.865s] -- Up-to-date: /home/sentry/Wolf-Moon/install/auto_aim_interfaces/share/ament_index/resource_index/package_run_dependencies/auto_aim_interfaces
[2.865s] -- Up-to-date: /home/sentry/Wolf-Moon/install/auto_aim_interfaces/share/ament_index/resource_index/parent_prefix_path/auto_aim_interfaces
[2.865s] -- Up-to-date: /home/sentry/Wolf-Moon/install/auto_aim_interfaces/share/auto_aim_interfaces/environment/ament_prefix_path.sh
[2.865s] -- Up-to-date: /home/sentry/Wolf-Moon/install/auto_aim_interfaces/share/auto_aim_interfaces/environment/ament_prefix_path.dsv
[2.866s] -- Up-to-date: /home/sentry/Wolf-Moon/install/auto_aim_interfaces/share/auto_aim_interfaces/environment/path.sh
[2.869s] -- Up-to-date: /home/sentry/Wolf-Moon/install/auto_aim_interfaces/share/auto_aim_interfaces/environment/path.dsv
[2.869s] -- Up-to-date: /home/sentry/Wolf-Moon/install/auto_aim_interfaces/share/auto_aim_interfaces/local_setup.bash
[2.869s] -- Up-to-date: /home/sentry/Wolf-Moon/install/auto_aim_interfaces/share/auto_aim_interfaces/local_setup.sh
[2.869s] -- Up-to-date: /home/sentry/Wolf-Moon/install/auto_aim_interfaces/share/auto_aim_interfaces/local_setup.zsh
[2.869s] -- Up-to-date: /home/sentry/Wolf-Moon/install/auto_aim_interfaces/share/auto_aim_interfaces/local_setup.dsv
[2.869s] -- Installing: /home/sentry/Wolf-Moon/install/auto_aim_interfaces/share/auto_aim_interfaces/package.dsv
[2.869s] -- Up-to-date: /home/sentry/Wolf-Moon/install/auto_aim_interfaces/share/ament_index/resource_index/packages/auto_aim_interfaces
[2.869s] -- Up-to-date: /home/sentry/Wolf-Moon/install/auto_aim_interfaces/share/auto_aim_interfaces/cmake/auto_aim_interfaces__rosidl_generator_cExport.cmake
[2.869s] -- Up-to-date: /home/sentry/Wolf-Moon/install/auto_aim_interfaces/share/auto_aim_interfaces/cmake/auto_aim_interfaces__rosidl_generator_cExport-noconfig.cmake
[2.870s] -- Up-to-date: /home/sentry/Wolf-Moon/install/auto_aim_interfaces/share/auto_aim_interfaces/cmake/auto_aim_interfaces__rosidl_typesupport_introspection_cExport.cmake
[2.870s] -- Up-to-date: /home/sentry/Wolf-Moon/install/auto_aim_interfaces/share/auto_aim_interfaces/cmake/auto_aim_interfaces__rosidl_typesupport_introspection_cExport-noconfig.cmake
[2.870s] -- Up-to-date: /home/sentry/Wolf-Moon/install/auto_aim_interfaces/share/auto_aim_interfaces/cmake/auto_aim_interfaces__rosidl_typesupport_cExport.cmake
[2.870s] -- Up-to-date: /home/sentry/Wolf-Moon/install/auto_aim_interfaces/share/auto_aim_interfaces/cmake/auto_aim_interfaces__rosidl_typesupport_cExport-noconfig.cmake
[2.883s] -- Up-to-date: /home/sentry/Wolf-Moon/install/auto_aim_interfaces/share/auto_aim_interfaces/cmake/auto_aim_interfaces__rosidl_generator_cppExport.cmake
[2.883s] -- Up-to-date: /home/sentry/Wolf-Moon/install/auto_aim_interfaces/share/auto_aim_interfaces/cmake/auto_aim_interfaces__rosidl_typesupport_introspection_cppExport.cmake
[2.883s] -- Up-to-date: /home/sentry/Wolf-Moon/install/auto_aim_interfaces/share/auto_aim_interfaces/cmake/auto_aim_interfaces__rosidl_typesupport_introspection_cppExport-noconfig.cmake
[2.883s] -- Up-to-date: /home/sentry/Wolf-Moon/install/auto_aim_interfaces/share/auto_aim_interfaces/cmake/auto_aim_interfaces__rosidl_typesupport_cppExport.cmake
[2.883s] -- Up-to-date: /home/sentry/Wolf-Moon/install/auto_aim_interfaces/share/auto_aim_interfaces/cmake/auto_aim_interfaces__rosidl_typesupport_cppExport-noconfig.cmake
[2.883s] -- Up-to-date: /home/sentry/Wolf-Moon/install/auto_aim_interfaces/share/auto_aim_interfaces/cmake/rosidl_cmake-extras.cmake
[2.884s] -- Up-to-date: /home/sentry/Wolf-Moon/install/auto_aim_interfaces/share/auto_aim_interfaces/cmake/ament_cmake_export_dependencies-extras.cmake
[2.884s] -- Up-to-date: /home/sentry/Wolf-Moon/install/auto_aim_interfaces/share/auto_aim_interfaces/cmake/ament_cmake_export_libraries-extras.cmake
[2.884s] -- Up-to-date: /home/sentry/Wolf-Moon/install/auto_aim_interfaces/share/auto_aim_interfaces/cmake/ament_cmake_export_targets-extras.cmake
[2.884s] -- Up-to-date: /home/sentry/Wolf-Moon/install/auto_aim_interfaces/share/auto_aim_interfaces/cmake/ament_cmake_export_include_directories-extras.cmake
[2.884s] -- Up-to-date: /home/sentry/Wolf-Moon/install/auto_aim_interfaces/share/auto_aim_interfaces/cmake/rosidl_cmake_export_typesupport_libraries-extras.cmake
[2.884s] -- Up-to-date: /home/sentry/Wolf-Moon/install/auto_aim_interfaces/share/auto_aim_interfaces/cmake/rosidl_cmake_export_typesupport_targets-extras.cmake
[2.884s] -- Up-to-date: /home/sentry/Wolf-Moon/install/auto_aim_interfaces/share/auto_aim_interfaces/cmake/auto_aim_interfacesConfig.cmake
[2.884s] -- Up-to-date: /home/sentry/Wolf-Moon/install/auto_aim_interfaces/share/auto_aim_interfaces/cmake/auto_aim_interfacesConfig-version.cmake
[2.884s] -- Up-to-date: /home/sentry/Wolf-Moon/install/auto_aim_interfaces/share/auto_aim_interfaces/package.xml
[2.884s] Invoked command in '/home/sentry/Wolf-Moon/build/auto_aim_interfaces' returned '0': CMAKE_PREFIX_PATH=${CMAKE_PREFIX_PATH}:/home/sentry/Wolf-Moon/install/fake_msg_publisher:/opt/ros/galactic /usr/bin/cmake --install /home/sentry/Wolf-Moon/build/auto_aim_interfaces
