-- The C compiler identification is GNU 9.4.0
-- The CXX compiler identification is GNU 9.4.0
-- Check for working C compiler: /usr/bin/cc
-- Check for working C compiler: /usr/bin/cc -- works
-- Detecting C compiler ABI info
-- Detecting C compiler ABI info - done
-- Detecting C compile features
-- Detecting C compile features - done
-- Check for working CXX compiler: /usr/bin/c++
-- Check for working CXX compiler: /usr/bin/c++ -- works
-- Detecting CXX compiler ABI info
-- Detecting CXX compiler ABI info - done
-- Detecting CXX compile features
-- Detecting CXX compile features - done
-- Found ament_cmake: 1.1.6 (/opt/ros/galactic/share/ament_cmake/cmake)
-- Found PythonInterp: /usr/bin/python3 (found suitable version "3.8.10", minimum required is "3") 
-- Using PYTHON_EXECUTABLE: /usr/bin/python3
-- Found grid_map_cmake_helpers: 2.0.0 (/home/sentry/Wolf-Moon/install/grid_map_cmake_helpers/share/grid_map_cmake_helpers/cmake)
-- Setting build type to Release as none was specified.
-- Found ament_lint_auto: 0.10.7 (/opt/ros/galactic/share/ament_lint_auto/cmake)
-- Found gtest sources under '/opt/ros/galactic/src/gtest_vendor': C++ tests using 'Google Test' will be built
-- Looking for pthread.h
-- Looking for pthread.h - found
-- Performing Test CMAKE_HAVE_LIBC_PTHREAD
-- Performing Test CMAKE_HAVE_LIBC_PTHREAD - Failed
-- Check if compiler accepts -pthread
-- Check if compiler accepts -pthread - yes
-- Found Threads: TRUE  
-- Added test 'cppcheck' to perform static code analysis on C / C++ code
-- Configured cppcheck include dirs: /home/sentry/Wolf-Moon/src/ThirdParty/grid_map/grid_map_core/include
-- Configured cppcheck exclude dirs and/or files: 
-- Added test 'lint_cmake' to check CMake code style
-- Added test 'uncrustify' to check C / C++ code style
-- Configured uncrustify additional arguments: 
-- Added test 'xmllint' to check XML markup files
-- Configuring done
-- Generating done
-- Build files have been written to: /home/sentry/Wolf-Moon/build/grid_map_core
[35m[1mScanning dependencies of target gtest_main[0m
[35m[1mScanning dependencies of target gtest[0m
[35m[1mScanning dependencies of target grid_map_core[0m
[  2%] [32mBuilding CXX object gtest/CMakeFiles/gtest_main.dir/src/gtest_main.cc.o[0m
[  5%] [32mBuilding CXX object gtest/CMakeFiles/gtest.dir/src/gtest-all.cc.o[0m
[  8%] [32mBuilding CXX object CMakeFiles/grid_map_core.dir/src/GridMap.cpp.o[0m
[ 11%] [32mBuilding CXX object CMakeFiles/grid_map_core.dir/src/SubmapGeometry.cpp.o[0m
[ 14%] [32mBuilding CXX object CMakeFiles/grid_map_core.dir/src/CubicInterpolation.cpp.o[0m
[ 17%] [32mBuilding CXX object CMakeFiles/grid_map_core.dir/src/iterators/GridMapIterator.cpp.o[0m
[ 20%] [32mBuilding CXX object CMakeFiles/grid_map_core.dir/src/iterators/SubmapIterator.cpp.o[0m
[ 22%] [32mBuilding CXX object CMakeFiles/grid_map_core.dir/src/Polygon.cpp.o[0m
[ 25%] [32mBuilding CXX object CMakeFiles/grid_map_core.dir/src/BufferRegion.cpp.o[0m
[ 28%] [32mBuilding CXX object CMakeFiles/grid_map_core.dir/src/GridMapMath.cpp.o[0m
[ 31%] [32mBuilding CXX object CMakeFiles/grid_map_core.dir/src/iterators/CircleIterator.cpp.o[0m
[ 34%] [32mBuilding CXX object CMakeFiles/grid_map_core.dir/src/iterators/EllipseIterator.cpp.o[0m
[ 37%] [32mBuilding CXX object CMakeFiles/grid_map_core.dir/src/iterators/SpiralIterator.cpp.o[0m
[ 40%] [32mBuilding CXX object CMakeFiles/grid_map_core.dir/src/iterators/PolygonIterator.cpp.o[0m
[ 42%] [32mBuilding CXX object CMakeFiles/grid_map_core.dir/src/iterators/LineIterator.cpp.o[0m
