[0.059s] Invoking command in '/home/sentry/Wolf-Moon/build/grid_map_visualization': AMENT_PREFIX_PATH=/home/sentry/Wolf-Moon/install/grid_map_ros:/home/sentry/Wolf-Moon/install/grid_map_cv:/home/sentry/Wolf-Moon/install/nav2_msgs:/home/sentry/Wolf-Moon/install/grid_map_msgs:/home/sentry/Wolf-Moon/install/grid_map_core:/home/sentry/Wolf-Moon/install/nav2_common:/home/sentry/Wolf-Moon/install/grid_map_cmake_helpers:/home/sentry/Wolf-Moon/install/cv_bridge:${AMENT_PREFIX_PATH} CMAKE_PREFIX_PATH=/home/sentry/Wolf-Moon/install/grid_map_ros:/home/sentry/Wolf-Moon/install/grid_map_cv:/home/sentry/Wolf-Moon/install/nav2_msgs:/home/sentry/Wolf-Moon/install/grid_map_msgs:/home/sentry/Wolf-Moon/install/grid_map_core:/home/sentry/Wolf-Moon/install/nav2_common:/home/sentry/Wolf-Moon/install/grid_map_cmake_helpers:/home/sentry/Wolf-Moon/install/cv_bridge:/opt/ros/galactic LD_LIBRARY_PATH=/home/sentry/Wolf-Moon/install/grid_map_ros/lib:/home/sentry/Wolf-Moon/install/grid_map_cv/lib:/home/sentry/Wolf-Moon/install/nav2_msgs/lib:/home/sentry/Wolf-Moon/install/grid_map_msgs/lib:/home/sentry/Wolf-Moon/install/grid_map_core/lib:/home/sentry/Wolf-Moon/install/cv_bridge/lib:/opt/MVS/lib/64:/opt/MVS/lib/32:/usr/lib/x86_64-linux-gnu/gazebo-11/plugins:/opt/ros/galactic/opt/yaml_cpp_vendor/lib:/opt/ros/galactic/opt/rviz_ogre_vendor/lib:/opt/ros/galactic/lib/x86_64-linux-gnu:/opt/ros/galactic/lib:/home/sentry/TUP2024-Sentry-Framework/src/IG_LIO_SLAM/ThirdParty/octomap-Dynamic_point_cloud_removal/lib:/opt/intel/openvino_2022/tools/compile_tool:/opt/intel/openvino_2022/runtime/3rdparty/hddl/lib:/opt/intel/openvino_2022/runtime/lib/intel64:/opt/MVS/lib/64:/opt/MVS/lib/32:/opt/MVS/lib/64:/opt/MVS/lib/32:/usr/local/opencv4/lib PYTHONPATH=/home/sentry/Wolf-Moon/install/nav2_msgs/lib/python3.8/site-packages:/home/sentry/Wolf-Moon/install/grid_map_msgs/lib/python3.8/site-packages:/home/sentry/Wolf-Moon/install/nav2_common/lib/python3.8/site-packages:/home/sentry/Wolf-Moon/install/cv_bridge/lib/python3.8/site-packages:/opt/ros/galactic/lib/python3.8/site-packages:/opt/intel/openvino_2022/python/python3.8:/opt/intel/openvino_2022/python/python3 /usr/bin/cmake /home/sentry/Wolf-Moon/src/ThirdParty/grid_map/grid_map_visualization -DCMAKE_INSTALL_PREFIX=/home/sentry/Wolf-Moon/install/grid_map_visualization
[0.156s] -- The C compiler identification is GNU 9.4.0
[0.247s] -- The CXX compiler identification is GNU 9.4.0
[0.254s] -- Check for working C compiler: /usr/bin/cc
[0.389s] -- Check for working C compiler: /usr/bin/cc -- works
[0.391s] -- Detecting C compiler ABI info
[0.485s] -- Detecting C compiler ABI info - done
[0.501s] -- Detecting C compile features
[0.502s] -- Detecting C compile features - done
[0.506s] -- Check for working CXX compiler: /usr/bin/c++
[0.641s] -- Check for working CXX compiler: /usr/bin/c++ -- works
[0.643s] -- Detecting CXX compiler ABI info
[0.777s] -- Detecting CXX compiler ABI info - done
[0.795s] -- Detecting CXX compile features
[0.796s] -- Detecting CXX compile features - done
[0.800s] -- Found ament_cmake: 1.1.6 (/opt/ros/galactic/share/ament_cmake/cmake)
[0.838s] -- Found PythonInterp: /usr/bin/python3 (found suitable version "3.8.10", minimum required is "3") 
[0.838s] -- Using PYTHON_EXECUTABLE: /usr/bin/python3
[0.958s] -- Found grid_map_cmake_helpers: 2.0.0 (/home/sentry/Wolf-Moon/install/grid_map_cmake_helpers/share/grid_map_cmake_helpers/cmake)
[0.959s] -- Found grid_map_core: 2.0.0 (/home/sentry/Wolf-Moon/install/grid_map_core/share/grid_map_core/cmake)
[0.962s] -- Found grid_map_msgs: 2.0.0 (/home/sentry/Wolf-Moon/install/grid_map_msgs/share/grid_map_msgs/cmake)
[1.010s] -- Using all available rosidl_typesupport_c: rosidl_typesupport_fastrtps_c;rosidl_typesupport_introspection_c
[1.022s] -- Found rosidl_adapter: 2.2.3 (/opt/ros/galactic/share/rosidl_adapter/cmake)
[1.147s] -- Found OpenSSL: /usr/lib/x86_64-linux-gnu/libcrypto.so (found version "1.1.1f")  
[1.191s] -- Found FastRTPS: /opt/ros/galactic/include  
[1.310s] -- Using all available rosidl_typesupport_cpp: rosidl_typesupport_fastrtps_cpp;rosidl_typesupport_introspection_cpp
[1.552s] -- Found grid_map_ros: 2.0.0 (/home/sentry/Wolf-Moon/install/grid_map_ros/share/grid_map_ros/cmake)
[1.892s] -- Found rmw_implementation_cmake: 3.3.1 (/opt/ros/galactic/share/rmw_implementation_cmake/cmake)
[1.895s] -- Found rmw_cyclonedds_cpp: 0.22.6 (/opt/ros/galactic/share/rmw_cyclonedds_cpp/cmake)
[1.913s] -- Using RMW implementation 'rmw_cyclonedds_cpp' as default
[1.914s] -- Looking for pthread.h
[1.991s] -- Looking for pthread.h - found
[1.991s] -- Performing Test CMAKE_HAVE_LIBC_PTHREAD
[2.090s] -- Performing Test CMAKE_HAVE_LIBC_PTHREAD - Failed
[2.090s] -- Looking for pthread_create in pthreads
[2.167s] -- Looking for pthread_create in pthreads - not found
[2.167s] -- Looking for pthread_create in pthread
[2.259s] -- Looking for pthread_create in pthread - found
[2.260s] -- Found Threads: TRUE  
[3.061s] -- Setting build type to Release as none was specified.
[3.503s] -- Found ament_lint_auto: 0.10.7 (/opt/ros/galactic/share/ament_lint_auto/cmake)
[3.580s] -- Added test 'cppcheck' to perform static code analysis on C / C++ code
[3.580s] -- Configured cppcheck include dirs: /home/sentry/Wolf-Moon/src/ThirdParty/grid_map/grid_map_visualization/include
[3.580s] -- Configured cppcheck exclude dirs and/or files: 
[3.581s] -- Added test 'lint_cmake' to check CMake code style
[3.582s] -- Added test 'uncrustify' to check C / C++ code style
[3.582s] -- Configured uncrustify additional arguments: 
[3.583s] -- Added test 'xmllint' to check XML markup files
[3.586s] -- Configuring done
[3.632s] -- Generating done
[3.656s] -- Build files have been written to: /home/sentry/Wolf-Moon/build/grid_map_visualization
