[0.031s] Invoking command in '/home/sentry/Wolf-Moon/build/cv_bridge': CMAKE_PREFIX_PATH=/opt/ros/galactic /usr/bin/cmake /home/sentry/Wolf-Moon/src/cv_bridge -DCMAKE_INSTALL_PREFIX=/home/sentry/Wolf-Moon/install/cv_bridge
[0.074s] -- The C compiler identification is GNU 9.4.0
[0.142s] -- The CXX compiler identification is GNU 9.4.0
[0.148s] -- Check for working C compiler: /usr/bin/cc
[0.254s] -- Check for working C compiler: /usr/bin/cc -- works
[0.255s] -- Detecting C compiler ABI info
[0.579s] -- Detecting C compiler ABI info - done
[0.603s] -- Detecting C compile features
[0.603s] -- Detecting C compile features - done
[0.608s] -- Check for working CXX compiler: /usr/bin/c++
[0.944s] -- Check for working CXX compiler: /usr/bin/c++ -- works
[0.945s] -- Detecting CXX compiler ABI info
[1.464s] -- Detecting CXX compiler ABI info - done
[1.495s] -- Detecting CXX compile features
[1.498s] -- Detecting CXX compile features - done
[1.505s] -- Found ament_cmake_ros: 0.9.2 (/opt/ros/galactic/share/ament_cmake_ros/cmake)
[1.687s] -- Found PythonInterp: /usr/bin/python3 (found suitable version "3.8.10", minimum required is "3") 
[1.687s] -- Using PYTHON_EXECUTABLE: /usr/bin/python3
[2.241s] -- Found PythonLibs: /usr/lib/x86_64-linux-gnu/libpython3.8.so (found version "3.8.10") 
[2.281s] -- Boost_VERSION_STRING: 1.71.0
[2.321s] -- Found Boost: /usr/lib/x86_64-linux-gnu/cmake/Boost-1.71.0/BoostConfig.cmake (found version "1.71.0") found components: python38 
[2.337s] -- Found rcpputils: 2.2.2 (/opt/ros/galactic/share/rcpputils/cmake)
[2.401s] -- Found sensor_msgs: 2.2.4 (/opt/ros/galactic/share/sensor_msgs/cmake)
[2.498s] -- Using all available rosidl_typesupport_c: rosidl_typesupport_fastrtps_c;rosidl_typesupport_introspection_c
[2.537s] -- Found rosidl_adapter: 2.2.3 (/opt/ros/galactic/share/rosidl_adapter/cmake)
[3.189s] -- Found OpenSSL: /usr/lib/x86_64-linux-gnu/libcrypto.so (found version "1.1.1f")  
[3.325s] -- Found FastRTPS: /opt/ros/galactic/include  
[3.724s] -- Using all available rosidl_typesupport_cpp: rosidl_typesupport_fastrtps_cpp;rosidl_typesupport_introspection_cpp
[5.298s] -- Performing Test COMPILER_HAS_HIDDEN_VISIBILITY
[5.874s] -- Performing Test COMPILER_HAS_HIDDEN_VISIBILITY - Success
[5.875s] -- Performing Test COMPILER_HAS_HIDDEN_INLINE_VISIBILITY
[6.373s] -- Performing Test COMPILER_HAS_HIDDEN_INLINE_VISIBILITY - Success
[6.374s] -- Performing Test COMPILER_HAS_DEPRECATED_ATTR
[6.992s] -- Performing Test COMPILER_HAS_DEPRECATED_ATTR - Success
[7.098s] -- Found PythonInterp: /usr/bin/python3 (found version "3.8.10") 
[7.100s] -- Found PythonLibs: /usr/lib/x86_64-linux-gnu/libpython3.8.so (found suitable version "3.8.10", minimum required is "3.8") 
[7.876s] -- Found ament_lint_auto: 0.10.7 (/opt/ros/galactic/share/ament_lint_auto/cmake)
[8.155s] -- Found gtest sources under '/opt/ros/galactic/src/gtest_vendor': C++ tests using 'Google Test' will be built
[8.167s] -- Looking for pthread.h
[8.572s] -- Looking for pthread.h - found
[8.573s] -- Performing Test CMAKE_HAVE_LIBC_PTHREAD
[8.964s] -- Performing Test CMAKE_HAVE_LIBC_PTHREAD - Failed
[8.964s] -- Check if compiler accepts -pthread
[9.280s] -- Check if compiler accepts -pthread - yes
[9.280s] -- Found Threads: TRUE  
[11.694s] -- Configuring done
[11.711s] -- Generating done
[11.719s] -- Build files have been written to: /home/sentry/Wolf-Moon/build/cv_bridge
[11.726s] Invoked command in '/home/sentry/Wolf-Moon/build/cv_bridge' returned '0': CMAKE_PREFIX_PATH=/opt/ros/galactic /usr/bin/cmake /home/sentry/Wolf-Moon/src/cv_bridge -DCMAKE_INSTALL_PREFIX=/home/sentry/Wolf-Moon/install/cv_bridge
[11.729s] Invoking command in '/home/sentry/Wolf-Moon/build/cv_bridge': CMAKE_PREFIX_PATH=/opt/ros/galactic /usr/bin/cmake --build /home/sentry/Wolf-Moon/build/cv_bridge -- -j12 -l12
[14.987s] [35m[1mScanning dependencies of target ament_cmake_python_copy_cv_bridge[0m
[14.987s] [  0%] Built target ament_cmake_python_copy_cv_bridge
[14.987s] [35m[1mScanning dependencies of target gtest_main[0m
[14.987s] [  6%] [32mBuilding CXX object gtest/CMakeFiles/gtest_main.dir/src/gtest_main.cc.o[0m
[14.987s] [ 12%] [32m[1mLinking CXX static library libgtest_main.a[0m
[14.987s] [ 12%] Built target gtest_main
[14.988s] [35m[1mScanning dependencies of target ament_cmake_python_build_cv_bridge_egg[0m
[14.988s] running egg_info
[14.988s] creating cv_bridge.egg-info
[14.988s] writing cv_bridge.egg-info/PKG-INFO
[14.988s] writing dependency_links to cv_bridge.egg-info/dependency_links.txt
[14.988s] writing top-level names to cv_bridge.egg-info/top_level.txt
[14.988s] writing manifest file 'cv_bridge.egg-info/SOURCES.txt'
[14.988s] reading manifest file 'cv_bridge.egg-info/SOURCES.txt'
[14.988s] writing manifest file 'cv_bridge.egg-info/SOURCES.txt'
[14.988s] [ 12%] Built target ament_cmake_python_build_cv_bridge_egg
[14.988s] [35m[1mScanning dependencies of target gtest[0m
[14.988s] [ 18%] [32mBuilding CXX object gtest/CMakeFiles/gtest.dir/src/gtest-all.cc.o[0m
[15.934s] [ 25%] [32m[1mLinking CXX static library libgtest.a[0m
[16.003s] [ 25%] Built target gtest
[16.017s] [35m[1mScanning dependencies of target cv_bridge[0m
[16.088s] [ 31%] [32mBuilding CXX object src/CMakeFiles/cv_bridge.dir/cv_bridge.cpp.o[0m
[21.377s] [ 37%] [32mBuilding CXX object src/CMakeFiles/cv_bridge.dir/rgb_colors.cpp.o[0m
[22.794s] [ 43%] [32m[1mLinking CXX shared library libcv_bridge.so[0m
[22.921s] [ 43%] Built target cv_bridge
[22.933s] [35m[1mScanning dependencies of target cv_bridge_boost[0m
[22.973s] [ 50%] [32mBuilding CXX object src/CMakeFiles/cv_bridge_boost.dir/module.cpp.o[0m
[27.059s] [ 56%] [32mBuilding CXX object src/CMakeFiles/cv_bridge_boost.dir/module_opencv3.cpp.o[0m
[30.069s] [ 62%] [32m[1mLinking CXX shared library boost/cv_bridge_boost.so[0m
[30.213s] [ 62%] Built target cv_bridge_boost
[30.228s] [35m[1mScanning dependencies of target cv_bridge-utest[0m
[30.273s] [ 68%] [32mBuilding CXX object test/CMakeFiles/cv_bridge-utest.dir/test_endian.cpp.o[0m
[31.422s] [ 75%] [32mBuilding CXX object test/CMakeFiles/cv_bridge-utest.dir/test_rgb_colors.cpp.o[0m
[33.039s] [ 81%] [32mBuilding CXX object test/CMakeFiles/cv_bridge-utest.dir/utest2.cpp.o[0m
[34.727s] [ 87%] [32mBuilding CXX object test/CMakeFiles/cv_bridge-utest.dir/utest.cpp.o[0m
[36.297s] [ 93%] [32mBuilding CXX object test/CMakeFiles/cv_bridge-utest.dir/test_compression.cpp.o[0m
[37.063s] [100%] [32m[1mLinking CXX executable cv_bridge-utest[0m
[37.307s] [100%] Built target cv_bridge-utest
[37.321s] Invoked command in '/home/sentry/Wolf-Moon/build/cv_bridge' returned '0': CMAKE_PREFIX_PATH=/opt/ros/galactic /usr/bin/cmake --build /home/sentry/Wolf-Moon/build/cv_bridge -- -j12 -l12
[37.325s] Invoking command in '/home/sentry/Wolf-Moon/build/cv_bridge': CMAKE_PREFIX_PATH=/opt/ros/galactic /usr/bin/cmake --install /home/sentry/Wolf-Moon/build/cv_bridge
[37.335s] -- Install configuration: ""
[37.336s] -- Installing: /home/sentry/Wolf-Moon/install/cv_bridge/share/cv_bridge/environment/pythonpath.sh
[37.336s] -- Installing: /home/sentry/Wolf-Moon/install/cv_bridge/share/cv_bridge/environment/pythonpath.dsv
[37.336s] -- Installing: /home/sentry/Wolf-Moon/install/cv_bridge/lib/python3.8/site-packages//cv_bridge.egg-info
[37.336s] -- Installing: /home/sentry/Wolf-Moon/install/cv_bridge/lib/python3.8/site-packages//cv_bridge.egg-info/SOURCES.txt
[37.336s] -- Installing: /home/sentry/Wolf-Moon/install/cv_bridge/lib/python3.8/site-packages//cv_bridge.egg-info/top_level.txt
[37.337s] -- Installing: /home/sentry/Wolf-Moon/install/cv_bridge/lib/python3.8/site-packages//cv_bridge.egg-info/dependency_links.txt
[37.337s] -- Installing: /home/sentry/Wolf-Moon/install/cv_bridge/lib/python3.8/site-packages//cv_bridge.egg-info/PKG-INFO
[37.337s] -- Installing: /home/sentry/Wolf-Moon/install/cv_bridge/lib/python3.8/site-packages/cv_bridge
[37.337s] -- Installing: /home/sentry/Wolf-Moon/install/cv_bridge/lib/python3.8/site-packages/cv_bridge/__init__.py
[37.337s] -- Installing: /home/sentry/Wolf-Moon/install/cv_bridge/lib/python3.8/site-packages/cv_bridge/core.py
[37.375s] Listing '/home/sentry/Wolf-Moon/install/cv_bridge/lib/python3.8/site-packages/cv_bridge'...
[37.375s] Compiling '/home/sentry/Wolf-Moon/install/cv_bridge/lib/python3.8/site-packages/cv_bridge/__init__.py'...
[37.375s] Compiling '/home/sentry/Wolf-Moon/install/cv_bridge/lib/python3.8/site-packages/cv_bridge/core.py'...
[37.380s] -- Installing: /home/sentry/Wolf-Moon/install/cv_bridge/share/cv_bridge/environment/library_path.sh
[37.380s] -- Installing: /home/sentry/Wolf-Moon/install/cv_bridge/share/cv_bridge/environment/library_path.dsv
[37.380s] -- Installing: /home/sentry/Wolf-Moon/install/cv_bridge/include/cv_bridge
[37.380s] -- Installing: /home/sentry/Wolf-Moon/install/cv_bridge/include/cv_bridge/rgb_colors.h
[37.380s] -- Installing: /home/sentry/Wolf-Moon/install/cv_bridge/include/cv_bridge/cv_bridge.h
[37.380s] -- Installing: /home/sentry/Wolf-Moon/install/cv_bridge/lib/libcv_bridge.so
[37.382s] -- Set runtime path of "/home/sentry/Wolf-Moon/install/cv_bridge/lib/libcv_bridge.so" to ""
[37.382s] -- Installing: /home/sentry/Wolf-Moon/install/cv_bridge/share/ament_index/resource_index/package_run_dependencies/cv_bridge
[37.383s] -- Installing: /home/sentry/Wolf-Moon/install/cv_bridge/share/ament_index/resource_index/parent_prefix_path/cv_bridge
[37.383s] -- Installing: /home/sentry/Wolf-Moon/install/cv_bridge/share/cv_bridge/environment/ament_prefix_path.sh
[37.383s] -- Installing: /home/sentry/Wolf-Moon/install/cv_bridge/share/cv_bridge/environment/ament_prefix_path.dsv
[37.383s] -- Installing: /home/sentry/Wolf-Moon/install/cv_bridge/share/cv_bridge/environment/path.sh
[37.383s] -- Installing: /home/sentry/Wolf-Moon/install/cv_bridge/share/cv_bridge/environment/path.dsv
[37.383s] -- Installing: /home/sentry/Wolf-Moon/install/cv_bridge/share/cv_bridge/local_setup.bash
[37.383s] -- Installing: /home/sentry/Wolf-Moon/install/cv_bridge/share/cv_bridge/local_setup.sh
[37.384s] -- Installing: /home/sentry/Wolf-Moon/install/cv_bridge/share/cv_bridge/local_setup.zsh
[37.384s] -- Installing: /home/sentry/Wolf-Moon/install/cv_bridge/share/cv_bridge/local_setup.dsv
[37.384s] -- Installing: /home/sentry/Wolf-Moon/install/cv_bridge/share/cv_bridge/package.dsv
[37.384s] -- Installing: /home/sentry/Wolf-Moon/install/cv_bridge/share/ament_index/resource_index/packages/cv_bridge
[37.384s] -- Installing: /home/sentry/Wolf-Moon/install/cv_bridge/share/cv_bridge/cmake/cv_bridge-extras.cmake
[37.384s] -- Installing: /home/sentry/Wolf-Moon/install/cv_bridge/share/cv_bridge/cmake/ament_cmake_export_dependencies-extras.cmake
[37.384s] -- Installing: /home/sentry/Wolf-Moon/install/cv_bridge/share/cv_bridge/cmake/ament_cmake_export_include_directories-extras.cmake
[37.385s] -- Installing: /home/sentry/Wolf-Moon/install/cv_bridge/share/cv_bridge/cmake/ament_cmake_export_libraries-extras.cmake
[37.385s] -- Installing: /home/sentry/Wolf-Moon/install/cv_bridge/share/cv_bridge/cmake/cv_bridgeConfig.cmake
[37.385s] -- Installing: /home/sentry/Wolf-Moon/install/cv_bridge/share/cv_bridge/cmake/cv_bridgeConfig-version.cmake
[37.385s] -- Installing: /home/sentry/Wolf-Moon/install/cv_bridge/share/cv_bridge/package.xml
[37.386s] -- Up-to-date: /home/sentry/Wolf-Moon/install/cv_bridge/lib/libcv_bridge.so
[37.386s] -- Installing: /home/sentry/Wolf-Moon/install/cv_bridge/include/cv_bridge/cv_bridge_export.h
[37.386s] -- Installing: /home/sentry/Wolf-Moon/install/cv_bridge/lib/python3.8/site-packages/cv_bridge/boost/cv_bridge_boost.so
[37.387s] -- Set runtime path of "/home/sentry/Wolf-Moon/install/cv_bridge/lib/python3.8/site-packages/cv_bridge/boost/cv_bridge_boost.so" to ""
[37.390s] Invoked command in '/home/sentry/Wolf-Moon/build/cv_bridge' returned '0': CMAKE_PREFIX_PATH=/opt/ros/galactic /usr/bin/cmake --install /home/sentry/Wolf-Moon/build/cv_bridge
