-- The C compiler identification is GNU 9.4.0
-- The CXX compiler identification is GNU 9.4.0
-- Check for working C compiler: /usr/bin/cc
-- Check for working C compiler: /usr/bin/cc -- works
-- Detecting C compiler ABI info
-- Detecting C compiler ABI info - done
-- Detecting C compile features
-- Detecting C compile features - done
-- Check for working CXX compiler: /usr/bin/c++
-- Check for working CXX compiler: /usr/bin/c++ -- works
-- Detecting CXX compiler ABI info
-- Detecting CXX compiler ABI info - done
-- Detecting CXX compile features
-- Detecting CXX compile features - done
-- Found ament_cmake: 1.1.6 (/opt/ros/galactic/share/ament_cmake/cmake)
-- Found PythonInterp: /usr/bin/python3 (found suitable version "3.8.10", minimum required is "3") 
-- Using PYTHON_EXECUTABLE: /usr/bin/python3
-- Found grid_map_cmake_helpers: 2.0.0 (/home/sentry/Wolf-Moon/install/grid_map_cmake_helpers/share/grid_map_cmake_helpers/cmake)
-- Found grid_map_core: 2.0.0 (/home/sentry/Wolf-Moon/install/grid_map_core/share/grid_map_core/cmake)
-- Checking for module 'eigen3'
--   Found eigen3, version 3.3.7
-- Found Eigen: /usr/include/eigen3 (Required is at least version "3.1") 
-- Eigen found (include: /usr/include/eigen3, version: 3.3.7)
-- Found Boost: /usr/include (found suitable version "1.71.0", minimum required is "1.55.0") found components: system filesystem date_time iostreams regex 
-- looking for PCL_COMMON
-- Found PCL_COMMON: /usr/lib/x86_64-linux-gnu/libpcl_common.so  
-- Found PCL: pcl_common;/usr/lib/x86_64-linux-gnu/libboost_system.so;/usr/lib/x86_64-linux-gnu/libboost_filesystem.so;/usr/lib/x86_64-linux-gnu/libboost_date_time.so;/usr/lib/x86_64-linux-gnu/libboost_iostreams.so;/usr/lib/x86_64-linux-gnu/libboost_regex.so  
-- Setting build type to Release as none was specified.
-- Found ament_lint_auto: 0.10.7 (/opt/ros/galactic/share/ament_lint_auto/cmake)
-- Found gtest sources under '/opt/ros/galactic/src/gtest_vendor': C++ tests using 'Google Test' will be built
-- Looking for pthread.h
-- Looking for pthread.h - found
-- Performing Test CMAKE_HAVE_LIBC_PTHREAD
-- Performing Test CMAKE_HAVE_LIBC_PTHREAD - Failed
-- Check if compiler accepts -pthread
-- Check if compiler accepts -pthread - yes
-- Found Threads: TRUE  
-- Added test 'cppcheck' to perform static code analysis on C / C++ code
-- Configured cppcheck include dirs: /home/sentry/Wolf-Moon/src/ThirdParty/grid_map/grid_map_sdf/include
-- Configured cppcheck exclude dirs and/or files: 
-- Added test 'lint_cmake' to check CMake code style
-- Added test 'uncrustify' to check C / C++ code style
-- Configured uncrustify additional arguments: 
-- Added test 'xmllint' to check XML markup files
-- Configuring done
-- Generating done
-- Build files have been written to: /home/sentry/Wolf-Moon/build/grid_map_sdf
[35m[1mScanning dependencies of target grid_map_sdf[0m
[ 11%] [32mBuilding CXX object CMakeFiles/grid_map_sdf.dir/src/SignedDistanceField.cpp.o[0m
[ 22%] [32m[1mLinking CXX static library libgrid_map_sdf.a[0m
[ 22%] Built target grid_map_sdf
[35m[1mScanning dependencies of target gtest[0m
[ 33%] [32mBuilding CXX object gtest/CMakeFiles/gtest.dir/src/gtest-all.cc.o[0m
[ 44%] [32m[1mLinking CXX static library libgtest.a[0m
[ 44%] Built target gtest
[35m[1mScanning dependencies of target gtest_main[0m
[ 55%] [32mBuilding CXX object gtest/CMakeFiles/gtest_main.dir/src/gtest_main.cc.o[0m
[ 66%] [32m[1mLinking CXX static library libgtest_main.a[0m
[ 66%] Built target gtest_main
[35m[1mScanning dependencies of target grid_map_sdf-test[0m
[ 88%] [32mBuilding CXX object CMakeFiles/grid_map_sdf-test.dir/test/test_grid_map_sdf.cpp.o[0m
[ 88%] [32mBuilding CXX object CMakeFiles/grid_map_sdf-test.dir/test/SignedDistanceFieldTest.cpp.o[0m
[100%] [32m[1mLinking CXX executable grid_map_sdf-test[0m
[100%] Built target grid_map_sdf-test
