[0.021s] Invoking command in '/home/sentry/Wolf-Moon/build/grid_map_sdf': AMENT_PREFIX_PATH=/home/sentry/Wolf-Moon/install/grid_map_core:/home/sentry/Wolf-Moon/install/grid_map_cmake_helpers:${AMENT_PREFIX_PATH} CMAKE_PREFIX_PATH=/home/sentry/Wolf-Moon/install/grid_map_core:/home/sentry/Wolf-Moon/install/grid_map_cmake_helpers:/opt/ros/galactic LD_LIBRARY_PATH=/home/sentry/Wolf-Moon/install/grid_map_core/lib:${LD_LIBRARY_PATH} /usr/bin/cmake /home/sentry/Wolf-Moon/src/ThirdParty/grid_map/grid_map_sdf -DCMAKE_INSTALL_PREFIX=/home/sentry/Wolf-Moon/install/grid_map_sdf
[0.086s] -- The C compiler identification is GNU 9.4.0
[0.149s] -- The CXX compiler identification is GNU 9.4.0
[0.154s] -- Check for working C compiler: /usr/bin/cc
[0.236s] -- Check for working C compiler: /usr/bin/cc -- works
[0.237s] -- Detecting C compiler ABI info
[0.313s] -- Detecting C compiler ABI info - done
[0.327s] -- Detecting C compile features
[0.327s] -- Detecting C compile features - done
[0.330s] -- Check for working CXX compiler: /usr/bin/c++
[0.407s] -- Check for working CXX compiler: /usr/bin/c++ -- works
[0.408s] -- Detecting CXX compiler ABI info
[0.503s] -- Detecting CXX compiler ABI info - done
[0.517s] -- Detecting CXX compile features
[0.518s] -- Detecting CXX compile features - done
[0.520s] -- Found ament_cmake: 1.1.6 (/opt/ros/galactic/share/ament_cmake/cmake)
[0.550s] -- Found PythonInterp: /usr/bin/python3 (found suitable version "3.8.10", minimum required is "3") 
[0.551s] -- Using PYTHON_EXECUTABLE: /usr/bin/python3
[0.643s] -- Found grid_map_cmake_helpers: 2.0.0 (/home/sentry/Wolf-Moon/install/grid_map_cmake_helpers/share/grid_map_cmake_helpers/cmake)
[0.644s] -- Found grid_map_core: 2.0.0 (/home/sentry/Wolf-Moon/install/grid_map_core/share/grid_map_core/cmake)
[0.658s] -- Checking for module 'eigen3'
[0.677s] --   Found eigen3, version 3.3.7
[0.721s] -- Found Eigen: /usr/include/eigen3 (Required is at least version "3.1") 
[0.721s] -- Eigen found (include: /usr/include/eigen3, version: 3.3.7)
[0.788s] -- Found Boost: /usr/include (found suitable version "1.71.0", minimum required is "1.55.0") found components: system filesystem date_time iostreams regex 
[0.789s] -- looking for PCL_COMMON
[0.791s] -- Found PCL_COMMON: /usr/lib/x86_64-linux-gnu/libpcl_common.so  
[0.791s] -- Found PCL: pcl_common;/usr/lib/x86_64-linux-gnu/libboost_system.so;/usr/lib/x86_64-linux-gnu/libboost_filesystem.so;/usr/lib/x86_64-linux-gnu/libboost_date_time.so;/usr/lib/x86_64-linux-gnu/libboost_iostreams.so;/usr/lib/x86_64-linux-gnu/libboost_regex.so  
[0.794s] -- Setting build type to Release as none was specified.
[0.798s] -- Found ament_lint_auto: 0.10.7 (/opt/ros/galactic/share/ament_lint_auto/cmake)
[0.875s] -- Found gtest sources under '/opt/ros/galactic/src/gtest_vendor': C++ tests using 'Google Test' will be built
[0.878s] -- Looking for pthread.h
[0.935s] -- Looking for pthread.h - found
[0.935s] -- Performing Test CMAKE_HAVE_LIBC_PTHREAD
[1.021s] -- Performing Test CMAKE_HAVE_LIBC_PTHREAD - Failed
[1.021s] -- Check if compiler accepts -pthread
[1.110s] -- Check if compiler accepts -pthread - yes
[1.111s] -- Found Threads: TRUE  
[1.118s] -- Added test 'cppcheck' to perform static code analysis on C / C++ code
[1.119s] -- Configured cppcheck include dirs: /home/sentry/Wolf-Moon/src/ThirdParty/grid_map/grid_map_sdf/include
[1.119s] -- Configured cppcheck exclude dirs and/or files: 
[1.120s] -- Added test 'lint_cmake' to check CMake code style
[1.121s] -- Added test 'uncrustify' to check C / C++ code style
[1.121s] -- Configured uncrustify additional arguments: 
[1.122s] -- Added test 'xmllint' to check XML markup files
[1.126s] -- Configuring done
[1.136s] -- Generating done
[1.138s] -- Build files have been written to: /home/sentry/Wolf-Moon/build/grid_map_sdf
[1.142s] Invoked command in '/home/sentry/Wolf-Moon/build/grid_map_sdf' returned '0': AMENT_PREFIX_PATH=/home/sentry/Wolf-Moon/install/grid_map_core:/home/sentry/Wolf-Moon/install/grid_map_cmake_helpers:${AMENT_PREFIX_PATH} CMAKE_PREFIX_PATH=/home/sentry/Wolf-Moon/install/grid_map_core:/home/sentry/Wolf-Moon/install/grid_map_cmake_helpers:/opt/ros/galactic LD_LIBRARY_PATH=/home/sentry/Wolf-Moon/install/grid_map_core/lib:${LD_LIBRARY_PATH} /usr/bin/cmake /home/sentry/Wolf-Moon/src/ThirdParty/grid_map/grid_map_sdf -DCMAKE_INSTALL_PREFIX=/home/sentry/Wolf-Moon/install/grid_map_sdf
[1.145s] Invoking command in '/home/sentry/Wolf-Moon/build/grid_map_sdf': AMENT_PREFIX_PATH=/home/sentry/Wolf-Moon/install/grid_map_core:/home/sentry/Wolf-Moon/install/grid_map_cmake_helpers:${AMENT_PREFIX_PATH} CMAKE_PREFIX_PATH=/home/sentry/Wolf-Moon/install/grid_map_core:/home/sentry/Wolf-Moon/install/grid_map_cmake_helpers:/opt/ros/galactic LD_LIBRARY_PATH=/home/sentry/Wolf-Moon/install/grid_map_core/lib:${LD_LIBRARY_PATH} /usr/bin/cmake --build /home/sentry/Wolf-Moon/build/grid_map_sdf -- -j12 -l12
[1.172s] [35m[1mScanning dependencies of target grid_map_sdf[0m
[1.194s] [ 11%] [32mBuilding CXX object CMakeFiles/grid_map_sdf.dir/src/SignedDistanceField.cpp.o[0m
[4.395s] [ 22%] [32m[1mLinking CXX static library libgrid_map_sdf.a[0m
[4.436s] [ 22%] Built target grid_map_sdf
[4.450s] [35m[1mScanning dependencies of target gtest[0m
[4.473s] [ 33%] [32mBuilding CXX object gtest/CMakeFiles/gtest.dir/src/gtest-all.cc.o[0m
[11.282s] [ 44%] [32m[1mLinking CXX static library libgtest.a[0m
[11.307s] [ 44%] Built target gtest
[11.314s] [35m[1mScanning dependencies of target gtest_main[0m
[11.324s] [ 55%] [32mBuilding CXX object gtest/CMakeFiles/gtest_main.dir/src/gtest_main.cc.o[0m
[11.986s] [ 66%] [32m[1mLinking CXX static library libgtest_main.a[0m
[12.010s] [ 66%] Built target gtest_main
[12.017s] [35m[1mScanning dependencies of target grid_map_sdf-test[0m
[12.046s] [ 88%] [32mBuilding CXX object CMakeFiles/grid_map_sdf-test.dir/test/test_grid_map_sdf.cpp.o[0m
[12.046s] [ 88%] [32mBuilding CXX object CMakeFiles/grid_map_sdf-test.dir/test/SignedDistanceFieldTest.cpp.o[0m
[15.545s] [100%] [32m[1mLinking CXX executable grid_map_sdf-test[0m
[15.623s] [100%] Built target grid_map_sdf-test
