[0.099s] Invoking command in '/home/sentry/Wolf-Moon/build/octomap_dynamic_map': /usr/bin/cmake --build /home/sentry/Wolf-Moon/build/octomap_dynamic_map -- -j12 -l12
[0.241s] [  5%] Built target octomath
[0.286s] [ 10%] Built target octomath-static
[0.357s] [ 23%] Built target octomap
[0.404s] [ 35%] Built target octomap-static
[0.467s] [ 38%] Built target eval_octree_accuracy
[0.550s] [ 41%] Built target compare_octrees
[0.639s] [ 43%] Built target normals_example
[0.740s] [ 46%] Built target test_raycasting
[0.877s] [ 48%] Built target test_iterators
[0.963s] [ 51%] Built target test_scans
[1.047s] [ 53%] Built target test_pruning
[1.129s] [ 56%] Built target test_io
[1.191s] [ 58%] Built target test_bbx
[1.277s] [ 61%] Built target test_changedkeys
[1.343s] [ 64%] Built target test_color_tree
[1.401s] [ 66%] Built target color_tree_histogram
[1.477s] [ 69%] Built target test_mapcollection
[1.572s] [ 71%] Built target unit_tests
[1.664s] [ 74%] Built target convert_octree
[1.770s] [ 76%] Built target edit_octree
[1.891s] [ 79%] Built target bt2vrml
[1.958s] [ 82%] Built target intersection_example
[2.040s] [ 84%] Built target binvox2bt
[2.153s] [ 87%] Built target log2graph
[2.201s] [ 89%] Built target graph2tree
[2.253s] [ 92%] Built target simple_example
[2.325s] [ 94%] Built target octree2pointcloud
[2.397s] [ 97%] Built target dm_lib
[2.472s] [100%] Built target octomap_run
[2.489s] Invoked command in '/home/sentry/Wolf-Moon/build/octomap_dynamic_map' returned '0': /usr/bin/cmake --build /home/sentry/Wolf-Moon/build/octomap_dynamic_map -- -j12 -l12
[2.491s] Invoking command in '/home/sentry/Wolf-Moon/build/octomap_dynamic_map': /usr/bin/cmake --install /home/sentry/Wolf-Moon/build/octomap_dynamic_map
[2.518s] -- Install configuration: "Release"
[2.518s] -- Up-to-date: /home/sentry/Wolf-Moon/install/octomap_dynamic_map/include/octomap/AbstractOcTree.h
[2.518s] -- Up-to-date: /home/sentry/Wolf-Moon/install/octomap_dynamic_map/include/octomap/AbstractOccupancyOcTree.h
[2.518s] -- Up-to-date: /home/sentry/Wolf-Moon/install/octomap_dynamic_map/include/octomap/ColorOcTree.h
[2.519s] -- Up-to-date: /home/sentry/Wolf-Moon/install/octomap_dynamic_map/include/octomap/CountingOcTree.h
[2.519s] -- Up-to-date: /home/sentry/Wolf-Moon/install/octomap_dynamic_map/include/octomap/MCTables.h
[2.519s] -- Up-to-date: /home/sentry/Wolf-Moon/install/octomap_dynamic_map/include/octomap/MapCollection.h
[2.519s] -- Up-to-date: /home/sentry/Wolf-Moon/install/octomap_dynamic_map/include/octomap/MapCollection.hxx
[2.519s] -- Up-to-date: /home/sentry/Wolf-Moon/install/octomap_dynamic_map/include/octomap/MapNode.h
[2.519s] -- Up-to-date: /home/sentry/Wolf-Moon/install/octomap_dynamic_map/include/octomap/MapNode.hxx
[2.519s] -- Up-to-date: /home/sentry/Wolf-Moon/install/octomap_dynamic_map/include/octomap/OcTree.h
[2.519s] -- Up-to-date: /home/sentry/Wolf-Moon/install/octomap_dynamic_map/include/octomap/OcTreeBase.h
[2.519s] -- Up-to-date: /home/sentry/Wolf-Moon/install/octomap_dynamic_map/include/octomap/OcTreeBaseImpl.h
[2.519s] -- Up-to-date: /home/sentry/Wolf-Moon/install/octomap_dynamic_map/include/octomap/OcTreeBaseImpl.hxx
[2.520s] -- Up-to-date: /home/sentry/Wolf-Moon/install/octomap_dynamic_map/include/octomap/OcTreeDataNode.h
[2.520s] -- Up-to-date: /home/sentry/Wolf-Moon/install/octomap_dynamic_map/include/octomap/OcTreeDataNode.hxx
[2.520s] -- Up-to-date: /home/sentry/Wolf-Moon/install/octomap_dynamic_map/include/octomap/OcTreeIterator.hxx
[2.520s] -- Up-to-date: /home/sentry/Wolf-Moon/install/octomap_dynamic_map/include/octomap/OcTreeKey.h
[2.520s] -- Up-to-date: /home/sentry/Wolf-Moon/install/octomap_dynamic_map/include/octomap/OcTreeNode.h
[2.520s] -- Up-to-date: /home/sentry/Wolf-Moon/install/octomap_dynamic_map/include/octomap/OcTreeStamped.h
[2.520s] -- Up-to-date: /home/sentry/Wolf-Moon/install/octomap_dynamic_map/include/octomap/OccupancyOcTreeBase.h
[2.520s] -- Up-to-date: /home/sentry/Wolf-Moon/install/octomap_dynamic_map/include/octomap/OccupancyOcTreeBase.hxx
[2.520s] -- Up-to-date: /home/sentry/Wolf-Moon/install/octomap_dynamic_map/include/octomap/Pointcloud.h
[2.520s] -- Up-to-date: /home/sentry/Wolf-Moon/install/octomap_dynamic_map/include/octomap/ScanGraph.h
[2.521s] -- Up-to-date: /home/sentry/Wolf-Moon/install/octomap_dynamic_map/include/octomap/octomap.h
[2.521s] -- Up-to-date: /home/sentry/Wolf-Moon/install/octomap_dynamic_map/include/octomap/octomap_deprecated.h
[2.521s] -- Up-to-date: /home/sentry/Wolf-Moon/install/octomap_dynamic_map/include/octomap/octomap_timing.h
[2.521s] -- Up-to-date: /home/sentry/Wolf-Moon/install/octomap_dynamic_map/include/octomap/octomap_types.h
[2.521s] -- Up-to-date: /home/sentry/Wolf-Moon/install/octomap_dynamic_map/include/octomap/octomap_utils.h
[2.521s] -- Up-to-date: /home/sentry/Wolf-Moon/install/octomap_dynamic_map/include/octomap/math/Pose6D.h
[2.521s] -- Up-to-date: /home/sentry/Wolf-Moon/install/octomap_dynamic_map/include/octomap/math/Quaternion.h
[2.521s] -- Up-to-date: /home/sentry/Wolf-Moon/install/octomap_dynamic_map/include/octomap/math/Utils.h
[2.521s] -- Up-to-date: /home/sentry/Wolf-Moon/install/octomap_dynamic_map/include/octomap/math/Vector3.h
[2.522s] -- Up-to-date: /home/sentry/Wolf-Moon/install/octomap_dynamic_map/share/octomap/package.xml
[2.522s] -- Up-to-date: /home/sentry/Wolf-Moon/install/octomap_dynamic_map/share/ament_index/resource_index/packages/octomap
[2.522s] -- Up-to-date: /home/sentry/Wolf-Moon/install/octomap_dynamic_map/share/octomap/octomap-config.cmake
[2.522s] -- Up-to-date: /home/sentry/Wolf-Moon/install/octomap_dynamic_map/share/octomap/octomap-config-version.cmake
[2.522s] -- Up-to-date: /home/sentry/Wolf-Moon/install/octomap_dynamic_map/lib/pkgconfig/octomap.pc
[2.522s] -- Up-to-date: /home/sentry/Wolf-Moon/install/octomap_dynamic_map/lib/liboctomath.so.1.9.8
[2.522s] -- Up-to-date: /home/sentry/Wolf-Moon/install/octomap_dynamic_map/lib/liboctomath.so.1.9
[2.522s] -- Up-to-date: /home/sentry/Wolf-Moon/install/octomap_dynamic_map/lib/liboctomath.so
[2.522s] -- Up-to-date: /home/sentry/Wolf-Moon/install/octomap_dynamic_map/lib/liboctomath.a
[2.522s] -- Up-to-date: /home/sentry/Wolf-Moon/install/octomap_dynamic_map/lib/liboctomap.so.1.9.8
[2.522s] -- Up-to-date: /home/sentry/Wolf-Moon/install/octomap_dynamic_map/lib/liboctomap.so.1.9
[2.523s] -- Up-to-date: /home/sentry/Wolf-Moon/install/octomap_dynamic_map/lib/liboctomap.so
[2.523s] -- Up-to-date: /home/sentry/Wolf-Moon/install/octomap_dynamic_map/lib/liboctomap.a
[2.523s] -- Up-to-date: /home/sentry/Wolf-Moon/install/octomap_dynamic_map/share/octomap/octomap-targets.cmake
[2.523s] -- Up-to-date: /home/sentry/Wolf-Moon/install/octomap_dynamic_map/share/octomap/octomap-targets-release.cmake
[2.523s] -- Up-to-date: /home/sentry/Wolf-Moon/install/octomap_dynamic_map/bin/graph2tree
[2.523s] -- Up-to-date: /home/sentry/Wolf-Moon/install/octomap_dynamic_map/bin/log2graph
[2.523s] -- Up-to-date: /home/sentry/Wolf-Moon/install/octomap_dynamic_map/bin/binvox2bt
[2.523s] -- Up-to-date: /home/sentry/Wolf-Moon/install/octomap_dynamic_map/bin/bt2vrml
[2.523s] -- Up-to-date: /home/sentry/Wolf-Moon/install/octomap_dynamic_map/bin/edit_octree
[2.524s] -- Up-to-date: /home/sentry/Wolf-Moon/install/octomap_dynamic_map/bin/convert_octree
[2.524s] -- Up-to-date: /home/sentry/Wolf-Moon/install/octomap_dynamic_map/bin/eval_octree_accuracy
[2.524s] -- Up-to-date: /home/sentry/Wolf-Moon/install/octomap_dynamic_map/bin/compare_octrees
[2.532s] Invoked command in '/home/sentry/Wolf-Moon/build/octomap_dynamic_map' returned '0': /usr/bin/cmake --install /home/sentry/Wolf-Moon/build/octomap_dynamic_map
