[0.026s] Invoking command in '/home/sentry/Wolf-Moon/build/nav2_costmap_2d': AMENT_PREFIX_PATH=/home/sentry/Wolf-Moon/install/nav2_map_server:/home/sentry/Wolf-Moon/install/nav2_lifecycle_manager:/home/sentry/Wolf-Moon/install/nav2_util:/home/sentry/Wolf-Moon/install/nav2_voxel_grid:/home/sentry/Wolf-Moon/install/nav2_msgs:/home/sentry/Wolf-Moon/install/nav2_common:${AMENT_PREFIX_PATH} CMAKE_PREFIX_PATH=/home/sentry/Wolf-Moon/install/nav2_map_server:/home/sentry/Wolf-Moon/install/nav2_lifecycle_manager:/home/sentry/Wolf-Moon/install/nav2_util:/home/sentry/Wolf-Moon/install/nav2_voxel_grid:/home/sentry/Wolf-Moon/install/nav2_msgs:/home/sentry/Wolf-Moon/install/nav2_common:/opt/ros/galactic LD_LIBRARY_PATH=/home/sentry/Wolf-Moon/install/nav2_map_server/lib:/home/sentry/Wolf-Moon/install/nav2_lifecycle_manager/lib:/home/sentry/Wolf-Moon/install/nav2_util/lib:/home/sentry/Wolf-Moon/install/nav2_voxel_grid/lib:/home/sentry/Wolf-Moon/install/nav2_msgs/lib:/opt/MVS/lib/64:/opt/MVS/lib/32:/home/sentry/TUP2024-Sentry-Framework/src/IG_LIO_SLAM/ThirdParty/octomap-Dynamic_point_cloud_removal/lib:/opt/intel/openvino_2022/tools/compile_tool:/opt/intel/openvino_2022/runtime/3rdparty/hddl/lib:/opt/intel/openvino_2022/runtime/lib/intel64:/opt/MVS/lib/64:/opt/MVS/lib/32:/usr/lib/x86_64-linux-gnu/gazebo-11/plugins:/opt/ros/galactic/opt/yaml_cpp_vendor/lib:/opt/ros/galactic/opt/rviz_ogre_vendor/lib:/opt/ros/galactic/lib/x86_64-linux-gnu:/opt/ros/galactic/lib:/home/sentry/TUP2024-Sentry-Framework/src/IG_LIO_SLAM/ThirdParty/octomap-Dynamic_point_cloud_removal/lib:/opt/intel/openvino_2022/tools/compile_tool:/opt/intel/openvino_2022/runtime/3rdparty/hddl/lib:/opt/intel/openvino_2022/runtime/lib/intel64:/opt/MVS/lib/64:/opt/MVS/lib/32:/opt/MVS/lib/64:/opt/MVS/lib/32:/usr/local/opencv4/lib:/usr/local/opencv4/lib PYTHONPATH=/home/sentry/Wolf-Moon/install/nav2_msgs/lib/python3.8/site-packages:/home/sentry/Wolf-Moon/install/nav2_common/lib/python3.8/site-packages:/opt/intel/openvino_2022/python/python3.8:/opt/intel/openvino_2022/python/python3:/opt/ros/galactic/lib/python3.8/site-packages:/opt/intel/openvino_2022/python/python3.8:/opt/intel/openvino_2022/python/python3 /usr/bin/cmake --build /home/sentry/Wolf-Moon/build/nav2_costmap_2d -- -j12 -l12
[0.094s] [  3%] Built target gtest
[0.098s] [  6%] Built target gtest_main
[0.130s] [ 28%] Built target nav2_costmap_2d_core
[0.184s] [ 31%] Built target nav2_costmap_2d_cloud
[0.186s] [ 35%] Built target filters
[0.186s] [ 39%] Built target array_parser_test
[0.189s] [ 42%] Built target costmap_bresenham_2d
[0.190s] [ 45%] Built target nav2_costmap_2d_markers
[0.194s] [ 53%] Built target declare_parameter_test
[0.194s] [ 54%] Built target nav2_costmap_2d_client
[0.195s] [ 57%] Built target costmap_convesion_test
[0.198s] [ 60%] Built target copy_window_test
[0.202s] [ 64%] Built target collision_footprint_test
[0.215s] [ 75%] Built target layers
[0.219s] [ 78%] Built target speed_filter_test
[0.225s] [ 81%] Built target keepout_filter_test
[0.264s] [ 87%] Built target footprint_tests_exec
[0.264s] [ 87%] Built target nav2_costmap_2d
[0.264s] [ 90%] Built target obstacle_tests_exec
[0.268s] [ 93%] Built target range_tests_exec
[0.271s] [ 96%] Built target inflation_tests_exec
[0.274s] [100%] Built target test_collision_checker_exec
[0.283s] Invoked command in '/home/sentry/Wolf-Moon/build/nav2_costmap_2d' returned '0': AMENT_PREFIX_PATH=/home/sentry/Wolf-Moon/install/nav2_map_server:/home/sentry/Wolf-Moon/install/nav2_lifecycle_manager:/home/sentry/Wolf-Moon/install/nav2_util:/home/sentry/Wolf-Moon/install/nav2_voxel_grid:/home/sentry/Wolf-Moon/install/nav2_msgs:/home/sentry/Wolf-Moon/install/nav2_common:${AMENT_PREFIX_PATH} CMAKE_PREFIX_PATH=/home/sentry/Wolf-Moon/install/nav2_map_server:/home/sentry/Wolf-Moon/install/nav2_lifecycle_manager:/home/sentry/Wolf-Moon/install/nav2_util:/home/sentry/Wolf-Moon/install/nav2_voxel_grid:/home/sentry/Wolf-Moon/install/nav2_msgs:/home/sentry/Wolf-Moon/install/nav2_common:/opt/ros/galactic LD_LIBRARY_PATH=/home/sentry/Wolf-Moon/install/nav2_map_server/lib:/home/sentry/Wolf-Moon/install/nav2_lifecycle_manager/lib:/home/sentry/Wolf-Moon/install/nav2_util/lib:/home/sentry/Wolf-Moon/install/nav2_voxel_grid/lib:/home/sentry/Wolf-Moon/install/nav2_msgs/lib:/opt/MVS/lib/64:/opt/MVS/lib/32:/home/sentry/TUP2024-Sentry-Framework/src/IG_LIO_SLAM/ThirdParty/octomap-Dynamic_point_cloud_removal/lib:/opt/intel/openvino_2022/tools/compile_tool:/opt/intel/openvino_2022/runtime/3rdparty/hddl/lib:/opt/intel/openvino_2022/runtime/lib/intel64:/opt/MVS/lib/64:/opt/MVS/lib/32:/usr/lib/x86_64-linux-gnu/gazebo-11/plugins:/opt/ros/galactic/opt/yaml_cpp_vendor/lib:/opt/ros/galactic/opt/rviz_ogre_vendor/lib:/opt/ros/galactic/lib/x86_64-linux-gnu:/opt/ros/galactic/lib:/home/sentry/TUP2024-Sentry-Framework/src/IG_LIO_SLAM/ThirdParty/octomap-Dynamic_point_cloud_removal/lib:/opt/intel/openvino_2022/tools/compile_tool:/opt/intel/openvino_2022/runtime/3rdparty/hddl/lib:/opt/intel/openvino_2022/runtime/lib/intel64:/opt/MVS/lib/64:/opt/MVS/lib/32:/opt/MVS/lib/64:/opt/MVS/lib/32:/usr/local/opencv4/lib:/usr/local/opencv4/lib PYTHONPATH=/home/sentry/Wolf-Moon/install/nav2_msgs/lib/python3.8/site-packages:/home/sentry/Wolf-Moon/install/nav2_common/lib/python3.8/site-packages:/opt/intel/openvino_2022/python/python3.8:/opt/intel/openvino_2022/python/python3:/opt/ros/galactic/lib/python3.8/site-packages:/opt/intel/openvino_2022/python/python3.8:/opt/intel/openvino_2022/python/python3 /usr/bin/cmake --build /home/sentry/Wolf-Moon/build/nav2_costmap_2d -- -j12 -l12
[0.287s] Invoking command in '/home/sentry/Wolf-Moon/build/nav2_costmap_2d': AMENT_PREFIX_PATH=/home/sentry/Wolf-Moon/install/nav2_map_server:/home/sentry/Wolf-Moon/install/nav2_lifecycle_manager:/home/sentry/Wolf-Moon/install/nav2_util:/home/sentry/Wolf-Moon/install/nav2_voxel_grid:/home/sentry/Wolf-Moon/install/nav2_msgs:/home/sentry/Wolf-Moon/install/nav2_common:${AMENT_PREFIX_PATH} CMAKE_PREFIX_PATH=/home/sentry/Wolf-Moon/install/nav2_map_server:/home/sentry/Wolf-Moon/install/nav2_lifecycle_manager:/home/sentry/Wolf-Moon/install/nav2_util:/home/sentry/Wolf-Moon/install/nav2_voxel_grid:/home/sentry/Wolf-Moon/install/nav2_msgs:/home/sentry/Wolf-Moon/install/nav2_common:/opt/ros/galactic LD_LIBRARY_PATH=/home/sentry/Wolf-Moon/install/nav2_map_server/lib:/home/sentry/Wolf-Moon/install/nav2_lifecycle_manager/lib:/home/sentry/Wolf-Moon/install/nav2_util/lib:/home/sentry/Wolf-Moon/install/nav2_voxel_grid/lib:/home/sentry/Wolf-Moon/install/nav2_msgs/lib:/opt/MVS/lib/64:/opt/MVS/lib/32:/home/sentry/TUP2024-Sentry-Framework/src/IG_LIO_SLAM/ThirdParty/octomap-Dynamic_point_cloud_removal/lib:/opt/intel/openvino_2022/tools/compile_tool:/opt/intel/openvino_2022/runtime/3rdparty/hddl/lib:/opt/intel/openvino_2022/runtime/lib/intel64:/opt/MVS/lib/64:/opt/MVS/lib/32:/usr/lib/x86_64-linux-gnu/gazebo-11/plugins:/opt/ros/galactic/opt/yaml_cpp_vendor/lib:/opt/ros/galactic/opt/rviz_ogre_vendor/lib:/opt/ros/galactic/lib/x86_64-linux-gnu:/opt/ros/galactic/lib:/home/sentry/TUP2024-Sentry-Framework/src/IG_LIO_SLAM/ThirdParty/octomap-Dynamic_point_cloud_removal/lib:/opt/intel/openvino_2022/tools/compile_tool:/opt/intel/openvino_2022/runtime/3rdparty/hddl/lib:/opt/intel/openvino_2022/runtime/lib/intel64:/opt/MVS/lib/64:/opt/MVS/lib/32:/opt/MVS/lib/64:/opt/MVS/lib/32:/usr/local/opencv4/lib:/usr/local/opencv4/lib PYTHONPATH=/home/sentry/Wolf-Moon/install/nav2_msgs/lib/python3.8/site-packages:/home/sentry/Wolf-Moon/install/nav2_common/lib/python3.8/site-packages:/opt/intel/openvino_2022/python/python3.8:/opt/intel/openvino_2022/python/python3:/opt/ros/galactic/lib/python3.8/site-packages:/opt/intel/openvino_2022/python/python3.8:/opt/intel/openvino_2022/python/python3 /usr/bin/cmake --install /home/sentry/Wolf-Moon/build/nav2_costmap_2d
[0.292s] -- Install configuration: "Release"
[0.293s] -- Up-to-date: /home/sentry/Wolf-Moon/install/nav2_costmap_2d/lib/libnav2_costmap_2d_core.so
[0.293s] -- Up-to-date: /home/sentry/Wolf-Moon/install/nav2_costmap_2d/lib/liblayers.so
[0.293s] -- Up-to-date: /home/sentry/Wolf-Moon/install/nav2_costmap_2d/lib/libfilters.so
[0.293s] -- Up-to-date: /home/sentry/Wolf-Moon/install/nav2_costmap_2d/lib/libnav2_costmap_2d_client.so
[0.293s] -- Up-to-date: /home/sentry/Wolf-Moon/install/nav2_costmap_2d/lib/nav2_costmap_2d/nav2_costmap_2d
[0.293s] -- Up-to-date: /home/sentry/Wolf-Moon/install/nav2_costmap_2d/lib/nav2_costmap_2d/nav2_costmap_2d_markers
[0.294s] -- Up-to-date: /home/sentry/Wolf-Moon/install/nav2_costmap_2d/lib/nav2_costmap_2d/nav2_costmap_2d_cloud
[0.294s] -- Up-to-date: /home/sentry/Wolf-Moon/install/nav2_costmap_2d/share/nav2_costmap_2d/costmap_plugins.xml
[0.294s] -- Up-to-date: /home/sentry/Wolf-Moon/install/nav2_costmap_2d/include/
[0.294s] -- Up-to-date: /home/sentry/Wolf-Moon/install/nav2_costmap_2d/include//nav2_costmap_2d
[0.294s] -- Up-to-date: /home/sentry/Wolf-Moon/install/nav2_costmap_2d/include//nav2_costmap_2d/observation_buffer.hpp
[0.294s] -- Up-to-date: /home/sentry/Wolf-Moon/install/nav2_costmap_2d/include//nav2_costmap_2d/footprint_subscriber.hpp
[0.294s] -- Up-to-date: /home/sentry/Wolf-Moon/install/nav2_costmap_2d/include//nav2_costmap_2d/clear_costmap_service.hpp
[0.295s] -- Up-to-date: /home/sentry/Wolf-Moon/install/nav2_costmap_2d/include//nav2_costmap_2d/observation.hpp
[0.295s] -- Up-to-date: /home/sentry/Wolf-Moon/install/nav2_costmap_2d/include//nav2_costmap_2d/costmap_layer.hpp
[0.295s] -- Up-to-date: /home/sentry/Wolf-Moon/install/nav2_costmap_2d/include//nav2_costmap_2d/footprint.hpp
[0.295s] -- Up-to-date: /home/sentry/Wolf-Moon/install/nav2_costmap_2d/include//nav2_costmap_2d/voxel_layer.hpp
[0.295s] -- Up-to-date: /home/sentry/Wolf-Moon/install/nav2_costmap_2d/include//nav2_costmap_2d/layered_costmap.hpp
[0.295s] -- Up-to-date: /home/sentry/Wolf-Moon/install/nav2_costmap_2d/include//nav2_costmap_2d/costmap_math.hpp
[0.295s] -- Up-to-date: /home/sentry/Wolf-Moon/install/nav2_costmap_2d/include//nav2_costmap_2d/range_sensor_layer.hpp
[0.295s] -- Up-to-date: /home/sentry/Wolf-Moon/install/nav2_costmap_2d/include//nav2_costmap_2d/costmap_topic_collision_checker.hpp
[0.295s] -- Up-to-date: /home/sentry/Wolf-Moon/install/nav2_costmap_2d/include//nav2_costmap_2d/costmap_subscriber.hpp
[0.296s] -- Up-to-date: /home/sentry/Wolf-Moon/install/nav2_costmap_2d/include//nav2_costmap_2d/footprint_collision_checker.hpp
[0.296s] -- Up-to-date: /home/sentry/Wolf-Moon/install/nav2_costmap_2d/include//nav2_costmap_2d/static_layer.hpp
[0.297s] -- Up-to-date: /home/sentry/Wolf-Moon/install/nav2_costmap_2d/include//nav2_costmap_2d/costmap_2d.hpp
[0.297s] -- Up-to-date: /home/sentry/Wolf-Moon/install/nav2_costmap_2d/include//nav2_costmap_2d/costmap_filters
[0.297s] -- Up-to-date: /home/sentry/Wolf-Moon/install/nav2_costmap_2d/include//nav2_costmap_2d/costmap_filters/costmap_filter.hpp
[0.298s] -- Up-to-date: /home/sentry/Wolf-Moon/install/nav2_costmap_2d/include//nav2_costmap_2d/costmap_filters/filter_values.hpp
[0.298s] -- Up-to-date: /home/sentry/Wolf-Moon/install/nav2_costmap_2d/include//nav2_costmap_2d/costmap_filters/speed_filter.hpp
[0.298s] -- Up-to-date: /home/sentry/Wolf-Moon/install/nav2_costmap_2d/include//nav2_costmap_2d/costmap_filters/keepout_filter.hpp
[0.298s] -- Up-to-date: /home/sentry/Wolf-Moon/install/nav2_costmap_2d/include//nav2_costmap_2d/layer.hpp
[0.298s] -- Up-to-date: /home/sentry/Wolf-Moon/install/nav2_costmap_2d/include//nav2_costmap_2d/inflation_layer.hpp
[0.298s] -- Up-to-date: /home/sentry/Wolf-Moon/install/nav2_costmap_2d/include//nav2_costmap_2d/costmap_2d_publisher.hpp
[0.298s] -- Up-to-date: /home/sentry/Wolf-Moon/install/nav2_costmap_2d/include//nav2_costmap_2d/array_parser.hpp
[0.299s] -- Up-to-date: /home/sentry/Wolf-Moon/install/nav2_costmap_2d/include//nav2_costmap_2d/costmap_2d_ros.hpp
[0.299s] -- Up-to-date: /home/sentry/Wolf-Moon/install/nav2_costmap_2d/include//nav2_costmap_2d/obstacle_layer.hpp
[0.299s] -- Up-to-date: /home/sentry/Wolf-Moon/install/nav2_costmap_2d/include//nav2_costmap_2d/cost_values.hpp
[0.299s] -- Up-to-date: /home/sentry/Wolf-Moon/install/nav2_costmap_2d/include//nav2_costmap_2d/exceptions.hpp
[0.299s] -- Up-to-date: /home/sentry/Wolf-Moon/install/nav2_costmap_2d/share/nav2_costmap_2d/environment/library_path.sh
[0.299s] -- Up-to-date: /home/sentry/Wolf-Moon/install/nav2_costmap_2d/share/nav2_costmap_2d/environment/library_path.dsv
[0.299s] -- Up-to-date: /home/sentry/Wolf-Moon/install/nav2_costmap_2d/share/nav2_costmap_2d/costmap_plugins.xml
[0.300s] -- Up-to-date: /home/sentry/Wolf-Moon/install/nav2_costmap_2d/share/ament_index/resource_index/package_run_dependencies/nav2_costmap_2d
[0.300s] -- Up-to-date: /home/sentry/Wolf-Moon/install/nav2_costmap_2d/share/ament_index/resource_index/parent_prefix_path/nav2_costmap_2d
[0.300s] -- Up-to-date: /home/sentry/Wolf-Moon/install/nav2_costmap_2d/share/nav2_costmap_2d/environment/ament_prefix_path.sh
[0.301s] -- Up-to-date: /home/sentry/Wolf-Moon/install/nav2_costmap_2d/share/nav2_costmap_2d/environment/ament_prefix_path.dsv
[0.301s] -- Up-to-date: /home/sentry/Wolf-Moon/install/nav2_costmap_2d/share/nav2_costmap_2d/environment/path.sh
[0.301s] -- Up-to-date: /home/sentry/Wolf-Moon/install/nav2_costmap_2d/share/nav2_costmap_2d/environment/path.dsv
[0.301s] -- Up-to-date: /home/sentry/Wolf-Moon/install/nav2_costmap_2d/share/nav2_costmap_2d/local_setup.bash
[0.301s] -- Up-to-date: /home/sentry/Wolf-Moon/install/nav2_costmap_2d/share/nav2_costmap_2d/local_setup.sh
[0.302s] -- Up-to-date: /home/sentry/Wolf-Moon/install/nav2_costmap_2d/share/nav2_costmap_2d/local_setup.zsh
[0.302s] -- Up-to-date: /home/sentry/Wolf-Moon/install/nav2_costmap_2d/share/nav2_costmap_2d/local_setup.dsv
[0.302s] -- Installing: /home/sentry/Wolf-Moon/install/nav2_costmap_2d/share/nav2_costmap_2d/package.dsv
[0.302s] -- Up-to-date: /home/sentry/Wolf-Moon/install/nav2_costmap_2d/share/ament_index/resource_index/packages/nav2_costmap_2d
[0.303s] -- Up-to-date: /home/sentry/Wolf-Moon/install/nav2_costmap_2d/share/ament_index/resource_index/nav2_costmap_2d__pluginlib__plugin/nav2_costmap_2d
[0.303s] -- Up-to-date: /home/sentry/Wolf-Moon/install/nav2_costmap_2d/share/nav2_costmap_2d/cmake/ament_cmake_export_include_directories-extras.cmake
[0.303s] -- Up-to-date: /home/sentry/Wolf-Moon/install/nav2_costmap_2d/share/nav2_costmap_2d/cmake/ament_cmake_export_libraries-extras.cmake
[0.304s] -- Up-to-date: /home/sentry/Wolf-Moon/install/nav2_costmap_2d/share/nav2_costmap_2d/cmake/ament_cmake_export_dependencies-extras.cmake
[0.304s] -- Up-to-date: /home/sentry/Wolf-Moon/install/nav2_costmap_2d/share/nav2_costmap_2d/cmake/nav2_costmap_2dConfig.cmake
[0.304s] -- Up-to-date: /home/sentry/Wolf-Moon/install/nav2_costmap_2d/share/nav2_costmap_2d/cmake/nav2_costmap_2dConfig-version.cmake
[0.304s] -- Up-to-date: /home/sentry/Wolf-Moon/install/nav2_costmap_2d/share/nav2_costmap_2d/package.xml
[0.305s] Invoked command in '/home/sentry/Wolf-Moon/build/nav2_costmap_2d' returned '0': AMENT_PREFIX_PATH=/home/sentry/Wolf-Moon/install/nav2_map_server:/home/sentry/Wolf-Moon/install/nav2_lifecycle_manager:/home/sentry/Wolf-Moon/install/nav2_util:/home/sentry/Wolf-Moon/install/nav2_voxel_grid:/home/sentry/Wolf-Moon/install/nav2_msgs:/home/sentry/Wolf-Moon/install/nav2_common:${AMENT_PREFIX_PATH} CMAKE_PREFIX_PATH=/home/sentry/Wolf-Moon/install/nav2_map_server:/home/sentry/Wolf-Moon/install/nav2_lifecycle_manager:/home/sentry/Wolf-Moon/install/nav2_util:/home/sentry/Wolf-Moon/install/nav2_voxel_grid:/home/sentry/Wolf-Moon/install/nav2_msgs:/home/sentry/Wolf-Moon/install/nav2_common:/opt/ros/galactic LD_LIBRARY_PATH=/home/sentry/Wolf-Moon/install/nav2_map_server/lib:/home/sentry/Wolf-Moon/install/nav2_lifecycle_manager/lib:/home/sentry/Wolf-Moon/install/nav2_util/lib:/home/sentry/Wolf-Moon/install/nav2_voxel_grid/lib:/home/sentry/Wolf-Moon/install/nav2_msgs/lib:/opt/MVS/lib/64:/opt/MVS/lib/32:/home/sentry/TUP2024-Sentry-Framework/src/IG_LIO_SLAM/ThirdParty/octomap-Dynamic_point_cloud_removal/lib:/opt/intel/openvino_2022/tools/compile_tool:/opt/intel/openvino_2022/runtime/3rdparty/hddl/lib:/opt/intel/openvino_2022/runtime/lib/intel64:/opt/MVS/lib/64:/opt/MVS/lib/32:/usr/lib/x86_64-linux-gnu/gazebo-11/plugins:/opt/ros/galactic/opt/yaml_cpp_vendor/lib:/opt/ros/galactic/opt/rviz_ogre_vendor/lib:/opt/ros/galactic/lib/x86_64-linux-gnu:/opt/ros/galactic/lib:/home/sentry/TUP2024-Sentry-Framework/src/IG_LIO_SLAM/ThirdParty/octomap-Dynamic_point_cloud_removal/lib:/opt/intel/openvino_2022/tools/compile_tool:/opt/intel/openvino_2022/runtime/3rdparty/hddl/lib:/opt/intel/openvino_2022/runtime/lib/intel64:/opt/MVS/lib/64:/opt/MVS/lib/32:/opt/MVS/lib/64:/opt/MVS/lib/32:/usr/local/opencv4/lib:/usr/local/opencv4/lib PYTHONPATH=/home/sentry/Wolf-Moon/install/nav2_msgs/lib/python3.8/site-packages:/home/sentry/Wolf-Moon/install/nav2_common/lib/python3.8/site-packages:/opt/intel/openvino_2022/python/python3.8:/opt/intel/openvino_2022/python/python3:/opt/ros/galactic/lib/python3.8/site-packages:/opt/intel/openvino_2022/python/python3.8:/opt/intel/openvino_2022/python/python3 /usr/bin/cmake --install /home/sentry/Wolf-Moon/build/nav2_costmap_2d
