[0.145s] DEBUG:colcon:Command line arguments: ['/usr/bin/colcon', 'build', '--allow-overriding', 'cv_bridge']
[0.145s] DEBUG:colcon:Parsed command line arguments: Namespace(allow_overriding=['cv_bridge'], ament_cmake_args=None, base_paths=['.'], build_base='build', catkin_cmake_args=None, catkin_skip_building_tests=False, cmake_args=None, cmake_clean_cache=False, cmake_clean_first=False, cmake_force_configure=False, cmake_target=None, cmake_target_skip_unavailable=False, continue_on_error=False, event_handlers=None, executor='parallel', ignore_user_meta=False, install_base='install', log_base=None, log_level=None, main=<bound method BuildVerb.main of <colcon_core.verb.build.BuildVerb object at 0x7f8e1971f790>>, merge_install=False, metas=['./colcon.meta'], packages_above=None, packages_above_and_dependencies=None, packages_above_depth=None, packages_end=None, packages_ignore=None, packages_ignore_regex=None, packages_select=None, packages_select_build_failed=False, packages_select_by_dep=None, packages_select_regex=None, packages_select_test_failures=False, packages_skip=None, packages_skip_build_finished=False, packages_skip_by_dep=None, packages_skip_regex=None, packages_skip_test_passed=False, packages_skip_up_to=None, packages_start=None, packages_up_to=None, packages_up_to_regex=None, parallel_workers=12, paths=None, symlink_install=False, test_result_base=None, verb_extension=<colcon_core.verb.build.BuildVerb object at 0x7f8e1971f790>, verb_name='build', verb_parser=<colcon_defaults.argument_parser.defaults.DefaultArgumentsDecorator object at 0x7f8e1966d100>)
[0.239s] Level 1:colcon.colcon_core.package_discovery:discover_packages(colcon_meta) check parameters
[0.239s] Level 1:colcon.colcon_core.package_discovery:discover_packages(recursive) check parameters
[0.239s] Level 1:colcon.colcon_core.package_discovery:discover_packages(ignore) check parameters
[0.239s] Level 1:colcon.colcon_core.package_discovery:discover_packages(path) check parameters
[0.239s] Level 1:colcon.colcon_core.package_discovery:discover_packages(colcon_meta) discover
[0.239s] Level 1:colcon.colcon_core.package_discovery:discover_packages(recursive) discover
[0.239s] INFO:colcon.colcon_core.package_discovery:Crawling recursively for packages in '/home/sentry/Wolf-Moon'
[0.239s] Level 1:colcon.colcon_core.package_identification:_identify(.) by extensions ['ignore', 'ignore_ament_install']
[0.239s] Level 1:colcon.colcon_core.package_identification:_identify(.) by extension 'ignore'
[0.239s] Level 1:colcon.colcon_core.package_identification:_identify(.) by extension 'ignore_ament_install'
[0.239s] Level 1:colcon.colcon_core.package_identification:_identify(.) by extensions ['colcon_pkg']
[0.240s] Level 1:colcon.colcon_core.package_identification:_identify(.) by extension 'colcon_pkg'
[0.240s] Level 1:colcon.colcon_core.package_identification:_identify(.) by extensions ['colcon_meta']
[0.240s] Level 1:colcon.colcon_core.package_identification:_identify(.) by extension 'colcon_meta'
[0.240s] Level 1:colcon.colcon_core.package_identification:_identify(.) by extensions ['ros']
[0.240s] Level 1:colcon.colcon_core.package_identification:_identify(.) by extension 'ros'
[0.247s] Level 1:colcon.colcon_core.package_identification:_identify(.) by extensions ['cmake', 'python']
[0.247s] Level 1:colcon.colcon_core.package_identification:_identify(.) by extension 'cmake'
[0.247s] Level 1:colcon.colcon_core.package_identification:_identify(.) by extension 'python'
[0.247s] Level 1:colcon.colcon_core.package_identification:_identify(.) by extensions ['python_setup_py']
[0.247s] Level 1:colcon.colcon_core.package_identification:_identify(.) by extension 'python_setup_py'
[0.247s] Level 1:colcon.colcon_core.package_identification:_identify(build) by extensions ['ignore', 'ignore_ament_install']
[0.247s] Level 1:colcon.colcon_core.package_identification:_identify(build) by extension 'ignore'
[0.247s] Level 1:colcon.colcon_core.package_identification:_identify(build) ignored
[0.247s] Level 1:colcon.colcon_core.package_identification:_identify(install) by extensions ['ignore', 'ignore_ament_install']
[0.247s] Level 1:colcon.colcon_core.package_identification:_identify(install) by extension 'ignore'
[0.247s] Level 1:colcon.colcon_core.package_identification:_identify(install) ignored
[0.247s] Level 1:colcon.colcon_core.package_identification:_identify(log) by extensions ['ignore', 'ignore_ament_install']
[0.247s] Level 1:colcon.colcon_core.package_identification:_identify(log) by extension 'ignore'
[0.247s] Level 1:colcon.colcon_core.package_identification:_identify(log) ignored
[0.247s] Level 1:colcon.colcon_core.package_identification:_identify(scripts) by extensions ['ignore', 'ignore_ament_install']
[0.247s] Level 1:colcon.colcon_core.package_identification:_identify(scripts) by extension 'ignore'
[0.247s] Level 1:colcon.colcon_core.package_identification:_identify(scripts) by extension 'ignore_ament_install'
[0.247s] Level 1:colcon.colcon_core.package_identification:_identify(scripts) by extensions ['colcon_pkg']
[0.247s] Level 1:colcon.colcon_core.package_identification:_identify(scripts) by extension 'colcon_pkg'
[0.247s] Level 1:colcon.colcon_core.package_identification:_identify(scripts) by extensions ['colcon_meta']
[0.247s] Level 1:colcon.colcon_core.package_identification:_identify(scripts) by extension 'colcon_meta'
[0.247s] Level 1:colcon.colcon_core.package_identification:_identify(scripts) by extensions ['ros']
[0.248s] Level 1:colcon.colcon_core.package_identification:_identify(scripts) by extension 'ros'
[0.248s] Level 1:colcon.colcon_core.package_identification:_identify(scripts) by extensions ['cmake', 'python']
[0.248s] Level 1:colcon.colcon_core.package_identification:_identify(scripts) by extension 'cmake'
[0.248s] Level 1:colcon.colcon_core.package_identification:_identify(scripts) by extension 'python'
[0.248s] Level 1:colcon.colcon_core.package_identification:_identify(scripts) by extensions ['python_setup_py']
[0.248s] Level 1:colcon.colcon_core.package_identification:_identify(scripts) by extension 'python_setup_py'
[0.248s] Level 1:colcon.colcon_core.package_identification:_identify(src) by extensions ['ignore', 'ignore_ament_install']
[0.248s] Level 1:colcon.colcon_core.package_identification:_identify(src) by extension 'ignore'
[0.248s] Level 1:colcon.colcon_core.package_identification:_identify(src) by extension 'ignore_ament_install'
[0.248s] Level 1:colcon.colcon_core.package_identification:_identify(src) by extensions ['colcon_pkg']
[0.248s] Level 1:colcon.colcon_core.package_identification:_identify(src) by extension 'colcon_pkg'
[0.248s] Level 1:colcon.colcon_core.package_identification:_identify(src) by extensions ['colcon_meta']
[0.248s] Level 1:colcon.colcon_core.package_identification:_identify(src) by extension 'colcon_meta'
[0.248s] Level 1:colcon.colcon_core.package_identification:_identify(src) by extensions ['ros']
[0.248s] Level 1:colcon.colcon_core.package_identification:_identify(src) by extension 'ros'
[0.248s] Level 1:colcon.colcon_core.package_identification:_identify(src) by extensions ['cmake', 'python']
[0.248s] Level 1:colcon.colcon_core.package_identification:_identify(src) by extension 'cmake'
[0.248s] Level 1:colcon.colcon_core.package_identification:_identify(src) by extension 'python'
[0.248s] Level 1:colcon.colcon_core.package_identification:_identify(src) by extensions ['python_setup_py']
[0.248s] Level 1:colcon.colcon_core.package_identification:_identify(src) by extension 'python_setup_py'
[0.248s] Level 1:colcon.colcon_core.package_identification:_identify(src/auto_aim_interfaces) by extensions ['ignore', 'ignore_ament_install']
[0.248s] Level 1:colcon.colcon_core.package_identification:_identify(src/auto_aim_interfaces) by extension 'ignore'
[0.248s] Level 1:colcon.colcon_core.package_identification:_identify(src/auto_aim_interfaces) by extension 'ignore_ament_install'
[0.248s] Level 1:colcon.colcon_core.package_identification:_identify(src/auto_aim_interfaces) by extensions ['colcon_pkg']
[0.248s] Level 1:colcon.colcon_core.package_identification:_identify(src/auto_aim_interfaces) by extension 'colcon_pkg'
[0.248s] Level 1:colcon.colcon_core.package_identification:_identify(src/auto_aim_interfaces) by extensions ['colcon_meta']
[0.248s] Level 1:colcon.colcon_core.package_identification:_identify(src/auto_aim_interfaces) by extension 'colcon_meta'
[0.248s] Level 1:colcon.colcon_core.package_identification:_identify(src/auto_aim_interfaces) by extensions ['ros']
[0.248s] Level 1:colcon.colcon_core.package_identification:_identify(src/auto_aim_interfaces) by extension 'ros'
[0.250s] DEBUG:colcon.colcon_core.package_identification:Package 'src/auto_aim_interfaces' with type 'ros.ament_cmake' and name 'auto_aim_interfaces'
[0.250s] Level 1:colcon.colcon_core.package_identification:_identify(src/cv_bridge) by extensions ['ignore', 'ignore_ament_install']
[0.250s] Level 1:colcon.colcon_core.package_identification:_identify(src/cv_bridge) by extension 'ignore'
[0.250s] Level 1:colcon.colcon_core.package_identification:_identify(src/cv_bridge) by extension 'ignore_ament_install'
[0.250s] Level 1:colcon.colcon_core.package_identification:_identify(src/cv_bridge) by extensions ['colcon_pkg']
[0.250s] Level 1:colcon.colcon_core.package_identification:_identify(src/cv_bridge) by extension 'colcon_pkg'
[0.250s] Level 1:colcon.colcon_core.package_identification:_identify(src/cv_bridge) by extensions ['colcon_meta']
[0.250s] Level 1:colcon.colcon_core.package_identification:_identify(src/cv_bridge) by extension 'colcon_meta'
[0.250s] Level 1:colcon.colcon_core.package_identification:_identify(src/cv_bridge) by extensions ['ros']
[0.250s] Level 1:colcon.colcon_core.package_identification:_identify(src/cv_bridge) by extension 'ros'
[0.251s] DEBUG:colcon.colcon_core.package_identification:Package 'src/cv_bridge' with type 'ros.ament_cmake' and name 'cv_bridge'
[0.251s] Level 1:colcon.colcon_core.package_identification:_identify(src/livox_ros_driver2-master) by extensions ['ignore', 'ignore_ament_install']
[0.251s] Level 1:colcon.colcon_core.package_identification:_identify(src/livox_ros_driver2-master) by extension 'ignore'
[0.251s] Level 1:colcon.colcon_core.package_identification:_identify(src/livox_ros_driver2-master) by extension 'ignore_ament_install'
[0.251s] Level 1:colcon.colcon_core.package_identification:_identify(src/livox_ros_driver2-master) by extensions ['colcon_pkg']
[0.251s] Level 1:colcon.colcon_core.package_identification:_identify(src/livox_ros_driver2-master) by extension 'colcon_pkg'
[0.251s] Level 1:colcon.colcon_core.package_identification:_identify(src/livox_ros_driver2-master) by extensions ['colcon_meta']
[0.251s] Level 1:colcon.colcon_core.package_identification:_identify(src/livox_ros_driver2-master) by extension 'colcon_meta'
[0.251s] Level 1:colcon.colcon_core.package_identification:_identify(src/livox_ros_driver2-master) by extensions ['ros']
[0.251s] Level 1:colcon.colcon_core.package_identification:_identify(src/livox_ros_driver2-master) by extension 'ros'
[0.252s] DEBUG:colcon.colcon_core.package_identification:Package 'src/livox_ros_driver2-master' with type 'ros.ament_cmake' and name 'livox_ros_driver2'
[0.252s] Level 1:colcon.colcon_core.package_identification:_identify(src/ros2_tools) by extensions ['ignore', 'ignore_ament_install']
[0.252s] Level 1:colcon.colcon_core.package_identification:_identify(src/ros2_tools) by extension 'ignore'
[0.252s] Level 1:colcon.colcon_core.package_identification:_identify(src/ros2_tools) by extension 'ignore_ament_install'
[0.252s] Level 1:colcon.colcon_core.package_identification:_identify(src/ros2_tools) by extensions ['colcon_pkg']
[0.252s] Level 1:colcon.colcon_core.package_identification:_identify(src/ros2_tools) by extension 'colcon_pkg'
[0.252s] Level 1:colcon.colcon_core.package_identification:_identify(src/ros2_tools) by extensions ['colcon_meta']
[0.252s] Level 1:colcon.colcon_core.package_identification:_identify(src/ros2_tools) by extension 'colcon_meta'
[0.252s] Level 1:colcon.colcon_core.package_identification:_identify(src/ros2_tools) by extensions ['ros']
[0.252s] Level 1:colcon.colcon_core.package_identification:_identify(src/ros2_tools) by extension 'ros'
[0.252s] Level 1:colcon.colcon_core.package_identification:_identify(src/ros2_tools) by extensions ['cmake', 'python']
[0.252s] Level 1:colcon.colcon_core.package_identification:_identify(src/ros2_tools) by extension 'cmake'
[0.252s] Level 1:colcon.colcon_core.package_identification:_identify(src/ros2_tools) by extension 'python'
[0.253s] Level 1:colcon.colcon_core.package_identification:_identify(src/ros2_tools) by extensions ['python_setup_py']
[0.253s] Level 1:colcon.colcon_core.package_identification:_identify(src/ros2_tools) by extension 'python_setup_py'
[0.253s] Level 1:colcon.colcon_core.package_identification:_identify(src/ros2_tools/src) by extensions ['ignore', 'ignore_ament_install']
[0.253s] Level 1:colcon.colcon_core.package_identification:_identify(src/ros2_tools/src) by extension 'ignore'
[0.253s] Level 1:colcon.colcon_core.package_identification:_identify(src/ros2_tools/src) by extension 'ignore_ament_install'
[0.253s] Level 1:colcon.colcon_core.package_identification:_identify(src/ros2_tools/src) by extensions ['colcon_pkg']
[0.253s] Level 1:colcon.colcon_core.package_identification:_identify(src/ros2_tools/src) by extension 'colcon_pkg'
[0.253s] Level 1:colcon.colcon_core.package_identification:_identify(src/ros2_tools/src) by extensions ['colcon_meta']
[0.253s] Level 1:colcon.colcon_core.package_identification:_identify(src/ros2_tools/src) by extension 'colcon_meta'
[0.253s] Level 1:colcon.colcon_core.package_identification:_identify(src/ros2_tools/src) by extensions ['ros']
[0.253s] Level 1:colcon.colcon_core.package_identification:_identify(src/ros2_tools/src) by extension 'ros'
[0.253s] Level 1:colcon.colcon_core.package_identification:_identify(src/ros2_tools/src) by extensions ['cmake', 'python']
[0.253s] Level 1:colcon.colcon_core.package_identification:_identify(src/ros2_tools/src) by extension 'cmake'
[0.253s] Level 1:colcon.colcon_core.package_identification:_identify(src/ros2_tools/src) by extension 'python'
[0.253s] Level 1:colcon.colcon_core.package_identification:_identify(src/ros2_tools/src) by extensions ['python_setup_py']
[0.253s] Level 1:colcon.colcon_core.package_identification:_identify(src/ros2_tools/src) by extension 'python_setup_py'
[0.253s] Level 1:colcon.colcon_core.package_identification:_identify(src/ros2_tools/src/rosbag_record) by extensions ['ignore', 'ignore_ament_install']
[0.253s] Level 1:colcon.colcon_core.package_identification:_identify(src/ros2_tools/src/rosbag_record) by extension 'ignore'
[0.253s] Level 1:colcon.colcon_core.package_identification:_identify(src/ros2_tools/src/rosbag_record) by extension 'ignore_ament_install'
[0.253s] Level 1:colcon.colcon_core.package_identification:_identify(src/ros2_tools/src/rosbag_record) by extensions ['colcon_pkg']
[0.253s] Level 1:colcon.colcon_core.package_identification:_identify(src/ros2_tools/src/rosbag_record) by extension 'colcon_pkg'
[0.253s] Level 1:colcon.colcon_core.package_identification:_identify(src/ros2_tools/src/rosbag_record) by extensions ['colcon_meta']
[0.253s] Level 1:colcon.colcon_core.package_identification:_identify(src/ros2_tools/src/rosbag_record) by extension 'colcon_meta'
[0.253s] Level 1:colcon.colcon_core.package_identification:_identify(src/ros2_tools/src/rosbag_record) by extensions ['ros']
[0.253s] Level 1:colcon.colcon_core.package_identification:_identify(src/ros2_tools/src/rosbag_record) by extension 'ros'
[0.253s] DEBUG:colcon.colcon_core.package_identification:Package 'src/ros2_tools/src/rosbag_record' with type 'ros.ament_python' and name 'rosbag_record'
[0.254s] Level 1:colcon.colcon_core.package_identification:_identify(src/shm_video_transmission) by extensions ['ignore', 'ignore_ament_install']
[0.254s] Level 1:colcon.colcon_core.package_identification:_identify(src/shm_video_transmission) by extension 'ignore'
[0.254s] Level 1:colcon.colcon_core.package_identification:_identify(src/shm_video_transmission) by extension 'ignore_ament_install'
[0.254s] Level 1:colcon.colcon_core.package_identification:_identify(src/shm_video_transmission) by extensions ['colcon_pkg']
[0.254s] Level 1:colcon.colcon_core.package_identification:_identify(src/shm_video_transmission) by extension 'colcon_pkg'
[0.254s] Level 1:colcon.colcon_core.package_identification:_identify(src/shm_video_transmission) by extensions ['colcon_meta']
[0.254s] Level 1:colcon.colcon_core.package_identification:_identify(src/shm_video_transmission) by extension 'colcon_meta'
[0.254s] Level 1:colcon.colcon_core.package_identification:_identify(src/shm_video_transmission) by extensions ['ros']
[0.254s] Level 1:colcon.colcon_core.package_identification:_identify(src/shm_video_transmission) by extension 'ros'
[0.254s] Level 1:colcon.colcon_core.package_identification:_identify(src/shm_video_transmission) by extensions ['cmake', 'python']
[0.254s] Level 1:colcon.colcon_core.package_identification:_identify(src/shm_video_transmission) by extension 'cmake'
[0.255s] Level 1:colcon.colcon_core.package_identification:_identify(src/shm_video_transmission) by extension 'python'
[0.255s] DEBUG:colcon.colcon_core.package_identification:Package 'src/shm_video_transmission' with type 'cmake' and name 'SharedMemoryVideo'
[0.255s] Level 1:colcon.colcon_core.package_discovery:discover_packages(recursive) using defaults
[0.255s] Level 1:colcon.colcon_core.package_discovery:discover_packages(ignore) discover
[0.255s] Level 1:colcon.colcon_core.package_discovery:discover_packages(ignore) using defaults
[0.255s] Level 1:colcon.colcon_core.package_discovery:discover_packages(path) discover
[0.255s] Level 1:colcon.colcon_core.package_discovery:discover_packages(path) using defaults
[0.272s] Level 1:colcon.colcon_core.package_discovery:discover_packages(prefix_path) check parameters
[0.272s] Level 1:colcon.colcon_core.package_discovery:discover_packages(prefix_path) discover
[0.273s] DEBUG:colcon.colcon_installed_package_information.package_discovery:Found 283 installed packages in /opt/ros/galactic
[0.274s] Level 1:colcon.colcon_core.package_discovery:discover_packages(prefix_path) using defaults
[0.308s] Level 5:colcon.colcon_core.verb:set package 'SharedMemoryVideo' build argument 'cmake_args' from command line to 'None'
[0.308s] Level 5:colcon.colcon_core.verb:set package 'SharedMemoryVideo' build argument 'cmake_target' from command line to 'None'
[0.308s] Level 5:colcon.colcon_core.verb:set package 'SharedMemoryVideo' build argument 'cmake_target_skip_unavailable' from command line to 'False'
[0.308s] Level 5:colcon.colcon_core.verb:set package 'SharedMemoryVideo' build argument 'cmake_clean_cache' from command line to 'False'
[0.308s] Level 5:colcon.colcon_core.verb:set package 'SharedMemoryVideo' build argument 'cmake_clean_first' from command line to 'False'
[0.308s] Level 5:colcon.colcon_core.verb:set package 'SharedMemoryVideo' build argument 'cmake_force_configure' from command line to 'False'
[0.308s] Level 5:colcon.colcon_core.verb:set package 'SharedMemoryVideo' build argument 'ament_cmake_args' from command line to 'None'
[0.308s] Level 5:colcon.colcon_core.verb:set package 'SharedMemoryVideo' build argument 'catkin_cmake_args' from command line to 'None'
[0.308s] Level 5:colcon.colcon_core.verb:set package 'SharedMemoryVideo' build argument 'catkin_skip_building_tests' from command line to 'False'
[0.308s] DEBUG:colcon.colcon_core.verb:Building package 'SharedMemoryVideo' with the following arguments: {'ament_cmake_args': None, 'build_base': '/home/sentry/Wolf-Moon/build/SharedMemoryVideo', 'catkin_cmake_args': None, 'catkin_skip_building_tests': False, 'cmake_args': None, 'cmake_clean_cache': False, 'cmake_clean_first': False, 'cmake_force_configure': False, 'cmake_target': None, 'cmake_target_skip_unavailable': False, 'install_base': '/home/sentry/Wolf-Moon/install/SharedMemoryVideo', 'merge_install': False, 'path': '/home/sentry/Wolf-Moon/src/shm_video_transmission', 'symlink_install': False, 'test_result_base': None}
[0.309s] Level 5:colcon.colcon_core.verb:set package 'auto_aim_interfaces' build argument 'cmake_args' from command line to 'None'
[0.309s] Level 5:colcon.colcon_core.verb:set package 'auto_aim_interfaces' build argument 'cmake_target' from command line to 'None'
[0.309s] Level 5:colcon.colcon_core.verb:set package 'auto_aim_interfaces' build argument 'cmake_target_skip_unavailable' from command line to 'False'
[0.309s] Level 5:colcon.colcon_core.verb:set package 'auto_aim_interfaces' build argument 'cmake_clean_cache' from command line to 'False'
[0.309s] Level 5:colcon.colcon_core.verb:set package 'auto_aim_interfaces' build argument 'cmake_clean_first' from command line to 'False'
[0.309s] Level 5:colcon.colcon_core.verb:set package 'auto_aim_interfaces' build argument 'cmake_force_configure' from command line to 'False'
[0.309s] Level 5:colcon.colcon_core.verb:set package 'auto_aim_interfaces' build argument 'ament_cmake_args' from command line to 'None'
[0.309s] Level 5:colcon.colcon_core.verb:set package 'auto_aim_interfaces' build argument 'catkin_cmake_args' from command line to 'None'
[0.309s] Level 5:colcon.colcon_core.verb:set package 'auto_aim_interfaces' build argument 'catkin_skip_building_tests' from command line to 'False'
[0.309s] DEBUG:colcon.colcon_core.verb:Building package 'auto_aim_interfaces' with the following arguments: {'ament_cmake_args': None, 'build_base': '/home/sentry/Wolf-Moon/build/auto_aim_interfaces', 'catkin_cmake_args': None, 'catkin_skip_building_tests': False, 'cmake_args': None, 'cmake_clean_cache': False, 'cmake_clean_first': False, 'cmake_force_configure': False, 'cmake_target': None, 'cmake_target_skip_unavailable': False, 'install_base': '/home/sentry/Wolf-Moon/install/auto_aim_interfaces', 'merge_install': False, 'path': '/home/sentry/Wolf-Moon/src/auto_aim_interfaces', 'symlink_install': False, 'test_result_base': None}
[0.309s] Level 5:colcon.colcon_core.verb:set package 'cv_bridge' build argument 'cmake_args' from command line to 'None'
[0.309s] Level 5:colcon.colcon_core.verb:set package 'cv_bridge' build argument 'cmake_target' from command line to 'None'
[0.309s] Level 5:colcon.colcon_core.verb:set package 'cv_bridge' build argument 'cmake_target_skip_unavailable' from command line to 'False'
[0.309s] Level 5:colcon.colcon_core.verb:set package 'cv_bridge' build argument 'cmake_clean_cache' from command line to 'False'
[0.309s] Level 5:colcon.colcon_core.verb:set package 'cv_bridge' build argument 'cmake_clean_first' from command line to 'False'
[0.309s] Level 5:colcon.colcon_core.verb:set package 'cv_bridge' build argument 'cmake_force_configure' from command line to 'False'
[0.309s] Level 5:colcon.colcon_core.verb:set package 'cv_bridge' build argument 'ament_cmake_args' from command line to 'None'
[0.309s] Level 5:colcon.colcon_core.verb:set package 'cv_bridge' build argument 'catkin_cmake_args' from command line to 'None'
[0.309s] Level 5:colcon.colcon_core.verb:set package 'cv_bridge' build argument 'catkin_skip_building_tests' from command line to 'False'
[0.309s] DEBUG:colcon.colcon_core.verb:Building package 'cv_bridge' with the following arguments: {'ament_cmake_args': None, 'build_base': '/home/sentry/Wolf-Moon/build/cv_bridge', 'catkin_cmake_args': None, 'catkin_skip_building_tests': False, 'cmake_args': None, 'cmake_clean_cache': False, 'cmake_clean_first': False, 'cmake_force_configure': False, 'cmake_target': None, 'cmake_target_skip_unavailable': False, 'install_base': '/home/sentry/Wolf-Moon/install/cv_bridge', 'merge_install': False, 'path': '/home/sentry/Wolf-Moon/src/cv_bridge', 'symlink_install': False, 'test_result_base': None}
[0.309s] Level 5:colcon.colcon_core.verb:set package 'livox_ros_driver2' build argument 'cmake_args' from command line to 'None'
[0.309s] Level 5:colcon.colcon_core.verb:set package 'livox_ros_driver2' build argument 'cmake_target' from command line to 'None'
[0.309s] Level 5:colcon.colcon_core.verb:set package 'livox_ros_driver2' build argument 'cmake_target_skip_unavailable' from command line to 'False'
[0.309s] Level 5:colcon.colcon_core.verb:set package 'livox_ros_driver2' build argument 'cmake_clean_cache' from command line to 'False'
[0.309s] Level 5:colcon.colcon_core.verb:set package 'livox_ros_driver2' build argument 'cmake_clean_first' from command line to 'False'
[0.309s] Level 5:colcon.colcon_core.verb:set package 'livox_ros_driver2' build argument 'cmake_force_configure' from command line to 'False'
[0.309s] Level 5:colcon.colcon_core.verb:set package 'livox_ros_driver2' build argument 'ament_cmake_args' from command line to 'None'
[0.309s] Level 5:colcon.colcon_core.verb:set package 'livox_ros_driver2' build argument 'catkin_cmake_args' from command line to 'None'
[0.309s] Level 5:colcon.colcon_core.verb:set package 'livox_ros_driver2' build argument 'catkin_skip_building_tests' from command line to 'False'
[0.309s] DEBUG:colcon.colcon_core.verb:Building package 'livox_ros_driver2' with the following arguments: {'ament_cmake_args': None, 'build_base': '/home/sentry/Wolf-Moon/build/livox_ros_driver2', 'catkin_cmake_args': None, 'catkin_skip_building_tests': False, 'cmake_args': None, 'cmake_clean_cache': False, 'cmake_clean_first': False, 'cmake_force_configure': False, 'cmake_target': None, 'cmake_target_skip_unavailable': False, 'install_base': '/home/sentry/Wolf-Moon/install/livox_ros_driver2', 'merge_install': False, 'path': '/home/sentry/Wolf-Moon/src/livox_ros_driver2-master', 'symlink_install': False, 'test_result_base': None}
[0.309s] Level 5:colcon.colcon_core.verb:set package 'rosbag_record' build argument 'cmake_args' from command line to 'None'
[0.310s] Level 5:colcon.colcon_core.verb:set package 'rosbag_record' build argument 'cmake_target' from command line to 'None'
[0.310s] Level 5:colcon.colcon_core.verb:set package 'rosbag_record' build argument 'cmake_target_skip_unavailable' from command line to 'False'
[0.310s] Level 5:colcon.colcon_core.verb:set package 'rosbag_record' build argument 'cmake_clean_cache' from command line to 'False'
[0.310s] Level 5:colcon.colcon_core.verb:set package 'rosbag_record' build argument 'cmake_clean_first' from command line to 'False'
[0.310s] Level 5:colcon.colcon_core.verb:set package 'rosbag_record' build argument 'cmake_force_configure' from command line to 'False'
[0.310s] Level 5:colcon.colcon_core.verb:set package 'rosbag_record' build argument 'ament_cmake_args' from command line to 'None'
[0.310s] Level 5:colcon.colcon_core.verb:set package 'rosbag_record' build argument 'catkin_cmake_args' from command line to 'None'
[0.310s] Level 5:colcon.colcon_core.verb:set package 'rosbag_record' build argument 'catkin_skip_building_tests' from command line to 'False'
[0.310s] DEBUG:colcon.colcon_core.verb:Building package 'rosbag_record' with the following arguments: {'ament_cmake_args': None, 'build_base': '/home/sentry/Wolf-Moon/build/rosbag_record', 'catkin_cmake_args': None, 'catkin_skip_building_tests': False, 'cmake_args': None, 'cmake_clean_cache': False, 'cmake_clean_first': False, 'cmake_force_configure': False, 'cmake_target': None, 'cmake_target_skip_unavailable': False, 'install_base': '/home/sentry/Wolf-Moon/install/rosbag_record', 'merge_install': False, 'path': '/home/sentry/Wolf-Moon/src/ros2_tools/src/rosbag_record', 'symlink_install': False, 'test_result_base': None}
[0.310s] INFO:colcon.colcon_core.executor:Executing jobs using 'parallel' executor
[0.310s] DEBUG:colcon.colcon_parallel_executor.executor.parallel:run_until_complete
[0.311s] INFO:colcon.colcon_cmake.task.cmake.build:Building CMake package in '/home/sentry/Wolf-Moon/src/shm_video_transmission'
[0.312s] INFO:colcon.colcon_core.plugin_system:Skipping extension 'colcon_core.shell.bat': Not used on non-Windows systems
[0.312s] INFO:colcon.colcon_core.shell:Skip shell extension 'powershell' for command environment: Not usable outside of PowerShell
[0.313s] DEBUG:colcon.colcon_core.shell:Skip shell extension 'dsv' for command environment
[0.316s] INFO:colcon.colcon_ros.task.ament_cmake.build:Building ROS package in '/home/sentry/Wolf-Moon/src/auto_aim_interfaces' with build type 'ament_cmake'
[0.317s] INFO:colcon.colcon_cmake.task.cmake.build:Building CMake package in '/home/sentry/Wolf-Moon/src/auto_aim_interfaces'
[0.318s] INFO:colcon.colcon_core.shell:Skip shell extension 'powershell' for command environment: Not usable outside of PowerShell
[0.318s] DEBUG:colcon.colcon_core.shell:Skip shell extension 'dsv' for command environment
[0.322s] INFO:colcon.colcon_ros.task.ament_cmake.build:Building ROS package in '/home/sentry/Wolf-Moon/src/cv_bridge' with build type 'ament_cmake'
[0.323s] INFO:colcon.colcon_cmake.task.cmake.build:Building CMake package in '/home/sentry/Wolf-Moon/src/cv_bridge'
[0.324s] INFO:colcon.colcon_core.shell:Skip shell extension 'powershell' for command environment: Not usable outside of PowerShell
[0.324s] DEBUG:colcon.colcon_core.shell:Skip shell extension 'dsv' for command environment
[0.329s] INFO:colcon.colcon_ros.task.ament_cmake.build:Building ROS package in '/home/sentry/Wolf-Moon/src/livox_ros_driver2-master' with build type 'ament_cmake'
[0.329s] INFO:colcon.colcon_cmake.task.cmake.build:Building CMake package in '/home/sentry/Wolf-Moon/src/livox_ros_driver2-master'
[0.330s] INFO:colcon.colcon_core.shell:Skip shell extension 'powershell' for command environment: Not usable outside of PowerShell
[0.330s] DEBUG:colcon.colcon_core.shell:Skip shell extension 'dsv' for command environment
[0.336s] INFO:colcon.colcon_ros.task.ament_python.build:Building ROS package in '/home/sentry/Wolf-Moon/src/ros2_tools/src/rosbag_record' with build type 'ament_python'
[0.337s] Level 1:colcon.colcon_core.shell:create_environment_hook('rosbag_record', 'ament_prefix_path')
[0.337s] INFO:colcon.colcon_core.shell:Creating environment hook '/home/sentry/Wolf-Moon/install/rosbag_record/share/rosbag_record/hook/ament_prefix_path.ps1'
[0.338s] INFO:colcon.colcon_core.shell:Creating environment descriptor '/home/sentry/Wolf-Moon/install/rosbag_record/share/rosbag_record/hook/ament_prefix_path.dsv'
[0.339s] INFO:colcon.colcon_core.shell:Creating environment hook '/home/sentry/Wolf-Moon/install/rosbag_record/share/rosbag_record/hook/ament_prefix_path.sh'
[0.340s] INFO:colcon.colcon_core.shell:Skip shell extension 'powershell' for command environment: Not usable outside of PowerShell
[0.340s] DEBUG:colcon.colcon_core.shell:Skip shell extension 'dsv' for command environment
[0.359s] DEBUG:colcon.colcon_core.event_handler.log_command:Invoking command in '/home/sentry/Wolf-Moon/build/SharedMemoryVideo': /usr/bin/cmake --build /home/sentry/Wolf-Moon/build/SharedMemoryVideo -- -j12 -l12
[0.361s] DEBUG:colcon.colcon_core.event_handler.log_command:Invoking command in '/home/sentry/Wolf-Moon/build/auto_aim_interfaces': CMAKE_PREFIX_PATH=/opt/ros/galactic /usr/bin/cmake --build /home/sentry/Wolf-Moon/build/auto_aim_interfaces -- -j12 -l12
[0.367s] DEBUG:colcon.colcon_core.event_handler.log_command:Invoking command in '/home/sentry/Wolf-Moon/build/cv_bridge': CMAKE_PREFIX_PATH=/opt/ros/galactic /usr/bin/cmake /home/sentry/Wolf-Moon/src/cv_bridge -DCMAKE_INSTALL_PREFIX=/home/sentry/Wolf-Moon/install/cv_bridge
[0.374s] DEBUG:colcon.colcon_core.event_handler.log_command:Invoking command in '/home/sentry/Wolf-Moon/build/livox_ros_driver2': CMAKE_PREFIX_PATH=/opt/ros/galactic /usr/bin/cmake /home/sentry/Wolf-Moon/src/livox_ros_driver2-master -DCMAKE_INSTALL_PREFIX=/home/sentry/Wolf-Moon/install/livox_ros_driver2
[0.653s] INFO:colcon.colcon_core.task.python.build:Building Python package in '/home/sentry/Wolf-Moon/src/ros2_tools/src/rosbag_record'
[0.653s] INFO:colcon.colcon_core.shell:Skip shell extension 'powershell' for command environment: Not usable outside of PowerShell
[0.653s] DEBUG:colcon.colcon_core.shell:Skip shell extension 'dsv' for command environment
[1.270s] DEBUG:colcon.colcon_core.event_handler.log_command:Invoking command in '/home/sentry/Wolf-Moon/src/ros2_tools/src/rosbag_record': PYTHONPATH=/home/sentry/Wolf-Moon/build/rosbag_record/prefix_override:/usr/lib/python3/dist-packages/colcon_core/task/python/colcon_distutils_commands:/home/sentry/Wolf-Moon/install/rosbag_record/lib/python3.8/site-packages:${PYTHONPATH} /usr/bin/python3 -W ignore:setup.py install is deprecated -W ignore:easy_install command is deprecated setup.py egg_info --egg-base ../../../../build/rosbag_record build --build-base /home/sentry/Wolf-Moon/build/rosbag_record/build install --record /home/sentry/Wolf-Moon/build/rosbag_record/install.log --single-version-externally-managed install_data
[1.484s] DEBUG:colcon.colcon_core.event_handler.log_command:Invoked command in '/home/sentry/Wolf-Moon/src/ros2_tools/src/rosbag_record' returned '0': PYTHONPATH=/home/sentry/Wolf-Moon/build/rosbag_record/prefix_override:/usr/lib/python3/dist-packages/colcon_core/task/python/colcon_distutils_commands:/home/sentry/Wolf-Moon/install/rosbag_record/lib/python3.8/site-packages:${PYTHONPATH} /usr/bin/python3 -W ignore:setup.py install is deprecated -W ignore:easy_install command is deprecated setup.py egg_info --egg-base ../../../../build/rosbag_record build --build-base /home/sentry/Wolf-Moon/build/rosbag_record/build install --record /home/sentry/Wolf-Moon/build/rosbag_record/install.log --single-version-externally-managed install_data
[1.486s] Level 1:colcon.colcon_core.environment:checking '/home/sentry/Wolf-Moon/install/rosbag_record' for CMake module files
[1.486s] Level 1:colcon.colcon_core.environment:checking '/home/sentry/Wolf-Moon/install/rosbag_record' for CMake config files
[1.486s] Level 1:colcon.colcon_core.environment:checking '/home/sentry/Wolf-Moon/install/rosbag_record/lib'
[1.487s] Level 1:colcon.colcon_core.environment:checking '/home/sentry/Wolf-Moon/install/rosbag_record/bin'
[1.487s] Level 1:colcon.colcon_core.environment:checking '/home/sentry/Wolf-Moon/install/rosbag_record/lib/pkgconfig/rosbag_record.pc'
[1.487s] Level 1:colcon.colcon_core.environment:checking '/home/sentry/Wolf-Moon/install/rosbag_record/lib/python3.8/site-packages'
[1.487s] Level 1:colcon.colcon_core.shell:create_environment_hook('rosbag_record', 'pythonpath')
[1.487s] INFO:colcon.colcon_core.shell:Creating environment hook '/home/sentry/Wolf-Moon/install/rosbag_record/share/rosbag_record/hook/pythonpath.ps1'
[1.487s] INFO:colcon.colcon_core.shell:Creating environment descriptor '/home/sentry/Wolf-Moon/install/rosbag_record/share/rosbag_record/hook/pythonpath.dsv'
[1.487s] INFO:colcon.colcon_core.shell:Creating environment hook '/home/sentry/Wolf-Moon/install/rosbag_record/share/rosbag_record/hook/pythonpath.sh'
[1.488s] Level 1:colcon.colcon_core.environment:checking '/home/sentry/Wolf-Moon/install/rosbag_record/bin'
[1.488s] Level 1:colcon.colcon_core.environment:create_environment_scripts_only(rosbag_record)
[1.488s] INFO:colcon.colcon_core.shell:Creating package script '/home/sentry/Wolf-Moon/install/rosbag_record/share/rosbag_record/package.ps1'
[1.489s] INFO:colcon.colcon_core.shell:Creating package descriptor '/home/sentry/Wolf-Moon/install/rosbag_record/share/rosbag_record/package.dsv'
[1.489s] INFO:colcon.colcon_core.shell:Creating package script '/home/sentry/Wolf-Moon/install/rosbag_record/share/rosbag_record/package.sh'
[1.489s] INFO:colcon.colcon_core.shell:Creating package script '/home/sentry/Wolf-Moon/install/rosbag_record/share/rosbag_record/package.bash'
[1.490s] INFO:colcon.colcon_core.shell:Creating package script '/home/sentry/Wolf-Moon/install/rosbag_record/share/rosbag_record/package.zsh'
[1.490s] Level 1:colcon.colcon_core.environment:create_file_with_runtime_dependencies(/home/sentry/Wolf-Moon/install/rosbag_record/share/colcon-core/packages/rosbag_record)
[3.768s] DEBUG:colcon.colcon_core.event_handler.log_command:Invoked command in '/home/sentry/Wolf-Moon/build/cv_bridge' returned '0': CMAKE_PREFIX_PATH=/opt/ros/galactic /usr/bin/cmake /home/sentry/Wolf-Moon/src/cv_bridge -DCMAKE_INSTALL_PREFIX=/home/sentry/Wolf-Moon/install/cv_bridge
[3.768s] DEBUG:colcon.colcon_core.event_handler.log_command:Invoking command in '/home/sentry/Wolf-Moon/build/cv_bridge': CMAKE_PREFIX_PATH=/opt/ros/galactic /usr/bin/cmake --build /home/sentry/Wolf-Moon/build/cv_bridge -- -j12 -l12
[4.076s] DEBUG:colcon.colcon_core.event_handler.log_command:Invoked command in '/home/sentry/Wolf-Moon/build/auto_aim_interfaces' returned '0': CMAKE_PREFIX_PATH=/opt/ros/galactic /usr/bin/cmake --build /home/sentry/Wolf-Moon/build/auto_aim_interfaces -- -j12 -l12
[4.094s] DEBUG:colcon.colcon_core.event_handler.log_command:Invoking command in '/home/sentry/Wolf-Moon/build/auto_aim_interfaces': CMAKE_PREFIX_PATH=/opt/ros/galactic /usr/bin/cmake --install /home/sentry/Wolf-Moon/build/auto_aim_interfaces
[4.195s] Level 1:colcon.colcon_core.environment:create_environment_scripts_only(auto_aim_interfaces)
[4.196s] Level 1:colcon.colcon_core.environment:checking '/home/sentry/Wolf-Moon/install/auto_aim_interfaces' for CMake module files
[4.197s] DEBUG:colcon.colcon_core.event_handler.log_command:Invoked command in '/home/sentry/Wolf-Moon/build/auto_aim_interfaces' returned '0': CMAKE_PREFIX_PATH=/opt/ros/galactic /usr/bin/cmake --install /home/sentry/Wolf-Moon/build/auto_aim_interfaces
[4.197s] Level 1:colcon.colcon_core.environment:checking '/home/sentry/Wolf-Moon/install/auto_aim_interfaces' for CMake config files
[4.198s] Level 1:colcon.colcon_core.shell:create_environment_hook('auto_aim_interfaces', 'cmake_prefix_path')
[4.198s] INFO:colcon.colcon_core.shell:Creating environment hook '/home/sentry/Wolf-Moon/install/auto_aim_interfaces/share/auto_aim_interfaces/hook/cmake_prefix_path.ps1'
[4.199s] INFO:colcon.colcon_core.shell:Creating environment descriptor '/home/sentry/Wolf-Moon/install/auto_aim_interfaces/share/auto_aim_interfaces/hook/cmake_prefix_path.dsv'
[4.199s] INFO:colcon.colcon_core.shell:Creating environment hook '/home/sentry/Wolf-Moon/install/auto_aim_interfaces/share/auto_aim_interfaces/hook/cmake_prefix_path.sh'
[4.200s] Level 1:colcon.colcon_core.environment:checking '/home/sentry/Wolf-Moon/install/auto_aim_interfaces/lib'
[4.200s] Level 1:colcon.colcon_core.shell:create_environment_hook('auto_aim_interfaces', 'ld_library_path_lib')
[4.201s] INFO:colcon.colcon_core.shell:Creating environment hook '/home/sentry/Wolf-Moon/install/auto_aim_interfaces/share/auto_aim_interfaces/hook/ld_library_path_lib.ps1'
[4.201s] INFO:colcon.colcon_core.shell:Creating environment descriptor '/home/sentry/Wolf-Moon/install/auto_aim_interfaces/share/auto_aim_interfaces/hook/ld_library_path_lib.dsv'
[4.202s] INFO:colcon.colcon_core.shell:Creating environment hook '/home/sentry/Wolf-Moon/install/auto_aim_interfaces/share/auto_aim_interfaces/hook/ld_library_path_lib.sh'
[4.202s] Level 1:colcon.colcon_core.environment:checking '/home/sentry/Wolf-Moon/install/auto_aim_interfaces/bin'
[4.202s] Level 1:colcon.colcon_core.environment:checking '/home/sentry/Wolf-Moon/install/auto_aim_interfaces/lib/pkgconfig/auto_aim_interfaces.pc'
[4.202s] Level 1:colcon.colcon_core.environment:checking '/home/sentry/Wolf-Moon/install/auto_aim_interfaces/lib/python3.8/site-packages'
[4.203s] Level 1:colcon.colcon_core.shell:create_environment_hook('auto_aim_interfaces', 'pythonpath')
[4.203s] INFO:colcon.colcon_core.shell:Creating environment hook '/home/sentry/Wolf-Moon/install/auto_aim_interfaces/share/auto_aim_interfaces/hook/pythonpath.ps1'
[4.203s] INFO:colcon.colcon_core.shell:Creating environment descriptor '/home/sentry/Wolf-Moon/install/auto_aim_interfaces/share/auto_aim_interfaces/hook/pythonpath.dsv'
[4.204s] INFO:colcon.colcon_core.shell:Creating environment hook '/home/sentry/Wolf-Moon/install/auto_aim_interfaces/share/auto_aim_interfaces/hook/pythonpath.sh'
[4.204s] Level 1:colcon.colcon_core.environment:checking '/home/sentry/Wolf-Moon/install/auto_aim_interfaces/bin'
[4.205s] INFO:colcon.colcon_core.shell:Creating package script '/home/sentry/Wolf-Moon/install/auto_aim_interfaces/share/auto_aim_interfaces/package.ps1'
[4.206s] INFO:colcon.colcon_core.shell:Creating package descriptor '/home/sentry/Wolf-Moon/install/auto_aim_interfaces/share/auto_aim_interfaces/package.dsv'
[4.206s] INFO:colcon.colcon_core.shell:Creating package script '/home/sentry/Wolf-Moon/install/auto_aim_interfaces/share/auto_aim_interfaces/package.sh'
[4.207s] INFO:colcon.colcon_core.shell:Creating package script '/home/sentry/Wolf-Moon/install/auto_aim_interfaces/share/auto_aim_interfaces/package.bash'
[4.207s] INFO:colcon.colcon_core.shell:Creating package script '/home/sentry/Wolf-Moon/install/auto_aim_interfaces/share/auto_aim_interfaces/package.zsh'
[4.208s] Level 1:colcon.colcon_core.environment:create_file_with_runtime_dependencies(/home/sentry/Wolf-Moon/install/auto_aim_interfaces/share/colcon-core/packages/auto_aim_interfaces)
[4.209s] Level 1:colcon.colcon_core.environment:create_environment_scripts_only(auto_aim_interfaces)
[4.209s] Level 1:colcon.colcon_core.environment:checking '/home/sentry/Wolf-Moon/install/auto_aim_interfaces' for CMake module files
[4.210s] Level 1:colcon.colcon_core.environment:checking '/home/sentry/Wolf-Moon/install/auto_aim_interfaces' for CMake config files
[4.210s] Level 1:colcon.colcon_core.shell:create_environment_hook('auto_aim_interfaces', 'cmake_prefix_path')
[4.211s] INFO:colcon.colcon_core.shell:Creating environment hook '/home/sentry/Wolf-Moon/install/auto_aim_interfaces/share/auto_aim_interfaces/hook/cmake_prefix_path.ps1'
[4.211s] INFO:colcon.colcon_core.shell:Creating environment descriptor '/home/sentry/Wolf-Moon/install/auto_aim_interfaces/share/auto_aim_interfaces/hook/cmake_prefix_path.dsv'
[4.212s] INFO:colcon.colcon_core.shell:Creating environment hook '/home/sentry/Wolf-Moon/install/auto_aim_interfaces/share/auto_aim_interfaces/hook/cmake_prefix_path.sh'
[4.212s] Level 1:colcon.colcon_core.environment:checking '/home/sentry/Wolf-Moon/install/auto_aim_interfaces/lib'
[4.212s] Level 1:colcon.colcon_core.shell:create_environment_hook('auto_aim_interfaces', 'ld_library_path_lib')
[4.213s] INFO:colcon.colcon_core.shell:Creating environment hook '/home/sentry/Wolf-Moon/install/auto_aim_interfaces/share/auto_aim_interfaces/hook/ld_library_path_lib.ps1'
[4.213s] INFO:colcon.colcon_core.shell:Creating environment descriptor '/home/sentry/Wolf-Moon/install/auto_aim_interfaces/share/auto_aim_interfaces/hook/ld_library_path_lib.dsv'
[4.214s] INFO:colcon.colcon_core.shell:Creating environment hook '/home/sentry/Wolf-Moon/install/auto_aim_interfaces/share/auto_aim_interfaces/hook/ld_library_path_lib.sh'
[4.214s] Level 1:colcon.colcon_core.environment:checking '/home/sentry/Wolf-Moon/install/auto_aim_interfaces/bin'
[4.214s] Level 1:colcon.colcon_core.environment:checking '/home/sentry/Wolf-Moon/install/auto_aim_interfaces/lib/pkgconfig/auto_aim_interfaces.pc'
[4.214s] Level 1:colcon.colcon_core.environment:checking '/home/sentry/Wolf-Moon/install/auto_aim_interfaces/lib/python3.8/site-packages'
[4.214s] Level 1:colcon.colcon_core.shell:create_environment_hook('auto_aim_interfaces', 'pythonpath')
[4.215s] INFO:colcon.colcon_core.shell:Creating environment hook '/home/sentry/Wolf-Moon/install/auto_aim_interfaces/share/auto_aim_interfaces/hook/pythonpath.ps1'
[4.215s] INFO:colcon.colcon_core.shell:Creating environment descriptor '/home/sentry/Wolf-Moon/install/auto_aim_interfaces/share/auto_aim_interfaces/hook/pythonpath.dsv'
[4.216s] INFO:colcon.colcon_core.shell:Creating environment hook '/home/sentry/Wolf-Moon/install/auto_aim_interfaces/share/auto_aim_interfaces/hook/pythonpath.sh'
[4.216s] Level 1:colcon.colcon_core.environment:checking '/home/sentry/Wolf-Moon/install/auto_aim_interfaces/bin'
[4.217s] INFO:colcon.colcon_core.shell:Creating package script '/home/sentry/Wolf-Moon/install/auto_aim_interfaces/share/auto_aim_interfaces/package.ps1'
[4.218s] INFO:colcon.colcon_core.shell:Creating package descriptor '/home/sentry/Wolf-Moon/install/auto_aim_interfaces/share/auto_aim_interfaces/package.dsv'
[4.218s] INFO:colcon.colcon_core.shell:Creating package script '/home/sentry/Wolf-Moon/install/auto_aim_interfaces/share/auto_aim_interfaces/package.sh'
[4.219s] INFO:colcon.colcon_core.shell:Creating package script '/home/sentry/Wolf-Moon/install/auto_aim_interfaces/share/auto_aim_interfaces/package.bash'
[4.220s] INFO:colcon.colcon_core.shell:Creating package script '/home/sentry/Wolf-Moon/install/auto_aim_interfaces/share/auto_aim_interfaces/package.zsh'
[4.220s] Level 1:colcon.colcon_core.environment:create_file_with_runtime_dependencies(/home/sentry/Wolf-Moon/install/auto_aim_interfaces/share/colcon-core/packages/auto_aim_interfaces)
[5.083s] DEBUG:colcon.colcon_core.event_handler.log_command:Invoked command in '/home/sentry/Wolf-Moon/build/livox_ros_driver2' returned '0': CMAKE_PREFIX_PATH=/opt/ros/galactic /usr/bin/cmake /home/sentry/Wolf-Moon/src/livox_ros_driver2-master -DCMAKE_INSTALL_PREFIX=/home/sentry/Wolf-Moon/install/livox_ros_driver2
[5.086s] DEBUG:colcon.colcon_core.event_handler.log_command:Invoking command in '/home/sentry/Wolf-Moon/build/livox_ros_driver2': CMAKE_PREFIX_PATH=/opt/ros/galactic /usr/bin/cmake --build /home/sentry/Wolf-Moon/build/livox_ros_driver2 -- -j12 -l12
[6.114s] DEBUG:colcon.colcon_core.event_handler.log_command:Invoked command in '/home/sentry/Wolf-Moon/build/SharedMemoryVideo' returned '0': /usr/bin/cmake --build /home/sentry/Wolf-Moon/build/SharedMemoryVideo -- -j12 -l12
[6.114s] WARNING:colcon.colcon_cmake.task.cmake.build:Could not run installation step for package 'SharedMemoryVideo' because it has no 'install' target
[6.115s] Level 1:colcon.colcon_core.environment:create_environment_scripts_only(SharedMemoryVideo)
[6.115s] Level 1:colcon.colcon_core.environment:checking '/home/sentry/Wolf-Moon/install/SharedMemoryVideo' for CMake module files
[6.115s] Level 1:colcon.colcon_core.environment:checking '/home/sentry/Wolf-Moon/install/SharedMemoryVideo' for CMake config files
[6.116s] Level 1:colcon.colcon_core.environment:checking '/home/sentry/Wolf-Moon/install/SharedMemoryVideo/bin'
[6.116s] Level 1:colcon.colcon_core.environment:checking '/home/sentry/Wolf-Moon/install/SharedMemoryVideo/lib/pkgconfig/SharedMemoryVideo.pc'
[6.116s] Level 1:colcon.colcon_core.environment:checking '/home/sentry/Wolf-Moon/install/SharedMemoryVideo/lib/python3.8/site-packages'
[6.116s] Level 1:colcon.colcon_core.environment:checking '/home/sentry/Wolf-Moon/install/SharedMemoryVideo/bin'
[6.117s] INFO:colcon.colcon_core.shell:Creating package script '/home/sentry/Wolf-Moon/install/SharedMemoryVideo/share/SharedMemoryVideo/package.ps1'
[6.117s] INFO:colcon.colcon_core.shell:Creating package descriptor '/home/sentry/Wolf-Moon/install/SharedMemoryVideo/share/SharedMemoryVideo/package.dsv'
[6.118s] INFO:colcon.colcon_core.shell:Creating package script '/home/sentry/Wolf-Moon/install/SharedMemoryVideo/share/SharedMemoryVideo/package.sh'
[6.118s] INFO:colcon.colcon_core.shell:Creating package script '/home/sentry/Wolf-Moon/install/SharedMemoryVideo/share/SharedMemoryVideo/package.bash'
[6.118s] INFO:colcon.colcon_core.shell:Creating package script '/home/sentry/Wolf-Moon/install/SharedMemoryVideo/share/SharedMemoryVideo/package.zsh'
[6.119s] Level 1:colcon.colcon_core.environment:create_file_with_runtime_dependencies(/home/sentry/Wolf-Moon/install/SharedMemoryVideo/share/colcon-core/packages/SharedMemoryVideo)
[12.921s] DEBUG:colcon.colcon_core.event_handler.log_command:Invoked command in '/home/sentry/Wolf-Moon/build/cv_bridge' returned '0': CMAKE_PREFIX_PATH=/opt/ros/galactic /usr/bin/cmake --build /home/sentry/Wolf-Moon/build/cv_bridge -- -j12 -l12
[12.925s] DEBUG:colcon.colcon_core.event_handler.log_command:Invoking command in '/home/sentry/Wolf-Moon/build/cv_bridge': CMAKE_PREFIX_PATH=/opt/ros/galactic /usr/bin/cmake --install /home/sentry/Wolf-Moon/build/cv_bridge
[12.965s] Level 1:colcon.colcon_core.environment:create_environment_scripts_only(cv_bridge)
[12.966s] Level 1:colcon.colcon_core.environment:checking '/home/sentry/Wolf-Moon/install/cv_bridge' for CMake module files
[12.966s] DEBUG:colcon.colcon_core.event_handler.log_command:Invoked command in '/home/sentry/Wolf-Moon/build/cv_bridge' returned '0': CMAKE_PREFIX_PATH=/opt/ros/galactic /usr/bin/cmake --install /home/sentry/Wolf-Moon/build/cv_bridge
[12.967s] Level 1:colcon.colcon_core.environment:checking '/home/sentry/Wolf-Moon/install/cv_bridge' for CMake config files
[12.967s] Level 1:colcon.colcon_core.shell:create_environment_hook('cv_bridge', 'cmake_prefix_path')
[12.968s] INFO:colcon.colcon_core.shell:Creating environment hook '/home/sentry/Wolf-Moon/install/cv_bridge/share/cv_bridge/hook/cmake_prefix_path.ps1'
[12.969s] INFO:colcon.colcon_core.shell:Creating environment descriptor '/home/sentry/Wolf-Moon/install/cv_bridge/share/cv_bridge/hook/cmake_prefix_path.dsv'
[12.969s] INFO:colcon.colcon_core.shell:Creating environment hook '/home/sentry/Wolf-Moon/install/cv_bridge/share/cv_bridge/hook/cmake_prefix_path.sh'
[12.970s] Level 1:colcon.colcon_core.environment:checking '/home/sentry/Wolf-Moon/install/cv_bridge/lib'
[12.970s] Level 1:colcon.colcon_core.shell:create_environment_hook('cv_bridge', 'ld_library_path_lib')
[12.975s] INFO:colcon.colcon_core.shell:Creating environment hook '/home/sentry/Wolf-Moon/install/cv_bridge/share/cv_bridge/hook/ld_library_path_lib.ps1'
[12.975s] INFO:colcon.colcon_core.shell:Creating environment descriptor '/home/sentry/Wolf-Moon/install/cv_bridge/share/cv_bridge/hook/ld_library_path_lib.dsv'
[12.976s] INFO:colcon.colcon_core.shell:Creating environment hook '/home/sentry/Wolf-Moon/install/cv_bridge/share/cv_bridge/hook/ld_library_path_lib.sh'
[12.976s] Level 1:colcon.colcon_core.environment:checking '/home/sentry/Wolf-Moon/install/cv_bridge/bin'
[12.976s] Level 1:colcon.colcon_core.environment:checking '/home/sentry/Wolf-Moon/install/cv_bridge/lib/pkgconfig/cv_bridge.pc'
[12.977s] Level 1:colcon.colcon_core.environment:checking '/home/sentry/Wolf-Moon/install/cv_bridge/lib/python3.8/site-packages'
[12.977s] Level 1:colcon.colcon_core.shell:create_environment_hook('cv_bridge', 'pythonpath')
[12.977s] INFO:colcon.colcon_core.shell:Creating environment hook '/home/sentry/Wolf-Moon/install/cv_bridge/share/cv_bridge/hook/pythonpath.ps1'
[12.977s] INFO:colcon.colcon_core.shell:Creating environment descriptor '/home/sentry/Wolf-Moon/install/cv_bridge/share/cv_bridge/hook/pythonpath.dsv'
[12.978s] INFO:colcon.colcon_core.shell:Creating environment hook '/home/sentry/Wolf-Moon/install/cv_bridge/share/cv_bridge/hook/pythonpath.sh'
[12.979s] Level 1:colcon.colcon_core.environment:checking '/home/sentry/Wolf-Moon/install/cv_bridge/bin'
[12.979s] INFO:colcon.colcon_core.shell:Creating package script '/home/sentry/Wolf-Moon/install/cv_bridge/share/cv_bridge/package.ps1'
[12.980s] INFO:colcon.colcon_core.shell:Creating package descriptor '/home/sentry/Wolf-Moon/install/cv_bridge/share/cv_bridge/package.dsv'
[12.981s] INFO:colcon.colcon_core.shell:Creating package script '/home/sentry/Wolf-Moon/install/cv_bridge/share/cv_bridge/package.sh'
[12.981s] INFO:colcon.colcon_core.shell:Creating package script '/home/sentry/Wolf-Moon/install/cv_bridge/share/cv_bridge/package.bash'
[12.982s] INFO:colcon.colcon_core.shell:Creating package script '/home/sentry/Wolf-Moon/install/cv_bridge/share/cv_bridge/package.zsh'
[12.982s] Level 1:colcon.colcon_core.environment:create_file_with_runtime_dependencies(/home/sentry/Wolf-Moon/install/cv_bridge/share/colcon-core/packages/cv_bridge)
[12.983s] Level 1:colcon.colcon_core.environment:create_environment_scripts_only(cv_bridge)
[12.984s] Level 1:colcon.colcon_core.environment:checking '/home/sentry/Wolf-Moon/install/cv_bridge' for CMake module files
[12.984s] Level 1:colcon.colcon_core.environment:checking '/home/sentry/Wolf-Moon/install/cv_bridge' for CMake config files
[12.985s] Level 1:colcon.colcon_core.shell:create_environment_hook('cv_bridge', 'cmake_prefix_path')
[12.985s] INFO:colcon.colcon_core.shell:Creating environment hook '/home/sentry/Wolf-Moon/install/cv_bridge/share/cv_bridge/hook/cmake_prefix_path.ps1'
[12.986s] INFO:colcon.colcon_core.shell:Creating environment descriptor '/home/sentry/Wolf-Moon/install/cv_bridge/share/cv_bridge/hook/cmake_prefix_path.dsv'
[12.986s] INFO:colcon.colcon_core.shell:Creating environment hook '/home/sentry/Wolf-Moon/install/cv_bridge/share/cv_bridge/hook/cmake_prefix_path.sh'
[12.987s] Level 1:colcon.colcon_core.environment:checking '/home/sentry/Wolf-Moon/install/cv_bridge/lib'
[12.987s] Level 1:colcon.colcon_core.shell:create_environment_hook('cv_bridge', 'ld_library_path_lib')
[12.987s] INFO:colcon.colcon_core.shell:Creating environment hook '/home/sentry/Wolf-Moon/install/cv_bridge/share/cv_bridge/hook/ld_library_path_lib.ps1'
[12.988s] INFO:colcon.colcon_core.shell:Creating environment descriptor '/home/sentry/Wolf-Moon/install/cv_bridge/share/cv_bridge/hook/ld_library_path_lib.dsv'
[12.988s] INFO:colcon.colcon_core.shell:Creating environment hook '/home/sentry/Wolf-Moon/install/cv_bridge/share/cv_bridge/hook/ld_library_path_lib.sh'
[12.989s] Level 1:colcon.colcon_core.environment:checking '/home/sentry/Wolf-Moon/install/cv_bridge/bin'
[12.989s] Level 1:colcon.colcon_core.environment:checking '/home/sentry/Wolf-Moon/install/cv_bridge/lib/pkgconfig/cv_bridge.pc'
[12.989s] Level 1:colcon.colcon_core.environment:checking '/home/sentry/Wolf-Moon/install/cv_bridge/lib/python3.8/site-packages'
[12.989s] Level 1:colcon.colcon_core.shell:create_environment_hook('cv_bridge', 'pythonpath')
[12.990s] INFO:colcon.colcon_core.shell:Creating environment hook '/home/sentry/Wolf-Moon/install/cv_bridge/share/cv_bridge/hook/pythonpath.ps1'
[12.990s] INFO:colcon.colcon_core.shell:Creating environment descriptor '/home/sentry/Wolf-Moon/install/cv_bridge/share/cv_bridge/hook/pythonpath.dsv'
[12.991s] INFO:colcon.colcon_core.shell:Creating environment hook '/home/sentry/Wolf-Moon/install/cv_bridge/share/cv_bridge/hook/pythonpath.sh'
[12.991s] Level 1:colcon.colcon_core.environment:checking '/home/sentry/Wolf-Moon/install/cv_bridge/bin'
[12.992s] INFO:colcon.colcon_core.shell:Creating package script '/home/sentry/Wolf-Moon/install/cv_bridge/share/cv_bridge/package.ps1'
[12.993s] INFO:colcon.colcon_core.shell:Creating package descriptor '/home/sentry/Wolf-Moon/install/cv_bridge/share/cv_bridge/package.dsv'
[12.994s] INFO:colcon.colcon_core.shell:Creating package script '/home/sentry/Wolf-Moon/install/cv_bridge/share/cv_bridge/package.sh'
[12.994s] INFO:colcon.colcon_core.shell:Creating package script '/home/sentry/Wolf-Moon/install/cv_bridge/share/cv_bridge/package.bash'
[12.995s] INFO:colcon.colcon_core.shell:Creating package script '/home/sentry/Wolf-Moon/install/cv_bridge/share/cv_bridge/package.zsh'
[12.995s] Level 1:colcon.colcon_core.environment:create_file_with_runtime_dependencies(/home/sentry/Wolf-Moon/install/cv_bridge/share/colcon-core/packages/cv_bridge)
[16.303s] DEBUG:colcon.colcon_core.event_handler.log_command:Invoked command in '/home/sentry/Wolf-Moon/build/livox_ros_driver2' returned '0': CMAKE_PREFIX_PATH=/opt/ros/galactic /usr/bin/cmake --build /home/sentry/Wolf-Moon/build/livox_ros_driver2 -- -j12 -l12
[16.306s] DEBUG:colcon.colcon_core.event_handler.log_command:Invoking command in '/home/sentry/Wolf-Moon/build/livox_ros_driver2': CMAKE_PREFIX_PATH=/opt/ros/galactic /usr/bin/cmake --install /home/sentry/Wolf-Moon/build/livox_ros_driver2
[16.353s] Level 1:colcon.colcon_core.environment:create_environment_scripts_only(livox_ros_driver2)
[16.354s] Level 1:colcon.colcon_core.environment:checking '/home/sentry/Wolf-Moon/install/livox_ros_driver2' for CMake module files
[16.355s] Level 1:colcon.colcon_core.environment:checking '/home/sentry/Wolf-Moon/install/livox_ros_driver2' for CMake config files
[16.357s] DEBUG:colcon.colcon_core.event_handler.log_command:Invoked command in '/home/sentry/Wolf-Moon/build/livox_ros_driver2' returned '0': CMAKE_PREFIX_PATH=/opt/ros/galactic /usr/bin/cmake --install /home/sentry/Wolf-Moon/build/livox_ros_driver2
[16.358s] Level 1:colcon.colcon_core.shell:create_environment_hook('livox_ros_driver2', 'cmake_prefix_path')
[16.358s] INFO:colcon.colcon_core.shell:Creating environment hook '/home/sentry/Wolf-Moon/install/livox_ros_driver2/share/livox_ros_driver2/hook/cmake_prefix_path.ps1'
[16.358s] INFO:colcon.colcon_core.shell:Creating environment descriptor '/home/sentry/Wolf-Moon/install/livox_ros_driver2/share/livox_ros_driver2/hook/cmake_prefix_path.dsv'
[16.359s] INFO:colcon.colcon_core.shell:Creating environment hook '/home/sentry/Wolf-Moon/install/livox_ros_driver2/share/livox_ros_driver2/hook/cmake_prefix_path.sh'
[16.360s] Level 1:colcon.colcon_core.environment:checking '/home/sentry/Wolf-Moon/install/livox_ros_driver2/lib'
[16.360s] Level 1:colcon.colcon_core.shell:create_environment_hook('livox_ros_driver2', 'ld_library_path_lib')
[16.360s] INFO:colcon.colcon_core.shell:Creating environment hook '/home/sentry/Wolf-Moon/install/livox_ros_driver2/share/livox_ros_driver2/hook/ld_library_path_lib.ps1'
[16.360s] INFO:colcon.colcon_core.shell:Creating environment descriptor '/home/sentry/Wolf-Moon/install/livox_ros_driver2/share/livox_ros_driver2/hook/ld_library_path_lib.dsv'
[16.360s] INFO:colcon.colcon_core.shell:Creating environment hook '/home/sentry/Wolf-Moon/install/livox_ros_driver2/share/livox_ros_driver2/hook/ld_library_path_lib.sh'
[16.361s] Level 1:colcon.colcon_core.environment:checking '/home/sentry/Wolf-Moon/install/livox_ros_driver2/bin'
[16.361s] Level 1:colcon.colcon_core.environment:checking '/home/sentry/Wolf-Moon/install/livox_ros_driver2/lib/pkgconfig/livox_ros_driver2.pc'
[16.361s] Level 1:colcon.colcon_core.environment:checking '/home/sentry/Wolf-Moon/install/livox_ros_driver2/lib/python3.8/site-packages'
[16.361s] Level 1:colcon.colcon_core.shell:create_environment_hook('livox_ros_driver2', 'pythonpath')
[16.361s] INFO:colcon.colcon_core.shell:Creating environment hook '/home/sentry/Wolf-Moon/install/livox_ros_driver2/share/livox_ros_driver2/hook/pythonpath.ps1'
[16.361s] INFO:colcon.colcon_core.shell:Creating environment descriptor '/home/sentry/Wolf-Moon/install/livox_ros_driver2/share/livox_ros_driver2/hook/pythonpath.dsv'
[16.361s] INFO:colcon.colcon_core.shell:Creating environment hook '/home/sentry/Wolf-Moon/install/livox_ros_driver2/share/livox_ros_driver2/hook/pythonpath.sh'
[16.362s] Level 1:colcon.colcon_core.environment:checking '/home/sentry/Wolf-Moon/install/livox_ros_driver2/bin'
[16.362s] INFO:colcon.colcon_core.shell:Creating package script '/home/sentry/Wolf-Moon/install/livox_ros_driver2/share/livox_ros_driver2/package.ps1'
[16.362s] INFO:colcon.colcon_core.shell:Creating package descriptor '/home/sentry/Wolf-Moon/install/livox_ros_driver2/share/livox_ros_driver2/package.dsv'
[16.362s] INFO:colcon.colcon_core.shell:Creating package script '/home/sentry/Wolf-Moon/install/livox_ros_driver2/share/livox_ros_driver2/package.sh'
[16.363s] INFO:colcon.colcon_core.shell:Creating package script '/home/sentry/Wolf-Moon/install/livox_ros_driver2/share/livox_ros_driver2/package.bash'
[16.363s] INFO:colcon.colcon_core.shell:Creating package script '/home/sentry/Wolf-Moon/install/livox_ros_driver2/share/livox_ros_driver2/package.zsh'
[16.363s] Level 1:colcon.colcon_core.environment:create_file_with_runtime_dependencies(/home/sentry/Wolf-Moon/install/livox_ros_driver2/share/colcon-core/packages/livox_ros_driver2)
[16.363s] Level 1:colcon.colcon_core.environment:create_environment_scripts_only(livox_ros_driver2)
[16.363s] Level 1:colcon.colcon_core.environment:checking '/home/sentry/Wolf-Moon/install/livox_ros_driver2' for CMake module files
[16.364s] Level 1:colcon.colcon_core.environment:checking '/home/sentry/Wolf-Moon/install/livox_ros_driver2' for CMake config files
[16.364s] Level 1:colcon.colcon_core.shell:create_environment_hook('livox_ros_driver2', 'cmake_prefix_path')
[16.364s] INFO:colcon.colcon_core.shell:Creating environment hook '/home/sentry/Wolf-Moon/install/livox_ros_driver2/share/livox_ros_driver2/hook/cmake_prefix_path.ps1'
[16.364s] INFO:colcon.colcon_core.shell:Creating environment descriptor '/home/sentry/Wolf-Moon/install/livox_ros_driver2/share/livox_ros_driver2/hook/cmake_prefix_path.dsv'
[16.364s] INFO:colcon.colcon_core.shell:Creating environment hook '/home/sentry/Wolf-Moon/install/livox_ros_driver2/share/livox_ros_driver2/hook/cmake_prefix_path.sh'
[16.365s] Level 1:colcon.colcon_core.environment:checking '/home/sentry/Wolf-Moon/install/livox_ros_driver2/lib'
[16.365s] Level 1:colcon.colcon_core.shell:create_environment_hook('livox_ros_driver2', 'ld_library_path_lib')
[16.365s] INFO:colcon.colcon_core.shell:Creating environment hook '/home/sentry/Wolf-Moon/install/livox_ros_driver2/share/livox_ros_driver2/hook/ld_library_path_lib.ps1'
[16.365s] INFO:colcon.colcon_core.shell:Creating environment descriptor '/home/sentry/Wolf-Moon/install/livox_ros_driver2/share/livox_ros_driver2/hook/ld_library_path_lib.dsv'
[16.365s] INFO:colcon.colcon_core.shell:Creating environment hook '/home/sentry/Wolf-Moon/install/livox_ros_driver2/share/livox_ros_driver2/hook/ld_library_path_lib.sh'
[16.365s] Level 1:colcon.colcon_core.environment:checking '/home/sentry/Wolf-Moon/install/livox_ros_driver2/bin'
[16.365s] Level 1:colcon.colcon_core.environment:checking '/home/sentry/Wolf-Moon/install/livox_ros_driver2/lib/pkgconfig/livox_ros_driver2.pc'
[16.366s] Level 1:colcon.colcon_core.environment:checking '/home/sentry/Wolf-Moon/install/livox_ros_driver2/lib/python3.8/site-packages'
[16.366s] Level 1:colcon.colcon_core.shell:create_environment_hook('livox_ros_driver2', 'pythonpath')
[16.366s] INFO:colcon.colcon_core.shell:Creating environment hook '/home/sentry/Wolf-Moon/install/livox_ros_driver2/share/livox_ros_driver2/hook/pythonpath.ps1'
[16.366s] INFO:colcon.colcon_core.shell:Creating environment descriptor '/home/sentry/Wolf-Moon/install/livox_ros_driver2/share/livox_ros_driver2/hook/pythonpath.dsv'
[16.367s] INFO:colcon.colcon_core.shell:Creating environment hook '/home/sentry/Wolf-Moon/install/livox_ros_driver2/share/livox_ros_driver2/hook/pythonpath.sh'
[16.367s] Level 1:colcon.colcon_core.environment:checking '/home/sentry/Wolf-Moon/install/livox_ros_driver2/bin'
[16.367s] INFO:colcon.colcon_core.shell:Creating package script '/home/sentry/Wolf-Moon/install/livox_ros_driver2/share/livox_ros_driver2/package.ps1'
[16.367s] INFO:colcon.colcon_core.shell:Creating package descriptor '/home/sentry/Wolf-Moon/install/livox_ros_driver2/share/livox_ros_driver2/package.dsv'
[16.368s] INFO:colcon.colcon_core.shell:Creating package script '/home/sentry/Wolf-Moon/install/livox_ros_driver2/share/livox_ros_driver2/package.sh'
[16.368s] INFO:colcon.colcon_core.shell:Creating package script '/home/sentry/Wolf-Moon/install/livox_ros_driver2/share/livox_ros_driver2/package.bash'
[16.368s] INFO:colcon.colcon_core.shell:Creating package script '/home/sentry/Wolf-Moon/install/livox_ros_driver2/share/livox_ros_driver2/package.zsh'
[16.368s] Level 1:colcon.colcon_core.environment:create_file_with_runtime_dependencies(/home/sentry/Wolf-Moon/install/livox_ros_driver2/share/colcon-core/packages/livox_ros_driver2)
[16.369s] DEBUG:colcon.colcon_parallel_executor.executor.parallel:closing loop
[16.369s] DEBUG:colcon.colcon_parallel_executor.executor.parallel:loop closed
[16.369s] DEBUG:colcon.colcon_parallel_executor.executor.parallel:run_until_complete finished with '0'
[16.369s] DEBUG:colcon.colcon_core.event_reactor:joining thread
[16.378s] INFO:colcon.colcon_core.plugin_system:Skipping extension 'colcon_notification.desktop_notification.terminal_notifier': Not used on non-Darwin systems
[16.378s] INFO:colcon.colcon_core.plugin_system:Skipping extension 'colcon_notification.desktop_notification.win32': Not used on non-Windows systems
[16.378s] INFO:colcon.colcon_notification.desktop_notification:Sending desktop notification using 'notify2'
[16.394s] DEBUG:colcon.colcon_core.event_reactor:joined thread
[16.395s] INFO:colcon.colcon_core.shell:Creating prefix script '/home/sentry/Wolf-Moon/install/local_setup.ps1'
[16.396s] INFO:colcon.colcon_core.shell:Creating prefix util module '/home/sentry/Wolf-Moon/install/_local_setup_util_ps1.py'
[16.398s] INFO:colcon.colcon_core.shell:Creating prefix chain script '/home/sentry/Wolf-Moon/install/setup.ps1'
[16.399s] INFO:colcon.colcon_core.shell:Creating prefix script '/home/sentry/Wolf-Moon/install/local_setup.sh'
[16.400s] INFO:colcon.colcon_core.shell:Creating prefix util module '/home/sentry/Wolf-Moon/install/_local_setup_util_sh.py'
[16.400s] INFO:colcon.colcon_core.shell:Creating prefix chain script '/home/sentry/Wolf-Moon/install/setup.sh'
[16.401s] INFO:colcon.colcon_core.shell:Creating prefix script '/home/sentry/Wolf-Moon/install/local_setup.bash'
[16.402s] INFO:colcon.colcon_core.shell:Creating prefix chain script '/home/sentry/Wolf-Moon/install/setup.bash'
[16.403s] INFO:colcon.colcon_core.shell:Creating prefix script '/home/sentry/Wolf-Moon/install/local_setup.zsh'
[16.404s] INFO:colcon.colcon_core.shell:Creating prefix chain script '/home/sentry/Wolf-Moon/install/setup.zsh'
