[0.035s] Invoking command in '/home/sentry/Wolf-Moon/build/sentry_decision_v2': AMENT_PREFIX_PATH=/home/sentry/Wolf-Moon/install/nav2_lifecycle_manager:/home/sentry/Wolf-Moon/install/nav2_behavior_tree:/home/sentry/Wolf-Moon/install/nav2_util:/home/sentry/Wolf-Moon/install/nav2_msgs:/home/sentry/Wolf-Moon/install/nav2_common:/home/sentry/Wolf-Moon/install/auto_aim_interfaces:${AMENT_PREFIX_PATH} CMAKE_PREFIX_PATH=/home/sentry/Wolf-Moon/install/nav2_lifecycle_manager:/home/sentry/Wolf-Moon/install/nav2_behavior_tree:/home/sentry/Wolf-Moon/install/nav2_util:/home/sentry/Wolf-Moon/install/nav2_msgs:/home/sentry/Wolf-Moon/install/nav2_common:/home/sentry/Wolf-Moon/install/auto_aim_interfaces:/opt/ros/galactic LD_LIBRARY_PATH=/home/sentry/Wolf-Moon/install/nav2_lifecycle_manager/lib:/home/sentry/Wolf-Moon/install/nav2_behavior_tree/lib:/home/sentry/Wolf-Moon/install/nav2_util/lib:/home/sentry/Wolf-Moon/install/nav2_msgs/lib:/home/sentry/Wolf-Moon/install/auto_aim_interfaces/lib:/opt/MVS/lib/64:/opt/MVS/lib/32:/home/sentry/TUP2024-Sentry-Framework/src/IG_LIO_SLAM/ThirdParty/octomap-Dynamic_point_cloud_removal/lib:/opt/intel/openvino_2022/tools/compile_tool:/opt/intel/openvino_2022/runtime/3rdparty/hddl/lib:/opt/intel/openvino_2022/runtime/lib/intel64:/opt/MVS/lib/64:/opt/MVS/lib/32:/usr/lib/x86_64-linux-gnu/gazebo-11/plugins:/opt/ros/galactic/opt/yaml_cpp_vendor/lib:/opt/ros/galactic/opt/rviz_ogre_vendor/lib:/opt/ros/galactic/lib/x86_64-linux-gnu:/opt/ros/galactic/lib:/home/sentry/TUP2024-Sentry-Framework/src/IG_LIO_SLAM/ThirdParty/octomap-Dynamic_point_cloud_removal/lib:/opt/intel/openvino_2022/tools/compile_tool:/opt/intel/openvino_2022/runtime/3rdparty/hddl/lib:/opt/intel/openvino_2022/runtime/lib/intel64:/opt/MVS/lib/64:/opt/MVS/lib/32:/opt/MVS/lib/64:/opt/MVS/lib/32:/usr/local/opencv4/lib:/usr/local/opencv4/lib PYTHONPATH=/home/sentry/Wolf-Moon/install/nav2_msgs/lib/python3.8/site-packages:/home/sentry/Wolf-Moon/install/nav2_common/lib/python3.8/site-packages:/home/sentry/Wolf-Moon/install/auto_aim_interfaces/lib/python3.8/site-packages:/opt/intel/openvino_2022/python/python3.8:/opt/intel/openvino_2022/python/python3:/opt/ros/galactic/lib/python3.8/site-packages:/opt/intel/openvino_2022/python/python3.8:/opt/intel/openvino_2022/python/python3 /usr/bin/cmake --build /home/sentry/Wolf-Moon/build/sentry_decision_v2 -- -j12 -l12
[0.060s] -- Found ament_cmake: 1.1.6 (/opt/ros/galactic/share/ament_cmake/cmake)
[0.087s] -- Using PYTHON_EXECUTABLE: /usr/bin/python3
[0.149s] -- Found rclcpp: 9.2.2 (/opt/ros/galactic/share/rclcpp/cmake)
[0.175s] -- Using all available rosidl_typesupport_c: rosidl_typesupport_fastrtps_c;rosidl_typesupport_introspection_c
[0.177s] -- Found rosidl_adapter: 2.2.3 (/opt/ros/galactic/share/rosidl_adapter/cmake)
[0.262s] -- Using all available rosidl_typesupport_cpp: rosidl_typesupport_fastrtps_cpp;rosidl_typesupport_introspection_cpp
[0.297s] -- Found rmw_implementation_cmake: 3.3.1 (/opt/ros/galactic/share/rmw_implementation_cmake/cmake)
[0.298s] -- Found rmw_cyclonedds_cpp: 0.22.6 (/opt/ros/galactic/share/rmw_cyclonedds_cpp/cmake)
[0.310s] -- Using RMW implementation 'rmw_cyclonedds_cpp' as default
[0.409s] -- Found nav2_util: 1.0.12 (/home/sentry/Wolf-Moon/install/nav2_util/share/nav2_util/cmake)
[0.909s] -- Found eigen3_cmake_module: 0.1.1 (/opt/ros/galactic/share/eigen3_cmake_module/cmake)
[1.032s] -- Found nav2_lifecycle_manager: 1.0.12 (/home/sentry/Wolf-Moon/install/nav2_lifecycle_manager/share/nav2_lifecycle_manager/cmake)
[1.267s] -- Found nav2_behavior_tree: 1.0.12 (/home/sentry/Wolf-Moon/install/nav2_behavior_tree/share/nav2_behavior_tree/cmake)
[1.549s] -- Found robot_state_publisher: 2.5.3 (/opt/ros/galactic/share/robot_state_publisher/cmake)
[1.590s] -- Found rosidl_default_generators: 1.1.1 (/opt/ros/galactic/share/rosidl_default_generators/cmake)
[1.596s] -- Found auto_aim_interfaces: 0.0.0 (/home/sentry/Wolf-Moon/install/auto_aim_interfaces/share/auto_aim_interfaces/cmake)
[1.682s] -- Found visualization_msgs: 2.2.4 (/opt/ros/galactic/share/visualization_msgs/cmake)
[3.550s] -- Found ament_lint_auto: 0.10.7 (/opt/ros/galactic/share/ament_lint_auto/cmake)
[3.602s] -- Added test 'copyright' to check source files copyright and LICENSE
[3.602s] -- Added test 'cppcheck' to perform static code analysis on C / C++ code
[3.603s] -- Configured cppcheck include dirs: $<BUILD_INTERFACE:/home/sentry/Wolf-Moon/src/sentry_decision_v2/include>
[3.603s] -- Configured cppcheck exclude dirs and/or files: 
[3.603s] -- Added test 'cpplint' to check C / C++ code against the Google style
[3.603s] -- Configured cpplint exclude dirs and/or files: 
[3.603s] -- Added test 'flake8' to check Python code syntax and style conventions
[3.604s] -- Added test 'lint_cmake' to check CMake code style
[3.604s] -- Added test 'pep257' to check Python code against some of the style conventions in PEP 257
[3.605s] -- Added test 'uncrustify' to check C / C++ code style
[3.605s] -- Configured uncrustify additional arguments: 
[3.605s] -- Added test 'xmllint' to check XML markup files
[3.607s] -- Configuring done
[3.638s] -- Generating done
[3.653s] -- Build files have been written to: /home/sentry/Wolf-Moon/build/sentry_decision_v2
[3.681s] [35m[1mScanning dependencies of target decision_node[0m
[3.704s] make[2]: Warning: File '/home/sentry/Wolf-Moon/src/sentry_decision_v2/src/decision_node.cpp' has modification time 177221 s in the future
[3.721s] [ 66%] [32mBuilding CXX object CMakeFiles/decision_node.dir/src/Json/jsoncpp.cpp.o[0m
[3.721s] [ 66%] [32mBuilding CXX object CMakeFiles/decision_node.dir/src/decision_node.cpp.o[0m
[19.626s] [100%] [32m[1mLinking CXX executable decision_node[0m
[19.874s] make[2]: warning:  Clock skew detected.  Your build may be incomplete.
[19.880s] [100%] Built target decision_node
[19.888s] Invoked command in '/home/sentry/Wolf-Moon/build/sentry_decision_v2' returned '0': AMENT_PREFIX_PATH=/home/sentry/Wolf-Moon/install/nav2_lifecycle_manager:/home/sentry/Wolf-Moon/install/nav2_behavior_tree:/home/sentry/Wolf-Moon/install/nav2_util:/home/sentry/Wolf-Moon/install/nav2_msgs:/home/sentry/Wolf-Moon/install/nav2_common:/home/sentry/Wolf-Moon/install/auto_aim_interfaces:${AMENT_PREFIX_PATH} CMAKE_PREFIX_PATH=/home/sentry/Wolf-Moon/install/nav2_lifecycle_manager:/home/sentry/Wolf-Moon/install/nav2_behavior_tree:/home/sentry/Wolf-Moon/install/nav2_util:/home/sentry/Wolf-Moon/install/nav2_msgs:/home/sentry/Wolf-Moon/install/nav2_common:/home/sentry/Wolf-Moon/install/auto_aim_interfaces:/opt/ros/galactic LD_LIBRARY_PATH=/home/sentry/Wolf-Moon/install/nav2_lifecycle_manager/lib:/home/sentry/Wolf-Moon/install/nav2_behavior_tree/lib:/home/sentry/Wolf-Moon/install/nav2_util/lib:/home/sentry/Wolf-Moon/install/nav2_msgs/lib:/home/sentry/Wolf-Moon/install/auto_aim_interfaces/lib:/opt/MVS/lib/64:/opt/MVS/lib/32:/home/sentry/TUP2024-Sentry-Framework/src/IG_LIO_SLAM/ThirdParty/octomap-Dynamic_point_cloud_removal/lib:/opt/intel/openvino_2022/tools/compile_tool:/opt/intel/openvino_2022/runtime/3rdparty/hddl/lib:/opt/intel/openvino_2022/runtime/lib/intel64:/opt/MVS/lib/64:/opt/MVS/lib/32:/usr/lib/x86_64-linux-gnu/gazebo-11/plugins:/opt/ros/galactic/opt/yaml_cpp_vendor/lib:/opt/ros/galactic/opt/rviz_ogre_vendor/lib:/opt/ros/galactic/lib/x86_64-linux-gnu:/opt/ros/galactic/lib:/home/sentry/TUP2024-Sentry-Framework/src/IG_LIO_SLAM/ThirdParty/octomap-Dynamic_point_cloud_removal/lib:/opt/intel/openvino_2022/tools/compile_tool:/opt/intel/openvino_2022/runtime/3rdparty/hddl/lib:/opt/intel/openvino_2022/runtime/lib/intel64:/opt/MVS/lib/64:/opt/MVS/lib/32:/opt/MVS/lib/64:/opt/MVS/lib/32:/usr/local/opencv4/lib:/usr/local/opencv4/lib PYTHONPATH=/home/sentry/Wolf-Moon/install/nav2_msgs/lib/python3.8/site-packages:/home/sentry/Wolf-Moon/install/nav2_common/lib/python3.8/site-packages:/home/sentry/Wolf-Moon/install/auto_aim_interfaces/lib/python3.8/site-packages:/opt/intel/openvino_2022/python/python3.8:/opt/intel/openvino_2022/python/python3:/opt/ros/galactic/lib/python3.8/site-packages:/opt/intel/openvino_2022/python/python3.8:/opt/intel/openvino_2022/python/python3 /usr/bin/cmake --build /home/sentry/Wolf-Moon/build/sentry_decision_v2 -- -j12 -l12
[19.890s] Invoking command in '/home/sentry/Wolf-Moon/build/sentry_decision_v2': AMENT_PREFIX_PATH=/home/sentry/Wolf-Moon/install/nav2_lifecycle_manager:/home/sentry/Wolf-Moon/install/nav2_behavior_tree:/home/sentry/Wolf-Moon/install/nav2_util:/home/sentry/Wolf-Moon/install/nav2_msgs:/home/sentry/Wolf-Moon/install/nav2_common:/home/sentry/Wolf-Moon/install/auto_aim_interfaces:${AMENT_PREFIX_PATH} CMAKE_PREFIX_PATH=/home/sentry/Wolf-Moon/install/nav2_lifecycle_manager:/home/sentry/Wolf-Moon/install/nav2_behavior_tree:/home/sentry/Wolf-Moon/install/nav2_util:/home/sentry/Wolf-Moon/install/nav2_msgs:/home/sentry/Wolf-Moon/install/nav2_common:/home/sentry/Wolf-Moon/install/auto_aim_interfaces:/opt/ros/galactic LD_LIBRARY_PATH=/home/sentry/Wolf-Moon/install/nav2_lifecycle_manager/lib:/home/sentry/Wolf-Moon/install/nav2_behavior_tree/lib:/home/sentry/Wolf-Moon/install/nav2_util/lib:/home/sentry/Wolf-Moon/install/nav2_msgs/lib:/home/sentry/Wolf-Moon/install/auto_aim_interfaces/lib:/opt/MVS/lib/64:/opt/MVS/lib/32:/home/sentry/TUP2024-Sentry-Framework/src/IG_LIO_SLAM/ThirdParty/octomap-Dynamic_point_cloud_removal/lib:/opt/intel/openvino_2022/tools/compile_tool:/opt/intel/openvino_2022/runtime/3rdparty/hddl/lib:/opt/intel/openvino_2022/runtime/lib/intel64:/opt/MVS/lib/64:/opt/MVS/lib/32:/usr/lib/x86_64-linux-gnu/gazebo-11/plugins:/opt/ros/galactic/opt/yaml_cpp_vendor/lib:/opt/ros/galactic/opt/rviz_ogre_vendor/lib:/opt/ros/galactic/lib/x86_64-linux-gnu:/opt/ros/galactic/lib:/home/sentry/TUP2024-Sentry-Framework/src/IG_LIO_SLAM/ThirdParty/octomap-Dynamic_point_cloud_removal/lib:/opt/intel/openvino_2022/tools/compile_tool:/opt/intel/openvino_2022/runtime/3rdparty/hddl/lib:/opt/intel/openvino_2022/runtime/lib/intel64:/opt/MVS/lib/64:/opt/MVS/lib/32:/opt/MVS/lib/64:/opt/MVS/lib/32:/usr/local/opencv4/lib:/usr/local/opencv4/lib PYTHONPATH=/home/sentry/Wolf-Moon/install/nav2_msgs/lib/python3.8/site-packages:/home/sentry/Wolf-Moon/install/nav2_common/lib/python3.8/site-packages:/home/sentry/Wolf-Moon/install/auto_aim_interfaces/lib/python3.8/site-packages:/opt/intel/openvino_2022/python/python3.8:/opt/intel/openvino_2022/python/python3:/opt/ros/galactic/lib/python3.8/site-packages:/opt/intel/openvino_2022/python/python3.8:/opt/intel/openvino_2022/python/python3 /usr/bin/cmake --install /home/sentry/Wolf-Moon/build/sentry_decision_v2
[19.897s] -- Install configuration: "Release"
[19.897s] -- Installing: /home/sentry/Wolf-Moon/install/sentry_decision_v2/lib/sentry_decision_v2/decision_node
[19.898s] -- Set runtime path of "/home/sentry/Wolf-Moon/install/sentry_decision_v2/lib/sentry_decision_v2/decision_node" to ""
[19.898s] -- Up-to-date: /home/sentry/Wolf-Moon/install/sentry_decision_v2/share/sentry_decision_v2/launch
[19.898s] -- Up-to-date: /home/sentry/Wolf-Moon/install/sentry_decision_v2/share/sentry_decision_v2/launch/launch.py
[19.898s] -- Up-to-date: /home/sentry/Wolf-Moon/install/sentry_decision_v2/share/sentry_decision_v2/JsonFiles
[19.899s] -- Up-to-date: /home/sentry/Wolf-Moon/install/sentry_decision_v2/share/sentry_decision_v2/JsonFiles/rmuc_decisions_test2.json
[19.899s] -- Up-to-date: /home/sentry/Wolf-Moon/install/sentry_decision_v2/share/sentry_decision_v2/JsonFiles/rmuc_decisions_test.json
[19.899s] -- Up-to-date: /home/sentry/Wolf-Moon/install/sentry_decision_v2/share/sentry_decision_v2/JsonFiles/rmuc_waypoints.json
[19.899s] -- Up-to-date: /home/sentry/Wolf-Moon/install/sentry_decision_v2/share/sentry_decision_v2/JsonFiles/rmuc_decisions_test3.json
[19.899s] -- Up-to-date: /home/sentry/Wolf-Moon/install/sentry_decision_v2/share/sentry_decision_v2/JsonFiles/default_decisions_2.json
[19.899s] -- Up-to-date: /home/sentry/Wolf-Moon/install/sentry_decision_v2/share/sentry_decision_v2/JsonFiles/default_waypoints.json
[19.899s] -- Up-to-date: /home/sentry/Wolf-Moon/install/sentry_decision_v2/share/sentry_decision_v2/JsonFiles/default_waypoints_2.json
[19.899s] -- Up-to-date: /home/sentry/Wolf-Moon/install/sentry_decision_v2/share/sentry_decision_v2/JsonFiles/default_decisions.json
[19.899s] -- Up-to-date: /home/sentry/Wolf-Moon/install/sentry_decision_v2/share/sentry_decision_v2/config
[19.899s] -- Up-to-date: /home/sentry/Wolf-Moon/install/sentry_decision_v2/share/sentry_decision_v2/config/parameters.yaml
[19.899s] -- Up-to-date: /home/sentry/Wolf-Moon/install/sentry_decision_v2/share/ament_index/resource_index/package_run_dependencies/sentry_decision_v2
[19.899s] -- Up-to-date: /home/sentry/Wolf-Moon/install/sentry_decision_v2/share/ament_index/resource_index/parent_prefix_path/sentry_decision_v2
[19.899s] -- Up-to-date: /home/sentry/Wolf-Moon/install/sentry_decision_v2/share/sentry_decision_v2/environment/ament_prefix_path.sh
[19.899s] -- Installing: /home/sentry/Wolf-Moon/install/sentry_decision_v2/share/sentry_decision_v2/environment/ament_prefix_path.dsv
[19.899s] -- Up-to-date: /home/sentry/Wolf-Moon/install/sentry_decision_v2/share/sentry_decision_v2/environment/path.sh
[19.899s] -- Installing: /home/sentry/Wolf-Moon/install/sentry_decision_v2/share/sentry_decision_v2/environment/path.dsv
[19.899s] -- Up-to-date: /home/sentry/Wolf-Moon/install/sentry_decision_v2/share/sentry_decision_v2/local_setup.bash
[19.899s] -- Up-to-date: /home/sentry/Wolf-Moon/install/sentry_decision_v2/share/sentry_decision_v2/local_setup.sh
[19.899s] -- Up-to-date: /home/sentry/Wolf-Moon/install/sentry_decision_v2/share/sentry_decision_v2/local_setup.zsh
[19.899s] -- Installing: /home/sentry/Wolf-Moon/install/sentry_decision_v2/share/sentry_decision_v2/local_setup.dsv
[19.900s] -- Installing: /home/sentry/Wolf-Moon/install/sentry_decision_v2/share/sentry_decision_v2/package.dsv
[19.900s] -- Up-to-date: /home/sentry/Wolf-Moon/install/sentry_decision_v2/share/ament_index/resource_index/packages/sentry_decision_v2
[19.900s] -- Up-to-date: /home/sentry/Wolf-Moon/install/sentry_decision_v2/share/sentry_decision_v2/cmake/sentry_decision_v2Config.cmake
[19.900s] -- Up-to-date: /home/sentry/Wolf-Moon/install/sentry_decision_v2/share/sentry_decision_v2/cmake/sentry_decision_v2Config-version.cmake
[19.900s] -- Up-to-date: /home/sentry/Wolf-Moon/install/sentry_decision_v2/share/sentry_decision_v2/package.xml
[19.901s] Invoked command in '/home/sentry/Wolf-Moon/build/sentry_decision_v2' returned '0': AMENT_PREFIX_PATH=/home/sentry/Wolf-Moon/install/nav2_lifecycle_manager:/home/sentry/Wolf-Moon/install/nav2_behavior_tree:/home/sentry/Wolf-Moon/install/nav2_util:/home/sentry/Wolf-Moon/install/nav2_msgs:/home/sentry/Wolf-Moon/install/nav2_common:/home/sentry/Wolf-Moon/install/auto_aim_interfaces:${AMENT_PREFIX_PATH} CMAKE_PREFIX_PATH=/home/sentry/Wolf-Moon/install/nav2_lifecycle_manager:/home/sentry/Wolf-Moon/install/nav2_behavior_tree:/home/sentry/Wolf-Moon/install/nav2_util:/home/sentry/Wolf-Moon/install/nav2_msgs:/home/sentry/Wolf-Moon/install/nav2_common:/home/sentry/Wolf-Moon/install/auto_aim_interfaces:/opt/ros/galactic LD_LIBRARY_PATH=/home/sentry/Wolf-Moon/install/nav2_lifecycle_manager/lib:/home/sentry/Wolf-Moon/install/nav2_behavior_tree/lib:/home/sentry/Wolf-Moon/install/nav2_util/lib:/home/sentry/Wolf-Moon/install/nav2_msgs/lib:/home/sentry/Wolf-Moon/install/auto_aim_interfaces/lib:/opt/MVS/lib/64:/opt/MVS/lib/32:/home/sentry/TUP2024-Sentry-Framework/src/IG_LIO_SLAM/ThirdParty/octomap-Dynamic_point_cloud_removal/lib:/opt/intel/openvino_2022/tools/compile_tool:/opt/intel/openvino_2022/runtime/3rdparty/hddl/lib:/opt/intel/openvino_2022/runtime/lib/intel64:/opt/MVS/lib/64:/opt/MVS/lib/32:/usr/lib/x86_64-linux-gnu/gazebo-11/plugins:/opt/ros/galactic/opt/yaml_cpp_vendor/lib:/opt/ros/galactic/opt/rviz_ogre_vendor/lib:/opt/ros/galactic/lib/x86_64-linux-gnu:/opt/ros/galactic/lib:/home/sentry/TUP2024-Sentry-Framework/src/IG_LIO_SLAM/ThirdParty/octomap-Dynamic_point_cloud_removal/lib:/opt/intel/openvino_2022/tools/compile_tool:/opt/intel/openvino_2022/runtime/3rdparty/hddl/lib:/opt/intel/openvino_2022/runtime/lib/intel64:/opt/MVS/lib/64:/opt/MVS/lib/32:/opt/MVS/lib/64:/opt/MVS/lib/32:/usr/local/opencv4/lib:/usr/local/opencv4/lib PYTHONPATH=/home/sentry/Wolf-Moon/install/nav2_msgs/lib/python3.8/site-packages:/home/sentry/Wolf-Moon/install/nav2_common/lib/python3.8/site-packages:/home/sentry/Wolf-Moon/install/auto_aim_interfaces/lib/python3.8/site-packages:/opt/intel/openvino_2022/python/python3.8:/opt/intel/openvino_2022/python/python3:/opt/ros/galactic/lib/python3.8/site-packages:/opt/intel/openvino_2022/python/python3.8:/opt/intel/openvino_2022/python/python3 /usr/bin/cmake --install /home/sentry/Wolf-Moon/build/sentry_decision_v2
