[0.058s] Invoking command in '/home/sentry/Wolf-Moon/build/navigation_planning': CMAKE_PREFIX_PATH=/home/sentry/Wolf-Moon/install/nav2_costmap_2d:/home/sentry/Wolf-Moon/install/nav2_map_server:/home/sentry/Wolf-Moon/install/nav2_lifecycle_manager:/home/sentry/Wolf-Moon/install/grid_map_ros:/home/sentry/Wolf-Moon/install/nav2_util:/home/sentry/Wolf-Moon/install/grid_map_cv:/home/sentry/Wolf-Moon/install/nav2_voxel_grid:/home/sentry/Wolf-Moon/install/nav2_msgs:/home/sentry/Wolf-Moon/install/grid_map_msgs:/home/sentry/Wolf-Moon/install/grid_map_core:/home/sentry/Wolf-Moon/install/nav2_common:/home/sentry/Wolf-Moon/install/grid_map_cmake_helpers:/home/sentry/Wolf-Moon/install/cv_bridge:/home/sentry/Wolf-Moon/install/sentry_decision_v2:/home/sentry/Wolf-Moon/install/octomap_dynamic_map:/home/sentry/Wolf-Moon/install/navigation_planning:/home/sentry/Wolf-Moon/install/grid_map:/home/sentry/Wolf-Moon/install/grid_map_costmap_2d:/home/sentry/Wolf-Moon/install/nav2_behavior_tree:/home/sentry/Wolf-Moon/install/grid_map_demos:/home/sentry/Wolf-Moon/install/grid_map_visualization:/home/sentry/Wolf-Moon/install/grid_map_rviz_plugin:/home/sentry/Wolf-Moon/install/grid_map_pcl:/home/sentry/Wolf-Moon/install/grid_map_loader:/home/sentry/Wolf-Moon/install/grid_map_filters:/home/sentry/Wolf-Moon/install/livox_ros_driver2:/home/sentry/Wolf-Moon/install/ig_lio_c_msgs:/home/sentry/Wolf-Moon/install/ig_lio_c:/home/sentry/Wolf-Moon/install/grid_map_sdf:/home/sentry/Wolf-Moon/install/grid_map_octomap:/home/sentry/Wolf-Moon/install/auto_aim_interfaces:/home/sentry/Wolf-Moon/install/fake_msg_publisher:/opt/ros/galactic LD_LIBRARY_PATH=/home/sentry/Wolf-Moon/install/nav2_costmap_2d/lib:/home/sentry/Wolf-Moon/install/nav2_map_server/lib:/home/sentry/Wolf-Moon/install/nav2_lifecycle_manager/lib:/home/sentry/Wolf-Moon/install/grid_map_ros/lib:/home/sentry/Wolf-Moon/install/nav2_util/lib:/home/sentry/Wolf-Moon/install/grid_map_cv/lib:/home/sentry/Wolf-Moon/install/nav2_voxel_grid/lib:/home/sentry/Wolf-Moon/install/nav2_msgs/lib:/home/sentry/Wolf-Moon/install/grid_map_msgs/lib:/home/sentry/Wolf-Moon/install/cv_bridge/lib:/home/sentry/Wolf-Moon/install/octomap_dynamic_map/lib:/home/sentry/Wolf-Moon/install/nav2_behavior_tree/lib:/home/sentry/Wolf-Moon/install/grid_map_demos/lib:/home/sentry/Wolf-Moon/install/grid_map_visualization/lib:/home/sentry/Wolf-Moon/install/grid_map_rviz_plugin/lib:/home/sentry/Wolf-Moon/install/grid_map_pcl/lib:/home/sentry/Wolf-Moon/install/grid_map_loader/lib:/home/sentry/Wolf-Moon/install/grid_map_filters/lib:/home/sentry/Wolf-Moon/install/livox_ros_driver2/lib:/home/sentry/Wolf-Moon/install/ig_lio_c_msgs/lib:/home/sentry/Wolf-Moon/install/grid_map_sdf/lib:/home/sentry/Wolf-Moon/install/grid_map_octomap/lib:/home/sentry/Wolf-Moon/install/grid_map_core/lib:/home/sentry/Wolf-Moon/install/auto_aim_interfaces/lib:/opt/MVS/lib/64:/opt/MVS/lib/32:/home/sentry/TUP2024-Sentry-Framework/src/IG_LIO_SLAM/ThirdParty/octomap-Dynamic_point_cloud_removal/lib:/opt/intel/openvino_2022/tools/compile_tool:/opt/intel/openvino_2022/runtime/3rdparty/hddl/lib:/opt/intel/openvino_2022/runtime/lib/intel64:/opt/MVS/lib/64:/opt/MVS/lib/32:/usr/lib/x86_64-linux-gnu/gazebo-11/plugins:/opt/ros/galactic/opt/yaml_cpp_vendor/lib:/opt/ros/galactic/opt/rviz_ogre_vendor/lib:/opt/ros/galactic/lib/x86_64-linux-gnu:/opt/ros/galactic/lib:/home/sentry/TUP2024-Sentry-Framework/src/IG_LIO_SLAM/ThirdParty/octomap-Dynamic_point_cloud_removal/lib:/opt/intel/openvino_2022/tools/compile_tool:/opt/intel/openvino_2022/runtime/3rdparty/hddl/lib:/opt/intel/openvino_2022/runtime/lib/intel64:/opt/MVS/lib/64:/opt/MVS/lib/32:/opt/MVS/lib/64:/opt/MVS/lib/32:/usr/local/opencv4/lib:/usr/local/opencv4/lib PYTHONPATH=/home/sentry/Wolf-Moon/install/nav2_msgs/lib/python3.8/site-packages:/home/sentry/Wolf-Moon/install/grid_map_msgs/lib/python3.8/site-packages:/home/sentry/Wolf-Moon/install/nav2_common/lib/python3.8/site-packages:/home/sentry/Wolf-Moon/install/cv_bridge/lib/python3.8/site-packages:/home/sentry/Wolf-Moon/install/livox_ros_driver2/lib/python3.8/site-packages:/home/sentry/Wolf-Moon/install/ig_lio_c_msgs/lib/python3.8/site-packages:/home/sentry/Wolf-Moon/install/fake_msg_publisher/lib/python3.8/site-packages:/home/sentry/Wolf-Moon/install/auto_aim_interfaces/lib/python3.8/site-packages:/opt/intel/openvino_2022/python/python3.8:/opt/intel/openvino_2022/python/python3:/opt/ros/galactic/lib/python3.8/site-packages:/opt/intel/openvino_2022/python/python3.8:/opt/intel/openvino_2022/python/python3 /usr/bin/cmake --build /home/sentry/Wolf-Moon/build/navigation_planning -- -j12 -l12
[0.153s] [35m[1mScanning dependencies of target way_planner_node[0m
[0.257s] [ 50%] [32mBuilding CXX object CMakeFiles/way_planner_node.dir/src/way_planner_node.cpp.o[0m
[4.866s] [01m[K/home/sentry/Wolf-Moon/src/navigation_planning/src/way_planner_node.cpp:[m[K In member function ‘[01m[Kbool navigation::MapData::loadMapFromFile()[m[K’:
[4.866s] [01m[K/home/sentry/Wolf-Moon/src/navigation_planning/src/way_planner_node.cpp:81:36:[m[K [01;35m[Kwarning: [m[Kcomparison of integer expressions of different signedness: ‘[01m[Kunsigned int[m[K’ and ‘[01m[Kint[m[K’ [[01;35m[K-Wsign-compare[m[K]
[4.866s]    81 |         for (unsigned int y = 0; [01;35m[Ky < map_image.rows[m[K; ++y)
[4.866s]       |                                  [01;35m[K~~^~~~~~~~~~~~~~~~[m[K
[4.866s] [01m[K/home/sentry/Wolf-Moon/src/navigation_planning/src/way_planner_node.cpp:83:40:[m[K [01;35m[Kwarning: [m[Kcomparison of integer expressions of different signedness: ‘[01m[Kunsigned int[m[K’ and ‘[01m[Kint[m[K’ [[01;35m[K-Wsign-compare[m[K]
[4.866s]    83 |             for (unsigned int x = 0; [01;35m[Kx < map_image.cols[m[K; ++x)
[4.867s]       |                                      [01;35m[K~~^~~~~~~~~~~~~~~~[m[K
[4.911s] [01m[K/home/sentry/Wolf-Moon/src/navigation_planning/src/way_planner_node.cpp:[m[K In member function ‘[01m[Krclcpp_action::GoalResponse navigation::WayPlannerNode::handleGoal(const GoalUUID&, std::shared_ptr<const nav2_msgs::action::NavigateToPose_Goal_<std::allocator<void> > >)[m[K’:
[4.911s] [01m[K/home/sentry/Wolf-Moon/src/navigation_planning/src/way_planner_node.cpp:180:91:[m[K [01;35m[Kwarning: [m[Kunused parameter ‘[01m[Kuuid[m[K’ [[01;35m[K-Wunused-parameter[m[K]
[4.911s]   180 |     rclcpp_action::GoalResponse WayPlannerNode::handleGoal([01;35m[Kconst rclcpp_action::GoalUUID &uuid[m[K,
[4.911s]       |                                                            [01;35m[K~~~~~~~~~~~~~~~~~~~~~~~~~~~~~~~^~~~[m[K
[4.911s] [01m[K/home/sentry/Wolf-Moon/src/navigation_planning/src/way_planner_node.cpp:[m[K In member function ‘[01m[Kbool navigation::WayPlannerNode::isGoalValid(const PoseStamped&)[m[K’:
[4.912s] [01m[K/home/sentry/Wolf-Moon/src/navigation_planning/src/way_planner_node.cpp:196:77:[m[K [01;35m[Kwarning: [m[Kunused parameter ‘[01m[Kpose[m[K’ [[01;35m[K-Wunused-parameter[m[K]
[4.912s]   196 |     bool WayPlannerNode::isGoalValid([01;35m[Kconst geometry_msgs::msg::PoseStamped &pose[m[K)
[4.912s]       |                                      [01;35m[K~~~~~~~~~~~~~~~~~~~~~~~~~~~~~~~~~~~~~~~^~~~[m[K
[4.912s] [01m[K/home/sentry/Wolf-Moon/src/navigation_planning/src/way_planner_node.cpp:[m[K In member function ‘[01m[Krclcpp_action::CancelResponse navigation::WayPlannerNode::handleCancel(std::shared_ptr<rclcpp_action::ServerGoalHandle<nav2_msgs::action::NavigateToPose> >)[m[K’:
[4.912s] [01m[K/home/sentry/Wolf-Moon/src/navigation_planning/src/way_planner_node.cpp:201:154:[m[K [01;35m[Kwarning: [m[Kunused parameter ‘[01m[Kgoal_handle[m[K’ [[01;35m[K-Wunused-parameter[m[K]
[4.912s]   201 | ction::CancelResponse WayPlannerNode::handleCancel([01;35m[Kconst std::shared_ptr<rclcpp_action::ServerGoalHandle<nav2_msgs::action::NavigateToPose>> goal_handle[m[K)
[4.912s]       |                                                    [01;35m[K~~~~~~~~~~~~~~~~~~~~~~~~~~~~~~~~~~~~~~~~~~~~~~~~~~~~~~~~~~~~~~~~~~~~~~~~~~~~~~~~~~~~~~~~~~^~~~~~~~~~~[m[K
[4.912s] 
[4.915s] [01m[K/home/sentry/Wolf-Moon/src/navigation_planning/src/way_planner_node.cpp:[m[K In member function ‘[01m[Kvoid navigation::WayPlannerNode::run()[m[K’:
[4.915s] [01m[K/home/sentry/Wolf-Moon/src/navigation_planning/src/way_planner_node.cpp:228:29:[m[K [01;31m[Kerror: [m[Kexpected ‘[01m[K;[m[K’ before ‘[01m[KtransformStamped[m[K’
[4.915s]   228 |                 tf_listener_
[4.915s]       |                             [01;31m[K^[m[K
[4.915s]       |                             [32m[K;[m[K
[4.916s]   229 |                     [32m[KtransformStamped[m[K = tf_buffer_->lookupTransform(
[4.916s]       |                     [32m[K~~~~~~~~~~~~~~~~[m[K
[4.916s] [01m[K/home/sentry/Wolf-Moon/src/navigation_planning/src/way_planner_node.cpp:228:17:[m[K [01;35m[Kwarning: [m[Kstatement has no effect [[01;35m[K-Wunused-value[m[K]
[4.916s]   228 |                 [01;35m[Ktf_listener_[m[K
[4.916s]       |                 [01;35m[K^~~~~~~~~~~~[m[K
[4.918s] [01m[K/home/sentry/Wolf-Moon/src/navigation_planning/src/way_planner_node.cpp:233:37:[m[K [01;31m[Kerror: [m[K‘[01m[Ktransform[m[K’ was not declared in this scope
[4.918s]   233 |                     start_pos.x() = [01;31m[Ktransform[m[K.transform.translation.x;
[4.918s]       |                                     [01;31m[K^~~~~~~~~[m[K
[4.918s] [01m[K/home/sentry/Wolf-Moon/src/navigation_planning/src/way_planner_node.cpp:233:37:[m[K [01;36m[Knote: [m[Ksuggested alternatives:
[4.918s] In file included from [01m[K/usr/include/c++/9/algorithm:71[m[K,
[4.918s]                  from [01m[K/opt/ros/galactic/include/rclcpp/executor.hpp:18[m[K,
[4.919s]                  from [01m[K/opt/ros/galactic/include/rclcpp/executors/multi_threaded_executor.hpp:26[m[K,
[4.919s]                  from [01m[K/opt/ros/galactic/include/rclcpp/executors.hpp:21[m[K,
[4.919s]                  from [01m[K/opt/ros/galactic/include/rclcpp/rclcpp.hpp:156[m[K,
[4.919s]                  from [01m[K/home/sentry/Wolf-Moon/src/navigation_planning/src/../include/way_planner_node.hpp:1[m[K,
[4.919s]                  from [01m[K/home/sentry/Wolf-Moon/src/navigation_planning/src/way_planner_node.cpp:1[m[K:
[4.919s] [01m[K/usr/include/c++/9/pstl/glue_algorithm_defs.h:162:1:[m[K [01;36m[Knote: [m[K  ‘[01m[Kstd::transform[m[K’
[4.919s]   162 | [01;36m[Ktransform[m[K(_ExecutionPolicy&& __exec, _ForwardIterator1 __first1, _ForwardIterator1 __last1, _ForwardIterator2 __first2,
[4.919s]       | [01;36m[K^~~~~~~~~[m[K
[4.919s] In file included from [01m[K/usr/local/opencv4/include/opencv4/opencv2/core/core.hpp:48[m[K,
[4.919s]                  from [01m[K/home/sentry/Wolf-Moon/install/cv_bridge/include/cv_bridge/cv_bridge.h:43[m[K,
[4.919s]                  from [01m[K/home/sentry/Wolf-Moon/install/grid_map_ros/include/grid_map_ros/GridMapRosConverter.hpp:26[m[K,
[4.920s]                  from [01m[K/home/sentry/Wolf-Moon/install/grid_map_ros/include/grid_map_ros/grid_map_ros.hpp:14[m[K,
[4.920s]                  from [01m[K/home/sentry/Wolf-Moon/src/navigation_planning/src/../include/way_planner_node.hpp:15[m[K,
[4.920s]                  from [01m[K/home/sentry/Wolf-Moon/src/navigation_planning/src/way_planner_node.cpp:1[m[K:
[4.920s] [01m[K/usr/local/opencv4/include/opencv4/opencv2/core.hpp:1776:19:[m[K [01;36m[Knote: [m[K  ‘[01m[Kcv::transform[m[K’
[4.920s]  1776 | CV_EXPORTS_W void [01;36m[Ktransform[m[K(InputArray src, OutputArray dst, InputArray m );
[4.920s]       |                   [01;36m[K^~~~~~~~~[m[K
[9.206s] make[2]: *** [CMakeFiles/way_planner_node.dir/build.make:63: CMakeFiles/way_planner_node.dir/src/way_planner_node.cpp.o] Error 1
[9.207s] make[1]: *** [CMakeFiles/Makefile2:78: CMakeFiles/way_planner_node.dir/all] Error 2
[9.207s] make: *** [Makefile:141: all] Error 2
[9.209s] Invoked command in '/home/sentry/Wolf-Moon/build/navigation_planning' returned '2': CMAKE_PREFIX_PATH=/home/sentry/Wolf-Moon/install/nav2_costmap_2d:/home/sentry/Wolf-Moon/install/nav2_map_server:/home/sentry/Wolf-Moon/install/nav2_lifecycle_manager:/home/sentry/Wolf-Moon/install/grid_map_ros:/home/sentry/Wolf-Moon/install/nav2_util:/home/sentry/Wolf-Moon/install/grid_map_cv:/home/sentry/Wolf-Moon/install/nav2_voxel_grid:/home/sentry/Wolf-Moon/install/nav2_msgs:/home/sentry/Wolf-Moon/install/grid_map_msgs:/home/sentry/Wolf-Moon/install/grid_map_core:/home/sentry/Wolf-Moon/install/nav2_common:/home/sentry/Wolf-Moon/install/grid_map_cmake_helpers:/home/sentry/Wolf-Moon/install/cv_bridge:/home/sentry/Wolf-Moon/install/sentry_decision_v2:/home/sentry/Wolf-Moon/install/octomap_dynamic_map:/home/sentry/Wolf-Moon/install/navigation_planning:/home/sentry/Wolf-Moon/install/grid_map:/home/sentry/Wolf-Moon/install/grid_map_costmap_2d:/home/sentry/Wolf-Moon/install/nav2_behavior_tree:/home/sentry/Wolf-Moon/install/grid_map_demos:/home/sentry/Wolf-Moon/install/grid_map_visualization:/home/sentry/Wolf-Moon/install/grid_map_rviz_plugin:/home/sentry/Wolf-Moon/install/grid_map_pcl:/home/sentry/Wolf-Moon/install/grid_map_loader:/home/sentry/Wolf-Moon/install/grid_map_filters:/home/sentry/Wolf-Moon/install/livox_ros_driver2:/home/sentry/Wolf-Moon/install/ig_lio_c_msgs:/home/sentry/Wolf-Moon/install/ig_lio_c:/home/sentry/Wolf-Moon/install/grid_map_sdf:/home/sentry/Wolf-Moon/install/grid_map_octomap:/home/sentry/Wolf-Moon/install/auto_aim_interfaces:/home/sentry/Wolf-Moon/install/fake_msg_publisher:/opt/ros/galactic LD_LIBRARY_PATH=/home/sentry/Wolf-Moon/install/nav2_costmap_2d/lib:/home/sentry/Wolf-Moon/install/nav2_map_server/lib:/home/sentry/Wolf-Moon/install/nav2_lifecycle_manager/lib:/home/sentry/Wolf-Moon/install/grid_map_ros/lib:/home/sentry/Wolf-Moon/install/nav2_util/lib:/home/sentry/Wolf-Moon/install/grid_map_cv/lib:/home/sentry/Wolf-Moon/install/nav2_voxel_grid/lib:/home/sentry/Wolf-Moon/install/nav2_msgs/lib:/home/sentry/Wolf-Moon/install/grid_map_msgs/lib:/home/sentry/Wolf-Moon/install/cv_bridge/lib:/home/sentry/Wolf-Moon/install/octomap_dynamic_map/lib:/home/sentry/Wolf-Moon/install/nav2_behavior_tree/lib:/home/sentry/Wolf-Moon/install/grid_map_demos/lib:/home/sentry/Wolf-Moon/install/grid_map_visualization/lib:/home/sentry/Wolf-Moon/install/grid_map_rviz_plugin/lib:/home/sentry/Wolf-Moon/install/grid_map_pcl/lib:/home/sentry/Wolf-Moon/install/grid_map_loader/lib:/home/sentry/Wolf-Moon/install/grid_map_filters/lib:/home/sentry/Wolf-Moon/install/livox_ros_driver2/lib:/home/sentry/Wolf-Moon/install/ig_lio_c_msgs/lib:/home/sentry/Wolf-Moon/install/grid_map_sdf/lib:/home/sentry/Wolf-Moon/install/grid_map_octomap/lib:/home/sentry/Wolf-Moon/install/grid_map_core/lib:/home/sentry/Wolf-Moon/install/auto_aim_interfaces/lib:/opt/MVS/lib/64:/opt/MVS/lib/32:/home/sentry/TUP2024-Sentry-Framework/src/IG_LIO_SLAM/ThirdParty/octomap-Dynamic_point_cloud_removal/lib:/opt/intel/openvino_2022/tools/compile_tool:/opt/intel/openvino_2022/runtime/3rdparty/hddl/lib:/opt/intel/openvino_2022/runtime/lib/intel64:/opt/MVS/lib/64:/opt/MVS/lib/32:/usr/lib/x86_64-linux-gnu/gazebo-11/plugins:/opt/ros/galactic/opt/yaml_cpp_vendor/lib:/opt/ros/galactic/opt/rviz_ogre_vendor/lib:/opt/ros/galactic/lib/x86_64-linux-gnu:/opt/ros/galactic/lib:/home/sentry/TUP2024-Sentry-Framework/src/IG_LIO_SLAM/ThirdParty/octomap-Dynamic_point_cloud_removal/lib:/opt/intel/openvino_2022/tools/compile_tool:/opt/intel/openvino_2022/runtime/3rdparty/hddl/lib:/opt/intel/openvino_2022/runtime/lib/intel64:/opt/MVS/lib/64:/opt/MVS/lib/32:/opt/MVS/lib/64:/opt/MVS/lib/32:/usr/local/opencv4/lib:/usr/local/opencv4/lib PYTHONPATH=/home/sentry/Wolf-Moon/install/nav2_msgs/lib/python3.8/site-packages:/home/sentry/Wolf-Moon/install/grid_map_msgs/lib/python3.8/site-packages:/home/sentry/Wolf-Moon/install/nav2_common/lib/python3.8/site-packages:/home/sentry/Wolf-Moon/install/cv_bridge/lib/python3.8/site-packages:/home/sentry/Wolf-Moon/install/livox_ros_driver2/lib/python3.8/site-packages:/home/sentry/Wolf-Moon/install/ig_lio_c_msgs/lib/python3.8/site-packages:/home/sentry/Wolf-Moon/install/fake_msg_publisher/lib/python3.8/site-packages:/home/sentry/Wolf-Moon/install/auto_aim_interfaces/lib/python3.8/site-packages:/opt/intel/openvino_2022/python/python3.8:/opt/intel/openvino_2022/python/python3:/opt/ros/galactic/lib/python3.8/site-packages:/opt/intel/openvino_2022/python/python3.8:/opt/intel/openvino_2022/python/python3 /usr/bin/cmake --build /home/sentry/Wolf-Moon/build/navigation_planning -- -j12 -l12
