-- The C compiler identification is GNU 9.4.0
-- The CXX compiler identification is GNU 9.4.0
-- Check for working C compiler: /usr/bin/cc
-- Check for working C compiler: /usr/bin/cc -- works
-- Detecting C compiler ABI info
-- Detecting C compiler ABI info - done
-- Detecting C compile features
-- Detecting C compile features - done
-- Check for working CXX compiler: /usr/bin/c++
-- Check for working CXX compiler: /usr/bin/c++ -- works
-- Detecting CXX compiler ABI info
-- Detecting CXX compiler ABI info - done
-- Detecting CXX compile features
-- Detecting CXX compile features - done
-- Found ament_cmake: 1.1.6 (/opt/ros/galactic/share/ament_cmake/cmake)
-- Found PythonInterp: /usr/bin/python3 (found suitable version "3.8.10", minimum required is "3") 
-- Using PYTHON_EXECUTABLE: /usr/bin/python3
-- Found cv_bridge: 3.1.3 (/home/sentry/Wolf-Moon/install/cv_bridge/share/cv_bridge/cmake)
-- Using all available rosidl_typesupport_c: rosidl_typesupport_fastrtps_c;rosidl_typesupport_introspection_c
-- Found rosidl_adapter: 2.2.3 (/opt/ros/galactic/share/rosidl_adapter/cmake)
-- Found OpenSSL: /usr/lib/x86_64-linux-gnu/libcrypto.so (found version "1.1.1f")  
-- Found FastRTPS: /opt/ros/galactic/include  
-- Using all available rosidl_typesupport_cpp: rosidl_typesupport_fastrtps_cpp;rosidl_typesupport_introspection_cpp
-- Found filters: 2.1.0 (/opt/ros/galactic/share/filters/cmake)
-- Found grid_map_cmake_helpers: 2.0.0 (/home/sentry/Wolf-Moon/install/grid_map_cmake_helpers/share/grid_map_cmake_helpers/cmake)
-- Found grid_map_core: 2.0.0 (/home/sentry/Wolf-Moon/install/grid_map_core/share/grid_map_core/cmake)
-- Found grid_map_cv: 2.0.0 (/home/sentry/Wolf-Moon/install/grid_map_cv/share/grid_map_cv/cmake)
-- Found rmw_implementation_cmake: 3.3.1 (/opt/ros/galactic/share/rmw_implementation_cmake/cmake)
-- Found rmw_cyclonedds_cpp: 0.22.6 (/opt/ros/galactic/share/rmw_cyclonedds_cpp/cmake)
-- Using RMW implementation 'rmw_cyclonedds_cpp' as default
-- Looking for pthread.h
-- Looking for pthread.h - found
-- Performing Test CMAKE_HAVE_LIBC_PTHREAD
-- Performing Test CMAKE_HAVE_LIBC_PTHREAD - Failed
-- Looking for pthread_create in pthreads
-- Looking for pthread_create in pthreads - not found
-- Looking for pthread_create in pthread
-- Looking for pthread_create in pthread - found
-- Found Threads: TRUE  
-- Found grid_map_msgs: 2.0.0 (/home/sentry/Wolf-Moon/install/grid_map_msgs/share/grid_map_msgs/cmake)
-- Found grid_map_octomap: 2.0.0 (/home/sentry/Wolf-Moon/install/grid_map_octomap/share/grid_map_octomap/cmake)
-- Found grid_map_ros: 2.0.0 (/home/sentry/Wolf-Moon/install/grid_map_ros/share/grid_map_ros/cmake)
-- Found octomap_msgs: 2.0.0 (/opt/ros/galactic/share/octomap_msgs/cmake)
-- Found OpenCV: /usr/local/opencv4 (found version "4.6.0") found components: opencv_highgui 
-- Setting build type to Release as none was specified.
-- Found ament_lint_auto: 0.10.7 (/opt/ros/galactic/share/ament_lint_auto/cmake)
-- Added test 'cppcheck' to perform static code analysis on C / C++ code
-- Configured cppcheck include dirs: /home/sentry/Wolf-Moon/src/ThirdParty/grid_map/grid_map_demos/include
-- Configured cppcheck exclude dirs and/or files: 
-- Added test 'flake8' to check Python code syntax and style conventions
-- Added test 'lint_cmake' to check CMake code style
-- Added test 'pep257' to check Python code against some of the style conventions in PEP 257
-- Added test 'uncrustify' to check C / C++ code style
-- Configured uncrustify additional arguments: 
-- Added test 'xmllint' to check XML markup files
-- Configuring done
-- Generating done
-- Build files have been written to: /home/sentry/Wolf-Moon/build/grid_map_demos
