[0.067s] Invoking command in '/home/sentry/Wolf-Moon/build/grid_map_sdf': AMENT_PREFIX_PATH=/home/sentry/Wolf-Moon/install/grid_map_core:/home/sentry/Wolf-Moon/install/grid_map_cmake_helpers:${AMENT_PREFIX_PATH} CMAKE_PREFIX_PATH=/home/sentry/Wolf-Moon/install/grid_map_core:/home/sentry/Wolf-Moon/install/grid_map_cmake_helpers:/opt/ros/galactic LD_LIBRARY_PATH=/home/sentry/Wolf-Moon/install/grid_map_core/lib:${LD_LIBRARY_PATH} /usr/bin/cmake --build /home/sentry/Wolf-Moon/build/grid_map_sdf -- -j12 -l12
[0.191s] [ 22%] Built target grid_map_sdf
[0.193s] [ 44%] Built target gtest_main
[0.193s] [ 66%] Built target gtest
[0.222s] [100%] Built target grid_map_sdf-test
[0.311s] Invoked command in '/home/sentry/Wolf-Moon/build/grid_map_sdf' returned '0': AMENT_PREFIX_PATH=/home/sentry/Wolf-Moon/install/grid_map_core:/home/sentry/Wolf-Moon/install/grid_map_cmake_helpers:${AMENT_PREFIX_PATH} CMAKE_PREFIX_PATH=/home/sentry/Wolf-Moon/install/grid_map_core:/home/sentry/Wolf-Moon/install/grid_map_cmake_helpers:/opt/ros/galactic LD_LIBRARY_PATH=/home/sentry/Wolf-Moon/install/grid_map_core/lib:${LD_LIBRARY_PATH} /usr/bin/cmake --build /home/sentry/Wolf-Moon/build/grid_map_sdf -- -j12 -l12
[0.311s] Invoking command in '/home/sentry/Wolf-Moon/build/grid_map_sdf': AMENT_PREFIX_PATH=/home/sentry/Wolf-Moon/install/grid_map_core:/home/sentry/Wolf-Moon/install/grid_map_cmake_helpers:${AMENT_PREFIX_PATH} CMAKE_PREFIX_PATH=/home/sentry/Wolf-Moon/install/grid_map_core:/home/sentry/Wolf-Moon/install/grid_map_cmake_helpers:/opt/ros/galactic LD_LIBRARY_PATH=/home/sentry/Wolf-Moon/install/grid_map_core/lib:${LD_LIBRARY_PATH} /usr/bin/cmake --install /home/sentry/Wolf-Moon/build/grid_map_sdf
[0.341s] -- Install configuration: "Release"
[0.341s] -- Up-to-date: /home/sentry/Wolf-Moon/install/grid_map_sdf/lib/libgrid_map_sdf.a
[0.341s] -- Up-to-date: /home/sentry/Wolf-Moon/install/grid_map_sdf/include/grid_map_sdf
[0.341s] -- Up-to-date: /home/sentry/Wolf-Moon/install/grid_map_sdf/include/grid_map_sdf/SignedDistanceField.hpp
[0.341s] -- Up-to-date: /home/sentry/Wolf-Moon/install/grid_map_sdf/include/grid_map_sdf/distance_transform
[0.341s] -- Up-to-date: /home/sentry/Wolf-Moon/install/grid_map_sdf/include/grid_map_sdf/distance_transform/misc.hpp
[0.341s] -- Up-to-date: /home/sentry/Wolf-Moon/install/grid_map_sdf/include/grid_map_sdf/distance_transform/pnmfile.hpp
[0.341s] -- Up-to-date: /home/sentry/Wolf-Moon/install/grid_map_sdf/include/grid_map_sdf/distance_transform/dt.hpp
[0.341s] -- Up-to-date: /home/sentry/Wolf-Moon/install/grid_map_sdf/include/grid_map_sdf/distance_transform/imutil.hpp
[0.342s] -- Up-to-date: /home/sentry/Wolf-Moon/install/grid_map_sdf/include/grid_map_sdf/distance_transform/image.hpp
[0.342s] -- Up-to-date: /home/sentry/Wolf-Moon/install/grid_map_sdf/include/grid_map_sdf/distance_transform/imconv.hpp
[0.342s] -- Up-to-date: /home/sentry/Wolf-Moon/install/grid_map_sdf/share/grid_map_sdf/environment/library_path.sh
[0.342s] -- Up-to-date: /home/sentry/Wolf-Moon/install/grid_map_sdf/share/grid_map_sdf/environment/library_path.dsv
[0.342s] -- Up-to-date: /home/sentry/Wolf-Moon/install/grid_map_sdf/share/ament_index/resource_index/package_run_dependencies/grid_map_sdf
[0.342s] -- Up-to-date: /home/sentry/Wolf-Moon/install/grid_map_sdf/share/ament_index/resource_index/parent_prefix_path/grid_map_sdf
[0.342s] -- Up-to-date: /home/sentry/Wolf-Moon/install/grid_map_sdf/share/grid_map_sdf/environment/ament_prefix_path.sh
[0.342s] -- Up-to-date: /home/sentry/Wolf-Moon/install/grid_map_sdf/share/grid_map_sdf/environment/ament_prefix_path.dsv
[0.342s] -- Up-to-date: /home/sentry/Wolf-Moon/install/grid_map_sdf/share/grid_map_sdf/environment/path.sh
[0.342s] -- Up-to-date: /home/sentry/Wolf-Moon/install/grid_map_sdf/share/grid_map_sdf/environment/path.dsv
[0.342s] -- Up-to-date: /home/sentry/Wolf-Moon/install/grid_map_sdf/share/grid_map_sdf/local_setup.bash
[0.342s] -- Up-to-date: /home/sentry/Wolf-Moon/install/grid_map_sdf/share/grid_map_sdf/local_setup.sh
[0.342s] -- Up-to-date: /home/sentry/Wolf-Moon/install/grid_map_sdf/share/grid_map_sdf/local_setup.zsh
[0.342s] -- Up-to-date: /home/sentry/Wolf-Moon/install/grid_map_sdf/share/grid_map_sdf/local_setup.dsv
[0.342s] -- Installing: /home/sentry/Wolf-Moon/install/grid_map_sdf/share/grid_map_sdf/package.dsv
[0.342s] -- Up-to-date: /home/sentry/Wolf-Moon/install/grid_map_sdf/share/ament_index/resource_index/packages/grid_map_sdf
[0.342s] -- Up-to-date: /home/sentry/Wolf-Moon/install/grid_map_sdf/share/grid_map_sdf/cmake/ament_cmake_export_include_directories-extras.cmake
[0.342s] -- Up-to-date: /home/sentry/Wolf-Moon/install/grid_map_sdf/share/grid_map_sdf/cmake/ament_cmake_export_libraries-extras.cmake
[0.342s] -- Up-to-date: /home/sentry/Wolf-Moon/install/grid_map_sdf/share/grid_map_sdf/cmake/grid_map_sdfConfig.cmake
[0.342s] -- Up-to-date: /home/sentry/Wolf-Moon/install/grid_map_sdf/share/grid_map_sdf/cmake/grid_map_sdfConfig-version.cmake
[0.342s] -- Up-to-date: /home/sentry/Wolf-Moon/install/grid_map_sdf/share/grid_map_sdf/package.xml
[0.409s] Invoked command in '/home/sentry/Wolf-Moon/build/grid_map_sdf' returned '0': AMENT_PREFIX_PATH=/home/sentry/Wolf-Moon/install/grid_map_core:/home/sentry/Wolf-Moon/install/grid_map_cmake_helpers:${AMENT_PREFIX_PATH} CMAKE_PREFIX_PATH=/home/sentry/Wolf-Moon/install/grid_map_core:/home/sentry/Wolf-Moon/install/grid_map_cmake_helpers:/opt/ros/galactic LD_LIBRARY_PATH=/home/sentry/Wolf-Moon/install/grid_map_core/lib:${LD_LIBRARY_PATH} /usr/bin/cmake --install /home/sentry/Wolf-Moon/build/grid_map_sdf
