[ 22%] Built target gtest_main
[ 44%] Built target grid_map_octomap
[ 66%] Built target gtest
[100%] Built target grid_map_octomap-test
-- Install configuration: ""
-- Installing: /home/sentry/Wolf-Moon/install/grid_map_octomap/lib/libgrid_map_octomap.a
-- Installing: /home/sentry/Wolf-Moon/install/grid_map_octomap/include/grid_map_octomap
-- Installing: /home/sentry/Wolf-Moon/install/grid_map_octomap/include/grid_map_octomap/grid_map_octomap.hpp
-- Installing: /home/sentry/Wolf-Moon/install/grid_map_octomap/include/grid_map_octomap/GridMapOctomapConverter.hpp
-- Installing: /home/sentry/Wolf-Moon/install/grid_map_octomap/share/grid_map_octomap/environment/library_path.sh
-- Installing: /home/sentry/Wolf-Moon/install/grid_map_octomap/share/grid_map_octomap/environment/library_path.dsv
-- Installing: /home/sentry/Wolf-Moon/install/grid_map_octomap/share/ament_index/resource_index/package_run_dependencies/grid_map_octomap
-- Installing: /home/sentry/Wolf-Moon/install/grid_map_octomap/share/ament_index/resource_index/parent_prefix_path/grid_map_octomap
-- Installing: /home/sentry/Wolf-Moon/install/grid_map_octomap/share/grid_map_octomap/environment/ament_prefix_path.sh
-- Installing: /home/sentry/Wolf-Moon/install/grid_map_octomap/share/grid_map_octomap/environment/ament_prefix_path.dsv
-- Installing: /home/sentry/Wolf-Moon/install/grid_map_octomap/share/grid_map_octomap/environment/path.sh
-- Installing: /home/sentry/Wolf-Moon/install/grid_map_octomap/share/grid_map_octomap/environment/path.dsv
-- Installing: /home/sentry/Wolf-Moon/install/grid_map_octomap/share/grid_map_octomap/local_setup.bash
-- Installing: /home/sentry/Wolf-Moon/install/grid_map_octomap/share/grid_map_octomap/local_setup.sh
-- Installing: /home/sentry/Wolf-Moon/install/grid_map_octomap/share/grid_map_octomap/local_setup.zsh
-- Installing: /home/sentry/Wolf-Moon/install/grid_map_octomap/share/grid_map_octomap/local_setup.dsv
-- Installing: /home/sentry/Wolf-Moon/install/grid_map_octomap/share/grid_map_octomap/package.dsv
-- Installing: /home/sentry/Wolf-Moon/install/grid_map_octomap/share/ament_index/resource_index/packages/grid_map_octomap
-- Installing: /home/sentry/Wolf-Moon/install/grid_map_octomap/share/grid_map_octomap/cmake/ament_cmake_export_dependencies-extras.cmake
-- Installing: /home/sentry/Wolf-Moon/install/grid_map_octomap/share/grid_map_octomap/cmake/ament_cmake_export_include_directories-extras.cmake
-- Installing: /home/sentry/Wolf-Moon/install/grid_map_octomap/share/grid_map_octomap/cmake/ament_cmake_export_libraries-extras.cmake
-- Installing: /home/sentry/Wolf-Moon/install/grid_map_octomap/share/grid_map_octomap/cmake/grid_map_octomapConfig.cmake
-- Installing: /home/sentry/Wolf-Moon/install/grid_map_octomap/share/grid_map_octomap/cmake/grid_map_octomapConfig-version.cmake
-- Installing: /home/sentry/Wolf-Moon/install/grid_map_octomap/share/grid_map_octomap/package.xml
