-- Found ament_cmake: 1.1.6 (/opt/ros/galactic/share/ament_cmake/cmake)
-- Using PYTHON_EXECUTABLE: /usr/bin/python3
-- Found rclcpp: 9.2.2 (/opt/ros/galactic/share/rclcpp/cmake)
-- Using all available rosidl_typesupport_c: rosidl_typesupport_fastrtps_c;rosidl_typesupport_introspection_c
-- Found rosidl_adapter: 2.2.3 (/opt/ros/galactic/share/rosidl_adapter/cmake)
-- Using all available rosidl_typesupport_cpp: rosidl_typesupport_fastrtps_cpp;rosidl_typesupport_introspection_cpp
-- Found rmw_implementation_cmake: 3.3.1 (/opt/ros/galactic/share/rmw_implementation_cmake/cmake)
-- Found rmw_cyclonedds_cpp: 0.22.6 (/opt/ros/galactic/share/rmw_cyclonedds_cpp/cmake)
-- Using RMW implementation 'rmw_cyclonedds_cpp' as default
-- Found rclcpp_components: 9.2.2 (/opt/ros/galactic/share/rclcpp_components/cmake)
-- Found tf2: 0.17.5 (/opt/ros/galactic/share/tf2/cmake)
-- Found tf2_ros: 0.17.5 (/opt/ros/galactic/share/tf2_ros/cmake)
-- Found nav2_msgs: 1.0.12 (/home/sentry/Wolf-Moon/install/nav2_msgs/share/nav2_msgs/cmake)
-- Found nav2_costmap_2d: 1.0.12 (/home/sentry/Wolf-Moon/install/nav2_costmap_2d/share/nav2_costmap_2d/cmake)
-- Found Eigen3: TRUE (found version "3.3.7") 
-- Found OpenCV: /usr/local/opencv4 (found version "4.6.0") 
-- Found yaml_cpp_vendor: 7.1.1 (/opt/ros/galactic/share/yaml_cpp_vendor/cmake)
-- Found grid_map_msgs: 2.0.0 (/home/sentry/Wolf-Moon/install/grid_map_msgs/share/grid_map_msgs/cmake)
-- Found grid_map_core: 2.0.0 (/home/sentry/Wolf-Moon/install/grid_map_core/share/grid_map_core/cmake)
-- Found grid_map_ros: 2.0.0 (/home/sentry/Wolf-Moon/install/grid_map_ros/share/grid_map_ros/cmake)
-- Configuring done
-- Generating done
-- Build files have been written to: /home/sentry/Wolf-Moon/build/navigation_planning
-- Found ament_cmake: 1.1.6 (/opt/ros/galactic/share/ament_cmake/cmake)
-- Using PYTHON_EXECUTABLE: /usr/bin/python3
-- Found rclcpp: 9.2.2 (/opt/ros/galactic/share/rclcpp/cmake)
-- Using all available rosidl_typesupport_c: rosidl_typesupport_fastrtps_c;rosidl_typesupport_introspection_c
-- Found rosidl_adapter: 2.2.3 (/opt/ros/galactic/share/rosidl_adapter/cmake)
-- Using all available rosidl_typesupport_cpp: rosidl_typesupport_fastrtps_cpp;rosidl_typesupport_introspection_cpp
-- Found rmw_implementation_cmake: 3.3.1 (/opt/ros/galactic/share/rmw_implementation_cmake/cmake)
-- Found rmw_cyclonedds_cpp: 0.22.6 (/opt/ros/galactic/share/rmw_cyclonedds_cpp/cmake)
-- Using RMW implementation 'rmw_cyclonedds_cpp' as default
-- Found rclcpp_components: 9.2.2 (/opt/ros/galactic/share/rclcpp_components/cmake)
-- Found tf2: 0.17.5 (/opt/ros/galactic/share/tf2/cmake)
-- Found tf2_ros: 0.17.5 (/opt/ros/galactic/share/tf2_ros/cmake)
-- Found nav2_msgs: 1.0.12 (/home/sentry/Wolf-Moon/install/nav2_msgs/share/nav2_msgs/cmake)
-- Found nav2_costmap_2d: 1.0.12 (/home/sentry/Wolf-Moon/install/nav2_costmap_2d/share/nav2_costmap_2d/cmake)
-- Found yaml_cpp_vendor: 7.1.1 (/opt/ros/galactic/share/yaml_cpp_vendor/cmake)
-- Found grid_map_msgs: 2.0.0 (/home/sentry/Wolf-Moon/install/grid_map_msgs/share/grid_map_msgs/cmake)
-- Found grid_map_core: 2.0.0 (/home/sentry/Wolf-Moon/install/grid_map_core/share/grid_map_core/cmake)
-- Found grid_map_ros: 2.0.0 (/home/sentry/Wolf-Moon/install/grid_map_ros/share/grid_map_ros/cmake)
-- Configuring done
-- Generating done
-- Build files have been written to: /home/sentry/Wolf-Moon/build/navigation_planning
[35m[1mScanning dependencies of target way_planner_node[0m
make[2]: Warning: File '/home/sentry/Wolf-Moon/src/navigation_planning/src/way_planner_node.cpp' has modification time 755668 s in the future
[ 50%] [32mBuilding CXX object CMakeFiles/way_planner_node.dir/src/way_planner_node.cpp.o[0m
[01m[K/home/sentry/Wolf-Moon/src/navigation_planning/src/way_planner_node.cpp:[m[K In member function ‘[01m[Kbool navigation::MapData::loadMapFromFile()[m[K’:
[01m[K/home/sentry/Wolf-Moon/src/navigation_planning/src/way_planner_node.cpp:80:36:[m[K [01;35m[Kwarning: [m[Kcomparison of integer expressions of different signedness: ‘[01m[Kunsigned int[m[K’ and ‘[01m[Kint[m[K’ [[01;35m[K-Wsign-compare[m[K]
   80 |         for (unsigned int y = 0; [01;35m[Ky < map_image.rows[m[K; ++y)
      |                                  [01;35m[K~~^~~~~~~~~~~~~~~~[m[K
[01m[K/home/sentry/Wolf-Moon/src/navigation_planning/src/way_planner_node.cpp:82:40:[m[K [01;35m[Kwarning: [m[Kcomparison of integer expressions of different signedness: ‘[01m[Kunsigned int[m[K’ and ‘[01m[Kint[m[K’ [[01;35m[K-Wsign-compare[m[K]
   82 |             for (unsigned int x = 0; [01;35m[Kx < map_image.cols[m[K; ++x)
      |                                      [01;35m[K~~^~~~~~~~~~~~~~~~[m[K
[01m[K/home/sentry/Wolf-Moon/src/navigation_planning/src/way_planner_node.cpp:[m[K In member function ‘[01m[Krclcpp_action::GoalResponse navigation::WayPlannerNode::handleGoal(const GoalUUID&, std::shared_ptr<const nav2_msgs::action::NavigateToPose_Goal_<std::allocator<void> > >)[m[K’:
[01m[K/home/sentry/Wolf-Moon/src/navigation_planning/src/way_planner_node.cpp:170:91:[m[K [01;35m[Kwarning: [m[Kunused parameter ‘[01m[Kuuid[m[K’ [[01;35m[K-Wunused-parameter[m[K]
  170 |     rclcpp_action::GoalResponse WayPlannerNode::handleGoal([01;35m[Kconst rclcpp_action::GoalUUID &uuid[m[K,
      |                                                            [01;35m[K~~~~~~~~~~~~~~~~~~~~~~~~~~~~~~~^~~~[m[K
[01m[K/home/sentry/Wolf-Moon/src/navigation_planning/src/way_planner_node.cpp:[m[K In member function ‘[01m[Kbool navigation::WayPlannerNode::isGoalValid(const PoseStamped&)[m[K’:
[01m[K/home/sentry/Wolf-Moon/src/navigation_planning/src/way_planner_node.cpp:186:77:[m[K [01;35m[Kwarning: [m[Kunused parameter ‘[01m[Kpose[m[K’ [[01;35m[K-Wunused-parameter[m[K]
  186 |     bool WayPlannerNode::isGoalValid([01;35m[Kconst geometry_msgs::msg::PoseStamped &pose[m[K)
      |                                      [01;35m[K~~~~~~~~~~~~~~~~~~~~~~~~~~~~~~~~~~~~~~~^~~~[m[K
[01m[K/home/sentry/Wolf-Moon/src/navigation_planning/src/way_planner_node.cpp:[m[K In member function ‘[01m[Krclcpp_action::CancelResponse navigation::WayPlannerNode::handleCancel(std::shared_ptr<rclcpp_action::ServerGoalHandle<nav2_msgs::action::NavigateToPose> >)[m[K’:
[01m[K/home/sentry/Wolf-Moon/src/navigation_planning/src/way_planner_node.cpp:191:154:[m[K [01;35m[Kwarning: [m[Kunused parameter ‘[01m[Kgoal_handle[m[K’ [[01;35m[K-Wunused-parameter[m[K]
  191 | WayPlannerNode::handleCancel([01;35m[Kconst std::shared_ptr<rclcpp_action::ServerGoalHandle<nav2_msgs::action::NavigateToPose>> goal_handle[m[K)
      |                              [01;35m[K~~~~~~~~~~~~~~~~~~~~~~~~~~~~~~~~~~~~~~~~~~~~~~~~~~~~~~~~~~~~~~~~~~~~~~~~~~~~~~~~~~~~~~~~~~^~~~~~~~~~~[m[K

[100%] [32m[1mLinking CXX executable way_planner_node[0m
make[2]: warning:  Clock skew detected.  Your build may be incomplete.
[100%] Built target way_planner_node
-- Install configuration: "Release"
-- Installing: /home/sentry/Wolf-Moon/install/navigation_planning/lib/navigation_planning/way_planner_node
-- Set runtime path of "/home/sentry/Wolf-Moon/install/navigation_planning/lib/navigation_planning/way_planner_node" to ""
-- Installing: /home/sentry/Wolf-Moon/install/navigation_planning/share/navigation_planning/launch
-- Installing: /home/sentry/Wolf-Moon/install/navigation_planning/share/navigation_planning/map
-- Installing: /home/sentry/Wolf-Moon/install/navigation_planning/share/navigation_planning/map/129_map.yaml
-- Installing: /home/sentry/Wolf-Moon/install/navigation_planning/share/navigation_planning/map/rmuc_map.yaml
-- Installing: /home/sentry/Wolf-Moon/install/navigation_planning/share/navigation_planning/map/129_map.pgm
-- Installing: /home/sentry/Wolf-Moon/install/navigation_planning/share/navigation_planning/map/rmuc_map.pgm
-- Installing: /home/sentry/Wolf-Moon/install/navigation_planning/share/navigation_planning/config
-- Installing: /home/sentry/Wolf-Moon/install/navigation_planning/share/navigation_planning/config/parameters.yaml
-- Installing: /home/sentry/Wolf-Moon/install/navigation_planning/share/ament_index/resource_index/package_run_dependencies/navigation_planning
-- Installing: /home/sentry/Wolf-Moon/install/navigation_planning/share/ament_index/resource_index/parent_prefix_path/navigation_planning
-- Installing: /home/sentry/Wolf-Moon/install/navigation_planning/share/navigation_planning/environment/ament_prefix_path.sh
-- Installing: /home/sentry/Wolf-Moon/install/navigation_planning/share/navigation_planning/environment/ament_prefix_path.dsv
-- Installing: /home/sentry/Wolf-Moon/install/navigation_planning/share/navigation_planning/environment/path.sh
-- Installing: /home/sentry/Wolf-Moon/install/navigation_planning/share/navigation_planning/environment/path.dsv
-- Installing: /home/sentry/Wolf-Moon/install/navigation_planning/share/navigation_planning/local_setup.bash
-- Installing: /home/sentry/Wolf-Moon/install/navigation_planning/share/navigation_planning/local_setup.sh
-- Installing: /home/sentry/Wolf-Moon/install/navigation_planning/share/navigation_planning/local_setup.zsh
-- Installing: /home/sentry/Wolf-Moon/install/navigation_planning/share/navigation_planning/local_setup.dsv
-- Installing: /home/sentry/Wolf-Moon/install/navigation_planning/share/navigation_planning/package.dsv
-- Installing: /home/sentry/Wolf-Moon/install/navigation_planning/share/ament_index/resource_index/packages/navigation_planning
-- Installing: /home/sentry/Wolf-Moon/install/navigation_planning/share/navigation_planning/cmake/navigation_planningConfig.cmake
-- Installing: /home/sentry/Wolf-Moon/install/navigation_planning/share/navigation_planning/cmake/navigation_planningConfig-version.cmake
-- Installing: /home/sentry/Wolf-Moon/install/navigation_planning/share/navigation_planning/package.xml
