[0.094s] Invoking command in '/home/sentry/Wolf-Moon/build/octomap_dynamic_map': /usr/bin/cmake --build /home/sentry/Wolf-Moon/build/octomap_dynamic_map -- -j12 -l12
[0.222s] [  5%] Built target octomath
[0.250s] [ 10%] Built target octomath-static
[0.307s] [ 23%] Built target octomap
[0.308s] [ 35%] Built target octomap-static
[0.401s] [ 38%] Built target simple_example
[0.401s] [ 41%] Built target octree2pointcloud
[0.406s] [ 43%] Built target graph2tree
[0.422s] [ 46%] Built target dm_lib
[0.432s] [ 48%] Built target log2graph
[0.441s] [ 51%] Built target binvox2bt
[0.470s] [ 53%] Built target compare_octrees
[0.494s] [ 56%] Built target eval_octree_accuracy
[0.547s] [ 58%] Built target normals_example
[0.551s] [ 61%] Built target convert_octree
[0.558s] [ 64%] Built target test_iterators
[0.559s] [ 66%] Built target test_raycasting
[0.614s] [ 69%] Built target edit_octree
[0.618s] [ 71%] Built target bt2vrml
[0.631s] [ 74%] Built target test_bbx
[0.633s] [ 76%] Built target test_changedkeys
[0.683s] [ 79%] Built target test_pruning
[0.686s] [ 82%] Built target test_io
[0.704s] [ 84%] Built target unit_tests
[0.722s] [ 87%] Built target octomap_run
[0.737s] [ 89%] Built target test_mapcollection
[0.796s] [ 92%] Built target color_tree_histogram
[0.823s] [ 94%] Built target test_color_tree
[0.825s] [ 97%] Built target intersection_example
[0.829s] [100%] Built target test_scans
[0.902s] Invoked command in '/home/sentry/Wolf-Moon/build/octomap_dynamic_map' returned '0': /usr/bin/cmake --build /home/sentry/Wolf-Moon/build/octomap_dynamic_map -- -j12 -l12
[0.902s] Invoking command in '/home/sentry/Wolf-Moon/build/octomap_dynamic_map': /usr/bin/cmake --install /home/sentry/Wolf-Moon/build/octomap_dynamic_map
[0.954s] -- Install configuration: "Release"
[0.954s] -- Up-to-date: /home/sentry/Wolf-Moon/install/octomap_dynamic_map/include/octomap/AbstractOcTree.h
[0.954s] -- Up-to-date: /home/sentry/Wolf-Moon/install/octomap_dynamic_map/include/octomap/AbstractOccupancyOcTree.h
[0.954s] -- Up-to-date: /home/sentry/Wolf-Moon/install/octomap_dynamic_map/include/octomap/ColorOcTree.h
[0.954s] -- Up-to-date: /home/sentry/Wolf-Moon/install/octomap_dynamic_map/include/octomap/CountingOcTree.h
[0.954s] -- Up-to-date: /home/sentry/Wolf-Moon/install/octomap_dynamic_map/include/octomap/MCTables.h
[0.954s] -- Up-to-date: /home/sentry/Wolf-Moon/install/octomap_dynamic_map/include/octomap/MapCollection.h
[0.954s] -- Up-to-date: /home/sentry/Wolf-Moon/install/octomap_dynamic_map/include/octomap/MapCollection.hxx
[0.954s] -- Up-to-date: /home/sentry/Wolf-Moon/install/octomap_dynamic_map/include/octomap/MapNode.h
[0.954s] -- Up-to-date: /home/sentry/Wolf-Moon/install/octomap_dynamic_map/include/octomap/MapNode.hxx
[0.954s] -- Up-to-date: /home/sentry/Wolf-Moon/install/octomap_dynamic_map/include/octomap/OcTree.h
[0.954s] -- Up-to-date: /home/sentry/Wolf-Moon/install/octomap_dynamic_map/include/octomap/OcTreeBase.h
[0.954s] -- Up-to-date: /home/sentry/Wolf-Moon/install/octomap_dynamic_map/include/octomap/OcTreeBaseImpl.h
[0.954s] -- Up-to-date: /home/sentry/Wolf-Moon/install/octomap_dynamic_map/include/octomap/OcTreeBaseImpl.hxx
[0.954s] -- Up-to-date: /home/sentry/Wolf-Moon/install/octomap_dynamic_map/include/octomap/OcTreeDataNode.h
[0.954s] -- Up-to-date: /home/sentry/Wolf-Moon/install/octomap_dynamic_map/include/octomap/OcTreeDataNode.hxx
[0.954s] -- Up-to-date: /home/sentry/Wolf-Moon/install/octomap_dynamic_map/include/octomap/OcTreeIterator.hxx
[0.954s] -- Up-to-date: /home/sentry/Wolf-Moon/install/octomap_dynamic_map/include/octomap/OcTreeKey.h
[0.954s] -- Up-to-date: /home/sentry/Wolf-Moon/install/octomap_dynamic_map/include/octomap/OcTreeNode.h
[0.955s] -- Up-to-date: /home/sentry/Wolf-Moon/install/octomap_dynamic_map/include/octomap/OcTreeStamped.h
[0.955s] -- Up-to-date: /home/sentry/Wolf-Moon/install/octomap_dynamic_map/include/octomap/OccupancyOcTreeBase.h
[0.955s] -- Up-to-date: /home/sentry/Wolf-Moon/install/octomap_dynamic_map/include/octomap/OccupancyOcTreeBase.hxx
[0.955s] -- Up-to-date: /home/sentry/Wolf-Moon/install/octomap_dynamic_map/include/octomap/Pointcloud.h
[0.955s] -- Up-to-date: /home/sentry/Wolf-Moon/install/octomap_dynamic_map/include/octomap/ScanGraph.h
[0.955s] -- Up-to-date: /home/sentry/Wolf-Moon/install/octomap_dynamic_map/include/octomap/octomap.h
[0.955s] -- Up-to-date: /home/sentry/Wolf-Moon/install/octomap_dynamic_map/include/octomap/octomap_deprecated.h
[0.955s] -- Up-to-date: /home/sentry/Wolf-Moon/install/octomap_dynamic_map/include/octomap/octomap_timing.h
[0.955s] -- Up-to-date: /home/sentry/Wolf-Moon/install/octomap_dynamic_map/include/octomap/octomap_types.h
[0.955s] -- Up-to-date: /home/sentry/Wolf-Moon/install/octomap_dynamic_map/include/octomap/octomap_utils.h
[0.955s] -- Up-to-date: /home/sentry/Wolf-Moon/install/octomap_dynamic_map/include/octomap/math/Pose6D.h
[0.955s] -- Up-to-date: /home/sentry/Wolf-Moon/install/octomap_dynamic_map/include/octomap/math/Quaternion.h
[0.955s] -- Up-to-date: /home/sentry/Wolf-Moon/install/octomap_dynamic_map/include/octomap/math/Utils.h
[0.955s] -- Up-to-date: /home/sentry/Wolf-Moon/install/octomap_dynamic_map/include/octomap/math/Vector3.h
[0.955s] -- Up-to-date: /home/sentry/Wolf-Moon/install/octomap_dynamic_map/share/octomap/package.xml
[0.955s] -- Up-to-date: /home/sentry/Wolf-Moon/install/octomap_dynamic_map/share/ament_index/resource_index/packages/octomap
[0.955s] -- Up-to-date: /home/sentry/Wolf-Moon/install/octomap_dynamic_map/share/octomap/octomap-config.cmake
[0.955s] -- Up-to-date: /home/sentry/Wolf-Moon/install/octomap_dynamic_map/share/octomap/octomap-config-version.cmake
[0.955s] -- Up-to-date: /home/sentry/Wolf-Moon/install/octomap_dynamic_map/lib/pkgconfig/octomap.pc
[0.955s] -- Up-to-date: /home/sentry/Wolf-Moon/install/octomap_dynamic_map/lib/liboctomath.so.1.9.8
[0.955s] -- Up-to-date: /home/sentry/Wolf-Moon/install/octomap_dynamic_map/lib/liboctomath.so.1.9
[0.955s] -- Up-to-date: /home/sentry/Wolf-Moon/install/octomap_dynamic_map/lib/liboctomath.so
[0.955s] -- Up-to-date: /home/sentry/Wolf-Moon/install/octomap_dynamic_map/lib/liboctomath.a
[0.956s] -- Up-to-date: /home/sentry/Wolf-Moon/install/octomap_dynamic_map/lib/liboctomap.so.1.9.8
[0.956s] -- Up-to-date: /home/sentry/Wolf-Moon/install/octomap_dynamic_map/lib/liboctomap.so.1.9
[0.956s] -- Up-to-date: /home/sentry/Wolf-Moon/install/octomap_dynamic_map/lib/liboctomap.so
[0.956s] -- Up-to-date: /home/sentry/Wolf-Moon/install/octomap_dynamic_map/lib/liboctomap.a
[0.956s] -- Up-to-date: /home/sentry/Wolf-Moon/install/octomap_dynamic_map/share/octomap/octomap-targets.cmake
[0.956s] -- Up-to-date: /home/sentry/Wolf-Moon/install/octomap_dynamic_map/share/octomap/octomap-targets-release.cmake
[0.956s] -- Up-to-date: /home/sentry/Wolf-Moon/install/octomap_dynamic_map/bin/graph2tree
[0.956s] -- Up-to-date: /home/sentry/Wolf-Moon/install/octomap_dynamic_map/bin/log2graph
[0.956s] -- Up-to-date: /home/sentry/Wolf-Moon/install/octomap_dynamic_map/bin/binvox2bt
[0.956s] -- Up-to-date: /home/sentry/Wolf-Moon/install/octomap_dynamic_map/bin/bt2vrml
[0.957s] -- Up-to-date: /home/sentry/Wolf-Moon/install/octomap_dynamic_map/bin/edit_octree
[0.957s] -- Up-to-date: /home/sentry/Wolf-Moon/install/octomap_dynamic_map/bin/convert_octree
[0.957s] -- Up-to-date: /home/sentry/Wolf-Moon/install/octomap_dynamic_map/bin/eval_octree_accuracy
[0.957s] -- Up-to-date: /home/sentry/Wolf-Moon/install/octomap_dynamic_map/bin/compare_octrees
[1.054s] Invoked command in '/home/sentry/Wolf-Moon/build/octomap_dynamic_map' returned '0': /usr/bin/cmake --install /home/sentry/Wolf-Moon/build/octomap_dynamic_map
