[0.035s] Invoking command in '/home/sentry/Wolf-Moon/build/grid_map_msgs': AMENT_PREFIX_PATH=/home/sentry/Wolf-Moon/install/grid_map_cmake_helpers:${AMENT_PREFIX_PATH} CMAKE_PREFIX_PATH=/home/sentry/Wolf-Moon/install/grid_map_cmake_helpers:/opt/ros/galactic /usr/bin/cmake --build /home/sentry/Wolf-Moon/build/grid_map_msgs -- -j12 -l12
[0.122s] [  1%] Built target grid_map_msgs__cpp
[0.144s] [ 12%] Built target grid_map_msgs__rosidl_generator_c
[0.204s] [ 23%] Built target grid_map_msgs__rosidl_typesupport_introspection_c
[0.206s] [ 35%] Built target grid_map_msgs__rosidl_typesupport_fastrtps_cpp
[0.218s] [ 46%] Built target grid_map_msgs__rosidl_typesupport_cpp
[0.220s] [ 57%] Built target grid_map_msgs__rosidl_typesupport_c
[0.220s] [ 69%] Built target grid_map_msgs__rosidl_typesupport_introspection_cpp
[0.237s] [ 80%] Built target grid_map_msgs__rosidl_typesupport_fastrtps_c
[0.263s] [ 80%] Built target grid_map_msgs
[0.288s] [ 81%] Built target grid_map_msgs__py
[0.314s] [ 91%] Built target grid_map_msgs__python
[0.361s] [ 94%] Built target grid_map_msgs__rosidl_typesupport_introspection_c__pyext
[0.361s] [100%] Built target grid_map_msgs__rosidl_typesupport_fastrtps_c__pyext
[0.361s] [100%] Built target grid_map_msgs__rosidl_typesupport_c__pyext
[0.400s] Invoked command in '/home/sentry/Wolf-Moon/build/grid_map_msgs' returned '0': AMENT_PREFIX_PATH=/home/sentry/Wolf-Moon/install/grid_map_cmake_helpers:${AMENT_PREFIX_PATH} CMAKE_PREFIX_PATH=/home/sentry/Wolf-Moon/install/grid_map_cmake_helpers:/opt/ros/galactic /usr/bin/cmake --build /home/sentry/Wolf-Moon/build/grid_map_msgs -- -j12 -l12
[0.403s] Invoking command in '/home/sentry/Wolf-Moon/build/grid_map_msgs': AMENT_PREFIX_PATH=/home/sentry/Wolf-Moon/install/grid_map_cmake_helpers:${AMENT_PREFIX_PATH} CMAKE_PREFIX_PATH=/home/sentry/Wolf-Moon/install/grid_map_cmake_helpers:/opt/ros/galactic /usr/bin/cmake --install /home/sentry/Wolf-Moon/build/grid_map_msgs
[0.444s] -- Install configuration: "Release"
[0.445s] -- Up-to-date: /home/sentry/Wolf-Moon/install/grid_map_msgs/share/ament_index/resource_index/rosidl_interfaces/grid_map_msgs
[0.445s] -- Up-to-date: /home/sentry/Wolf-Moon/install/grid_map_msgs/include/grid_map_msgs
[0.445s] -- Up-to-date: /home/sentry/Wolf-Moon/install/grid_map_msgs/include/grid_map_msgs/msg
[0.445s] -- Up-to-date: /home/sentry/Wolf-Moon/install/grid_map_msgs/include/grid_map_msgs/msg/grid_map_info.h
[0.445s] -- Up-to-date: /home/sentry/Wolf-Moon/install/grid_map_msgs/include/grid_map_msgs/msg/grid_map.h
[0.445s] -- Up-to-date: /home/sentry/Wolf-Moon/install/grid_map_msgs/include/grid_map_msgs/msg/detail
[0.445s] -- Up-to-date: /home/sentry/Wolf-Moon/install/grid_map_msgs/include/grid_map_msgs/msg/detail/grid_map_info__type_support.h
[0.446s] -- Up-to-date: /home/sentry/Wolf-Moon/install/grid_map_msgs/include/grid_map_msgs/msg/detail/grid_map__functions.c
[0.446s] -- Up-to-date: /home/sentry/Wolf-Moon/install/grid_map_msgs/include/grid_map_msgs/msg/detail/grid_map__functions.h
[0.446s] -- Up-to-date: /home/sentry/Wolf-Moon/install/grid_map_msgs/include/grid_map_msgs/msg/detail/grid_map_info__struct.h
[0.446s] -- Up-to-date: /home/sentry/Wolf-Moon/install/grid_map_msgs/include/grid_map_msgs/msg/detail/grid_map__type_support.h
[0.446s] -- Up-to-date: /home/sentry/Wolf-Moon/install/grid_map_msgs/include/grid_map_msgs/msg/detail/grid_map__struct.h
[0.446s] -- Up-to-date: /home/sentry/Wolf-Moon/install/grid_map_msgs/include/grid_map_msgs/msg/detail/grid_map_info__functions.h
[0.447s] -- Up-to-date: /home/sentry/Wolf-Moon/install/grid_map_msgs/include/grid_map_msgs/msg/detail/grid_map_info__functions.c
[0.447s] -- Up-to-date: /home/sentry/Wolf-Moon/install/grid_map_msgs/include/grid_map_msgs/msg/rosidl_generator_c__visibility_control.h
[0.447s] -- Up-to-date: /home/sentry/Wolf-Moon/install/grid_map_msgs/include/grid_map_msgs/srv
[0.447s] -- Up-to-date: /home/sentry/Wolf-Moon/install/grid_map_msgs/include/grid_map_msgs/srv/get_grid_map_info.h
[0.448s] -- Up-to-date: /home/sentry/Wolf-Moon/install/grid_map_msgs/include/grid_map_msgs/srv/detail
[0.448s] -- Up-to-date: /home/sentry/Wolf-Moon/install/grid_map_msgs/include/grid_map_msgs/srv/detail/get_grid_map_info__struct.h
[0.449s] -- Up-to-date: /home/sentry/Wolf-Moon/install/grid_map_msgs/include/grid_map_msgs/srv/detail/get_grid_map__functions.c
[0.450s] -- Up-to-date: /home/sentry/Wolf-Moon/install/grid_map_msgs/include/grid_map_msgs/srv/detail/process_file__functions.c
[0.451s] -- Up-to-date: /home/sentry/Wolf-Moon/install/grid_map_msgs/include/grid_map_msgs/srv/detail/set_grid_map__functions.c
[0.452s] -- Up-to-date: /home/sentry/Wolf-Moon/install/grid_map_msgs/include/grid_map_msgs/srv/detail/process_file__functions.h
[0.453s] -- Up-to-date: /home/sentry/Wolf-Moon/install/grid_map_msgs/include/grid_map_msgs/srv/detail/process_file__type_support.h
[0.453s] -- Up-to-date: /home/sentry/Wolf-Moon/install/grid_map_msgs/include/grid_map_msgs/srv/detail/set_grid_map__functions.h
[0.453s] -- Up-to-date: /home/sentry/Wolf-Moon/install/grid_map_msgs/include/grid_map_msgs/srv/detail/get_grid_map__functions.h
[0.453s] -- Up-to-date: /home/sentry/Wolf-Moon/install/grid_map_msgs/include/grid_map_msgs/srv/detail/get_grid_map_info__functions.h
[0.453s] -- Up-to-date: /home/sentry/Wolf-Moon/install/grid_map_msgs/include/grid_map_msgs/srv/detail/set_grid_map__struct.h
[0.453s] -- Up-to-date: /home/sentry/Wolf-Moon/install/grid_map_msgs/include/grid_map_msgs/srv/detail/set_grid_map__type_support.h
[0.454s] -- Up-to-date: /home/sentry/Wolf-Moon/install/grid_map_msgs/include/grid_map_msgs/srv/detail/process_file__struct.h
[0.454s] -- Up-to-date: /home/sentry/Wolf-Moon/install/grid_map_msgs/include/grid_map_msgs/srv/detail/get_grid_map__struct.h
[0.454s] -- Up-to-date: /home/sentry/Wolf-Moon/install/grid_map_msgs/include/grid_map_msgs/srv/detail/get_grid_map_info__functions.c
[0.454s] -- Up-to-date: /home/sentry/Wolf-Moon/install/grid_map_msgs/include/grid_map_msgs/srv/detail/get_grid_map_info__type_support.h
[0.454s] -- Up-to-date: /home/sentry/Wolf-Moon/install/grid_map_msgs/include/grid_map_msgs/srv/detail/get_grid_map__type_support.h
[0.454s] -- Up-to-date: /home/sentry/Wolf-Moon/install/grid_map_msgs/include/grid_map_msgs/srv/get_grid_map.h
[0.454s] -- Up-to-date: /home/sentry/Wolf-Moon/install/grid_map_msgs/include/grid_map_msgs/srv/set_grid_map.h
[0.454s] -- Up-to-date: /home/sentry/Wolf-Moon/install/grid_map_msgs/include/grid_map_msgs/srv/process_file.h
[0.454s] -- Up-to-date: /home/sentry/Wolf-Moon/install/grid_map_msgs/share/grid_map_msgs/environment/library_path.sh
[0.455s] -- Up-to-date: /home/sentry/Wolf-Moon/install/grid_map_msgs/share/grid_map_msgs/environment/library_path.dsv
[0.455s] -- Up-to-date: /home/sentry/Wolf-Moon/install/grid_map_msgs/lib/libgrid_map_msgs__rosidl_generator_c.so
[0.455s] -- Up-to-date: /home/sentry/Wolf-Moon/install/grid_map_msgs/include/grid_map_msgs
[0.455s] -- Up-to-date: /home/sentry/Wolf-Moon/install/grid_map_msgs/include/grid_map_msgs/msg
[0.455s] -- Up-to-date: /home/sentry/Wolf-Moon/install/grid_map_msgs/include/grid_map_msgs/msg/detail
[0.455s] -- Up-to-date: /home/sentry/Wolf-Moon/install/grid_map_msgs/include/grid_map_msgs/msg/detail/grid_map_info__rosidl_typesupport_fastrtps_c.h
[0.455s] -- Up-to-date: /home/sentry/Wolf-Moon/install/grid_map_msgs/include/grid_map_msgs/msg/detail/grid_map__rosidl_typesupport_fastrtps_c.h
[0.456s] -- Up-to-date: /home/sentry/Wolf-Moon/install/grid_map_msgs/include/grid_map_msgs/msg/rosidl_typesupport_fastrtps_c__visibility_control.h
[0.456s] -- Up-to-date: /home/sentry/Wolf-Moon/install/grid_map_msgs/include/grid_map_msgs/srv
[0.456s] -- Up-to-date: /home/sentry/Wolf-Moon/install/grid_map_msgs/include/grid_map_msgs/srv/detail
[0.457s] -- Up-to-date: /home/sentry/Wolf-Moon/install/grid_map_msgs/include/grid_map_msgs/srv/detail/set_grid_map__rosidl_typesupport_fastrtps_c.h
[0.457s] -- Up-to-date: /home/sentry/Wolf-Moon/install/grid_map_msgs/include/grid_map_msgs/srv/detail/get_grid_map_info__rosidl_typesupport_fastrtps_c.h
[0.457s] -- Up-to-date: /home/sentry/Wolf-Moon/install/grid_map_msgs/include/grid_map_msgs/srv/detail/get_grid_map__rosidl_typesupport_fastrtps_c.h
[0.458s] -- Up-to-date: /home/sentry/Wolf-Moon/install/grid_map_msgs/include/grid_map_msgs/srv/detail/process_file__rosidl_typesupport_fastrtps_c.h
[0.458s] -- Up-to-date: /home/sentry/Wolf-Moon/install/grid_map_msgs/lib/libgrid_map_msgs__rosidl_typesupport_fastrtps_c.so
[0.458s] -- Up-to-date: /home/sentry/Wolf-Moon/install/grid_map_msgs/include/grid_map_msgs
[0.459s] -- Up-to-date: /home/sentry/Wolf-Moon/install/grid_map_msgs/include/grid_map_msgs/msg
[0.459s] -- Up-to-date: /home/sentry/Wolf-Moon/install/grid_map_msgs/include/grid_map_msgs/msg/detail
[0.459s] -- Up-to-date: /home/sentry/Wolf-Moon/install/grid_map_msgs/include/grid_map_msgs/msg/detail/grid_map__rosidl_typesupport_fastrtps_cpp.hpp
[0.459s] -- Up-to-date: /home/sentry/Wolf-Moon/install/grid_map_msgs/include/grid_map_msgs/msg/detail/dds_fastrtps
[0.459s] -- Up-to-date: /home/sentry/Wolf-Moon/install/grid_map_msgs/include/grid_map_msgs/msg/detail/grid_map_info__rosidl_typesupport_fastrtps_cpp.hpp
[0.459s] -- Up-to-date: /home/sentry/Wolf-Moon/install/grid_map_msgs/include/grid_map_msgs/msg/rosidl_typesupport_fastrtps_cpp__visibility_control.h
[0.459s] -- Up-to-date: /home/sentry/Wolf-Moon/install/grid_map_msgs/include/grid_map_msgs/srv
[0.460s] -- Up-to-date: /home/sentry/Wolf-Moon/install/grid_map_msgs/include/grid_map_msgs/srv/detail
[0.461s] -- Up-to-date: /home/sentry/Wolf-Moon/install/grid_map_msgs/include/grid_map_msgs/srv/detail/get_grid_map_info__rosidl_typesupport_fastrtps_cpp.hpp
[0.461s] -- Up-to-date: /home/sentry/Wolf-Moon/install/grid_map_msgs/include/grid_map_msgs/srv/detail/process_file__rosidl_typesupport_fastrtps_cpp.hpp
[0.461s] -- Up-to-date: /home/sentry/Wolf-Moon/install/grid_map_msgs/include/grid_map_msgs/srv/detail/set_grid_map__rosidl_typesupport_fastrtps_cpp.hpp
[0.461s] -- Up-to-date: /home/sentry/Wolf-Moon/install/grid_map_msgs/include/grid_map_msgs/srv/detail/get_grid_map__rosidl_typesupport_fastrtps_cpp.hpp
[0.461s] -- Up-to-date: /home/sentry/Wolf-Moon/install/grid_map_msgs/include/grid_map_msgs/srv/detail/dds_fastrtps
[0.461s] -- Up-to-date: /home/sentry/Wolf-Moon/install/grid_map_msgs/lib/libgrid_map_msgs__rosidl_typesupport_fastrtps_cpp.so
[0.461s] -- Up-to-date: /home/sentry/Wolf-Moon/install/grid_map_msgs/include/grid_map_msgs
[0.461s] -- Up-to-date: /home/sentry/Wolf-Moon/install/grid_map_msgs/include/grid_map_msgs/msg
[0.461s] -- Up-to-date: /home/sentry/Wolf-Moon/install/grid_map_msgs/include/grid_map_msgs/msg/rosidl_typesupport_introspection_c__visibility_control.h
[0.461s] -- Up-to-date: /home/sentry/Wolf-Moon/install/grid_map_msgs/include/grid_map_msgs/msg/detail
[0.461s] -- Up-to-date: /home/sentry/Wolf-Moon/install/grid_map_msgs/include/grid_map_msgs/msg/detail/grid_map_info__type_support.c
[0.461s] -- Up-to-date: /home/sentry/Wolf-Moon/install/grid_map_msgs/include/grid_map_msgs/msg/detail/grid_map__type_support.c
[0.462s] -- Up-to-date: /home/sentry/Wolf-Moon/install/grid_map_msgs/include/grid_map_msgs/msg/detail/grid_map__rosidl_typesupport_introspection_c.h
[0.462s] -- Up-to-date: /home/sentry/Wolf-Moon/install/grid_map_msgs/include/grid_map_msgs/msg/detail/grid_map_info__rosidl_typesupport_introspection_c.h
[0.463s] -- Up-to-date: /home/sentry/Wolf-Moon/install/grid_map_msgs/include/grid_map_msgs/srv
[0.463s] -- Up-to-date: /home/sentry/Wolf-Moon/install/grid_map_msgs/include/grid_map_msgs/srv/detail
[0.463s] -- Up-to-date: /home/sentry/Wolf-Moon/install/grid_map_msgs/include/grid_map_msgs/srv/detail/get_grid_map__rosidl_typesupport_introspection_c.h
[0.464s] -- Up-to-date: /home/sentry/Wolf-Moon/install/grid_map_msgs/include/grid_map_msgs/srv/detail/get_grid_map_info__rosidl_typesupport_introspection_c.h
[0.464s] -- Up-to-date: /home/sentry/Wolf-Moon/install/grid_map_msgs/include/grid_map_msgs/srv/detail/set_grid_map__rosidl_typesupport_introspection_c.h
[0.464s] -- Up-to-date: /home/sentry/Wolf-Moon/install/grid_map_msgs/include/grid_map_msgs/srv/detail/process_file__rosidl_typesupport_introspection_c.h
[0.464s] -- Up-to-date: /home/sentry/Wolf-Moon/install/grid_map_msgs/include/grid_map_msgs/srv/detail/process_file__type_support.c
[0.464s] -- Up-to-date: /home/sentry/Wolf-Moon/install/grid_map_msgs/include/grid_map_msgs/srv/detail/get_grid_map_info__type_support.c
[0.464s] -- Up-to-date: /home/sentry/Wolf-Moon/install/grid_map_msgs/include/grid_map_msgs/srv/detail/set_grid_map__type_support.c
[0.464s] -- Up-to-date: /home/sentry/Wolf-Moon/install/grid_map_msgs/include/grid_map_msgs/srv/detail/get_grid_map__type_support.c
[0.464s] -- Up-to-date: /home/sentry/Wolf-Moon/install/grid_map_msgs/lib/libgrid_map_msgs__rosidl_typesupport_introspection_c.so
[0.464s] -- Up-to-date: /home/sentry/Wolf-Moon/install/grid_map_msgs/lib/libgrid_map_msgs__rosidl_typesupport_c.so
[0.464s] -- Up-to-date: /home/sentry/Wolf-Moon/install/grid_map_msgs/include/grid_map_msgs
[0.464s] -- Up-to-date: /home/sentry/Wolf-Moon/install/grid_map_msgs/include/grid_map_msgs/msg
[0.464s] -- Up-to-date: /home/sentry/Wolf-Moon/install/grid_map_msgs/include/grid_map_msgs/msg/grid_map_info.hpp
[0.465s] -- Up-to-date: /home/sentry/Wolf-Moon/install/grid_map_msgs/include/grid_map_msgs/msg/detail
[0.465s] -- Up-to-date: /home/sentry/Wolf-Moon/install/grid_map_msgs/include/grid_map_msgs/msg/detail/grid_map_info__struct.hpp
[0.465s] -- Up-to-date: /home/sentry/Wolf-Moon/install/grid_map_msgs/include/grid_map_msgs/msg/detail/grid_map__builder.hpp
[0.465s] -- Up-to-date: /home/sentry/Wolf-Moon/install/grid_map_msgs/include/grid_map_msgs/msg/detail/grid_map_info__traits.hpp
[0.465s] -- Up-to-date: /home/sentry/Wolf-Moon/install/grid_map_msgs/include/grid_map_msgs/msg/detail/grid_map_info__builder.hpp
[0.465s] -- Up-to-date: /home/sentry/Wolf-Moon/install/grid_map_msgs/include/grid_map_msgs/msg/detail/grid_map__struct.hpp
[0.465s] -- Up-to-date: /home/sentry/Wolf-Moon/install/grid_map_msgs/include/grid_map_msgs/msg/detail/grid_map__traits.hpp
[0.465s] -- Up-to-date: /home/sentry/Wolf-Moon/install/grid_map_msgs/include/grid_map_msgs/msg/grid_map.hpp
[0.465s] -- Up-to-date: /home/sentry/Wolf-Moon/install/grid_map_msgs/include/grid_map_msgs/srv
[0.465s] -- Up-to-date: /home/sentry/Wolf-Moon/install/grid_map_msgs/include/grid_map_msgs/srv/set_grid_map.hpp
[0.465s] -- Up-to-date: /home/sentry/Wolf-Moon/install/grid_map_msgs/include/grid_map_msgs/srv/get_grid_map_info.hpp
[0.466s] -- Up-to-date: /home/sentry/Wolf-Moon/install/grid_map_msgs/include/grid_map_msgs/srv/get_grid_map.hpp
[0.466s] -- Up-to-date: /home/sentry/Wolf-Moon/install/grid_map_msgs/include/grid_map_msgs/srv/detail
[0.466s] -- Up-to-date: /home/sentry/Wolf-Moon/install/grid_map_msgs/include/grid_map_msgs/srv/detail/get_grid_map__builder.hpp
[0.466s] -- Up-to-date: /home/sentry/Wolf-Moon/install/grid_map_msgs/include/grid_map_msgs/srv/detail/process_file__struct.hpp
[0.466s] -- Up-to-date: /home/sentry/Wolf-Moon/install/grid_map_msgs/include/grid_map_msgs/srv/detail/get_grid_map__traits.hpp
[0.466s] -- Up-to-date: /home/sentry/Wolf-Moon/install/grid_map_msgs/include/grid_map_msgs/srv/detail/get_grid_map_info__struct.hpp
[0.466s] -- Up-to-date: /home/sentry/Wolf-Moon/install/grid_map_msgs/include/grid_map_msgs/srv/detail/process_file__traits.hpp
[0.466s] -- Up-to-date: /home/sentry/Wolf-Moon/install/grid_map_msgs/include/grid_map_msgs/srv/detail/get_grid_map_info__builder.hpp
[0.466s] -- Up-to-date: /home/sentry/Wolf-Moon/install/grid_map_msgs/include/grid_map_msgs/srv/detail/set_grid_map__traits.hpp
[0.466s] -- Up-to-date: /home/sentry/Wolf-Moon/install/grid_map_msgs/include/grid_map_msgs/srv/detail/process_file__builder.hpp
[0.466s] -- Up-to-date: /home/sentry/Wolf-Moon/install/grid_map_msgs/include/grid_map_msgs/srv/detail/set_grid_map__struct.hpp
[0.466s] -- Up-to-date: /home/sentry/Wolf-Moon/install/grid_map_msgs/include/grid_map_msgs/srv/detail/get_grid_map_info__traits.hpp
[0.467s] -- Up-to-date: /home/sentry/Wolf-Moon/install/grid_map_msgs/include/grid_map_msgs/srv/detail/get_grid_map__struct.hpp
[0.468s] -- Up-to-date: /home/sentry/Wolf-Moon/install/grid_map_msgs/include/grid_map_msgs/srv/detail/set_grid_map__builder.hpp
[0.469s] -- Up-to-date: /home/sentry/Wolf-Moon/install/grid_map_msgs/include/grid_map_msgs/srv/process_file.hpp
[0.469s] -- Up-to-date: /home/sentry/Wolf-Moon/install/grid_map_msgs/include/grid_map_msgs
[0.469s] -- Up-to-date: /home/sentry/Wolf-Moon/install/grid_map_msgs/include/grid_map_msgs/msg
[0.469s] -- Up-to-date: /home/sentry/Wolf-Moon/install/grid_map_msgs/include/grid_map_msgs/msg/detail
[0.469s] -- Up-to-date: /home/sentry/Wolf-Moon/install/grid_map_msgs/include/grid_map_msgs/msg/detail/grid_map__type_support.cpp
[0.469s] -- Up-to-date: /home/sentry/Wolf-Moon/install/grid_map_msgs/include/grid_map_msgs/msg/detail/grid_map__rosidl_typesupport_introspection_cpp.hpp
[0.470s] -- Up-to-date: /home/sentry/Wolf-Moon/install/grid_map_msgs/include/grid_map_msgs/msg/detail/grid_map_info__type_support.cpp
[0.470s] -- Up-to-date: /home/sentry/Wolf-Moon/install/grid_map_msgs/include/grid_map_msgs/msg/detail/grid_map_info__rosidl_typesupport_introspection_cpp.hpp
[0.470s] -- Up-to-date: /home/sentry/Wolf-Moon/install/grid_map_msgs/include/grid_map_msgs/srv
[0.470s] -- Up-to-date: /home/sentry/Wolf-Moon/install/grid_map_msgs/include/grid_map_msgs/srv/detail
[0.470s] -- Up-to-date: /home/sentry/Wolf-Moon/install/grid_map_msgs/include/grid_map_msgs/srv/detail/get_grid_map_info__rosidl_typesupport_introspection_cpp.hpp
[0.470s] -- Up-to-date: /home/sentry/Wolf-Moon/install/grid_map_msgs/include/grid_map_msgs/srv/detail/set_grid_map__rosidl_typesupport_introspection_cpp.hpp
[0.470s] -- Up-to-date: /home/sentry/Wolf-Moon/install/grid_map_msgs/include/grid_map_msgs/srv/detail/process_file__rosidl_typesupport_introspection_cpp.hpp
[0.470s] -- Up-to-date: /home/sentry/Wolf-Moon/install/grid_map_msgs/include/grid_map_msgs/srv/detail/get_grid_map__type_support.cpp
[0.471s] -- Up-to-date: /home/sentry/Wolf-Moon/install/grid_map_msgs/include/grid_map_msgs/srv/detail/process_file__type_support.cpp
[0.471s] -- Up-to-date: /home/sentry/Wolf-Moon/install/grid_map_msgs/include/grid_map_msgs/srv/detail/set_grid_map__type_support.cpp
[0.471s] -- Up-to-date: /home/sentry/Wolf-Moon/install/grid_map_msgs/include/grid_map_msgs/srv/detail/get_grid_map__rosidl_typesupport_introspection_cpp.hpp
[0.471s] -- Up-to-date: /home/sentry/Wolf-Moon/install/grid_map_msgs/include/grid_map_msgs/srv/detail/get_grid_map_info__type_support.cpp
[0.471s] -- Up-to-date: /home/sentry/Wolf-Moon/install/grid_map_msgs/lib/libgrid_map_msgs__rosidl_typesupport_introspection_cpp.so
[0.471s] -- Up-to-date: /home/sentry/Wolf-Moon/install/grid_map_msgs/lib/libgrid_map_msgs__rosidl_typesupport_cpp.so
[0.471s] -- Up-to-date: /home/sentry/Wolf-Moon/install/grid_map_msgs/share/grid_map_msgs/environment/pythonpath.sh
[0.471s] -- Up-to-date: /home/sentry/Wolf-Moon/install/grid_map_msgs/share/grid_map_msgs/environment/pythonpath.dsv
[0.471s] -- Up-to-date: /home/sentry/Wolf-Moon/install/grid_map_msgs/lib/python3.8/site-packages/grid_map_msgs/__init__.py
[0.471s] -- Up-to-date: /home/sentry/Wolf-Moon/install/grid_map_msgs/lib/python3.8/site-packages/grid_map_msgs/msg
[0.471s] -- Up-to-date: /home/sentry/Wolf-Moon/install/grid_map_msgs/lib/python3.8/site-packages/grid_map_msgs/msg/_grid_map_info.py
[0.471s] -- Up-to-date: /home/sentry/Wolf-Moon/install/grid_map_msgs/lib/python3.8/site-packages/grid_map_msgs/msg/_grid_map.py
[0.471s] -- Up-to-date: /home/sentry/Wolf-Moon/install/grid_map_msgs/lib/python3.8/site-packages/grid_map_msgs/msg/__init__.py
[0.471s] -- Up-to-date: /home/sentry/Wolf-Moon/install/grid_map_msgs/lib/python3.8/site-packages/grid_map_msgs/msg/_grid_map_s.c
[0.471s] -- Up-to-date: /home/sentry/Wolf-Moon/install/grid_map_msgs/lib/python3.8/site-packages/grid_map_msgs/msg/_grid_map_info_s.c
[0.471s] -- Up-to-date: /home/sentry/Wolf-Moon/install/grid_map_msgs/lib/python3.8/site-packages/grid_map_msgs/srv
[0.471s] -- Up-to-date: /home/sentry/Wolf-Moon/install/grid_map_msgs/lib/python3.8/site-packages/grid_map_msgs/srv/_process_file.py
[0.471s] -- Up-to-date: /home/sentry/Wolf-Moon/install/grid_map_msgs/lib/python3.8/site-packages/grid_map_msgs/srv/__init__.py
[0.471s] -- Up-to-date: /home/sentry/Wolf-Moon/install/grid_map_msgs/lib/python3.8/site-packages/grid_map_msgs/srv/_get_grid_map_info_s.c
[0.472s] -- Up-to-date: /home/sentry/Wolf-Moon/install/grid_map_msgs/lib/python3.8/site-packages/grid_map_msgs/srv/_get_grid_map_info.py
[0.472s] -- Up-to-date: /home/sentry/Wolf-Moon/install/grid_map_msgs/lib/python3.8/site-packages/grid_map_msgs/srv/_process_file_s.c
[0.472s] -- Up-to-date: /home/sentry/Wolf-Moon/install/grid_map_msgs/lib/python3.8/site-packages/grid_map_msgs/srv/_set_grid_map_s.c
[0.472s] -- Up-to-date: /home/sentry/Wolf-Moon/install/grid_map_msgs/lib/python3.8/site-packages/grid_map_msgs/srv/_get_grid_map_s.c
[0.472s] -- Up-to-date: /home/sentry/Wolf-Moon/install/grid_map_msgs/lib/python3.8/site-packages/grid_map_msgs/srv/_get_grid_map.py
[0.472s] -- Up-to-date: /home/sentry/Wolf-Moon/install/grid_map_msgs/lib/python3.8/site-packages/grid_map_msgs/srv/_set_grid_map.py
[0.472s] -- Up-to-date: /home/sentry/Wolf-Moon/install/grid_map_msgs/lib/python3.8/site-packages/grid_map_msgs/grid_map_msgs_s__rosidl_typesupport_fastrtps_c.cpython-38-x86_64-linux-gnu.so
[0.472s] -- Up-to-date: /home/sentry/Wolf-Moon/install/grid_map_msgs/lib/python3.8/site-packages/grid_map_msgs/grid_map_msgs_s__rosidl_typesupport_introspection_c.cpython-38-x86_64-linux-gnu.so
[0.472s] -- Up-to-date: /home/sentry/Wolf-Moon/install/grid_map_msgs/lib/python3.8/site-packages/grid_map_msgs/grid_map_msgs_s__rosidl_typesupport_c.cpython-38-x86_64-linux-gnu.so
[0.472s] -- Up-to-date: /home/sentry/Wolf-Moon/install/grid_map_msgs/lib/libgrid_map_msgs__python.so
[0.472s] -- Up-to-date: /home/sentry/Wolf-Moon/install/grid_map_msgs/share/grid_map_msgs/msg/GridMapInfo.idl
[0.472s] -- Up-to-date: /home/sentry/Wolf-Moon/install/grid_map_msgs/share/grid_map_msgs/msg/GridMap.idl
[0.472s] -- Up-to-date: /home/sentry/Wolf-Moon/install/grid_map_msgs/share/grid_map_msgs/srv/SetGridMap.idl
[0.472s] -- Up-to-date: /home/sentry/Wolf-Moon/install/grid_map_msgs/share/grid_map_msgs/srv/GetGridMap.idl
[0.472s] -- Up-to-date: /home/sentry/Wolf-Moon/install/grid_map_msgs/share/grid_map_msgs/srv/GetGridMapInfo.idl
[0.472s] -- Up-to-date: /home/sentry/Wolf-Moon/install/grid_map_msgs/share/grid_map_msgs/srv/ProcessFile.idl
[0.472s] -- Up-to-date: /home/sentry/Wolf-Moon/install/grid_map_msgs/share/grid_map_msgs/msg/GridMapInfo.msg
[0.472s] -- Up-to-date: /home/sentry/Wolf-Moon/install/grid_map_msgs/share/grid_map_msgs/msg/GridMap.msg
[0.472s] -- Up-to-date: /home/sentry/Wolf-Moon/install/grid_map_msgs/share/grid_map_msgs/srv/SetGridMap.srv
[0.472s] -- Up-to-date: /home/sentry/Wolf-Moon/install/grid_map_msgs/share/grid_map_msgs/srv/SetGridMap_Request.msg
[0.472s] -- Up-to-date: /home/sentry/Wolf-Moon/install/grid_map_msgs/share/grid_map_msgs/srv/SetGridMap_Response.msg
[0.472s] -- Up-to-date: /home/sentry/Wolf-Moon/install/grid_map_msgs/share/grid_map_msgs/srv/GetGridMap.srv
[0.472s] -- Up-to-date: /home/sentry/Wolf-Moon/install/grid_map_msgs/share/grid_map_msgs/srv/GetGridMap_Request.msg
[0.472s] -- Up-to-date: /home/sentry/Wolf-Moon/install/grid_map_msgs/share/grid_map_msgs/srv/GetGridMap_Response.msg
[0.472s] -- Up-to-date: /home/sentry/Wolf-Moon/install/grid_map_msgs/share/grid_map_msgs/srv/GetGridMapInfo.srv
[0.472s] -- Up-to-date: /home/sentry/Wolf-Moon/install/grid_map_msgs/share/grid_map_msgs/srv/GetGridMapInfo_Request.msg
[0.472s] -- Up-to-date: /home/sentry/Wolf-Moon/install/grid_map_msgs/share/grid_map_msgs/srv/GetGridMapInfo_Response.msg
[0.472s] -- Up-to-date: /home/sentry/Wolf-Moon/install/grid_map_msgs/share/grid_map_msgs/srv/ProcessFile.srv
[0.472s] -- Up-to-date: /home/sentry/Wolf-Moon/install/grid_map_msgs/share/grid_map_msgs/srv/ProcessFile_Request.msg
[0.472s] -- Up-to-date: /home/sentry/Wolf-Moon/install/grid_map_msgs/share/grid_map_msgs/srv/ProcessFile_Response.msg
[0.473s] -- Up-to-date: /home/sentry/Wolf-Moon/install/grid_map_msgs/share/ament_index/resource_index/package_run_dependencies/grid_map_msgs
[0.473s] -- Up-to-date: /home/sentry/Wolf-Moon/install/grid_map_msgs/share/ament_index/resource_index/parent_prefix_path/grid_map_msgs
[0.473s] -- Up-to-date: /home/sentry/Wolf-Moon/install/grid_map_msgs/share/grid_map_msgs/environment/ament_prefix_path.sh
[0.473s] -- Up-to-date: /home/sentry/Wolf-Moon/install/grid_map_msgs/share/grid_map_msgs/environment/ament_prefix_path.dsv
[0.474s] -- Up-to-date: /home/sentry/Wolf-Moon/install/grid_map_msgs/share/grid_map_msgs/environment/path.sh
[0.474s] -- Up-to-date: /home/sentry/Wolf-Moon/install/grid_map_msgs/share/grid_map_msgs/environment/path.dsv
[0.474s] -- Up-to-date: /home/sentry/Wolf-Moon/install/grid_map_msgs/share/grid_map_msgs/local_setup.bash
[0.474s] -- Up-to-date: /home/sentry/Wolf-Moon/install/grid_map_msgs/share/grid_map_msgs/local_setup.sh
[0.474s] -- Up-to-date: /home/sentry/Wolf-Moon/install/grid_map_msgs/share/grid_map_msgs/local_setup.zsh
[0.474s] -- Up-to-date: /home/sentry/Wolf-Moon/install/grid_map_msgs/share/grid_map_msgs/local_setup.dsv
[0.474s] -- Installing: /home/sentry/Wolf-Moon/install/grid_map_msgs/share/grid_map_msgs/package.dsv
[0.474s] -- Up-to-date: /home/sentry/Wolf-Moon/install/grid_map_msgs/share/ament_index/resource_index/packages/grid_map_msgs
[0.474s] -- Up-to-date: /home/sentry/Wolf-Moon/install/grid_map_msgs/share/grid_map_msgs/cmake/grid_map_msgs__rosidl_generator_cExport.cmake
[0.474s] -- Up-to-date: /home/sentry/Wolf-Moon/install/grid_map_msgs/share/grid_map_msgs/cmake/grid_map_msgs__rosidl_generator_cExport-release.cmake
[0.474s] -- Up-to-date: /home/sentry/Wolf-Moon/install/grid_map_msgs/share/grid_map_msgs/cmake/grid_map_msgs__rosidl_typesupport_introspection_cExport.cmake
[0.474s] -- Up-to-date: /home/sentry/Wolf-Moon/install/grid_map_msgs/share/grid_map_msgs/cmake/grid_map_msgs__rosidl_typesupport_introspection_cExport-release.cmake
[0.474s] -- Up-to-date: /home/sentry/Wolf-Moon/install/grid_map_msgs/share/grid_map_msgs/cmake/grid_map_msgs__rosidl_typesupport_cExport.cmake
[0.475s] -- Up-to-date: /home/sentry/Wolf-Moon/install/grid_map_msgs/share/grid_map_msgs/cmake/grid_map_msgs__rosidl_typesupport_cExport-release.cmake
[0.475s] -- Up-to-date: /home/sentry/Wolf-Moon/install/grid_map_msgs/share/grid_map_msgs/cmake/grid_map_msgs__rosidl_generator_cppExport.cmake
[0.475s] -- Up-to-date: /home/sentry/Wolf-Moon/install/grid_map_msgs/share/grid_map_msgs/cmake/grid_map_msgs__rosidl_typesupport_introspection_cppExport.cmake
[0.475s] -- Up-to-date: /home/sentry/Wolf-Moon/install/grid_map_msgs/share/grid_map_msgs/cmake/grid_map_msgs__rosidl_typesupport_introspection_cppExport-release.cmake
[0.475s] -- Up-to-date: /home/sentry/Wolf-Moon/install/grid_map_msgs/share/grid_map_msgs/cmake/grid_map_msgs__rosidl_typesupport_cppExport.cmake
[0.475s] -- Up-to-date: /home/sentry/Wolf-Moon/install/grid_map_msgs/share/grid_map_msgs/cmake/grid_map_msgs__rosidl_typesupport_cppExport-release.cmake
[0.475s] -- Up-to-date: /home/sentry/Wolf-Moon/install/grid_map_msgs/share/grid_map_msgs/cmake/rosidl_cmake-extras.cmake
[0.475s] -- Up-to-date: /home/sentry/Wolf-Moon/install/grid_map_msgs/share/grid_map_msgs/cmake/ament_cmake_export_dependencies-extras.cmake
[0.475s] -- Up-to-date: /home/sentry/Wolf-Moon/install/grid_map_msgs/share/grid_map_msgs/cmake/ament_cmake_export_libraries-extras.cmake
[0.475s] -- Up-to-date: /home/sentry/Wolf-Moon/install/grid_map_msgs/share/grid_map_msgs/cmake/ament_cmake_export_targets-extras.cmake
[0.475s] -- Up-to-date: /home/sentry/Wolf-Moon/install/grid_map_msgs/share/grid_map_msgs/cmake/ament_cmake_export_include_directories-extras.cmake
[0.475s] -- Up-to-date: /home/sentry/Wolf-Moon/install/grid_map_msgs/share/grid_map_msgs/cmake/rosidl_cmake_export_typesupport_libraries-extras.cmake
[0.475s] -- Up-to-date: /home/sentry/Wolf-Moon/install/grid_map_msgs/share/grid_map_msgs/cmake/rosidl_cmake_export_typesupport_targets-extras.cmake
[0.475s] -- Up-to-date: /home/sentry/Wolf-Moon/install/grid_map_msgs/share/grid_map_msgs/cmake/grid_map_msgsConfig.cmake
[0.475s] -- Up-to-date: /home/sentry/Wolf-Moon/install/grid_map_msgs/share/grid_map_msgs/cmake/grid_map_msgsConfig-version.cmake
[0.475s] -- Up-to-date: /home/sentry/Wolf-Moon/install/grid_map_msgs/share/grid_map_msgs/package.xml
[0.510s] Invoked command in '/home/sentry/Wolf-Moon/build/grid_map_msgs' returned '0': AMENT_PREFIX_PATH=/home/sentry/Wolf-Moon/install/grid_map_cmake_helpers:${AMENT_PREFIX_PATH} CMAKE_PREFIX_PATH=/home/sentry/Wolf-Moon/install/grid_map_cmake_helpers:/opt/ros/galactic /usr/bin/cmake --install /home/sentry/Wolf-Moon/build/grid_map_msgs
