[0.096s] Invoking command in '/home/sentry/Wolf-Moon/build/nav2_voxel_grid': AMENT_PREFIX_PATH=/home/sentry/Wolf-Moon/install/nav2_common:${AMENT_PREFIX_PATH} CMAKE_PREFIX_PATH=/home/sentry/Wolf-Moon/install/nav2_common:/opt/ros/galactic PYTHONPATH=/home/sentry/Wolf-Moon/install/nav2_common/lib/python3.8/site-packages:/opt/ros/galactic/lib/python3.8/site-packages:/opt/intel/openvino_2022/python/python3.8:/opt/intel/openvino_2022/python/python3 /usr/bin/cmake /home/sentry/Wolf-Moon/src/ThirdParty/navigation2/nav2_voxel_grid -DCMAKE_INSTALL_PREFIX=/home/sentry/Wolf-Moon/install/nav2_voxel_grid
[10.541s] -- The C compiler identification is GNU 9.4.0
[10.542s] -- The CXX compiler identification is GNU 9.4.0
[10.542s] -- Check for working C compiler: /usr/bin/cc
[10.542s] -- Check for working C compiler: /usr/bin/cc -- works
[10.542s] -- Detecting C compiler ABI info
[10.542s] -- Detecting C compiler ABI info - done
[10.542s] -- Detecting C compile features
[10.542s] -- Detecting C compile features - done
[10.542s] -- Check for working CXX compiler: /usr/bin/c++
[10.543s] -- Check for working CXX compiler: /usr/bin/c++ -- works
[10.543s] -- Detecting CXX compiler ABI info
[10.543s] -- Detecting CXX compiler ABI info - done
[10.543s] -- Detecting CXX compile features
[10.543s] -- Detecting CXX compile features - done
[10.543s] -- Found ament_cmake: 1.1.6 (/opt/ros/galactic/share/ament_cmake/cmake)
[10.543s] -- Found PythonInterp: /usr/bin/python3 (found suitable version "3.8.10", minimum required is "3") 
[10.543s] -- Using PYTHON_EXECUTABLE: /usr/bin/python3
[10.543s] -- Found nav2_common: 1.0.12 (/home/sentry/Wolf-Moon/install/nav2_common/share/nav2_common/cmake)
[10.543s] -- Found rclcpp: 9.2.2 (/opt/ros/galactic/share/rclcpp/cmake)
[10.544s] -- Using all available rosidl_typesupport_c: rosidl_typesupport_fastrtps_c;rosidl_typesupport_introspection_c
[10.544s] -- Found rosidl_adapter: 2.2.3 (/opt/ros/galactic/share/rosidl_adapter/cmake)
[10.544s] -- Found OpenSSL: /usr/lib/x86_64-linux-gnu/libcrypto.so (found version "1.1.1f")  
[10.544s] -- Found FastRTPS: /opt/ros/galactic/include  
[10.544s] -- Using all available rosidl_typesupport_cpp: rosidl_typesupport_fastrtps_cpp;rosidl_typesupport_introspection_cpp
[10.544s] -- Found rmw_implementation_cmake: 3.3.1 (/opt/ros/galactic/share/rmw_implementation_cmake/cmake)
[10.544s] -- Found rmw_cyclonedds_cpp: 0.22.6 (/opt/ros/galactic/share/rmw_cyclonedds_cpp/cmake)
[10.544s] -- Using RMW implementation 'rmw_cyclonedds_cpp' as default
[10.544s] -- Looking for pthread.h
[10.545s] -- Looking for pthread.h - found
[10.545s] -- Performing Test CMAKE_HAVE_LIBC_PTHREAD
[10.545s] -- Performing Test CMAKE_HAVE_LIBC_PTHREAD - Failed
[10.545s] -- Looking for pthread_create in pthreads
[10.545s] -- Looking for pthread_create in pthreads - not found
[10.545s] -- Looking for pthread_create in pthread
[10.545s] -- Looking for pthread_create in pthread - found
[10.545s] -- Found Threads: TRUE  
[10.545s] -- Setting build type to Release as none was specified.
[10.545s] -- Found ament_lint_auto: 0.10.7 (/opt/ros/galactic/share/ament_lint_auto/cmake)
[10.545s] -- Found gtest sources under '/opt/ros/galactic/src/gtest_vendor': C++ tests using 'Google Test' will be built
[10.546s] -- Check if compiler accepts -pthread
[10.546s] -- Check if compiler accepts -pthread - yes
[10.546s] -- Added test 'cppcheck' to perform static code analysis on C / C++ code
[10.546s] -- Configured cppcheck include dirs: /home/sentry/Wolf-Moon/src/ThirdParty/navigation2/nav2_voxel_grid/include
[10.546s] -- Configured cppcheck exclude dirs and/or files: 
[10.546s] -- Added test 'cpplint' to check C / C++ code against the Google style
[10.546s] -- Configured cpplint exclude dirs and/or files: 
[10.546s] -- Added test 'lint_cmake' to check CMake code style
[10.546s] -- Added test 'uncrustify' to check C / C++ code style
[10.546s] -- Configured uncrustify additional arguments: 
[10.546s] -- Added test 'xmllint' to check XML markup files
[10.546s] -- Configuring done
[10.547s] -- Generating done
[10.547s] -- Build files have been written to: /home/sentry/Wolf-Moon/build/nav2_voxel_grid
[10.555s] Invoked command in '/home/sentry/Wolf-Moon/build/nav2_voxel_grid' returned '0': AMENT_PREFIX_PATH=/home/sentry/Wolf-Moon/install/nav2_common:${AMENT_PREFIX_PATH} CMAKE_PREFIX_PATH=/home/sentry/Wolf-Moon/install/nav2_common:/opt/ros/galactic PYTHONPATH=/home/sentry/Wolf-Moon/install/nav2_common/lib/python3.8/site-packages:/opt/ros/galactic/lib/python3.8/site-packages:/opt/intel/openvino_2022/python/python3.8:/opt/intel/openvino_2022/python/python3 /usr/bin/cmake /home/sentry/Wolf-Moon/src/ThirdParty/navigation2/nav2_voxel_grid -DCMAKE_INSTALL_PREFIX=/home/sentry/Wolf-Moon/install/nav2_voxel_grid
[10.556s] Invoking command in '/home/sentry/Wolf-Moon/build/nav2_voxel_grid': AMENT_PREFIX_PATH=/home/sentry/Wolf-Moon/install/nav2_common:${AMENT_PREFIX_PATH} CMAKE_PREFIX_PATH=/home/sentry/Wolf-Moon/install/nav2_common:/opt/ros/galactic PYTHONPATH=/home/sentry/Wolf-Moon/install/nav2_common/lib/python3.8/site-packages:/opt/ros/galactic/lib/python3.8/site-packages:/opt/intel/openvino_2022/python/python3.8:/opt/intel/openvino_2022/python/python3 /usr/bin/cmake --build /home/sentry/Wolf-Moon/build/nav2_voxel_grid -- -j12 -l12
[11.053s] [35m[1mScanning dependencies of target voxel_grid[0m
[11.053s] [ 10%] [32mBuilding CXX object CMakeFiles/voxel_grid.dir/src/voxel_grid.cpp.o[0m
[14.584s] [ 20%] [32m[1mLinking CXX shared library libvoxel_grid.so[0m
[14.748s] [ 20%] Built target voxel_grid
[14.759s] [35m[1mScanning dependencies of target gtest_main[0m
[14.771s] [ 30%] [32mBuilding CXX object gtest/CMakeFiles/gtest_main.dir/src/gtest_main.cc.o[0m
[15.584s] [ 40%] [32m[1mLinking CXX static library libgtest_main.a[0m
[15.621s] [ 40%] Built target gtest_main
[15.635s] [35m[1mScanning dependencies of target gtest[0m
[15.657s] [ 50%] [32mBuilding CXX object gtest/CMakeFiles/gtest.dir/src/gtest-all.cc.o[0m
[24.655s] [ 60%] [32m[1mLinking CXX static library libgtest.a[0m
[24.701s] [ 60%] Built target gtest
[24.714s] [35m[1mScanning dependencies of target voxel_grid_bresenham_3d[0m
[24.765s] [ 70%] [32mBuilding CXX object test/CMakeFiles/voxel_grid_bresenham_3d.dir/voxel_grid_bresenham_3d.cpp.o[0m
[29.012s] [ 80%] [32m[1mLinking CXX executable voxel_grid_bresenham_3d[0m
[29.154s] [ 80%] Built target voxel_grid_bresenham_3d
[29.167s] [35m[1mScanning dependencies of target voxel_grid_tests[0m
[29.217s] [ 90%] [32mBuilding CXX object test/CMakeFiles/voxel_grid_tests.dir/voxel_grid_tests.cpp.o[0m
[33.370s] [100%] [32m[1mLinking CXX executable voxel_grid_tests[0m
[33.509s] [100%] Built target voxel_grid_tests
[33.523s] Invoked command in '/home/sentry/Wolf-Moon/build/nav2_voxel_grid' returned '0': AMENT_PREFIX_PATH=/home/sentry/Wolf-Moon/install/nav2_common:${AMENT_PREFIX_PATH} CMAKE_PREFIX_PATH=/home/sentry/Wolf-Moon/install/nav2_common:/opt/ros/galactic PYTHONPATH=/home/sentry/Wolf-Moon/install/nav2_common/lib/python3.8/site-packages:/opt/ros/galactic/lib/python3.8/site-packages:/opt/intel/openvino_2022/python/python3.8:/opt/intel/openvino_2022/python/python3 /usr/bin/cmake --build /home/sentry/Wolf-Moon/build/nav2_voxel_grid -- -j12 -l12
[33.527s] Invoking command in '/home/sentry/Wolf-Moon/build/nav2_voxel_grid': AMENT_PREFIX_PATH=/home/sentry/Wolf-Moon/install/nav2_common:${AMENT_PREFIX_PATH} CMAKE_PREFIX_PATH=/home/sentry/Wolf-Moon/install/nav2_common:/opt/ros/galactic PYTHONPATH=/home/sentry/Wolf-Moon/install/nav2_common/lib/python3.8/site-packages:/opt/ros/galactic/lib/python3.8/site-packages:/opt/intel/openvino_2022/python/python3.8:/opt/intel/openvino_2022/python/python3 /usr/bin/cmake --install /home/sentry/Wolf-Moon/build/nav2_voxel_grid
[33.537s] -- Install configuration: "Release"
[33.537s] -- Installing: /home/sentry/Wolf-Moon/install/nav2_voxel_grid/lib/libvoxel_grid.so
[33.537s] -- Set runtime path of "/home/sentry/Wolf-Moon/install/nav2_voxel_grid/lib/libvoxel_grid.so" to ""
[33.538s] -- Installing: /home/sentry/Wolf-Moon/install/nav2_voxel_grid/include
[33.538s] -- Installing: /home/sentry/Wolf-Moon/install/nav2_voxel_grid/include/nav2_voxel_grid
[33.538s] -- Installing: /home/sentry/Wolf-Moon/install/nav2_voxel_grid/include/nav2_voxel_grid/voxel_grid.hpp
[33.538s] -- Installing: /home/sentry/Wolf-Moon/install/nav2_voxel_grid/share/nav2_voxel_grid/environment/library_path.sh
[33.538s] -- Installing: /home/sentry/Wolf-Moon/install/nav2_voxel_grid/share/nav2_voxel_grid/environment/library_path.dsv
[33.539s] -- Installing: /home/sentry/Wolf-Moon/install/nav2_voxel_grid/share/ament_index/resource_index/package_run_dependencies/nav2_voxel_grid
[33.539s] -- Installing: /home/sentry/Wolf-Moon/install/nav2_voxel_grid/share/ament_index/resource_index/parent_prefix_path/nav2_voxel_grid
[33.539s] -- Installing: /home/sentry/Wolf-Moon/install/nav2_voxel_grid/share/nav2_voxel_grid/environment/ament_prefix_path.sh
[33.539s] -- Installing: /home/sentry/Wolf-Moon/install/nav2_voxel_grid/share/nav2_voxel_grid/environment/ament_prefix_path.dsv
[33.539s] -- Installing: /home/sentry/Wolf-Moon/install/nav2_voxel_grid/share/nav2_voxel_grid/environment/path.sh
[33.539s] -- Installing: /home/sentry/Wolf-Moon/install/nav2_voxel_grid/share/nav2_voxel_grid/environment/path.dsv
[33.539s] -- Installing: /home/sentry/Wolf-Moon/install/nav2_voxel_grid/share/nav2_voxel_grid/local_setup.bash
[33.540s] -- Installing: /home/sentry/Wolf-Moon/install/nav2_voxel_grid/share/nav2_voxel_grid/local_setup.sh
[33.540s] -- Installing: /home/sentry/Wolf-Moon/install/nav2_voxel_grid/share/nav2_voxel_grid/local_setup.zsh
[33.540s] -- Installing: /home/sentry/Wolf-Moon/install/nav2_voxel_grid/share/nav2_voxel_grid/local_setup.dsv
[33.540s] -- Installing: /home/sentry/Wolf-Moon/install/nav2_voxel_grid/share/nav2_voxel_grid/package.dsv
[33.540s] -- Installing: /home/sentry/Wolf-Moon/install/nav2_voxel_grid/share/ament_index/resource_index/packages/nav2_voxel_grid
[33.541s] -- Installing: /home/sentry/Wolf-Moon/install/nav2_voxel_grid/share/nav2_voxel_grid/cmake/ament_cmake_export_dependencies-extras.cmake
[33.541s] -- Installing: /home/sentry/Wolf-Moon/install/nav2_voxel_grid/share/nav2_voxel_grid/cmake/ament_cmake_export_include_directories-extras.cmake
[33.541s] -- Installing: /home/sentry/Wolf-Moon/install/nav2_voxel_grid/share/nav2_voxel_grid/cmake/ament_cmake_export_libraries-extras.cmake
[33.541s] -- Installing: /home/sentry/Wolf-Moon/install/nav2_voxel_grid/share/nav2_voxel_grid/cmake/nav2_voxel_gridConfig.cmake
[33.541s] -- Installing: /home/sentry/Wolf-Moon/install/nav2_voxel_grid/share/nav2_voxel_grid/cmake/nav2_voxel_gridConfig-version.cmake
[33.541s] -- Installing: /home/sentry/Wolf-Moon/install/nav2_voxel_grid/share/nav2_voxel_grid/package.xml
[33.544s] Invoked command in '/home/sentry/Wolf-Moon/build/nav2_voxel_grid' returned '0': AMENT_PREFIX_PATH=/home/sentry/Wolf-Moon/install/nav2_common:${AMENT_PREFIX_PATH} CMAKE_PREFIX_PATH=/home/sentry/Wolf-Moon/install/nav2_common:/opt/ros/galactic PYTHONPATH=/home/sentry/Wolf-Moon/install/nav2_common/lib/python3.8/site-packages:/opt/ros/galactic/lib/python3.8/site-packages:/opt/intel/openvino_2022/python/python3.8:/opt/intel/openvino_2022/python/python3 /usr/bin/cmake --install /home/sentry/Wolf-Moon/build/nav2_voxel_grid
