[0.045s] Invoking command in '/home/sentry/Wolf-Moon/build/ig_lio_c': AMENT_PREFIX_PATH=/home/sentry/Wolf-Moon/install/grid_map_pcl:/home/sentry/Wolf-Moon/install/grid_map_filters:/home/sentry/Wolf-Moon/install/nav2_map_server:/home/sentry/Wolf-Moon/install/grid_map_ros:/home/sentry/Wolf-Moon/install/nav2_util:/home/sentry/Wolf-Moon/install/grid_map_cv:/home/sentry/Wolf-Moon/install/nav2_msgs:/home/sentry/Wolf-Moon/install/grid_map_msgs:/home/sentry/Wolf-Moon/install/grid_map_core:/home/sentry/Wolf-Moon/install/nav2_common:/home/sentry/Wolf-Moon/install/livox_ros_driver2:/home/sentry/Wolf-Moon/install/ig_lio_c_msgs:/home/sentry/Wolf-Moon/install/grid_map_cmake_helpers:/home/sentry/Wolf-Moon/install/cv_bridge:${AMENT_PREFIX_PATH} CMAKE_PREFIX_PATH=/home/sentry/Wolf-Moon/install/grid_map_pcl:/home/sentry/Wolf-Moon/install/grid_map_filters:/home/sentry/Wolf-Moon/install/nav2_map_server:/home/sentry/Wolf-Moon/install/grid_map_ros:/home/sentry/Wolf-Moon/install/nav2_util:/home/sentry/Wolf-Moon/install/grid_map_cv:/home/sentry/Wolf-Moon/install/nav2_msgs:/home/sentry/Wolf-Moon/install/grid_map_msgs:/home/sentry/Wolf-Moon/install/grid_map_core:/home/sentry/Wolf-Moon/install/nav2_common:/home/sentry/Wolf-Moon/install/livox_ros_driver2:/home/sentry/Wolf-Moon/install/ig_lio_c_msgs:/home/sentry/Wolf-Moon/install/grid_map_cmake_helpers:/home/sentry/Wolf-Moon/install/cv_bridge:/opt/ros/galactic LD_LIBRARY_PATH=/home/sentry/Wolf-Moon/install/grid_map_pcl/lib:/home/sentry/Wolf-Moon/install/grid_map_filters/lib:/home/sentry/Wolf-Moon/install/nav2_map_server/lib:/home/sentry/Wolf-Moon/install/grid_map_ros/lib:/home/sentry/Wolf-Moon/install/nav2_util/lib:/home/sentry/Wolf-Moon/install/grid_map_cv/lib:/home/sentry/Wolf-Moon/install/nav2_msgs/lib:/home/sentry/Wolf-Moon/install/grid_map_msgs/lib:/home/sentry/Wolf-Moon/install/grid_map_core/lib:/home/sentry/Wolf-Moon/install/livox_ros_driver2/lib:/home/sentry/Wolf-Moon/install/ig_lio_c_msgs/lib:/home/sentry/Wolf-Moon/install/cv_bridge/lib:/opt/MVS/lib/64:/opt/MVS/lib/32:/home/sentry/TUP2024-Sentry-Framework/src/IG_LIO_SLAM/ThirdParty/octomap-Dynamic_point_cloud_removal/lib:/opt/intel/openvino_2022/tools/compile_tool:/opt/intel/openvino_2022/runtime/3rdparty/hddl/lib:/opt/intel/openvino_2022/runtime/lib/intel64:/opt/MVS/lib/64:/opt/MVS/lib/32:/usr/lib/x86_64-linux-gnu/gazebo-11/plugins:/opt/ros/galactic/opt/yaml_cpp_vendor/lib:/opt/ros/galactic/opt/rviz_ogre_vendor/lib:/opt/ros/galactic/lib/x86_64-linux-gnu:/opt/ros/galactic/lib:/home/sentry/TUP2024-Sentry-Framework/src/IG_LIO_SLAM/ThirdParty/octomap-Dynamic_point_cloud_removal/lib:/opt/intel/openvino_2022/tools/compile_tool:/opt/intel/openvino_2022/runtime/3rdparty/hddl/lib:/opt/intel/openvino_2022/runtime/lib/intel64:/opt/MVS/lib/64:/opt/MVS/lib/32:/opt/MVS/lib/64:/opt/MVS/lib/32:/usr/local/opencv4/lib:/usr/local/opencv4/lib PYTHONPATH=/home/sentry/Wolf-Moon/install/nav2_msgs/lib/python3.8/site-packages:/home/sentry/Wolf-Moon/install/grid_map_msgs/lib/python3.8/site-packages:/home/sentry/Wolf-Moon/install/nav2_common/lib/python3.8/site-packages:/home/sentry/Wolf-Moon/install/livox_ros_driver2/lib/python3.8/site-packages:/home/sentry/Wolf-Moon/install/ig_lio_c_msgs/lib/python3.8/site-packages:/home/sentry/Wolf-Moon/install/cv_bridge/lib/python3.8/site-packages:/opt/intel/openvino_2022/python/python3.8:/opt/intel/openvino_2022/python/python3:/opt/ros/galactic/lib/python3.8/site-packages:/opt/intel/openvino_2022/python/python3.8:/opt/intel/openvino_2022/python/python3 /usr/bin/cmake --build /home/sentry/Wolf-Moon/build/ig_lio_c -- -j12 -l12
[0.085s] -- Found ament_cmake: 1.1.6 (/opt/ros/galactic/share/ament_cmake/cmake)
[0.123s] -- Using PYTHON_EXECUTABLE: /usr/bin/python3
[0.209s] -- Found rclcpp: 9.2.2 (/opt/ros/galactic/share/rclcpp/cmake)
[0.255s] -- Using all available rosidl_typesupport_c: rosidl_typesupport_fastrtps_c;rosidl_typesupport_introspection_c
[0.260s] -- Found rosidl_adapter: 2.2.3 (/opt/ros/galactic/share/rosidl_adapter/cmake)
[0.419s] -- Using all available rosidl_typesupport_cpp: rosidl_typesupport_fastrtps_cpp;rosidl_typesupport_introspection_cpp
[0.485s] -- Found rmw_implementation_cmake: 3.3.1 (/opt/ros/galactic/share/rmw_implementation_cmake/cmake)
[0.487s] -- Found rmw_cyclonedds_cpp: 0.22.6 (/opt/ros/galactic/share/rmw_cyclonedds_cpp/cmake)
[0.510s] -- Using RMW implementation 'rmw_cyclonedds_cpp' as default
[0.620s] -- Found rclcpp_components: 9.2.2 (/opt/ros/galactic/share/rclcpp_components/cmake)
[0.655s] -- Found tf2: 0.17.5 (/opt/ros/galactic/share/tf2/cmake)
[0.690s] -- Found tf2_ros: 0.17.5 (/opt/ros/galactic/share/tf2_ros/cmake)
[0.881s] -- Found pcl_ros: 2.3.2 (/opt/ros/galactic/share/pcl_ros/cmake)
[1.151s] -- Found eigen3_cmake_module: 0.1.1 (/opt/ros/galactic/share/eigen3_cmake_module/cmake)
[1.152s] -- Found Eigen3: TRUE (found version "3.3.7") 
[1.186s] -- Eigen found (include: /usr/include/eigen3, version: 3.3.7)
[1.246s] -- The imported target "vtkParseOGLExt" references the file
[1.246s]    "/usr/bin/vtkParseOGLExt-7.1"
[1.246s] but this file does not exist.  Possible reasons include:
[1.246s] * The file was deleted, renamed, or moved to another location.
[1.246s] * An install or uninstall procedure did not complete successfully.
[1.246s] * The installation package was faulty and contained
[1.246s]    "/usr/lib/cmake/vtk-7.1/VTKTargets.cmake"
[1.247s] but not all the files it references.
[1.247s] 
[1.247s] -- The imported target "vtkRenderingPythonTkWidgets" references the file
[1.247s]    "/usr/lib/x86_64-linux-gnu/libvtkRenderingPythonTkWidgets.so"
[1.247s] but this file does not exist.  Possible reasons include:
[1.247s] * The file was deleted, renamed, or moved to another location.
[1.247s] * An install or uninstall procedure did not complete successfully.
[1.247s] * The installation package was faulty and contained
[1.247s]    "/usr/lib/cmake/vtk-7.1/VTKTargets.cmake"
[1.247s] but not all the files it references.
[1.247s] 
[1.247s] -- The imported target "vtk" references the file
[1.247s]    "/usr/bin/vtk"
[1.247s] but this file does not exist.  Possible reasons include:
[1.247s] * The file was deleted, renamed, or moved to another location.
[1.247s] * An install or uninstall procedure did not complete successfully.
[1.247s] * The installation package was faulty and contained
[1.247s]    "/usr/lib/cmake/vtk-7.1/VTKTargets.cmake"
[1.248s] but not all the files it references.
[1.248s] 
[1.248s] -- The imported target "pvtk" references the file
[1.248s]    "/usr/bin/pvtk"
[1.248s] but this file does not exist.  Possible reasons include:
[1.248s] * The file was deleted, renamed, or moved to another location.
[1.248s] * An install or uninstall procedure did not complete successfully.
[1.248s] * The installation package was faulty and contained
[1.248s]    "/usr/lib/cmake/vtk-7.1/VTKTargets.cmake"
[1.248s] but not all the files it references.
[1.248s] 
[1.265s] -- OpenNI found (include: /usr/include/ni, lib: /usr/lib/libOpenNI.so)
[1.272s] -- OpenNI2 found (include: /usr/include/openni2, lib: /usr/lib/libOpenNI2.so)
[1.285s] -- OpenNI found (include: /usr/include/ni, lib: /usr/lib/libOpenNI.so)
[1.292s] -- OpenNI2 found (include: /usr/include/openni2, lib: /usr/lib/libOpenNI2.so)
[1.308s] -- QHULL found (include: /usr/include, lib: optimized;/usr/lib/x86_64-linux-gnu/libqhull.so;debug;/usr/lib/x86_64-linux-gnu/libqhull.so)
[1.314s] -- OpenNI found (include: /usr/include/ni, lib: /usr/lib/libOpenNI.so)
[1.566s] -- Found nav_msgs: 2.2.4 (/opt/ros/galactic/share/nav_msgs/cmake)
[1.658s] -- Found visualization_msgs: 2.2.4 (/opt/ros/galactic/share/visualization_msgs/cmake)
[1.750s] -- Found livox_ros_driver2: 1.0.0 (/home/sentry/Wolf-Moon/install/livox_ros_driver2/share/livox_ros_driver2/cmake)
[1.935s] -- GTSAM include directory:  /usr/local/lib/cmake/GTSAM/../../../include
[1.937s] -- Found Eigen3: TRUE (found suitable version "3.3.7", minimum required is "3.3.7") 
[1.946s] -- Found grid_map_msgs: 2.0.0 (/home/sentry/Wolf-Moon/install/grid_map_msgs/share/grid_map_msgs/cmake)
[2.034s] -- Found grid_map_core: 2.0.0 (/home/sentry/Wolf-Moon/install/grid_map_core/share/grid_map_core/cmake)
[2.036s] -- Found grid_map_ros: 2.0.0 (/home/sentry/Wolf-Moon/install/grid_map_ros/share/grid_map_ros/cmake)
[2.701s] -- Found grid_map_pcl: 2.0.0 (/home/sentry/Wolf-Moon/install/grid_map_pcl/share/grid_map_pcl/cmake)
[2.703s] -- Found grid_map_filters: 2.0.0 (/home/sentry/Wolf-Moon/install/grid_map_filters/share/grid_map_filters/cmake)
[3.049s] -- Found ig_lio_c_msgs: 2.0.0 (/home/sentry/Wolf-Moon/install/ig_lio_c_msgs/share/ig_lio_c_msgs/cmake)
[3.139s] -- Found nav2_util: 1.0.12 (/home/sentry/Wolf-Moon/install/nav2_util/share/nav2_util/cmake)
[3.391s] -- Found nav2_map_server: 1.0.12 (/home/sentry/Wolf-Moon/install/nav2_map_server/share/nav2_map_server/cmake)
[8.912s] -- Found ament_lint_auto: 0.10.7 (/opt/ros/galactic/share/ament_lint_auto/cmake)
[8.960s] -- Added test 'copyright' to check source files copyright and LICENSE
[8.961s] -- Added test 'cppcheck' to perform static code analysis on C / C++ code
[8.962s] -- Configured cppcheck include dirs: /home/sentry/Wolf-Moon/src/localization_mapping/include
[8.962s] -- Configured cppcheck exclude dirs and/or files: 
[8.963s] -- Added test 'cpplint' to check C / C++ code against the Google style
[8.963s] -- Configured cpplint exclude dirs and/or files: 
[8.963s] -- Added test 'flake8' to check Python code syntax and style conventions
[8.963s] -- Added test 'lint_cmake' to check CMake code style
[8.964s] -- Added test 'pep257' to check Python code against some of the style conventions in PEP 257
[8.964s] -- Added test 'uncrustify' to check C / C++ code style
[8.964s] -- Configured uncrustify additional arguments: 
[8.965s] -- Added test 'xmllint' to check XML markup files
[8.967s] -- Configuring done
[9.119s] -- Generating done
[9.202s] -- Build files have been written to: /home/sentry/Wolf-Moon/build/ig_lio_c
[9.254s] [35m[1mScanning dependencies of target map_builder_node[0m
[9.255s] [ 20%] Built target map_converter_node
[9.326s] make[2]: Warning: File '/home/sentry/Wolf-Moon/src/localization_mapping/src/map_builder_node.cpp' has modification time 75377 s in the future
[9.337s] [ 30%] [32mBuilding CXX object CMakeFiles/map_builder_node.dir/src/map_builder_node.cpp.o[0m
[15.408s] In file included from [01m[K/home/sentry/Wolf-Moon/src/localization_mapping/src/../include/map_builder_node.hpp:40[m[K,
[15.408s]                  from [01m[K/home/sentry/Wolf-Moon/src/localization_mapping/src/map_builder_node.cpp:1[m[K:
[15.408s] [01m[K/home/sentry/Wolf-Moon/src/localization_mapping/src/../include/./ig_lio_c/icp_localizer.hpp:[m[K In constructor ‘[01m[KIG_LIO::IcpLocalizer::IcpLocalizer()[m[K’:
[15.408s] [01m[K/home/sentry/Wolf-Moon/src/localization_mapping/src/../include/./ig_lio_c/icp_localizer.hpp:30:16:[m[K [01;35m[Kwarning: [m[K‘[01m[KIG_LIO::IcpLocalizer::refine_resolution_[m[K’ will be initialized after [[01;35m[K-Wreorder[m[K]
[15.408s]    30 |         double [01;35m[Krefine_resolution_[m[K;
[15.409s]       |                [01;35m[K^~~~~~~~~~~~~~~~~~[m[K
[15.409s] [01m[K/home/sentry/Wolf-Moon/src/localization_mapping/src/../include/./ig_lio_c/icp_localizer.hpp:29:16:[m[K [01;35m[Kwarning: [m[K  ‘[01m[Kdouble IG_LIO::IcpLocalizer::rough_resolution_[m[K’ [[01;35m[K-Wreorder[m[K]
[15.409s]    29 |         double [01;35m[Krough_resolution_[m[K;
[15.409s]       |                [01;35m[K^~~~~~~~~~~~~~~~~[m[K
[15.409s] [01m[K/home/sentry/Wolf-Moon/src/localization_mapping/src/../include/./ig_lio_c/icp_localizer.hpp:36:9:[m[K [01;35m[Kwarning: [m[K  when initialized here [[01;35m[K-Wreorder[m[K]
[15.409s]    36 |         [01;35m[KIcpLocalizer[m[K()
[15.409s]       |         [01;35m[K^~~~~~~~~~~~[m[K
[15.409s] [01m[K/home/sentry/Wolf-Moon/src/localization_mapping/src/../include/./ig_lio_c/icp_localizer.hpp:32:13:[m[K [01;35m[Kwarning: [m[K‘[01m[KIG_LIO::IcpLocalizer::refine_iter_[m[K’ will be initialized after [[01;35m[K-Wreorder[m[K]
[15.409s]    32 |         int [01;35m[Krefine_iter_[m[K;
[15.409s]       |             [01;35m[K^~~~~~~~~~~~[m[K
[15.409s] [01m[K/home/sentry/Wolf-Moon/src/localization_mapping/src/../include/./ig_lio_c/icp_localizer.hpp:31:13:[m[K [01;35m[Kwarning: [m[K  ‘[01m[Kint IG_LIO::IcpLocalizer::rough_iter_[m[K’ [[01;35m[K-Wreorder[m[K]
[15.409s]    31 |         int [01;35m[Krough_iter_[m[K;
[15.410s]       |             [01;35m[K^~~~~~~~~~~[m[K
[15.410s] [01m[K/home/sentry/Wolf-Moon/src/localization_mapping/src/../include/./ig_lio_c/icp_localizer.hpp:36:9:[m[K [01;35m[Kwarning: [m[K  when initialized here [[01;35m[K-Wreorder[m[K]
[15.410s]    36 |         [01;35m[KIcpLocalizer[m[K()
[15.410s]       |         [01;35m[K^~~~~~~~~~~~[m[K
[15.410s] [01m[K/home/sentry/Wolf-Moon/src/localization_mapping/src/../include/./ig_lio_c/icp_localizer.hpp:[m[K In constructor ‘[01m[KIG_LIO::IcpLocalizer::IcpLocalizer(double, double, int, int, double)[m[K’:
[15.410s] [01m[K/home/sentry/Wolf-Moon/src/localization_mapping/src/../include/./ig_lio_c/icp_localizer.hpp:30:16:[m[K [01;35m[Kwarning: [m[K‘[01m[KIG_LIO::IcpLocalizer::refine_resolution_[m[K’ will be initialized after [[01;35m[K-Wreorder[m[K]
[15.410s]    30 |         double [01;35m[Krefine_resolution_[m[K;
[15.410s]       |                [01;35m[K^~~~~~~~~~~~~~~~~~[m[K
[15.410s] [01m[K/home/sentry/Wolf-Moon/src/localization_mapping/src/../include/./ig_lio_c/icp_localizer.hpp:29:16:[m[K [01;35m[Kwarning: [m[K  ‘[01m[Kdouble IG_LIO::IcpLocalizer::rough_resolution_[m[K’ [[01;35m[K-Wreorder[m[K]
[15.410s]    29 |         double [01;35m[Krough_resolution_[m[K;
[15.410s]       |                [01;35m[K^~~~~~~~~~~~~~~~~[m[K
[15.410s] [01m[K/home/sentry/Wolf-Moon/src/localization_mapping/src/../include/./ig_lio_c/icp_localizer.hpp:46:9:[m[K [01;35m[Kwarning: [m[K  when initialized here [[01;35m[K-Wreorder[m[K]
[15.411s]    46 |         [01;35m[KIcpLocalizer[m[K(double refine_resolution, double rough_resolution, int refine_iter, int rough_iter, double thresh)
[15.411s]       |         [01;35m[K^~~~~~~~~~~~[m[K
[15.411s] [01m[K/home/sentry/Wolf-Moon/src/localization_mapping/src/../include/./ig_lio_c/icp_localizer.hpp:32:13:[m[K [01;35m[Kwarning: [m[K‘[01m[KIG_LIO::IcpLocalizer::refine_iter_[m[K’ will be initialized after [[01;35m[K-Wreorder[m[K]
[15.411s]    32 |         int [01;35m[Krefine_iter_[m[K;
[15.411s]       |             [01;35m[K^~~~~~~~~~~~[m[K
[15.411s] [01m[K/home/sentry/Wolf-Moon/src/localization_mapping/src/../include/./ig_lio_c/icp_localizer.hpp:31:13:[m[K [01;35m[Kwarning: [m[K  ‘[01m[Kint IG_LIO::IcpLocalizer::rough_iter_[m[K’ [[01;35m[K-Wreorder[m[K]
[15.411s]    31 |         int [01;35m[Krough_iter_[m[K;
[15.411s]       |             [01;35m[K^~~~~~~~~~~[m[K
[15.411s] [01m[K/home/sentry/Wolf-Moon/src/localization_mapping/src/../include/./ig_lio_c/icp_localizer.hpp:46:9:[m[K [01;35m[Kwarning: [m[K  when initialized here [[01;35m[K-Wreorder[m[K]
[15.411s]    46 |         [01;35m[KIcpLocalizer[m[K(double refine_resolution, double rough_resolution, int refine_iter, int rough_iter, double thresh)
[15.411s]       |         [01;35m[K^~~~~~~~~~~~[m[K
[70.769s] [ 40%] [32m[1mLinking CXX executable map_builder_node[0m
[72.191s] make[2]: warning:  Clock skew detected.  Your build may be incomplete.
[72.199s] [100%] Built target map_builder_node
[72.209s] Invoked command in '/home/sentry/Wolf-Moon/build/ig_lio_c' returned '0': AMENT_PREFIX_PATH=/home/sentry/Wolf-Moon/install/grid_map_pcl:/home/sentry/Wolf-Moon/install/grid_map_filters:/home/sentry/Wolf-Moon/install/nav2_map_server:/home/sentry/Wolf-Moon/install/grid_map_ros:/home/sentry/Wolf-Moon/install/nav2_util:/home/sentry/Wolf-Moon/install/grid_map_cv:/home/sentry/Wolf-Moon/install/nav2_msgs:/home/sentry/Wolf-Moon/install/grid_map_msgs:/home/sentry/Wolf-Moon/install/grid_map_core:/home/sentry/Wolf-Moon/install/nav2_common:/home/sentry/Wolf-Moon/install/livox_ros_driver2:/home/sentry/Wolf-Moon/install/ig_lio_c_msgs:/home/sentry/Wolf-Moon/install/grid_map_cmake_helpers:/home/sentry/Wolf-Moon/install/cv_bridge:${AMENT_PREFIX_PATH} CMAKE_PREFIX_PATH=/home/sentry/Wolf-Moon/install/grid_map_pcl:/home/sentry/Wolf-Moon/install/grid_map_filters:/home/sentry/Wolf-Moon/install/nav2_map_server:/home/sentry/Wolf-Moon/install/grid_map_ros:/home/sentry/Wolf-Moon/install/nav2_util:/home/sentry/Wolf-Moon/install/grid_map_cv:/home/sentry/Wolf-Moon/install/nav2_msgs:/home/sentry/Wolf-Moon/install/grid_map_msgs:/home/sentry/Wolf-Moon/install/grid_map_core:/home/sentry/Wolf-Moon/install/nav2_common:/home/sentry/Wolf-Moon/install/livox_ros_driver2:/home/sentry/Wolf-Moon/install/ig_lio_c_msgs:/home/sentry/Wolf-Moon/install/grid_map_cmake_helpers:/home/sentry/Wolf-Moon/install/cv_bridge:/opt/ros/galactic LD_LIBRARY_PATH=/home/sentry/Wolf-Moon/install/grid_map_pcl/lib:/home/sentry/Wolf-Moon/install/grid_map_filters/lib:/home/sentry/Wolf-Moon/install/nav2_map_server/lib:/home/sentry/Wolf-Moon/install/grid_map_ros/lib:/home/sentry/Wolf-Moon/install/nav2_util/lib:/home/sentry/Wolf-Moon/install/grid_map_cv/lib:/home/sentry/Wolf-Moon/install/nav2_msgs/lib:/home/sentry/Wolf-Moon/install/grid_map_msgs/lib:/home/sentry/Wolf-Moon/install/grid_map_core/lib:/home/sentry/Wolf-Moon/install/livox_ros_driver2/lib:/home/sentry/Wolf-Moon/install/ig_lio_c_msgs/lib:/home/sentry/Wolf-Moon/install/cv_bridge/lib:/opt/MVS/lib/64:/opt/MVS/lib/32:/home/sentry/TUP2024-Sentry-Framework/src/IG_LIO_SLAM/ThirdParty/octomap-Dynamic_point_cloud_removal/lib:/opt/intel/openvino_2022/tools/compile_tool:/opt/intel/openvino_2022/runtime/3rdparty/hddl/lib:/opt/intel/openvino_2022/runtime/lib/intel64:/opt/MVS/lib/64:/opt/MVS/lib/32:/usr/lib/x86_64-linux-gnu/gazebo-11/plugins:/opt/ros/galactic/opt/yaml_cpp_vendor/lib:/opt/ros/galactic/opt/rviz_ogre_vendor/lib:/opt/ros/galactic/lib/x86_64-linux-gnu:/opt/ros/galactic/lib:/home/sentry/TUP2024-Sentry-Framework/src/IG_LIO_SLAM/ThirdParty/octomap-Dynamic_point_cloud_removal/lib:/opt/intel/openvino_2022/tools/compile_tool:/opt/intel/openvino_2022/runtime/3rdparty/hddl/lib:/opt/intel/openvino_2022/runtime/lib/intel64:/opt/MVS/lib/64:/opt/MVS/lib/32:/opt/MVS/lib/64:/opt/MVS/lib/32:/usr/local/opencv4/lib:/usr/local/opencv4/lib PYTHONPATH=/home/sentry/Wolf-Moon/install/nav2_msgs/lib/python3.8/site-packages:/home/sentry/Wolf-Moon/install/grid_map_msgs/lib/python3.8/site-packages:/home/sentry/Wolf-Moon/install/nav2_common/lib/python3.8/site-packages:/home/sentry/Wolf-Moon/install/livox_ros_driver2/lib/python3.8/site-packages:/home/sentry/Wolf-Moon/install/ig_lio_c_msgs/lib/python3.8/site-packages:/home/sentry/Wolf-Moon/install/cv_bridge/lib/python3.8/site-packages:/opt/intel/openvino_2022/python/python3.8:/opt/intel/openvino_2022/python/python3:/opt/ros/galactic/lib/python3.8/site-packages:/opt/intel/openvino_2022/python/python3.8:/opt/intel/openvino_2022/python/python3 /usr/bin/cmake --build /home/sentry/Wolf-Moon/build/ig_lio_c -- -j12 -l12
[72.212s] Invoking command in '/home/sentry/Wolf-Moon/build/ig_lio_c': AMENT_PREFIX_PATH=/home/sentry/Wolf-Moon/install/grid_map_pcl:/home/sentry/Wolf-Moon/install/grid_map_filters:/home/sentry/Wolf-Moon/install/nav2_map_server:/home/sentry/Wolf-Moon/install/grid_map_ros:/home/sentry/Wolf-Moon/install/nav2_util:/home/sentry/Wolf-Moon/install/grid_map_cv:/home/sentry/Wolf-Moon/install/nav2_msgs:/home/sentry/Wolf-Moon/install/grid_map_msgs:/home/sentry/Wolf-Moon/install/grid_map_core:/home/sentry/Wolf-Moon/install/nav2_common:/home/sentry/Wolf-Moon/install/livox_ros_driver2:/home/sentry/Wolf-Moon/install/ig_lio_c_msgs:/home/sentry/Wolf-Moon/install/grid_map_cmake_helpers:/home/sentry/Wolf-Moon/install/cv_bridge:${AMENT_PREFIX_PATH} CMAKE_PREFIX_PATH=/home/sentry/Wolf-Moon/install/grid_map_pcl:/home/sentry/Wolf-Moon/install/grid_map_filters:/home/sentry/Wolf-Moon/install/nav2_map_server:/home/sentry/Wolf-Moon/install/grid_map_ros:/home/sentry/Wolf-Moon/install/nav2_util:/home/sentry/Wolf-Moon/install/grid_map_cv:/home/sentry/Wolf-Moon/install/nav2_msgs:/home/sentry/Wolf-Moon/install/grid_map_msgs:/home/sentry/Wolf-Moon/install/grid_map_core:/home/sentry/Wolf-Moon/install/nav2_common:/home/sentry/Wolf-Moon/install/livox_ros_driver2:/home/sentry/Wolf-Moon/install/ig_lio_c_msgs:/home/sentry/Wolf-Moon/install/grid_map_cmake_helpers:/home/sentry/Wolf-Moon/install/cv_bridge:/opt/ros/galactic LD_LIBRARY_PATH=/home/sentry/Wolf-Moon/install/grid_map_pcl/lib:/home/sentry/Wolf-Moon/install/grid_map_filters/lib:/home/sentry/Wolf-Moon/install/nav2_map_server/lib:/home/sentry/Wolf-Moon/install/grid_map_ros/lib:/home/sentry/Wolf-Moon/install/nav2_util/lib:/home/sentry/Wolf-Moon/install/grid_map_cv/lib:/home/sentry/Wolf-Moon/install/nav2_msgs/lib:/home/sentry/Wolf-Moon/install/grid_map_msgs/lib:/home/sentry/Wolf-Moon/install/grid_map_core/lib:/home/sentry/Wolf-Moon/install/livox_ros_driver2/lib:/home/sentry/Wolf-Moon/install/ig_lio_c_msgs/lib:/home/sentry/Wolf-Moon/install/cv_bridge/lib:/opt/MVS/lib/64:/opt/MVS/lib/32:/home/sentry/TUP2024-Sentry-Framework/src/IG_LIO_SLAM/ThirdParty/octomap-Dynamic_point_cloud_removal/lib:/opt/intel/openvino_2022/tools/compile_tool:/opt/intel/openvino_2022/runtime/3rdparty/hddl/lib:/opt/intel/openvino_2022/runtime/lib/intel64:/opt/MVS/lib/64:/opt/MVS/lib/32:/usr/lib/x86_64-linux-gnu/gazebo-11/plugins:/opt/ros/galactic/opt/yaml_cpp_vendor/lib:/opt/ros/galactic/opt/rviz_ogre_vendor/lib:/opt/ros/galactic/lib/x86_64-linux-gnu:/opt/ros/galactic/lib:/home/sentry/TUP2024-Sentry-Framework/src/IG_LIO_SLAM/ThirdParty/octomap-Dynamic_point_cloud_removal/lib:/opt/intel/openvino_2022/tools/compile_tool:/opt/intel/openvino_2022/runtime/3rdparty/hddl/lib:/opt/intel/openvino_2022/runtime/lib/intel64:/opt/MVS/lib/64:/opt/MVS/lib/32:/opt/MVS/lib/64:/opt/MVS/lib/32:/usr/local/opencv4/lib:/usr/local/opencv4/lib PYTHONPATH=/home/sentry/Wolf-Moon/install/nav2_msgs/lib/python3.8/site-packages:/home/sentry/Wolf-Moon/install/grid_map_msgs/lib/python3.8/site-packages:/home/sentry/Wolf-Moon/install/nav2_common/lib/python3.8/site-packages:/home/sentry/Wolf-Moon/install/livox_ros_driver2/lib/python3.8/site-packages:/home/sentry/Wolf-Moon/install/ig_lio_c_msgs/lib/python3.8/site-packages:/home/sentry/Wolf-Moon/install/cv_bridge/lib/python3.8/site-packages:/opt/intel/openvino_2022/python/python3.8:/opt/intel/openvino_2022/python/python3:/opt/ros/galactic/lib/python3.8/site-packages:/opt/intel/openvino_2022/python/python3.8:/opt/intel/openvino_2022/python/python3 /usr/bin/cmake --install /home/sentry/Wolf-Moon/build/ig_lio_c
[72.219s] -- Install configuration: "Release"
[72.219s] -- Installing: /home/sentry/Wolf-Moon/install/ig_lio_c/lib/ig_lio_c/map_builder_node
[72.221s] -- Set runtime path of "/home/sentry/Wolf-Moon/install/ig_lio_c/lib/ig_lio_c/map_builder_node" to ""
[72.221s] -- Up-to-date: /home/sentry/Wolf-Moon/install/ig_lio_c/lib/ig_lio_c/map_converter_node
[72.221s] -- Up-to-date: /home/sentry/Wolf-Moon/install/ig_lio_c/share/ig_lio_c/launch
[72.221s] -- Up-to-date: /home/sentry/Wolf-Moon/install/ig_lio_c/share/ig_lio_c/launch/map_mapping_launch.py
[72.221s] -- Up-to-date: /home/sentry/Wolf-Moon/install/ig_lio_c/share/ig_lio_c/config
[72.221s] -- Up-to-date: /home/sentry/Wolf-Moon/install/ig_lio_c/share/ig_lio_c/config/parameters.yaml
[72.221s] -- Up-to-date: /home/sentry/Wolf-Moon/install/ig_lio_c/share/ig_lio_c/config/config_fg.yaml
[72.221s] -- Up-to-date: /home/sentry/Wolf-Moon/install/ig_lio_c/share/ament_index/resource_index/package_run_dependencies/ig_lio_c
[72.221s] -- Up-to-date: /home/sentry/Wolf-Moon/install/ig_lio_c/share/ament_index/resource_index/parent_prefix_path/ig_lio_c
[72.221s] -- Up-to-date: /home/sentry/Wolf-Moon/install/ig_lio_c/share/ig_lio_c/environment/ament_prefix_path.sh
[72.222s] -- Installing: /home/sentry/Wolf-Moon/install/ig_lio_c/share/ig_lio_c/environment/ament_prefix_path.dsv
[72.222s] -- Up-to-date: /home/sentry/Wolf-Moon/install/ig_lio_c/share/ig_lio_c/environment/path.sh
[72.222s] -- Installing: /home/sentry/Wolf-Moon/install/ig_lio_c/share/ig_lio_c/environment/path.dsv
[72.223s] -- Up-to-date: /home/sentry/Wolf-Moon/install/ig_lio_c/share/ig_lio_c/local_setup.bash
[72.224s] -- Up-to-date: /home/sentry/Wolf-Moon/install/ig_lio_c/share/ig_lio_c/local_setup.sh
[72.224s] -- Up-to-date: /home/sentry/Wolf-Moon/install/ig_lio_c/share/ig_lio_c/local_setup.zsh
[72.225s] -- Installing: /home/sentry/Wolf-Moon/install/ig_lio_c/share/ig_lio_c/local_setup.dsv
[72.225s] -- Installing: /home/sentry/Wolf-Moon/install/ig_lio_c/share/ig_lio_c/package.dsv
[72.225s] -- Up-to-date: /home/sentry/Wolf-Moon/install/ig_lio_c/share/ament_index/resource_index/packages/ig_lio_c
[72.225s] -- Up-to-date: /home/sentry/Wolf-Moon/install/ig_lio_c/share/ig_lio_c/cmake/ig_lio_cConfig.cmake
[72.225s] -- Up-to-date: /home/sentry/Wolf-Moon/install/ig_lio_c/share/ig_lio_c/cmake/ig_lio_cConfig-version.cmake
[72.225s] -- Up-to-date: /home/sentry/Wolf-Moon/install/ig_lio_c/share/ig_lio_c/package.xml
[72.225s] Invoked command in '/home/sentry/Wolf-Moon/build/ig_lio_c' returned '0': AMENT_PREFIX_PATH=/home/sentry/Wolf-Moon/install/grid_map_pcl:/home/sentry/Wolf-Moon/install/grid_map_filters:/home/sentry/Wolf-Moon/install/nav2_map_server:/home/sentry/Wolf-Moon/install/grid_map_ros:/home/sentry/Wolf-Moon/install/nav2_util:/home/sentry/Wolf-Moon/install/grid_map_cv:/home/sentry/Wolf-Moon/install/nav2_msgs:/home/sentry/Wolf-Moon/install/grid_map_msgs:/home/sentry/Wolf-Moon/install/grid_map_core:/home/sentry/Wolf-Moon/install/nav2_common:/home/sentry/Wolf-Moon/install/livox_ros_driver2:/home/sentry/Wolf-Moon/install/ig_lio_c_msgs:/home/sentry/Wolf-Moon/install/grid_map_cmake_helpers:/home/sentry/Wolf-Moon/install/cv_bridge:${AMENT_PREFIX_PATH} CMAKE_PREFIX_PATH=/home/sentry/Wolf-Moon/install/grid_map_pcl:/home/sentry/Wolf-Moon/install/grid_map_filters:/home/sentry/Wolf-Moon/install/nav2_map_server:/home/sentry/Wolf-Moon/install/grid_map_ros:/home/sentry/Wolf-Moon/install/nav2_util:/home/sentry/Wolf-Moon/install/grid_map_cv:/home/sentry/Wolf-Moon/install/nav2_msgs:/home/sentry/Wolf-Moon/install/grid_map_msgs:/home/sentry/Wolf-Moon/install/grid_map_core:/home/sentry/Wolf-Moon/install/nav2_common:/home/sentry/Wolf-Moon/install/livox_ros_driver2:/home/sentry/Wolf-Moon/install/ig_lio_c_msgs:/home/sentry/Wolf-Moon/install/grid_map_cmake_helpers:/home/sentry/Wolf-Moon/install/cv_bridge:/opt/ros/galactic LD_LIBRARY_PATH=/home/sentry/Wolf-Moon/install/grid_map_pcl/lib:/home/sentry/Wolf-Moon/install/grid_map_filters/lib:/home/sentry/Wolf-Moon/install/nav2_map_server/lib:/home/sentry/Wolf-Moon/install/grid_map_ros/lib:/home/sentry/Wolf-Moon/install/nav2_util/lib:/home/sentry/Wolf-Moon/install/grid_map_cv/lib:/home/sentry/Wolf-Moon/install/nav2_msgs/lib:/home/sentry/Wolf-Moon/install/grid_map_msgs/lib:/home/sentry/Wolf-Moon/install/grid_map_core/lib:/home/sentry/Wolf-Moon/install/livox_ros_driver2/lib:/home/sentry/Wolf-Moon/install/ig_lio_c_msgs/lib:/home/sentry/Wolf-Moon/install/cv_bridge/lib:/opt/MVS/lib/64:/opt/MVS/lib/32:/home/sentry/TUP2024-Sentry-Framework/src/IG_LIO_SLAM/ThirdParty/octomap-Dynamic_point_cloud_removal/lib:/opt/intel/openvino_2022/tools/compile_tool:/opt/intel/openvino_2022/runtime/3rdparty/hddl/lib:/opt/intel/openvino_2022/runtime/lib/intel64:/opt/MVS/lib/64:/opt/MVS/lib/32:/usr/lib/x86_64-linux-gnu/gazebo-11/plugins:/opt/ros/galactic/opt/yaml_cpp_vendor/lib:/opt/ros/galactic/opt/rviz_ogre_vendor/lib:/opt/ros/galactic/lib/x86_64-linux-gnu:/opt/ros/galactic/lib:/home/sentry/TUP2024-Sentry-Framework/src/IG_LIO_SLAM/ThirdParty/octomap-Dynamic_point_cloud_removal/lib:/opt/intel/openvino_2022/tools/compile_tool:/opt/intel/openvino_2022/runtime/3rdparty/hddl/lib:/opt/intel/openvino_2022/runtime/lib/intel64:/opt/MVS/lib/64:/opt/MVS/lib/32:/opt/MVS/lib/64:/opt/MVS/lib/32:/usr/local/opencv4/lib:/usr/local/opencv4/lib PYTHONPATH=/home/sentry/Wolf-Moon/install/nav2_msgs/lib/python3.8/site-packages:/home/sentry/Wolf-Moon/install/grid_map_msgs/lib/python3.8/site-packages:/home/sentry/Wolf-Moon/install/nav2_common/lib/python3.8/site-packages:/home/sentry/Wolf-Moon/install/livox_ros_driver2/lib/python3.8/site-packages:/home/sentry/Wolf-Moon/install/ig_lio_c_msgs/lib/python3.8/site-packages:/home/sentry/Wolf-Moon/install/cv_bridge/lib/python3.8/site-packages:/opt/intel/openvino_2022/python/python3.8:/opt/intel/openvino_2022/python/python3:/opt/ros/galactic/lib/python3.8/site-packages:/opt/intel/openvino_2022/python/python3.8:/opt/intel/openvino_2022/python/python3 /usr/bin/cmake --install /home/sentry/Wolf-Moon/build/ig_lio_c
