running egg_info
creating ../../build/fake_msg_publisher/fake_msg_publisher.egg-info
writing ../../build/fake_msg_publisher/fake_msg_publisher.egg-info/PKG-INFO
writing dependency_links to ../../build/fake_msg_publisher/fake_msg_publisher.egg-info/dependency_links.txt
writing entry points to ../../build/fake_msg_publisher/fake_msg_publisher.egg-info/entry_points.txt
writing requirements to ../../build/fake_msg_publisher/fake_msg_publisher.egg-info/requires.txt
writing top-level names to ../../build/fake_msg_publisher/fake_msg_publisher.egg-info/top_level.txt
writing manifest file '../../build/fake_msg_publisher/fake_msg_publisher.egg-info/SOURCES.txt'
reading manifest file '../../build/fake_msg_publisher/fake_msg_publisher.egg-info/SOURCES.txt'
writing manifest file '../../build/fake_msg_publisher/fake_msg_publisher.egg-info/SOURCES.txt'
running build
running build_py
creating /home/sentry/Wolf-Moon/build/fake_msg_publisher/build
creating /home/sentry/Wolf-Moon/build/fake_msg_publisher/build/lib
creating /home/sentry/Wolf-Moon/build/fake_msg_publisher/build/lib/fake_msg_publisher
copying fake_msg_publisher/__init__.py -> /home/sentry/Wolf-Moon/build/fake_msg_publisher/build/lib/fake_msg_publisher
copying fake_msg_publisher/fake_msg_publisher_node.py -> /home/sentry/Wolf-Moon/build/fake_msg_publisher/build/lib/fake_msg_publisher
running install
running install_lib
creating /home/sentry/Wolf-Moon/install/fake_msg_publisher/lib/python3.8/site-packages/fake_msg_publisher
copying /home/sentry/Wolf-Moon/build/fake_msg_publisher/build/lib/fake_msg_publisher/__init__.py -> /home/sentry/Wolf-Moon/install/fake_msg_publisher/lib/python3.8/site-packages/fake_msg_publisher
copying /home/sentry/Wolf-Moon/build/fake_msg_publisher/build/lib/fake_msg_publisher/fake_msg_publisher_node.py -> /home/sentry/Wolf-Moon/install/fake_msg_publisher/lib/python3.8/site-packages/fake_msg_publisher
byte-compiling /home/sentry/Wolf-Moon/install/fake_msg_publisher/lib/python3.8/site-packages/fake_msg_publisher/__init__.py to __init__.cpython-38.pyc
byte-compiling /home/sentry/Wolf-Moon/install/fake_msg_publisher/lib/python3.8/site-packages/fake_msg_publisher/fake_msg_publisher_node.py to fake_msg_publisher_node.cpython-38.pyc
running install_data
creating /home/sentry/Wolf-Moon/install/fake_msg_publisher/share/ament_index
creating /home/sentry/Wolf-Moon/install/fake_msg_publisher/share/ament_index/resource_index
creating /home/sentry/Wolf-Moon/install/fake_msg_publisher/share/ament_index/resource_index/packages
copying resource/fake_msg_publisher -> /home/sentry/Wolf-Moon/install/fake_msg_publisher/share/ament_index/resource_index/packages
copying package.xml -> /home/sentry/Wolf-Moon/install/fake_msg_publisher/share/fake_msg_publisher
running install_egg_info
Copying ../../build/fake_msg_publisher/fake_msg_publisher.egg-info to /home/sentry/Wolf-Moon/install/fake_msg_publisher/lib/python3.8/site-packages/fake_msg_publisher-0.0.0-py3.8.egg-info
running install_scripts
Installing fake_msg_publisher_node script to /home/sentry/Wolf-Moon/install/fake_msg_publisher/lib/fake_msg_publisher
writing list of installed files to '/home/sentry/Wolf-Moon/build/fake_msg_publisher/install.log'
