[0.069s] Invoking command in '/home/sentry/Wolf-Moon/build/nav2_lifecycle_manager': AMENT_PREFIX_PATH=/home/sentry/Wolf-Moon/install/nav2_util:/home/sentry/Wolf-Moon/install/nav2_msgs:/home/sentry/Wolf-Moon/install/nav2_common:${AMENT_PREFIX_PATH} CMAKE_PREFIX_PATH=/home/sentry/Wolf-Moon/install/nav2_util:/home/sentry/Wolf-Moon/install/nav2_msgs:/home/sentry/Wolf-Moon/install/nav2_common:/opt/ros/galactic LD_LIBRARY_PATH=/home/sentry/Wolf-Moon/install/nav2_util/lib:/home/sentry/Wolf-Moon/install/nav2_msgs/lib:/opt/MVS/lib/64:/opt/MVS/lib/32:/home/sentry/TUP2024-Sentry-Framework/src/IG_LIO_SLAM/ThirdParty/octomap-Dynamic_point_cloud_removal/lib:/opt/intel/openvino_2022/tools/compile_tool:/opt/intel/openvino_2022/runtime/3rdparty/hddl/lib:/opt/intel/openvino_2022/runtime/lib/intel64:/opt/MVS/lib/64:/opt/MVS/lib/32:/usr/lib/x86_64-linux-gnu/gazebo-11/plugins:/opt/ros/galactic/opt/yaml_cpp_vendor/lib:/opt/ros/galactic/opt/rviz_ogre_vendor/lib:/opt/ros/galactic/lib/x86_64-linux-gnu:/opt/ros/galactic/lib:/home/sentry/TUP2024-Sentry-Framework/src/IG_LIO_SLAM/ThirdParty/octomap-Dynamic_point_cloud_removal/lib:/opt/intel/openvino_2022/tools/compile_tool:/opt/intel/openvino_2022/runtime/3rdparty/hddl/lib:/opt/intel/openvino_2022/runtime/lib/intel64:/opt/MVS/lib/64:/opt/MVS/lib/32:/opt/MVS/lib/64:/opt/MVS/lib/32:/usr/local/opencv4/lib:/usr/local/opencv4/lib PYTHONPATH=/home/sentry/Wolf-Moon/install/nav2_msgs/lib/python3.8/site-packages:/home/sentry/Wolf-Moon/install/nav2_common/lib/python3.8/site-packages:/opt/intel/openvino_2022/python/python3.8:/opt/intel/openvino_2022/python/python3:/opt/ros/galactic/lib/python3.8/site-packages:/opt/intel/openvino_2022/python/python3.8:/opt/intel/openvino_2022/python/python3 /usr/bin/cmake --build /home/sentry/Wolf-Moon/build/nav2_lifecycle_manager -- -j12 -l12
[0.111s] -- Found ament_cmake: 1.1.6 (/opt/ros/galactic/share/ament_cmake/cmake)
[0.146s] -- Using PYTHON_EXECUTABLE: /usr/bin/python3
[0.280s] -- Found geometry_msgs: 2.2.4 (/opt/ros/galactic/share/geometry_msgs/cmake)
[0.324s] -- Using all available rosidl_typesupport_c: rosidl_typesupport_fastrtps_c;rosidl_typesupport_introspection_c
[0.328s] -- Found rosidl_adapter: 2.2.3 (/opt/ros/galactic/share/rosidl_adapter/cmake)
[0.484s] -- Using all available rosidl_typesupport_cpp: rosidl_typesupport_fastrtps_cpp;rosidl_typesupport_introspection_cpp
[0.578s] -- Found lifecycle_msgs: 1.0.3 (/opt/ros/galactic/share/lifecycle_msgs/cmake)
[0.583s] -- Found nav2_common: 1.0.12 (/home/sentry/Wolf-Moon/install/nav2_common/share/nav2_common/cmake)
[0.583s] -- Found nav2_msgs: 1.0.12 (/home/sentry/Wolf-Moon/install/nav2_msgs/share/nav2_msgs/cmake)
[0.901s] -- Found nav2_util: 1.0.12 (/home/sentry/Wolf-Moon/install/nav2_util/share/nav2_util/cmake)
[0.965s] -- Found rmw_implementation_cmake: 3.3.1 (/opt/ros/galactic/share/rmw_implementation_cmake/cmake)
[0.967s] -- Found rmw_cyclonedds_cpp: 0.22.6 (/opt/ros/galactic/share/rmw_cyclonedds_cpp/cmake)
[0.982s] -- Using RMW implementation 'rmw_cyclonedds_cpp' as default
[1.302s] -- Found eigen3_cmake_module: 0.1.1 (/opt/ros/galactic/share/eigen3_cmake_module/cmake)
[1.426s] -- Found std_srvs: 2.2.4 (/opt/ros/galactic/share/std_srvs/cmake)
[1.834s] -- Found ament_lint_auto: 0.10.7 (/opt/ros/galactic/share/ament_lint_auto/cmake)
[1.879s] -- Found gtest sources under '/opt/ros/galactic/src/gtest_vendor': C++ tests using 'Google Test' will be built
[2.287s] -- Added test 'copyright' to check source files copyright and LICENSE
[2.288s] -- Added test 'cppcheck' to perform static code analysis on C / C++ code
[2.288s] -- Configured cppcheck include dirs: /home/sentry/Wolf-Moon/src/ThirdParty/navigation2/nav2_lifecycle_manager/include
[2.288s] -- Configured cppcheck exclude dirs and/or files: 
[2.288s] -- Added test 'cpplint' to check C / C++ code against the Google style
[2.289s] -- Configured cpplint exclude dirs and/or files: 
[2.289s] -- Added test 'flake8' to check Python code syntax and style conventions
[2.289s] -- Added test 'lint_cmake' to check CMake code style
[2.289s] -- Added test 'pep257' to check Python code against some of the style conventions in PEP 257
[2.290s] -- Added test 'uncrustify' to check C / C++ code style
[2.290s] -- Configured uncrustify additional arguments: 
[2.290s] -- Added test 'xmllint' to check XML markup files
[2.293s] -- Configuring done
[2.358s] -- Generating done
[2.396s] -- Build files have been written to: /home/sentry/Wolf-Moon/build/nav2_lifecycle_manager
[2.417s] [35m[1mScanning dependencies of target nav2_lifecycle_manager_core[0m
[2.435s] [ 30%] Built target gtest
[2.435s] [ 30%] Built target gtest_main
[2.436s] make[2]: Warning: File '/home/sentry/Wolf-Moon/src/ThirdParty/navigation2/nav2_lifecycle_manager/src/lifecycle_manager.cpp' has modification time 177417 s in the future
[2.446s] [ 38%] [32mBuilding CXX object CMakeFiles/nav2_lifecycle_manager_core.dir/src/lifecycle_manager_client.cpp.o[0m
[2.449s] [ 46%] [32mBuilding CXX object CMakeFiles/nav2_lifecycle_manager_core.dir/src/lifecycle_manager.cpp.o[0m
[7.824s] [ 53%] [32m[1mLinking CXX shared library libnav2_lifecycle_manager_core.so[0m
[8.015s] make[2]: warning:  Clock skew detected.  Your build may be incomplete.
[8.026s] [ 53%] Built target nav2_lifecycle_manager_core
[8.042s] [35m[1mScanning dependencies of target lifecycle_manager[0m
[8.042s] [35m[1mScanning dependencies of target test_lifecycle_gtest[0m
[8.042s] [35m[1mScanning dependencies of target test_bond_gtest[0m
[8.068s] make[2]: Warning: File '/home/sentry/Wolf-Moon/src/ThirdParty/navigation2/nav2_lifecycle_manager/src/main.cpp' has modification time 177411 s in the future
[8.075s] make[2]: Warning: File '/home/sentry/Wolf-Moon/src/ThirdParty/navigation2/nav2_lifecycle_manager/test/test_lifecycle_manager.cpp' has modification time 177411 s in the future
[8.077s] make[2]: Warning: File '/home/sentry/Wolf-Moon/src/ThirdParty/navigation2/nav2_lifecycle_manager/test/test_bond.cpp' has modification time 177411 s in the future
[8.086s] [ 61%] [32mBuilding CXX object CMakeFiles/lifecycle_manager.dir/src/main.cpp.o[0m
[8.094s] [ 69%] [32mBuilding CXX object test/CMakeFiles/test_lifecycle_gtest.dir/test_lifecycle_manager.cpp.o[0m
[8.094s] [ 76%] [32mBuilding CXX object test/CMakeFiles/test_bond_gtest.dir/test_bond.cpp.o[0m
[9.881s] [ 84%] [32m[1mLinking CXX executable lifecycle_manager[0m
[10.069s] make[2]: warning:  Clock skew detected.  Your build may be incomplete.
[10.080s] [ 84%] Built target lifecycle_manager
[10.831s] [ 92%] [32m[1mLinking CXX executable test_lifecycle_gtest[0m
[10.969s] make[2]: warning:  Clock skew detected.  Your build may be incomplete.
[10.975s] [ 92%] Built target test_lifecycle_gtest
[13.191s] [100%] [32m[1mLinking CXX executable test_bond_gtest[0m
[13.424s] make[2]: warning:  Clock skew detected.  Your build may be incomplete.
[13.435s] [100%] Built target test_bond_gtest
[13.448s] Invoked command in '/home/sentry/Wolf-Moon/build/nav2_lifecycle_manager' returned '0': AMENT_PREFIX_PATH=/home/sentry/Wolf-Moon/install/nav2_util:/home/sentry/Wolf-Moon/install/nav2_msgs:/home/sentry/Wolf-Moon/install/nav2_common:${AMENT_PREFIX_PATH} CMAKE_PREFIX_PATH=/home/sentry/Wolf-Moon/install/nav2_util:/home/sentry/Wolf-Moon/install/nav2_msgs:/home/sentry/Wolf-Moon/install/nav2_common:/opt/ros/galactic LD_LIBRARY_PATH=/home/sentry/Wolf-Moon/install/nav2_util/lib:/home/sentry/Wolf-Moon/install/nav2_msgs/lib:/opt/MVS/lib/64:/opt/MVS/lib/32:/home/sentry/TUP2024-Sentry-Framework/src/IG_LIO_SLAM/ThirdParty/octomap-Dynamic_point_cloud_removal/lib:/opt/intel/openvino_2022/tools/compile_tool:/opt/intel/openvino_2022/runtime/3rdparty/hddl/lib:/opt/intel/openvino_2022/runtime/lib/intel64:/opt/MVS/lib/64:/opt/MVS/lib/32:/usr/lib/x86_64-linux-gnu/gazebo-11/plugins:/opt/ros/galactic/opt/yaml_cpp_vendor/lib:/opt/ros/galactic/opt/rviz_ogre_vendor/lib:/opt/ros/galactic/lib/x86_64-linux-gnu:/opt/ros/galactic/lib:/home/sentry/TUP2024-Sentry-Framework/src/IG_LIO_SLAM/ThirdParty/octomap-Dynamic_point_cloud_removal/lib:/opt/intel/openvino_2022/tools/compile_tool:/opt/intel/openvino_2022/runtime/3rdparty/hddl/lib:/opt/intel/openvino_2022/runtime/lib/intel64:/opt/MVS/lib/64:/opt/MVS/lib/32:/opt/MVS/lib/64:/opt/MVS/lib/32:/usr/local/opencv4/lib:/usr/local/opencv4/lib PYTHONPATH=/home/sentry/Wolf-Moon/install/nav2_msgs/lib/python3.8/site-packages:/home/sentry/Wolf-Moon/install/nav2_common/lib/python3.8/site-packages:/opt/intel/openvino_2022/python/python3.8:/opt/intel/openvino_2022/python/python3:/opt/ros/galactic/lib/python3.8/site-packages:/opt/intel/openvino_2022/python/python3.8:/opt/intel/openvino_2022/python/python3 /usr/bin/cmake --build /home/sentry/Wolf-Moon/build/nav2_lifecycle_manager -- -j12 -l12
[13.452s] Invoking command in '/home/sentry/Wolf-Moon/build/nav2_lifecycle_manager': AMENT_PREFIX_PATH=/home/sentry/Wolf-Moon/install/nav2_util:/home/sentry/Wolf-Moon/install/nav2_msgs:/home/sentry/Wolf-Moon/install/nav2_common:${AMENT_PREFIX_PATH} CMAKE_PREFIX_PATH=/home/sentry/Wolf-Moon/install/nav2_util:/home/sentry/Wolf-Moon/install/nav2_msgs:/home/sentry/Wolf-Moon/install/nav2_common:/opt/ros/galactic LD_LIBRARY_PATH=/home/sentry/Wolf-Moon/install/nav2_util/lib:/home/sentry/Wolf-Moon/install/nav2_msgs/lib:/opt/MVS/lib/64:/opt/MVS/lib/32:/home/sentry/TUP2024-Sentry-Framework/src/IG_LIO_SLAM/ThirdParty/octomap-Dynamic_point_cloud_removal/lib:/opt/intel/openvino_2022/tools/compile_tool:/opt/intel/openvino_2022/runtime/3rdparty/hddl/lib:/opt/intel/openvino_2022/runtime/lib/intel64:/opt/MVS/lib/64:/opt/MVS/lib/32:/usr/lib/x86_64-linux-gnu/gazebo-11/plugins:/opt/ros/galactic/opt/yaml_cpp_vendor/lib:/opt/ros/galactic/opt/rviz_ogre_vendor/lib:/opt/ros/galactic/lib/x86_64-linux-gnu:/opt/ros/galactic/lib:/home/sentry/TUP2024-Sentry-Framework/src/IG_LIO_SLAM/ThirdParty/octomap-Dynamic_point_cloud_removal/lib:/opt/intel/openvino_2022/tools/compile_tool:/opt/intel/openvino_2022/runtime/3rdparty/hddl/lib:/opt/intel/openvino_2022/runtime/lib/intel64:/opt/MVS/lib/64:/opt/MVS/lib/32:/opt/MVS/lib/64:/opt/MVS/lib/32:/usr/local/opencv4/lib:/usr/local/opencv4/lib PYTHONPATH=/home/sentry/Wolf-Moon/install/nav2_msgs/lib/python3.8/site-packages:/home/sentry/Wolf-Moon/install/nav2_common/lib/python3.8/site-packages:/opt/intel/openvino_2022/python/python3.8:/opt/intel/openvino_2022/python/python3:/opt/ros/galactic/lib/python3.8/site-packages:/opt/intel/openvino_2022/python/python3.8:/opt/intel/openvino_2022/python/python3 /usr/bin/cmake --install /home/sentry/Wolf-Moon/build/nav2_lifecycle_manager
[13.462s] -- Install configuration: "Release"
[13.463s] -- Installing: /home/sentry/Wolf-Moon/install/nav2_lifecycle_manager/lib/libnav2_lifecycle_manager_core.so
[13.463s] -- Set runtime path of "/home/sentry/Wolf-Moon/install/nav2_lifecycle_manager/lib/libnav2_lifecycle_manager_core.so" to ""
[13.464s] -- Installing: /home/sentry/Wolf-Moon/install/nav2_lifecycle_manager/lib/nav2_lifecycle_manager/lifecycle_manager
[13.464s] -- Set runtime path of "/home/sentry/Wolf-Moon/install/nav2_lifecycle_manager/lib/nav2_lifecycle_manager/lifecycle_manager" to ""
[13.464s] -- Up-to-date: /home/sentry/Wolf-Moon/install/nav2_lifecycle_manager/include/
[13.465s] -- Up-to-date: /home/sentry/Wolf-Moon/install/nav2_lifecycle_manager/include//nav2_lifecycle_manager
[13.465s] -- Up-to-date: /home/sentry/Wolf-Moon/install/nav2_lifecycle_manager/include//nav2_lifecycle_manager/lifecycle_manager.hpp
[13.465s] -- Up-to-date: /home/sentry/Wolf-Moon/install/nav2_lifecycle_manager/include//nav2_lifecycle_manager/lifecycle_manager_client.hpp
[13.465s] -- Up-to-date: /home/sentry/Wolf-Moon/install/nav2_lifecycle_manager/share/nav2_lifecycle_manager/environment/library_path.sh
[13.465s] -- Installing: /home/sentry/Wolf-Moon/install/nav2_lifecycle_manager/share/nav2_lifecycle_manager/environment/library_path.dsv
[13.465s] -- Up-to-date: /home/sentry/Wolf-Moon/install/nav2_lifecycle_manager/share/ament_index/resource_index/package_run_dependencies/nav2_lifecycle_manager
[13.465s] -- Up-to-date: /home/sentry/Wolf-Moon/install/nav2_lifecycle_manager/share/ament_index/resource_index/parent_prefix_path/nav2_lifecycle_manager
[13.466s] -- Up-to-date: /home/sentry/Wolf-Moon/install/nav2_lifecycle_manager/share/nav2_lifecycle_manager/environment/ament_prefix_path.sh
[13.466s] -- Installing: /home/sentry/Wolf-Moon/install/nav2_lifecycle_manager/share/nav2_lifecycle_manager/environment/ament_prefix_path.dsv
[13.466s] -- Up-to-date: /home/sentry/Wolf-Moon/install/nav2_lifecycle_manager/share/nav2_lifecycle_manager/environment/path.sh
[13.466s] -- Installing: /home/sentry/Wolf-Moon/install/nav2_lifecycle_manager/share/nav2_lifecycle_manager/environment/path.dsv
[13.466s] -- Up-to-date: /home/sentry/Wolf-Moon/install/nav2_lifecycle_manager/share/nav2_lifecycle_manager/local_setup.bash
[13.466s] -- Up-to-date: /home/sentry/Wolf-Moon/install/nav2_lifecycle_manager/share/nav2_lifecycle_manager/local_setup.sh
[13.466s] -- Up-to-date: /home/sentry/Wolf-Moon/install/nav2_lifecycle_manager/share/nav2_lifecycle_manager/local_setup.zsh
[13.466s] -- Installing: /home/sentry/Wolf-Moon/install/nav2_lifecycle_manager/share/nav2_lifecycle_manager/local_setup.dsv
[13.466s] -- Installing: /home/sentry/Wolf-Moon/install/nav2_lifecycle_manager/share/nav2_lifecycle_manager/package.dsv
[13.466s] -- Up-to-date: /home/sentry/Wolf-Moon/install/nav2_lifecycle_manager/share/ament_index/resource_index/packages/nav2_lifecycle_manager
[13.467s] -- Up-to-date: /home/sentry/Wolf-Moon/install/nav2_lifecycle_manager/share/nav2_lifecycle_manager/cmake/ament_cmake_export_include_directories-extras.cmake
[13.467s] -- Up-to-date: /home/sentry/Wolf-Moon/install/nav2_lifecycle_manager/share/nav2_lifecycle_manager/cmake/ament_cmake_export_libraries-extras.cmake
[13.467s] -- Up-to-date: /home/sentry/Wolf-Moon/install/nav2_lifecycle_manager/share/nav2_lifecycle_manager/cmake/ament_cmake_export_dependencies-extras.cmake
[13.467s] -- Up-to-date: /home/sentry/Wolf-Moon/install/nav2_lifecycle_manager/share/nav2_lifecycle_manager/cmake/nav2_lifecycle_managerConfig.cmake
[13.467s] -- Up-to-date: /home/sentry/Wolf-Moon/install/nav2_lifecycle_manager/share/nav2_lifecycle_manager/cmake/nav2_lifecycle_managerConfig-version.cmake
[13.467s] -- Up-to-date: /home/sentry/Wolf-Moon/install/nav2_lifecycle_manager/share/nav2_lifecycle_manager/package.xml
[13.468s] Invoked command in '/home/sentry/Wolf-Moon/build/nav2_lifecycle_manager' returned '0': AMENT_PREFIX_PATH=/home/sentry/Wolf-Moon/install/nav2_util:/home/sentry/Wolf-Moon/install/nav2_msgs:/home/sentry/Wolf-Moon/install/nav2_common:${AMENT_PREFIX_PATH} CMAKE_PREFIX_PATH=/home/sentry/Wolf-Moon/install/nav2_util:/home/sentry/Wolf-Moon/install/nav2_msgs:/home/sentry/Wolf-Moon/install/nav2_common:/opt/ros/galactic LD_LIBRARY_PATH=/home/sentry/Wolf-Moon/install/nav2_util/lib:/home/sentry/Wolf-Moon/install/nav2_msgs/lib:/opt/MVS/lib/64:/opt/MVS/lib/32:/home/sentry/TUP2024-Sentry-Framework/src/IG_LIO_SLAM/ThirdParty/octomap-Dynamic_point_cloud_removal/lib:/opt/intel/openvino_2022/tools/compile_tool:/opt/intel/openvino_2022/runtime/3rdparty/hddl/lib:/opt/intel/openvino_2022/runtime/lib/intel64:/opt/MVS/lib/64:/opt/MVS/lib/32:/usr/lib/x86_64-linux-gnu/gazebo-11/plugins:/opt/ros/galactic/opt/yaml_cpp_vendor/lib:/opt/ros/galactic/opt/rviz_ogre_vendor/lib:/opt/ros/galactic/lib/x86_64-linux-gnu:/opt/ros/galactic/lib:/home/sentry/TUP2024-Sentry-Framework/src/IG_LIO_SLAM/ThirdParty/octomap-Dynamic_point_cloud_removal/lib:/opt/intel/openvino_2022/tools/compile_tool:/opt/intel/openvino_2022/runtime/3rdparty/hddl/lib:/opt/intel/openvino_2022/runtime/lib/intel64:/opt/MVS/lib/64:/opt/MVS/lib/32:/opt/MVS/lib/64:/opt/MVS/lib/32:/usr/local/opencv4/lib:/usr/local/opencv4/lib PYTHONPATH=/home/sentry/Wolf-Moon/install/nav2_msgs/lib/python3.8/site-packages:/home/sentry/Wolf-Moon/install/nav2_common/lib/python3.8/site-packages:/opt/intel/openvino_2022/python/python3.8:/opt/intel/openvino_2022/python/python3:/opt/ros/galactic/lib/python3.8/site-packages:/opt/intel/openvino_2022/python/python3.8:/opt/intel/openvino_2022/python/python3 /usr/bin/cmake --install /home/sentry/Wolf-Moon/build/nav2_lifecycle_manager
